[0.032s] Invoking command in '/home/hima/bachelors/rbkairos_ws/build/robotnik_gazebo_ignition': CMAKE_PREFIX_PATH=/home/hima/bachelors/rbkairos_ws/install/robotnik_description:/home/hima/bachelors/rbkairos_ws/install/robotnik_sensors:/home/hima/bachelors/rbkairos_ws/install/robotnik_common:/home/hima/bachelors/rbkairos_ws/install/ros2_laser_scan_merger:/home/hima/bachelors/rbkairos_ws/install/ros2_laser_scan_matcher:/home/hima/bachelors/rbkairos_ws/install/robotnik_supervisor_msgs:/home/hima/bachelors/rbkairos_ws/install/robotnik_gazebo_ignition:/home/hima/bachelors/rbkairos_ws/install/robotnik_gazebo_classic:/home/hima/bachelors/rbkairos_ws/install/mapping:/home/hima/bachelors/rbkairos_ws/install/robotnik_interfaces:/home/hima/bachelors/rbkairos_ws/install/robotnik_safety_msgs:/home/hima/bachelors/rbkairos_ws/install/robotnik_perception_msgs:/home/hima/bachelors/rbkairos_ws/install/robotnik_navigation_msgs:/home/hima/bachelors/rbkairos_ws/install/robotnik_io_msgs:/home/hima/bachelors/rbkairos_ws/install/robotnik_controllers_msgs:/home/hima/bachelors/rbkairos_ws/install/robotnik_common_msgs:/home/hima/bachelors/rbkairos_ws/install/robotnik_battery_msgs:/home/hima/bachelors/rbkairos_ws/install/csm:/opt/ros/humble /usr/bin/cmake --build /home/hima/bachelors/rbkairos_ws/build/robotnik_gazebo_ignition -- -j16 -l16
[0.088s] Invoked command in '/home/hima/bachelors/rbkairos_ws/build/robotnik_gazebo_ignition' returned '0': CMAKE_PREFIX_PATH=/home/hima/bachelors/rbkairos_ws/install/robotnik_description:/home/hima/bachelors/rbkairos_ws/install/robotnik_sensors:/home/hima/bachelors/rbkairos_ws/install/robotnik_common:/home/hima/bachelors/rbkairos_ws/install/ros2_laser_scan_merger:/home/hima/bachelors/rbkairos_ws/install/ros2_laser_scan_matcher:/home/hima/bachelors/rbkairos_ws/install/robotnik_supervisor_msgs:/home/hima/bachelors/rbkairos_ws/install/robotnik_gazebo_ignition:/home/hima/bachelors/rbkairos_ws/install/robotnik_gazebo_classic:/home/hima/bachelors/rbkairos_ws/install/mapping:/home/hima/bachelors/rbkairos_ws/install/robotnik_interfaces:/home/hima/bachelors/rbkairos_ws/install/robotnik_safety_msgs:/home/hima/bachelors/rbkairos_ws/install/robotnik_perception_msgs:/home/hima/bachelors/rbkairos_ws/install/robotnik_navigation_msgs:/home/hima/bachelors/rbkairos_ws/install/robotnik_io_msgs:/home/hima/bachelors/rbkairos_ws/install/robotnik_controllers_msgs:/home/hima/bachelors/rbkairos_ws/install/robotnik_common_msgs:/home/hima/bachelors/rbkairos_ws/install/robotnik_battery_msgs:/home/hima/bachelors/rbkairos_ws/install/csm:/opt/ros/humble /usr/bin/cmake --build /home/hima/bachelors/rbkairos_ws/build/robotnik_gazebo_ignition -- -j16 -l16
[0.093s] Invoking command in '/home/hima/bachelors/rbkairos_ws/build/robotnik_gazebo_ignition': CMAKE_PREFIX_PATH=/home/hima/bachelors/rbkairos_ws/install/robotnik_description:/home/hima/bachelors/rbkairos_ws/install/robotnik_sensors:/home/hima/bachelors/rbkairos_ws/install/robotnik_common:/home/hima/bachelors/rbkairos_ws/install/ros2_laser_scan_merger:/home/hima/bachelors/rbkairos_ws/install/ros2_laser_scan_matcher:/home/hima/bachelors/rbkairos_ws/install/robotnik_supervisor_msgs:/home/hima/bachelors/rbkairos_ws/install/robotnik_gazebo_ignition:/home/hima/bachelors/rbkairos_ws/install/robotnik_gazebo_classic:/home/hima/bachelors/rbkairos_ws/install/mapping:/home/hima/bachelors/rbkairos_ws/install/robotnik_interfaces:/home/hima/bachelors/rbkairos_ws/install/robotnik_safety_msgs:/home/hima/bachelors/rbkairos_ws/install/robotnik_perception_msgs:/home/hima/bachelors/rbkairos_ws/install/robotnik_navigation_msgs:/home/hima/bachelors/rbkairos_ws/install/robotnik_io_msgs:/home/hima/bachelors/rbkairos_ws/install/robotnik_controllers_msgs:/home/hima/bachelors/rbkairos_ws/install/robotnik_common_msgs:/home/hima/bachelors/rbkairos_ws/install/robotnik_battery_msgs:/home/hima/bachelors/rbkairos_ws/install/csm:/opt/ros/humble /usr/bin/cmake --install /home/hima/bachelors/rbkairos_ws/build/robotnik_gazebo_ignition
[0.117s] -- Install configuration: ""
[0.117s] -- Up-to-date: /home/hima/bachelors/rbkairos_ws/install/robotnik_gazebo_ignition/share/robotnik_gazebo_ignition//launch
[0.119s] -- Up-to-date: /home/hima/bachelors/rbkairos_ws/install/robotnik_gazebo_ignition/share/robotnik_gazebo_ignition//launch/spawn_robot.launch.py
[0.120s] -- Up-to-date: /home/hima/bachelors/rbkairos_ws/install/robotnik_gazebo_ignition/share/robotnik_gazebo_ignition//launch/spawn_world.launch.py
[0.120s] -- Up-to-date: /home/hima/bachelors/rbkairos_ws/install/robotnik_gazebo_ignition/share/robotnik_gazebo_ignition//config
[0.120s] -- Up-to-date: /home/hima/bachelors/rbkairos_ws/install/robotnik_gazebo_ignition/share/robotnik_gazebo_ignition//config/rbrobout
[0.120s] -- Up-to-date: /home/hima/bachelors/rbkairos_ws/install/robotnik_gazebo_ignition/share/robotnik_gazebo_ignition//config/rbrobout/rbrobout_controller_params.yaml
[0.120s] -- Up-to-date: /home/hima/bachelors/rbkairos_ws/install/robotnik_gazebo_ignition/share/robotnik_gazebo_ignition//config/rbrobout/bridge.yaml
[0.121s] -- Up-to-date: /home/hima/bachelors/rbkairos_ws/install/robotnik_gazebo_ignition/share/robotnik_gazebo_ignition//config/rbrobout/rviz_config.rviz
[0.121s] -- Up-to-date: /home/hima/bachelors/rbkairos_ws/install/robotnik_gazebo_ignition/share/robotnik_gazebo_ignition//config/rbtheron
[0.123s] -- Up-to-date: /home/hima/bachelors/rbkairos_ws/install/robotnik_gazebo_ignition/share/robotnik_gazebo_ignition//config/rbtheron/rbtheron_controller_params.yaml
[0.123s] -- Up-to-date: /home/hima/bachelors/rbkairos_ws/install/robotnik_gazebo_ignition/share/robotnik_gazebo_ignition//config/rbtheron/bridge.yaml
[0.123s] -- Up-to-date: /home/hima/bachelors/rbkairos_ws/install/robotnik_gazebo_ignition/share/robotnik_gazebo_ignition//config/rbtheron/rviz_config.rviz
[0.123s] -- Up-to-date: /home/hima/bachelors/rbkairos_ws/install/robotnik_gazebo_ignition/share/robotnik_gazebo_ignition//config/rbkairos
[0.123s] -- Up-to-date: /home/hima/bachelors/rbkairos_ws/install/robotnik_gazebo_ignition/share/robotnik_gazebo_ignition//config/rbkairos/bridge.yaml
[0.123s] -- Up-to-date: /home/hima/bachelors/rbkairos_ws/install/robotnik_gazebo_ignition/share/robotnik_gazebo_ignition//config/rbkairos/rbkairos_controller_params.yaml
[0.123s] -- Up-to-date: /home/hima/bachelors/rbkairos_ws/install/robotnik_gazebo_ignition/share/robotnik_gazebo_ignition//config/rbkairos/rviz_config.rviz
[0.123s] -- Up-to-date: /home/hima/bachelors/rbkairos_ws/install/robotnik_gazebo_ignition/share/robotnik_gazebo_ignition//config/rbvogui
[0.123s] -- Up-to-date: /home/hima/bachelors/rbkairos_ws/install/robotnik_gazebo_ignition/share/robotnik_gazebo_ignition//config/rbvogui/rbvogui_controller_params.yaml
[0.123s] -- Up-to-date: /home/hima/bachelors/rbkairos_ws/install/robotnik_gazebo_ignition/share/robotnik_gazebo_ignition//config/rbvogui/bridge.yaml
[0.123s] -- Up-to-date: /home/hima/bachelors/rbkairos_ws/install/robotnik_gazebo_ignition/share/robotnik_gazebo_ignition//config/rbvogui/rviz_config.rviz
[0.123s] -- Up-to-date: /home/hima/bachelors/rbkairos_ws/install/robotnik_gazebo_ignition/share/robotnik_gazebo_ignition//config/rbsummit
[0.123s] -- Up-to-date: /home/hima/bachelors/rbkairos_ws/install/robotnik_gazebo_ignition/share/robotnik_gazebo_ignition//config/rbsummit/rbsummit_controller_params.yaml
[0.124s] -- Up-to-date: /home/hima/bachelors/rbkairos_ws/install/robotnik_gazebo_ignition/share/robotnik_gazebo_ignition//config/rbsummit/bridge.yaml
[0.124s] -- Up-to-date: /home/hima/bachelors/rbkairos_ws/install/robotnik_gazebo_ignition/share/robotnik_gazebo_ignition//config/rbsummit/rviz_config.rviz
[0.124s] -- Up-to-date: /home/hima/bachelors/rbkairos_ws/install/robotnik_gazebo_ignition/share/robotnik_gazebo_ignition//worlds
[0.124s] -- Up-to-date: /home/hima/bachelors/rbkairos_ws/install/robotnik_gazebo_ignition/share/robotnik_gazebo_ignition//worlds/demo1.sdf.world
[0.124s] -- Up-to-date: /home/hima/bachelors/rbkairos_ws/install/robotnik_gazebo_ignition/share/robotnik_gazebo_ignition//worlds/factory.sdf.world
[0.124s] -- Up-to-date: /home/hima/bachelors/rbkairos_ws/install/robotnik_gazebo_ignition/share/robotnik_gazebo_ignition//worlds/demo.sdf.world
[0.124s] -- Up-to-date: /home/hima/bachelors/rbkairos_ws/install/robotnik_gazebo_ignition/share/robotnik_gazebo_ignition//worlds/factory (copy).sdf
[0.124s] -- Up-to-date: /home/hima/bachelors/rbkairos_ws/install/robotnik_gazebo_ignition/share/robotnik_gazebo_ignition//worlds/factory1.sdf
[0.124s] -- Up-to-date: /home/hima/bachelors/rbkairos_ws/install/robotnik_gazebo_ignition/share/robotnik_gazebo_ignition//worlds/factory.sdf
[0.124s] -- Up-to-date: /home/hima/bachelors/rbkairos_ws/install/robotnik_gazebo_ignition/share/ament_index/resource_index/package_run_dependencies/robotnik_gazebo_ignition
[0.124s] -- Up-to-date: /home/hima/bachelors/rbkairos_ws/install/robotnik_gazebo_ignition/share/ament_index/resource_index/parent_prefix_path/robotnik_gazebo_ignition
[0.124s] -- Up-to-date: /home/hima/bachelors/rbkairos_ws/install/robotnik_gazebo_ignition/share/robotnik_gazebo_ignition/environment/ament_prefix_path.sh
[0.124s] -- Up-to-date: /home/hima/bachelors/rbkairos_ws/install/robotnik_gazebo_ignition/share/robotnik_gazebo_ignition/environment/ament_prefix_path.dsv
[0.125s] -- Up-to-date: /home/hima/bachelors/rbkairos_ws/install/robotnik_gazebo_ignition/share/robotnik_gazebo_ignition/environment/path.sh
[0.125s] -- Up-to-date: /home/hima/bachelors/rbkairos_ws/install/robotnik_gazebo_ignition/share/robotnik_gazebo_ignition/environment/path.dsv
[0.125s] -- Up-to-date: /home/hima/bachelors/rbkairos_ws/install/robotnik_gazebo_ignition/share/robotnik_gazebo_ignition/local_setup.bash
[0.125s] -- Up-to-date: /home/hima/bachelors/rbkairos_ws/install/robotnik_gazebo_ignition/share/robotnik_gazebo_ignition/local_setup.sh
[0.125s] -- Up-to-date: /home/hima/bachelors/rbkairos_ws/install/robotnik_gazebo_ignition/share/robotnik_gazebo_ignition/local_setup.zsh
[0.125s] -- Up-to-date: /home/hima/bachelors/rbkairos_ws/install/robotnik_gazebo_ignition/share/robotnik_gazebo_ignition/local_setup.dsv
[0.125s] -- Installing: /home/hima/bachelors/rbkairos_ws/install/robotnik_gazebo_ignition/share/robotnik_gazebo_ignition/package.dsv
[0.125s] -- Up-to-date: /home/hima/bachelors/rbkairos_ws/install/robotnik_gazebo_ignition/share/ament_index/resource_index/packages/robotnik_gazebo_ignition
[0.125s] -- Up-to-date: /home/hima/bachelors/rbkairos_ws/install/robotnik_gazebo_ignition/share/robotnik_gazebo_ignition/cmake/robotnik_gazebo_ignitionConfig.cmake
[0.128s] -- Up-to-date: /home/hima/bachelors/rbkairos_ws/install/robotnik_gazebo_ignition/share/robotnik_gazebo_ignition/cmake/robotnik_gazebo_ignitionConfig-version.cmake
[0.128s] -- Up-to-date: /home/hima/bachelors/rbkairos_ws/install/robotnik_gazebo_ignition/share/robotnik_gazebo_ignition/package.xml
[0.135s] Invoked command in '/home/hima/bachelors/rbkairos_ws/build/robotnik_gazebo_ignition' returned '0': CMAKE_PREFIX_PATH=/home/hima/bachelors/rbkairos_ws/install/robotnik_description:/home/hima/bachelors/rbkairos_ws/install/robotnik_sensors:/home/hima/bachelors/rbkairos_ws/install/robotnik_common:/home/hima/bachelors/rbkairos_ws/install/ros2_laser_scan_merger:/home/hima/bachelors/rbkairos_ws/install/ros2_laser_scan_matcher:/home/hima/bachelors/rbkairos_ws/install/robotnik_supervisor_msgs:/home/hima/bachelors/rbkairos_ws/install/robotnik_gazebo_ignition:/home/hima/bachelors/rbkairos_ws/install/robotnik_gazebo_classic:/home/hima/bachelors/rbkairos_ws/install/mapping:/home/hima/bachelors/rbkairos_ws/install/robotnik_interfaces:/home/hima/bachelors/rbkairos_ws/install/robotnik_safety_msgs:/home/hima/bachelors/rbkairos_ws/install/robotnik_perception_msgs:/home/hima/bachelors/rbkairos_ws/install/robotnik_navigation_msgs:/home/hima/bachelors/rbkairos_ws/install/robotnik_io_msgs:/home/hima/bachelors/rbkairos_ws/install/robotnik_controllers_msgs:/home/hima/bachelors/rbkairos_ws/install/robotnik_common_msgs:/home/hima/bachelors/rbkairos_ws/install/robotnik_battery_msgs:/home/hima/bachelors/rbkairos_ws/install/csm:/opt/ros/humble /usr/bin/cmake --install /home/hima/bachelors/rbkairos_ws/build/robotnik_gazebo_ignition
