[0.016s] Invoking command in '/home/hima/bachelors/rbkairos_ws/build/robotnik_supervisor_msgs': CMAKE_PREFIX_PATH=/home/hima/bachelors/rbkairos_ws/install/robotnik_common_msgs:/home/hima/bachelors/rbkairos_ws/install/ros2_laser_scan_merger:/home/hima/bachelors/rbkairos_ws/install/ros2_laser_scan_matcher:/home/hima/bachelors/rbkairos_ws/install/robotnik_supervisor_msgs:/home/hima/bachelors/rbkairos_ws/install/robotnik_gazebo_ignition:/home/hima/bachelors/rbkairos_ws/install/robotnik_gazebo_classic:/home/hima/bachelors/rbkairos_ws/install/mapping:/home/hima/bachelors/rbkairos_ws/install/robotnik_description:/home/hima/bachelors/rbkairos_ws/install/robotnik_sensors:/home/hima/bachelors/rbkairos_ws/install/robotnik_interfaces:/home/hima/bachelors/rbkairos_ws/install/robotnik_safety_msgs:/home/hima/bachelors/rbkairos_ws/install/robotnik_perception_msgs:/home/hima/bachelors/rbkairos_ws/install/robotnik_navigation_msgs:/home/hima/bachelors/rbkairos_ws/install/robotnik_io_msgs:/home/hima/bachelors/rbkairos_ws/install/robotnik_controllers_msgs:/home/hima/bachelors/rbkairos_ws/install/robotnik_common:/home/hima/bachelors/rbkairos_ws/install/robotnik_battery_msgs:/home/hima/bachelors/rbkairos_ws/install/csm:/opt/ros/humble LD_LIBRARY_PATH=/home/hima/bachelors/rbkairos_ws/install/robotnik_common_msgs/lib:/home/hima/bachelors/rbkairos_ws/install/robotnik_supervisor_msgs/lib:/home/hima/bachelors/rbkairos_ws/install/robotnik_perception_msgs/lib:/home/hima/bachelors/rbkairos_ws/install/robotnik_navigation_msgs/lib:/home/hima/bachelors/rbkairos_ws/install/robotnik_io_msgs/lib:/home/hima/bachelors/rbkairos_ws/install/robotnik_controllers_msgs/lib:/home/hima/bachelors/rbkairos_ws/install/robotnik_battery_msgs/lib:/home/hima/bachelors/rbkairos_ws/install/csm/lib:/usr/lib/x86_64-linux-gnu/gazebo-11/plugins:/opt/ros/humble/opt/rviz_ogre_vendor/lib:/opt/ros/humble/lib/x86_64-linux-gnu:/opt/ros/humble/lib /usr/bin/cmake --build /home/hima/bachelors/rbkairos_ws/build/robotnik_supervisor_msgs -- -j16 -l16
[0.084s] [  0%] Built target robotnik_supervisor_msgs__cpp
[0.089s] [ 12%] Built target robotnik_supervisor_msgs__rosidl_generator_c
[0.106s] [ 12%] Built target ament_cmake_python_copy_robotnik_supervisor_msgs
[0.124s] [ 24%] Built target robotnik_supervisor_msgs__rosidl_typesupport_cpp
[0.130s] [ 35%] Built target robotnik_supervisor_msgs__rosidl_typesupport_c
[0.138s] [ 47%] Built target robotnik_supervisor_msgs__rosidl_typesupport_introspection_cpp
[0.138s] [ 59%] Built target robotnik_supervisor_msgs__rosidl_typesupport_introspection_c
[0.140s] [ 70%] Built target robotnik_supervisor_msgs__rosidl_typesupport_fastrtps_cpp
[0.142s] [ 82%] Built target robotnik_supervisor_msgs__rosidl_typesupport_fastrtps_c
[0.168s] [ 82%] Built target robotnik_supervisor_msgs
[0.192s] [ 83%] Built target robotnik_supervisor_msgs__py
[0.225s] [ 94%] Built target robotnik_supervisor_msgs__rosidl_generator_py
[0.251s] [ 96%] Built target robotnik_supervisor_msgs__rosidl_typesupport_introspection_c__pyext
[0.253s] [ 98%] Built target robotnik_supervisor_msgs__rosidl_typesupport_fastrtps_c__pyext
[0.260s] [100%] Built target robotnik_supervisor_msgs__rosidl_typesupport_c__pyext
[0.361s] running egg_info
[0.362s] writing robotnik_supervisor_msgs.egg-info/PKG-INFO
[0.362s] writing dependency_links to robotnik_supervisor_msgs.egg-info/dependency_links.txt
[0.362s] writing top-level names to robotnik_supervisor_msgs.egg-info/top_level.txt
[0.365s] reading manifest file 'robotnik_supervisor_msgs.egg-info/SOURCES.txt'
[0.366s] writing manifest file 'robotnik_supervisor_msgs.egg-info/SOURCES.txt'
[0.391s] [100%] Built target ament_cmake_python_build_robotnik_supervisor_msgs_egg
[0.402s] Invoked command in '/home/hima/bachelors/rbkairos_ws/build/robotnik_supervisor_msgs' returned '0': CMAKE_PREFIX_PATH=/home/hima/bachelors/rbkairos_ws/install/robotnik_common_msgs:/home/hima/bachelors/rbkairos_ws/install/ros2_laser_scan_merger:/home/hima/bachelors/rbkairos_ws/install/ros2_laser_scan_matcher:/home/hima/bachelors/rbkairos_ws/install/robotnik_supervisor_msgs:/home/hima/bachelors/rbkairos_ws/install/robotnik_gazebo_ignition:/home/hima/bachelors/rbkairos_ws/install/robotnik_gazebo_classic:/home/hima/bachelors/rbkairos_ws/install/mapping:/home/hima/bachelors/rbkairos_ws/install/robotnik_description:/home/hima/bachelors/rbkairos_ws/install/robotnik_sensors:/home/hima/bachelors/rbkairos_ws/install/robotnik_interfaces:/home/hima/bachelors/rbkairos_ws/install/robotnik_safety_msgs:/home/hima/bachelors/rbkairos_ws/install/robotnik_perception_msgs:/home/hima/bachelors/rbkairos_ws/install/robotnik_navigation_msgs:/home/hima/bachelors/rbkairos_ws/install/robotnik_io_msgs:/home/hima/bachelors/rbkairos_ws/install/robotnik_controllers_msgs:/home/hima/bachelors/rbkairos_ws/install/robotnik_common:/home/hima/bachelors/rbkairos_ws/install/robotnik_battery_msgs:/home/hima/bachelors/rbkairos_ws/install/csm:/opt/ros/humble LD_LIBRARY_PATH=/home/hima/bachelors/rbkairos_ws/install/robotnik_common_msgs/lib:/home/hima/bachelors/rbkairos_ws/install/robotnik_supervisor_msgs/lib:/home/hima/bachelors/rbkairos_ws/install/robotnik_perception_msgs/lib:/home/hima/bachelors/rbkairos_ws/install/robotnik_navigation_msgs/lib:/home/hima/bachelors/rbkairos_ws/install/robotnik_io_msgs/lib:/home/hima/bachelors/rbkairos_ws/install/robotnik_controllers_msgs/lib:/home/hima/bachelors/rbkairos_ws/install/robotnik_battery_msgs/lib:/home/hima/bachelors/rbkairos_ws/install/csm/lib:/usr/lib/x86_64-linux-gnu/gazebo-11/plugins:/opt/ros/humble/opt/rviz_ogre_vendor/lib:/opt/ros/humble/lib/x86_64-linux-gnu:/opt/ros/humble/lib /usr/bin/cmake --build /home/hima/bachelors/rbkairos_ws/build/robotnik_supervisor_msgs -- -j16 -l16
[0.404s] Invoking command in '/home/hima/bachelors/rbkairos_ws/build/robotnik_supervisor_msgs': CMAKE_PREFIX_PATH=/home/hima/bachelors/rbkairos_ws/install/robotnik_common_msgs:/home/hima/bachelors/rbkairos_ws/install/ros2_laser_scan_merger:/home/hima/bachelors/rbkairos_ws/install/ros2_laser_scan_matcher:/home/hima/bachelors/rbkairos_ws/install/robotnik_supervisor_msgs:/home/hima/bachelors/rbkairos_ws/install/robotnik_gazebo_ignition:/home/hima/bachelors/rbkairos_ws/install/robotnik_gazebo_classic:/home/hima/bachelors/rbkairos_ws/install/mapping:/home/hima/bachelors/rbkairos_ws/install/robotnik_description:/home/hima/bachelors/rbkairos_ws/install/robotnik_sensors:/home/hima/bachelors/rbkairos_ws/install/robotnik_interfaces:/home/hima/bachelors/rbkairos_ws/install/robotnik_safety_msgs:/home/hima/bachelors/rbkairos_ws/install/robotnik_perception_msgs:/home/hima/bachelors/rbkairos_ws/install/robotnik_navigation_msgs:/home/hima/bachelors/rbkairos_ws/install/robotnik_io_msgs:/home/hima/bachelors/rbkairos_ws/install/robotnik_controllers_msgs:/home/hima/bachelors/rbkairos_ws/install/robotnik_common:/home/hima/bachelors/rbkairos_ws/install/robotnik_battery_msgs:/home/hima/bachelors/rbkairos_ws/install/csm:/opt/ros/humble LD_LIBRARY_PATH=/home/hima/bachelors/rbkairos_ws/install/robotnik_common_msgs/lib:/home/hima/bachelors/rbkairos_ws/install/robotnik_supervisor_msgs/lib:/home/hima/bachelors/rbkairos_ws/install/robotnik_perception_msgs/lib:/home/hima/bachelors/rbkairos_ws/install/robotnik_navigation_msgs/lib:/home/hima/bachelors/rbkairos_ws/install/robotnik_io_msgs/lib:/home/hima/bachelors/rbkairos_ws/install/robotnik_controllers_msgs/lib:/home/hima/bachelors/rbkairos_ws/install/robotnik_battery_msgs/lib:/home/hima/bachelors/rbkairos_ws/install/csm/lib:/usr/lib/x86_64-linux-gnu/gazebo-11/plugins:/opt/ros/humble/opt/rviz_ogre_vendor/lib:/opt/ros/humble/lib/x86_64-linux-gnu:/opt/ros/humble/lib /usr/bin/cmake --install /home/hima/bachelors/rbkairos_ws/build/robotnik_supervisor_msgs
[0.413s] -- Install configuration: ""
[0.413s] -- Up-to-date: /home/hima/bachelors/rbkairos_ws/install/robotnik_supervisor_msgs/share/ament_index/resource_index/rosidl_interfaces/robotnik_supervisor_msgs
[0.413s] -- Up-to-date: /home/hima/bachelors/rbkairos_ws/install/robotnik_supervisor_msgs/include/robotnik_supervisor_msgs/robotnik_supervisor_msgs
[0.413s] -- Up-to-date: /home/hima/bachelors/rbkairos_ws/install/robotnik_supervisor_msgs/include/robotnik_supervisor_msgs/robotnik_supervisor_msgs/srv
[0.413s] -- Up-to-date: /home/hima/bachelors/rbkairos_ws/install/robotnik_supervisor_msgs/include/robotnik_supervisor_msgs/robotnik_supervisor_msgs/srv/get_module_list.h
[0.413s] -- Up-to-date: /home/hima/bachelors/rbkairos_ws/install/robotnik_supervisor_msgs/include/robotnik_supervisor_msgs/robotnik_supervisor_msgs/srv/get_stack_status.h
[0.413s] -- Up-to-date: /home/hima/bachelors/rbkairos_ws/install/robotnik_supervisor_msgs/include/robotnik_supervisor_msgs/robotnik_supervisor_msgs/srv/down_stack.h
[0.413s] -- Up-to-date: /home/hima/bachelors/rbkairos_ws/install/robotnik_supervisor_msgs/include/robotnik_supervisor_msgs/robotnik_supervisor_msgs/srv/start_module.h
[0.414s] -- Up-to-date: /home/hima/bachelors/rbkairos_ws/install/robotnik_supervisor_msgs/include/robotnik_supervisor_msgs/robotnik_supervisor_msgs/srv/start_stack.h
[0.414s] -- Up-to-date: /home/hima/bachelors/rbkairos_ws/install/robotnik_supervisor_msgs/include/robotnik_supervisor_msgs/robotnik_supervisor_msgs/srv/restart_stack.h
[0.414s] -- Up-to-date: /home/hima/bachelors/rbkairos_ws/install/robotnik_supervisor_msgs/include/robotnik_supervisor_msgs/robotnik_supervisor_msgs/srv/get_stack_list.h
[0.414s] -- Up-to-date: /home/hima/bachelors/rbkairos_ws/install/robotnik_supervisor_msgs/include/robotnik_supervisor_msgs/robotnik_supervisor_msgs/srv/detail
[0.414s] -- Up-to-date: /home/hima/bachelors/rbkairos_ws/install/robotnik_supervisor_msgs/include/robotnik_supervisor_msgs/robotnik_supervisor_msgs/srv/detail/stop_module__struct.h
[0.414s] -- Up-to-date: /home/hima/bachelors/rbkairos_ws/install/robotnik_supervisor_msgs/include/robotnik_supervisor_msgs/robotnik_supervisor_msgs/srv/detail/stop_module__functions.h
[0.414s] -- Up-to-date: /home/hima/bachelors/rbkairos_ws/install/robotnik_supervisor_msgs/include/robotnik_supervisor_msgs/robotnik_supervisor_msgs/srv/detail/stop_module__type_support.h
[0.414s] -- Up-to-date: /home/hima/bachelors/rbkairos_ws/install/robotnik_supervisor_msgs/include/robotnik_supervisor_msgs/robotnik_supervisor_msgs/srv/detail/start_stack__functions.c
[0.414s] -- Up-to-date: /home/hima/bachelors/rbkairos_ws/install/robotnik_supervisor_msgs/include/robotnik_supervisor_msgs/robotnik_supervisor_msgs/srv/detail/start_module__functions.h
[0.415s] -- Up-to-date: /home/hima/bachelors/rbkairos_ws/install/robotnik_supervisor_msgs/include/robotnik_supervisor_msgs/robotnik_supervisor_msgs/srv/detail/get_module_list__functions.h
[0.415s] -- Up-to-date: /home/hima/bachelors/rbkairos_ws/install/robotnik_supervisor_msgs/include/robotnik_supervisor_msgs/robotnik_supervisor_msgs/srv/detail/get_module_list__type_support.h
[0.415s] -- Up-to-date: /home/hima/bachelors/rbkairos_ws/install/robotnik_supervisor_msgs/include/robotnik_supervisor_msgs/robotnik_supervisor_msgs/srv/detail/restart_stack__struct.h
[0.415s] -- Up-to-date: /home/hima/bachelors/rbkairos_ws/install/robotnik_supervisor_msgs/include/robotnik_supervisor_msgs/robotnik_supervisor_msgs/srv/detail/get_stack_list__functions.c
[0.415s] -- Up-to-date: /home/hima/bachelors/rbkairos_ws/install/robotnik_supervisor_msgs/include/robotnik_supervisor_msgs/robotnik_supervisor_msgs/srv/detail/restart_stack__functions.h
[0.415s] -- Up-to-date: /home/hima/bachelors/rbkairos_ws/install/robotnik_supervisor_msgs/include/robotnik_supervisor_msgs/robotnik_supervisor_msgs/srv/detail/get_stack_status__struct.h
[0.415s] -- Up-to-date: /home/hima/bachelors/rbkairos_ws/install/robotnik_supervisor_msgs/include/robotnik_supervisor_msgs/robotnik_supervisor_msgs/srv/detail/stop_stack__functions.h
[0.415s] -- Up-to-date: /home/hima/bachelors/rbkairos_ws/install/robotnik_supervisor_msgs/include/robotnik_supervisor_msgs/robotnik_supervisor_msgs/srv/detail/get_stack_list__type_support.h
[0.415s] -- Up-to-date: /home/hima/bachelors/rbkairos_ws/install/robotnik_supervisor_msgs/include/robotnik_supervisor_msgs/robotnik_supervisor_msgs/srv/detail/down_stack__type_support.h
[0.416s] -- Up-to-date: /home/hima/bachelors/rbkairos_ws/install/robotnik_supervisor_msgs/include/robotnik_supervisor_msgs/robotnik_supervisor_msgs/srv/detail/stop_stack__type_support.h
[0.416s] -- Up-to-date: /home/hima/bachelors/rbkairos_ws/install/robotnik_supervisor_msgs/include/robotnik_supervisor_msgs/robotnik_supervisor_msgs/srv/detail/restart_stack__functions.c
[0.416s] -- Up-to-date: /home/hima/bachelors/rbkairos_ws/install/robotnik_supervisor_msgs/include/robotnik_supervisor_msgs/robotnik_supervisor_msgs/srv/detail/get_stack_status__type_support.h
[0.416s] -- Up-to-date: /home/hima/bachelors/rbkairos_ws/install/robotnik_supervisor_msgs/include/robotnik_supervisor_msgs/robotnik_supervisor_msgs/srv/detail/stop_module__functions.c
[0.416s] -- Up-to-date: /home/hima/bachelors/rbkairos_ws/install/robotnik_supervisor_msgs/include/robotnik_supervisor_msgs/robotnik_supervisor_msgs/srv/detail/get_stack_list__functions.h
[0.416s] -- Up-to-date: /home/hima/bachelors/rbkairos_ws/install/robotnik_supervisor_msgs/include/robotnik_supervisor_msgs/robotnik_supervisor_msgs/srv/detail/start_stack__functions.h
[0.416s] -- Up-to-date: /home/hima/bachelors/rbkairos_ws/install/robotnik_supervisor_msgs/include/robotnik_supervisor_msgs/robotnik_supervisor_msgs/srv/detail/get_module_list__struct.h
[0.416s] -- Up-to-date: /home/hima/bachelors/rbkairos_ws/install/robotnik_supervisor_msgs/include/robotnik_supervisor_msgs/robotnik_supervisor_msgs/srv/detail/get_stack_list__struct.h
[0.416s] -- Up-to-date: /home/hima/bachelors/rbkairos_ws/install/robotnik_supervisor_msgs/include/robotnik_supervisor_msgs/robotnik_supervisor_msgs/srv/detail/start_stack__struct.h
[0.417s] -- Up-to-date: /home/hima/bachelors/rbkairos_ws/install/robotnik_supervisor_msgs/include/robotnik_supervisor_msgs/robotnik_supervisor_msgs/srv/detail/restart_stack__type_support.h
[0.417s] -- Up-to-date: /home/hima/bachelors/rbkairos_ws/install/robotnik_supervisor_msgs/include/robotnik_supervisor_msgs/robotnik_supervisor_msgs/srv/detail/start_stack__type_support.h
[0.417s] -- Up-to-date: /home/hima/bachelors/rbkairos_ws/install/robotnik_supervisor_msgs/include/robotnik_supervisor_msgs/robotnik_supervisor_msgs/srv/detail/get_stack_logs__type_support.h
[0.417s] -- Up-to-date: /home/hima/bachelors/rbkairos_ws/install/robotnik_supervisor_msgs/include/robotnik_supervisor_msgs/robotnik_supervisor_msgs/srv/detail/start_module__functions.c
[0.417s] -- Up-to-date: /home/hima/bachelors/rbkairos_ws/install/robotnik_supervisor_msgs/include/robotnik_supervisor_msgs/robotnik_supervisor_msgs/srv/detail/start_module__type_support.h
[0.417s] -- Up-to-date: /home/hima/bachelors/rbkairos_ws/install/robotnik_supervisor_msgs/include/robotnik_supervisor_msgs/robotnik_supervisor_msgs/srv/detail/down_stack__functions.h
[0.417s] -- Up-to-date: /home/hima/bachelors/rbkairos_ws/install/robotnik_supervisor_msgs/include/robotnik_supervisor_msgs/robotnik_supervisor_msgs/srv/detail/stop_stack__struct.h
[0.418s] -- Up-to-date: /home/hima/bachelors/rbkairos_ws/install/robotnik_supervisor_msgs/include/robotnik_supervisor_msgs/robotnik_supervisor_msgs/srv/detail/get_stack_logs__struct.h
[0.418s] -- Up-to-date: /home/hima/bachelors/rbkairos_ws/install/robotnik_supervisor_msgs/include/robotnik_supervisor_msgs/robotnik_supervisor_msgs/srv/detail/stop_stack__functions.c
[0.418s] -- Up-to-date: /home/hima/bachelors/rbkairos_ws/install/robotnik_supervisor_msgs/include/robotnik_supervisor_msgs/robotnik_supervisor_msgs/srv/detail/down_stack__functions.c
[0.418s] -- Up-to-date: /home/hima/bachelors/rbkairos_ws/install/robotnik_supervisor_msgs/include/robotnik_supervisor_msgs/robotnik_supervisor_msgs/srv/detail/get_stack_status__functions.h
[0.418s] -- Up-to-date: /home/hima/bachelors/rbkairos_ws/install/robotnik_supervisor_msgs/include/robotnik_supervisor_msgs/robotnik_supervisor_msgs/srv/detail/get_stack_logs__functions.h
[0.418s] -- Up-to-date: /home/hima/bachelors/rbkairos_ws/install/robotnik_supervisor_msgs/include/robotnik_supervisor_msgs/robotnik_supervisor_msgs/srv/detail/get_stack_logs__functions.c
[0.418s] -- Up-to-date: /home/hima/bachelors/rbkairos_ws/install/robotnik_supervisor_msgs/include/robotnik_supervisor_msgs/robotnik_supervisor_msgs/srv/detail/down_stack__struct.h
[0.418s] -- Up-to-date: /home/hima/bachelors/rbkairos_ws/install/robotnik_supervisor_msgs/include/robotnik_supervisor_msgs/robotnik_supervisor_msgs/srv/detail/get_stack_status__functions.c
[0.418s] -- Up-to-date: /home/hima/bachelors/rbkairos_ws/install/robotnik_supervisor_msgs/include/robotnik_supervisor_msgs/robotnik_supervisor_msgs/srv/detail/start_module__struct.h
[0.418s] -- Up-to-date: /home/hima/bachelors/rbkairos_ws/install/robotnik_supervisor_msgs/include/robotnik_supervisor_msgs/robotnik_supervisor_msgs/srv/detail/get_module_list__functions.c
[0.419s] -- Up-to-date: /home/hima/bachelors/rbkairos_ws/install/robotnik_supervisor_msgs/include/robotnik_supervisor_msgs/robotnik_supervisor_msgs/srv/get_stack_logs.h
[0.419s] -- Up-to-date: /home/hima/bachelors/rbkairos_ws/install/robotnik_supervisor_msgs/include/robotnik_supervisor_msgs/robotnik_supervisor_msgs/srv/stop_module.h
[0.419s] -- Up-to-date: /home/hima/bachelors/rbkairos_ws/install/robotnik_supervisor_msgs/include/robotnik_supervisor_msgs/robotnik_supervisor_msgs/srv/stop_stack.h
[0.419s] -- Up-to-date: /home/hima/bachelors/rbkairos_ws/install/robotnik_supervisor_msgs/include/robotnik_supervisor_msgs/robotnik_supervisor_msgs/msg
[0.419s] -- Up-to-date: /home/hima/bachelors/rbkairos_ws/install/robotnik_supervisor_msgs/include/robotnik_supervisor_msgs/robotnik_supervisor_msgs/msg/rosidl_generator_c__visibility_control.h
[0.419s] -- Up-to-date: /home/hima/bachelors/rbkairos_ws/install/robotnik_supervisor_msgs/share/robotnik_supervisor_msgs/environment/library_path.sh
[0.419s] -- Up-to-date: /home/hima/bachelors/rbkairos_ws/install/robotnik_supervisor_msgs/share/robotnik_supervisor_msgs/environment/library_path.dsv
[0.419s] -- Up-to-date: /home/hima/bachelors/rbkairos_ws/install/robotnik_supervisor_msgs/lib/librobotnik_supervisor_msgs__rosidl_generator_c.so
[0.420s] -- Up-to-date: /home/hima/bachelors/rbkairos_ws/install/robotnik_supervisor_msgs/include/robotnik_supervisor_msgs/robotnik_supervisor_msgs
[0.420s] -- Up-to-date: /home/hima/bachelors/rbkairos_ws/install/robotnik_supervisor_msgs/include/robotnik_supervisor_msgs/robotnik_supervisor_msgs/srv
[0.420s] -- Up-to-date: /home/hima/bachelors/rbkairos_ws/install/robotnik_supervisor_msgs/include/robotnik_supervisor_msgs/robotnik_supervisor_msgs/srv/detail
[0.420s] -- Up-to-date: /home/hima/bachelors/rbkairos_ws/install/robotnik_supervisor_msgs/include/robotnik_supervisor_msgs/robotnik_supervisor_msgs/srv/detail/start_stack__rosidl_typesupport_fastrtps_c.h
[0.420s] -- Up-to-date: /home/hima/bachelors/rbkairos_ws/install/robotnik_supervisor_msgs/include/robotnik_supervisor_msgs/robotnik_supervisor_msgs/srv/detail/get_module_list__rosidl_typesupport_fastrtps_c.h
[0.420s] -- Up-to-date: /home/hima/bachelors/rbkairos_ws/install/robotnik_supervisor_msgs/include/robotnik_supervisor_msgs/robotnik_supervisor_msgs/srv/detail/down_stack__rosidl_typesupport_fastrtps_c.h
[0.420s] -- Up-to-date: /home/hima/bachelors/rbkairos_ws/install/robotnik_supervisor_msgs/include/robotnik_supervisor_msgs/robotnik_supervisor_msgs/srv/detail/get_stack_list__rosidl_typesupport_fastrtps_c.h
[0.420s] -- Up-to-date: /home/hima/bachelors/rbkairos_ws/install/robotnik_supervisor_msgs/include/robotnik_supervisor_msgs/robotnik_supervisor_msgs/srv/detail/start_module__rosidl_typesupport_fastrtps_c.h
[0.420s] -- Up-to-date: /home/hima/bachelors/rbkairos_ws/install/robotnik_supervisor_msgs/include/robotnik_supervisor_msgs/robotnik_supervisor_msgs/srv/detail/get_stack_status__rosidl_typesupport_fastrtps_c.h
[0.421s] -- Up-to-date: /home/hima/bachelors/rbkairos_ws/install/robotnik_supervisor_msgs/include/robotnik_supervisor_msgs/robotnik_supervisor_msgs/srv/detail/stop_stack__rosidl_typesupport_fastrtps_c.h
[0.421s] -- Up-to-date: /home/hima/bachelors/rbkairos_ws/install/robotnik_supervisor_msgs/include/robotnik_supervisor_msgs/robotnik_supervisor_msgs/srv/detail/stop_module__rosidl_typesupport_fastrtps_c.h
[0.421s] -- Up-to-date: /home/hima/bachelors/rbkairos_ws/install/robotnik_supervisor_msgs/include/robotnik_supervisor_msgs/robotnik_supervisor_msgs/srv/detail/restart_stack__rosidl_typesupport_fastrtps_c.h
[0.421s] -- Up-to-date: /home/hima/bachelors/rbkairos_ws/install/robotnik_supervisor_msgs/include/robotnik_supervisor_msgs/robotnik_supervisor_msgs/srv/detail/get_stack_logs__rosidl_typesupport_fastrtps_c.h
[0.421s] -- Up-to-date: /home/hima/bachelors/rbkairos_ws/install/robotnik_supervisor_msgs/include/robotnik_supervisor_msgs/robotnik_supervisor_msgs/msg
[0.421s] -- Up-to-date: /home/hima/bachelors/rbkairos_ws/install/robotnik_supervisor_msgs/include/robotnik_supervisor_msgs/robotnik_supervisor_msgs/msg/rosidl_typesupport_fastrtps_c__visibility_control.h
[0.421s] -- Up-to-date: /home/hima/bachelors/rbkairos_ws/install/robotnik_supervisor_msgs/lib/librobotnik_supervisor_msgs__rosidl_typesupport_fastrtps_c.so
[0.421s] -- Up-to-date: /home/hima/bachelors/rbkairos_ws/install/robotnik_supervisor_msgs/include/robotnik_supervisor_msgs/robotnik_supervisor_msgs
[0.422s] -- Up-to-date: /home/hima/bachelors/rbkairos_ws/install/robotnik_supervisor_msgs/include/robotnik_supervisor_msgs/robotnik_supervisor_msgs/srv
[0.422s] -- Up-to-date: /home/hima/bachelors/rbkairos_ws/install/robotnik_supervisor_msgs/include/robotnik_supervisor_msgs/robotnik_supervisor_msgs/srv/get_stack_logs.hpp
[0.422s] -- Up-to-date: /home/hima/bachelors/rbkairos_ws/install/robotnik_supervisor_msgs/include/robotnik_supervisor_msgs/robotnik_supervisor_msgs/srv/stop_module.hpp
[0.422s] -- Up-to-date: /home/hima/bachelors/rbkairos_ws/install/robotnik_supervisor_msgs/include/robotnik_supervisor_msgs/robotnik_supervisor_msgs/srv/start_stack.hpp
[0.422s] -- Up-to-date: /home/hima/bachelors/rbkairos_ws/install/robotnik_supervisor_msgs/include/robotnik_supervisor_msgs/robotnik_supervisor_msgs/srv/start_module.hpp
[0.422s] -- Up-to-date: /home/hima/bachelors/rbkairos_ws/install/robotnik_supervisor_msgs/include/robotnik_supervisor_msgs/robotnik_supervisor_msgs/srv/get_stack_status.hpp
[0.422s] -- Up-to-date: /home/hima/bachelors/rbkairos_ws/install/robotnik_supervisor_msgs/include/robotnik_supervisor_msgs/robotnik_supervisor_msgs/srv/detail
[0.422s] -- Up-to-date: /home/hima/bachelors/rbkairos_ws/install/robotnik_supervisor_msgs/include/robotnik_supervisor_msgs/robotnik_supervisor_msgs/srv/detail/get_module_list__traits.hpp
[0.423s] -- Up-to-date: /home/hima/bachelors/rbkairos_ws/install/robotnik_supervisor_msgs/include/robotnik_supervisor_msgs/robotnik_supervisor_msgs/srv/detail/stop_module__traits.hpp
[0.423s] -- Up-to-date: /home/hima/bachelors/rbkairos_ws/install/robotnik_supervisor_msgs/include/robotnik_supervisor_msgs/robotnik_supervisor_msgs/srv/detail/down_stack__traits.hpp
[0.423s] -- Up-to-date: /home/hima/bachelors/rbkairos_ws/install/robotnik_supervisor_msgs/include/robotnik_supervisor_msgs/robotnik_supervisor_msgs/srv/detail/get_stack_status__struct.hpp
[0.423s] -- Up-to-date: /home/hima/bachelors/rbkairos_ws/install/robotnik_supervisor_msgs/include/robotnik_supervisor_msgs/robotnik_supervisor_msgs/srv/detail/down_stack__type_support.hpp
[0.423s] -- Up-to-date: /home/hima/bachelors/rbkairos_ws/install/robotnik_supervisor_msgs/include/robotnik_supervisor_msgs/robotnik_supervisor_msgs/srv/detail/start_stack__struct.hpp
[0.423s] -- Up-to-date: /home/hima/bachelors/rbkairos_ws/install/robotnik_supervisor_msgs/include/robotnik_supervisor_msgs/robotnik_supervisor_msgs/srv/detail/restart_stack__struct.hpp
[0.423s] -- Up-to-date: /home/hima/bachelors/rbkairos_ws/install/robotnik_supervisor_msgs/include/robotnik_supervisor_msgs/robotnik_supervisor_msgs/srv/detail/stop_module__type_support.hpp
[0.423s] -- Up-to-date: /home/hima/bachelors/rbkairos_ws/install/robotnik_supervisor_msgs/include/robotnik_supervisor_msgs/robotnik_supervisor_msgs/srv/detail/get_stack_status__type_support.hpp
[0.423s] -- Up-to-date: /home/hima/bachelors/rbkairos_ws/install/robotnik_supervisor_msgs/include/robotnik_supervisor_msgs/robotnik_supervisor_msgs/srv/detail/get_stack_status__traits.hpp
[0.423s] -- Up-to-date: /home/hima/bachelors/rbkairos_ws/install/robotnik_supervisor_msgs/include/robotnik_supervisor_msgs/robotnik_supervisor_msgs/srv/detail/stop_stack__builder.hpp
[0.423s] -- Up-to-date: /home/hima/bachelors/rbkairos_ws/install/robotnik_supervisor_msgs/include/robotnik_supervisor_msgs/robotnik_supervisor_msgs/srv/detail/get_stack_logs__builder.hpp
[0.423s] -- Up-to-date: /home/hima/bachelors/rbkairos_ws/install/robotnik_supervisor_msgs/include/robotnik_supervisor_msgs/robotnik_supervisor_msgs/srv/detail/stop_stack__traits.hpp
[0.424s] -- Up-to-date: /home/hima/bachelors/rbkairos_ws/install/robotnik_supervisor_msgs/include/robotnik_supervisor_msgs/robotnik_supervisor_msgs/srv/detail/down_stack__builder.hpp
[0.424s] -- Up-to-date: /home/hima/bachelors/rbkairos_ws/install/robotnik_supervisor_msgs/include/robotnik_supervisor_msgs/robotnik_supervisor_msgs/srv/detail/get_stack_list__type_support.hpp
[0.424s] -- Up-to-date: /home/hima/bachelors/rbkairos_ws/install/robotnik_supervisor_msgs/include/robotnik_supervisor_msgs/robotnik_supervisor_msgs/srv/detail/down_stack__struct.hpp
[0.424s] -- Up-to-date: /home/hima/bachelors/rbkairos_ws/install/robotnik_supervisor_msgs/include/robotnik_supervisor_msgs/robotnik_supervisor_msgs/srv/detail/get_module_list__struct.hpp
[0.424s] -- Up-to-date: /home/hima/bachelors/rbkairos_ws/install/robotnik_supervisor_msgs/include/robotnik_supervisor_msgs/robotnik_supervisor_msgs/srv/detail/get_stack_list__builder.hpp
[0.424s] -- Up-to-date: /home/hima/bachelors/rbkairos_ws/install/robotnik_supervisor_msgs/include/robotnik_supervisor_msgs/robotnik_supervisor_msgs/srv/detail/restart_stack__type_support.hpp
[0.424s] -- Up-to-date: /home/hima/bachelors/rbkairos_ws/install/robotnik_supervisor_msgs/include/robotnik_supervisor_msgs/robotnik_supervisor_msgs/srv/detail/start_stack__builder.hpp
[0.424s] -- Up-to-date: /home/hima/bachelors/rbkairos_ws/install/robotnik_supervisor_msgs/include/robotnik_supervisor_msgs/robotnik_supervisor_msgs/srv/detail/start_module__traits.hpp
[0.424s] -- Up-to-date: /home/hima/bachelors/rbkairos_ws/install/robotnik_supervisor_msgs/include/robotnik_supervisor_msgs/robotnik_supervisor_msgs/srv/detail/stop_stack__type_support.hpp
[0.424s] -- Up-to-date: /home/hima/bachelors/rbkairos_ws/install/robotnik_supervisor_msgs/include/robotnik_supervisor_msgs/robotnik_supervisor_msgs/srv/detail/get_stack_list__traits.hpp
[0.424s] -- Up-to-date: /home/hima/bachelors/rbkairos_ws/install/robotnik_supervisor_msgs/include/robotnik_supervisor_msgs/robotnik_supervisor_msgs/srv/detail/start_stack__type_support.hpp
[0.424s] -- Up-to-date: /home/hima/bachelors/rbkairos_ws/install/robotnik_supervisor_msgs/include/robotnik_supervisor_msgs/robotnik_supervisor_msgs/srv/detail/get_stack_status__builder.hpp
[0.424s] -- Up-to-date: /home/hima/bachelors/rbkairos_ws/install/robotnik_supervisor_msgs/include/robotnik_supervisor_msgs/robotnik_supervisor_msgs/srv/detail/get_stack_logs__traits.hpp
[0.425s] -- Up-to-date: /home/hima/bachelors/rbkairos_ws/install/robotnik_supervisor_msgs/include/robotnik_supervisor_msgs/robotnik_supervisor_msgs/srv/detail/stop_module__struct.hpp
[0.425s] -- Up-to-date: /home/hima/bachelors/rbkairos_ws/install/robotnik_supervisor_msgs/include/robotnik_supervisor_msgs/robotnik_supervisor_msgs/srv/detail/get_stack_list__struct.hpp
[0.425s] -- Up-to-date: /home/hima/bachelors/rbkairos_ws/install/robotnik_supervisor_msgs/include/robotnik_supervisor_msgs/robotnik_supervisor_msgs/srv/detail/start_module__struct.hpp
[0.425s] -- Up-to-date: /home/hima/bachelors/rbkairos_ws/install/robotnik_supervisor_msgs/include/robotnik_supervisor_msgs/robotnik_supervisor_msgs/srv/detail/get_stack_logs__type_support.hpp
[0.425s] -- Up-to-date: /home/hima/bachelors/rbkairos_ws/install/robotnik_supervisor_msgs/include/robotnik_supervisor_msgs/robotnik_supervisor_msgs/srv/detail/get_module_list__type_support.hpp
[0.425s] -- Up-to-date: /home/hima/bachelors/rbkairos_ws/install/robotnik_supervisor_msgs/include/robotnik_supervisor_msgs/robotnik_supervisor_msgs/srv/detail/start_stack__traits.hpp
[0.425s] -- Up-to-date: /home/hima/bachelors/rbkairos_ws/install/robotnik_supervisor_msgs/include/robotnik_supervisor_msgs/robotnik_supervisor_msgs/srv/detail/start_module__type_support.hpp
[0.425s] -- Up-to-date: /home/hima/bachelors/rbkairos_ws/install/robotnik_supervisor_msgs/include/robotnik_supervisor_msgs/robotnik_supervisor_msgs/srv/detail/restart_stack__traits.hpp
[0.425s] -- Up-to-date: /home/hima/bachelors/rbkairos_ws/install/robotnik_supervisor_msgs/include/robotnik_supervisor_msgs/robotnik_supervisor_msgs/srv/detail/get_stack_logs__struct.hpp
[0.425s] -- Up-to-date: /home/hima/bachelors/rbkairos_ws/install/robotnik_supervisor_msgs/include/robotnik_supervisor_msgs/robotnik_supervisor_msgs/srv/detail/restart_stack__builder.hpp
[0.425s] -- Up-to-date: /home/hima/bachelors/rbkairos_ws/install/robotnik_supervisor_msgs/include/robotnik_supervisor_msgs/robotnik_supervisor_msgs/srv/detail/stop_module__builder.hpp
[0.426s] -- Up-to-date: /home/hima/bachelors/rbkairos_ws/install/robotnik_supervisor_msgs/include/robotnik_supervisor_msgs/robotnik_supervisor_msgs/srv/detail/start_module__builder.hpp
[0.426s] -- Up-to-date: /home/hima/bachelors/rbkairos_ws/install/robotnik_supervisor_msgs/include/robotnik_supervisor_msgs/robotnik_supervisor_msgs/srv/detail/stop_stack__struct.hpp
[0.426s] -- Up-to-date: /home/hima/bachelors/rbkairos_ws/install/robotnik_supervisor_msgs/include/robotnik_supervisor_msgs/robotnik_supervisor_msgs/srv/detail/get_module_list__builder.hpp
[0.426s] -- Up-to-date: /home/hima/bachelors/rbkairos_ws/install/robotnik_supervisor_msgs/include/robotnik_supervisor_msgs/robotnik_supervisor_msgs/srv/get_stack_list.hpp
[0.426s] -- Up-to-date: /home/hima/bachelors/rbkairos_ws/install/robotnik_supervisor_msgs/include/robotnik_supervisor_msgs/robotnik_supervisor_msgs/srv/get_module_list.hpp
[0.426s] -- Up-to-date: /home/hima/bachelors/rbkairos_ws/install/robotnik_supervisor_msgs/include/robotnik_supervisor_msgs/robotnik_supervisor_msgs/srv/down_stack.hpp
[0.426s] -- Up-to-date: /home/hima/bachelors/rbkairos_ws/install/robotnik_supervisor_msgs/include/robotnik_supervisor_msgs/robotnik_supervisor_msgs/srv/restart_stack.hpp
[0.426s] -- Up-to-date: /home/hima/bachelors/rbkairos_ws/install/robotnik_supervisor_msgs/include/robotnik_supervisor_msgs/robotnik_supervisor_msgs/srv/stop_stack.hpp
[0.426s] -- Up-to-date: /home/hima/bachelors/rbkairos_ws/install/robotnik_supervisor_msgs/include/robotnik_supervisor_msgs/robotnik_supervisor_msgs/msg
[0.426s] -- Up-to-date: /home/hima/bachelors/rbkairos_ws/install/robotnik_supervisor_msgs/include/robotnik_supervisor_msgs/robotnik_supervisor_msgs/msg/rosidl_generator_cpp__visibility_control.hpp
[0.426s] -- Up-to-date: /home/hima/bachelors/rbkairos_ws/install/robotnik_supervisor_msgs/include/robotnik_supervisor_msgs/robotnik_supervisor_msgs
[0.426s] -- Up-to-date: /home/hima/bachelors/rbkairos_ws/install/robotnik_supervisor_msgs/include/robotnik_supervisor_msgs/robotnik_supervisor_msgs/srv
[0.426s] -- Up-to-date: /home/hima/bachelors/rbkairos_ws/install/robotnik_supervisor_msgs/include/robotnik_supervisor_msgs/robotnik_supervisor_msgs/srv/detail
[0.427s] -- Up-to-date: /home/hima/bachelors/rbkairos_ws/install/robotnik_supervisor_msgs/include/robotnik_supervisor_msgs/robotnik_supervisor_msgs/srv/detail/restart_stack__rosidl_typesupport_fastrtps_cpp.hpp
[0.427s] -- Up-to-date: /home/hima/bachelors/rbkairos_ws/install/robotnik_supervisor_msgs/include/robotnik_supervisor_msgs/robotnik_supervisor_msgs/srv/detail/stop_stack__rosidl_typesupport_fastrtps_cpp.hpp
[0.427s] -- Up-to-date: /home/hima/bachelors/rbkairos_ws/install/robotnik_supervisor_msgs/include/robotnik_supervisor_msgs/robotnik_supervisor_msgs/srv/detail/stop_module__rosidl_typesupport_fastrtps_cpp.hpp
[0.427s] -- Up-to-date: /home/hima/bachelors/rbkairos_ws/install/robotnik_supervisor_msgs/include/robotnik_supervisor_msgs/robotnik_supervisor_msgs/srv/detail/down_stack__rosidl_typesupport_fastrtps_cpp.hpp
[0.427s] -- Up-to-date: /home/hima/bachelors/rbkairos_ws/install/robotnik_supervisor_msgs/include/robotnik_supervisor_msgs/robotnik_supervisor_msgs/srv/detail/get_stack_logs__rosidl_typesupport_fastrtps_cpp.hpp
[0.427s] -- Up-to-date: /home/hima/bachelors/rbkairos_ws/install/robotnik_supervisor_msgs/include/robotnik_supervisor_msgs/robotnik_supervisor_msgs/srv/detail/get_module_list__rosidl_typesupport_fastrtps_cpp.hpp
[0.427s] -- Up-to-date: /home/hima/bachelors/rbkairos_ws/install/robotnik_supervisor_msgs/include/robotnik_supervisor_msgs/robotnik_supervisor_msgs/srv/detail/start_stack__rosidl_typesupport_fastrtps_cpp.hpp
[0.427s] -- Up-to-date: /home/hima/bachelors/rbkairos_ws/install/robotnik_supervisor_msgs/include/robotnik_supervisor_msgs/robotnik_supervisor_msgs/srv/detail/dds_fastrtps
[0.427s] -- Up-to-date: /home/hima/bachelors/rbkairos_ws/install/robotnik_supervisor_msgs/include/robotnik_supervisor_msgs/robotnik_supervisor_msgs/srv/detail/get_stack_list__rosidl_typesupport_fastrtps_cpp.hpp
[0.427s] -- Up-to-date: /home/hima/bachelors/rbkairos_ws/install/robotnik_supervisor_msgs/include/robotnik_supervisor_msgs/robotnik_supervisor_msgs/srv/detail/get_stack_status__rosidl_typesupport_fastrtps_cpp.hpp
[0.427s] -- Up-to-date: /home/hima/bachelors/rbkairos_ws/install/robotnik_supervisor_msgs/include/robotnik_supervisor_msgs/robotnik_supervisor_msgs/srv/detail/start_module__rosidl_typesupport_fastrtps_cpp.hpp
[0.427s] -- Up-to-date: /home/hima/bachelors/rbkairos_ws/install/robotnik_supervisor_msgs/include/robotnik_supervisor_msgs/robotnik_supervisor_msgs/msg
[0.428s] -- Up-to-date: /home/hima/bachelors/rbkairos_ws/install/robotnik_supervisor_msgs/include/robotnik_supervisor_msgs/robotnik_supervisor_msgs/msg/rosidl_typesupport_fastrtps_cpp__visibility_control.h
[0.428s] -- Up-to-date: /home/hima/bachelors/rbkairos_ws/install/robotnik_supervisor_msgs/lib/librobotnik_supervisor_msgs__rosidl_typesupport_fastrtps_cpp.so
[0.428s] -- Up-to-date: /home/hima/bachelors/rbkairos_ws/install/robotnik_supervisor_msgs/include/robotnik_supervisor_msgs/robotnik_supervisor_msgs
[0.428s] -- Up-to-date: /home/hima/bachelors/rbkairos_ws/install/robotnik_supervisor_msgs/include/robotnik_supervisor_msgs/robotnik_supervisor_msgs/srv
[0.428s] -- Up-to-date: /home/hima/bachelors/rbkairos_ws/install/robotnik_supervisor_msgs/include/robotnik_supervisor_msgs/robotnik_supervisor_msgs/srv/detail
[0.428s] -- Up-to-date: /home/hima/bachelors/rbkairos_ws/install/robotnik_supervisor_msgs/include/robotnik_supervisor_msgs/robotnik_supervisor_msgs/srv/detail/start_module__type_support.c
[0.428s] -- Up-to-date: /home/hima/bachelors/rbkairos_ws/install/robotnik_supervisor_msgs/include/robotnik_supervisor_msgs/robotnik_supervisor_msgs/srv/detail/down_stack__rosidl_typesupport_introspection_c.h
[0.428s] -- Up-to-date: /home/hima/bachelors/rbkairos_ws/install/robotnik_supervisor_msgs/include/robotnik_supervisor_msgs/robotnik_supervisor_msgs/srv/detail/stop_stack__rosidl_typesupport_introspection_c.h
[0.428s] -- Up-to-date: /home/hima/bachelors/rbkairos_ws/install/robotnik_supervisor_msgs/include/robotnik_supervisor_msgs/robotnik_supervisor_msgs/srv/detail/get_stack_status__rosidl_typesupport_introspection_c.h
[0.428s] -- Up-to-date: /home/hima/bachelors/rbkairos_ws/install/robotnik_supervisor_msgs/include/robotnik_supervisor_msgs/robotnik_supervisor_msgs/srv/detail/get_stack_logs__rosidl_typesupport_introspection_c.h
[0.428s] -- Up-to-date: /home/hima/bachelors/rbkairos_ws/install/robotnik_supervisor_msgs/include/robotnik_supervisor_msgs/robotnik_supervisor_msgs/srv/detail/start_stack__type_support.c
[0.428s] -- Up-to-date: /home/hima/bachelors/rbkairos_ws/install/robotnik_supervisor_msgs/include/robotnik_supervisor_msgs/robotnik_supervisor_msgs/srv/detail/start_stack__rosidl_typesupport_introspection_c.h
[0.429s] -- Up-to-date: /home/hima/bachelors/rbkairos_ws/install/robotnik_supervisor_msgs/include/robotnik_supervisor_msgs/robotnik_supervisor_msgs/srv/detail/down_stack__type_support.c
[0.429s] -- Up-to-date: /home/hima/bachelors/rbkairos_ws/install/robotnik_supervisor_msgs/include/robotnik_supervisor_msgs/robotnik_supervisor_msgs/srv/detail/stop_module__rosidl_typesupport_introspection_c.h
[0.429s] -- Up-to-date: /home/hima/bachelors/rbkairos_ws/install/robotnik_supervisor_msgs/include/robotnik_supervisor_msgs/robotnik_supervisor_msgs/srv/detail/stop_stack__type_support.c
[0.429s] -- Up-to-date: /home/hima/bachelors/rbkairos_ws/install/robotnik_supervisor_msgs/include/robotnik_supervisor_msgs/robotnik_supervisor_msgs/srv/detail/get_module_list__rosidl_typesupport_introspection_c.h
[0.429s] -- Up-to-date: /home/hima/bachelors/rbkairos_ws/install/robotnik_supervisor_msgs/include/robotnik_supervisor_msgs/robotnik_supervisor_msgs/srv/detail/get_module_list__type_support.c
[0.429s] -- Up-to-date: /home/hima/bachelors/rbkairos_ws/install/robotnik_supervisor_msgs/include/robotnik_supervisor_msgs/robotnik_supervisor_msgs/srv/detail/stop_module__type_support.c
[0.429s] -- Up-to-date: /home/hima/bachelors/rbkairos_ws/install/robotnik_supervisor_msgs/include/robotnik_supervisor_msgs/robotnik_supervisor_msgs/srv/detail/get_stack_list__type_support.c
[0.429s] -- Up-to-date: /home/hima/bachelors/rbkairos_ws/install/robotnik_supervisor_msgs/include/robotnik_supervisor_msgs/robotnik_supervisor_msgs/srv/detail/get_stack_list__rosidl_typesupport_introspection_c.h
[0.429s] -- Up-to-date: /home/hima/bachelors/rbkairos_ws/install/robotnik_supervisor_msgs/include/robotnik_supervisor_msgs/robotnik_supervisor_msgs/srv/detail/get_stack_status__type_support.c
[0.429s] -- Up-to-date: /home/hima/bachelors/rbkairos_ws/install/robotnik_supervisor_msgs/include/robotnik_supervisor_msgs/robotnik_supervisor_msgs/srv/detail/get_stack_logs__type_support.c
[0.429s] -- Up-to-date: /home/hima/bachelors/rbkairos_ws/install/robotnik_supervisor_msgs/include/robotnik_supervisor_msgs/robotnik_supervisor_msgs/srv/detail/restart_stack__type_support.c
[0.429s] -- Up-to-date: /home/hima/bachelors/rbkairos_ws/install/robotnik_supervisor_msgs/include/robotnik_supervisor_msgs/robotnik_supervisor_msgs/srv/detail/start_module__rosidl_typesupport_introspection_c.h
[0.430s] -- Up-to-date: /home/hima/bachelors/rbkairos_ws/install/robotnik_supervisor_msgs/include/robotnik_supervisor_msgs/robotnik_supervisor_msgs/srv/detail/restart_stack__rosidl_typesupport_introspection_c.h
[0.430s] -- Up-to-date: /home/hima/bachelors/rbkairos_ws/install/robotnik_supervisor_msgs/include/robotnik_supervisor_msgs/robotnik_supervisor_msgs/msg
[0.430s] -- Up-to-date: /home/hima/bachelors/rbkairos_ws/install/robotnik_supervisor_msgs/include/robotnik_supervisor_msgs/robotnik_supervisor_msgs/msg/rosidl_typesupport_introspection_c__visibility_control.h
[0.430s] -- Up-to-date: /home/hima/bachelors/rbkairos_ws/install/robotnik_supervisor_msgs/lib/librobotnik_supervisor_msgs__rosidl_typesupport_introspection_c.so
[0.430s] -- Up-to-date: /home/hima/bachelors/rbkairos_ws/install/robotnik_supervisor_msgs/lib/librobotnik_supervisor_msgs__rosidl_typesupport_c.so
[0.430s] -- Up-to-date: /home/hima/bachelors/rbkairos_ws/install/robotnik_supervisor_msgs/include/robotnik_supervisor_msgs/robotnik_supervisor_msgs
[0.430s] -- Up-to-date: /home/hima/bachelors/rbkairos_ws/install/robotnik_supervisor_msgs/include/robotnik_supervisor_msgs/robotnik_supervisor_msgs/srv
[0.430s] -- Up-to-date: /home/hima/bachelors/rbkairos_ws/install/robotnik_supervisor_msgs/include/robotnik_supervisor_msgs/robotnik_supervisor_msgs/srv/detail
[0.430s] -- Up-to-date: /home/hima/bachelors/rbkairos_ws/install/robotnik_supervisor_msgs/include/robotnik_supervisor_msgs/robotnik_supervisor_msgs/srv/detail/stop_stack__rosidl_typesupport_introspection_cpp.hpp
[0.430s] -- Up-to-date: /home/hima/bachelors/rbkairos_ws/install/robotnik_supervisor_msgs/include/robotnik_supervisor_msgs/robotnik_supervisor_msgs/srv/detail/down_stack__type_support.cpp
[0.430s] -- Up-to-date: /home/hima/bachelors/rbkairos_ws/install/robotnik_supervisor_msgs/include/robotnik_supervisor_msgs/robotnik_supervisor_msgs/srv/detail/start_module__rosidl_typesupport_introspection_cpp.hpp
[0.430s] -- Up-to-date: /home/hima/bachelors/rbkairos_ws/install/robotnik_supervisor_msgs/include/robotnik_supervisor_msgs/robotnik_supervisor_msgs/srv/detail/down_stack__rosidl_typesupport_introspection_cpp.hpp
[0.431s] -- Up-to-date: /home/hima/bachelors/rbkairos_ws/install/robotnik_supervisor_msgs/include/robotnik_supervisor_msgs/robotnik_supervisor_msgs/srv/detail/start_stack__type_support.cpp
[0.431s] -- Up-to-date: /home/hima/bachelors/rbkairos_ws/install/robotnik_supervisor_msgs/include/robotnik_supervisor_msgs/robotnik_supervisor_msgs/srv/detail/start_stack__rosidl_typesupport_introspection_cpp.hpp
[0.431s] -- Up-to-date: /home/hima/bachelors/rbkairos_ws/install/robotnik_supervisor_msgs/include/robotnik_supervisor_msgs/robotnik_supervisor_msgs/srv/detail/get_stack_logs__rosidl_typesupport_introspection_cpp.hpp
[0.431s] -- Up-to-date: /home/hima/bachelors/rbkairos_ws/install/robotnik_supervisor_msgs/include/robotnik_supervisor_msgs/robotnik_supervisor_msgs/srv/detail/restart_stack__type_support.cpp
[0.431s] -- Up-to-date: /home/hima/bachelors/rbkairos_ws/install/robotnik_supervisor_msgs/include/robotnik_supervisor_msgs/robotnik_supervisor_msgs/srv/detail/get_module_list__type_support.cpp
[0.431s] -- Up-to-date: /home/hima/bachelors/rbkairos_ws/install/robotnik_supervisor_msgs/include/robotnik_supervisor_msgs/robotnik_supervisor_msgs/srv/detail/get_stack_list__rosidl_typesupport_introspection_cpp.hpp
[0.431s] -- Up-to-date: /home/hima/bachelors/rbkairos_ws/install/robotnik_supervisor_msgs/include/robotnik_supervisor_msgs/robotnik_supervisor_msgs/srv/detail/restart_stack__rosidl_typesupport_introspection_cpp.hpp
[0.431s] -- Up-to-date: /home/hima/bachelors/rbkairos_ws/install/robotnik_supervisor_msgs/include/robotnik_supervisor_msgs/robotnik_supervisor_msgs/srv/detail/get_module_list__rosidl_typesupport_introspection_cpp.hpp
[0.431s] -- Up-to-date: /home/hima/bachelors/rbkairos_ws/install/robotnik_supervisor_msgs/include/robotnik_supervisor_msgs/robotnik_supervisor_msgs/srv/detail/start_module__type_support.cpp
[0.431s] -- Up-to-date: /home/hima/bachelors/rbkairos_ws/install/robotnik_supervisor_msgs/include/robotnik_supervisor_msgs/robotnik_supervisor_msgs/srv/detail/stop_module__rosidl_typesupport_introspection_cpp.hpp
[0.431s] -- Up-to-date: /home/hima/bachelors/rbkairos_ws/install/robotnik_supervisor_msgs/include/robotnik_supervisor_msgs/robotnik_supervisor_msgs/srv/detail/get_stack_status__type_support.cpp
[0.431s] -- Up-to-date: /home/hima/bachelors/rbkairos_ws/install/robotnik_supervisor_msgs/include/robotnik_supervisor_msgs/robotnik_supervisor_msgs/srv/detail/stop_module__type_support.cpp
[0.432s] -- Up-to-date: /home/hima/bachelors/rbkairos_ws/install/robotnik_supervisor_msgs/include/robotnik_supervisor_msgs/robotnik_supervisor_msgs/srv/detail/get_stack_list__type_support.cpp
[0.432s] -- Up-to-date: /home/hima/bachelors/rbkairos_ws/install/robotnik_supervisor_msgs/include/robotnik_supervisor_msgs/robotnik_supervisor_msgs/srv/detail/stop_stack__type_support.cpp
[0.432s] -- Up-to-date: /home/hima/bachelors/rbkairos_ws/install/robotnik_supervisor_msgs/include/robotnik_supervisor_msgs/robotnik_supervisor_msgs/srv/detail/get_stack_logs__type_support.cpp
[0.432s] -- Up-to-date: /home/hima/bachelors/rbkairos_ws/install/robotnik_supervisor_msgs/include/robotnik_supervisor_msgs/robotnik_supervisor_msgs/srv/detail/get_stack_status__rosidl_typesupport_introspection_cpp.hpp
[0.432s] -- Up-to-date: /home/hima/bachelors/rbkairos_ws/install/robotnik_supervisor_msgs/lib/librobotnik_supervisor_msgs__rosidl_typesupport_introspection_cpp.so
[0.432s] -- Up-to-date: /home/hima/bachelors/rbkairos_ws/install/robotnik_supervisor_msgs/lib/librobotnik_supervisor_msgs__rosidl_typesupport_cpp.so
[0.432s] -- Up-to-date: /home/hima/bachelors/rbkairos_ws/install/robotnik_supervisor_msgs/share/robotnik_supervisor_msgs/environment/pythonpath.sh
[0.432s] -- Up-to-date: /home/hima/bachelors/rbkairos_ws/install/robotnik_supervisor_msgs/share/robotnik_supervisor_msgs/environment/pythonpath.dsv
[0.432s] -- Up-to-date: /home/hima/bachelors/rbkairos_ws/install/robotnik_supervisor_msgs/local/lib/python3.10/dist-packages/robotnik_supervisor_msgs-1.0.0-py3.10.egg-info
[0.432s] -- Installing: /home/hima/bachelors/rbkairos_ws/install/robotnik_supervisor_msgs/local/lib/python3.10/dist-packages/robotnik_supervisor_msgs-1.0.0-py3.10.egg-info/top_level.txt
[0.432s] -- Installing: /home/hima/bachelors/rbkairos_ws/install/robotnik_supervisor_msgs/local/lib/python3.10/dist-packages/robotnik_supervisor_msgs-1.0.0-py3.10.egg-info/PKG-INFO
[0.432s] -- Installing: /home/hima/bachelors/rbkairos_ws/install/robotnik_supervisor_msgs/local/lib/python3.10/dist-packages/robotnik_supervisor_msgs-1.0.0-py3.10.egg-info/SOURCES.txt
[0.432s] -- Installing: /home/hima/bachelors/rbkairos_ws/install/robotnik_supervisor_msgs/local/lib/python3.10/dist-packages/robotnik_supervisor_msgs-1.0.0-py3.10.egg-info/dependency_links.txt
[0.432s] -- Up-to-date: /home/hima/bachelors/rbkairos_ws/install/robotnik_supervisor_msgs/local/lib/python3.10/dist-packages/robotnik_supervisor_msgs
[0.432s] -- Up-to-date: /home/hima/bachelors/rbkairos_ws/install/robotnik_supervisor_msgs/local/lib/python3.10/dist-packages/robotnik_supervisor_msgs/_robotnik_supervisor_msgs_s.ep.rosidl_typesupport_introspection_c.c
[0.432s] -- Up-to-date: /home/hima/bachelors/rbkairos_ws/install/robotnik_supervisor_msgs/local/lib/python3.10/dist-packages/robotnik_supervisor_msgs/srv
[0.433s] -- Up-to-date: /home/hima/bachelors/rbkairos_ws/install/robotnik_supervisor_msgs/local/lib/python3.10/dist-packages/robotnik_supervisor_msgs/srv/_start_stack_s.c
[0.433s] -- Up-to-date: /home/hima/bachelors/rbkairos_ws/install/robotnik_supervisor_msgs/local/lib/python3.10/dist-packages/robotnik_supervisor_msgs/srv/_down_stack_s.c
[0.433s] -- Up-to-date: /home/hima/bachelors/rbkairos_ws/install/robotnik_supervisor_msgs/local/lib/python3.10/dist-packages/robotnik_supervisor_msgs/srv/_get_stack_logs_s.c
[0.433s] -- Up-to-date: /home/hima/bachelors/rbkairos_ws/install/robotnik_supervisor_msgs/local/lib/python3.10/dist-packages/robotnik_supervisor_msgs/srv/_start_module_s.c
[0.433s] -- Up-to-date: /home/hima/bachelors/rbkairos_ws/install/robotnik_supervisor_msgs/local/lib/python3.10/dist-packages/robotnik_supervisor_msgs/srv/_stop_stack_s.c
[0.433s] -- Up-to-date: /home/hima/bachelors/rbkairos_ws/install/robotnik_supervisor_msgs/local/lib/python3.10/dist-packages/robotnik_supervisor_msgs/srv/_stop_module.py
[0.433s] -- Up-to-date: /home/hima/bachelors/rbkairos_ws/install/robotnik_supervisor_msgs/local/lib/python3.10/dist-packages/robotnik_supervisor_msgs/srv/_get_stack_list.py
[0.433s] -- Up-to-date: /home/hima/bachelors/rbkairos_ws/install/robotnik_supervisor_msgs/local/lib/python3.10/dist-packages/robotnik_supervisor_msgs/srv/_restart_stack_s.c
[0.433s] -- Up-to-date: /home/hima/bachelors/rbkairos_ws/install/robotnik_supervisor_msgs/local/lib/python3.10/dist-packages/robotnik_supervisor_msgs/srv/_start_stack.py
[0.433s] -- Up-to-date: /home/hima/bachelors/rbkairos_ws/install/robotnik_supervisor_msgs/local/lib/python3.10/dist-packages/robotnik_supervisor_msgs/srv/_restart_stack.py
[0.433s] -- Up-to-date: /home/hima/bachelors/rbkairos_ws/install/robotnik_supervisor_msgs/local/lib/python3.10/dist-packages/robotnik_supervisor_msgs/srv/_start_module.py
[0.433s] -- Up-to-date: /home/hima/bachelors/rbkairos_ws/install/robotnik_supervisor_msgs/local/lib/python3.10/dist-packages/robotnik_supervisor_msgs/srv/_get_stack_logs.py
[0.433s] -- Up-to-date: /home/hima/bachelors/rbkairos_ws/install/robotnik_supervisor_msgs/local/lib/python3.10/dist-packages/robotnik_supervisor_msgs/srv/__init__.py
[0.433s] -- Up-to-date: /home/hima/bachelors/rbkairos_ws/install/robotnik_supervisor_msgs/local/lib/python3.10/dist-packages/robotnik_supervisor_msgs/srv/_get_stack_list_s.c
[0.433s] -- Up-to-date: /home/hima/bachelors/rbkairos_ws/install/robotnik_supervisor_msgs/local/lib/python3.10/dist-packages/robotnik_supervisor_msgs/srv/_get_module_list.py
[0.433s] -- Up-to-date: /home/hima/bachelors/rbkairos_ws/install/robotnik_supervisor_msgs/local/lib/python3.10/dist-packages/robotnik_supervisor_msgs/srv/_get_module_list_s.c
[0.433s] -- Up-to-date: /home/hima/bachelors/rbkairos_ws/install/robotnik_supervisor_msgs/local/lib/python3.10/dist-packages/robotnik_supervisor_msgs/srv/_get_stack_status.py
[0.433s] -- Up-to-date: /home/hima/bachelors/rbkairos_ws/install/robotnik_supervisor_msgs/local/lib/python3.10/dist-packages/robotnik_supervisor_msgs/srv/_get_stack_status_s.c
[0.433s] -- Up-to-date: /home/hima/bachelors/rbkairos_ws/install/robotnik_supervisor_msgs/local/lib/python3.10/dist-packages/robotnik_supervisor_msgs/srv/_down_stack.py
[0.433s] -- Up-to-date: /home/hima/bachelors/rbkairos_ws/install/robotnik_supervisor_msgs/local/lib/python3.10/dist-packages/robotnik_supervisor_msgs/srv/_stop_stack.py
[0.433s] -- Up-to-date: /home/hima/bachelors/rbkairos_ws/install/robotnik_supervisor_msgs/local/lib/python3.10/dist-packages/robotnik_supervisor_msgs/srv/_stop_module_s.c
[0.433s] -- Up-to-date: /home/hima/bachelors/rbkairos_ws/install/robotnik_supervisor_msgs/local/lib/python3.10/dist-packages/robotnik_supervisor_msgs/robotnik_supervisor_msgs_s__rosidl_typesupport_introspection_c.cpython-310-x86_64-linux-gnu.so
[0.433s] -- Up-to-date: /home/hima/bachelors/rbkairos_ws/install/robotnik_supervisor_msgs/local/lib/python3.10/dist-packages/robotnik_supervisor_msgs/librobotnik_supervisor_msgs__rosidl_generator_py.so
[0.433s] -- Up-to-date: /home/hima/bachelors/rbkairos_ws/install/robotnik_supervisor_msgs/local/lib/python3.10/dist-packages/robotnik_supervisor_msgs/_robotnik_supervisor_msgs_s.ep.rosidl_typesupport_c.c
[0.433s] -- Up-to-date: /home/hima/bachelors/rbkairos_ws/install/robotnik_supervisor_msgs/local/lib/python3.10/dist-packages/robotnik_supervisor_msgs/_robotnik_supervisor_msgs_s.ep.rosidl_typesupport_fastrtps_c.c
[0.433s] -- Up-to-date: /home/hima/bachelors/rbkairos_ws/install/robotnik_supervisor_msgs/local/lib/python3.10/dist-packages/robotnik_supervisor_msgs/__init__.py
[0.434s] -- Up-to-date: /home/hima/bachelors/rbkairos_ws/install/robotnik_supervisor_msgs/local/lib/python3.10/dist-packages/robotnik_supervisor_msgs/robotnik_supervisor_msgs_s__rosidl_typesupport_c.cpython-310-x86_64-linux-gnu.so
[0.434s] -- Up-to-date: /home/hima/bachelors/rbkairos_ws/install/robotnik_supervisor_msgs/local/lib/python3.10/dist-packages/robotnik_supervisor_msgs/robotnik_supervisor_msgs_s__rosidl_typesupport_fastrtps_c.cpython-310-x86_64-linux-gnu.so
[0.475s] Listing '/home/hima/bachelors/rbkairos_ws/install/robotnik_supervisor_msgs/local/lib/python3.10/dist-packages/robotnik_supervisor_msgs'...
[0.475s] Listing '/home/hima/bachelors/rbkairos_ws/install/robotnik_supervisor_msgs/local/lib/python3.10/dist-packages/robotnik_supervisor_msgs/srv'...
[0.482s] -- Up-to-date: /home/hima/bachelors/rbkairos_ws/install/robotnik_supervisor_msgs/local/lib/python3.10/dist-packages/robotnik_supervisor_msgs/robotnik_supervisor_msgs_s__rosidl_typesupport_fastrtps_c.cpython-310-x86_64-linux-gnu.so
[0.483s] -- Up-to-date: /home/hima/bachelors/rbkairos_ws/install/robotnik_supervisor_msgs/local/lib/python3.10/dist-packages/robotnik_supervisor_msgs/robotnik_supervisor_msgs_s__rosidl_typesupport_introspection_c.cpython-310-x86_64-linux-gnu.so
[0.483s] -- Up-to-date: /home/hima/bachelors/rbkairos_ws/install/robotnik_supervisor_msgs/local/lib/python3.10/dist-packages/robotnik_supervisor_msgs/robotnik_supervisor_msgs_s__rosidl_typesupport_c.cpython-310-x86_64-linux-gnu.so
[0.483s] -- Up-to-date: /home/hima/bachelors/rbkairos_ws/install/robotnik_supervisor_msgs/lib/librobotnik_supervisor_msgs__rosidl_generator_py.so
[0.483s] -- Up-to-date: /home/hima/bachelors/rbkairos_ws/install/robotnik_supervisor_msgs/share/robotnik_supervisor_msgs/srv/DownStack.idl
[0.483s] -- Up-to-date: /home/hima/bachelors/rbkairos_ws/install/robotnik_supervisor_msgs/share/robotnik_supervisor_msgs/srv/GetModuleList.idl
[0.483s] -- Up-to-date: /home/hima/bachelors/rbkairos_ws/install/robotnik_supervisor_msgs/share/robotnik_supervisor_msgs/srv/GetStackList.idl
[0.483s] -- Up-to-date: /home/hima/bachelors/rbkairos_ws/install/robotnik_supervisor_msgs/share/robotnik_supervisor_msgs/srv/GetStackLogs.idl
[0.483s] -- Up-to-date: /home/hima/bachelors/rbkairos_ws/install/robotnik_supervisor_msgs/share/robotnik_supervisor_msgs/srv/GetStackStatus.idl
[0.483s] -- Up-to-date: /home/hima/bachelors/rbkairos_ws/install/robotnik_supervisor_msgs/share/robotnik_supervisor_msgs/srv/RestartStack.idl
[0.484s] -- Up-to-date: /home/hima/bachelors/rbkairos_ws/install/robotnik_supervisor_msgs/share/robotnik_supervisor_msgs/srv/StartModule.idl
[0.484s] -- Up-to-date: /home/hima/bachelors/rbkairos_ws/install/robotnik_supervisor_msgs/share/robotnik_supervisor_msgs/srv/StartStack.idl
[0.484s] -- Up-to-date: /home/hima/bachelors/rbkairos_ws/install/robotnik_supervisor_msgs/share/robotnik_supervisor_msgs/srv/StopModule.idl
[0.484s] -- Up-to-date: /home/hima/bachelors/rbkairos_ws/install/robotnik_supervisor_msgs/share/robotnik_supervisor_msgs/srv/StopStack.idl
[0.484s] -- Up-to-date: /home/hima/bachelors/rbkairos_ws/install/robotnik_supervisor_msgs/share/robotnik_supervisor_msgs/srv/DownStack.srv
[0.484s] -- Up-to-date: /home/hima/bachelors/rbkairos_ws/install/robotnik_supervisor_msgs/share/robotnik_supervisor_msgs/srv/DownStack_Request.msg
[0.484s] -- Up-to-date: /home/hima/bachelors/rbkairos_ws/install/robotnik_supervisor_msgs/share/robotnik_supervisor_msgs/srv/DownStack_Response.msg
[0.484s] -- Up-to-date: /home/hima/bachelors/rbkairos_ws/install/robotnik_supervisor_msgs/share/robotnik_supervisor_msgs/srv/GetModuleList.srv
[0.484s] -- Up-to-date: /home/hima/bachelors/rbkairos_ws/install/robotnik_supervisor_msgs/share/robotnik_supervisor_msgs/srv/GetModuleList_Request.msg
[0.484s] -- Up-to-date: /home/hima/bachelors/rbkairos_ws/install/robotnik_supervisor_msgs/share/robotnik_supervisor_msgs/srv/GetModuleList_Response.msg
[0.484s] -- Up-to-date: /home/hima/bachelors/rbkairos_ws/install/robotnik_supervisor_msgs/share/robotnik_supervisor_msgs/srv/GetStackList.srv
[0.484s] -- Up-to-date: /home/hima/bachelors/rbkairos_ws/install/robotnik_supervisor_msgs/share/robotnik_supervisor_msgs/srv/GetStackList_Request.msg
[0.484s] -- Up-to-date: /home/hima/bachelors/rbkairos_ws/install/robotnik_supervisor_msgs/share/robotnik_supervisor_msgs/srv/GetStackList_Response.msg
[0.484s] -- Up-to-date: /home/hima/bachelors/rbkairos_ws/install/robotnik_supervisor_msgs/share/robotnik_supervisor_msgs/srv/GetStackLogs.srv
[0.484s] -- Up-to-date: /home/hima/bachelors/rbkairos_ws/install/robotnik_supervisor_msgs/share/robotnik_supervisor_msgs/srv/GetStackLogs_Request.msg
[0.484s] -- Up-to-date: /home/hima/bachelors/rbkairos_ws/install/robotnik_supervisor_msgs/share/robotnik_supervisor_msgs/srv/GetStackLogs_Response.msg
[0.484s] -- Up-to-date: /home/hima/bachelors/rbkairos_ws/install/robotnik_supervisor_msgs/share/robotnik_supervisor_msgs/srv/GetStackStatus.srv
[0.484s] -- Up-to-date: /home/hima/bachelors/rbkairos_ws/install/robotnik_supervisor_msgs/share/robotnik_supervisor_msgs/srv/GetStackStatus_Request.msg
[0.484s] -- Up-to-date: /home/hima/bachelors/rbkairos_ws/install/robotnik_supervisor_msgs/share/robotnik_supervisor_msgs/srv/GetStackStatus_Response.msg
[0.484s] -- Up-to-date: /home/hima/bachelors/rbkairos_ws/install/robotnik_supervisor_msgs/share/robotnik_supervisor_msgs/srv/RestartStack.srv
[0.484s] -- Up-to-date: /home/hima/bachelors/rbkairos_ws/install/robotnik_supervisor_msgs/share/robotnik_supervisor_msgs/srv/RestartStack_Request.msg
[0.484s] -- Up-to-date: /home/hima/bachelors/rbkairos_ws/install/robotnik_supervisor_msgs/share/robotnik_supervisor_msgs/srv/RestartStack_Response.msg
[0.484s] -- Up-to-date: /home/hima/bachelors/rbkairos_ws/install/robotnik_supervisor_msgs/share/robotnik_supervisor_msgs/srv/StartModule.srv
[0.484s] -- Up-to-date: /home/hima/bachelors/rbkairos_ws/install/robotnik_supervisor_msgs/share/robotnik_supervisor_msgs/srv/StartModule_Request.msg
[0.484s] -- Up-to-date: /home/hima/bachelors/rbkairos_ws/install/robotnik_supervisor_msgs/share/robotnik_supervisor_msgs/srv/StartModule_Response.msg
[0.485s] -- Up-to-date: /home/hima/bachelors/rbkairos_ws/install/robotnik_supervisor_msgs/share/robotnik_supervisor_msgs/srv/StartStack.srv
[0.485s] -- Up-to-date: /home/hima/bachelors/rbkairos_ws/install/robotnik_supervisor_msgs/share/robotnik_supervisor_msgs/srv/StartStack_Request.msg
[0.485s] -- Up-to-date: /home/hima/bachelors/rbkairos_ws/install/robotnik_supervisor_msgs/share/robotnik_supervisor_msgs/srv/StartStack_Response.msg
[0.485s] -- Up-to-date: /home/hima/bachelors/rbkairos_ws/install/robotnik_supervisor_msgs/share/robotnik_supervisor_msgs/srv/StopModule.srv
[0.485s] -- Up-to-date: /home/hima/bachelors/rbkairos_ws/install/robotnik_supervisor_msgs/share/robotnik_supervisor_msgs/srv/StopModule_Request.msg
[0.485s] -- Up-to-date: /home/hima/bachelors/rbkairos_ws/install/robotnik_supervisor_msgs/share/robotnik_supervisor_msgs/srv/StopModule_Response.msg
[0.485s] -- Up-to-date: /home/hima/bachelors/rbkairos_ws/install/robotnik_supervisor_msgs/share/robotnik_supervisor_msgs/srv/StopStack.srv
[0.485s] -- Up-to-date: /home/hima/bachelors/rbkairos_ws/install/robotnik_supervisor_msgs/share/robotnik_supervisor_msgs/srv/StopStack_Request.msg
[0.485s] -- Up-to-date: /home/hima/bachelors/rbkairos_ws/install/robotnik_supervisor_msgs/share/robotnik_supervisor_msgs/srv/StopStack_Response.msg
[0.485s] -- Up-to-date: /home/hima/bachelors/rbkairos_ws/install/robotnik_supervisor_msgs/share/ament_index/resource_index/package_run_dependencies/robotnik_supervisor_msgs
[0.485s] -- Up-to-date: /home/hima/bachelors/rbkairos_ws/install/robotnik_supervisor_msgs/share/ament_index/resource_index/parent_prefix_path/robotnik_supervisor_msgs
[0.485s] -- Up-to-date: /home/hima/bachelors/rbkairos_ws/install/robotnik_supervisor_msgs/share/robotnik_supervisor_msgs/environment/ament_prefix_path.sh
[0.485s] -- Up-to-date: /home/hima/bachelors/rbkairos_ws/install/robotnik_supervisor_msgs/share/robotnik_supervisor_msgs/environment/ament_prefix_path.dsv
[0.485s] -- Up-to-date: /home/hima/bachelors/rbkairos_ws/install/robotnik_supervisor_msgs/share/robotnik_supervisor_msgs/environment/path.sh
[0.485s] -- Up-to-date: /home/hima/bachelors/rbkairos_ws/install/robotnik_supervisor_msgs/share/robotnik_supervisor_msgs/environment/path.dsv
[0.485s] -- Up-to-date: /home/hima/bachelors/rbkairos_ws/install/robotnik_supervisor_msgs/share/robotnik_supervisor_msgs/local_setup.bash
[0.485s] -- Up-to-date: /home/hima/bachelors/rbkairos_ws/install/robotnik_supervisor_msgs/share/robotnik_supervisor_msgs/local_setup.sh
[0.486s] -- Up-to-date: /home/hima/bachelors/rbkairos_ws/install/robotnik_supervisor_msgs/share/robotnik_supervisor_msgs/local_setup.zsh
[0.486s] -- Up-to-date: /home/hima/bachelors/rbkairos_ws/install/robotnik_supervisor_msgs/share/robotnik_supervisor_msgs/local_setup.dsv
[0.486s] -- Installing: /home/hima/bachelors/rbkairos_ws/install/robotnik_supervisor_msgs/share/robotnik_supervisor_msgs/package.dsv
[0.486s] -- Up-to-date: /home/hima/bachelors/rbkairos_ws/install/robotnik_supervisor_msgs/share/ament_index/resource_index/packages/robotnik_supervisor_msgs
[0.486s] -- Up-to-date: /home/hima/bachelors/rbkairos_ws/install/robotnik_supervisor_msgs/share/robotnik_supervisor_msgs/cmake/export_robotnik_supervisor_msgs__rosidl_generator_cExport.cmake
[0.486s] -- Up-to-date: /home/hima/bachelors/rbkairos_ws/install/robotnik_supervisor_msgs/share/robotnik_supervisor_msgs/cmake/export_robotnik_supervisor_msgs__rosidl_generator_cExport-noconfig.cmake
[0.486s] -- Up-to-date: /home/hima/bachelors/rbkairos_ws/install/robotnik_supervisor_msgs/share/robotnik_supervisor_msgs/cmake/export_robotnik_supervisor_msgs__rosidl_typesupport_fastrtps_cExport.cmake
[0.486s] -- Up-to-date: /home/hima/bachelors/rbkairos_ws/install/robotnik_supervisor_msgs/share/robotnik_supervisor_msgs/cmake/export_robotnik_supervisor_msgs__rosidl_typesupport_fastrtps_cExport-noconfig.cmake
[0.486s] -- Up-to-date: /home/hima/bachelors/rbkairos_ws/install/robotnik_supervisor_msgs/share/robotnik_supervisor_msgs/cmake/export_robotnik_supervisor_msgs__rosidl_generator_cppExport.cmake
[0.486s] -- Up-to-date: /home/hima/bachelors/rbkairos_ws/install/robotnik_supervisor_msgs/share/robotnik_supervisor_msgs/cmake/export_robotnik_supervisor_msgs__rosidl_typesupport_fastrtps_cppExport.cmake
[0.486s] -- Up-to-date: /home/hima/bachelors/rbkairos_ws/install/robotnik_supervisor_msgs/share/robotnik_supervisor_msgs/cmake/export_robotnik_supervisor_msgs__rosidl_typesupport_fastrtps_cppExport-noconfig.cmake
[0.486s] -- Up-to-date: /home/hima/bachelors/rbkairos_ws/install/robotnik_supervisor_msgs/share/robotnik_supervisor_msgs/cmake/robotnik_supervisor_msgs__rosidl_typesupport_introspection_cExport.cmake
[0.486s] -- Up-to-date: /home/hima/bachelors/rbkairos_ws/install/robotnik_supervisor_msgs/share/robotnik_supervisor_msgs/cmake/robotnik_supervisor_msgs__rosidl_typesupport_introspection_cExport-noconfig.cmake
[0.486s] -- Up-to-date: /home/hima/bachelors/rbkairos_ws/install/robotnik_supervisor_msgs/share/robotnik_supervisor_msgs/cmake/robotnik_supervisor_msgs__rosidl_typesupport_cExport.cmake
[0.486s] -- Up-to-date: /home/hima/bachelors/rbkairos_ws/install/robotnik_supervisor_msgs/share/robotnik_supervisor_msgs/cmake/robotnik_supervisor_msgs__rosidl_typesupport_cExport-noconfig.cmake
[0.486s] -- Up-to-date: /home/hima/bachelors/rbkairos_ws/install/robotnik_supervisor_msgs/share/robotnik_supervisor_msgs/cmake/robotnik_supervisor_msgs__rosidl_typesupport_introspection_cppExport.cmake
[0.486s] -- Up-to-date: /home/hima/bachelors/rbkairos_ws/install/robotnik_supervisor_msgs/share/robotnik_supervisor_msgs/cmake/robotnik_supervisor_msgs__rosidl_typesupport_introspection_cppExport-noconfig.cmake
[0.486s] -- Up-to-date: /home/hima/bachelors/rbkairos_ws/install/robotnik_supervisor_msgs/share/robotnik_supervisor_msgs/cmake/robotnik_supervisor_msgs__rosidl_typesupport_cppExport.cmake
[0.486s] -- Up-to-date: /home/hima/bachelors/rbkairos_ws/install/robotnik_supervisor_msgs/share/robotnik_supervisor_msgs/cmake/robotnik_supervisor_msgs__rosidl_typesupport_cppExport-noconfig.cmake
[0.487s] -- Up-to-date: /home/hima/bachelors/rbkairos_ws/install/robotnik_supervisor_msgs/share/robotnik_supervisor_msgs/cmake/export_robotnik_supervisor_msgs__rosidl_generator_pyExport.cmake
[0.487s] -- Up-to-date: /home/hima/bachelors/rbkairos_ws/install/robotnik_supervisor_msgs/share/robotnik_supervisor_msgs/cmake/export_robotnik_supervisor_msgs__rosidl_generator_pyExport-noconfig.cmake
[0.487s] -- Up-to-date: /home/hima/bachelors/rbkairos_ws/install/robotnik_supervisor_msgs/share/robotnik_supervisor_msgs/cmake/rosidl_cmake-extras.cmake
[0.487s] -- Up-to-date: /home/hima/bachelors/rbkairos_ws/install/robotnik_supervisor_msgs/share/robotnik_supervisor_msgs/cmake/ament_cmake_export_dependencies-extras.cmake
[0.487s] -- Up-to-date: /home/hima/bachelors/rbkairos_ws/install/robotnik_supervisor_msgs/share/robotnik_supervisor_msgs/cmake/ament_cmake_export_include_directories-extras.cmake
[0.487s] -- Up-to-date: /home/hima/bachelors/rbkairos_ws/install/robotnik_supervisor_msgs/share/robotnik_supervisor_msgs/cmake/ament_cmake_export_libraries-extras.cmake
[0.487s] -- Up-to-date: /home/hima/bachelors/rbkairos_ws/install/robotnik_supervisor_msgs/share/robotnik_supervisor_msgs/cmake/ament_cmake_export_targets-extras.cmake
[0.487s] -- Up-to-date: /home/hima/bachelors/rbkairos_ws/install/robotnik_supervisor_msgs/share/robotnik_supervisor_msgs/cmake/rosidl_cmake_export_typesupport_targets-extras.cmake
[0.487s] -- Up-to-date: /home/hima/bachelors/rbkairos_ws/install/robotnik_supervisor_msgs/share/robotnik_supervisor_msgs/cmake/rosidl_cmake_export_typesupport_libraries-extras.cmake
[0.487s] -- Up-to-date: /home/hima/bachelors/rbkairos_ws/install/robotnik_supervisor_msgs/share/robotnik_supervisor_msgs/cmake/robotnik_supervisor_msgsConfig.cmake
[0.487s] -- Up-to-date: /home/hima/bachelors/rbkairos_ws/install/robotnik_supervisor_msgs/share/robotnik_supervisor_msgs/cmake/robotnik_supervisor_msgsConfig-version.cmake
[0.487s] -- Up-to-date: /home/hima/bachelors/rbkairos_ws/install/robotnik_supervisor_msgs/share/robotnik_supervisor_msgs/package.xml
[0.503s] Invoked command in '/home/hima/bachelors/rbkairos_ws/build/robotnik_supervisor_msgs' returned '0': CMAKE_PREFIX_PATH=/home/hima/bachelors/rbkairos_ws/install/robotnik_common_msgs:/home/hima/bachelors/rbkairos_ws/install/ros2_laser_scan_merger:/home/hima/bachelors/rbkairos_ws/install/ros2_laser_scan_matcher:/home/hima/bachelors/rbkairos_ws/install/robotnik_supervisor_msgs:/home/hima/bachelors/rbkairos_ws/install/robotnik_gazebo_ignition:/home/hima/bachelors/rbkairos_ws/install/robotnik_gazebo_classic:/home/hima/bachelors/rbkairos_ws/install/mapping:/home/hima/bachelors/rbkairos_ws/install/robotnik_description:/home/hima/bachelors/rbkairos_ws/install/robotnik_sensors:/home/hima/bachelors/rbkairos_ws/install/robotnik_interfaces:/home/hima/bachelors/rbkairos_ws/install/robotnik_safety_msgs:/home/hima/bachelors/rbkairos_ws/install/robotnik_perception_msgs:/home/hima/bachelors/rbkairos_ws/install/robotnik_navigation_msgs:/home/hima/bachelors/rbkairos_ws/install/robotnik_io_msgs:/home/hima/bachelors/rbkairos_ws/install/robotnik_controllers_msgs:/home/hima/bachelors/rbkairos_ws/install/robotnik_common:/home/hima/bachelors/rbkairos_ws/install/robotnik_battery_msgs:/home/hima/bachelors/rbkairos_ws/install/csm:/opt/ros/humble LD_LIBRARY_PATH=/home/hima/bachelors/rbkairos_ws/install/robotnik_common_msgs/lib:/home/hima/bachelors/rbkairos_ws/install/robotnik_supervisor_msgs/lib:/home/hima/bachelors/rbkairos_ws/install/robotnik_perception_msgs/lib:/home/hima/bachelors/rbkairos_ws/install/robotnik_navigation_msgs/lib:/home/hima/bachelors/rbkairos_ws/install/robotnik_io_msgs/lib:/home/hima/bachelors/rbkairos_ws/install/robotnik_controllers_msgs/lib:/home/hima/bachelors/rbkairos_ws/install/robotnik_battery_msgs/lib:/home/hima/bachelors/rbkairos_ws/install/csm/lib:/usr/lib/x86_64-linux-gnu/gazebo-11/plugins:/opt/ros/humble/opt/rviz_ogre_vendor/lib:/opt/ros/humble/lib/x86_64-linux-gnu:/opt/ros/humble/lib /usr/bin/cmake --install /home/hima/bachelors/rbkairos_ws/build/robotnik_supervisor_msgs
