[0.112s] Invoking command in '/home/hima/bachelors/rbkairos_ws/build/robotnik_gazebo_classic': CMAKE_PREFIX_PATH=/home/hima/bachelors/rbkairos_ws/install/robotnik_description:/home/hima/bachelors/rbkairos_ws/install/robotnik_sensors:/home/hima/bachelors/rbkairos_ws/install/robotnik_common:/home/hima/bachelors/rbkairos_ws/install/ros2_laser_scan_merger:/home/hima/bachelors/rbkairos_ws/install/ros2_laser_scan_matcher:/home/hima/bachelors/rbkairos_ws/install/robotnik_supervisor_msgs:/home/hima/bachelors/rbkairos_ws/install/robotnik_gazebo_ignition:/home/hima/bachelors/rbkairos_ws/install/robotnik_gazebo_classic:/home/hima/bachelors/rbkairos_ws/install/mapping:/home/hima/bachelors/rbkairos_ws/install/robotnik_interfaces:/home/hima/bachelors/rbkairos_ws/install/robotnik_safety_msgs:/home/hima/bachelors/rbkairos_ws/install/robotnik_perception_msgs:/home/hima/bachelors/rbkairos_ws/install/robotnik_navigation_msgs:/home/hima/bachelors/rbkairos_ws/install/robotnik_io_msgs:/home/hima/bachelors/rbkairos_ws/install/robotnik_controllers_msgs:/home/hima/bachelors/rbkairos_ws/install/robotnik_common_msgs:/home/hima/bachelors/rbkairos_ws/install/robotnik_battery_msgs:/home/hima/bachelors/rbkairos_ws/install/csm:/opt/ros/humble /usr/bin/cmake --build /home/hima/bachelors/rbkairos_ws/build/robotnik_gazebo_classic -- -j16 -l16
[0.199s] Invoked command in '/home/hima/bachelors/rbkairos_ws/build/robotnik_gazebo_classic' returned '0': CMAKE_PREFIX_PATH=/home/hima/bachelors/rbkairos_ws/install/robotnik_description:/home/hima/bachelors/rbkairos_ws/install/robotnik_sensors:/home/hima/bachelors/rbkairos_ws/install/robotnik_common:/home/hima/bachelors/rbkairos_ws/install/ros2_laser_scan_merger:/home/hima/bachelors/rbkairos_ws/install/ros2_laser_scan_matcher:/home/hima/bachelors/rbkairos_ws/install/robotnik_supervisor_msgs:/home/hima/bachelors/rbkairos_ws/install/robotnik_gazebo_ignition:/home/hima/bachelors/rbkairos_ws/install/robotnik_gazebo_classic:/home/hima/bachelors/rbkairos_ws/install/mapping:/home/hima/bachelors/rbkairos_ws/install/robotnik_interfaces:/home/hima/bachelors/rbkairos_ws/install/robotnik_safety_msgs:/home/hima/bachelors/rbkairos_ws/install/robotnik_perception_msgs:/home/hima/bachelors/rbkairos_ws/install/robotnik_navigation_msgs:/home/hima/bachelors/rbkairos_ws/install/robotnik_io_msgs:/home/hima/bachelors/rbkairos_ws/install/robotnik_controllers_msgs:/home/hima/bachelors/rbkairos_ws/install/robotnik_common_msgs:/home/hima/bachelors/rbkairos_ws/install/robotnik_battery_msgs:/home/hima/bachelors/rbkairos_ws/install/csm:/opt/ros/humble /usr/bin/cmake --build /home/hima/bachelors/rbkairos_ws/build/robotnik_gazebo_classic -- -j16 -l16
[0.204s] Invoking command in '/home/hima/bachelors/rbkairos_ws/build/robotnik_gazebo_classic': CMAKE_PREFIX_PATH=/home/hima/bachelors/rbkairos_ws/install/robotnik_description:/home/hima/bachelors/rbkairos_ws/install/robotnik_sensors:/home/hima/bachelors/rbkairos_ws/install/robotnik_common:/home/hima/bachelors/rbkairos_ws/install/ros2_laser_scan_merger:/home/hima/bachelors/rbkairos_ws/install/ros2_laser_scan_matcher:/home/hima/bachelors/rbkairos_ws/install/robotnik_supervisor_msgs:/home/hima/bachelors/rbkairos_ws/install/robotnik_gazebo_ignition:/home/hima/bachelors/rbkairos_ws/install/robotnik_gazebo_classic:/home/hima/bachelors/rbkairos_ws/install/mapping:/home/hima/bachelors/rbkairos_ws/install/robotnik_interfaces:/home/hima/bachelors/rbkairos_ws/install/robotnik_safety_msgs:/home/hima/bachelors/rbkairos_ws/install/robotnik_perception_msgs:/home/hima/bachelors/rbkairos_ws/install/robotnik_navigation_msgs:/home/hima/bachelors/rbkairos_ws/install/robotnik_io_msgs:/home/hima/bachelors/rbkairos_ws/install/robotnik_controllers_msgs:/home/hima/bachelors/rbkairos_ws/install/robotnik_common_msgs:/home/hima/bachelors/rbkairos_ws/install/robotnik_battery_msgs:/home/hima/bachelors/rbkairos_ws/install/csm:/opt/ros/humble /usr/bin/cmake --install /home/hima/bachelors/rbkairos_ws/build/robotnik_gazebo_classic
[0.241s] -- Install configuration: ""
[0.241s] -- Up-to-date: /home/hima/bachelors/rbkairos_ws/install/robotnik_gazebo_classic/share/robotnik_gazebo_classic//launch
[0.249s] -- Up-to-date: /home/hima/bachelors/rbkairos_ws/install/robotnik_gazebo_classic/share/robotnik_gazebo_classic//launch/spawn_demo1.launch .py
[0.249s] -- Up-to-date: /home/hima/bachelors/rbkairos_ws/install/robotnik_gazebo_classic/share/robotnik_gazebo_classic//launch/spawn_robot.launch.py
[0.249s] -- Up-to-date: /home/hima/bachelors/rbkairos_ws/install/robotnik_gazebo_classic/share/robotnik_gazebo_classic//launch/spawn_world.launch.py
[0.249s] -- Up-to-date: /home/hima/bachelors/rbkairos_ws/install/robotnik_gazebo_classic/share/robotnik_gazebo_classic//worlds
[0.249s] -- Up-to-date: /home/hima/bachelors/rbkairos_ws/install/robotnik_gazebo_classic/share/robotnik_gazebo_classic//worlds/demo.world
[0.250s] -- Up-to-date: /home/hima/bachelors/rbkairos_ws/install/robotnik_gazebo_classic/share/robotnik_gazebo_classic//worlds/vineyard.world
[0.250s] -- Up-to-date: /home/hima/bachelors/rbkairos_ws/install/robotnik_gazebo_classic/share/robotnik_gazebo_classic//worlds/75X53_demo_1.world
[0.250s] -- Up-to-date: /home/hima/bachelors/rbkairos_ws/install/robotnik_gazebo_classic/share/robotnik_gazebo_classic//worlds/willow_garage.world
[0.250s] -- Up-to-date: /home/hima/bachelors/rbkairos_ws/install/robotnik_gazebo_classic/share/robotnik_gazebo_classic//worlds/maze.world
[0.250s] -- Up-to-date: /home/hima/bachelors/rbkairos_ws/install/robotnik_gazebo_classic/share/robotnik_gazebo_classic//worlds/robotnik_lab.world
[0.250s] -- Up-to-date: /home/hima/bachelors/rbkairos_ws/install/robotnik_gazebo_classic/share/robotnik_gazebo_classic//config
[0.250s] -- Up-to-date: /home/hima/bachelors/rbkairos_ws/install/robotnik_gazebo_classic/share/robotnik_gazebo_classic//config/rbrobout
[0.250s] -- Up-to-date: /home/hima/bachelors/rbkairos_ws/install/robotnik_gazebo_classic/share/robotnik_gazebo_classic//config/rbrobout/rbrobout_controller_params.yaml
[0.250s] -- Up-to-date: /home/hima/bachelors/rbkairos_ws/install/robotnik_gazebo_classic/share/robotnik_gazebo_classic//config/rbrobout/rviz_config.rviz
[0.251s] -- Up-to-date: /home/hima/bachelors/rbkairos_ws/install/robotnik_gazebo_classic/share/robotnik_gazebo_classic//config/rbtheron
[0.251s] -- Up-to-date: /home/hima/bachelors/rbkairos_ws/install/robotnik_gazebo_classic/share/robotnik_gazebo_classic//config/rbtheron/rbtheron_controller_params.yaml
[0.251s] -- Up-to-date: /home/hima/bachelors/rbkairos_ws/install/robotnik_gazebo_classic/share/robotnik_gazebo_classic//config/rbtheron/rviz_config.rviz
[0.251s] -- Up-to-date: /home/hima/bachelors/rbkairos_ws/install/robotnik_gazebo_classic/share/robotnik_gazebo_classic//config/rbkairos
[0.251s] -- Up-to-date: /home/hima/bachelors/rbkairos_ws/install/robotnik_gazebo_classic/share/robotnik_gazebo_classic//config/rbkairos/rbkairos_controller_params.yaml
[0.251s] -- Up-to-date: /home/hima/bachelors/rbkairos_ws/install/robotnik_gazebo_classic/share/robotnik_gazebo_classic//config/rbkairos/rviz_config.rviz
[0.251s] -- Up-to-date: /home/hima/bachelors/rbkairos_ws/install/robotnik_gazebo_classic/share/robotnik_gazebo_classic//config/rbvogui
[0.251s] -- Up-to-date: /home/hima/bachelors/rbkairos_ws/install/robotnik_gazebo_classic/share/robotnik_gazebo_classic//config/rbvogui/rbvogui_controller_params.yaml
[0.251s] -- Up-to-date: /home/hima/bachelors/rbkairos_ws/install/robotnik_gazebo_classic/share/robotnik_gazebo_classic//config/rbvogui/rviz_config.rviz
[0.251s] -- Up-to-date: /home/hima/bachelors/rbkairos_ws/install/robotnik_gazebo_classic/share/robotnik_gazebo_classic//config/rbsummit
[0.251s] -- Up-to-date: /home/hima/bachelors/rbkairos_ws/install/robotnik_gazebo_classic/share/robotnik_gazebo_classic//config/rbsummit/rbsummit_controller_params.yaml
[0.251s] -- Up-to-date: /home/hima/bachelors/rbkairos_ws/install/robotnik_gazebo_classic/share/robotnik_gazebo_classic//config/rbsummit/rviz_config.rviz
[0.251s] -- Up-to-date: /home/hima/bachelors/rbkairos_ws/install/robotnik_gazebo_classic/share/ament_index/resource_index/package_run_dependencies/robotnik_gazebo_classic
[0.251s] -- Up-to-date: /home/hima/bachelors/rbkairos_ws/install/robotnik_gazebo_classic/share/ament_index/resource_index/parent_prefix_path/robotnik_gazebo_classic
[0.252s] -- Up-to-date: /home/hima/bachelors/rbkairos_ws/install/robotnik_gazebo_classic/share/robotnik_gazebo_classic/environment/ament_prefix_path.sh
[0.252s] -- Up-to-date: /home/hima/bachelors/rbkairos_ws/install/robotnik_gazebo_classic/share/robotnik_gazebo_classic/environment/ament_prefix_path.dsv
[0.252s] -- Up-to-date: /home/hima/bachelors/rbkairos_ws/install/robotnik_gazebo_classic/share/robotnik_gazebo_classic/environment/path.sh
[0.253s] -- Up-to-date: /home/hima/bachelors/rbkairos_ws/install/robotnik_gazebo_classic/share/robotnik_gazebo_classic/environment/path.dsv
[0.254s] -- Up-to-date: /home/hima/bachelors/rbkairos_ws/install/robotnik_gazebo_classic/share/robotnik_gazebo_classic/local_setup.bash
[0.254s] -- Up-to-date: /home/hima/bachelors/rbkairos_ws/install/robotnik_gazebo_classic/share/robotnik_gazebo_classic/local_setup.sh
[0.255s] -- Up-to-date: /home/hima/bachelors/rbkairos_ws/install/robotnik_gazebo_classic/share/robotnik_gazebo_classic/local_setup.zsh
[0.256s] -- Up-to-date: /home/hima/bachelors/rbkairos_ws/install/robotnik_gazebo_classic/share/robotnik_gazebo_classic/local_setup.dsv
[0.258s] -- Installing: /home/hima/bachelors/rbkairos_ws/install/robotnik_gazebo_classic/share/robotnik_gazebo_classic/package.dsv
[0.258s] -- Up-to-date: /home/hima/bachelors/rbkairos_ws/install/robotnik_gazebo_classic/share/ament_index/resource_index/packages/robotnik_gazebo_classic
[0.258s] -- Up-to-date: /home/hima/bachelors/rbkairos_ws/install/robotnik_gazebo_classic/share/robotnik_gazebo_classic/cmake/robotnik_gazebo_classicConfig.cmake
[0.259s] -- Up-to-date: /home/hima/bachelors/rbkairos_ws/install/robotnik_gazebo_classic/share/robotnik_gazebo_classic/cmake/robotnik_gazebo_classicConfig-version.cmake
[0.260s] -- Up-to-date: /home/hima/bachelors/rbkairos_ws/install/robotnik_gazebo_classic/share/robotnik_gazebo_classic/package.xml
[0.418s] Invoked command in '/home/hima/bachelors/rbkairos_ws/build/robotnik_gazebo_classic' returned '0': CMAKE_PREFIX_PATH=/home/hima/bachelors/rbkairos_ws/install/robotnik_description:/home/hima/bachelors/rbkairos_ws/install/robotnik_sensors:/home/hima/bachelors/rbkairos_ws/install/robotnik_common:/home/hima/bachelors/rbkairos_ws/install/ros2_laser_scan_merger:/home/hima/bachelors/rbkairos_ws/install/ros2_laser_scan_matcher:/home/hima/bachelors/rbkairos_ws/install/robotnik_supervisor_msgs:/home/hima/bachelors/rbkairos_ws/install/robotnik_gazebo_ignition:/home/hima/bachelors/rbkairos_ws/install/robotnik_gazebo_classic:/home/hima/bachelors/rbkairos_ws/install/mapping:/home/hima/bachelors/rbkairos_ws/install/robotnik_interfaces:/home/hima/bachelors/rbkairos_ws/install/robotnik_safety_msgs:/home/hima/bachelors/rbkairos_ws/install/robotnik_perception_msgs:/home/hima/bachelors/rbkairos_ws/install/robotnik_navigation_msgs:/home/hima/bachelors/rbkairos_ws/install/robotnik_io_msgs:/home/hima/bachelors/rbkairos_ws/install/robotnik_controllers_msgs:/home/hima/bachelors/rbkairos_ws/install/robotnik_common_msgs:/home/hima/bachelors/rbkairos_ws/install/robotnik_battery_msgs:/home/hima/bachelors/rbkairos_ws/install/csm:/opt/ros/humble /usr/bin/cmake --install /home/hima/bachelors/rbkairos_ws/build/robotnik_gazebo_classic
