[0.059s] Invoking command in '/home/hima/bachelors/rbkairos_ws/build/robotnik_supervisor_msgs': CMAKE_PREFIX_PATH=/home/hima/bachelors/rbkairos_ws/install/robotnik_common_msgs:/home/hima/bachelors/rbkairos_ws/install/ros2_laser_scan_merger:/home/hima/bachelors/rbkairos_ws/install/ros2_laser_scan_matcher:/home/hima/bachelors/rbkairos_ws/install/robotnik_supervisor_msgs:/home/hima/bachelors/rbkairos_ws/install/robotnik_gazebo_ignition:/home/hima/bachelors/rbkairos_ws/install/robotnik_gazebo_classic:/home/hima/bachelors/rbkairos_ws/install/mapping:/home/hima/bachelors/rbkairos_ws/install/robotnik_description:/home/hima/bachelors/rbkairos_ws/install/robotnik_sensors:/home/hima/bachelors/rbkairos_ws/install/robotnik_interfaces:/home/hima/bachelors/rbkairos_ws/install/robotnik_safety_msgs:/home/hima/bachelors/rbkairos_ws/install/robotnik_perception_msgs:/home/hima/bachelors/rbkairos_ws/install/robotnik_navigation_msgs:/home/hima/bachelors/rbkairos_ws/install/robotnik_io_msgs:/home/hima/bachelors/rbkairos_ws/install/robotnik_controllers_msgs:/home/hima/bachelors/rbkairos_ws/install/robotnik_common:/home/hima/bachelors/rbkairos_ws/install/robotnik_battery_msgs:/home/hima/bachelors/rbkairos_ws/install/csm:/opt/ros/humble LD_LIBRARY_PATH=/home/hima/bachelors/rbkairos_ws/install/robotnik_common_msgs/lib:/home/hima/bachelors/rbkairos_ws/install/robotnik_supervisor_msgs/lib:/home/hima/bachelors/rbkairos_ws/install/robotnik_perception_msgs/lib:/home/hima/bachelors/rbkairos_ws/install/robotnik_navigation_msgs/lib:/home/hima/bachelors/rbkairos_ws/install/robotnik_io_msgs/lib:/home/hima/bachelors/rbkairos_ws/install/robotnik_controllers_msgs/lib:/home/hima/bachelors/rbkairos_ws/install/robotnik_battery_msgs/lib:/home/hima/bachelors/rbkairos_ws/install/csm/lib:/usr/lib/x86_64-linux-gnu/gazebo-11/plugins:/opt/ros/humble/opt/rviz_ogre_vendor/lib:/opt/ros/humble/lib/x86_64-linux-gnu:/opt/ros/humble/lib /usr/bin/cmake --build /home/hima/bachelors/rbkairos_ws/build/robotnik_supervisor_msgs -- -j16 -l16
[0.173s] [  0%] Built target robotnik_supervisor_msgs__cpp
[0.174s] [ 12%] Built target robotnik_supervisor_msgs__rosidl_generator_c
[0.194s] [ 12%] Built target ament_cmake_python_copy_robotnik_supervisor_msgs
[0.214s] [ 24%] Built target robotnik_supervisor_msgs__rosidl_typesupport_cpp
[0.228s] [ 36%] Built target robotnik_supervisor_msgs__rosidl_typesupport_fastrtps_c
[0.236s] [ 48%] Built target robotnik_supervisor_msgs__rosidl_typesupport_introspection_cpp
[0.243s] [ 60%] Built target robotnik_supervisor_msgs__rosidl_typesupport_introspection_c
[0.245s] [ 71%] Built target robotnik_supervisor_msgs__rosidl_typesupport_fastrtps_cpp
[0.246s] [ 82%] Built target robotnik_supervisor_msgs__rosidl_typesupport_c
[0.308s] [ 82%] Built target robotnik_supervisor_msgs
[0.334s] [ 83%] Built target robotnik_supervisor_msgs__py
[0.463s] [ 94%] Built target robotnik_supervisor_msgs__rosidl_generator_py
[0.522s] [ 96%] Built target robotnik_supervisor_msgs__rosidl_typesupport_introspection_c__pyext
[0.569s] [ 98%] Built target robotnik_supervisor_msgs__rosidl_typesupport_c__pyext
[0.594s] [100%] Built target robotnik_supervisor_msgs__rosidl_typesupport_fastrtps_c__pyext
[0.806s] running egg_info
[0.806s] writing robotnik_supervisor_msgs.egg-info/PKG-INFO
[0.806s] writing dependency_links to robotnik_supervisor_msgs.egg-info/dependency_links.txt
[0.806s] writing top-level names to robotnik_supervisor_msgs.egg-info/top_level.txt
[0.810s] reading manifest file 'robotnik_supervisor_msgs.egg-info/SOURCES.txt'
[0.812s] writing manifest file 'robotnik_supervisor_msgs.egg-info/SOURCES.txt'
[0.952s] [100%] Built target ament_cmake_python_build_robotnik_supervisor_msgs_egg
[0.994s] Invoked command in '/home/hima/bachelors/rbkairos_ws/build/robotnik_supervisor_msgs' returned '0': CMAKE_PREFIX_PATH=/home/hima/bachelors/rbkairos_ws/install/robotnik_common_msgs:/home/hima/bachelors/rbkairos_ws/install/ros2_laser_scan_merger:/home/hima/bachelors/rbkairos_ws/install/ros2_laser_scan_matcher:/home/hima/bachelors/rbkairos_ws/install/robotnik_supervisor_msgs:/home/hima/bachelors/rbkairos_ws/install/robotnik_gazebo_ignition:/home/hima/bachelors/rbkairos_ws/install/robotnik_gazebo_classic:/home/hima/bachelors/rbkairos_ws/install/mapping:/home/hima/bachelors/rbkairos_ws/install/robotnik_description:/home/hima/bachelors/rbkairos_ws/install/robotnik_sensors:/home/hima/bachelors/rbkairos_ws/install/robotnik_interfaces:/home/hima/bachelors/rbkairos_ws/install/robotnik_safety_msgs:/home/hima/bachelors/rbkairos_ws/install/robotnik_perception_msgs:/home/hima/bachelors/rbkairos_ws/install/robotnik_navigation_msgs:/home/hima/bachelors/rbkairos_ws/install/robotnik_io_msgs:/home/hima/bachelors/rbkairos_ws/install/robotnik_controllers_msgs:/home/hima/bachelors/rbkairos_ws/install/robotnik_common:/home/hima/bachelors/rbkairos_ws/install/robotnik_battery_msgs:/home/hima/bachelors/rbkairos_ws/install/csm:/opt/ros/humble LD_LIBRARY_PATH=/home/hima/bachelors/rbkairos_ws/install/robotnik_common_msgs/lib:/home/hima/bachelors/rbkairos_ws/install/robotnik_supervisor_msgs/lib:/home/hima/bachelors/rbkairos_ws/install/robotnik_perception_msgs/lib:/home/hima/bachelors/rbkairos_ws/install/robotnik_navigation_msgs/lib:/home/hima/bachelors/rbkairos_ws/install/robotnik_io_msgs/lib:/home/hima/bachelors/rbkairos_ws/install/robotnik_controllers_msgs/lib:/home/hima/bachelors/rbkairos_ws/install/robotnik_battery_msgs/lib:/home/hima/bachelors/rbkairos_ws/install/csm/lib:/usr/lib/x86_64-linux-gnu/gazebo-11/plugins:/opt/ros/humble/opt/rviz_ogre_vendor/lib:/opt/ros/humble/lib/x86_64-linux-gnu:/opt/ros/humble/lib /usr/bin/cmake --build /home/hima/bachelors/rbkairos_ws/build/robotnik_supervisor_msgs -- -j16 -l16
[0.997s] Invoking command in '/home/hima/bachelors/rbkairos_ws/build/robotnik_supervisor_msgs': CMAKE_PREFIX_PATH=/home/hima/bachelors/rbkairos_ws/install/robotnik_common_msgs:/home/hima/bachelors/rbkairos_ws/install/ros2_laser_scan_merger:/home/hima/bachelors/rbkairos_ws/install/ros2_laser_scan_matcher:/home/hima/bachelors/rbkairos_ws/install/robotnik_supervisor_msgs:/home/hima/bachelors/rbkairos_ws/install/robotnik_gazebo_ignition:/home/hima/bachelors/rbkairos_ws/install/robotnik_gazebo_classic:/home/hima/bachelors/rbkairos_ws/install/mapping:/home/hima/bachelors/rbkairos_ws/install/robotnik_description:/home/hima/bachelors/rbkairos_ws/install/robotnik_sensors:/home/hima/bachelors/rbkairos_ws/install/robotnik_interfaces:/home/hima/bachelors/rbkairos_ws/install/robotnik_safety_msgs:/home/hima/bachelors/rbkairos_ws/install/robotnik_perception_msgs:/home/hima/bachelors/rbkairos_ws/install/robotnik_navigation_msgs:/home/hima/bachelors/rbkairos_ws/install/robotnik_io_msgs:/home/hima/bachelors/rbkairos_ws/install/robotnik_controllers_msgs:/home/hima/bachelors/rbkairos_ws/install/robotnik_common:/home/hima/bachelors/rbkairos_ws/install/robotnik_battery_msgs:/home/hima/bachelors/rbkairos_ws/install/csm:/opt/ros/humble LD_LIBRARY_PATH=/home/hima/bachelors/rbkairos_ws/install/robotnik_common_msgs/lib:/home/hima/bachelors/rbkairos_ws/install/robotnik_supervisor_msgs/lib:/home/hima/bachelors/rbkairos_ws/install/robotnik_perception_msgs/lib:/home/hima/bachelors/rbkairos_ws/install/robotnik_navigation_msgs/lib:/home/hima/bachelors/rbkairos_ws/install/robotnik_io_msgs/lib:/home/hima/bachelors/rbkairos_ws/install/robotnik_controllers_msgs/lib:/home/hima/bachelors/rbkairos_ws/install/robotnik_battery_msgs/lib:/home/hima/bachelors/rbkairos_ws/install/csm/lib:/usr/lib/x86_64-linux-gnu/gazebo-11/plugins:/opt/ros/humble/opt/rviz_ogre_vendor/lib:/opt/ros/humble/lib/x86_64-linux-gnu:/opt/ros/humble/lib /usr/bin/cmake --install /home/hima/bachelors/rbkairos_ws/build/robotnik_supervisor_msgs
[1.031s] -- Install configuration: ""
[1.032s] -- Up-to-date: /home/hima/bachelors/rbkairos_ws/install/robotnik_supervisor_msgs/share/ament_index/resource_index/rosidl_interfaces/robotnik_supervisor_msgs
[1.033s] -- Up-to-date: /home/hima/bachelors/rbkairos_ws/install/robotnik_supervisor_msgs/include/robotnik_supervisor_msgs/robotnik_supervisor_msgs
[1.033s] -- Up-to-date: /home/hima/bachelors/rbkairos_ws/install/robotnik_supervisor_msgs/include/robotnik_supervisor_msgs/robotnik_supervisor_msgs/srv
[1.033s] -- Up-to-date: /home/hima/bachelors/rbkairos_ws/install/robotnik_supervisor_msgs/include/robotnik_supervisor_msgs/robotnik_supervisor_msgs/srv/get_module_list.h
[1.034s] -- Up-to-date: /home/hima/bachelors/rbkairos_ws/install/robotnik_supervisor_msgs/include/robotnik_supervisor_msgs/robotnik_supervisor_msgs/srv/get_stack_status.h
[1.034s] -- Up-to-date: /home/hima/bachelors/rbkairos_ws/install/robotnik_supervisor_msgs/include/robotnik_supervisor_msgs/robotnik_supervisor_msgs/srv/down_stack.h
[1.034s] -- Up-to-date: /home/hima/bachelors/rbkairos_ws/install/robotnik_supervisor_msgs/include/robotnik_supervisor_msgs/robotnik_supervisor_msgs/srv/start_module.h
[1.034s] -- Up-to-date: /home/hima/bachelors/rbkairos_ws/install/robotnik_supervisor_msgs/include/robotnik_supervisor_msgs/robotnik_supervisor_msgs/srv/start_stack.h
[1.034s] -- Up-to-date: /home/hima/bachelors/rbkairos_ws/install/robotnik_supervisor_msgs/include/robotnik_supervisor_msgs/robotnik_supervisor_msgs/srv/restart_stack.h
[1.034s] -- Up-to-date: /home/hima/bachelors/rbkairos_ws/install/robotnik_supervisor_msgs/include/robotnik_supervisor_msgs/robotnik_supervisor_msgs/srv/get_stack_list.h
[1.034s] -- Up-to-date: /home/hima/bachelors/rbkairos_ws/install/robotnik_supervisor_msgs/include/robotnik_supervisor_msgs/robotnik_supervisor_msgs/srv/detail
[1.035s] -- Up-to-date: /home/hima/bachelors/rbkairos_ws/install/robotnik_supervisor_msgs/include/robotnik_supervisor_msgs/robotnik_supervisor_msgs/srv/detail/stop_module__struct.h
[1.037s] -- Up-to-date: /home/hima/bachelors/rbkairos_ws/install/robotnik_supervisor_msgs/include/robotnik_supervisor_msgs/robotnik_supervisor_msgs/srv/detail/stop_module__functions.h
[1.037s] -- Up-to-date: /home/hima/bachelors/rbkairos_ws/install/robotnik_supervisor_msgs/include/robotnik_supervisor_msgs/robotnik_supervisor_msgs/srv/detail/stop_module__type_support.h
[1.038s] -- Up-to-date: /home/hima/bachelors/rbkairos_ws/install/robotnik_supervisor_msgs/include/robotnik_supervisor_msgs/robotnik_supervisor_msgs/srv/detail/start_stack__functions.c
[1.039s] -- Up-to-date: /home/hima/bachelors/rbkairos_ws/install/robotnik_supervisor_msgs/include/robotnik_supervisor_msgs/robotnik_supervisor_msgs/srv/detail/start_module__functions.h
[1.040s] -- Up-to-date: /home/hima/bachelors/rbkairos_ws/install/robotnik_supervisor_msgs/include/robotnik_supervisor_msgs/robotnik_supervisor_msgs/srv/detail/get_module_list__functions.h
[1.040s] -- Up-to-date: /home/hima/bachelors/rbkairos_ws/install/robotnik_supervisor_msgs/include/robotnik_supervisor_msgs/robotnik_supervisor_msgs/srv/detail/get_module_list__type_support.h
[1.040s] -- Up-to-date: /home/hima/bachelors/rbkairos_ws/install/robotnik_supervisor_msgs/include/robotnik_supervisor_msgs/robotnik_supervisor_msgs/srv/detail/restart_stack__struct.h
[1.040s] -- Up-to-date: /home/hima/bachelors/rbkairos_ws/install/robotnik_supervisor_msgs/include/robotnik_supervisor_msgs/robotnik_supervisor_msgs/srv/detail/get_stack_list__functions.c
[1.041s] -- Up-to-date: /home/hima/bachelors/rbkairos_ws/install/robotnik_supervisor_msgs/include/robotnik_supervisor_msgs/robotnik_supervisor_msgs/srv/detail/restart_stack__functions.h
[1.041s] -- Up-to-date: /home/hima/bachelors/rbkairos_ws/install/robotnik_supervisor_msgs/include/robotnik_supervisor_msgs/robotnik_supervisor_msgs/srv/detail/get_stack_status__struct.h
[1.041s] -- Up-to-date: /home/hima/bachelors/rbkairos_ws/install/robotnik_supervisor_msgs/include/robotnik_supervisor_msgs/robotnik_supervisor_msgs/srv/detail/stop_stack__functions.h
[1.041s] -- Up-to-date: /home/hima/bachelors/rbkairos_ws/install/robotnik_supervisor_msgs/include/robotnik_supervisor_msgs/robotnik_supervisor_msgs/srv/detail/get_stack_list__type_support.h
[1.041s] -- Up-to-date: /home/hima/bachelors/rbkairos_ws/install/robotnik_supervisor_msgs/include/robotnik_supervisor_msgs/robotnik_supervisor_msgs/srv/detail/down_stack__type_support.h
[1.041s] -- Up-to-date: /home/hima/bachelors/rbkairos_ws/install/robotnik_supervisor_msgs/include/robotnik_supervisor_msgs/robotnik_supervisor_msgs/srv/detail/stop_stack__type_support.h
[1.041s] -- Up-to-date: /home/hima/bachelors/rbkairos_ws/install/robotnik_supervisor_msgs/include/robotnik_supervisor_msgs/robotnik_supervisor_msgs/srv/detail/restart_stack__functions.c
[1.041s] -- Up-to-date: /home/hima/bachelors/rbkairos_ws/install/robotnik_supervisor_msgs/include/robotnik_supervisor_msgs/robotnik_supervisor_msgs/srv/detail/get_stack_status__type_support.h
[1.041s] -- Up-to-date: /home/hima/bachelors/rbkairos_ws/install/robotnik_supervisor_msgs/include/robotnik_supervisor_msgs/robotnik_supervisor_msgs/srv/detail/stop_module__functions.c
[1.042s] -- Up-to-date: /home/hima/bachelors/rbkairos_ws/install/robotnik_supervisor_msgs/include/robotnik_supervisor_msgs/robotnik_supervisor_msgs/srv/detail/get_stack_list__functions.h
[1.042s] -- Up-to-date: /home/hima/bachelors/rbkairos_ws/install/robotnik_supervisor_msgs/include/robotnik_supervisor_msgs/robotnik_supervisor_msgs/srv/detail/start_stack__functions.h
[1.042s] -- Up-to-date: /home/hima/bachelors/rbkairos_ws/install/robotnik_supervisor_msgs/include/robotnik_supervisor_msgs/robotnik_supervisor_msgs/srv/detail/get_module_list__struct.h
[1.042s] -- Up-to-date: /home/hima/bachelors/rbkairos_ws/install/robotnik_supervisor_msgs/include/robotnik_supervisor_msgs/robotnik_supervisor_msgs/srv/detail/get_stack_list__struct.h
[1.042s] -- Up-to-date: /home/hima/bachelors/rbkairos_ws/install/robotnik_supervisor_msgs/include/robotnik_supervisor_msgs/robotnik_supervisor_msgs/srv/detail/start_stack__struct.h
[1.042s] -- Up-to-date: /home/hima/bachelors/rbkairos_ws/install/robotnik_supervisor_msgs/include/robotnik_supervisor_msgs/robotnik_supervisor_msgs/srv/detail/restart_stack__type_support.h
[1.042s] -- Up-to-date: /home/hima/bachelors/rbkairos_ws/install/robotnik_supervisor_msgs/include/robotnik_supervisor_msgs/robotnik_supervisor_msgs/srv/detail/start_stack__type_support.h
[1.042s] -- Up-to-date: /home/hima/bachelors/rbkairos_ws/install/robotnik_supervisor_msgs/include/robotnik_supervisor_msgs/robotnik_supervisor_msgs/srv/detail/get_stack_logs__type_support.h
[1.043s] -- Up-to-date: /home/hima/bachelors/rbkairos_ws/install/robotnik_supervisor_msgs/include/robotnik_supervisor_msgs/robotnik_supervisor_msgs/srv/detail/start_module__functions.c
[1.043s] -- Up-to-date: /home/hima/bachelors/rbkairos_ws/install/robotnik_supervisor_msgs/include/robotnik_supervisor_msgs/robotnik_supervisor_msgs/srv/detail/start_module__type_support.h
[1.043s] -- Up-to-date: /home/hima/bachelors/rbkairos_ws/install/robotnik_supervisor_msgs/include/robotnik_supervisor_msgs/robotnik_supervisor_msgs/srv/detail/down_stack__functions.h
[1.044s] -- Up-to-date: /home/hima/bachelors/rbkairos_ws/install/robotnik_supervisor_msgs/include/robotnik_supervisor_msgs/robotnik_supervisor_msgs/srv/detail/stop_stack__struct.h
[1.044s] -- Up-to-date: /home/hima/bachelors/rbkairos_ws/install/robotnik_supervisor_msgs/include/robotnik_supervisor_msgs/robotnik_supervisor_msgs/srv/detail/get_stack_logs__struct.h
[1.044s] -- Up-to-date: /home/hima/bachelors/rbkairos_ws/install/robotnik_supervisor_msgs/include/robotnik_supervisor_msgs/robotnik_supervisor_msgs/srv/detail/stop_stack__functions.c
[1.044s] -- Up-to-date: /home/hima/bachelors/rbkairos_ws/install/robotnik_supervisor_msgs/include/robotnik_supervisor_msgs/robotnik_supervisor_msgs/srv/detail/down_stack__functions.c
[1.045s] -- Up-to-date: /home/hima/bachelors/rbkairos_ws/install/robotnik_supervisor_msgs/include/robotnik_supervisor_msgs/robotnik_supervisor_msgs/srv/detail/get_stack_status__functions.h
[1.045s] -- Up-to-date: /home/hima/bachelors/rbkairos_ws/install/robotnik_supervisor_msgs/include/robotnik_supervisor_msgs/robotnik_supervisor_msgs/srv/detail/get_stack_logs__functions.h
[1.045s] -- Up-to-date: /home/hima/bachelors/rbkairos_ws/install/robotnik_supervisor_msgs/include/robotnik_supervisor_msgs/robotnik_supervisor_msgs/srv/detail/get_stack_logs__functions.c
[1.045s] -- Up-to-date: /home/hima/bachelors/rbkairos_ws/install/robotnik_supervisor_msgs/include/robotnik_supervisor_msgs/robotnik_supervisor_msgs/srv/detail/down_stack__struct.h
[1.045s] -- Up-to-date: /home/hima/bachelors/rbkairos_ws/install/robotnik_supervisor_msgs/include/robotnik_supervisor_msgs/robotnik_supervisor_msgs/srv/detail/get_stack_status__functions.c
[1.045s] -- Up-to-date: /home/hima/bachelors/rbkairos_ws/install/robotnik_supervisor_msgs/include/robotnik_supervisor_msgs/robotnik_supervisor_msgs/srv/detail/start_module__struct.h
[1.045s] -- Up-to-date: /home/hima/bachelors/rbkairos_ws/install/robotnik_supervisor_msgs/include/robotnik_supervisor_msgs/robotnik_supervisor_msgs/srv/detail/get_module_list__functions.c
[1.045s] -- Up-to-date: /home/hima/bachelors/rbkairos_ws/install/robotnik_supervisor_msgs/include/robotnik_supervisor_msgs/robotnik_supervisor_msgs/srv/get_stack_logs.h
[1.045s] -- Up-to-date: /home/hima/bachelors/rbkairos_ws/install/robotnik_supervisor_msgs/include/robotnik_supervisor_msgs/robotnik_supervisor_msgs/srv/stop_module.h
[1.045s] -- Up-to-date: /home/hima/bachelors/rbkairos_ws/install/robotnik_supervisor_msgs/include/robotnik_supervisor_msgs/robotnik_supervisor_msgs/srv/stop_stack.h
[1.045s] -- Up-to-date: /home/hima/bachelors/rbkairos_ws/install/robotnik_supervisor_msgs/include/robotnik_supervisor_msgs/robotnik_supervisor_msgs/msg
[1.046s] -- Up-to-date: /home/hima/bachelors/rbkairos_ws/install/robotnik_supervisor_msgs/include/robotnik_supervisor_msgs/robotnik_supervisor_msgs/msg/rosidl_generator_c__visibility_control.h
[1.046s] -- Up-to-date: /home/hima/bachelors/rbkairos_ws/install/robotnik_supervisor_msgs/share/robotnik_supervisor_msgs/environment/library_path.sh
[1.046s] -- Up-to-date: /home/hima/bachelors/rbkairos_ws/install/robotnik_supervisor_msgs/share/robotnik_supervisor_msgs/environment/library_path.dsv
[1.046s] -- Up-to-date: /home/hima/bachelors/rbkairos_ws/install/robotnik_supervisor_msgs/lib/librobotnik_supervisor_msgs__rosidl_generator_c.so
[1.046s] -- Up-to-date: /home/hima/bachelors/rbkairos_ws/install/robotnik_supervisor_msgs/include/robotnik_supervisor_msgs/robotnik_supervisor_msgs
[1.047s] -- Up-to-date: /home/hima/bachelors/rbkairos_ws/install/robotnik_supervisor_msgs/include/robotnik_supervisor_msgs/robotnik_supervisor_msgs/srv
[1.047s] -- Up-to-date: /home/hima/bachelors/rbkairos_ws/install/robotnik_supervisor_msgs/include/robotnik_supervisor_msgs/robotnik_supervisor_msgs/srv/detail
[1.047s] -- Up-to-date: /home/hima/bachelors/rbkairos_ws/install/robotnik_supervisor_msgs/include/robotnik_supervisor_msgs/robotnik_supervisor_msgs/srv/detail/start_stack__rosidl_typesupport_fastrtps_c.h
[1.048s] -- Up-to-date: /home/hima/bachelors/rbkairos_ws/install/robotnik_supervisor_msgs/include/robotnik_supervisor_msgs/robotnik_supervisor_msgs/srv/detail/get_module_list__rosidl_typesupport_fastrtps_c.h
[1.048s] -- Up-to-date: /home/hima/bachelors/rbkairos_ws/install/robotnik_supervisor_msgs/include/robotnik_supervisor_msgs/robotnik_supervisor_msgs/srv/detail/down_stack__rosidl_typesupport_fastrtps_c.h
[1.048s] -- Up-to-date: /home/hima/bachelors/rbkairos_ws/install/robotnik_supervisor_msgs/include/robotnik_supervisor_msgs/robotnik_supervisor_msgs/srv/detail/get_stack_list__rosidl_typesupport_fastrtps_c.h
[1.048s] -- Up-to-date: /home/hima/bachelors/rbkairos_ws/install/robotnik_supervisor_msgs/include/robotnik_supervisor_msgs/robotnik_supervisor_msgs/srv/detail/start_module__rosidl_typesupport_fastrtps_c.h
[1.048s] -- Up-to-date: /home/hima/bachelors/rbkairos_ws/install/robotnik_supervisor_msgs/include/robotnik_supervisor_msgs/robotnik_supervisor_msgs/srv/detail/get_stack_status__rosidl_typesupport_fastrtps_c.h
[1.049s] -- Up-to-date: /home/hima/bachelors/rbkairos_ws/install/robotnik_supervisor_msgs/include/robotnik_supervisor_msgs/robotnik_supervisor_msgs/srv/detail/stop_stack__rosidl_typesupport_fastrtps_c.h
[1.049s] -- Up-to-date: /home/hima/bachelors/rbkairos_ws/install/robotnik_supervisor_msgs/include/robotnik_supervisor_msgs/robotnik_supervisor_msgs/srv/detail/stop_module__rosidl_typesupport_fastrtps_c.h
[1.049s] -- Up-to-date: /home/hima/bachelors/rbkairos_ws/install/robotnik_supervisor_msgs/include/robotnik_supervisor_msgs/robotnik_supervisor_msgs/srv/detail/restart_stack__rosidl_typesupport_fastrtps_c.h
[1.050s] -- Up-to-date: /home/hima/bachelors/rbkairos_ws/install/robotnik_supervisor_msgs/include/robotnik_supervisor_msgs/robotnik_supervisor_msgs/srv/detail/get_stack_logs__rosidl_typesupport_fastrtps_c.h
[1.050s] -- Up-to-date: /home/hima/bachelors/rbkairos_ws/install/robotnik_supervisor_msgs/include/robotnik_supervisor_msgs/robotnik_supervisor_msgs/msg
[1.050s] -- Up-to-date: /home/hima/bachelors/rbkairos_ws/install/robotnik_supervisor_msgs/include/robotnik_supervisor_msgs/robotnik_supervisor_msgs/msg/rosidl_typesupport_fastrtps_c__visibility_control.h
[1.050s] -- Up-to-date: /home/hima/bachelors/rbkairos_ws/install/robotnik_supervisor_msgs/lib/librobotnik_supervisor_msgs__rosidl_typesupport_fastrtps_c.so
[1.051s] -- Up-to-date: /home/hima/bachelors/rbkairos_ws/install/robotnik_supervisor_msgs/include/robotnik_supervisor_msgs/robotnik_supervisor_msgs
[1.051s] -- Up-to-date: /home/hima/bachelors/rbkairos_ws/install/robotnik_supervisor_msgs/include/robotnik_supervisor_msgs/robotnik_supervisor_msgs/srv
[1.052s] -- Up-to-date: /home/hima/bachelors/rbkairos_ws/install/robotnik_supervisor_msgs/include/robotnik_supervisor_msgs/robotnik_supervisor_msgs/srv/get_stack_logs.hpp
[1.052s] -- Up-to-date: /home/hima/bachelors/rbkairos_ws/install/robotnik_supervisor_msgs/include/robotnik_supervisor_msgs/robotnik_supervisor_msgs/srv/stop_module.hpp
[1.052s] -- Up-to-date: /home/hima/bachelors/rbkairos_ws/install/robotnik_supervisor_msgs/include/robotnik_supervisor_msgs/robotnik_supervisor_msgs/srv/start_stack.hpp
[1.053s] -- Up-to-date: /home/hima/bachelors/rbkairos_ws/install/robotnik_supervisor_msgs/include/robotnik_supervisor_msgs/robotnik_supervisor_msgs/srv/start_module.hpp
[1.053s] -- Up-to-date: /home/hima/bachelors/rbkairos_ws/install/robotnik_supervisor_msgs/include/robotnik_supervisor_msgs/robotnik_supervisor_msgs/srv/get_stack_status.hpp
[1.054s] -- Up-to-date: /home/hima/bachelors/rbkairos_ws/install/robotnik_supervisor_msgs/include/robotnik_supervisor_msgs/robotnik_supervisor_msgs/srv/detail
[1.055s] -- Up-to-date: /home/hima/bachelors/rbkairos_ws/install/robotnik_supervisor_msgs/include/robotnik_supervisor_msgs/robotnik_supervisor_msgs/srv/detail/get_module_list__traits.hpp
[1.057s] -- Up-to-date: /home/hima/bachelors/rbkairos_ws/install/robotnik_supervisor_msgs/include/robotnik_supervisor_msgs/robotnik_supervisor_msgs/srv/detail/stop_module__traits.hpp
[1.058s] -- Up-to-date: /home/hima/bachelors/rbkairos_ws/install/robotnik_supervisor_msgs/include/robotnik_supervisor_msgs/robotnik_supervisor_msgs/srv/detail/down_stack__traits.hpp
[1.058s] -- Up-to-date: /home/hima/bachelors/rbkairos_ws/install/robotnik_supervisor_msgs/include/robotnik_supervisor_msgs/robotnik_supervisor_msgs/srv/detail/get_stack_status__struct.hpp
[1.058s] -- Up-to-date: /home/hima/bachelors/rbkairos_ws/install/robotnik_supervisor_msgs/include/robotnik_supervisor_msgs/robotnik_supervisor_msgs/srv/detail/down_stack__type_support.hpp
[1.059s] -- Up-to-date: /home/hima/bachelors/rbkairos_ws/install/robotnik_supervisor_msgs/include/robotnik_supervisor_msgs/robotnik_supervisor_msgs/srv/detail/start_stack__struct.hpp
[1.059s] -- Up-to-date: /home/hima/bachelors/rbkairos_ws/install/robotnik_supervisor_msgs/include/robotnik_supervisor_msgs/robotnik_supervisor_msgs/srv/detail/restart_stack__struct.hpp
[1.059s] -- Up-to-date: /home/hima/bachelors/rbkairos_ws/install/robotnik_supervisor_msgs/include/robotnik_supervisor_msgs/robotnik_supervisor_msgs/srv/detail/stop_module__type_support.hpp
[1.059s] -- Up-to-date: /home/hima/bachelors/rbkairos_ws/install/robotnik_supervisor_msgs/include/robotnik_supervisor_msgs/robotnik_supervisor_msgs/srv/detail/get_stack_status__type_support.hpp
[1.059s] -- Up-to-date: /home/hima/bachelors/rbkairos_ws/install/robotnik_supervisor_msgs/include/robotnik_supervisor_msgs/robotnik_supervisor_msgs/srv/detail/get_stack_status__traits.hpp
[1.059s] -- Up-to-date: /home/hima/bachelors/rbkairos_ws/install/robotnik_supervisor_msgs/include/robotnik_supervisor_msgs/robotnik_supervisor_msgs/srv/detail/stop_stack__builder.hpp
[1.061s] -- Up-to-date: /home/hima/bachelors/rbkairos_ws/install/robotnik_supervisor_msgs/include/robotnik_supervisor_msgs/robotnik_supervisor_msgs/srv/detail/get_stack_logs__builder.hpp
[1.065s] -- Up-to-date: /home/hima/bachelors/rbkairos_ws/install/robotnik_supervisor_msgs/include/robotnik_supervisor_msgs/robotnik_supervisor_msgs/srv/detail/stop_stack__traits.hpp
[1.066s] -- Up-to-date: /home/hima/bachelors/rbkairos_ws/install/robotnik_supervisor_msgs/include/robotnik_supervisor_msgs/robotnik_supervisor_msgs/srv/detail/down_stack__builder.hpp
[1.069s] -- Up-to-date: /home/hima/bachelors/rbkairos_ws/install/robotnik_supervisor_msgs/include/robotnik_supervisor_msgs/robotnik_supervisor_msgs/srv/detail/get_stack_list__type_support.hpp
[1.070s] -- Up-to-date: /home/hima/bachelors/rbkairos_ws/install/robotnik_supervisor_msgs/include/robotnik_supervisor_msgs/robotnik_supervisor_msgs/srv/detail/down_stack__struct.hpp
[1.071s] -- Up-to-date: /home/hima/bachelors/rbkairos_ws/install/robotnik_supervisor_msgs/include/robotnik_supervisor_msgs/robotnik_supervisor_msgs/srv/detail/get_module_list__struct.hpp
[1.071s] -- Up-to-date: /home/hima/bachelors/rbkairos_ws/install/robotnik_supervisor_msgs/include/robotnik_supervisor_msgs/robotnik_supervisor_msgs/srv/detail/get_stack_list__builder.hpp
[1.071s] -- Up-to-date: /home/hima/bachelors/rbkairos_ws/install/robotnik_supervisor_msgs/include/robotnik_supervisor_msgs/robotnik_supervisor_msgs/srv/detail/restart_stack__type_support.hpp
[1.072s] -- Up-to-date: /home/hima/bachelors/rbkairos_ws/install/robotnik_supervisor_msgs/include/robotnik_supervisor_msgs/robotnik_supervisor_msgs/srv/detail/start_stack__builder.hpp
[1.074s] -- Up-to-date: /home/hima/bachelors/rbkairos_ws/install/robotnik_supervisor_msgs/include/robotnik_supervisor_msgs/robotnik_supervisor_msgs/srv/detail/start_module__traits.hpp
[1.075s] -- Up-to-date: /home/hima/bachelors/rbkairos_ws/install/robotnik_supervisor_msgs/include/robotnik_supervisor_msgs/robotnik_supervisor_msgs/srv/detail/stop_stack__type_support.hpp
[1.076s] -- Up-to-date: /home/hima/bachelors/rbkairos_ws/install/robotnik_supervisor_msgs/include/robotnik_supervisor_msgs/robotnik_supervisor_msgs/srv/detail/get_stack_list__traits.hpp
[1.078s] -- Up-to-date: /home/hima/bachelors/rbkairos_ws/install/robotnik_supervisor_msgs/include/robotnik_supervisor_msgs/robotnik_supervisor_msgs/srv/detail/start_stack__type_support.hpp
[1.078s] -- Up-to-date: /home/hima/bachelors/rbkairos_ws/install/robotnik_supervisor_msgs/include/robotnik_supervisor_msgs/robotnik_supervisor_msgs/srv/detail/get_stack_status__builder.hpp
[1.078s] -- Up-to-date: /home/hima/bachelors/rbkairos_ws/install/robotnik_supervisor_msgs/include/robotnik_supervisor_msgs/robotnik_supervisor_msgs/srv/detail/get_stack_logs__traits.hpp
[1.079s] -- Up-to-date: /home/hima/bachelors/rbkairos_ws/install/robotnik_supervisor_msgs/include/robotnik_supervisor_msgs/robotnik_supervisor_msgs/srv/detail/stop_module__struct.hpp
[1.079s] -- Up-to-date: /home/hima/bachelors/rbkairos_ws/install/robotnik_supervisor_msgs/include/robotnik_supervisor_msgs/robotnik_supervisor_msgs/srv/detail/get_stack_list__struct.hpp
[1.079s] -- Up-to-date: /home/hima/bachelors/rbkairos_ws/install/robotnik_supervisor_msgs/include/robotnik_supervisor_msgs/robotnik_supervisor_msgs/srv/detail/start_module__struct.hpp
[1.079s] -- Up-to-date: /home/hima/bachelors/rbkairos_ws/install/robotnik_supervisor_msgs/include/robotnik_supervisor_msgs/robotnik_supervisor_msgs/srv/detail/get_stack_logs__type_support.hpp
[1.081s] -- Up-to-date: /home/hima/bachelors/rbkairos_ws/install/robotnik_supervisor_msgs/include/robotnik_supervisor_msgs/robotnik_supervisor_msgs/srv/detail/get_module_list__type_support.hpp
[1.081s] -- Up-to-date: /home/hima/bachelors/rbkairos_ws/install/robotnik_supervisor_msgs/include/robotnik_supervisor_msgs/robotnik_supervisor_msgs/srv/detail/start_stack__traits.hpp
[1.081s] -- Up-to-date: /home/hima/bachelors/rbkairos_ws/install/robotnik_supervisor_msgs/include/robotnik_supervisor_msgs/robotnik_supervisor_msgs/srv/detail/start_module__type_support.hpp
[1.081s] -- Up-to-date: /home/hima/bachelors/rbkairos_ws/install/robotnik_supervisor_msgs/include/robotnik_supervisor_msgs/robotnik_supervisor_msgs/srv/detail/restart_stack__traits.hpp
[1.081s] -- Up-to-date: /home/hima/bachelors/rbkairos_ws/install/robotnik_supervisor_msgs/include/robotnik_supervisor_msgs/robotnik_supervisor_msgs/srv/detail/get_stack_logs__struct.hpp
[1.081s] -- Up-to-date: /home/hima/bachelors/rbkairos_ws/install/robotnik_supervisor_msgs/include/robotnik_supervisor_msgs/robotnik_supervisor_msgs/srv/detail/restart_stack__builder.hpp
[1.082s] -- Up-to-date: /home/hima/bachelors/rbkairos_ws/install/robotnik_supervisor_msgs/include/robotnik_supervisor_msgs/robotnik_supervisor_msgs/srv/detail/stop_module__builder.hpp
[1.082s] -- Up-to-date: /home/hima/bachelors/rbkairos_ws/install/robotnik_supervisor_msgs/include/robotnik_supervisor_msgs/robotnik_supervisor_msgs/srv/detail/start_module__builder.hpp
[1.082s] -- Up-to-date: /home/hima/bachelors/rbkairos_ws/install/robotnik_supervisor_msgs/include/robotnik_supervisor_msgs/robotnik_supervisor_msgs/srv/detail/stop_stack__struct.hpp
[1.082s] -- Up-to-date: /home/hima/bachelors/rbkairos_ws/install/robotnik_supervisor_msgs/include/robotnik_supervisor_msgs/robotnik_supervisor_msgs/srv/detail/get_module_list__builder.hpp
[1.082s] -- Up-to-date: /home/hima/bachelors/rbkairos_ws/install/robotnik_supervisor_msgs/include/robotnik_supervisor_msgs/robotnik_supervisor_msgs/srv/get_stack_list.hpp
[1.083s] -- Up-to-date: /home/hima/bachelors/rbkairos_ws/install/robotnik_supervisor_msgs/include/robotnik_supervisor_msgs/robotnik_supervisor_msgs/srv/get_module_list.hpp
[1.083s] -- Up-to-date: /home/hima/bachelors/rbkairos_ws/install/robotnik_supervisor_msgs/include/robotnik_supervisor_msgs/robotnik_supervisor_msgs/srv/down_stack.hpp
[1.083s] -- Up-to-date: /home/hima/bachelors/rbkairos_ws/install/robotnik_supervisor_msgs/include/robotnik_supervisor_msgs/robotnik_supervisor_msgs/srv/restart_stack.hpp
[1.084s] -- Up-to-date: /home/hima/bachelors/rbkairos_ws/install/robotnik_supervisor_msgs/include/robotnik_supervisor_msgs/robotnik_supervisor_msgs/srv/stop_stack.hpp
[1.084s] -- Up-to-date: /home/hima/bachelors/rbkairos_ws/install/robotnik_supervisor_msgs/include/robotnik_supervisor_msgs/robotnik_supervisor_msgs/msg
[1.085s] -- Up-to-date: /home/hima/bachelors/rbkairos_ws/install/robotnik_supervisor_msgs/include/robotnik_supervisor_msgs/robotnik_supervisor_msgs/msg/rosidl_generator_cpp__visibility_control.hpp
[1.085s] -- Up-to-date: /home/hima/bachelors/rbkairos_ws/install/robotnik_supervisor_msgs/include/robotnik_supervisor_msgs/robotnik_supervisor_msgs
[1.085s] -- Up-to-date: /home/hima/bachelors/rbkairos_ws/install/robotnik_supervisor_msgs/include/robotnik_supervisor_msgs/robotnik_supervisor_msgs/srv
[1.085s] -- Up-to-date: /home/hima/bachelors/rbkairos_ws/install/robotnik_supervisor_msgs/include/robotnik_supervisor_msgs/robotnik_supervisor_msgs/srv/detail
[1.086s] -- Up-to-date: /home/hima/bachelors/rbkairos_ws/install/robotnik_supervisor_msgs/include/robotnik_supervisor_msgs/robotnik_supervisor_msgs/srv/detail/restart_stack__rosidl_typesupport_fastrtps_cpp.hpp
[1.086s] -- Up-to-date: /home/hima/bachelors/rbkairos_ws/install/robotnik_supervisor_msgs/include/robotnik_supervisor_msgs/robotnik_supervisor_msgs/srv/detail/stop_stack__rosidl_typesupport_fastrtps_cpp.hpp
[1.087s] -- Up-to-date: /home/hima/bachelors/rbkairos_ws/install/robotnik_supervisor_msgs/include/robotnik_supervisor_msgs/robotnik_supervisor_msgs/srv/detail/stop_module__rosidl_typesupport_fastrtps_cpp.hpp
[1.087s] -- Up-to-date: /home/hima/bachelors/rbkairos_ws/install/robotnik_supervisor_msgs/include/robotnik_supervisor_msgs/robotnik_supervisor_msgs/srv/detail/down_stack__rosidl_typesupport_fastrtps_cpp.hpp
[1.087s] -- Up-to-date: /home/hima/bachelors/rbkairos_ws/install/robotnik_supervisor_msgs/include/robotnik_supervisor_msgs/robotnik_supervisor_msgs/srv/detail/get_stack_logs__rosidl_typesupport_fastrtps_cpp.hpp
[1.087s] -- Up-to-date: /home/hima/bachelors/rbkairos_ws/install/robotnik_supervisor_msgs/include/robotnik_supervisor_msgs/robotnik_supervisor_msgs/srv/detail/get_module_list__rosidl_typesupport_fastrtps_cpp.hpp
[1.087s] -- Up-to-date: /home/hima/bachelors/rbkairos_ws/install/robotnik_supervisor_msgs/include/robotnik_supervisor_msgs/robotnik_supervisor_msgs/srv/detail/start_stack__rosidl_typesupport_fastrtps_cpp.hpp
[1.088s] -- Up-to-date: /home/hima/bachelors/rbkairos_ws/install/robotnik_supervisor_msgs/include/robotnik_supervisor_msgs/robotnik_supervisor_msgs/srv/detail/dds_fastrtps
[1.088s] -- Up-to-date: /home/hima/bachelors/rbkairos_ws/install/robotnik_supervisor_msgs/include/robotnik_supervisor_msgs/robotnik_supervisor_msgs/srv/detail/get_stack_list__rosidl_typesupport_fastrtps_cpp.hpp
[1.089s] -- Up-to-date: /home/hima/bachelors/rbkairos_ws/install/robotnik_supervisor_msgs/include/robotnik_supervisor_msgs/robotnik_supervisor_msgs/srv/detail/get_stack_status__rosidl_typesupport_fastrtps_cpp.hpp
[1.095s] -- Up-to-date: /home/hima/bachelors/rbkairos_ws/install/robotnik_supervisor_msgs/include/robotnik_supervisor_msgs/robotnik_supervisor_msgs/srv/detail/start_module__rosidl_typesupport_fastrtps_cpp.hpp
[1.096s] -- Up-to-date: /home/hima/bachelors/rbkairos_ws/install/robotnik_supervisor_msgs/include/robotnik_supervisor_msgs/robotnik_supervisor_msgs/msg
[1.096s] -- Up-to-date: /home/hima/bachelors/rbkairos_ws/install/robotnik_supervisor_msgs/include/robotnik_supervisor_msgs/robotnik_supervisor_msgs/msg/rosidl_typesupport_fastrtps_cpp__visibility_control.h
[1.096s] -- Up-to-date: /home/hima/bachelors/rbkairos_ws/install/robotnik_supervisor_msgs/lib/librobotnik_supervisor_msgs__rosidl_typesupport_fastrtps_cpp.so
[1.096s] -- Up-to-date: /home/hima/bachelors/rbkairos_ws/install/robotnik_supervisor_msgs/include/robotnik_supervisor_msgs/robotnik_supervisor_msgs
[1.096s] -- Up-to-date: /home/hima/bachelors/rbkairos_ws/install/robotnik_supervisor_msgs/include/robotnik_supervisor_msgs/robotnik_supervisor_msgs/srv
[1.096s] -- Up-to-date: /home/hima/bachelors/rbkairos_ws/install/robotnik_supervisor_msgs/include/robotnik_supervisor_msgs/robotnik_supervisor_msgs/srv/detail
[1.097s] -- Up-to-date: /home/hima/bachelors/rbkairos_ws/install/robotnik_supervisor_msgs/include/robotnik_supervisor_msgs/robotnik_supervisor_msgs/srv/detail/start_module__type_support.c
[1.097s] -- Up-to-date: /home/hima/bachelors/rbkairos_ws/install/robotnik_supervisor_msgs/include/robotnik_supervisor_msgs/robotnik_supervisor_msgs/srv/detail/down_stack__rosidl_typesupport_introspection_c.h
[1.097s] -- Up-to-date: /home/hima/bachelors/rbkairos_ws/install/robotnik_supervisor_msgs/include/robotnik_supervisor_msgs/robotnik_supervisor_msgs/srv/detail/stop_stack__rosidl_typesupport_introspection_c.h
[1.097s] -- Up-to-date: /home/hima/bachelors/rbkairos_ws/install/robotnik_supervisor_msgs/include/robotnik_supervisor_msgs/robotnik_supervisor_msgs/srv/detail/get_stack_status__rosidl_typesupport_introspection_c.h
[1.097s] -- Up-to-date: /home/hima/bachelors/rbkairos_ws/install/robotnik_supervisor_msgs/include/robotnik_supervisor_msgs/robotnik_supervisor_msgs/srv/detail/get_stack_logs__rosidl_typesupport_introspection_c.h
[1.097s] -- Up-to-date: /home/hima/bachelors/rbkairos_ws/install/robotnik_supervisor_msgs/include/robotnik_supervisor_msgs/robotnik_supervisor_msgs/srv/detail/start_stack__type_support.c
[1.097s] -- Up-to-date: /home/hima/bachelors/rbkairos_ws/install/robotnik_supervisor_msgs/include/robotnik_supervisor_msgs/robotnik_supervisor_msgs/srv/detail/start_stack__rosidl_typesupport_introspection_c.h
[1.097s] -- Up-to-date: /home/hima/bachelors/rbkairos_ws/install/robotnik_supervisor_msgs/include/robotnik_supervisor_msgs/robotnik_supervisor_msgs/srv/detail/down_stack__type_support.c
[1.097s] -- Up-to-date: /home/hima/bachelors/rbkairos_ws/install/robotnik_supervisor_msgs/include/robotnik_supervisor_msgs/robotnik_supervisor_msgs/srv/detail/stop_module__rosidl_typesupport_introspection_c.h
[1.097s] -- Up-to-date: /home/hima/bachelors/rbkairos_ws/install/robotnik_supervisor_msgs/include/robotnik_supervisor_msgs/robotnik_supervisor_msgs/srv/detail/stop_stack__type_support.c
[1.097s] -- Up-to-date: /home/hima/bachelors/rbkairos_ws/install/robotnik_supervisor_msgs/include/robotnik_supervisor_msgs/robotnik_supervisor_msgs/srv/detail/get_module_list__rosidl_typesupport_introspection_c.h
[1.097s] -- Up-to-date: /home/hima/bachelors/rbkairos_ws/install/robotnik_supervisor_msgs/include/robotnik_supervisor_msgs/robotnik_supervisor_msgs/srv/detail/get_module_list__type_support.c
[1.097s] -- Up-to-date: /home/hima/bachelors/rbkairos_ws/install/robotnik_supervisor_msgs/include/robotnik_supervisor_msgs/robotnik_supervisor_msgs/srv/detail/stop_module__type_support.c
[1.097s] -- Up-to-date: /home/hima/bachelors/rbkairos_ws/install/robotnik_supervisor_msgs/include/robotnik_supervisor_msgs/robotnik_supervisor_msgs/srv/detail/get_stack_list__type_support.c
[1.097s] -- Up-to-date: /home/hima/bachelors/rbkairos_ws/install/robotnik_supervisor_msgs/include/robotnik_supervisor_msgs/robotnik_supervisor_msgs/srv/detail/get_stack_list__rosidl_typesupport_introspection_c.h
[1.098s] -- Up-to-date: /home/hima/bachelors/rbkairos_ws/install/robotnik_supervisor_msgs/include/robotnik_supervisor_msgs/robotnik_supervisor_msgs/srv/detail/get_stack_status__type_support.c
[1.098s] -- Up-to-date: /home/hima/bachelors/rbkairos_ws/install/robotnik_supervisor_msgs/include/robotnik_supervisor_msgs/robotnik_supervisor_msgs/srv/detail/get_stack_logs__type_support.c
[1.098s] -- Up-to-date: /home/hima/bachelors/rbkairos_ws/install/robotnik_supervisor_msgs/include/robotnik_supervisor_msgs/robotnik_supervisor_msgs/srv/detail/restart_stack__type_support.c
[1.098s] -- Up-to-date: /home/hima/bachelors/rbkairos_ws/install/robotnik_supervisor_msgs/include/robotnik_supervisor_msgs/robotnik_supervisor_msgs/srv/detail/start_module__rosidl_typesupport_introspection_c.h
[1.098s] -- Up-to-date: /home/hima/bachelors/rbkairos_ws/install/robotnik_supervisor_msgs/include/robotnik_supervisor_msgs/robotnik_supervisor_msgs/srv/detail/restart_stack__rosidl_typesupport_introspection_c.h
[1.098s] -- Up-to-date: /home/hima/bachelors/rbkairos_ws/install/robotnik_supervisor_msgs/include/robotnik_supervisor_msgs/robotnik_supervisor_msgs/msg
[1.098s] -- Up-to-date: /home/hima/bachelors/rbkairos_ws/install/robotnik_supervisor_msgs/include/robotnik_supervisor_msgs/robotnik_supervisor_msgs/msg/rosidl_typesupport_introspection_c__visibility_control.h
[1.098s] -- Up-to-date: /home/hima/bachelors/rbkairos_ws/install/robotnik_supervisor_msgs/lib/librobotnik_supervisor_msgs__rosidl_typesupport_introspection_c.so
[1.098s] -- Up-to-date: /home/hima/bachelors/rbkairos_ws/install/robotnik_supervisor_msgs/lib/librobotnik_supervisor_msgs__rosidl_typesupport_c.so
[1.098s] -- Up-to-date: /home/hima/bachelors/rbkairos_ws/install/robotnik_supervisor_msgs/include/robotnik_supervisor_msgs/robotnik_supervisor_msgs
[1.098s] -- Up-to-date: /home/hima/bachelors/rbkairos_ws/install/robotnik_supervisor_msgs/include/robotnik_supervisor_msgs/robotnik_supervisor_msgs/srv
[1.099s] -- Up-to-date: /home/hima/bachelors/rbkairos_ws/install/robotnik_supervisor_msgs/include/robotnik_supervisor_msgs/robotnik_supervisor_msgs/srv/detail
[1.099s] -- Up-to-date: /home/hima/bachelors/rbkairos_ws/install/robotnik_supervisor_msgs/include/robotnik_supervisor_msgs/robotnik_supervisor_msgs/srv/detail/stop_stack__rosidl_typesupport_introspection_cpp.hpp
[1.099s] -- Up-to-date: /home/hima/bachelors/rbkairos_ws/install/robotnik_supervisor_msgs/include/robotnik_supervisor_msgs/robotnik_supervisor_msgs/srv/detail/down_stack__type_support.cpp
[1.099s] -- Up-to-date: /home/hima/bachelors/rbkairos_ws/install/robotnik_supervisor_msgs/include/robotnik_supervisor_msgs/robotnik_supervisor_msgs/srv/detail/start_module__rosidl_typesupport_introspection_cpp.hpp
[1.099s] -- Up-to-date: /home/hima/bachelors/rbkairos_ws/install/robotnik_supervisor_msgs/include/robotnik_supervisor_msgs/robotnik_supervisor_msgs/srv/detail/down_stack__rosidl_typesupport_introspection_cpp.hpp
[1.099s] -- Up-to-date: /home/hima/bachelors/rbkairos_ws/install/robotnik_supervisor_msgs/include/robotnik_supervisor_msgs/robotnik_supervisor_msgs/srv/detail/start_stack__type_support.cpp
[1.101s] -- Up-to-date: /home/hima/bachelors/rbkairos_ws/install/robotnik_supervisor_msgs/include/robotnik_supervisor_msgs/robotnik_supervisor_msgs/srv/detail/start_stack__rosidl_typesupport_introspection_cpp.hpp
[1.101s] -- Up-to-date: /home/hima/bachelors/rbkairos_ws/install/robotnik_supervisor_msgs/include/robotnik_supervisor_msgs/robotnik_supervisor_msgs/srv/detail/get_stack_logs__rosidl_typesupport_introspection_cpp.hpp
[1.101s] -- Up-to-date: /home/hima/bachelors/rbkairos_ws/install/robotnik_supervisor_msgs/include/robotnik_supervisor_msgs/robotnik_supervisor_msgs/srv/detail/restart_stack__type_support.cpp
[1.101s] -- Up-to-date: /home/hima/bachelors/rbkairos_ws/install/robotnik_supervisor_msgs/include/robotnik_supervisor_msgs/robotnik_supervisor_msgs/srv/detail/get_module_list__type_support.cpp
[1.101s] -- Up-to-date: /home/hima/bachelors/rbkairos_ws/install/robotnik_supervisor_msgs/include/robotnik_supervisor_msgs/robotnik_supervisor_msgs/srv/detail/get_stack_list__rosidl_typesupport_introspection_cpp.hpp
[1.102s] -- Up-to-date: /home/hima/bachelors/rbkairos_ws/install/robotnik_supervisor_msgs/include/robotnik_supervisor_msgs/robotnik_supervisor_msgs/srv/detail/restart_stack__rosidl_typesupport_introspection_cpp.hpp
[1.102s] -- Up-to-date: /home/hima/bachelors/rbkairos_ws/install/robotnik_supervisor_msgs/include/robotnik_supervisor_msgs/robotnik_supervisor_msgs/srv/detail/get_module_list__rosidl_typesupport_introspection_cpp.hpp
[1.102s] -- Up-to-date: /home/hima/bachelors/rbkairos_ws/install/robotnik_supervisor_msgs/include/robotnik_supervisor_msgs/robotnik_supervisor_msgs/srv/detail/start_module__type_support.cpp
[1.102s] -- Up-to-date: /home/hima/bachelors/rbkairos_ws/install/robotnik_supervisor_msgs/include/robotnik_supervisor_msgs/robotnik_supervisor_msgs/srv/detail/stop_module__rosidl_typesupport_introspection_cpp.hpp
[1.102s] -- Up-to-date: /home/hima/bachelors/rbkairos_ws/install/robotnik_supervisor_msgs/include/robotnik_supervisor_msgs/robotnik_supervisor_msgs/srv/detail/get_stack_status__type_support.cpp
[1.102s] -- Up-to-date: /home/hima/bachelors/rbkairos_ws/install/robotnik_supervisor_msgs/include/robotnik_supervisor_msgs/robotnik_supervisor_msgs/srv/detail/stop_module__type_support.cpp
[1.102s] -- Up-to-date: /home/hima/bachelors/rbkairos_ws/install/robotnik_supervisor_msgs/include/robotnik_supervisor_msgs/robotnik_supervisor_msgs/srv/detail/get_stack_list__type_support.cpp
[1.102s] -- Up-to-date: /home/hima/bachelors/rbkairos_ws/install/robotnik_supervisor_msgs/include/robotnik_supervisor_msgs/robotnik_supervisor_msgs/srv/detail/stop_stack__type_support.cpp
[1.102s] -- Up-to-date: /home/hima/bachelors/rbkairos_ws/install/robotnik_supervisor_msgs/include/robotnik_supervisor_msgs/robotnik_supervisor_msgs/srv/detail/get_stack_logs__type_support.cpp
[1.102s] -- Up-to-date: /home/hima/bachelors/rbkairos_ws/install/robotnik_supervisor_msgs/include/robotnik_supervisor_msgs/robotnik_supervisor_msgs/srv/detail/get_stack_status__rosidl_typesupport_introspection_cpp.hpp
[1.102s] -- Up-to-date: /home/hima/bachelors/rbkairos_ws/install/robotnik_supervisor_msgs/lib/librobotnik_supervisor_msgs__rosidl_typesupport_introspection_cpp.so
[1.104s] -- Up-to-date: /home/hima/bachelors/rbkairos_ws/install/robotnik_supervisor_msgs/lib/librobotnik_supervisor_msgs__rosidl_typesupport_cpp.so
[1.107s] -- Up-to-date: /home/hima/bachelors/rbkairos_ws/install/robotnik_supervisor_msgs/share/robotnik_supervisor_msgs/environment/pythonpath.sh
[1.107s] -- Up-to-date: /home/hima/bachelors/rbkairos_ws/install/robotnik_supervisor_msgs/share/robotnik_supervisor_msgs/environment/pythonpath.dsv
[1.107s] -- Up-to-date: /home/hima/bachelors/rbkairos_ws/install/robotnik_supervisor_msgs/local/lib/python3.10/dist-packages/robotnik_supervisor_msgs-1.0.0-py3.10.egg-info
[1.108s] -- Installing: /home/hima/bachelors/rbkairos_ws/install/robotnik_supervisor_msgs/local/lib/python3.10/dist-packages/robotnik_supervisor_msgs-1.0.0-py3.10.egg-info/top_level.txt
[1.108s] -- Installing: /home/hima/bachelors/rbkairos_ws/install/robotnik_supervisor_msgs/local/lib/python3.10/dist-packages/robotnik_supervisor_msgs-1.0.0-py3.10.egg-info/PKG-INFO
[1.108s] -- Installing: /home/hima/bachelors/rbkairos_ws/install/robotnik_supervisor_msgs/local/lib/python3.10/dist-packages/robotnik_supervisor_msgs-1.0.0-py3.10.egg-info/SOURCES.txt
[1.108s] -- Installing: /home/hima/bachelors/rbkairos_ws/install/robotnik_supervisor_msgs/local/lib/python3.10/dist-packages/robotnik_supervisor_msgs-1.0.0-py3.10.egg-info/dependency_links.txt
[1.108s] -- Up-to-date: /home/hima/bachelors/rbkairos_ws/install/robotnik_supervisor_msgs/local/lib/python3.10/dist-packages/robotnik_supervisor_msgs
[1.108s] -- Up-to-date: /home/hima/bachelors/rbkairos_ws/install/robotnik_supervisor_msgs/local/lib/python3.10/dist-packages/robotnik_supervisor_msgs/_robotnik_supervisor_msgs_s.ep.rosidl_typesupport_introspection_c.c
[1.108s] -- Up-to-date: /home/hima/bachelors/rbkairos_ws/install/robotnik_supervisor_msgs/local/lib/python3.10/dist-packages/robotnik_supervisor_msgs/srv
[1.108s] -- Up-to-date: /home/hima/bachelors/rbkairos_ws/install/robotnik_supervisor_msgs/local/lib/python3.10/dist-packages/robotnik_supervisor_msgs/srv/_start_stack_s.c
[1.108s] -- Up-to-date: /home/hima/bachelors/rbkairos_ws/install/robotnik_supervisor_msgs/local/lib/python3.10/dist-packages/robotnik_supervisor_msgs/srv/_down_stack_s.c
[1.109s] -- Up-to-date: /home/hima/bachelors/rbkairos_ws/install/robotnik_supervisor_msgs/local/lib/python3.10/dist-packages/robotnik_supervisor_msgs/srv/_get_stack_logs_s.c
[1.109s] -- Up-to-date: /home/hima/bachelors/rbkairos_ws/install/robotnik_supervisor_msgs/local/lib/python3.10/dist-packages/robotnik_supervisor_msgs/srv/_start_module_s.c
[1.109s] -- Up-to-date: /home/hima/bachelors/rbkairos_ws/install/robotnik_supervisor_msgs/local/lib/python3.10/dist-packages/robotnik_supervisor_msgs/srv/_stop_stack_s.c
[1.109s] -- Up-to-date: /home/hima/bachelors/rbkairos_ws/install/robotnik_supervisor_msgs/local/lib/python3.10/dist-packages/robotnik_supervisor_msgs/srv/_stop_module.py
[1.109s] -- Up-to-date: /home/hima/bachelors/rbkairos_ws/install/robotnik_supervisor_msgs/local/lib/python3.10/dist-packages/robotnik_supervisor_msgs/srv/_get_stack_list.py
[1.109s] -- Up-to-date: /home/hima/bachelors/rbkairos_ws/install/robotnik_supervisor_msgs/local/lib/python3.10/dist-packages/robotnik_supervisor_msgs/srv/_restart_stack_s.c
[1.109s] -- Up-to-date: /home/hima/bachelors/rbkairos_ws/install/robotnik_supervisor_msgs/local/lib/python3.10/dist-packages/robotnik_supervisor_msgs/srv/_start_stack.py
[1.109s] -- Up-to-date: /home/hima/bachelors/rbkairos_ws/install/robotnik_supervisor_msgs/local/lib/python3.10/dist-packages/robotnik_supervisor_msgs/srv/_restart_stack.py
[1.109s] -- Up-to-date: /home/hima/bachelors/rbkairos_ws/install/robotnik_supervisor_msgs/local/lib/python3.10/dist-packages/robotnik_supervisor_msgs/srv/_start_module.py
[1.109s] -- Up-to-date: /home/hima/bachelors/rbkairos_ws/install/robotnik_supervisor_msgs/local/lib/python3.10/dist-packages/robotnik_supervisor_msgs/srv/_get_stack_logs.py
[1.109s] -- Up-to-date: /home/hima/bachelors/rbkairos_ws/install/robotnik_supervisor_msgs/local/lib/python3.10/dist-packages/robotnik_supervisor_msgs/srv/__init__.py
[1.109s] -- Up-to-date: /home/hima/bachelors/rbkairos_ws/install/robotnik_supervisor_msgs/local/lib/python3.10/dist-packages/robotnik_supervisor_msgs/srv/_get_stack_list_s.c
[1.109s] -- Up-to-date: /home/hima/bachelors/rbkairos_ws/install/robotnik_supervisor_msgs/local/lib/python3.10/dist-packages/robotnik_supervisor_msgs/srv/_get_module_list.py
[1.109s] -- Up-to-date: /home/hima/bachelors/rbkairos_ws/install/robotnik_supervisor_msgs/local/lib/python3.10/dist-packages/robotnik_supervisor_msgs/srv/_get_module_list_s.c
[1.109s] -- Up-to-date: /home/hima/bachelors/rbkairos_ws/install/robotnik_supervisor_msgs/local/lib/python3.10/dist-packages/robotnik_supervisor_msgs/srv/_get_stack_status.py
[1.109s] -- Up-to-date: /home/hima/bachelors/rbkairos_ws/install/robotnik_supervisor_msgs/local/lib/python3.10/dist-packages/robotnik_supervisor_msgs/srv/_get_stack_status_s.c
[1.110s] -- Up-to-date: /home/hima/bachelors/rbkairos_ws/install/robotnik_supervisor_msgs/local/lib/python3.10/dist-packages/robotnik_supervisor_msgs/srv/_down_stack.py
[1.110s] -- Up-to-date: /home/hima/bachelors/rbkairos_ws/install/robotnik_supervisor_msgs/local/lib/python3.10/dist-packages/robotnik_supervisor_msgs/srv/_stop_stack.py
[1.110s] -- Up-to-date: /home/hima/bachelors/rbkairos_ws/install/robotnik_supervisor_msgs/local/lib/python3.10/dist-packages/robotnik_supervisor_msgs/srv/_stop_module_s.c
[1.110s] -- Up-to-date: /home/hima/bachelors/rbkairos_ws/install/robotnik_supervisor_msgs/local/lib/python3.10/dist-packages/robotnik_supervisor_msgs/robotnik_supervisor_msgs_s__rosidl_typesupport_introspection_c.cpython-310-x86_64-linux-gnu.so
[1.110s] -- Up-to-date: /home/hima/bachelors/rbkairos_ws/install/robotnik_supervisor_msgs/local/lib/python3.10/dist-packages/robotnik_supervisor_msgs/librobotnik_supervisor_msgs__rosidl_generator_py.so
[1.110s] -- Up-to-date: /home/hima/bachelors/rbkairos_ws/install/robotnik_supervisor_msgs/local/lib/python3.10/dist-packages/robotnik_supervisor_msgs/_robotnik_supervisor_msgs_s.ep.rosidl_typesupport_c.c
[1.114s] -- Up-to-date: /home/hima/bachelors/rbkairos_ws/install/robotnik_supervisor_msgs/local/lib/python3.10/dist-packages/robotnik_supervisor_msgs/_robotnik_supervisor_msgs_s.ep.rosidl_typesupport_fastrtps_c.c
[1.115s] -- Up-to-date: /home/hima/bachelors/rbkairos_ws/install/robotnik_supervisor_msgs/local/lib/python3.10/dist-packages/robotnik_supervisor_msgs/__init__.py
[1.115s] -- Up-to-date: /home/hima/bachelors/rbkairos_ws/install/robotnik_supervisor_msgs/local/lib/python3.10/dist-packages/robotnik_supervisor_msgs/robotnik_supervisor_msgs_s__rosidl_typesupport_c.cpython-310-x86_64-linux-gnu.so
[1.116s] -- Up-to-date: /home/hima/bachelors/rbkairos_ws/install/robotnik_supervisor_msgs/local/lib/python3.10/dist-packages/robotnik_supervisor_msgs/robotnik_supervisor_msgs_s__rosidl_typesupport_fastrtps_c.cpython-310-x86_64-linux-gnu.so
[1.184s] Listing '/home/hima/bachelors/rbkairos_ws/install/robotnik_supervisor_msgs/local/lib/python3.10/dist-packages/robotnik_supervisor_msgs'...
[1.185s] Listing '/home/hima/bachelors/rbkairos_ws/install/robotnik_supervisor_msgs/local/lib/python3.10/dist-packages/robotnik_supervisor_msgs/srv'...
[1.190s] -- Up-to-date: /home/hima/bachelors/rbkairos_ws/install/robotnik_supervisor_msgs/local/lib/python3.10/dist-packages/robotnik_supervisor_msgs/robotnik_supervisor_msgs_s__rosidl_typesupport_fastrtps_c.cpython-310-x86_64-linux-gnu.so
[1.190s] -- Up-to-date: /home/hima/bachelors/rbkairos_ws/install/robotnik_supervisor_msgs/local/lib/python3.10/dist-packages/robotnik_supervisor_msgs/robotnik_supervisor_msgs_s__rosidl_typesupport_introspection_c.cpython-310-x86_64-linux-gnu.so
[1.190s] -- Up-to-date: /home/hima/bachelors/rbkairos_ws/install/robotnik_supervisor_msgs/local/lib/python3.10/dist-packages/robotnik_supervisor_msgs/robotnik_supervisor_msgs_s__rosidl_typesupport_c.cpython-310-x86_64-linux-gnu.so
[1.191s] -- Up-to-date: /home/hima/bachelors/rbkairos_ws/install/robotnik_supervisor_msgs/lib/librobotnik_supervisor_msgs__rosidl_generator_py.so
[1.192s] -- Up-to-date: /home/hima/bachelors/rbkairos_ws/install/robotnik_supervisor_msgs/share/robotnik_supervisor_msgs/srv/DownStack.idl
[1.192s] -- Up-to-date: /home/hima/bachelors/rbkairos_ws/install/robotnik_supervisor_msgs/share/robotnik_supervisor_msgs/srv/GetModuleList.idl
[1.192s] -- Up-to-date: /home/hima/bachelors/rbkairos_ws/install/robotnik_supervisor_msgs/share/robotnik_supervisor_msgs/srv/GetStackList.idl
[1.192s] -- Up-to-date: /home/hima/bachelors/rbkairos_ws/install/robotnik_supervisor_msgs/share/robotnik_supervisor_msgs/srv/GetStackLogs.idl
[1.193s] -- Up-to-date: /home/hima/bachelors/rbkairos_ws/install/robotnik_supervisor_msgs/share/robotnik_supervisor_msgs/srv/GetStackStatus.idl
[1.193s] -- Up-to-date: /home/hima/bachelors/rbkairos_ws/install/robotnik_supervisor_msgs/share/robotnik_supervisor_msgs/srv/RestartStack.idl
[1.193s] -- Up-to-date: /home/hima/bachelors/rbkairos_ws/install/robotnik_supervisor_msgs/share/robotnik_supervisor_msgs/srv/StartModule.idl
[1.193s] -- Up-to-date: /home/hima/bachelors/rbkairos_ws/install/robotnik_supervisor_msgs/share/robotnik_supervisor_msgs/srv/StartStack.idl
[1.193s] -- Up-to-date: /home/hima/bachelors/rbkairos_ws/install/robotnik_supervisor_msgs/share/robotnik_supervisor_msgs/srv/StopModule.idl
[1.193s] -- Up-to-date: /home/hima/bachelors/rbkairos_ws/install/robotnik_supervisor_msgs/share/robotnik_supervisor_msgs/srv/StopStack.idl
[1.193s] -- Up-to-date: /home/hima/bachelors/rbkairos_ws/install/robotnik_supervisor_msgs/share/robotnik_supervisor_msgs/srv/DownStack.srv
[1.193s] -- Up-to-date: /home/hima/bachelors/rbkairos_ws/install/robotnik_supervisor_msgs/share/robotnik_supervisor_msgs/srv/DownStack_Request.msg
[1.193s] -- Up-to-date: /home/hima/bachelors/rbkairos_ws/install/robotnik_supervisor_msgs/share/robotnik_supervisor_msgs/srv/DownStack_Response.msg
[1.193s] -- Up-to-date: /home/hima/bachelors/rbkairos_ws/install/robotnik_supervisor_msgs/share/robotnik_supervisor_msgs/srv/GetModuleList.srv
[1.193s] -- Up-to-date: /home/hima/bachelors/rbkairos_ws/install/robotnik_supervisor_msgs/share/robotnik_supervisor_msgs/srv/GetModuleList_Request.msg
[1.193s] -- Up-to-date: /home/hima/bachelors/rbkairos_ws/install/robotnik_supervisor_msgs/share/robotnik_supervisor_msgs/srv/GetModuleList_Response.msg
[1.193s] -- Up-to-date: /home/hima/bachelors/rbkairos_ws/install/robotnik_supervisor_msgs/share/robotnik_supervisor_msgs/srv/GetStackList.srv
[1.194s] -- Up-to-date: /home/hima/bachelors/rbkairos_ws/install/robotnik_supervisor_msgs/share/robotnik_supervisor_msgs/srv/GetStackList_Request.msg
[1.194s] -- Up-to-date: /home/hima/bachelors/rbkairos_ws/install/robotnik_supervisor_msgs/share/robotnik_supervisor_msgs/srv/GetStackList_Response.msg
[1.194s] -- Up-to-date: /home/hima/bachelors/rbkairos_ws/install/robotnik_supervisor_msgs/share/robotnik_supervisor_msgs/srv/GetStackLogs.srv
[1.194s] -- Up-to-date: /home/hima/bachelors/rbkairos_ws/install/robotnik_supervisor_msgs/share/robotnik_supervisor_msgs/srv/GetStackLogs_Request.msg
[1.194s] -- Up-to-date: /home/hima/bachelors/rbkairos_ws/install/robotnik_supervisor_msgs/share/robotnik_supervisor_msgs/srv/GetStackLogs_Response.msg
[1.194s] -- Up-to-date: /home/hima/bachelors/rbkairos_ws/install/robotnik_supervisor_msgs/share/robotnik_supervisor_msgs/srv/GetStackStatus.srv
[1.194s] -- Up-to-date: /home/hima/bachelors/rbkairos_ws/install/robotnik_supervisor_msgs/share/robotnik_supervisor_msgs/srv/GetStackStatus_Request.msg
[1.194s] -- Up-to-date: /home/hima/bachelors/rbkairos_ws/install/robotnik_supervisor_msgs/share/robotnik_supervisor_msgs/srv/GetStackStatus_Response.msg
[1.194s] -- Up-to-date: /home/hima/bachelors/rbkairos_ws/install/robotnik_supervisor_msgs/share/robotnik_supervisor_msgs/srv/RestartStack.srv
[1.194s] -- Up-to-date: /home/hima/bachelors/rbkairos_ws/install/robotnik_supervisor_msgs/share/robotnik_supervisor_msgs/srv/RestartStack_Request.msg
[1.195s] -- Up-to-date: /home/hima/bachelors/rbkairos_ws/install/robotnik_supervisor_msgs/share/robotnik_supervisor_msgs/srv/RestartStack_Response.msg
[1.195s] -- Up-to-date: /home/hima/bachelors/rbkairos_ws/install/robotnik_supervisor_msgs/share/robotnik_supervisor_msgs/srv/StartModule.srv
[1.195s] -- Up-to-date: /home/hima/bachelors/rbkairos_ws/install/robotnik_supervisor_msgs/share/robotnik_supervisor_msgs/srv/StartModule_Request.msg
[1.195s] -- Up-to-date: /home/hima/bachelors/rbkairos_ws/install/robotnik_supervisor_msgs/share/robotnik_supervisor_msgs/srv/StartModule_Response.msg
[1.195s] -- Up-to-date: /home/hima/bachelors/rbkairos_ws/install/robotnik_supervisor_msgs/share/robotnik_supervisor_msgs/srv/StartStack.srv
[1.196s] -- Up-to-date: /home/hima/bachelors/rbkairos_ws/install/robotnik_supervisor_msgs/share/robotnik_supervisor_msgs/srv/StartStack_Request.msg
[1.196s] -- Up-to-date: /home/hima/bachelors/rbkairos_ws/install/robotnik_supervisor_msgs/share/robotnik_supervisor_msgs/srv/StartStack_Response.msg
[1.196s] -- Up-to-date: /home/hima/bachelors/rbkairos_ws/install/robotnik_supervisor_msgs/share/robotnik_supervisor_msgs/srv/StopModule.srv
[1.196s] -- Up-to-date: /home/hima/bachelors/rbkairos_ws/install/robotnik_supervisor_msgs/share/robotnik_supervisor_msgs/srv/StopModule_Request.msg
[1.196s] -- Up-to-date: /home/hima/bachelors/rbkairos_ws/install/robotnik_supervisor_msgs/share/robotnik_supervisor_msgs/srv/StopModule_Response.msg
[1.196s] -- Up-to-date: /home/hima/bachelors/rbkairos_ws/install/robotnik_supervisor_msgs/share/robotnik_supervisor_msgs/srv/StopStack.srv
[1.198s] -- Up-to-date: /home/hima/bachelors/rbkairos_ws/install/robotnik_supervisor_msgs/share/robotnik_supervisor_msgs/srv/StopStack_Request.msg
[1.199s] -- Up-to-date: /home/hima/bachelors/rbkairos_ws/install/robotnik_supervisor_msgs/share/robotnik_supervisor_msgs/srv/StopStack_Response.msg
[1.200s] -- Up-to-date: /home/hima/bachelors/rbkairos_ws/install/robotnik_supervisor_msgs/share/ament_index/resource_index/package_run_dependencies/robotnik_supervisor_msgs
[1.200s] -- Up-to-date: /home/hima/bachelors/rbkairos_ws/install/robotnik_supervisor_msgs/share/ament_index/resource_index/parent_prefix_path/robotnik_supervisor_msgs
[1.201s] -- Up-to-date: /home/hima/bachelors/rbkairos_ws/install/robotnik_supervisor_msgs/share/robotnik_supervisor_msgs/environment/ament_prefix_path.sh
[1.202s] -- Up-to-date: /home/hima/bachelors/rbkairos_ws/install/robotnik_supervisor_msgs/share/robotnik_supervisor_msgs/environment/ament_prefix_path.dsv
[1.203s] -- Up-to-date: /home/hima/bachelors/rbkairos_ws/install/robotnik_supervisor_msgs/share/robotnik_supervisor_msgs/environment/path.sh
[1.204s] -- Up-to-date: /home/hima/bachelors/rbkairos_ws/install/robotnik_supervisor_msgs/share/robotnik_supervisor_msgs/environment/path.dsv
[1.207s] -- Up-to-date: /home/hima/bachelors/rbkairos_ws/install/robotnik_supervisor_msgs/share/robotnik_supervisor_msgs/local_setup.bash
[1.207s] -- Up-to-date: /home/hima/bachelors/rbkairos_ws/install/robotnik_supervisor_msgs/share/robotnik_supervisor_msgs/local_setup.sh
[1.208s] -- Up-to-date: /home/hima/bachelors/rbkairos_ws/install/robotnik_supervisor_msgs/share/robotnik_supervisor_msgs/local_setup.zsh
[1.208s] -- Up-to-date: /home/hima/bachelors/rbkairos_ws/install/robotnik_supervisor_msgs/share/robotnik_supervisor_msgs/local_setup.dsv
[1.208s] -- Installing: /home/hima/bachelors/rbkairos_ws/install/robotnik_supervisor_msgs/share/robotnik_supervisor_msgs/package.dsv
[1.209s] -- Up-to-date: /home/hima/bachelors/rbkairos_ws/install/robotnik_supervisor_msgs/share/ament_index/resource_index/packages/robotnik_supervisor_msgs
[1.209s] -- Up-to-date: /home/hima/bachelors/rbkairos_ws/install/robotnik_supervisor_msgs/share/robotnik_supervisor_msgs/cmake/export_robotnik_supervisor_msgs__rosidl_generator_cExport.cmake
[1.209s] -- Up-to-date: /home/hima/bachelors/rbkairos_ws/install/robotnik_supervisor_msgs/share/robotnik_supervisor_msgs/cmake/export_robotnik_supervisor_msgs__rosidl_generator_cExport-noconfig.cmake
[1.209s] -- Up-to-date: /home/hima/bachelors/rbkairos_ws/install/robotnik_supervisor_msgs/share/robotnik_supervisor_msgs/cmake/export_robotnik_supervisor_msgs__rosidl_typesupport_fastrtps_cExport.cmake
[1.209s] -- Up-to-date: /home/hima/bachelors/rbkairos_ws/install/robotnik_supervisor_msgs/share/robotnik_supervisor_msgs/cmake/export_robotnik_supervisor_msgs__rosidl_typesupport_fastrtps_cExport-noconfig.cmake
[1.209s] -- Up-to-date: /home/hima/bachelors/rbkairos_ws/install/robotnik_supervisor_msgs/share/robotnik_supervisor_msgs/cmake/export_robotnik_supervisor_msgs__rosidl_generator_cppExport.cmake
[1.209s] -- Up-to-date: /home/hima/bachelors/rbkairos_ws/install/robotnik_supervisor_msgs/share/robotnik_supervisor_msgs/cmake/export_robotnik_supervisor_msgs__rosidl_typesupport_fastrtps_cppExport.cmake
[1.209s] -- Up-to-date: /home/hima/bachelors/rbkairos_ws/install/robotnik_supervisor_msgs/share/robotnik_supervisor_msgs/cmake/export_robotnik_supervisor_msgs__rosidl_typesupport_fastrtps_cppExport-noconfig.cmake
[1.210s] -- Up-to-date: /home/hima/bachelors/rbkairos_ws/install/robotnik_supervisor_msgs/share/robotnik_supervisor_msgs/cmake/robotnik_supervisor_msgs__rosidl_typesupport_introspection_cExport.cmake
[1.210s] -- Up-to-date: /home/hima/bachelors/rbkairos_ws/install/robotnik_supervisor_msgs/share/robotnik_supervisor_msgs/cmake/robotnik_supervisor_msgs__rosidl_typesupport_introspection_cExport-noconfig.cmake
[1.210s] -- Up-to-date: /home/hima/bachelors/rbkairos_ws/install/robotnik_supervisor_msgs/share/robotnik_supervisor_msgs/cmake/robotnik_supervisor_msgs__rosidl_typesupport_cExport.cmake
[1.210s] -- Up-to-date: /home/hima/bachelors/rbkairos_ws/install/robotnik_supervisor_msgs/share/robotnik_supervisor_msgs/cmake/robotnik_supervisor_msgs__rosidl_typesupport_cExport-noconfig.cmake
[1.210s] -- Up-to-date: /home/hima/bachelors/rbkairos_ws/install/robotnik_supervisor_msgs/share/robotnik_supervisor_msgs/cmake/robotnik_supervisor_msgs__rosidl_typesupport_introspection_cppExport.cmake
[1.210s] -- Up-to-date: /home/hima/bachelors/rbkairos_ws/install/robotnik_supervisor_msgs/share/robotnik_supervisor_msgs/cmake/robotnik_supervisor_msgs__rosidl_typesupport_introspection_cppExport-noconfig.cmake
[1.210s] -- Up-to-date: /home/hima/bachelors/rbkairos_ws/install/robotnik_supervisor_msgs/share/robotnik_supervisor_msgs/cmake/robotnik_supervisor_msgs__rosidl_typesupport_cppExport.cmake
[1.210s] -- Up-to-date: /home/hima/bachelors/rbkairos_ws/install/robotnik_supervisor_msgs/share/robotnik_supervisor_msgs/cmake/robotnik_supervisor_msgs__rosidl_typesupport_cppExport-noconfig.cmake
[1.210s] -- Up-to-date: /home/hima/bachelors/rbkairos_ws/install/robotnik_supervisor_msgs/share/robotnik_supervisor_msgs/cmake/export_robotnik_supervisor_msgs__rosidl_generator_pyExport.cmake
[1.210s] -- Up-to-date: /home/hima/bachelors/rbkairos_ws/install/robotnik_supervisor_msgs/share/robotnik_supervisor_msgs/cmake/export_robotnik_supervisor_msgs__rosidl_generator_pyExport-noconfig.cmake
[1.210s] -- Up-to-date: /home/hima/bachelors/rbkairos_ws/install/robotnik_supervisor_msgs/share/robotnik_supervisor_msgs/cmake/rosidl_cmake-extras.cmake
[1.210s] -- Up-to-date: /home/hima/bachelors/rbkairos_ws/install/robotnik_supervisor_msgs/share/robotnik_supervisor_msgs/cmake/ament_cmake_export_dependencies-extras.cmake
[1.210s] -- Up-to-date: /home/hima/bachelors/rbkairos_ws/install/robotnik_supervisor_msgs/share/robotnik_supervisor_msgs/cmake/ament_cmake_export_include_directories-extras.cmake
[1.211s] -- Up-to-date: /home/hima/bachelors/rbkairos_ws/install/robotnik_supervisor_msgs/share/robotnik_supervisor_msgs/cmake/ament_cmake_export_libraries-extras.cmake
[1.211s] -- Up-to-date: /home/hima/bachelors/rbkairos_ws/install/robotnik_supervisor_msgs/share/robotnik_supervisor_msgs/cmake/ament_cmake_export_targets-extras.cmake
[1.211s] -- Up-to-date: /home/hima/bachelors/rbkairos_ws/install/robotnik_supervisor_msgs/share/robotnik_supervisor_msgs/cmake/rosidl_cmake_export_typesupport_targets-extras.cmake
[1.211s] -- Up-to-date: /home/hima/bachelors/rbkairos_ws/install/robotnik_supervisor_msgs/share/robotnik_supervisor_msgs/cmake/rosidl_cmake_export_typesupport_libraries-extras.cmake
[1.211s] -- Up-to-date: /home/hima/bachelors/rbkairos_ws/install/robotnik_supervisor_msgs/share/robotnik_supervisor_msgs/cmake/robotnik_supervisor_msgsConfig.cmake
[1.211s] -- Up-to-date: /home/hima/bachelors/rbkairos_ws/install/robotnik_supervisor_msgs/share/robotnik_supervisor_msgs/cmake/robotnik_supervisor_msgsConfig-version.cmake
[1.211s] -- Up-to-date: /home/hima/bachelors/rbkairos_ws/install/robotnik_supervisor_msgs/share/robotnik_supervisor_msgs/package.xml
[1.211s] Invoked command in '/home/hima/bachelors/rbkairos_ws/build/robotnik_supervisor_msgs' returned '0': CMAKE_PREFIX_PATH=/home/hima/bachelors/rbkairos_ws/install/robotnik_common_msgs:/home/hima/bachelors/rbkairos_ws/install/ros2_laser_scan_merger:/home/hima/bachelors/rbkairos_ws/install/ros2_laser_scan_matcher:/home/hima/bachelors/rbkairos_ws/install/robotnik_supervisor_msgs:/home/hima/bachelors/rbkairos_ws/install/robotnik_gazebo_ignition:/home/hima/bachelors/rbkairos_ws/install/robotnik_gazebo_classic:/home/hima/bachelors/rbkairos_ws/install/mapping:/home/hima/bachelors/rbkairos_ws/install/robotnik_description:/home/hima/bachelors/rbkairos_ws/install/robotnik_sensors:/home/hima/bachelors/rbkairos_ws/install/robotnik_interfaces:/home/hima/bachelors/rbkairos_ws/install/robotnik_safety_msgs:/home/hima/bachelors/rbkairos_ws/install/robotnik_perception_msgs:/home/hima/bachelors/rbkairos_ws/install/robotnik_navigation_msgs:/home/hima/bachelors/rbkairos_ws/install/robotnik_io_msgs:/home/hima/bachelors/rbkairos_ws/install/robotnik_controllers_msgs:/home/hima/bachelors/rbkairos_ws/install/robotnik_common:/home/hima/bachelors/rbkairos_ws/install/robotnik_battery_msgs:/home/hima/bachelors/rbkairos_ws/install/csm:/opt/ros/humble LD_LIBRARY_PATH=/home/hima/bachelors/rbkairos_ws/install/robotnik_common_msgs/lib:/home/hima/bachelors/rbkairos_ws/install/robotnik_supervisor_msgs/lib:/home/hima/bachelors/rbkairos_ws/install/robotnik_perception_msgs/lib:/home/hima/bachelors/rbkairos_ws/install/robotnik_navigation_msgs/lib:/home/hima/bachelors/rbkairos_ws/install/robotnik_io_msgs/lib:/home/hima/bachelors/rbkairos_ws/install/robotnik_controllers_msgs/lib:/home/hima/bachelors/rbkairos_ws/install/robotnik_battery_msgs/lib:/home/hima/bachelors/rbkairos_ws/install/csm/lib:/usr/lib/x86_64-linux-gnu/gazebo-11/plugins:/opt/ros/humble/opt/rviz_ogre_vendor/lib:/opt/ros/humble/lib/x86_64-linux-gnu:/opt/ros/humble/lib /usr/bin/cmake --install /home/hima/bachelors/rbkairos_ws/build/robotnik_supervisor_msgs
