[0.038s] Invoking command in '/home/hima/bachelors/rbkairos_ws/build/robotnik_navigation_msgs': AMENT_PREFIX_PATH=/home/hima/bachelors/rbkairos_ws/install/robotnik_common_msgs:${AMENT_PREFIX_PATH} CMAKE_PREFIX_PATH=/home/hima/bachelors/rbkairos_ws/install/robotnik_common_msgs:/opt/ros/humble LD_LIBRARY_PATH=/home/hima/bachelors/rbkairos_ws/install/robotnik_common_msgs/lib:${LD_LIBRARY_PATH} PYTHONPATH=/home/hima/bachelors/rbkairos_ws/install/robotnik_common_msgs/local/lib/python3.10/dist-packages:${PYTHONPATH} /usr/bin/cmake --build /home/hima/bachelors/rbkairos_ws/build/robotnik_navigation_msgs -- -j16 -l16
[0.162s] [ 10%] Built target robotnik_navigation_msgs__rosidl_generator_c
[0.174s] [ 12%] Built target robotnik_navigation_msgs__cpp
[0.224s] [ 23%] Built target robotnik_navigation_msgs__rosidl_typesupport_introspection_c
[0.240s] [ 33%] Built target robotnik_navigation_msgs__rosidl_typesupport_fastrtps_c
[0.246s] [ 43%] Built target robotnik_navigation_msgs__rosidl_typesupport_c
[0.246s] [ 53%] Built target robotnik_navigation_msgs__rosidl_typesupport_introspection_cpp
[0.263s] [ 64%] Built target robotnik_navigation_msgs__rosidl_typesupport_cpp
[0.264s] [ 64%] Built target ament_cmake_python_copy_robotnik_navigation_msgs
[0.269s] [ 74%] Built target robotnik_navigation_msgs__rosidl_typesupport_fastrtps_cpp
[0.328s] [ 74%] Built target robotnik_navigation_msgs
[0.395s] [ 76%] Built target robotnik_navigation_msgs__py
[0.463s] [ 84%] Built target robotnik_navigation_msgs__rosidl_generator_py
[0.500s] [ 89%] Built target robotnik_navigation_msgs__rosidl_typesupport_c__pyext
[0.521s] [ 94%] Built target robotnik_navigation_msgs__rosidl_typesupport_introspection_c__pyext
[0.527s] [100%] Built target robotnik_navigation_msgs__rosidl_typesupport_fastrtps_c__pyext
[1.069s] running egg_info
[1.070s] writing robotnik_navigation_msgs.egg-info/PKG-INFO
[1.071s] writing dependency_links to robotnik_navigation_msgs.egg-info/dependency_links.txt
[1.072s] writing top-level names to robotnik_navigation_msgs.egg-info/top_level.txt
[1.074s] reading manifest file 'robotnik_navigation_msgs.egg-info/SOURCES.txt'
[1.075s] writing manifest file 'robotnik_navigation_msgs.egg-info/SOURCES.txt'
[1.117s] [100%] Built target ament_cmake_python_build_robotnik_navigation_msgs_egg
[1.133s] Invoked command in '/home/hima/bachelors/rbkairos_ws/build/robotnik_navigation_msgs' returned '0': AMENT_PREFIX_PATH=/home/hima/bachelors/rbkairos_ws/install/robotnik_common_msgs:${AMENT_PREFIX_PATH} CMAKE_PREFIX_PATH=/home/hima/bachelors/rbkairos_ws/install/robotnik_common_msgs:/opt/ros/humble LD_LIBRARY_PATH=/home/hima/bachelors/rbkairos_ws/install/robotnik_common_msgs/lib:${LD_LIBRARY_PATH} PYTHONPATH=/home/hima/bachelors/rbkairos_ws/install/robotnik_common_msgs/local/lib/python3.10/dist-packages:${PYTHONPATH} /usr/bin/cmake --build /home/hima/bachelors/rbkairos_ws/build/robotnik_navigation_msgs -- -j16 -l16
[1.135s] Invoking command in '/home/hima/bachelors/rbkairos_ws/build/robotnik_navigation_msgs': AMENT_PREFIX_PATH=/home/hima/bachelors/rbkairos_ws/install/robotnik_common_msgs:${AMENT_PREFIX_PATH} CMAKE_PREFIX_PATH=/home/hima/bachelors/rbkairos_ws/install/robotnik_common_msgs:/opt/ros/humble LD_LIBRARY_PATH=/home/hima/bachelors/rbkairos_ws/install/robotnik_common_msgs/lib:${LD_LIBRARY_PATH} PYTHONPATH=/home/hima/bachelors/rbkairos_ws/install/robotnik_common_msgs/local/lib/python3.10/dist-packages:${PYTHONPATH} /usr/bin/cmake --install /home/hima/bachelors/rbkairos_ws/build/robotnik_navigation_msgs
[1.159s] -- Install configuration: ""
[1.160s] -- Up-to-date: /home/hima/bachelors/rbkairos_ws/install/robotnik_navigation_msgs/share/ament_index/resource_index/rosidl_interfaces/robotnik_navigation_msgs
[1.160s] -- Up-to-date: /home/hima/bachelors/rbkairos_ws/install/robotnik_navigation_msgs/include/robotnik_navigation_msgs/robotnik_navigation_msgs
[1.161s] -- Up-to-date: /home/hima/bachelors/rbkairos_ws/install/robotnik_navigation_msgs/include/robotnik_navigation_msgs/robotnik_navigation_msgs/action
[1.161s] -- Up-to-date: /home/hima/bachelors/rbkairos_ws/install/robotnik_navigation_msgs/include/robotnik_navigation_msgs/robotnik_navigation_msgs/action/move.h
[1.162s] -- Up-to-date: /home/hima/bachelors/rbkairos_ws/install/robotnik_navigation_msgs/include/robotnik_navigation_msgs/robotnik_navigation_msgs/action/dock.h
[1.162s] -- Up-to-date: /home/hima/bachelors/rbkairos_ws/install/robotnik_navigation_msgs/include/robotnik_navigation_msgs/robotnik_navigation_msgs/action/detail
[1.162s] -- Up-to-date: /home/hima/bachelors/rbkairos_ws/install/robotnik_navigation_msgs/include/robotnik_navigation_msgs/robotnik_navigation_msgs/action/detail/dock__type_support.h
[1.162s] -- Up-to-date: /home/hima/bachelors/rbkairos_ws/install/robotnik_navigation_msgs/include/robotnik_navigation_msgs/robotnik_navigation_msgs/action/detail/dock__functions.c
[1.162s] -- Up-to-date: /home/hima/bachelors/rbkairos_ws/install/robotnik_navigation_msgs/include/robotnik_navigation_msgs/robotnik_navigation_msgs/action/detail/move__functions.h
[1.162s] -- Up-to-date: /home/hima/bachelors/rbkairos_ws/install/robotnik_navigation_msgs/include/robotnik_navigation_msgs/robotnik_navigation_msgs/action/detail/dock__struct.h
[1.162s] -- Up-to-date: /home/hima/bachelors/rbkairos_ws/install/robotnik_navigation_msgs/include/robotnik_navigation_msgs/robotnik_navigation_msgs/action/detail/dock__functions.h
[1.162s] -- Up-to-date: /home/hima/bachelors/rbkairos_ws/install/robotnik_navigation_msgs/include/robotnik_navigation_msgs/robotnik_navigation_msgs/action/detail/move__functions.c
[1.162s] -- Up-to-date: /home/hima/bachelors/rbkairos_ws/install/robotnik_navigation_msgs/include/robotnik_navigation_msgs/robotnik_navigation_msgs/action/detail/move__type_support.h
[1.162s] -- Up-to-date: /home/hima/bachelors/rbkairos_ws/install/robotnik_navigation_msgs/include/robotnik_navigation_msgs/robotnik_navigation_msgs/action/detail/move__struct.h
[1.162s] -- Up-to-date: /home/hima/bachelors/rbkairos_ws/install/robotnik_navigation_msgs/include/robotnik_navigation_msgs/robotnik_navigation_msgs/msg
[1.163s] -- Up-to-date: /home/hima/bachelors/rbkairos_ws/install/robotnik_navigation_msgs/include/robotnik_navigation_msgs/robotnik_navigation_msgs/msg/rosidl_generator_c__visibility_control.h
[1.163s] -- Up-to-date: /home/hima/bachelors/rbkairos_ws/install/robotnik_navigation_msgs/share/robotnik_navigation_msgs/environment/library_path.sh
[1.164s] -- Up-to-date: /home/hima/bachelors/rbkairos_ws/install/robotnik_navigation_msgs/share/robotnik_navigation_msgs/environment/library_path.dsv
[1.164s] -- Up-to-date: /home/hima/bachelors/rbkairos_ws/install/robotnik_navigation_msgs/lib/librobotnik_navigation_msgs__rosidl_generator_c.so
[1.164s] -- Up-to-date: /home/hima/bachelors/rbkairos_ws/install/robotnik_navigation_msgs/include/robotnik_navigation_msgs/robotnik_navigation_msgs
[1.164s] -- Up-to-date: /home/hima/bachelors/rbkairos_ws/install/robotnik_navigation_msgs/include/robotnik_navigation_msgs/robotnik_navigation_msgs/action
[1.164s] -- Up-to-date: /home/hima/bachelors/rbkairos_ws/install/robotnik_navigation_msgs/include/robotnik_navigation_msgs/robotnik_navigation_msgs/action/detail
[1.164s] -- Up-to-date: /home/hima/bachelors/rbkairos_ws/install/robotnik_navigation_msgs/include/robotnik_navigation_msgs/robotnik_navigation_msgs/action/detail/move__rosidl_typesupport_fastrtps_c.h
[1.164s] -- Up-to-date: /home/hima/bachelors/rbkairos_ws/install/robotnik_navigation_msgs/include/robotnik_navigation_msgs/robotnik_navigation_msgs/action/detail/dock__rosidl_typesupport_fastrtps_c.h
[1.164s] -- Up-to-date: /home/hima/bachelors/rbkairos_ws/install/robotnik_navigation_msgs/include/robotnik_navigation_msgs/robotnik_navigation_msgs/msg
[1.164s] -- Up-to-date: /home/hima/bachelors/rbkairos_ws/install/robotnik_navigation_msgs/include/robotnik_navigation_msgs/robotnik_navigation_msgs/msg/rosidl_typesupport_fastrtps_c__visibility_control.h
[1.164s] -- Up-to-date: /home/hima/bachelors/rbkairos_ws/install/robotnik_navigation_msgs/lib/librobotnik_navigation_msgs__rosidl_typesupport_fastrtps_c.so
[1.164s] -- Up-to-date: /home/hima/bachelors/rbkairos_ws/install/robotnik_navigation_msgs/include/robotnik_navigation_msgs/robotnik_navigation_msgs
[1.165s] -- Up-to-date: /home/hima/bachelors/rbkairos_ws/install/robotnik_navigation_msgs/include/robotnik_navigation_msgs/robotnik_navigation_msgs/action
[1.165s] -- Up-to-date: /home/hima/bachelors/rbkairos_ws/install/robotnik_navigation_msgs/include/robotnik_navigation_msgs/robotnik_navigation_msgs/action/move.hpp
[1.165s] -- Up-to-date: /home/hima/bachelors/rbkairos_ws/install/robotnik_navigation_msgs/include/robotnik_navigation_msgs/robotnik_navigation_msgs/action/detail
[1.165s] -- Up-to-date: /home/hima/bachelors/rbkairos_ws/install/robotnik_navigation_msgs/include/robotnik_navigation_msgs/robotnik_navigation_msgs/action/detail/dock__struct.hpp
[1.165s] -- Up-to-date: /home/hima/bachelors/rbkairos_ws/install/robotnik_navigation_msgs/include/robotnik_navigation_msgs/robotnik_navigation_msgs/action/detail/dock__traits.hpp
[1.165s] -- Up-to-date: /home/hima/bachelors/rbkairos_ws/install/robotnik_navigation_msgs/include/robotnik_navigation_msgs/robotnik_navigation_msgs/action/detail/move__traits.hpp
[1.165s] -- Up-to-date: /home/hima/bachelors/rbkairos_ws/install/robotnik_navigation_msgs/include/robotnik_navigation_msgs/robotnik_navigation_msgs/action/detail/move__builder.hpp
[1.165s] -- Up-to-date: /home/hima/bachelors/rbkairos_ws/install/robotnik_navigation_msgs/include/robotnik_navigation_msgs/robotnik_navigation_msgs/action/detail/move__type_support.hpp
[1.165s] -- Up-to-date: /home/hima/bachelors/rbkairos_ws/install/robotnik_navigation_msgs/include/robotnik_navigation_msgs/robotnik_navigation_msgs/action/detail/move__struct.hpp
[1.165s] -- Up-to-date: /home/hima/bachelors/rbkairos_ws/install/robotnik_navigation_msgs/include/robotnik_navigation_msgs/robotnik_navigation_msgs/action/detail/dock__builder.hpp
[1.165s] -- Up-to-date: /home/hima/bachelors/rbkairos_ws/install/robotnik_navigation_msgs/include/robotnik_navigation_msgs/robotnik_navigation_msgs/action/detail/dock__type_support.hpp
[1.165s] -- Up-to-date: /home/hima/bachelors/rbkairos_ws/install/robotnik_navigation_msgs/include/robotnik_navigation_msgs/robotnik_navigation_msgs/action/dock.hpp
[1.166s] -- Up-to-date: /home/hima/bachelors/rbkairos_ws/install/robotnik_navigation_msgs/include/robotnik_navigation_msgs/robotnik_navigation_msgs/msg
[1.166s] -- Up-to-date: /home/hima/bachelors/rbkairos_ws/install/robotnik_navigation_msgs/include/robotnik_navigation_msgs/robotnik_navigation_msgs/msg/rosidl_generator_cpp__visibility_control.hpp
[1.166s] -- Up-to-date: /home/hima/bachelors/rbkairos_ws/install/robotnik_navigation_msgs/include/robotnik_navigation_msgs/robotnik_navigation_msgs
[1.166s] -- Up-to-date: /home/hima/bachelors/rbkairos_ws/install/robotnik_navigation_msgs/include/robotnik_navigation_msgs/robotnik_navigation_msgs/action
[1.166s] -- Up-to-date: /home/hima/bachelors/rbkairos_ws/install/robotnik_navigation_msgs/include/robotnik_navigation_msgs/robotnik_navigation_msgs/action/detail
[1.167s] -- Up-to-date: /home/hima/bachelors/rbkairos_ws/install/robotnik_navigation_msgs/include/robotnik_navigation_msgs/robotnik_navigation_msgs/action/detail/dock__rosidl_typesupport_fastrtps_cpp.hpp
[1.167s] -- Up-to-date: /home/hima/bachelors/rbkairos_ws/install/robotnik_navigation_msgs/include/robotnik_navigation_msgs/robotnik_navigation_msgs/action/detail/dds_fastrtps
[1.167s] -- Up-to-date: /home/hima/bachelors/rbkairos_ws/install/robotnik_navigation_msgs/include/robotnik_navigation_msgs/robotnik_navigation_msgs/action/detail/move__rosidl_typesupport_fastrtps_cpp.hpp
[1.167s] -- Up-to-date: /home/hima/bachelors/rbkairos_ws/install/robotnik_navigation_msgs/include/robotnik_navigation_msgs/robotnik_navigation_msgs/msg
[1.167s] -- Up-to-date: /home/hima/bachelors/rbkairos_ws/install/robotnik_navigation_msgs/include/robotnik_navigation_msgs/robotnik_navigation_msgs/msg/rosidl_typesupport_fastrtps_cpp__visibility_control.h
[1.167s] -- Up-to-date: /home/hima/bachelors/rbkairos_ws/install/robotnik_navigation_msgs/lib/librobotnik_navigation_msgs__rosidl_typesupport_fastrtps_cpp.so
[1.167s] -- Up-to-date: /home/hima/bachelors/rbkairos_ws/install/robotnik_navigation_msgs/include/robotnik_navigation_msgs/robotnik_navigation_msgs
[1.167s] -- Up-to-date: /home/hima/bachelors/rbkairos_ws/install/robotnik_navigation_msgs/include/robotnik_navigation_msgs/robotnik_navigation_msgs/action
[1.167s] -- Up-to-date: /home/hima/bachelors/rbkairos_ws/install/robotnik_navigation_msgs/include/robotnik_navigation_msgs/robotnik_navigation_msgs/action/detail
[1.167s] -- Up-to-date: /home/hima/bachelors/rbkairos_ws/install/robotnik_navigation_msgs/include/robotnik_navigation_msgs/robotnik_navigation_msgs/action/detail/move__rosidl_typesupport_introspection_c.h
[1.167s] -- Up-to-date: /home/hima/bachelors/rbkairos_ws/install/robotnik_navigation_msgs/include/robotnik_navigation_msgs/robotnik_navigation_msgs/action/detail/move__type_support.c
[1.167s] -- Up-to-date: /home/hima/bachelors/rbkairos_ws/install/robotnik_navigation_msgs/include/robotnik_navigation_msgs/robotnik_navigation_msgs/action/detail/dock__rosidl_typesupport_introspection_c.h
[1.167s] -- Up-to-date: /home/hima/bachelors/rbkairos_ws/install/robotnik_navigation_msgs/include/robotnik_navigation_msgs/robotnik_navigation_msgs/action/detail/dock__type_support.c
[1.167s] -- Up-to-date: /home/hima/bachelors/rbkairos_ws/install/robotnik_navigation_msgs/include/robotnik_navigation_msgs/robotnik_navigation_msgs/msg
[1.168s] -- Up-to-date: /home/hima/bachelors/rbkairos_ws/install/robotnik_navigation_msgs/include/robotnik_navigation_msgs/robotnik_navigation_msgs/msg/rosidl_typesupport_introspection_c__visibility_control.h
[1.168s] -- Up-to-date: /home/hima/bachelors/rbkairos_ws/install/robotnik_navigation_msgs/lib/librobotnik_navigation_msgs__rosidl_typesupport_introspection_c.so
[1.168s] -- Up-to-date: /home/hima/bachelors/rbkairos_ws/install/robotnik_navigation_msgs/lib/librobotnik_navigation_msgs__rosidl_typesupport_c.so
[1.168s] -- Up-to-date: /home/hima/bachelors/rbkairos_ws/install/robotnik_navigation_msgs/include/robotnik_navigation_msgs/robotnik_navigation_msgs
[1.168s] -- Up-to-date: /home/hima/bachelors/rbkairos_ws/install/robotnik_navigation_msgs/include/robotnik_navigation_msgs/robotnik_navigation_msgs/action
[1.168s] -- Up-to-date: /home/hima/bachelors/rbkairos_ws/install/robotnik_navigation_msgs/include/robotnik_navigation_msgs/robotnik_navigation_msgs/action/detail
[1.168s] -- Up-to-date: /home/hima/bachelors/rbkairos_ws/install/robotnik_navigation_msgs/include/robotnik_navigation_msgs/robotnik_navigation_msgs/action/detail/dock__rosidl_typesupport_introspection_cpp.hpp
[1.169s] -- Up-to-date: /home/hima/bachelors/rbkairos_ws/install/robotnik_navigation_msgs/include/robotnik_navigation_msgs/robotnik_navigation_msgs/action/detail/dock__type_support.cpp
[1.169s] -- Up-to-date: /home/hima/bachelors/rbkairos_ws/install/robotnik_navigation_msgs/include/robotnik_navigation_msgs/robotnik_navigation_msgs/action/detail/move__type_support.cpp
[1.169s] -- Up-to-date: /home/hima/bachelors/rbkairos_ws/install/robotnik_navigation_msgs/include/robotnik_navigation_msgs/robotnik_navigation_msgs/action/detail/move__rosidl_typesupport_introspection_cpp.hpp
[1.170s] -- Up-to-date: /home/hima/bachelors/rbkairos_ws/install/robotnik_navigation_msgs/lib/librobotnik_navigation_msgs__rosidl_typesupport_introspection_cpp.so
[1.170s] -- Up-to-date: /home/hima/bachelors/rbkairos_ws/install/robotnik_navigation_msgs/lib/librobotnik_navigation_msgs__rosidl_typesupport_cpp.so
[1.170s] -- Up-to-date: /home/hima/bachelors/rbkairos_ws/install/robotnik_navigation_msgs/share/robotnik_navigation_msgs/environment/pythonpath.sh
[1.171s] -- Up-to-date: /home/hima/bachelors/rbkairos_ws/install/robotnik_navigation_msgs/share/robotnik_navigation_msgs/environment/pythonpath.dsv
[1.171s] -- Up-to-date: /home/hima/bachelors/rbkairos_ws/install/robotnik_navigation_msgs/local/lib/python3.10/dist-packages/robotnik_navigation_msgs-1.0.0-py3.10.egg-info
[1.171s] -- Installing: /home/hima/bachelors/rbkairos_ws/install/robotnik_navigation_msgs/local/lib/python3.10/dist-packages/robotnik_navigation_msgs-1.0.0-py3.10.egg-info/top_level.txt
[1.171s] -- Installing: /home/hima/bachelors/rbkairos_ws/install/robotnik_navigation_msgs/local/lib/python3.10/dist-packages/robotnik_navigation_msgs-1.0.0-py3.10.egg-info/PKG-INFO
[1.171s] -- Installing: /home/hima/bachelors/rbkairos_ws/install/robotnik_navigation_msgs/local/lib/python3.10/dist-packages/robotnik_navigation_msgs-1.0.0-py3.10.egg-info/SOURCES.txt
[1.172s] -- Installing: /home/hima/bachelors/rbkairos_ws/install/robotnik_navigation_msgs/local/lib/python3.10/dist-packages/robotnik_navigation_msgs-1.0.0-py3.10.egg-info/dependency_links.txt
[1.172s] -- Up-to-date: /home/hima/bachelors/rbkairos_ws/install/robotnik_navigation_msgs/local/lib/python3.10/dist-packages/robotnik_navigation_msgs
[1.172s] -- Up-to-date: /home/hima/bachelors/rbkairos_ws/install/robotnik_navigation_msgs/local/lib/python3.10/dist-packages/robotnik_navigation_msgs/_robotnik_navigation_msgs_s.ep.rosidl_typesupport_introspection_c.c
[1.172s] -- Up-to-date: /home/hima/bachelors/rbkairos_ws/install/robotnik_navigation_msgs/local/lib/python3.10/dist-packages/robotnik_navigation_msgs/_robotnik_navigation_msgs_s.ep.rosidl_typesupport_c.c
[1.172s] -- Up-to-date: /home/hima/bachelors/rbkairos_ws/install/robotnik_navigation_msgs/local/lib/python3.10/dist-packages/robotnik_navigation_msgs/robotnik_navigation_msgs_s__rosidl_typesupport_c.cpython-310-x86_64-linux-gnu.so
[1.172s] -- Up-to-date: /home/hima/bachelors/rbkairos_ws/install/robotnik_navigation_msgs/local/lib/python3.10/dist-packages/robotnik_navigation_msgs/librobotnik_navigation_msgs__rosidl_generator_py.so
[1.172s] -- Up-to-date: /home/hima/bachelors/rbkairos_ws/install/robotnik_navigation_msgs/local/lib/python3.10/dist-packages/robotnik_navigation_msgs/robotnik_navigation_msgs_s__rosidl_typesupport_fastrtps_c.cpython-310-x86_64-linux-gnu.so
[1.172s] -- Up-to-date: /home/hima/bachelors/rbkairos_ws/install/robotnik_navigation_msgs/local/lib/python3.10/dist-packages/robotnik_navigation_msgs/action
[1.172s] -- Up-to-date: /home/hima/bachelors/rbkairos_ws/install/robotnik_navigation_msgs/local/lib/python3.10/dist-packages/robotnik_navigation_msgs/action/_move_s.c
[1.172s] -- Up-to-date: /home/hima/bachelors/rbkairos_ws/install/robotnik_navigation_msgs/local/lib/python3.10/dist-packages/robotnik_navigation_msgs/action/_dock.py
[1.172s] -- Up-to-date: /home/hima/bachelors/rbkairos_ws/install/robotnik_navigation_msgs/local/lib/python3.10/dist-packages/robotnik_navigation_msgs/action/__init__.py
[1.172s] -- Up-to-date: /home/hima/bachelors/rbkairos_ws/install/robotnik_navigation_msgs/local/lib/python3.10/dist-packages/robotnik_navigation_msgs/action/_move.py
[1.172s] -- Up-to-date: /home/hima/bachelors/rbkairos_ws/install/robotnik_navigation_msgs/local/lib/python3.10/dist-packages/robotnik_navigation_msgs/action/_dock_s.c
[1.172s] -- Up-to-date: /home/hima/bachelors/rbkairos_ws/install/robotnik_navigation_msgs/local/lib/python3.10/dist-packages/robotnik_navigation_msgs/robotnik_navigation_msgs_s__rosidl_typesupport_introspection_c.cpython-310-x86_64-linux-gnu.so
[1.172s] -- Up-to-date: /home/hima/bachelors/rbkairos_ws/install/robotnik_navigation_msgs/local/lib/python3.10/dist-packages/robotnik_navigation_msgs/__init__.py
[1.172s] -- Up-to-date: /home/hima/bachelors/rbkairos_ws/install/robotnik_navigation_msgs/local/lib/python3.10/dist-packages/robotnik_navigation_msgs/_robotnik_navigation_msgs_s.ep.rosidl_typesupport_fastrtps_c.c
[1.213s] Listing '/home/hima/bachelors/rbkairos_ws/install/robotnik_navigation_msgs/local/lib/python3.10/dist-packages/robotnik_navigation_msgs'...
[1.213s] Listing '/home/hima/bachelors/rbkairos_ws/install/robotnik_navigation_msgs/local/lib/python3.10/dist-packages/robotnik_navigation_msgs/action'...
[1.220s] -- Up-to-date: /home/hima/bachelors/rbkairos_ws/install/robotnik_navigation_msgs/local/lib/python3.10/dist-packages/robotnik_navigation_msgs/robotnik_navigation_msgs_s__rosidl_typesupport_fastrtps_c.cpython-310-x86_64-linux-gnu.so
[1.220s] -- Up-to-date: /home/hima/bachelors/rbkairos_ws/install/robotnik_navigation_msgs/local/lib/python3.10/dist-packages/robotnik_navigation_msgs/robotnik_navigation_msgs_s__rosidl_typesupport_introspection_c.cpython-310-x86_64-linux-gnu.so
[1.221s] -- Up-to-date: /home/hima/bachelors/rbkairos_ws/install/robotnik_navigation_msgs/local/lib/python3.10/dist-packages/robotnik_navigation_msgs/robotnik_navigation_msgs_s__rosidl_typesupport_c.cpython-310-x86_64-linux-gnu.so
[1.222s] -- Up-to-date: /home/hima/bachelors/rbkairos_ws/install/robotnik_navigation_msgs/lib/librobotnik_navigation_msgs__rosidl_generator_py.so
[1.223s] -- Up-to-date: /home/hima/bachelors/rbkairos_ws/install/robotnik_navigation_msgs/share/robotnik_navigation_msgs/action/Dock.idl
[1.223s] -- Up-to-date: /home/hima/bachelors/rbkairos_ws/install/robotnik_navigation_msgs/share/robotnik_navigation_msgs/action/Move.idl
[1.223s] -- Up-to-date: /home/hima/bachelors/rbkairos_ws/install/robotnik_navigation_msgs/share/robotnik_navigation_msgs/action/Dock.action
[1.224s] -- Up-to-date: /home/hima/bachelors/rbkairos_ws/install/robotnik_navigation_msgs/share/robotnik_navigation_msgs/action/Move.action
[1.224s] -- Up-to-date: /home/hima/bachelors/rbkairos_ws/install/robotnik_navigation_msgs/share/ament_index/resource_index/package_run_dependencies/robotnik_navigation_msgs
[1.224s] -- Up-to-date: /home/hima/bachelors/rbkairos_ws/install/robotnik_navigation_msgs/share/ament_index/resource_index/parent_prefix_path/robotnik_navigation_msgs
[1.225s] -- Up-to-date: /home/hima/bachelors/rbkairos_ws/install/robotnik_navigation_msgs/share/robotnik_navigation_msgs/environment/ament_prefix_path.sh
[1.225s] -- Up-to-date: /home/hima/bachelors/rbkairos_ws/install/robotnik_navigation_msgs/share/robotnik_navigation_msgs/environment/ament_prefix_path.dsv
[1.225s] -- Up-to-date: /home/hima/bachelors/rbkairos_ws/install/robotnik_navigation_msgs/share/robotnik_navigation_msgs/environment/path.sh
[1.225s] -- Up-to-date: /home/hima/bachelors/rbkairos_ws/install/robotnik_navigation_msgs/share/robotnik_navigation_msgs/environment/path.dsv
[1.225s] -- Up-to-date: /home/hima/bachelors/rbkairos_ws/install/robotnik_navigation_msgs/share/robotnik_navigation_msgs/local_setup.bash
[1.225s] -- Up-to-date: /home/hima/bachelors/rbkairos_ws/install/robotnik_navigation_msgs/share/robotnik_navigation_msgs/local_setup.sh
[1.227s] -- Up-to-date: /home/hima/bachelors/rbkairos_ws/install/robotnik_navigation_msgs/share/robotnik_navigation_msgs/local_setup.zsh
[1.227s] -- Up-to-date: /home/hima/bachelors/rbkairos_ws/install/robotnik_navigation_msgs/share/robotnik_navigation_msgs/local_setup.dsv
[1.227s] -- Installing: /home/hima/bachelors/rbkairos_ws/install/robotnik_navigation_msgs/share/robotnik_navigation_msgs/package.dsv
[1.228s] -- Up-to-date: /home/hima/bachelors/rbkairos_ws/install/robotnik_navigation_msgs/share/ament_index/resource_index/packages/robotnik_navigation_msgs
[1.228s] -- Up-to-date: /home/hima/bachelors/rbkairos_ws/install/robotnik_navigation_msgs/share/robotnik_navigation_msgs/cmake/export_robotnik_navigation_msgs__rosidl_generator_cExport.cmake
[1.228s] -- Up-to-date: /home/hima/bachelors/rbkairos_ws/install/robotnik_navigation_msgs/share/robotnik_navigation_msgs/cmake/export_robotnik_navigation_msgs__rosidl_generator_cExport-noconfig.cmake
[1.228s] -- Up-to-date: /home/hima/bachelors/rbkairos_ws/install/robotnik_navigation_msgs/share/robotnik_navigation_msgs/cmake/export_robotnik_navigation_msgs__rosidl_typesupport_fastrtps_cExport.cmake
[1.229s] -- Up-to-date: /home/hima/bachelors/rbkairos_ws/install/robotnik_navigation_msgs/share/robotnik_navigation_msgs/cmake/export_robotnik_navigation_msgs__rosidl_typesupport_fastrtps_cExport-noconfig.cmake
[1.229s] -- Up-to-date: /home/hima/bachelors/rbkairos_ws/install/robotnik_navigation_msgs/share/robotnik_navigation_msgs/cmake/export_robotnik_navigation_msgs__rosidl_generator_cppExport.cmake
[1.229s] -- Up-to-date: /home/hima/bachelors/rbkairos_ws/install/robotnik_navigation_msgs/share/robotnik_navigation_msgs/cmake/export_robotnik_navigation_msgs__rosidl_typesupport_fastrtps_cppExport.cmake
[1.229s] -- Up-to-date: /home/hima/bachelors/rbkairos_ws/install/robotnik_navigation_msgs/share/robotnik_navigation_msgs/cmake/export_robotnik_navigation_msgs__rosidl_typesupport_fastrtps_cppExport-noconfig.cmake
[1.229s] -- Up-to-date: /home/hima/bachelors/rbkairos_ws/install/robotnik_navigation_msgs/share/robotnik_navigation_msgs/cmake/robotnik_navigation_msgs__rosidl_typesupport_introspection_cExport.cmake
[1.229s] -- Up-to-date: /home/hima/bachelors/rbkairos_ws/install/robotnik_navigation_msgs/share/robotnik_navigation_msgs/cmake/robotnik_navigation_msgs__rosidl_typesupport_introspection_cExport-noconfig.cmake
[1.229s] -- Up-to-date: /home/hima/bachelors/rbkairos_ws/install/robotnik_navigation_msgs/share/robotnik_navigation_msgs/cmake/robotnik_navigation_msgs__rosidl_typesupport_cExport.cmake
[1.229s] -- Up-to-date: /home/hima/bachelors/rbkairos_ws/install/robotnik_navigation_msgs/share/robotnik_navigation_msgs/cmake/robotnik_navigation_msgs__rosidl_typesupport_cExport-noconfig.cmake
[1.229s] -- Up-to-date: /home/hima/bachelors/rbkairos_ws/install/robotnik_navigation_msgs/share/robotnik_navigation_msgs/cmake/robotnik_navigation_msgs__rosidl_typesupport_introspection_cppExport.cmake
[1.230s] -- Up-to-date: /home/hima/bachelors/rbkairos_ws/install/robotnik_navigation_msgs/share/robotnik_navigation_msgs/cmake/robotnik_navigation_msgs__rosidl_typesupport_introspection_cppExport-noconfig.cmake
[1.231s] -- Up-to-date: /home/hima/bachelors/rbkairos_ws/install/robotnik_navigation_msgs/share/robotnik_navigation_msgs/cmake/robotnik_navigation_msgs__rosidl_typesupport_cppExport.cmake
[1.231s] -- Up-to-date: /home/hima/bachelors/rbkairos_ws/install/robotnik_navigation_msgs/share/robotnik_navigation_msgs/cmake/robotnik_navigation_msgs__rosidl_typesupport_cppExport-noconfig.cmake
[1.231s] -- Up-to-date: /home/hima/bachelors/rbkairos_ws/install/robotnik_navigation_msgs/share/robotnik_navigation_msgs/cmake/export_robotnik_navigation_msgs__rosidl_generator_pyExport.cmake
[1.231s] -- Up-to-date: /home/hima/bachelors/rbkairos_ws/install/robotnik_navigation_msgs/share/robotnik_navigation_msgs/cmake/export_robotnik_navigation_msgs__rosidl_generator_pyExport-noconfig.cmake
[1.231s] -- Up-to-date: /home/hima/bachelors/rbkairos_ws/install/robotnik_navigation_msgs/share/robotnik_navigation_msgs/cmake/rosidl_cmake-extras.cmake
[1.231s] -- Up-to-date: /home/hima/bachelors/rbkairos_ws/install/robotnik_navigation_msgs/share/robotnik_navigation_msgs/cmake/ament_cmake_export_dependencies-extras.cmake
[1.231s] -- Up-to-date: /home/hima/bachelors/rbkairos_ws/install/robotnik_navigation_msgs/share/robotnik_navigation_msgs/cmake/ament_cmake_export_include_directories-extras.cmake
[1.231s] -- Up-to-date: /home/hima/bachelors/rbkairos_ws/install/robotnik_navigation_msgs/share/robotnik_navigation_msgs/cmake/ament_cmake_export_libraries-extras.cmake
[1.231s] -- Up-to-date: /home/hima/bachelors/rbkairos_ws/install/robotnik_navigation_msgs/share/robotnik_navigation_msgs/cmake/ament_cmake_export_targets-extras.cmake
[1.232s] -- Up-to-date: /home/hima/bachelors/rbkairos_ws/install/robotnik_navigation_msgs/share/robotnik_navigation_msgs/cmake/rosidl_cmake_export_typesupport_targets-extras.cmake
[1.234s] -- Up-to-date: /home/hima/bachelors/rbkairos_ws/install/robotnik_navigation_msgs/share/robotnik_navigation_msgs/cmake/rosidl_cmake_export_typesupport_libraries-extras.cmake
[1.235s] -- Up-to-date: /home/hima/bachelors/rbkairos_ws/install/robotnik_navigation_msgs/share/robotnik_navigation_msgs/cmake/robotnik_navigation_msgsConfig.cmake
[1.235s] -- Up-to-date: /home/hima/bachelors/rbkairos_ws/install/robotnik_navigation_msgs/share/robotnik_navigation_msgs/cmake/robotnik_navigation_msgsConfig-version.cmake
[1.236s] -- Up-to-date: /home/hima/bachelors/rbkairos_ws/install/robotnik_navigation_msgs/share/robotnik_navigation_msgs/package.xml
[1.237s] Invoked command in '/home/hima/bachelors/rbkairos_ws/build/robotnik_navigation_msgs' returned '0': AMENT_PREFIX_PATH=/home/hima/bachelors/rbkairos_ws/install/robotnik_common_msgs:${AMENT_PREFIX_PATH} CMAKE_PREFIX_PATH=/home/hima/bachelors/rbkairos_ws/install/robotnik_common_msgs:/opt/ros/humble LD_LIBRARY_PATH=/home/hima/bachelors/rbkairos_ws/install/robotnik_common_msgs/lib:${LD_LIBRARY_PATH} PYTHONPATH=/home/hima/bachelors/rbkairos_ws/install/robotnik_common_msgs/local/lib/python3.10/dist-packages:${PYTHONPATH} /usr/bin/cmake --install /home/hima/bachelors/rbkairos_ws/build/robotnik_navigation_msgs
