[0.134s] Invoking command in '/home/hima/bachelors/rbkairos_ws/build/mapping': AMENT_PREFIX_PATH=/home/hima/bachelors/rbkairos_ws/install/robotnik_description:/home/hima/bachelors/rbkairos_ws/install/robotnik_sensors:${AMENT_PREFIX_PATH} CMAKE_PREFIX_PATH=/home/hima/bachelors/rbkairos_ws/install/robotnik_description:/home/hima/bachelors/rbkairos_ws/install/robotnik_sensors:/opt/ros/humble /usr/bin/cmake --build /home/hima/bachelors/rbkairos_ws/build/mapping -- -j16 -l16
[0.609s] Invoked command in '/home/hima/bachelors/rbkairos_ws/build/mapping' returned '0': AMENT_PREFIX_PATH=/home/hima/bachelors/rbkairos_ws/install/robotnik_description:/home/hima/bachelors/rbkairos_ws/install/robotnik_sensors:${AMENT_PREFIX_PATH} CMAKE_PREFIX_PATH=/home/hima/bachelors/rbkairos_ws/install/robotnik_description:/home/hima/bachelors/rbkairos_ws/install/robotnik_sensors:/opt/ros/humble /usr/bin/cmake --build /home/hima/bachelors/rbkairos_ws/build/mapping -- -j16 -l16
[0.643s] Invoking command in '/home/hima/bachelors/rbkairos_ws/build/mapping': AMENT_PREFIX_PATH=/home/hima/bachelors/rbkairos_ws/install/robotnik_description:/home/hima/bachelors/rbkairos_ws/install/robotnik_sensors:${AMENT_PREFIX_PATH} CMAKE_PREFIX_PATH=/home/hima/bachelors/rbkairos_ws/install/robotnik_description:/home/hima/bachelors/rbkairos_ws/install/robotnik_sensors:/opt/ros/humble /usr/bin/cmake --install /home/hima/bachelors/rbkairos_ws/build/mapping
[0.761s] -- Install configuration: ""
[0.764s] -- Up-to-date: /home/hima/bachelors/rbkairos_ws/install/mapping/share/mapping/launch
[0.765s] -- Up-to-date: /home/hima/bachelors/rbkairos_ws/install/mapping/share/mapping/launch/updatedcartographer.launch .py
[0.772s] -- Up-to-date: /home/hima/bachelors/rbkairos_ws/install/mapping/share/mapping/launch/navigation_launch.py
[0.773s] -- Up-to-date: /home/hima/bachelors/rbkairos_ws/install/mapping/share/mapping/launch/occupancy_grid.launch.py
[0.778s] -- Installing: /home/hima/bachelors/rbkairos_ws/install/mapping/share/mapping/launch/bringup_launch.py
[0.779s] -- Up-to-date: /home/hima/bachelors/rbkairos_ws/install/mapping/share/mapping/launch/online_async_launch.py
[0.780s] -- Up-to-date: /home/hima/bachelors/rbkairos_ws/install/mapping/share/mapping/launch/cartographer.launch.py
[0.780s] -- Up-to-date: /home/hima/bachelors/rbkairos_ws/install/mapping/share/mapping/launch/cartographer(gpt).launch.py
[0.782s] -- Up-to-date: /home/hima/bachelors/rbkairos_ws/install/mapping/share/mapping/config
[0.785s] -- Up-to-date: /home/hima/bachelors/rbkairos_ws/install/mapping/share/mapping/config/mapper_params_online_async.yaml
[0.786s] -- Up-to-date: /home/hima/bachelors/rbkairos_ws/install/mapping/share/mapping/config/rbkairos(old).lua
[0.787s] -- Up-to-date: /home/hima/bachelors/rbkairos_ws/install/mapping/share/mapping/config/turtlebot3_lds_2d.lua
[0.788s] -- Up-to-date: /home/hima/bachelors/rbkairos_ws/install/mapping/share/mapping/config/rbkairos.lua
[0.788s] -- Installing: /home/hima/bachelors/rbkairos_ws/install/mapping/share/mapping/config/nav2_params.yaml
[0.789s] -- Up-to-date: /home/hima/bachelors/rbkairos_ws/install/mapping/share/mapping/config/nav2_params_(cln).yaml
[0.795s] -- Up-to-date: /home/hima/bachelors/rbkairos_ws/install/mapping/lib/mapping/merge_laser_node.py
[0.795s] -- Up-to-date: /home/hima/bachelors/rbkairos_ws/install/mapping/lib/mapping/republisher_node.py
[0.796s] -- Up-to-date: /home/hima/bachelors/rbkairos_ws/install/mapping/share/ament_index/resource_index/package_run_dependencies/mapping
[0.797s] -- Up-to-date: /home/hima/bachelors/rbkairos_ws/install/mapping/share/ament_index/resource_index/parent_prefix_path/mapping
[0.799s] -- Up-to-date: /home/hima/bachelors/rbkairos_ws/install/mapping/share/mapping/environment/ament_prefix_path.sh
[0.800s] -- Up-to-date: /home/hima/bachelors/rbkairos_ws/install/mapping/share/mapping/environment/ament_prefix_path.dsv
[0.800s] -- Up-to-date: /home/hima/bachelors/rbkairos_ws/install/mapping/share/mapping/environment/path.sh
[0.805s] -- Up-to-date: /home/hima/bachelors/rbkairos_ws/install/mapping/share/mapping/environment/path.dsv
[0.807s] -- Up-to-date: /home/hima/bachelors/rbkairos_ws/install/mapping/share/mapping/local_setup.bash
[0.808s] -- Up-to-date: /home/hima/bachelors/rbkairos_ws/install/mapping/share/mapping/local_setup.sh
[0.808s] -- Up-to-date: /home/hima/bachelors/rbkairos_ws/install/mapping/share/mapping/local_setup.zsh
[0.821s] -- Up-to-date: /home/hima/bachelors/rbkairos_ws/install/mapping/share/mapping/local_setup.dsv
[0.824s] -- Installing: /home/hima/bachelors/rbkairos_ws/install/mapping/share/mapping/package.dsv
[0.825s] -- Up-to-date: /home/hima/bachelors/rbkairos_ws/install/mapping/share/ament_index/resource_index/packages/mapping
[0.825s] -- Up-to-date: /home/hima/bachelors/rbkairos_ws/install/mapping/share/mapping/cmake/ament_cmake_export_dependencies-extras.cmake
[0.826s] -- Up-to-date: /home/hima/bachelors/rbkairos_ws/install/mapping/share/mapping/cmake/mappingConfig.cmake
[0.826s] -- Up-to-date: /home/hima/bachelors/rbkairos_ws/install/mapping/share/mapping/cmake/mappingConfig-version.cmake
[0.827s] -- Up-to-date: /home/hima/bachelors/rbkairos_ws/install/mapping/share/mapping/package.xml
[0.845s] Invoked command in '/home/hima/bachelors/rbkairos_ws/build/mapping' returned '0': AMENT_PREFIX_PATH=/home/hima/bachelors/rbkairos_ws/install/robotnik_description:/home/hima/bachelors/rbkairos_ws/install/robotnik_sensors:${AMENT_PREFIX_PATH} CMAKE_PREFIX_PATH=/home/hima/bachelors/rbkairos_ws/install/robotnik_description:/home/hima/bachelors/rbkairos_ws/install/robotnik_sensors:/opt/ros/humble /usr/bin/cmake --install /home/hima/bachelors/rbkairos_ws/build/mapping
