[0.050s] Invoking command in '/home/hima/bachelors/rbkairos_ws/build/robotnik_controllers_msgs': CMAKE_PREFIX_PATH=/home/hima/bachelors/rbkairos_ws/install/robotnik_common_msgs:/home/hima/bachelors/rbkairos_ws/install/ros2_laser_scan_merger:/home/hima/bachelors/rbkairos_ws/install/ros2_laser_scan_matcher:/home/hima/bachelors/rbkairos_ws/install/robotnik_supervisor_msgs:/home/hima/bachelors/rbkairos_ws/install/robotnik_gazebo_ignition:/home/hima/bachelors/rbkairos_ws/install/robotnik_gazebo_classic:/home/hima/bachelors/rbkairos_ws/install/mapping:/home/hima/bachelors/rbkairos_ws/install/robotnik_description:/home/hima/bachelors/rbkairos_ws/install/robotnik_sensors:/home/hima/bachelors/rbkairos_ws/install/robotnik_interfaces:/home/hima/bachelors/rbkairos_ws/install/robotnik_safety_msgs:/home/hima/bachelors/rbkairos_ws/install/robotnik_perception_msgs:/home/hima/bachelors/rbkairos_ws/install/robotnik_navigation_msgs:/home/hima/bachelors/rbkairos_ws/install/robotnik_io_msgs:/home/hima/bachelors/rbkairos_ws/install/robotnik_controllers_msgs:/home/hima/bachelors/rbkairos_ws/install/robotnik_common:/home/hima/bachelors/rbkairos_ws/install/robotnik_battery_msgs:/home/hima/bachelors/rbkairos_ws/install/csm:/opt/ros/humble LD_LIBRARY_PATH=/home/hima/bachelors/rbkairos_ws/install/robotnik_common_msgs/lib:/home/hima/bachelors/rbkairos_ws/install/robotnik_supervisor_msgs/lib:/home/hima/bachelors/rbkairos_ws/install/robotnik_perception_msgs/lib:/home/hima/bachelors/rbkairos_ws/install/robotnik_navigation_msgs/lib:/home/hima/bachelors/rbkairos_ws/install/robotnik_io_msgs/lib:/home/hima/bachelors/rbkairos_ws/install/robotnik_controllers_msgs/lib:/home/hima/bachelors/rbkairos_ws/install/robotnik_battery_msgs/lib:/home/hima/bachelors/rbkairos_ws/install/csm/lib:/usr/lib/x86_64-linux-gnu/gazebo-11/plugins:/opt/ros/humble/opt/rviz_ogre_vendor/lib:/opt/ros/humble/lib/x86_64-linux-gnu:/opt/ros/humble/lib /usr/bin/cmake --build /home/hima/bachelors/rbkairos_ws/build/robotnik_controllers_msgs -- -j16 -l16
[0.131s] [  1%] Built target robotnik_controllers_msgs__cpp
[0.135s] [ 12%] Built target robotnik_controllers_msgs__rosidl_generator_c
[0.163s] [ 12%] Built target ament_cmake_python_copy_robotnik_controllers_msgs
[0.212s] [ 23%] Built target robotnik_controllers_msgs__rosidl_typesupport_fastrtps_cpp
[0.229s] [ 34%] Built target robotnik_controllers_msgs__rosidl_typesupport_cpp
[0.231s] [ 45%] Built target robotnik_controllers_msgs__rosidl_typesupport_introspection_cpp
[0.239s] [ 56%] Built target robotnik_controllers_msgs__rosidl_typesupport_introspection_c
[0.240s] [ 67%] Built target robotnik_controllers_msgs__rosidl_typesupport_c
[0.240s] [ 78%] Built target robotnik_controllers_msgs__rosidl_typesupport_fastrtps_c
[0.306s] [ 78%] Built target robotnik_controllers_msgs
[0.339s] [ 80%] Built target robotnik_controllers_msgs__py
[0.386s] [ 89%] Built target robotnik_controllers_msgs__rosidl_generator_py
[0.425s] [ 92%] Built target robotnik_controllers_msgs__rosidl_typesupport_fastrtps_c__pyext
[0.433s] [ 96%] Built target robotnik_controllers_msgs__rosidl_typesupport_c__pyext
[0.433s] [100%] Built target robotnik_controllers_msgs__rosidl_typesupport_introspection_c__pyext
[0.662s] running egg_info
[0.664s] writing robotnik_controllers_msgs.egg-info/PKG-INFO
[0.664s] writing dependency_links to robotnik_controllers_msgs.egg-info/dependency_links.txt
[0.664s] writing top-level names to robotnik_controllers_msgs.egg-info/top_level.txt
[0.668s] reading manifest file 'robotnik_controllers_msgs.egg-info/SOURCES.txt'
[0.669s] writing manifest file 'robotnik_controllers_msgs.egg-info/SOURCES.txt'
[0.709s] [100%] Built target ament_cmake_python_build_robotnik_controllers_msgs_egg
[0.728s] Invoked command in '/home/hima/bachelors/rbkairos_ws/build/robotnik_controllers_msgs' returned '0': CMAKE_PREFIX_PATH=/home/hima/bachelors/rbkairos_ws/install/robotnik_common_msgs:/home/hima/bachelors/rbkairos_ws/install/ros2_laser_scan_merger:/home/hima/bachelors/rbkairos_ws/install/ros2_laser_scan_matcher:/home/hima/bachelors/rbkairos_ws/install/robotnik_supervisor_msgs:/home/hima/bachelors/rbkairos_ws/install/robotnik_gazebo_ignition:/home/hima/bachelors/rbkairos_ws/install/robotnik_gazebo_classic:/home/hima/bachelors/rbkairos_ws/install/mapping:/home/hima/bachelors/rbkairos_ws/install/robotnik_description:/home/hima/bachelors/rbkairos_ws/install/robotnik_sensors:/home/hima/bachelors/rbkairos_ws/install/robotnik_interfaces:/home/hima/bachelors/rbkairos_ws/install/robotnik_safety_msgs:/home/hima/bachelors/rbkairos_ws/install/robotnik_perception_msgs:/home/hima/bachelors/rbkairos_ws/install/robotnik_navigation_msgs:/home/hima/bachelors/rbkairos_ws/install/robotnik_io_msgs:/home/hima/bachelors/rbkairos_ws/install/robotnik_controllers_msgs:/home/hima/bachelors/rbkairos_ws/install/robotnik_common:/home/hima/bachelors/rbkairos_ws/install/robotnik_battery_msgs:/home/hima/bachelors/rbkairos_ws/install/csm:/opt/ros/humble LD_LIBRARY_PATH=/home/hima/bachelors/rbkairos_ws/install/robotnik_common_msgs/lib:/home/hima/bachelors/rbkairos_ws/install/robotnik_supervisor_msgs/lib:/home/hima/bachelors/rbkairos_ws/install/robotnik_perception_msgs/lib:/home/hima/bachelors/rbkairos_ws/install/robotnik_navigation_msgs/lib:/home/hima/bachelors/rbkairos_ws/install/robotnik_io_msgs/lib:/home/hima/bachelors/rbkairos_ws/install/robotnik_controllers_msgs/lib:/home/hima/bachelors/rbkairos_ws/install/robotnik_battery_msgs/lib:/home/hima/bachelors/rbkairos_ws/install/csm/lib:/usr/lib/x86_64-linux-gnu/gazebo-11/plugins:/opt/ros/humble/opt/rviz_ogre_vendor/lib:/opt/ros/humble/lib/x86_64-linux-gnu:/opt/ros/humble/lib /usr/bin/cmake --build /home/hima/bachelors/rbkairos_ws/build/robotnik_controllers_msgs -- -j16 -l16
[0.730s] Invoking command in '/home/hima/bachelors/rbkairos_ws/build/robotnik_controllers_msgs': CMAKE_PREFIX_PATH=/home/hima/bachelors/rbkairos_ws/install/robotnik_common_msgs:/home/hima/bachelors/rbkairos_ws/install/ros2_laser_scan_merger:/home/hima/bachelors/rbkairos_ws/install/ros2_laser_scan_matcher:/home/hima/bachelors/rbkairos_ws/install/robotnik_supervisor_msgs:/home/hima/bachelors/rbkairos_ws/install/robotnik_gazebo_ignition:/home/hima/bachelors/rbkairos_ws/install/robotnik_gazebo_classic:/home/hima/bachelors/rbkairos_ws/install/mapping:/home/hima/bachelors/rbkairos_ws/install/robotnik_description:/home/hima/bachelors/rbkairos_ws/install/robotnik_sensors:/home/hima/bachelors/rbkairos_ws/install/robotnik_interfaces:/home/hima/bachelors/rbkairos_ws/install/robotnik_safety_msgs:/home/hima/bachelors/rbkairos_ws/install/robotnik_perception_msgs:/home/hima/bachelors/rbkairos_ws/install/robotnik_navigation_msgs:/home/hima/bachelors/rbkairos_ws/install/robotnik_io_msgs:/home/hima/bachelors/rbkairos_ws/install/robotnik_controllers_msgs:/home/hima/bachelors/rbkairos_ws/install/robotnik_common:/home/hima/bachelors/rbkairos_ws/install/robotnik_battery_msgs:/home/hima/bachelors/rbkairos_ws/install/csm:/opt/ros/humble LD_LIBRARY_PATH=/home/hima/bachelors/rbkairos_ws/install/robotnik_common_msgs/lib:/home/hima/bachelors/rbkairos_ws/install/robotnik_supervisor_msgs/lib:/home/hima/bachelors/rbkairos_ws/install/robotnik_perception_msgs/lib:/home/hima/bachelors/rbkairos_ws/install/robotnik_navigation_msgs/lib:/home/hima/bachelors/rbkairos_ws/install/robotnik_io_msgs/lib:/home/hima/bachelors/rbkairos_ws/install/robotnik_controllers_msgs/lib:/home/hima/bachelors/rbkairos_ws/install/robotnik_battery_msgs/lib:/home/hima/bachelors/rbkairos_ws/install/csm/lib:/usr/lib/x86_64-linux-gnu/gazebo-11/plugins:/opt/ros/humble/opt/rviz_ogre_vendor/lib:/opt/ros/humble/lib/x86_64-linux-gnu:/opt/ros/humble/lib /usr/bin/cmake --install /home/hima/bachelors/rbkairos_ws/build/robotnik_controllers_msgs
[0.743s] -- Install configuration: ""
[0.743s] -- Up-to-date: /home/hima/bachelors/rbkairos_ws/install/robotnik_controllers_msgs/share/ament_index/resource_index/rosidl_interfaces/robotnik_controllers_msgs
[0.743s] -- Up-to-date: /home/hima/bachelors/rbkairos_ws/install/robotnik_controllers_msgs/include/robotnik_controllers_msgs/robotnik_controllers_msgs
[0.743s] -- Up-to-date: /home/hima/bachelors/rbkairos_ws/install/robotnik_controllers_msgs/include/robotnik_controllers_msgs/robotnik_controllers_msgs/srv
[0.743s] -- Up-to-date: /home/hima/bachelors/rbkairos_ws/install/robotnik_controllers_msgs/include/robotnik_controllers_msgs/robotnik_controllers_msgs/srv/set_odometry.h
[0.743s] -- Up-to-date: /home/hima/bachelors/rbkairos_ws/install/robotnik_controllers_msgs/include/robotnik_controllers_msgs/robotnik_controllers_msgs/srv/available_kinematics.h
[0.744s] -- Up-to-date: /home/hima/bachelors/rbkairos_ws/install/robotnik_controllers_msgs/include/robotnik_controllers_msgs/robotnik_controllers_msgs/srv/change_kinematics.h
[0.744s] -- Up-to-date: /home/hima/bachelors/rbkairos_ws/install/robotnik_controllers_msgs/include/robotnik_controllers_msgs/robotnik_controllers_msgs/srv/detail
[0.744s] -- Up-to-date: /home/hima/bachelors/rbkairos_ws/install/robotnik_controllers_msgs/include/robotnik_controllers_msgs/robotnik_controllers_msgs/srv/detail/set_odometry__type_support.h
[0.744s] -- Up-to-date: /home/hima/bachelors/rbkairos_ws/install/robotnik_controllers_msgs/include/robotnik_controllers_msgs/robotnik_controllers_msgs/srv/detail/available_kinematics__type_support.h
[0.744s] -- Up-to-date: /home/hima/bachelors/rbkairos_ws/install/robotnik_controllers_msgs/include/robotnik_controllers_msgs/robotnik_controllers_msgs/srv/detail/set_odometry__struct.h
[0.744s] -- Up-to-date: /home/hima/bachelors/rbkairos_ws/install/robotnik_controllers_msgs/include/robotnik_controllers_msgs/robotnik_controllers_msgs/srv/detail/available_kinematics__functions.c
[0.744s] -- Up-to-date: /home/hima/bachelors/rbkairos_ws/install/robotnik_controllers_msgs/include/robotnik_controllers_msgs/robotnik_controllers_msgs/srv/detail/change_kinematics__functions.h
[0.744s] -- Up-to-date: /home/hima/bachelors/rbkairos_ws/install/robotnik_controllers_msgs/include/robotnik_controllers_msgs/robotnik_controllers_msgs/srv/detail/set_odometry__functions.h
[0.745s] -- Up-to-date: /home/hima/bachelors/rbkairos_ws/install/robotnik_controllers_msgs/include/robotnik_controllers_msgs/robotnik_controllers_msgs/srv/detail/available_kinematics__functions.h
[0.745s] -- Up-to-date: /home/hima/bachelors/rbkairos_ws/install/robotnik_controllers_msgs/include/robotnik_controllers_msgs/robotnik_controllers_msgs/srv/detail/change_kinematics__struct.h
[0.745s] -- Up-to-date: /home/hima/bachelors/rbkairos_ws/install/robotnik_controllers_msgs/include/robotnik_controllers_msgs/robotnik_controllers_msgs/srv/detail/set_odometry__functions.c
[0.745s] -- Up-to-date: /home/hima/bachelors/rbkairos_ws/install/robotnik_controllers_msgs/include/robotnik_controllers_msgs/robotnik_controllers_msgs/srv/detail/available_kinematics__struct.h
[0.745s] -- Up-to-date: /home/hima/bachelors/rbkairos_ws/install/robotnik_controllers_msgs/include/robotnik_controllers_msgs/robotnik_controllers_msgs/srv/detail/change_kinematics__functions.c
[0.745s] -- Up-to-date: /home/hima/bachelors/rbkairos_ws/install/robotnik_controllers_msgs/include/robotnik_controllers_msgs/robotnik_controllers_msgs/srv/detail/change_kinematics__type_support.h
[0.745s] -- Up-to-date: /home/hima/bachelors/rbkairos_ws/install/robotnik_controllers_msgs/include/robotnik_controllers_msgs/robotnik_controllers_msgs/msg
[0.745s] -- Up-to-date: /home/hima/bachelors/rbkairos_ws/install/robotnik_controllers_msgs/include/robotnik_controllers_msgs/robotnik_controllers_msgs/msg/controller_state.h
[0.745s] -- Up-to-date: /home/hima/bachelors/rbkairos_ws/install/robotnik_controllers_msgs/include/robotnik_controllers_msgs/robotnik_controllers_msgs/msg/detail
[0.745s] -- Up-to-date: /home/hima/bachelors/rbkairos_ws/install/robotnik_controllers_msgs/include/robotnik_controllers_msgs/robotnik_controllers_msgs/msg/detail/controller_state__functions.h
[0.745s] -- Up-to-date: /home/hima/bachelors/rbkairos_ws/install/robotnik_controllers_msgs/include/robotnik_controllers_msgs/robotnik_controllers_msgs/msg/detail/controller_state__functions.c
[0.745s] -- Up-to-date: /home/hima/bachelors/rbkairos_ws/install/robotnik_controllers_msgs/include/robotnik_controllers_msgs/robotnik_controllers_msgs/msg/detail/controller_state__struct.h
[0.745s] -- Up-to-date: /home/hima/bachelors/rbkairos_ws/install/robotnik_controllers_msgs/include/robotnik_controllers_msgs/robotnik_controllers_msgs/msg/detail/controller_state__type_support.h
[0.745s] -- Up-to-date: /home/hima/bachelors/rbkairos_ws/install/robotnik_controllers_msgs/include/robotnik_controllers_msgs/robotnik_controllers_msgs/msg/rosidl_generator_c__visibility_control.h
[0.745s] -- Up-to-date: /home/hima/bachelors/rbkairos_ws/install/robotnik_controllers_msgs/share/robotnik_controllers_msgs/environment/library_path.sh
[0.746s] -- Up-to-date: /home/hima/bachelors/rbkairos_ws/install/robotnik_controllers_msgs/share/robotnik_controllers_msgs/environment/library_path.dsv
[0.746s] -- Up-to-date: /home/hima/bachelors/rbkairos_ws/install/robotnik_controllers_msgs/lib/librobotnik_controllers_msgs__rosidl_generator_c.so
[0.746s] -- Up-to-date: /home/hima/bachelors/rbkairos_ws/install/robotnik_controllers_msgs/include/robotnik_controllers_msgs/robotnik_controllers_msgs
[0.746s] -- Up-to-date: /home/hima/bachelors/rbkairos_ws/install/robotnik_controllers_msgs/include/robotnik_controllers_msgs/robotnik_controllers_msgs/srv
[0.746s] -- Up-to-date: /home/hima/bachelors/rbkairos_ws/install/robotnik_controllers_msgs/include/robotnik_controllers_msgs/robotnik_controllers_msgs/srv/detail
[0.746s] -- Up-to-date: /home/hima/bachelors/rbkairos_ws/install/robotnik_controllers_msgs/include/robotnik_controllers_msgs/robotnik_controllers_msgs/srv/detail/change_kinematics__rosidl_typesupport_fastrtps_c.h
[0.746s] -- Up-to-date: /home/hima/bachelors/rbkairos_ws/install/robotnik_controllers_msgs/include/robotnik_controllers_msgs/robotnik_controllers_msgs/srv/detail/available_kinematics__rosidl_typesupport_fastrtps_c.h
[0.746s] -- Up-to-date: /home/hima/bachelors/rbkairos_ws/install/robotnik_controllers_msgs/include/robotnik_controllers_msgs/robotnik_controllers_msgs/srv/detail/set_odometry__rosidl_typesupport_fastrtps_c.h
[0.746s] -- Up-to-date: /home/hima/bachelors/rbkairos_ws/install/robotnik_controllers_msgs/include/robotnik_controllers_msgs/robotnik_controllers_msgs/msg
[0.746s] -- Up-to-date: /home/hima/bachelors/rbkairos_ws/install/robotnik_controllers_msgs/include/robotnik_controllers_msgs/robotnik_controllers_msgs/msg/rosidl_typesupport_fastrtps_c__visibility_control.h
[0.746s] -- Up-to-date: /home/hima/bachelors/rbkairos_ws/install/robotnik_controllers_msgs/include/robotnik_controllers_msgs/robotnik_controllers_msgs/msg/detail
[0.746s] -- Up-to-date: /home/hima/bachelors/rbkairos_ws/install/robotnik_controllers_msgs/include/robotnik_controllers_msgs/robotnik_controllers_msgs/msg/detail/controller_state__rosidl_typesupport_fastrtps_c.h
[0.746s] -- Up-to-date: /home/hima/bachelors/rbkairos_ws/install/robotnik_controllers_msgs/lib/librobotnik_controllers_msgs__rosidl_typesupport_fastrtps_c.so
[0.747s] -- Up-to-date: /home/hima/bachelors/rbkairos_ws/install/robotnik_controllers_msgs/include/robotnik_controllers_msgs/robotnik_controllers_msgs
[0.747s] -- Up-to-date: /home/hima/bachelors/rbkairos_ws/install/robotnik_controllers_msgs/include/robotnik_controllers_msgs/robotnik_controllers_msgs/srv
[0.747s] -- Up-to-date: /home/hima/bachelors/rbkairos_ws/install/robotnik_controllers_msgs/include/robotnik_controllers_msgs/robotnik_controllers_msgs/srv/available_kinematics.hpp
[0.747s] -- Up-to-date: /home/hima/bachelors/rbkairos_ws/install/robotnik_controllers_msgs/include/robotnik_controllers_msgs/robotnik_controllers_msgs/srv/change_kinematics.hpp
[0.747s] -- Up-to-date: /home/hima/bachelors/rbkairos_ws/install/robotnik_controllers_msgs/include/robotnik_controllers_msgs/robotnik_controllers_msgs/srv/detail
[0.747s] -- Up-to-date: /home/hima/bachelors/rbkairos_ws/install/robotnik_controllers_msgs/include/robotnik_controllers_msgs/robotnik_controllers_msgs/srv/detail/set_odometry__type_support.hpp
[0.748s] -- Up-to-date: /home/hima/bachelors/rbkairos_ws/install/robotnik_controllers_msgs/include/robotnik_controllers_msgs/robotnik_controllers_msgs/srv/detail/change_kinematics__traits.hpp
[0.748s] -- Up-to-date: /home/hima/bachelors/rbkairos_ws/install/robotnik_controllers_msgs/include/robotnik_controllers_msgs/robotnik_controllers_msgs/srv/detail/available_kinematics__traits.hpp
[0.748s] -- Up-to-date: /home/hima/bachelors/rbkairos_ws/install/robotnik_controllers_msgs/include/robotnik_controllers_msgs/robotnik_controllers_msgs/srv/detail/set_odometry__traits.hpp
[0.748s] -- Up-to-date: /home/hima/bachelors/rbkairos_ws/install/robotnik_controllers_msgs/include/robotnik_controllers_msgs/robotnik_controllers_msgs/srv/detail/available_kinematics__type_support.hpp
[0.748s] -- Up-to-date: /home/hima/bachelors/rbkairos_ws/install/robotnik_controllers_msgs/include/robotnik_controllers_msgs/robotnik_controllers_msgs/srv/detail/change_kinematics__type_support.hpp
[0.748s] -- Up-to-date: /home/hima/bachelors/rbkairos_ws/install/robotnik_controllers_msgs/include/robotnik_controllers_msgs/robotnik_controllers_msgs/srv/detail/change_kinematics__struct.hpp
[0.748s] -- Up-to-date: /home/hima/bachelors/rbkairos_ws/install/robotnik_controllers_msgs/include/robotnik_controllers_msgs/robotnik_controllers_msgs/srv/detail/available_kinematics__builder.hpp
[0.748s] -- Up-to-date: /home/hima/bachelors/rbkairos_ws/install/robotnik_controllers_msgs/include/robotnik_controllers_msgs/robotnik_controllers_msgs/srv/detail/set_odometry__struct.hpp
[0.748s] -- Up-to-date: /home/hima/bachelors/rbkairos_ws/install/robotnik_controllers_msgs/include/robotnik_controllers_msgs/robotnik_controllers_msgs/srv/detail/available_kinematics__struct.hpp
[0.748s] -- Up-to-date: /home/hima/bachelors/rbkairos_ws/install/robotnik_controllers_msgs/include/robotnik_controllers_msgs/robotnik_controllers_msgs/srv/detail/set_odometry__builder.hpp
[0.748s] -- Up-to-date: /home/hima/bachelors/rbkairos_ws/install/robotnik_controllers_msgs/include/robotnik_controllers_msgs/robotnik_controllers_msgs/srv/detail/change_kinematics__builder.hpp
[0.749s] -- Up-to-date: /home/hima/bachelors/rbkairos_ws/install/robotnik_controllers_msgs/include/robotnik_controllers_msgs/robotnik_controllers_msgs/srv/set_odometry.hpp
[0.749s] -- Up-to-date: /home/hima/bachelors/rbkairos_ws/install/robotnik_controllers_msgs/include/robotnik_controllers_msgs/robotnik_controllers_msgs/msg
[0.749s] -- Up-to-date: /home/hima/bachelors/rbkairos_ws/install/robotnik_controllers_msgs/include/robotnik_controllers_msgs/robotnik_controllers_msgs/msg/rosidl_generator_cpp__visibility_control.hpp
[0.749s] -- Up-to-date: /home/hima/bachelors/rbkairos_ws/install/robotnik_controllers_msgs/include/robotnik_controllers_msgs/robotnik_controllers_msgs/msg/detail
[0.749s] -- Up-to-date: /home/hima/bachelors/rbkairos_ws/install/robotnik_controllers_msgs/include/robotnik_controllers_msgs/robotnik_controllers_msgs/msg/detail/controller_state__type_support.hpp
[0.749s] -- Up-to-date: /home/hima/bachelors/rbkairos_ws/install/robotnik_controllers_msgs/include/robotnik_controllers_msgs/robotnik_controllers_msgs/msg/detail/controller_state__traits.hpp
[0.749s] -- Up-to-date: /home/hima/bachelors/rbkairos_ws/install/robotnik_controllers_msgs/include/robotnik_controllers_msgs/robotnik_controllers_msgs/msg/detail/controller_state__struct.hpp
[0.749s] -- Up-to-date: /home/hima/bachelors/rbkairos_ws/install/robotnik_controllers_msgs/include/robotnik_controllers_msgs/robotnik_controllers_msgs/msg/detail/controller_state__builder.hpp
[0.750s] -- Up-to-date: /home/hima/bachelors/rbkairos_ws/install/robotnik_controllers_msgs/include/robotnik_controllers_msgs/robotnik_controllers_msgs/msg/controller_state.hpp
[0.750s] -- Up-to-date: /home/hima/bachelors/rbkairos_ws/install/robotnik_controllers_msgs/include/robotnik_controllers_msgs/robotnik_controllers_msgs
[0.750s] -- Up-to-date: /home/hima/bachelors/rbkairos_ws/install/robotnik_controllers_msgs/include/robotnik_controllers_msgs/robotnik_controllers_msgs/srv
[0.750s] -- Up-to-date: /home/hima/bachelors/rbkairos_ws/install/robotnik_controllers_msgs/include/robotnik_controllers_msgs/robotnik_controllers_msgs/srv/detail
[0.750s] -- Up-to-date: /home/hima/bachelors/rbkairos_ws/install/robotnik_controllers_msgs/include/robotnik_controllers_msgs/robotnik_controllers_msgs/srv/detail/available_kinematics__rosidl_typesupport_fastrtps_cpp.hpp
[0.750s] -- Up-to-date: /home/hima/bachelors/rbkairos_ws/install/robotnik_controllers_msgs/include/robotnik_controllers_msgs/robotnik_controllers_msgs/srv/detail/change_kinematics__rosidl_typesupport_fastrtps_cpp.hpp
[0.751s] -- Up-to-date: /home/hima/bachelors/rbkairos_ws/install/robotnik_controllers_msgs/include/robotnik_controllers_msgs/robotnik_controllers_msgs/srv/detail/dds_fastrtps
[0.751s] -- Up-to-date: /home/hima/bachelors/rbkairos_ws/install/robotnik_controllers_msgs/include/robotnik_controllers_msgs/robotnik_controllers_msgs/srv/detail/set_odometry__rosidl_typesupport_fastrtps_cpp.hpp
[0.751s] -- Up-to-date: /home/hima/bachelors/rbkairos_ws/install/robotnik_controllers_msgs/include/robotnik_controllers_msgs/robotnik_controllers_msgs/msg
[0.751s] -- Up-to-date: /home/hima/bachelors/rbkairos_ws/install/robotnik_controllers_msgs/include/robotnik_controllers_msgs/robotnik_controllers_msgs/msg/rosidl_typesupport_fastrtps_cpp__visibility_control.h
[0.751s] -- Up-to-date: /home/hima/bachelors/rbkairos_ws/install/robotnik_controllers_msgs/include/robotnik_controllers_msgs/robotnik_controllers_msgs/msg/detail
[0.751s] -- Up-to-date: /home/hima/bachelors/rbkairos_ws/install/robotnik_controllers_msgs/include/robotnik_controllers_msgs/robotnik_controllers_msgs/msg/detail/dds_fastrtps
[0.751s] -- Up-to-date: /home/hima/bachelors/rbkairos_ws/install/robotnik_controllers_msgs/include/robotnik_controllers_msgs/robotnik_controllers_msgs/msg/detail/controller_state__rosidl_typesupport_fastrtps_cpp.hpp
[0.751s] -- Up-to-date: /home/hima/bachelors/rbkairos_ws/install/robotnik_controllers_msgs/lib/librobotnik_controllers_msgs__rosidl_typesupport_fastrtps_cpp.so
[0.751s] -- Up-to-date: /home/hima/bachelors/rbkairos_ws/install/robotnik_controllers_msgs/include/robotnik_controllers_msgs/robotnik_controllers_msgs
[0.752s] -- Up-to-date: /home/hima/bachelors/rbkairos_ws/install/robotnik_controllers_msgs/include/robotnik_controllers_msgs/robotnik_controllers_msgs/srv
[0.752s] -- Up-to-date: /home/hima/bachelors/rbkairos_ws/install/robotnik_controllers_msgs/include/robotnik_controllers_msgs/robotnik_controllers_msgs/srv/detail
[0.752s] -- Up-to-date: /home/hima/bachelors/rbkairos_ws/install/robotnik_controllers_msgs/include/robotnik_controllers_msgs/robotnik_controllers_msgs/srv/detail/set_odometry__type_support.c
[0.752s] -- Up-to-date: /home/hima/bachelors/rbkairos_ws/install/robotnik_controllers_msgs/include/robotnik_controllers_msgs/robotnik_controllers_msgs/srv/detail/set_odometry__rosidl_typesupport_introspection_c.h
[0.752s] -- Up-to-date: /home/hima/bachelors/rbkairos_ws/install/robotnik_controllers_msgs/include/robotnik_controllers_msgs/robotnik_controllers_msgs/srv/detail/change_kinematics__type_support.c
[0.752s] -- Up-to-date: /home/hima/bachelors/rbkairos_ws/install/robotnik_controllers_msgs/include/robotnik_controllers_msgs/robotnik_controllers_msgs/srv/detail/change_kinematics__rosidl_typesupport_introspection_c.h
[0.752s] -- Up-to-date: /home/hima/bachelors/rbkairos_ws/install/robotnik_controllers_msgs/include/robotnik_controllers_msgs/robotnik_controllers_msgs/srv/detail/available_kinematics__type_support.c
[0.753s] -- Up-to-date: /home/hima/bachelors/rbkairos_ws/install/robotnik_controllers_msgs/include/robotnik_controllers_msgs/robotnik_controllers_msgs/srv/detail/available_kinematics__rosidl_typesupport_introspection_c.h
[0.753s] -- Up-to-date: /home/hima/bachelors/rbkairos_ws/install/robotnik_controllers_msgs/include/robotnik_controllers_msgs/robotnik_controllers_msgs/msg
[0.753s] -- Up-to-date: /home/hima/bachelors/rbkairos_ws/install/robotnik_controllers_msgs/include/robotnik_controllers_msgs/robotnik_controllers_msgs/msg/rosidl_typesupport_introspection_c__visibility_control.h
[0.753s] -- Up-to-date: /home/hima/bachelors/rbkairos_ws/install/robotnik_controllers_msgs/include/robotnik_controllers_msgs/robotnik_controllers_msgs/msg/detail
[0.753s] -- Up-to-date: /home/hima/bachelors/rbkairos_ws/install/robotnik_controllers_msgs/include/robotnik_controllers_msgs/robotnik_controllers_msgs/msg/detail/controller_state__rosidl_typesupport_introspection_c.h
[0.753s] -- Up-to-date: /home/hima/bachelors/rbkairos_ws/install/robotnik_controllers_msgs/include/robotnik_controllers_msgs/robotnik_controllers_msgs/msg/detail/controller_state__type_support.c
[0.753s] -- Up-to-date: /home/hima/bachelors/rbkairos_ws/install/robotnik_controllers_msgs/lib/librobotnik_controllers_msgs__rosidl_typesupport_introspection_c.so
[0.754s] -- Up-to-date: /home/hima/bachelors/rbkairos_ws/install/robotnik_controllers_msgs/lib/librobotnik_controllers_msgs__rosidl_typesupport_c.so
[0.754s] -- Up-to-date: /home/hima/bachelors/rbkairos_ws/install/robotnik_controllers_msgs/include/robotnik_controllers_msgs/robotnik_controllers_msgs
[0.754s] -- Up-to-date: /home/hima/bachelors/rbkairos_ws/install/robotnik_controllers_msgs/include/robotnik_controllers_msgs/robotnik_controllers_msgs/srv
[0.754s] -- Up-to-date: /home/hima/bachelors/rbkairos_ws/install/robotnik_controllers_msgs/include/robotnik_controllers_msgs/robotnik_controllers_msgs/srv/detail
[0.754s] -- Up-to-date: /home/hima/bachelors/rbkairos_ws/install/robotnik_controllers_msgs/include/robotnik_controllers_msgs/robotnik_controllers_msgs/srv/detail/change_kinematics__rosidl_typesupport_introspection_cpp.hpp
[0.755s] -- Up-to-date: /home/hima/bachelors/rbkairos_ws/install/robotnik_controllers_msgs/include/robotnik_controllers_msgs/robotnik_controllers_msgs/srv/detail/change_kinematics__type_support.cpp
[0.755s] -- Up-to-date: /home/hima/bachelors/rbkairos_ws/install/robotnik_controllers_msgs/include/robotnik_controllers_msgs/robotnik_controllers_msgs/srv/detail/available_kinematics__type_support.cpp
[0.755s] -- Up-to-date: /home/hima/bachelors/rbkairos_ws/install/robotnik_controllers_msgs/include/robotnik_controllers_msgs/robotnik_controllers_msgs/srv/detail/set_odometry__rosidl_typesupport_introspection_cpp.hpp
[0.755s] -- Up-to-date: /home/hima/bachelors/rbkairos_ws/install/robotnik_controllers_msgs/include/robotnik_controllers_msgs/robotnik_controllers_msgs/srv/detail/set_odometry__type_support.cpp
[0.755s] -- Up-to-date: /home/hima/bachelors/rbkairos_ws/install/robotnik_controllers_msgs/include/robotnik_controllers_msgs/robotnik_controllers_msgs/srv/detail/available_kinematics__rosidl_typesupport_introspection_cpp.hpp
[0.755s] -- Up-to-date: /home/hima/bachelors/rbkairos_ws/install/robotnik_controllers_msgs/include/robotnik_controllers_msgs/robotnik_controllers_msgs/msg
[0.755s] -- Up-to-date: /home/hima/bachelors/rbkairos_ws/install/robotnik_controllers_msgs/include/robotnik_controllers_msgs/robotnik_controllers_msgs/msg/detail
[0.755s] -- Up-to-date: /home/hima/bachelors/rbkairos_ws/install/robotnik_controllers_msgs/include/robotnik_controllers_msgs/robotnik_controllers_msgs/msg/detail/controller_state__rosidl_typesupport_introspection_cpp.hpp
[0.756s] -- Up-to-date: /home/hima/bachelors/rbkairos_ws/install/robotnik_controllers_msgs/include/robotnik_controllers_msgs/robotnik_controllers_msgs/msg/detail/controller_state__type_support.cpp
[0.756s] -- Up-to-date: /home/hima/bachelors/rbkairos_ws/install/robotnik_controllers_msgs/lib/librobotnik_controllers_msgs__rosidl_typesupport_introspection_cpp.so
[0.756s] -- Up-to-date: /home/hima/bachelors/rbkairos_ws/install/robotnik_controllers_msgs/lib/librobotnik_controllers_msgs__rosidl_typesupport_cpp.so
[0.756s] -- Up-to-date: /home/hima/bachelors/rbkairos_ws/install/robotnik_controllers_msgs/share/robotnik_controllers_msgs/environment/pythonpath.sh
[0.756s] -- Up-to-date: /home/hima/bachelors/rbkairos_ws/install/robotnik_controllers_msgs/share/robotnik_controllers_msgs/environment/pythonpath.dsv
[0.756s] -- Up-to-date: /home/hima/bachelors/rbkairos_ws/install/robotnik_controllers_msgs/local/lib/python3.10/dist-packages/robotnik_controllers_msgs-1.0.0-py3.10.egg-info
[0.756s] -- Installing: /home/hima/bachelors/rbkairos_ws/install/robotnik_controllers_msgs/local/lib/python3.10/dist-packages/robotnik_controllers_msgs-1.0.0-py3.10.egg-info/top_level.txt
[0.756s] -- Installing: /home/hima/bachelors/rbkairos_ws/install/robotnik_controllers_msgs/local/lib/python3.10/dist-packages/robotnik_controllers_msgs-1.0.0-py3.10.egg-info/PKG-INFO
[0.756s] -- Installing: /home/hima/bachelors/rbkairos_ws/install/robotnik_controllers_msgs/local/lib/python3.10/dist-packages/robotnik_controllers_msgs-1.0.0-py3.10.egg-info/SOURCES.txt
[0.756s] -- Installing: /home/hima/bachelors/rbkairos_ws/install/robotnik_controllers_msgs/local/lib/python3.10/dist-packages/robotnik_controllers_msgs-1.0.0-py3.10.egg-info/dependency_links.txt
[0.757s] -- Up-to-date: /home/hima/bachelors/rbkairos_ws/install/robotnik_controllers_msgs/local/lib/python3.10/dist-packages/robotnik_controllers_msgs
[0.757s] -- Up-to-date: /home/hima/bachelors/rbkairos_ws/install/robotnik_controllers_msgs/local/lib/python3.10/dist-packages/robotnik_controllers_msgs/_robotnik_controllers_msgs_s.ep.rosidl_typesupport_fastrtps_c.c
[0.757s] -- Up-to-date: /home/hima/bachelors/rbkairos_ws/install/robotnik_controllers_msgs/local/lib/python3.10/dist-packages/robotnik_controllers_msgs/_robotnik_controllers_msgs_s.ep.rosidl_typesupport_introspection_c.c
[0.757s] -- Up-to-date: /home/hima/bachelors/rbkairos_ws/install/robotnik_controllers_msgs/local/lib/python3.10/dist-packages/robotnik_controllers_msgs/robotnik_controllers_msgs_s__rosidl_typesupport_c.cpython-310-x86_64-linux-gnu.so
[0.757s] -- Up-to-date: /home/hima/bachelors/rbkairos_ws/install/robotnik_controllers_msgs/local/lib/python3.10/dist-packages/robotnik_controllers_msgs/robotnik_controllers_msgs_s__rosidl_typesupport_introspection_c.cpython-310-x86_64-linux-gnu.so
[0.757s] -- Up-to-date: /home/hima/bachelors/rbkairos_ws/install/robotnik_controllers_msgs/local/lib/python3.10/dist-packages/robotnik_controllers_msgs/srv
[0.757s] -- Up-to-date: /home/hima/bachelors/rbkairos_ws/install/robotnik_controllers_msgs/local/lib/python3.10/dist-packages/robotnik_controllers_msgs/srv/_set_odometry.py
[0.757s] -- Up-to-date: /home/hima/bachelors/rbkairos_ws/install/robotnik_controllers_msgs/local/lib/python3.10/dist-packages/robotnik_controllers_msgs/srv/_change_kinematics_s.c
[0.757s] -- Up-to-date: /home/hima/bachelors/rbkairos_ws/install/robotnik_controllers_msgs/local/lib/python3.10/dist-packages/robotnik_controllers_msgs/srv/_available_kinematics_s.c
[0.757s] -- Up-to-date: /home/hima/bachelors/rbkairos_ws/install/robotnik_controllers_msgs/local/lib/python3.10/dist-packages/robotnik_controllers_msgs/srv/_available_kinematics.py
[0.757s] -- Up-to-date: /home/hima/bachelors/rbkairos_ws/install/robotnik_controllers_msgs/local/lib/python3.10/dist-packages/robotnik_controllers_msgs/srv/__init__.py
[0.757s] -- Up-to-date: /home/hima/bachelors/rbkairos_ws/install/robotnik_controllers_msgs/local/lib/python3.10/dist-packages/robotnik_controllers_msgs/srv/_set_odometry_s.c
[0.757s] -- Up-to-date: /home/hima/bachelors/rbkairos_ws/install/robotnik_controllers_msgs/local/lib/python3.10/dist-packages/robotnik_controllers_msgs/srv/_change_kinematics.py
[0.757s] -- Up-to-date: /home/hima/bachelors/rbkairos_ws/install/robotnik_controllers_msgs/local/lib/python3.10/dist-packages/robotnik_controllers_msgs/_robotnik_controllers_msgs_s.ep.rosidl_typesupport_c.c
[0.758s] -- Up-to-date: /home/hima/bachelors/rbkairos_ws/install/robotnik_controllers_msgs/local/lib/python3.10/dist-packages/robotnik_controllers_msgs/msg
[0.758s] -- Up-to-date: /home/hima/bachelors/rbkairos_ws/install/robotnik_controllers_msgs/local/lib/python3.10/dist-packages/robotnik_controllers_msgs/msg/_controller_state.py
[0.758s] -- Up-to-date: /home/hima/bachelors/rbkairos_ws/install/robotnik_controllers_msgs/local/lib/python3.10/dist-packages/robotnik_controllers_msgs/msg/__init__.py
[0.758s] -- Up-to-date: /home/hima/bachelors/rbkairos_ws/install/robotnik_controllers_msgs/local/lib/python3.10/dist-packages/robotnik_controllers_msgs/msg/_controller_state_s.c
[0.758s] -- Up-to-date: /home/hima/bachelors/rbkairos_ws/install/robotnik_controllers_msgs/local/lib/python3.10/dist-packages/robotnik_controllers_msgs/__init__.py
[0.758s] -- Up-to-date: /home/hima/bachelors/rbkairos_ws/install/robotnik_controllers_msgs/local/lib/python3.10/dist-packages/robotnik_controllers_msgs/librobotnik_controllers_msgs__rosidl_generator_py.so
[0.758s] -- Up-to-date: /home/hima/bachelors/rbkairos_ws/install/robotnik_controllers_msgs/local/lib/python3.10/dist-packages/robotnik_controllers_msgs/robotnik_controllers_msgs_s__rosidl_typesupport_fastrtps_c.cpython-310-x86_64-linux-gnu.so
[0.811s] Listing '/home/hima/bachelors/rbkairos_ws/install/robotnik_controllers_msgs/local/lib/python3.10/dist-packages/robotnik_controllers_msgs'...
[0.811s] Listing '/home/hima/bachelors/rbkairos_ws/install/robotnik_controllers_msgs/local/lib/python3.10/dist-packages/robotnik_controllers_msgs/msg'...
[0.811s] Listing '/home/hima/bachelors/rbkairos_ws/install/robotnik_controllers_msgs/local/lib/python3.10/dist-packages/robotnik_controllers_msgs/srv'...
[0.821s] -- Up-to-date: /home/hima/bachelors/rbkairos_ws/install/robotnik_controllers_msgs/local/lib/python3.10/dist-packages/robotnik_controllers_msgs/robotnik_controllers_msgs_s__rosidl_typesupport_fastrtps_c.cpython-310-x86_64-linux-gnu.so
[0.823s] -- Up-to-date: /home/hima/bachelors/rbkairos_ws/install/robotnik_controllers_msgs/local/lib/python3.10/dist-packages/robotnik_controllers_msgs/robotnik_controllers_msgs_s__rosidl_typesupport_introspection_c.cpython-310-x86_64-linux-gnu.so
[0.823s] -- Up-to-date: /home/hima/bachelors/rbkairos_ws/install/robotnik_controllers_msgs/local/lib/python3.10/dist-packages/robotnik_controllers_msgs/robotnik_controllers_msgs_s__rosidl_typesupport_c.cpython-310-x86_64-linux-gnu.so
[0.823s] -- Up-to-date: /home/hima/bachelors/rbkairos_ws/install/robotnik_controllers_msgs/lib/librobotnik_controllers_msgs__rosidl_generator_py.so
[0.824s] -- Up-to-date: /home/hima/bachelors/rbkairos_ws/install/robotnik_controllers_msgs/share/robotnik_controllers_msgs/msg/ControllerState.idl
[0.824s] -- Up-to-date: /home/hima/bachelors/rbkairos_ws/install/robotnik_controllers_msgs/share/robotnik_controllers_msgs/srv/AvailableKinematics.idl
[0.824s] -- Up-to-date: /home/hima/bachelors/rbkairos_ws/install/robotnik_controllers_msgs/share/robotnik_controllers_msgs/srv/ChangeKinematics.idl
[0.824s] -- Up-to-date: /home/hima/bachelors/rbkairos_ws/install/robotnik_controllers_msgs/share/robotnik_controllers_msgs/srv/SetOdometry.idl
[0.824s] -- Up-to-date: /home/hima/bachelors/rbkairos_ws/install/robotnik_controllers_msgs/share/robotnik_controllers_msgs/msg/ControllerState.msg
[0.825s] -- Up-to-date: /home/hima/bachelors/rbkairos_ws/install/robotnik_controllers_msgs/share/robotnik_controllers_msgs/srv/AvailableKinematics.srv
[0.825s] -- Up-to-date: /home/hima/bachelors/rbkairos_ws/install/robotnik_controllers_msgs/share/robotnik_controllers_msgs/srv/AvailableKinematics_Request.msg
[0.825s] -- Up-to-date: /home/hima/bachelors/rbkairos_ws/install/robotnik_controllers_msgs/share/robotnik_controllers_msgs/srv/AvailableKinematics_Response.msg
[0.825s] -- Up-to-date: /home/hima/bachelors/rbkairos_ws/install/robotnik_controllers_msgs/share/robotnik_controllers_msgs/srv/ChangeKinematics.srv
[0.825s] -- Up-to-date: /home/hima/bachelors/rbkairos_ws/install/robotnik_controllers_msgs/share/robotnik_controllers_msgs/srv/ChangeKinematics_Request.msg
[0.825s] -- Up-to-date: /home/hima/bachelors/rbkairos_ws/install/robotnik_controllers_msgs/share/robotnik_controllers_msgs/srv/ChangeKinematics_Response.msg
[0.827s] -- Up-to-date: /home/hima/bachelors/rbkairos_ws/install/robotnik_controllers_msgs/share/robotnik_controllers_msgs/srv/SetOdometry.srv
[0.827s] -- Up-to-date: /home/hima/bachelors/rbkairos_ws/install/robotnik_controllers_msgs/share/robotnik_controllers_msgs/srv/SetOdometry_Request.msg
[0.828s] -- Up-to-date: /home/hima/bachelors/rbkairos_ws/install/robotnik_controllers_msgs/share/robotnik_controllers_msgs/srv/SetOdometry_Response.msg
[0.828s] -- Up-to-date: /home/hima/bachelors/rbkairos_ws/install/robotnik_controllers_msgs/share/ament_index/resource_index/package_run_dependencies/robotnik_controllers_msgs
[0.829s] -- Up-to-date: /home/hima/bachelors/rbkairos_ws/install/robotnik_controllers_msgs/share/ament_index/resource_index/parent_prefix_path/robotnik_controllers_msgs
[0.830s] -- Up-to-date: /home/hima/bachelors/rbkairos_ws/install/robotnik_controllers_msgs/share/robotnik_controllers_msgs/environment/ament_prefix_path.sh
[0.830s] -- Up-to-date: /home/hima/bachelors/rbkairos_ws/install/robotnik_controllers_msgs/share/robotnik_controllers_msgs/environment/ament_prefix_path.dsv
[0.830s] -- Up-to-date: /home/hima/bachelors/rbkairos_ws/install/robotnik_controllers_msgs/share/robotnik_controllers_msgs/environment/path.sh
[0.831s] -- Up-to-date: /home/hima/bachelors/rbkairos_ws/install/robotnik_controllers_msgs/share/robotnik_controllers_msgs/environment/path.dsv
[0.831s] -- Up-to-date: /home/hima/bachelors/rbkairos_ws/install/robotnik_controllers_msgs/share/robotnik_controllers_msgs/local_setup.bash
[0.832s] -- Up-to-date: /home/hima/bachelors/rbkairos_ws/install/robotnik_controllers_msgs/share/robotnik_controllers_msgs/local_setup.sh
[0.833s] -- Up-to-date: /home/hima/bachelors/rbkairos_ws/install/robotnik_controllers_msgs/share/robotnik_controllers_msgs/local_setup.zsh
[0.833s] -- Up-to-date: /home/hima/bachelors/rbkairos_ws/install/robotnik_controllers_msgs/share/robotnik_controllers_msgs/local_setup.dsv
[0.834s] -- Installing: /home/hima/bachelors/rbkairos_ws/install/robotnik_controllers_msgs/share/robotnik_controllers_msgs/package.dsv
[0.834s] -- Up-to-date: /home/hima/bachelors/rbkairos_ws/install/robotnik_controllers_msgs/share/ament_index/resource_index/packages/robotnik_controllers_msgs
[0.834s] -- Up-to-date: /home/hima/bachelors/rbkairos_ws/install/robotnik_controllers_msgs/share/robotnik_controllers_msgs/cmake/export_robotnik_controllers_msgs__rosidl_generator_cExport.cmake
[0.834s] -- Up-to-date: /home/hima/bachelors/rbkairos_ws/install/robotnik_controllers_msgs/share/robotnik_controllers_msgs/cmake/export_robotnik_controllers_msgs__rosidl_generator_cExport-noconfig.cmake
[0.834s] -- Up-to-date: /home/hima/bachelors/rbkairos_ws/install/robotnik_controllers_msgs/share/robotnik_controllers_msgs/cmake/export_robotnik_controllers_msgs__rosidl_typesupport_fastrtps_cExport.cmake
[0.834s] -- Up-to-date: /home/hima/bachelors/rbkairos_ws/install/robotnik_controllers_msgs/share/robotnik_controllers_msgs/cmake/export_robotnik_controllers_msgs__rosidl_typesupport_fastrtps_cExport-noconfig.cmake
[0.834s] -- Up-to-date: /home/hima/bachelors/rbkairos_ws/install/robotnik_controllers_msgs/share/robotnik_controllers_msgs/cmake/export_robotnik_controllers_msgs__rosidl_generator_cppExport.cmake
[0.835s] -- Up-to-date: /home/hima/bachelors/rbkairos_ws/install/robotnik_controllers_msgs/share/robotnik_controllers_msgs/cmake/export_robotnik_controllers_msgs__rosidl_typesupport_fastrtps_cppExport.cmake
[0.835s] -- Up-to-date: /home/hima/bachelors/rbkairos_ws/install/robotnik_controllers_msgs/share/robotnik_controllers_msgs/cmake/export_robotnik_controllers_msgs__rosidl_typesupport_fastrtps_cppExport-noconfig.cmake
[0.835s] -- Up-to-date: /home/hima/bachelors/rbkairos_ws/install/robotnik_controllers_msgs/share/robotnik_controllers_msgs/cmake/robotnik_controllers_msgs__rosidl_typesupport_introspection_cExport.cmake
[0.835s] -- Up-to-date: /home/hima/bachelors/rbkairos_ws/install/robotnik_controllers_msgs/share/robotnik_controllers_msgs/cmake/robotnik_controllers_msgs__rosidl_typesupport_introspection_cExport-noconfig.cmake
[0.835s] -- Up-to-date: /home/hima/bachelors/rbkairos_ws/install/robotnik_controllers_msgs/share/robotnik_controllers_msgs/cmake/robotnik_controllers_msgs__rosidl_typesupport_cExport.cmake
[0.835s] -- Up-to-date: /home/hima/bachelors/rbkairos_ws/install/robotnik_controllers_msgs/share/robotnik_controllers_msgs/cmake/robotnik_controllers_msgs__rosidl_typesupport_cExport-noconfig.cmake
[0.836s] -- Up-to-date: /home/hima/bachelors/rbkairos_ws/install/robotnik_controllers_msgs/share/robotnik_controllers_msgs/cmake/robotnik_controllers_msgs__rosidl_typesupport_introspection_cppExport.cmake
[0.836s] -- Up-to-date: /home/hima/bachelors/rbkairos_ws/install/robotnik_controllers_msgs/share/robotnik_controllers_msgs/cmake/robotnik_controllers_msgs__rosidl_typesupport_introspection_cppExport-noconfig.cmake
[0.836s] -- Up-to-date: /home/hima/bachelors/rbkairos_ws/install/robotnik_controllers_msgs/share/robotnik_controllers_msgs/cmake/robotnik_controllers_msgs__rosidl_typesupport_cppExport.cmake
[0.836s] -- Up-to-date: /home/hima/bachelors/rbkairos_ws/install/robotnik_controllers_msgs/share/robotnik_controllers_msgs/cmake/robotnik_controllers_msgs__rosidl_typesupport_cppExport-noconfig.cmake
[0.836s] -- Up-to-date: /home/hima/bachelors/rbkairos_ws/install/robotnik_controllers_msgs/share/robotnik_controllers_msgs/cmake/export_robotnik_controllers_msgs__rosidl_generator_pyExport.cmake
[0.837s] -- Up-to-date: /home/hima/bachelors/rbkairos_ws/install/robotnik_controllers_msgs/share/robotnik_controllers_msgs/cmake/export_robotnik_controllers_msgs__rosidl_generator_pyExport-noconfig.cmake
[0.837s] -- Up-to-date: /home/hima/bachelors/rbkairos_ws/install/robotnik_controllers_msgs/share/robotnik_controllers_msgs/cmake/rosidl_cmake-extras.cmake
[0.838s] -- Up-to-date: /home/hima/bachelors/rbkairos_ws/install/robotnik_controllers_msgs/share/robotnik_controllers_msgs/cmake/ament_cmake_export_dependencies-extras.cmake
[0.838s] -- Up-to-date: /home/hima/bachelors/rbkairos_ws/install/robotnik_controllers_msgs/share/robotnik_controllers_msgs/cmake/ament_cmake_export_include_directories-extras.cmake
[0.838s] -- Up-to-date: /home/hima/bachelors/rbkairos_ws/install/robotnik_controllers_msgs/share/robotnik_controllers_msgs/cmake/ament_cmake_export_libraries-extras.cmake
[0.838s] -- Up-to-date: /home/hima/bachelors/rbkairos_ws/install/robotnik_controllers_msgs/share/robotnik_controllers_msgs/cmake/ament_cmake_export_targets-extras.cmake
[0.839s] -- Up-to-date: /home/hima/bachelors/rbkairos_ws/install/robotnik_controllers_msgs/share/robotnik_controllers_msgs/cmake/rosidl_cmake_export_typesupport_targets-extras.cmake
[0.839s] -- Up-to-date: /home/hima/bachelors/rbkairos_ws/install/robotnik_controllers_msgs/share/robotnik_controllers_msgs/cmake/rosidl_cmake_export_typesupport_libraries-extras.cmake
[0.840s] -- Up-to-date: /home/hima/bachelors/rbkairos_ws/install/robotnik_controllers_msgs/share/robotnik_controllers_msgs/cmake/robotnik_controllers_msgsConfig.cmake
[0.840s] -- Up-to-date: /home/hima/bachelors/rbkairos_ws/install/robotnik_controllers_msgs/share/robotnik_controllers_msgs/cmake/robotnik_controllers_msgsConfig-version.cmake
[0.840s] -- Up-to-date: /home/hima/bachelors/rbkairos_ws/install/robotnik_controllers_msgs/share/robotnik_controllers_msgs/package.xml
[0.844s] Invoked command in '/home/hima/bachelors/rbkairos_ws/build/robotnik_controllers_msgs' returned '0': CMAKE_PREFIX_PATH=/home/hima/bachelors/rbkairos_ws/install/robotnik_common_msgs:/home/hima/bachelors/rbkairos_ws/install/ros2_laser_scan_merger:/home/hima/bachelors/rbkairos_ws/install/ros2_laser_scan_matcher:/home/hima/bachelors/rbkairos_ws/install/robotnik_supervisor_msgs:/home/hima/bachelors/rbkairos_ws/install/robotnik_gazebo_ignition:/home/hima/bachelors/rbkairos_ws/install/robotnik_gazebo_classic:/home/hima/bachelors/rbkairos_ws/install/mapping:/home/hima/bachelors/rbkairos_ws/install/robotnik_description:/home/hima/bachelors/rbkairos_ws/install/robotnik_sensors:/home/hima/bachelors/rbkairos_ws/install/robotnik_interfaces:/home/hima/bachelors/rbkairos_ws/install/robotnik_safety_msgs:/home/hima/bachelors/rbkairos_ws/install/robotnik_perception_msgs:/home/hima/bachelors/rbkairos_ws/install/robotnik_navigation_msgs:/home/hima/bachelors/rbkairos_ws/install/robotnik_io_msgs:/home/hima/bachelors/rbkairos_ws/install/robotnik_controllers_msgs:/home/hima/bachelors/rbkairos_ws/install/robotnik_common:/home/hima/bachelors/rbkairos_ws/install/robotnik_battery_msgs:/home/hima/bachelors/rbkairos_ws/install/csm:/opt/ros/humble LD_LIBRARY_PATH=/home/hima/bachelors/rbkairos_ws/install/robotnik_common_msgs/lib:/home/hima/bachelors/rbkairos_ws/install/robotnik_supervisor_msgs/lib:/home/hima/bachelors/rbkairos_ws/install/robotnik_perception_msgs/lib:/home/hima/bachelors/rbkairos_ws/install/robotnik_navigation_msgs/lib:/home/hima/bachelors/rbkairos_ws/install/robotnik_io_msgs/lib:/home/hima/bachelors/rbkairos_ws/install/robotnik_controllers_msgs/lib:/home/hima/bachelors/rbkairos_ws/install/robotnik_battery_msgs/lib:/home/hima/bachelors/rbkairos_ws/install/csm/lib:/usr/lib/x86_64-linux-gnu/gazebo-11/plugins:/opt/ros/humble/opt/rviz_ogre_vendor/lib:/opt/ros/humble/lib/x86_64-linux-gnu:/opt/ros/humble/lib /usr/bin/cmake --install /home/hima/bachelors/rbkairos_ws/build/robotnik_controllers_msgs
