[0.041s] Invoking command in '/home/hima/bachelors/rbkairos_ws/build/robotnik_io_msgs': CMAKE_PREFIX_PATH=/home/hima/bachelors/rbkairos_ws/install/robotnik_common_msgs:/home/hima/bachelors/rbkairos_ws/install/ros2_laser_scan_merger:/home/hima/bachelors/rbkairos_ws/install/ros2_laser_scan_matcher:/home/hima/bachelors/rbkairos_ws/install/robotnik_supervisor_msgs:/home/hima/bachelors/rbkairos_ws/install/robotnik_gazebo_ignition:/home/hima/bachelors/rbkairos_ws/install/robotnik_gazebo_classic:/home/hima/bachelors/rbkairos_ws/install/mapping:/home/hima/bachelors/rbkairos_ws/install/robotnik_description:/home/hima/bachelors/rbkairos_ws/install/robotnik_sensors:/home/hima/bachelors/rbkairos_ws/install/robotnik_interfaces:/home/hima/bachelors/rbkairos_ws/install/robotnik_safety_msgs:/home/hima/bachelors/rbkairos_ws/install/robotnik_perception_msgs:/home/hima/bachelors/rbkairos_ws/install/robotnik_navigation_msgs:/home/hima/bachelors/rbkairos_ws/install/robotnik_io_msgs:/home/hima/bachelors/rbkairos_ws/install/robotnik_controllers_msgs:/home/hima/bachelors/rbkairos_ws/install/robotnik_common:/home/hima/bachelors/rbkairos_ws/install/robotnik_battery_msgs:/home/hima/bachelors/rbkairos_ws/install/csm:/opt/ros/humble LD_LIBRARY_PATH=/home/hima/bachelors/rbkairos_ws/install/robotnik_common_msgs/lib:/home/hima/bachelors/rbkairos_ws/install/robotnik_supervisor_msgs/lib:/home/hima/bachelors/rbkairos_ws/install/robotnik_perception_msgs/lib:/home/hima/bachelors/rbkairos_ws/install/robotnik_navigation_msgs/lib:/home/hima/bachelors/rbkairos_ws/install/robotnik_io_msgs/lib:/home/hima/bachelors/rbkairos_ws/install/robotnik_controllers_msgs/lib:/home/hima/bachelors/rbkairos_ws/install/robotnik_battery_msgs/lib:/home/hima/bachelors/rbkairos_ws/install/csm/lib:/usr/lib/x86_64-linux-gnu/gazebo-11/plugins:/opt/ros/humble/opt/rviz_ogre_vendor/lib:/opt/ros/humble/lib/x86_64-linux-gnu:/opt/ros/humble/lib /usr/bin/cmake --build /home/hima/bachelors/rbkairos_ws/build/robotnik_io_msgs -- -j16 -l16
[0.180s] [  0%] Built target robotnik_io_msgs__cpp
[0.191s] [ 12%] Built target robotnik_io_msgs__rosidl_generator_c
[0.194s] [ 12%] Built target ament_cmake_python_copy_robotnik_io_msgs
[0.246s] [ 24%] Built target robotnik_io_msgs__rosidl_typesupport_cpp
[0.270s] [ 36%] Built target robotnik_io_msgs__rosidl_typesupport_c
[0.282s] [ 48%] Built target robotnik_io_msgs__rosidl_typesupport_introspection_cpp
[0.306s] [ 59%] Built target robotnik_io_msgs__rosidl_typesupport_fastrtps_cpp
[0.320s] [ 71%] Built target robotnik_io_msgs__rosidl_typesupport_fastrtps_c
[0.327s] [ 83%] Built target robotnik_io_msgs__rosidl_typesupport_introspection_c
[0.414s] [ 83%] Built target robotnik_io_msgs
[0.455s] [ 84%] Built target robotnik_io_msgs__py
[0.498s] [ 95%] Built target robotnik_io_msgs__rosidl_generator_py
[0.549s] [ 97%] Built target robotnik_io_msgs__rosidl_typesupport_introspection_c__pyext
[0.606s] [ 98%] Built target robotnik_io_msgs__rosidl_typesupport_c__pyext
[0.608s] [100%] Built target robotnik_io_msgs__rosidl_typesupport_fastrtps_c__pyext
[1.303s] running egg_info
[1.304s] writing robotnik_io_msgs.egg-info/PKG-INFO
[1.304s] writing dependency_links to robotnik_io_msgs.egg-info/dependency_links.txt
[1.305s] writing top-level names to robotnik_io_msgs.egg-info/top_level.txt
[1.308s] reading manifest file 'robotnik_io_msgs.egg-info/SOURCES.txt'
[1.309s] writing manifest file 'robotnik_io_msgs.egg-info/SOURCES.txt'
[1.366s] [100%] Built target ament_cmake_python_build_robotnik_io_msgs_egg
[1.389s] Invoked command in '/home/hima/bachelors/rbkairos_ws/build/robotnik_io_msgs' returned '0': CMAKE_PREFIX_PATH=/home/hima/bachelors/rbkairos_ws/install/robotnik_common_msgs:/home/hima/bachelors/rbkairos_ws/install/ros2_laser_scan_merger:/home/hima/bachelors/rbkairos_ws/install/ros2_laser_scan_matcher:/home/hima/bachelors/rbkairos_ws/install/robotnik_supervisor_msgs:/home/hima/bachelors/rbkairos_ws/install/robotnik_gazebo_ignition:/home/hima/bachelors/rbkairos_ws/install/robotnik_gazebo_classic:/home/hima/bachelors/rbkairos_ws/install/mapping:/home/hima/bachelors/rbkairos_ws/install/robotnik_description:/home/hima/bachelors/rbkairos_ws/install/robotnik_sensors:/home/hima/bachelors/rbkairos_ws/install/robotnik_interfaces:/home/hima/bachelors/rbkairos_ws/install/robotnik_safety_msgs:/home/hima/bachelors/rbkairos_ws/install/robotnik_perception_msgs:/home/hima/bachelors/rbkairos_ws/install/robotnik_navigation_msgs:/home/hima/bachelors/rbkairos_ws/install/robotnik_io_msgs:/home/hima/bachelors/rbkairos_ws/install/robotnik_controllers_msgs:/home/hima/bachelors/rbkairos_ws/install/robotnik_common:/home/hima/bachelors/rbkairos_ws/install/robotnik_battery_msgs:/home/hima/bachelors/rbkairos_ws/install/csm:/opt/ros/humble LD_LIBRARY_PATH=/home/hima/bachelors/rbkairos_ws/install/robotnik_common_msgs/lib:/home/hima/bachelors/rbkairos_ws/install/robotnik_supervisor_msgs/lib:/home/hima/bachelors/rbkairos_ws/install/robotnik_perception_msgs/lib:/home/hima/bachelors/rbkairos_ws/install/robotnik_navigation_msgs/lib:/home/hima/bachelors/rbkairos_ws/install/robotnik_io_msgs/lib:/home/hima/bachelors/rbkairos_ws/install/robotnik_controllers_msgs/lib:/home/hima/bachelors/rbkairos_ws/install/robotnik_battery_msgs/lib:/home/hima/bachelors/rbkairos_ws/install/csm/lib:/usr/lib/x86_64-linux-gnu/gazebo-11/plugins:/opt/ros/humble/opt/rviz_ogre_vendor/lib:/opt/ros/humble/lib/x86_64-linux-gnu:/opt/ros/humble/lib /usr/bin/cmake --build /home/hima/bachelors/rbkairos_ws/build/robotnik_io_msgs -- -j16 -l16
[1.390s] Invoking command in '/home/hima/bachelors/rbkairos_ws/build/robotnik_io_msgs': CMAKE_PREFIX_PATH=/home/hima/bachelors/rbkairos_ws/install/robotnik_common_msgs:/home/hima/bachelors/rbkairos_ws/install/ros2_laser_scan_merger:/home/hima/bachelors/rbkairos_ws/install/ros2_laser_scan_matcher:/home/hima/bachelors/rbkairos_ws/install/robotnik_supervisor_msgs:/home/hima/bachelors/rbkairos_ws/install/robotnik_gazebo_ignition:/home/hima/bachelors/rbkairos_ws/install/robotnik_gazebo_classic:/home/hima/bachelors/rbkairos_ws/install/mapping:/home/hima/bachelors/rbkairos_ws/install/robotnik_description:/home/hima/bachelors/rbkairos_ws/install/robotnik_sensors:/home/hima/bachelors/rbkairos_ws/install/robotnik_interfaces:/home/hima/bachelors/rbkairos_ws/install/robotnik_safety_msgs:/home/hima/bachelors/rbkairos_ws/install/robotnik_perception_msgs:/home/hima/bachelors/rbkairos_ws/install/robotnik_navigation_msgs:/home/hima/bachelors/rbkairos_ws/install/robotnik_io_msgs:/home/hima/bachelors/rbkairos_ws/install/robotnik_controllers_msgs:/home/hima/bachelors/rbkairos_ws/install/robotnik_common:/home/hima/bachelors/rbkairos_ws/install/robotnik_battery_msgs:/home/hima/bachelors/rbkairos_ws/install/csm:/opt/ros/humble LD_LIBRARY_PATH=/home/hima/bachelors/rbkairos_ws/install/robotnik_common_msgs/lib:/home/hima/bachelors/rbkairos_ws/install/robotnik_supervisor_msgs/lib:/home/hima/bachelors/rbkairos_ws/install/robotnik_perception_msgs/lib:/home/hima/bachelors/rbkairos_ws/install/robotnik_navigation_msgs/lib:/home/hima/bachelors/rbkairos_ws/install/robotnik_io_msgs/lib:/home/hima/bachelors/rbkairos_ws/install/robotnik_controllers_msgs/lib:/home/hima/bachelors/rbkairos_ws/install/robotnik_battery_msgs/lib:/home/hima/bachelors/rbkairos_ws/install/csm/lib:/usr/lib/x86_64-linux-gnu/gazebo-11/plugins:/opt/ros/humble/opt/rviz_ogre_vendor/lib:/opt/ros/humble/lib/x86_64-linux-gnu:/opt/ros/humble/lib /usr/bin/cmake --install /home/hima/bachelors/rbkairos_ws/build/robotnik_io_msgs
[1.414s] -- Install configuration: ""
[1.414s] -- Up-to-date: /home/hima/bachelors/rbkairos_ws/install/robotnik_io_msgs/share/ament_index/resource_index/rosidl_interfaces/robotnik_io_msgs
[1.415s] -- Up-to-date: /home/hima/bachelors/rbkairos_ws/install/robotnik_io_msgs/include/robotnik_io_msgs/robotnik_io_msgs
[1.416s] -- Up-to-date: /home/hima/bachelors/rbkairos_ws/install/robotnik_io_msgs/include/robotnik_io_msgs/robotnik_io_msgs/srv
[1.417s] -- Up-to-date: /home/hima/bachelors/rbkairos_ws/install/robotnik_io_msgs/include/robotnik_io_msgs/robotnik_io_msgs/srv/get_registers.h
[1.417s] -- Up-to-date: /home/hima/bachelors/rbkairos_ws/install/robotnik_io_msgs/include/robotnik_io_msgs/robotnik_io_msgs/srv/set_analog_output.h
[1.418s] -- Up-to-date: /home/hima/bachelors/rbkairos_ws/install/robotnik_io_msgs/include/robotnik_io_msgs/robotnik_io_msgs/srv/set_digital_output_array.h
[1.418s] -- Up-to-date: /home/hima/bachelors/rbkairos_ws/install/robotnik_io_msgs/include/robotnik_io_msgs/robotnik_io_msgs/srv/set_analog_output_array.h
[1.418s] -- Up-to-date: /home/hima/bachelors/rbkairos_ws/install/robotnik_io_msgs/include/robotnik_io_msgs/robotnik_io_msgs/srv/set_registers.h
[1.418s] -- Up-to-date: /home/hima/bachelors/rbkairos_ws/install/robotnik_io_msgs/include/robotnik_io_msgs/robotnik_io_msgs/srv/detail
[1.418s] -- Up-to-date: /home/hima/bachelors/rbkairos_ws/install/robotnik_io_msgs/include/robotnik_io_msgs/robotnik_io_msgs/srv/detail/set_registers__functions.h
[1.418s] -- Up-to-date: /home/hima/bachelors/rbkairos_ws/install/robotnik_io_msgs/include/robotnik_io_msgs/robotnik_io_msgs/srv/detail/set_analog_output__functions.c
[1.418s] -- Up-to-date: /home/hima/bachelors/rbkairos_ws/install/robotnik_io_msgs/include/robotnik_io_msgs/robotnik_io_msgs/srv/detail/set_analog_output__type_support.h
[1.418s] -- Up-to-date: /home/hima/bachelors/rbkairos_ws/install/robotnik_io_msgs/include/robotnik_io_msgs/robotnik_io_msgs/srv/detail/get_registers__functions.c
[1.418s] -- Up-to-date: /home/hima/bachelors/rbkairos_ws/install/robotnik_io_msgs/include/robotnik_io_msgs/robotnik_io_msgs/srv/detail/set_analog_output__struct.h
[1.418s] -- Up-to-date: /home/hima/bachelors/rbkairos_ws/install/robotnik_io_msgs/include/robotnik_io_msgs/robotnik_io_msgs/srv/detail/set_digital_output__functions.h
[1.419s] -- Up-to-date: /home/hima/bachelors/rbkairos_ws/install/robotnik_io_msgs/include/robotnik_io_msgs/robotnik_io_msgs/srv/detail/set_digital_output__struct.h
[1.419s] -- Up-to-date: /home/hima/bachelors/rbkairos_ws/install/robotnik_io_msgs/include/robotnik_io_msgs/robotnik_io_msgs/srv/detail/set_registers__functions.c
[1.419s] -- Up-to-date: /home/hima/bachelors/rbkairos_ws/install/robotnik_io_msgs/include/robotnik_io_msgs/robotnik_io_msgs/srv/detail/set_analog_output__functions.h
[1.420s] -- Up-to-date: /home/hima/bachelors/rbkairos_ws/install/robotnik_io_msgs/include/robotnik_io_msgs/robotnik_io_msgs/srv/detail/get_registers__functions.h
[1.420s] -- Up-to-date: /home/hima/bachelors/rbkairos_ws/install/robotnik_io_msgs/include/robotnik_io_msgs/robotnik_io_msgs/srv/detail/set_analog_output_array__struct.h
[1.420s] -- Up-to-date: /home/hima/bachelors/rbkairos_ws/install/robotnik_io_msgs/include/robotnik_io_msgs/robotnik_io_msgs/srv/detail/set_analog_output_array__functions.h
[1.421s] -- Up-to-date: /home/hima/bachelors/rbkairos_ws/install/robotnik_io_msgs/include/robotnik_io_msgs/robotnik_io_msgs/srv/detail/get_registers__struct.h
[1.421s] -- Up-to-date: /home/hima/bachelors/rbkairos_ws/install/robotnik_io_msgs/include/robotnik_io_msgs/robotnik_io_msgs/srv/detail/set_analog_output_array__functions.c
[1.421s] -- Up-to-date: /home/hima/bachelors/rbkairos_ws/install/robotnik_io_msgs/include/robotnik_io_msgs/robotnik_io_msgs/srv/detail/set_digital_output_array__functions.c
[1.422s] -- Up-to-date: /home/hima/bachelors/rbkairos_ws/install/robotnik_io_msgs/include/robotnik_io_msgs/robotnik_io_msgs/srv/detail/get_registers__type_support.h
[1.423s] -- Up-to-date: /home/hima/bachelors/rbkairos_ws/install/robotnik_io_msgs/include/robotnik_io_msgs/robotnik_io_msgs/srv/detail/set_digital_output_array__type_support.h
[1.423s] -- Up-to-date: /home/hima/bachelors/rbkairos_ws/install/robotnik_io_msgs/include/robotnik_io_msgs/robotnik_io_msgs/srv/detail/set_registers__type_support.h
[1.424s] -- Up-to-date: /home/hima/bachelors/rbkairos_ws/install/robotnik_io_msgs/include/robotnik_io_msgs/robotnik_io_msgs/srv/detail/set_registers__struct.h
[1.424s] -- Up-to-date: /home/hima/bachelors/rbkairos_ws/install/robotnik_io_msgs/include/robotnik_io_msgs/robotnik_io_msgs/srv/detail/set_analog_output_array__type_support.h
[1.424s] -- Up-to-date: /home/hima/bachelors/rbkairos_ws/install/robotnik_io_msgs/include/robotnik_io_msgs/robotnik_io_msgs/srv/detail/set_digital_output_array__struct.h
[1.425s] -- Up-to-date: /home/hima/bachelors/rbkairos_ws/install/robotnik_io_msgs/include/robotnik_io_msgs/robotnik_io_msgs/srv/detail/set_digital_output_array__functions.h
[1.425s] -- Up-to-date: /home/hima/bachelors/rbkairos_ws/install/robotnik_io_msgs/include/robotnik_io_msgs/robotnik_io_msgs/srv/detail/set_digital_output__functions.c
[1.425s] -- Up-to-date: /home/hima/bachelors/rbkairos_ws/install/robotnik_io_msgs/include/robotnik_io_msgs/robotnik_io_msgs/srv/detail/set_digital_output__type_support.h
[1.426s] -- Up-to-date: /home/hima/bachelors/rbkairos_ws/install/robotnik_io_msgs/include/robotnik_io_msgs/robotnik_io_msgs/srv/set_digital_output.h
[1.426s] -- Up-to-date: /home/hima/bachelors/rbkairos_ws/install/robotnik_io_msgs/include/robotnik_io_msgs/robotnik_io_msgs/msg
[1.426s] -- Up-to-date: /home/hima/bachelors/rbkairos_ws/install/robotnik_io_msgs/include/robotnik_io_msgs/robotnik_io_msgs/msg/detail
[1.427s] -- Up-to-date: /home/hima/bachelors/rbkairos_ws/install/robotnik_io_msgs/include/robotnik_io_msgs/robotnik_io_msgs/msg/detail/register_array__struct.h
[1.427s] -- Up-to-date: /home/hima/bachelors/rbkairos_ws/install/robotnik_io_msgs/include/robotnik_io_msgs/robotnik_io_msgs/msg/detail/register_array__functions.c
[1.427s] -- Up-to-date: /home/hima/bachelors/rbkairos_ws/install/robotnik_io_msgs/include/robotnik_io_msgs/robotnik_io_msgs/msg/detail/inputs_outputs__type_support.h
[1.428s] -- Up-to-date: /home/hima/bachelors/rbkairos_ws/install/robotnik_io_msgs/include/robotnik_io_msgs/robotnik_io_msgs/msg/detail/register_array__type_support.h
[1.428s] -- Up-to-date: /home/hima/bachelors/rbkairos_ws/install/robotnik_io_msgs/include/robotnik_io_msgs/robotnik_io_msgs/msg/detail/register__type_support.h
[1.428s] -- Up-to-date: /home/hima/bachelors/rbkairos_ws/install/robotnik_io_msgs/include/robotnik_io_msgs/robotnik_io_msgs/msg/detail/analog_io__type_support.h
[1.429s] -- Up-to-date: /home/hima/bachelors/rbkairos_ws/install/robotnik_io_msgs/include/robotnik_io_msgs/robotnik_io_msgs/msg/detail/digital_io__functions.c
[1.429s] -- Up-to-date: /home/hima/bachelors/rbkairos_ws/install/robotnik_io_msgs/include/robotnik_io_msgs/robotnik_io_msgs/msg/detail/analog_io__functions.c
[1.429s] -- Up-to-date: /home/hima/bachelors/rbkairos_ws/install/robotnik_io_msgs/include/robotnik_io_msgs/robotnik_io_msgs/msg/detail/digital_io__struct.h
[1.429s] -- Up-to-date: /home/hima/bachelors/rbkairos_ws/install/robotnik_io_msgs/include/robotnik_io_msgs/robotnik_io_msgs/msg/detail/inputs_outputs__functions.h
[1.430s] -- Up-to-date: /home/hima/bachelors/rbkairos_ws/install/robotnik_io_msgs/include/robotnik_io_msgs/robotnik_io_msgs/msg/detail/register_array__functions.h
[1.430s] -- Up-to-date: /home/hima/bachelors/rbkairos_ws/install/robotnik_io_msgs/include/robotnik_io_msgs/robotnik_io_msgs/msg/detail/digital_io__functions.h
[1.430s] -- Up-to-date: /home/hima/bachelors/rbkairos_ws/install/robotnik_io_msgs/include/robotnik_io_msgs/robotnik_io_msgs/msg/detail/register__struct.h
[1.431s] -- Up-to-date: /home/hima/bachelors/rbkairos_ws/install/robotnik_io_msgs/include/robotnik_io_msgs/robotnik_io_msgs/msg/detail/analog_io__struct.h
[1.431s] -- Up-to-date: /home/hima/bachelors/rbkairos_ws/install/robotnik_io_msgs/include/robotnik_io_msgs/robotnik_io_msgs/msg/detail/register__functions.c
[1.431s] -- Up-to-date: /home/hima/bachelors/rbkairos_ws/install/robotnik_io_msgs/include/robotnik_io_msgs/robotnik_io_msgs/msg/detail/register__functions.h
[1.432s] -- Up-to-date: /home/hima/bachelors/rbkairos_ws/install/robotnik_io_msgs/include/robotnik_io_msgs/robotnik_io_msgs/msg/detail/inputs_outputs__struct.h
[1.432s] -- Up-to-date: /home/hima/bachelors/rbkairos_ws/install/robotnik_io_msgs/include/robotnik_io_msgs/robotnik_io_msgs/msg/detail/inputs_outputs__functions.c
[1.432s] -- Up-to-date: /home/hima/bachelors/rbkairos_ws/install/robotnik_io_msgs/include/robotnik_io_msgs/robotnik_io_msgs/msg/detail/analog_io__functions.h
[1.432s] -- Up-to-date: /home/hima/bachelors/rbkairos_ws/install/robotnik_io_msgs/include/robotnik_io_msgs/robotnik_io_msgs/msg/detail/digital_io__type_support.h
[1.433s] -- Up-to-date: /home/hima/bachelors/rbkairos_ws/install/robotnik_io_msgs/include/robotnik_io_msgs/robotnik_io_msgs/msg/register_array.h
[1.433s] -- Up-to-date: /home/hima/bachelors/rbkairos_ws/install/robotnik_io_msgs/include/robotnik_io_msgs/robotnik_io_msgs/msg/rosidl_generator_c__visibility_control.h
[1.433s] -- Up-to-date: /home/hima/bachelors/rbkairos_ws/install/robotnik_io_msgs/include/robotnik_io_msgs/robotnik_io_msgs/msg/digital_io.h
[1.434s] -- Up-to-date: /home/hima/bachelors/rbkairos_ws/install/robotnik_io_msgs/include/robotnik_io_msgs/robotnik_io_msgs/msg/inputs_outputs.h
[1.434s] -- Up-to-date: /home/hima/bachelors/rbkairos_ws/install/robotnik_io_msgs/include/robotnik_io_msgs/robotnik_io_msgs/msg/analog_io.h
[1.434s] -- Up-to-date: /home/hima/bachelors/rbkairos_ws/install/robotnik_io_msgs/include/robotnik_io_msgs/robotnik_io_msgs/msg/register.h
[1.435s] -- Up-to-date: /home/hima/bachelors/rbkairos_ws/install/robotnik_io_msgs/share/robotnik_io_msgs/environment/library_path.sh
[1.435s] -- Up-to-date: /home/hima/bachelors/rbkairos_ws/install/robotnik_io_msgs/share/robotnik_io_msgs/environment/library_path.dsv
[1.435s] -- Up-to-date: /home/hima/bachelors/rbkairos_ws/install/robotnik_io_msgs/lib/librobotnik_io_msgs__rosidl_generator_c.so
[1.436s] -- Up-to-date: /home/hima/bachelors/rbkairos_ws/install/robotnik_io_msgs/include/robotnik_io_msgs/robotnik_io_msgs
[1.436s] -- Up-to-date: /home/hima/bachelors/rbkairos_ws/install/robotnik_io_msgs/include/robotnik_io_msgs/robotnik_io_msgs/srv
[1.436s] -- Up-to-date: /home/hima/bachelors/rbkairos_ws/install/robotnik_io_msgs/include/robotnik_io_msgs/robotnik_io_msgs/srv/detail
[1.437s] -- Up-to-date: /home/hima/bachelors/rbkairos_ws/install/robotnik_io_msgs/include/robotnik_io_msgs/robotnik_io_msgs/srv/detail/set_registers__rosidl_typesupport_fastrtps_c.h
[1.437s] -- Up-to-date: /home/hima/bachelors/rbkairos_ws/install/robotnik_io_msgs/include/robotnik_io_msgs/robotnik_io_msgs/srv/detail/set_digital_output_array__rosidl_typesupport_fastrtps_c.h
[1.437s] -- Up-to-date: /home/hima/bachelors/rbkairos_ws/install/robotnik_io_msgs/include/robotnik_io_msgs/robotnik_io_msgs/srv/detail/set_digital_output__rosidl_typesupport_fastrtps_c.h
[1.437s] -- Up-to-date: /home/hima/bachelors/rbkairos_ws/install/robotnik_io_msgs/include/robotnik_io_msgs/robotnik_io_msgs/srv/detail/get_registers__rosidl_typesupport_fastrtps_c.h
[1.438s] -- Up-to-date: /home/hima/bachelors/rbkairos_ws/install/robotnik_io_msgs/include/robotnik_io_msgs/robotnik_io_msgs/srv/detail/set_analog_output_array__rosidl_typesupport_fastrtps_c.h
[1.438s] -- Up-to-date: /home/hima/bachelors/rbkairos_ws/install/robotnik_io_msgs/include/robotnik_io_msgs/robotnik_io_msgs/srv/detail/set_analog_output__rosidl_typesupport_fastrtps_c.h
[1.438s] -- Up-to-date: /home/hima/bachelors/rbkairos_ws/install/robotnik_io_msgs/include/robotnik_io_msgs/robotnik_io_msgs/msg
[1.439s] -- Up-to-date: /home/hima/bachelors/rbkairos_ws/install/robotnik_io_msgs/include/robotnik_io_msgs/robotnik_io_msgs/msg/rosidl_typesupport_fastrtps_c__visibility_control.h
[1.439s] -- Up-to-date: /home/hima/bachelors/rbkairos_ws/install/robotnik_io_msgs/include/robotnik_io_msgs/robotnik_io_msgs/msg/detail
[1.439s] -- Up-to-date: /home/hima/bachelors/rbkairos_ws/install/robotnik_io_msgs/include/robotnik_io_msgs/robotnik_io_msgs/msg/detail/inputs_outputs__rosidl_typesupport_fastrtps_c.h
[1.440s] -- Up-to-date: /home/hima/bachelors/rbkairos_ws/install/robotnik_io_msgs/include/robotnik_io_msgs/robotnik_io_msgs/msg/detail/analog_io__rosidl_typesupport_fastrtps_c.h
[1.440s] -- Up-to-date: /home/hima/bachelors/rbkairos_ws/install/robotnik_io_msgs/include/robotnik_io_msgs/robotnik_io_msgs/msg/detail/register_array__rosidl_typesupport_fastrtps_c.h
[1.441s] -- Up-to-date: /home/hima/bachelors/rbkairos_ws/install/robotnik_io_msgs/include/robotnik_io_msgs/robotnik_io_msgs/msg/detail/register__rosidl_typesupport_fastrtps_c.h
[1.441s] -- Up-to-date: /home/hima/bachelors/rbkairos_ws/install/robotnik_io_msgs/include/robotnik_io_msgs/robotnik_io_msgs/msg/detail/digital_io__rosidl_typesupport_fastrtps_c.h
[1.441s] -- Up-to-date: /home/hima/bachelors/rbkairos_ws/install/robotnik_io_msgs/lib/librobotnik_io_msgs__rosidl_typesupport_fastrtps_c.so
[1.442s] -- Up-to-date: /home/hima/bachelors/rbkairos_ws/install/robotnik_io_msgs/include/robotnik_io_msgs/robotnik_io_msgs
[1.442s] -- Up-to-date: /home/hima/bachelors/rbkairos_ws/install/robotnik_io_msgs/include/robotnik_io_msgs/robotnik_io_msgs/srv
[1.442s] -- Up-to-date: /home/hima/bachelors/rbkairos_ws/install/robotnik_io_msgs/include/robotnik_io_msgs/robotnik_io_msgs/srv/set_digital_output.hpp
[1.443s] -- Up-to-date: /home/hima/bachelors/rbkairos_ws/install/robotnik_io_msgs/include/robotnik_io_msgs/robotnik_io_msgs/srv/set_digital_output_array.hpp
[1.443s] -- Up-to-date: /home/hima/bachelors/rbkairos_ws/install/robotnik_io_msgs/include/robotnik_io_msgs/robotnik_io_msgs/srv/get_registers.hpp
[1.443s] -- Up-to-date: /home/hima/bachelors/rbkairos_ws/install/robotnik_io_msgs/include/robotnik_io_msgs/robotnik_io_msgs/srv/detail
[1.444s] -- Up-to-date: /home/hima/bachelors/rbkairos_ws/install/robotnik_io_msgs/include/robotnik_io_msgs/robotnik_io_msgs/srv/detail/get_registers__traits.hpp
[1.444s] -- Up-to-date: /home/hima/bachelors/rbkairos_ws/install/robotnik_io_msgs/include/robotnik_io_msgs/robotnik_io_msgs/srv/detail/set_digital_output_array__builder.hpp
[1.444s] -- Up-to-date: /home/hima/bachelors/rbkairos_ws/install/robotnik_io_msgs/include/robotnik_io_msgs/robotnik_io_msgs/srv/detail/set_analog_output__traits.hpp
[1.444s] -- Up-to-date: /home/hima/bachelors/rbkairos_ws/install/robotnik_io_msgs/include/robotnik_io_msgs/robotnik_io_msgs/srv/detail/set_analog_output_array__type_support.hpp
[1.445s] -- Up-to-date: /home/hima/bachelors/rbkairos_ws/install/robotnik_io_msgs/include/robotnik_io_msgs/robotnik_io_msgs/srv/detail/set_registers__struct.hpp
[1.445s] -- Up-to-date: /home/hima/bachelors/rbkairos_ws/install/robotnik_io_msgs/include/robotnik_io_msgs/robotnik_io_msgs/srv/detail/set_analog_output__type_support.hpp
[1.445s] -- Up-to-date: /home/hima/bachelors/rbkairos_ws/install/robotnik_io_msgs/include/robotnik_io_msgs/robotnik_io_msgs/srv/detail/set_registers__builder.hpp
[1.446s] -- Up-to-date: /home/hima/bachelors/rbkairos_ws/install/robotnik_io_msgs/include/robotnik_io_msgs/robotnik_io_msgs/srv/detail/set_digital_output__builder.hpp
[1.446s] -- Up-to-date: /home/hima/bachelors/rbkairos_ws/install/robotnik_io_msgs/include/robotnik_io_msgs/robotnik_io_msgs/srv/detail/set_analog_output__struct.hpp
[1.446s] -- Up-to-date: /home/hima/bachelors/rbkairos_ws/install/robotnik_io_msgs/include/robotnik_io_msgs/robotnik_io_msgs/srv/detail/set_digital_output_array__type_support.hpp
[1.447s] -- Up-to-date: /home/hima/bachelors/rbkairos_ws/install/robotnik_io_msgs/include/robotnik_io_msgs/robotnik_io_msgs/srv/detail/set_digital_output__traits.hpp
[1.447s] -- Up-to-date: /home/hima/bachelors/rbkairos_ws/install/robotnik_io_msgs/include/robotnik_io_msgs/robotnik_io_msgs/srv/detail/set_digital_output_array__struct.hpp
[1.447s] -- Up-to-date: /home/hima/bachelors/rbkairos_ws/install/robotnik_io_msgs/include/robotnik_io_msgs/robotnik_io_msgs/srv/detail/set_analog_output_array__struct.hpp
[1.448s] -- Up-to-date: /home/hima/bachelors/rbkairos_ws/install/robotnik_io_msgs/include/robotnik_io_msgs/robotnik_io_msgs/srv/detail/set_analog_output__builder.hpp
[1.448s] -- Up-to-date: /home/hima/bachelors/rbkairos_ws/install/robotnik_io_msgs/include/robotnik_io_msgs/robotnik_io_msgs/srv/detail/set_registers__type_support.hpp
[1.448s] -- Up-to-date: /home/hima/bachelors/rbkairos_ws/install/robotnik_io_msgs/include/robotnik_io_msgs/robotnik_io_msgs/srv/detail/set_registers__traits.hpp
[1.449s] -- Up-to-date: /home/hima/bachelors/rbkairos_ws/install/robotnik_io_msgs/include/robotnik_io_msgs/robotnik_io_msgs/srv/detail/set_digital_output__type_support.hpp
[1.449s] -- Up-to-date: /home/hima/bachelors/rbkairos_ws/install/robotnik_io_msgs/include/robotnik_io_msgs/robotnik_io_msgs/srv/detail/set_analog_output_array__builder.hpp
[1.449s] -- Up-to-date: /home/hima/bachelors/rbkairos_ws/install/robotnik_io_msgs/include/robotnik_io_msgs/robotnik_io_msgs/srv/detail/get_registers__type_support.hpp
[1.450s] -- Up-to-date: /home/hima/bachelors/rbkairos_ws/install/robotnik_io_msgs/include/robotnik_io_msgs/robotnik_io_msgs/srv/detail/set_analog_output_array__traits.hpp
[1.450s] -- Up-to-date: /home/hima/bachelors/rbkairos_ws/install/robotnik_io_msgs/include/robotnik_io_msgs/robotnik_io_msgs/srv/detail/set_digital_output__struct.hpp
[1.450s] -- Up-to-date: /home/hima/bachelors/rbkairos_ws/install/robotnik_io_msgs/include/robotnik_io_msgs/robotnik_io_msgs/srv/detail/get_registers__builder.hpp
[1.450s] -- Up-to-date: /home/hima/bachelors/rbkairos_ws/install/robotnik_io_msgs/include/robotnik_io_msgs/robotnik_io_msgs/srv/detail/get_registers__struct.hpp
[1.451s] -- Up-to-date: /home/hima/bachelors/rbkairos_ws/install/robotnik_io_msgs/include/robotnik_io_msgs/robotnik_io_msgs/srv/detail/set_digital_output_array__traits.hpp
[1.451s] -- Up-to-date: /home/hima/bachelors/rbkairos_ws/install/robotnik_io_msgs/include/robotnik_io_msgs/robotnik_io_msgs/srv/set_analog_output_array.hpp
[1.451s] -- Up-to-date: /home/hima/bachelors/rbkairos_ws/install/robotnik_io_msgs/include/robotnik_io_msgs/robotnik_io_msgs/srv/set_registers.hpp
[1.452s] -- Up-to-date: /home/hima/bachelors/rbkairos_ws/install/robotnik_io_msgs/include/robotnik_io_msgs/robotnik_io_msgs/srv/set_analog_output.hpp
[1.452s] -- Up-to-date: /home/hima/bachelors/rbkairos_ws/install/robotnik_io_msgs/include/robotnik_io_msgs/robotnik_io_msgs/msg
[1.452s] -- Up-to-date: /home/hima/bachelors/rbkairos_ws/install/robotnik_io_msgs/include/robotnik_io_msgs/robotnik_io_msgs/msg/register.hpp
[1.453s] -- Up-to-date: /home/hima/bachelors/rbkairos_ws/install/robotnik_io_msgs/include/robotnik_io_msgs/robotnik_io_msgs/msg/analog_io.hpp
[1.453s] -- Up-to-date: /home/hima/bachelors/rbkairos_ws/install/robotnik_io_msgs/include/robotnik_io_msgs/robotnik_io_msgs/msg/rosidl_generator_cpp__visibility_control.hpp
[1.453s] -- Up-to-date: /home/hima/bachelors/rbkairos_ws/install/robotnik_io_msgs/include/robotnik_io_msgs/robotnik_io_msgs/msg/inputs_outputs.hpp
[1.454s] -- Up-to-date: /home/hima/bachelors/rbkairos_ws/install/robotnik_io_msgs/include/robotnik_io_msgs/robotnik_io_msgs/msg/digital_io.hpp
[1.454s] -- Up-to-date: /home/hima/bachelors/rbkairos_ws/install/robotnik_io_msgs/include/robotnik_io_msgs/robotnik_io_msgs/msg/detail
[1.454s] -- Up-to-date: /home/hima/bachelors/rbkairos_ws/install/robotnik_io_msgs/include/robotnik_io_msgs/robotnik_io_msgs/msg/detail/digital_io__builder.hpp
[1.454s] -- Up-to-date: /home/hima/bachelors/rbkairos_ws/install/robotnik_io_msgs/include/robotnik_io_msgs/robotnik_io_msgs/msg/detail/analog_io__struct.hpp
[1.455s] -- Up-to-date: /home/hima/bachelors/rbkairos_ws/install/robotnik_io_msgs/include/robotnik_io_msgs/robotnik_io_msgs/msg/detail/inputs_outputs__traits.hpp
[1.455s] -- Up-to-date: /home/hima/bachelors/rbkairos_ws/install/robotnik_io_msgs/include/robotnik_io_msgs/robotnik_io_msgs/msg/detail/inputs_outputs__builder.hpp
[1.455s] -- Up-to-date: /home/hima/bachelors/rbkairos_ws/install/robotnik_io_msgs/include/robotnik_io_msgs/robotnik_io_msgs/msg/detail/register__traits.hpp
[1.456s] -- Up-to-date: /home/hima/bachelors/rbkairos_ws/install/robotnik_io_msgs/include/robotnik_io_msgs/robotnik_io_msgs/msg/detail/register__builder.hpp
[1.456s] -- Up-to-date: /home/hima/bachelors/rbkairos_ws/install/robotnik_io_msgs/include/robotnik_io_msgs/robotnik_io_msgs/msg/detail/analog_io__type_support.hpp
[1.456s] -- Up-to-date: /home/hima/bachelors/rbkairos_ws/install/robotnik_io_msgs/include/robotnik_io_msgs/robotnik_io_msgs/msg/detail/register__type_support.hpp
[1.457s] -- Up-to-date: /home/hima/bachelors/rbkairos_ws/install/robotnik_io_msgs/include/robotnik_io_msgs/robotnik_io_msgs/msg/detail/inputs_outputs__type_support.hpp
[1.457s] -- Up-to-date: /home/hima/bachelors/rbkairos_ws/install/robotnik_io_msgs/include/robotnik_io_msgs/robotnik_io_msgs/msg/detail/analog_io__traits.hpp
[1.457s] -- Up-to-date: /home/hima/bachelors/rbkairos_ws/install/robotnik_io_msgs/include/robotnik_io_msgs/robotnik_io_msgs/msg/detail/analog_io__builder.hpp
[1.458s] -- Up-to-date: /home/hima/bachelors/rbkairos_ws/install/robotnik_io_msgs/include/robotnik_io_msgs/robotnik_io_msgs/msg/detail/register_array__traits.hpp
[1.458s] -- Up-to-date: /home/hima/bachelors/rbkairos_ws/install/robotnik_io_msgs/include/robotnik_io_msgs/robotnik_io_msgs/msg/detail/digital_io__traits.hpp
[1.458s] -- Up-to-date: /home/hima/bachelors/rbkairos_ws/install/robotnik_io_msgs/include/robotnik_io_msgs/robotnik_io_msgs/msg/detail/register_array__type_support.hpp
[1.459s] -- Up-to-date: /home/hima/bachelors/rbkairos_ws/install/robotnik_io_msgs/include/robotnik_io_msgs/robotnik_io_msgs/msg/detail/inputs_outputs__struct.hpp
[1.459s] -- Up-to-date: /home/hima/bachelors/rbkairos_ws/install/robotnik_io_msgs/include/robotnik_io_msgs/robotnik_io_msgs/msg/detail/digital_io__struct.hpp
[1.459s] -- Up-to-date: /home/hima/bachelors/rbkairos_ws/install/robotnik_io_msgs/include/robotnik_io_msgs/robotnik_io_msgs/msg/detail/register_array__struct.hpp
[1.459s] -- Up-to-date: /home/hima/bachelors/rbkairos_ws/install/robotnik_io_msgs/include/robotnik_io_msgs/robotnik_io_msgs/msg/detail/register_array__builder.hpp
[1.460s] -- Up-to-date: /home/hima/bachelors/rbkairos_ws/install/robotnik_io_msgs/include/robotnik_io_msgs/robotnik_io_msgs/msg/detail/register__struct.hpp
[1.460s] -- Up-to-date: /home/hima/bachelors/rbkairos_ws/install/robotnik_io_msgs/include/robotnik_io_msgs/robotnik_io_msgs/msg/detail/digital_io__type_support.hpp
[1.460s] -- Up-to-date: /home/hima/bachelors/rbkairos_ws/install/robotnik_io_msgs/include/robotnik_io_msgs/robotnik_io_msgs/msg/register_array.hpp
[1.461s] -- Up-to-date: /home/hima/bachelors/rbkairos_ws/install/robotnik_io_msgs/include/robotnik_io_msgs/robotnik_io_msgs
[1.461s] -- Up-to-date: /home/hima/bachelors/rbkairos_ws/install/robotnik_io_msgs/include/robotnik_io_msgs/robotnik_io_msgs/srv
[1.461s] -- Up-to-date: /home/hima/bachelors/rbkairos_ws/install/robotnik_io_msgs/include/robotnik_io_msgs/robotnik_io_msgs/srv/detail
[1.462s] -- Up-to-date: /home/hima/bachelors/rbkairos_ws/install/robotnik_io_msgs/include/robotnik_io_msgs/robotnik_io_msgs/srv/detail/set_digital_output__rosidl_typesupport_fastrtps_cpp.hpp
[1.462s] -- Up-to-date: /home/hima/bachelors/rbkairos_ws/install/robotnik_io_msgs/include/robotnik_io_msgs/robotnik_io_msgs/srv/detail/set_analog_output_array__rosidl_typesupport_fastrtps_cpp.hpp
[1.462s] -- Up-to-date: /home/hima/bachelors/rbkairos_ws/install/robotnik_io_msgs/include/robotnik_io_msgs/robotnik_io_msgs/srv/detail/set_digital_output_array__rosidl_typesupport_fastrtps_cpp.hpp
[1.463s] -- Up-to-date: /home/hima/bachelors/rbkairos_ws/install/robotnik_io_msgs/include/robotnik_io_msgs/robotnik_io_msgs/srv/detail/set_analog_output__rosidl_typesupport_fastrtps_cpp.hpp
[1.463s] -- Up-to-date: /home/hima/bachelors/rbkairos_ws/install/robotnik_io_msgs/include/robotnik_io_msgs/robotnik_io_msgs/srv/detail/dds_fastrtps
[1.463s] -- Up-to-date: /home/hima/bachelors/rbkairos_ws/install/robotnik_io_msgs/include/robotnik_io_msgs/robotnik_io_msgs/srv/detail/set_registers__rosidl_typesupport_fastrtps_cpp.hpp
[1.463s] -- Up-to-date: /home/hima/bachelors/rbkairos_ws/install/robotnik_io_msgs/include/robotnik_io_msgs/robotnik_io_msgs/srv/detail/get_registers__rosidl_typesupport_fastrtps_cpp.hpp
[1.464s] -- Up-to-date: /home/hima/bachelors/rbkairos_ws/install/robotnik_io_msgs/include/robotnik_io_msgs/robotnik_io_msgs/msg
[1.464s] -- Up-to-date: /home/hima/bachelors/rbkairos_ws/install/robotnik_io_msgs/include/robotnik_io_msgs/robotnik_io_msgs/msg/rosidl_typesupport_fastrtps_cpp__visibility_control.h
[1.465s] -- Up-to-date: /home/hima/bachelors/rbkairos_ws/install/robotnik_io_msgs/include/robotnik_io_msgs/robotnik_io_msgs/msg/detail
[1.465s] -- Up-to-date: /home/hima/bachelors/rbkairos_ws/install/robotnik_io_msgs/include/robotnik_io_msgs/robotnik_io_msgs/msg/detail/digital_io__rosidl_typesupport_fastrtps_cpp.hpp
[1.465s] -- Up-to-date: /home/hima/bachelors/rbkairos_ws/install/robotnik_io_msgs/include/robotnik_io_msgs/robotnik_io_msgs/msg/detail/analog_io__rosidl_typesupport_fastrtps_cpp.hpp
[1.466s] -- Up-to-date: /home/hima/bachelors/rbkairos_ws/install/robotnik_io_msgs/include/robotnik_io_msgs/robotnik_io_msgs/msg/detail/inputs_outputs__rosidl_typesupport_fastrtps_cpp.hpp
[1.466s] -- Up-to-date: /home/hima/bachelors/rbkairos_ws/install/robotnik_io_msgs/include/robotnik_io_msgs/robotnik_io_msgs/msg/detail/register__rosidl_typesupport_fastrtps_cpp.hpp
[1.466s] -- Up-to-date: /home/hima/bachelors/rbkairos_ws/install/robotnik_io_msgs/include/robotnik_io_msgs/robotnik_io_msgs/msg/detail/dds_fastrtps
[1.467s] -- Up-to-date: /home/hima/bachelors/rbkairos_ws/install/robotnik_io_msgs/include/robotnik_io_msgs/robotnik_io_msgs/msg/detail/register_array__rosidl_typesupport_fastrtps_cpp.hpp
[1.467s] -- Up-to-date: /home/hima/bachelors/rbkairos_ws/install/robotnik_io_msgs/lib/librobotnik_io_msgs__rosidl_typesupport_fastrtps_cpp.so
[1.467s] -- Up-to-date: /home/hima/bachelors/rbkairos_ws/install/robotnik_io_msgs/include/robotnik_io_msgs/robotnik_io_msgs
[1.468s] -- Up-to-date: /home/hima/bachelors/rbkairos_ws/install/robotnik_io_msgs/include/robotnik_io_msgs/robotnik_io_msgs/srv
[1.468s] -- Up-to-date: /home/hima/bachelors/rbkairos_ws/install/robotnik_io_msgs/include/robotnik_io_msgs/robotnik_io_msgs/srv/detail
[1.468s] -- Up-to-date: /home/hima/bachelors/rbkairos_ws/install/robotnik_io_msgs/include/robotnik_io_msgs/robotnik_io_msgs/srv/detail/set_registers__rosidl_typesupport_introspection_c.h
[1.469s] -- Up-to-date: /home/hima/bachelors/rbkairos_ws/install/robotnik_io_msgs/include/robotnik_io_msgs/robotnik_io_msgs/srv/detail/set_analog_output_array__rosidl_typesupport_introspection_c.h
[1.469s] -- Up-to-date: /home/hima/bachelors/rbkairos_ws/install/robotnik_io_msgs/include/robotnik_io_msgs/robotnik_io_msgs/srv/detail/set_registers__type_support.c
[1.469s] -- Up-to-date: /home/hima/bachelors/rbkairos_ws/install/robotnik_io_msgs/include/robotnik_io_msgs/robotnik_io_msgs/srv/detail/set_digital_output__rosidl_typesupport_introspection_c.h
[1.470s] -- Up-to-date: /home/hima/bachelors/rbkairos_ws/install/robotnik_io_msgs/include/robotnik_io_msgs/robotnik_io_msgs/srv/detail/get_registers__type_support.c
[1.470s] -- Up-to-date: /home/hima/bachelors/rbkairos_ws/install/robotnik_io_msgs/include/robotnik_io_msgs/robotnik_io_msgs/srv/detail/get_registers__rosidl_typesupport_introspection_c.h
[1.470s] -- Up-to-date: /home/hima/bachelors/rbkairos_ws/install/robotnik_io_msgs/include/robotnik_io_msgs/robotnik_io_msgs/srv/detail/set_digital_output__type_support.c
[1.471s] -- Up-to-date: /home/hima/bachelors/rbkairos_ws/install/robotnik_io_msgs/include/robotnik_io_msgs/robotnik_io_msgs/srv/detail/set_digital_output_array__type_support.c
[1.471s] -- Up-to-date: /home/hima/bachelors/rbkairos_ws/install/robotnik_io_msgs/include/robotnik_io_msgs/robotnik_io_msgs/srv/detail/set_analog_output__type_support.c
[1.471s] -- Up-to-date: /home/hima/bachelors/rbkairos_ws/install/robotnik_io_msgs/include/robotnik_io_msgs/robotnik_io_msgs/srv/detail/set_digital_output_array__rosidl_typesupport_introspection_c.h
[1.472s] -- Up-to-date: /home/hima/bachelors/rbkairos_ws/install/robotnik_io_msgs/include/robotnik_io_msgs/robotnik_io_msgs/srv/detail/set_analog_output__rosidl_typesupport_introspection_c.h
[1.472s] -- Up-to-date: /home/hima/bachelors/rbkairos_ws/install/robotnik_io_msgs/include/robotnik_io_msgs/robotnik_io_msgs/srv/detail/set_analog_output_array__type_support.c
[1.472s] -- Up-to-date: /home/hima/bachelors/rbkairos_ws/install/robotnik_io_msgs/include/robotnik_io_msgs/robotnik_io_msgs/msg
[1.473s] -- Up-to-date: /home/hima/bachelors/rbkairos_ws/install/robotnik_io_msgs/include/robotnik_io_msgs/robotnik_io_msgs/msg/rosidl_typesupport_introspection_c__visibility_control.h
[1.473s] -- Up-to-date: /home/hima/bachelors/rbkairos_ws/install/robotnik_io_msgs/include/robotnik_io_msgs/robotnik_io_msgs/msg/detail
[1.473s] -- Up-to-date: /home/hima/bachelors/rbkairos_ws/install/robotnik_io_msgs/include/robotnik_io_msgs/robotnik_io_msgs/msg/detail/inputs_outputs__type_support.c
[1.474s] -- Up-to-date: /home/hima/bachelors/rbkairos_ws/install/robotnik_io_msgs/include/robotnik_io_msgs/robotnik_io_msgs/msg/detail/register__type_support.c
[1.474s] -- Up-to-date: /home/hima/bachelors/rbkairos_ws/install/robotnik_io_msgs/include/robotnik_io_msgs/robotnik_io_msgs/msg/detail/digital_io__type_support.c
[1.474s] -- Up-to-date: /home/hima/bachelors/rbkairos_ws/install/robotnik_io_msgs/include/robotnik_io_msgs/robotnik_io_msgs/msg/detail/register__rosidl_typesupport_introspection_c.h
[1.474s] -- Up-to-date: /home/hima/bachelors/rbkairos_ws/install/robotnik_io_msgs/include/robotnik_io_msgs/robotnik_io_msgs/msg/detail/register_array__rosidl_typesupport_introspection_c.h
[1.475s] -- Up-to-date: /home/hima/bachelors/rbkairos_ws/install/robotnik_io_msgs/include/robotnik_io_msgs/robotnik_io_msgs/msg/detail/digital_io__rosidl_typesupport_introspection_c.h
[1.475s] -- Up-to-date: /home/hima/bachelors/rbkairos_ws/install/robotnik_io_msgs/include/robotnik_io_msgs/robotnik_io_msgs/msg/detail/analog_io__rosidl_typesupport_introspection_c.h
[1.475s] -- Up-to-date: /home/hima/bachelors/rbkairos_ws/install/robotnik_io_msgs/include/robotnik_io_msgs/robotnik_io_msgs/msg/detail/register_array__type_support.c
[1.476s] -- Up-to-date: /home/hima/bachelors/rbkairos_ws/install/robotnik_io_msgs/include/robotnik_io_msgs/robotnik_io_msgs/msg/detail/inputs_outputs__rosidl_typesupport_introspection_c.h
[1.476s] -- Up-to-date: /home/hima/bachelors/rbkairos_ws/install/robotnik_io_msgs/include/robotnik_io_msgs/robotnik_io_msgs/msg/detail/analog_io__type_support.c
[1.476s] -- Up-to-date: /home/hima/bachelors/rbkairos_ws/install/robotnik_io_msgs/lib/librobotnik_io_msgs__rosidl_typesupport_introspection_c.so
[1.477s] -- Up-to-date: /home/hima/bachelors/rbkairos_ws/install/robotnik_io_msgs/lib/librobotnik_io_msgs__rosidl_typesupport_c.so
[1.477s] -- Up-to-date: /home/hima/bachelors/rbkairos_ws/install/robotnik_io_msgs/include/robotnik_io_msgs/robotnik_io_msgs
[1.477s] -- Up-to-date: /home/hima/bachelors/rbkairos_ws/install/robotnik_io_msgs/include/robotnik_io_msgs/robotnik_io_msgs/srv
[1.477s] -- Up-to-date: /home/hima/bachelors/rbkairos_ws/install/robotnik_io_msgs/include/robotnik_io_msgs/robotnik_io_msgs/srv/detail
[1.478s] -- Up-to-date: /home/hima/bachelors/rbkairos_ws/install/robotnik_io_msgs/include/robotnik_io_msgs/robotnik_io_msgs/srv/detail/get_registers__rosidl_typesupport_introspection_cpp.hpp
[1.478s] -- Up-to-date: /home/hima/bachelors/rbkairos_ws/install/robotnik_io_msgs/include/robotnik_io_msgs/robotnik_io_msgs/srv/detail/set_digital_output__rosidl_typesupport_introspection_cpp.hpp
[1.479s] -- Up-to-date: /home/hima/bachelors/rbkairos_ws/install/robotnik_io_msgs/include/robotnik_io_msgs/robotnik_io_msgs/srv/detail/set_analog_output_array__rosidl_typesupport_introspection_cpp.hpp
[1.479s] -- Up-to-date: /home/hima/bachelors/rbkairos_ws/install/robotnik_io_msgs/include/robotnik_io_msgs/robotnik_io_msgs/srv/detail/set_analog_output_array__type_support.cpp
[1.479s] -- Up-to-date: /home/hima/bachelors/rbkairos_ws/install/robotnik_io_msgs/include/robotnik_io_msgs/robotnik_io_msgs/srv/detail/get_registers__type_support.cpp
[1.479s] -- Up-to-date: /home/hima/bachelors/rbkairos_ws/install/robotnik_io_msgs/include/robotnik_io_msgs/robotnik_io_msgs/srv/detail/set_digital_output_array__rosidl_typesupport_introspection_cpp.hpp
[1.480s] -- Up-to-date: /home/hima/bachelors/rbkairos_ws/install/robotnik_io_msgs/include/robotnik_io_msgs/robotnik_io_msgs/srv/detail/set_analog_output__rosidl_typesupport_introspection_cpp.hpp
[1.480s] -- Up-to-date: /home/hima/bachelors/rbkairos_ws/install/robotnik_io_msgs/include/robotnik_io_msgs/robotnik_io_msgs/srv/detail/set_digital_output__type_support.cpp
[1.480s] -- Up-to-date: /home/hima/bachelors/rbkairos_ws/install/robotnik_io_msgs/include/robotnik_io_msgs/robotnik_io_msgs/srv/detail/set_registers__rosidl_typesupport_introspection_cpp.hpp
[1.481s] -- Up-to-date: /home/hima/bachelors/rbkairos_ws/install/robotnik_io_msgs/include/robotnik_io_msgs/robotnik_io_msgs/srv/detail/set_digital_output_array__type_support.cpp
[1.481s] -- Up-to-date: /home/hima/bachelors/rbkairos_ws/install/robotnik_io_msgs/include/robotnik_io_msgs/robotnik_io_msgs/srv/detail/set_analog_output__type_support.cpp
[1.481s] -- Up-to-date: /home/hima/bachelors/rbkairos_ws/install/robotnik_io_msgs/include/robotnik_io_msgs/robotnik_io_msgs/srv/detail/set_registers__type_support.cpp
[1.482s] -- Up-to-date: /home/hima/bachelors/rbkairos_ws/install/robotnik_io_msgs/include/robotnik_io_msgs/robotnik_io_msgs/msg
[1.482s] -- Up-to-date: /home/hima/bachelors/rbkairos_ws/install/robotnik_io_msgs/include/robotnik_io_msgs/robotnik_io_msgs/msg/detail
[1.482s] -- Up-to-date: /home/hima/bachelors/rbkairos_ws/install/robotnik_io_msgs/include/robotnik_io_msgs/robotnik_io_msgs/msg/detail/register__type_support.cpp
[1.482s] -- Up-to-date: /home/hima/bachelors/rbkairos_ws/install/robotnik_io_msgs/include/robotnik_io_msgs/robotnik_io_msgs/msg/detail/digital_io__rosidl_typesupport_introspection_cpp.hpp
[1.483s] -- Up-to-date: /home/hima/bachelors/rbkairos_ws/install/robotnik_io_msgs/include/robotnik_io_msgs/robotnik_io_msgs/msg/detail/inputs_outputs__rosidl_typesupport_introspection_cpp.hpp
[1.483s] -- Up-to-date: /home/hima/bachelors/rbkairos_ws/install/robotnik_io_msgs/include/robotnik_io_msgs/robotnik_io_msgs/msg/detail/analog_io__rosidl_typesupport_introspection_cpp.hpp
[1.483s] -- Up-to-date: /home/hima/bachelors/rbkairos_ws/install/robotnik_io_msgs/include/robotnik_io_msgs/robotnik_io_msgs/msg/detail/register__rosidl_typesupport_introspection_cpp.hpp
[1.484s] -- Up-to-date: /home/hima/bachelors/rbkairos_ws/install/robotnik_io_msgs/include/robotnik_io_msgs/robotnik_io_msgs/msg/detail/digital_io__type_support.cpp
[1.484s] -- Up-to-date: /home/hima/bachelors/rbkairos_ws/install/robotnik_io_msgs/include/robotnik_io_msgs/robotnik_io_msgs/msg/detail/register_array__rosidl_typesupport_introspection_cpp.hpp
[1.484s] -- Up-to-date: /home/hima/bachelors/rbkairos_ws/install/robotnik_io_msgs/include/robotnik_io_msgs/robotnik_io_msgs/msg/detail/inputs_outputs__type_support.cpp
[1.485s] -- Up-to-date: /home/hima/bachelors/rbkairos_ws/install/robotnik_io_msgs/include/robotnik_io_msgs/robotnik_io_msgs/msg/detail/register_array__type_support.cpp
[1.485s] -- Up-to-date: /home/hima/bachelors/rbkairos_ws/install/robotnik_io_msgs/include/robotnik_io_msgs/robotnik_io_msgs/msg/detail/analog_io__type_support.cpp
[1.485s] -- Up-to-date: /home/hima/bachelors/rbkairos_ws/install/robotnik_io_msgs/lib/librobotnik_io_msgs__rosidl_typesupport_introspection_cpp.so
[1.485s] -- Up-to-date: /home/hima/bachelors/rbkairos_ws/install/robotnik_io_msgs/lib/librobotnik_io_msgs__rosidl_typesupport_cpp.so
[1.486s] -- Up-to-date: /home/hima/bachelors/rbkairos_ws/install/robotnik_io_msgs/share/robotnik_io_msgs/environment/pythonpath.sh
[1.486s] -- Up-to-date: /home/hima/bachelors/rbkairos_ws/install/robotnik_io_msgs/share/robotnik_io_msgs/environment/pythonpath.dsv
[1.486s] -- Up-to-date: /home/hima/bachelors/rbkairos_ws/install/robotnik_io_msgs/local/lib/python3.10/dist-packages/robotnik_io_msgs-1.0.0-py3.10.egg-info
[1.487s] -- Installing: /home/hima/bachelors/rbkairos_ws/install/robotnik_io_msgs/local/lib/python3.10/dist-packages/robotnik_io_msgs-1.0.0-py3.10.egg-info/top_level.txt
[1.487s] -- Installing: /home/hima/bachelors/rbkairos_ws/install/robotnik_io_msgs/local/lib/python3.10/dist-packages/robotnik_io_msgs-1.0.0-py3.10.egg-info/PKG-INFO
[1.487s] -- Installing: /home/hima/bachelors/rbkairos_ws/install/robotnik_io_msgs/local/lib/python3.10/dist-packages/robotnik_io_msgs-1.0.0-py3.10.egg-info/SOURCES.txt
[1.488s] -- Installing: /home/hima/bachelors/rbkairos_ws/install/robotnik_io_msgs/local/lib/python3.10/dist-packages/robotnik_io_msgs-1.0.0-py3.10.egg-info/dependency_links.txt
[1.488s] -- Up-to-date: /home/hima/bachelors/rbkairos_ws/install/robotnik_io_msgs/local/lib/python3.10/dist-packages/robotnik_io_msgs
[1.488s] -- Up-to-date: /home/hima/bachelors/rbkairos_ws/install/robotnik_io_msgs/local/lib/python3.10/dist-packages/robotnik_io_msgs/robotnik_io_msgs_s__rosidl_typesupport_fastrtps_c.cpython-310-x86_64-linux-gnu.so
[1.488s] -- Up-to-date: /home/hima/bachelors/rbkairos_ws/install/robotnik_io_msgs/local/lib/python3.10/dist-packages/robotnik_io_msgs/_robotnik_io_msgs_s.ep.rosidl_typesupport_fastrtps_c.c
[1.489s] -- Up-to-date: /home/hima/bachelors/rbkairos_ws/install/robotnik_io_msgs/local/lib/python3.10/dist-packages/robotnik_io_msgs/srv
[1.489s] -- Up-to-date: /home/hima/bachelors/rbkairos_ws/install/robotnik_io_msgs/local/lib/python3.10/dist-packages/robotnik_io_msgs/srv/_set_digital_output.py
[1.489s] -- Up-to-date: /home/hima/bachelors/rbkairos_ws/install/robotnik_io_msgs/local/lib/python3.10/dist-packages/robotnik_io_msgs/srv/_get_registers.py
[1.490s] -- Up-to-date: /home/hima/bachelors/rbkairos_ws/install/robotnik_io_msgs/local/lib/python3.10/dist-packages/robotnik_io_msgs/srv/_set_registers.py
[1.490s] -- Up-to-date: /home/hima/bachelors/rbkairos_ws/install/robotnik_io_msgs/local/lib/python3.10/dist-packages/robotnik_io_msgs/srv/_set_digital_output_array_s.c
[1.490s] -- Up-to-date: /home/hima/bachelors/rbkairos_ws/install/robotnik_io_msgs/local/lib/python3.10/dist-packages/robotnik_io_msgs/srv/__init__.py
[1.491s] -- Up-to-date: /home/hima/bachelors/rbkairos_ws/install/robotnik_io_msgs/local/lib/python3.10/dist-packages/robotnik_io_msgs/srv/_set_registers_s.c
[1.491s] -- Up-to-date: /home/hima/bachelors/rbkairos_ws/install/robotnik_io_msgs/local/lib/python3.10/dist-packages/robotnik_io_msgs/srv/_set_digital_output_array.py
[1.491s] -- Up-to-date: /home/hima/bachelors/rbkairos_ws/install/robotnik_io_msgs/local/lib/python3.10/dist-packages/robotnik_io_msgs/srv/_set_analog_output.py
[1.491s] -- Up-to-date: /home/hima/bachelors/rbkairos_ws/install/robotnik_io_msgs/local/lib/python3.10/dist-packages/robotnik_io_msgs/srv/_set_analog_output_array.py
[1.491s] -- Up-to-date: /home/hima/bachelors/rbkairos_ws/install/robotnik_io_msgs/local/lib/python3.10/dist-packages/robotnik_io_msgs/srv/_set_analog_output_array_s.c
[1.491s] -- Up-to-date: /home/hima/bachelors/rbkairos_ws/install/robotnik_io_msgs/local/lib/python3.10/dist-packages/robotnik_io_msgs/srv/_set_digital_output_s.c
[1.492s] -- Up-to-date: /home/hima/bachelors/rbkairos_ws/install/robotnik_io_msgs/local/lib/python3.10/dist-packages/robotnik_io_msgs/srv/_set_analog_output_s.c
[1.492s] -- Up-to-date: /home/hima/bachelors/rbkairos_ws/install/robotnik_io_msgs/local/lib/python3.10/dist-packages/robotnik_io_msgs/srv/_get_registers_s.c
[1.492s] -- Up-to-date: /home/hima/bachelors/rbkairos_ws/install/robotnik_io_msgs/local/lib/python3.10/dist-packages/robotnik_io_msgs/_robotnik_io_msgs_s.ep.rosidl_typesupport_introspection_c.c
[1.492s] -- Up-to-date: /home/hima/bachelors/rbkairos_ws/install/robotnik_io_msgs/local/lib/python3.10/dist-packages/robotnik_io_msgs/robotnik_io_msgs_s__rosidl_typesupport_introspection_c.cpython-310-x86_64-linux-gnu.so
[1.492s] -- Up-to-date: /home/hima/bachelors/rbkairos_ws/install/robotnik_io_msgs/local/lib/python3.10/dist-packages/robotnik_io_msgs/msg
[1.492s] -- Up-to-date: /home/hima/bachelors/rbkairos_ws/install/robotnik_io_msgs/local/lib/python3.10/dist-packages/robotnik_io_msgs/msg/_digital_io_s.c
[1.492s] -- Up-to-date: /home/hima/bachelors/rbkairos_ws/install/robotnik_io_msgs/local/lib/python3.10/dist-packages/robotnik_io_msgs/msg/_register_s.c
[1.492s] -- Up-to-date: /home/hima/bachelors/rbkairos_ws/install/robotnik_io_msgs/local/lib/python3.10/dist-packages/robotnik_io_msgs/msg/_analog_io_s.c
[1.492s] -- Up-to-date: /home/hima/bachelors/rbkairos_ws/install/robotnik_io_msgs/local/lib/python3.10/dist-packages/robotnik_io_msgs/msg/__init__.py
[1.492s] -- Up-to-date: /home/hima/bachelors/rbkairos_ws/install/robotnik_io_msgs/local/lib/python3.10/dist-packages/robotnik_io_msgs/msg/_inputs_outputs_s.c
[1.492s] -- Up-to-date: /home/hima/bachelors/rbkairos_ws/install/robotnik_io_msgs/local/lib/python3.10/dist-packages/robotnik_io_msgs/msg/_register_array_s.c
[1.492s] -- Up-to-date: /home/hima/bachelors/rbkairos_ws/install/robotnik_io_msgs/local/lib/python3.10/dist-packages/robotnik_io_msgs/msg/_analog_io.py
[1.492s] -- Up-to-date: /home/hima/bachelors/rbkairos_ws/install/robotnik_io_msgs/local/lib/python3.10/dist-packages/robotnik_io_msgs/msg/_register_array.py
[1.492s] -- Up-to-date: /home/hima/bachelors/rbkairos_ws/install/robotnik_io_msgs/local/lib/python3.10/dist-packages/robotnik_io_msgs/msg/_digital_io.py
[1.492s] -- Up-to-date: /home/hima/bachelors/rbkairos_ws/install/robotnik_io_msgs/local/lib/python3.10/dist-packages/robotnik_io_msgs/msg/_register.py
[1.492s] -- Up-to-date: /home/hima/bachelors/rbkairos_ws/install/robotnik_io_msgs/local/lib/python3.10/dist-packages/robotnik_io_msgs/msg/_inputs_outputs.py
[1.493s] -- Up-to-date: /home/hima/bachelors/rbkairos_ws/install/robotnik_io_msgs/local/lib/python3.10/dist-packages/robotnik_io_msgs/robotnik_io_msgs_s__rosidl_typesupport_c.cpython-310-x86_64-linux-gnu.so
[1.493s] -- Up-to-date: /home/hima/bachelors/rbkairos_ws/install/robotnik_io_msgs/local/lib/python3.10/dist-packages/robotnik_io_msgs/__init__.py
[1.493s] -- Up-to-date: /home/hima/bachelors/rbkairos_ws/install/robotnik_io_msgs/local/lib/python3.10/dist-packages/robotnik_io_msgs/librobotnik_io_msgs__rosidl_generator_py.so
[1.493s] -- Up-to-date: /home/hima/bachelors/rbkairos_ws/install/robotnik_io_msgs/local/lib/python3.10/dist-packages/robotnik_io_msgs/_robotnik_io_msgs_s.ep.rosidl_typesupport_c.c
[1.544s] Listing '/home/hima/bachelors/rbkairos_ws/install/robotnik_io_msgs/local/lib/python3.10/dist-packages/robotnik_io_msgs'...
[1.544s] Listing '/home/hima/bachelors/rbkairos_ws/install/robotnik_io_msgs/local/lib/python3.10/dist-packages/robotnik_io_msgs/msg'...
[1.544s] Listing '/home/hima/bachelors/rbkairos_ws/install/robotnik_io_msgs/local/lib/python3.10/dist-packages/robotnik_io_msgs/srv'...
[1.562s] -- Up-to-date: /home/hima/bachelors/rbkairos_ws/install/robotnik_io_msgs/local/lib/python3.10/dist-packages/robotnik_io_msgs/robotnik_io_msgs_s__rosidl_typesupport_fastrtps_c.cpython-310-x86_64-linux-gnu.so
[1.563s] -- Up-to-date: /home/hima/bachelors/rbkairos_ws/install/robotnik_io_msgs/local/lib/python3.10/dist-packages/robotnik_io_msgs/robotnik_io_msgs_s__rosidl_typesupport_introspection_c.cpython-310-x86_64-linux-gnu.so
[1.565s] -- Up-to-date: /home/hima/bachelors/rbkairos_ws/install/robotnik_io_msgs/local/lib/python3.10/dist-packages/robotnik_io_msgs/robotnik_io_msgs_s__rosidl_typesupport_c.cpython-310-x86_64-linux-gnu.so
[1.566s] -- Up-to-date: /home/hima/bachelors/rbkairos_ws/install/robotnik_io_msgs/lib/librobotnik_io_msgs__rosidl_generator_py.so
[1.567s] -- Up-to-date: /home/hima/bachelors/rbkairos_ws/install/robotnik_io_msgs/share/robotnik_io_msgs/msg/AnalogIO.idl
[1.567s] -- Up-to-date: /home/hima/bachelors/rbkairos_ws/install/robotnik_io_msgs/share/robotnik_io_msgs/msg/DigitalIO.idl
[1.568s] -- Up-to-date: /home/hima/bachelors/rbkairos_ws/install/robotnik_io_msgs/share/robotnik_io_msgs/msg/InputsOutputs.idl
[1.568s] -- Up-to-date: /home/hima/bachelors/rbkairos_ws/install/robotnik_io_msgs/share/robotnik_io_msgs/msg/RegisterArray.idl
[1.569s] -- Up-to-date: /home/hima/bachelors/rbkairos_ws/install/robotnik_io_msgs/share/robotnik_io_msgs/msg/Register.idl
[1.569s] -- Up-to-date: /home/hima/bachelors/rbkairos_ws/install/robotnik_io_msgs/share/robotnik_io_msgs/srv/GetRegisters.idl
[1.569s] -- Up-to-date: /home/hima/bachelors/rbkairos_ws/install/robotnik_io_msgs/share/robotnik_io_msgs/srv/SetAnalogOutput.idl
[1.569s] -- Up-to-date: /home/hima/bachelors/rbkairos_ws/install/robotnik_io_msgs/share/robotnik_io_msgs/srv/SetAnalogOutputArray.idl
[1.569s] -- Up-to-date: /home/hima/bachelors/rbkairos_ws/install/robotnik_io_msgs/share/robotnik_io_msgs/srv/SetDigitalOutput.idl
[1.570s] -- Up-to-date: /home/hima/bachelors/rbkairos_ws/install/robotnik_io_msgs/share/robotnik_io_msgs/srv/SetDigitalOutputArray.idl
[1.570s] -- Up-to-date: /home/hima/bachelors/rbkairos_ws/install/robotnik_io_msgs/share/robotnik_io_msgs/srv/SetRegisters.idl
[1.570s] -- Up-to-date: /home/hima/bachelors/rbkairos_ws/install/robotnik_io_msgs/share/robotnik_io_msgs/msg/AnalogIO.msg
[1.570s] -- Up-to-date: /home/hima/bachelors/rbkairos_ws/install/robotnik_io_msgs/share/robotnik_io_msgs/msg/DigitalIO.msg
[1.570s] -- Up-to-date: /home/hima/bachelors/rbkairos_ws/install/robotnik_io_msgs/share/robotnik_io_msgs/msg/InputsOutputs.msg
[1.570s] -- Up-to-date: /home/hima/bachelors/rbkairos_ws/install/robotnik_io_msgs/share/robotnik_io_msgs/msg/RegisterArray.msg
[1.570s] -- Up-to-date: /home/hima/bachelors/rbkairos_ws/install/robotnik_io_msgs/share/robotnik_io_msgs/msg/Register.msg
[1.570s] -- Up-to-date: /home/hima/bachelors/rbkairos_ws/install/robotnik_io_msgs/share/robotnik_io_msgs/srv/GetRegisters.srv
[1.570s] -- Up-to-date: /home/hima/bachelors/rbkairos_ws/install/robotnik_io_msgs/share/robotnik_io_msgs/srv/GetRegisters_Request.msg
[1.571s] -- Up-to-date: /home/hima/bachelors/rbkairos_ws/install/robotnik_io_msgs/share/robotnik_io_msgs/srv/GetRegisters_Response.msg
[1.571s] -- Up-to-date: /home/hima/bachelors/rbkairos_ws/install/robotnik_io_msgs/share/robotnik_io_msgs/srv/SetAnalogOutput.srv
[1.571s] -- Up-to-date: /home/hima/bachelors/rbkairos_ws/install/robotnik_io_msgs/share/robotnik_io_msgs/srv/SetAnalogOutput_Request.msg
[1.571s] -- Up-to-date: /home/hima/bachelors/rbkairos_ws/install/robotnik_io_msgs/share/robotnik_io_msgs/srv/SetAnalogOutput_Response.msg
[1.571s] -- Up-to-date: /home/hima/bachelors/rbkairos_ws/install/robotnik_io_msgs/share/robotnik_io_msgs/srv/SetAnalogOutputArray.srv
[1.571s] -- Up-to-date: /home/hima/bachelors/rbkairos_ws/install/robotnik_io_msgs/share/robotnik_io_msgs/srv/SetAnalogOutputArray_Request.msg
[1.572s] -- Up-to-date: /home/hima/bachelors/rbkairos_ws/install/robotnik_io_msgs/share/robotnik_io_msgs/srv/SetAnalogOutputArray_Response.msg
[1.572s] -- Up-to-date: /home/hima/bachelors/rbkairos_ws/install/robotnik_io_msgs/share/robotnik_io_msgs/srv/SetDigitalOutput.srv
[1.572s] -- Up-to-date: /home/hima/bachelors/rbkairos_ws/install/robotnik_io_msgs/share/robotnik_io_msgs/srv/SetDigitalOutput_Request.msg
[1.573s] -- Up-to-date: /home/hima/bachelors/rbkairos_ws/install/robotnik_io_msgs/share/robotnik_io_msgs/srv/SetDigitalOutput_Response.msg
[1.573s] -- Up-to-date: /home/hima/bachelors/rbkairos_ws/install/robotnik_io_msgs/share/robotnik_io_msgs/srv/SetDigitalOutputArray.srv
[1.574s] -- Up-to-date: /home/hima/bachelors/rbkairos_ws/install/robotnik_io_msgs/share/robotnik_io_msgs/srv/SetDigitalOutputArray_Request.msg
[1.574s] -- Up-to-date: /home/hima/bachelors/rbkairos_ws/install/robotnik_io_msgs/share/robotnik_io_msgs/srv/SetDigitalOutputArray_Response.msg
[1.574s] -- Up-to-date: /home/hima/bachelors/rbkairos_ws/install/robotnik_io_msgs/share/robotnik_io_msgs/srv/SetRegisters.srv
[1.575s] -- Up-to-date: /home/hima/bachelors/rbkairos_ws/install/robotnik_io_msgs/share/robotnik_io_msgs/srv/SetRegisters_Request.msg
[1.575s] -- Up-to-date: /home/hima/bachelors/rbkairos_ws/install/robotnik_io_msgs/share/robotnik_io_msgs/srv/SetRegisters_Response.msg
[1.576s] -- Up-to-date: /home/hima/bachelors/rbkairos_ws/install/robotnik_io_msgs/share/ament_index/resource_index/package_run_dependencies/robotnik_io_msgs
[1.576s] -- Up-to-date: /home/hima/bachelors/rbkairos_ws/install/robotnik_io_msgs/share/ament_index/resource_index/parent_prefix_path/robotnik_io_msgs
[1.577s] -- Up-to-date: /home/hima/bachelors/rbkairos_ws/install/robotnik_io_msgs/share/robotnik_io_msgs/environment/ament_prefix_path.sh
[1.577s] -- Up-to-date: /home/hima/bachelors/rbkairos_ws/install/robotnik_io_msgs/share/robotnik_io_msgs/environment/ament_prefix_path.dsv
[1.577s] -- Up-to-date: /home/hima/bachelors/rbkairos_ws/install/robotnik_io_msgs/share/robotnik_io_msgs/environment/path.sh
[1.578s] -- Up-to-date: /home/hima/bachelors/rbkairos_ws/install/robotnik_io_msgs/share/robotnik_io_msgs/environment/path.dsv
[1.578s] -- Up-to-date: /home/hima/bachelors/rbkairos_ws/install/robotnik_io_msgs/share/robotnik_io_msgs/local_setup.bash
[1.578s] -- Up-to-date: /home/hima/bachelors/rbkairos_ws/install/robotnik_io_msgs/share/robotnik_io_msgs/local_setup.sh
[1.579s] -- Up-to-date: /home/hima/bachelors/rbkairos_ws/install/robotnik_io_msgs/share/robotnik_io_msgs/local_setup.zsh
[1.579s] -- Up-to-date: /home/hima/bachelors/rbkairos_ws/install/robotnik_io_msgs/share/robotnik_io_msgs/local_setup.dsv
[1.579s] -- Installing: /home/hima/bachelors/rbkairos_ws/install/robotnik_io_msgs/share/robotnik_io_msgs/package.dsv
[1.579s] -- Up-to-date: /home/hima/bachelors/rbkairos_ws/install/robotnik_io_msgs/share/ament_index/resource_index/packages/robotnik_io_msgs
[1.579s] -- Up-to-date: /home/hima/bachelors/rbkairos_ws/install/robotnik_io_msgs/share/robotnik_io_msgs/cmake/export_robotnik_io_msgs__rosidl_generator_cExport.cmake
[1.579s] -- Up-to-date: /home/hima/bachelors/rbkairos_ws/install/robotnik_io_msgs/share/robotnik_io_msgs/cmake/export_robotnik_io_msgs__rosidl_generator_cExport-noconfig.cmake
[1.579s] -- Up-to-date: /home/hima/bachelors/rbkairos_ws/install/robotnik_io_msgs/share/robotnik_io_msgs/cmake/export_robotnik_io_msgs__rosidl_typesupport_fastrtps_cExport.cmake
[1.579s] -- Up-to-date: /home/hima/bachelors/rbkairos_ws/install/robotnik_io_msgs/share/robotnik_io_msgs/cmake/export_robotnik_io_msgs__rosidl_typesupport_fastrtps_cExport-noconfig.cmake
[1.579s] -- Up-to-date: /home/hima/bachelors/rbkairos_ws/install/robotnik_io_msgs/share/robotnik_io_msgs/cmake/export_robotnik_io_msgs__rosidl_generator_cppExport.cmake
[1.580s] -- Up-to-date: /home/hima/bachelors/rbkairos_ws/install/robotnik_io_msgs/share/robotnik_io_msgs/cmake/export_robotnik_io_msgs__rosidl_typesupport_fastrtps_cppExport.cmake
[1.580s] -- Up-to-date: /home/hima/bachelors/rbkairos_ws/install/robotnik_io_msgs/share/robotnik_io_msgs/cmake/export_robotnik_io_msgs__rosidl_typesupport_fastrtps_cppExport-noconfig.cmake
[1.581s] -- Up-to-date: /home/hima/bachelors/rbkairos_ws/install/robotnik_io_msgs/share/robotnik_io_msgs/cmake/robotnik_io_msgs__rosidl_typesupport_introspection_cExport.cmake
[1.581s] -- Up-to-date: /home/hima/bachelors/rbkairos_ws/install/robotnik_io_msgs/share/robotnik_io_msgs/cmake/robotnik_io_msgs__rosidl_typesupport_introspection_cExport-noconfig.cmake
[1.581s] -- Up-to-date: /home/hima/bachelors/rbkairos_ws/install/robotnik_io_msgs/share/robotnik_io_msgs/cmake/robotnik_io_msgs__rosidl_typesupport_cExport.cmake
[1.582s] -- Up-to-date: /home/hima/bachelors/rbkairos_ws/install/robotnik_io_msgs/share/robotnik_io_msgs/cmake/robotnik_io_msgs__rosidl_typesupport_cExport-noconfig.cmake
[1.582s] -- Up-to-date: /home/hima/bachelors/rbkairos_ws/install/robotnik_io_msgs/share/robotnik_io_msgs/cmake/robotnik_io_msgs__rosidl_typesupport_introspection_cppExport.cmake
[1.582s] -- Up-to-date: /home/hima/bachelors/rbkairos_ws/install/robotnik_io_msgs/share/robotnik_io_msgs/cmake/robotnik_io_msgs__rosidl_typesupport_introspection_cppExport-noconfig.cmake
[1.583s] -- Up-to-date: /home/hima/bachelors/rbkairos_ws/install/robotnik_io_msgs/share/robotnik_io_msgs/cmake/robotnik_io_msgs__rosidl_typesupport_cppExport.cmake
[1.584s] -- Up-to-date: /home/hima/bachelors/rbkairos_ws/install/robotnik_io_msgs/share/robotnik_io_msgs/cmake/robotnik_io_msgs__rosidl_typesupport_cppExport-noconfig.cmake
[1.584s] -- Up-to-date: /home/hima/bachelors/rbkairos_ws/install/robotnik_io_msgs/share/robotnik_io_msgs/cmake/export_robotnik_io_msgs__rosidl_generator_pyExport.cmake
[1.585s] -- Up-to-date: /home/hima/bachelors/rbkairos_ws/install/robotnik_io_msgs/share/robotnik_io_msgs/cmake/export_robotnik_io_msgs__rosidl_generator_pyExport-noconfig.cmake
[1.585s] -- Up-to-date: /home/hima/bachelors/rbkairos_ws/install/robotnik_io_msgs/share/robotnik_io_msgs/cmake/rosidl_cmake-extras.cmake
[1.585s] -- Up-to-date: /home/hima/bachelors/rbkairos_ws/install/robotnik_io_msgs/share/robotnik_io_msgs/cmake/ament_cmake_export_dependencies-extras.cmake
[1.585s] -- Up-to-date: /home/hima/bachelors/rbkairos_ws/install/robotnik_io_msgs/share/robotnik_io_msgs/cmake/ament_cmake_export_include_directories-extras.cmake
[1.586s] -- Up-to-date: /home/hima/bachelors/rbkairos_ws/install/robotnik_io_msgs/share/robotnik_io_msgs/cmake/ament_cmake_export_libraries-extras.cmake
[1.586s] -- Up-to-date: /home/hima/bachelors/rbkairos_ws/install/robotnik_io_msgs/share/robotnik_io_msgs/cmake/ament_cmake_export_targets-extras.cmake
[1.586s] -- Up-to-date: /home/hima/bachelors/rbkairos_ws/install/robotnik_io_msgs/share/robotnik_io_msgs/cmake/rosidl_cmake_export_typesupport_targets-extras.cmake
[1.586s] -- Up-to-date: /home/hima/bachelors/rbkairos_ws/install/robotnik_io_msgs/share/robotnik_io_msgs/cmake/rosidl_cmake_export_typesupport_libraries-extras.cmake
[1.586s] -- Up-to-date: /home/hima/bachelors/rbkairos_ws/install/robotnik_io_msgs/share/robotnik_io_msgs/cmake/robotnik_io_msgsConfig.cmake
[1.586s] -- Up-to-date: /home/hima/bachelors/rbkairos_ws/install/robotnik_io_msgs/share/robotnik_io_msgs/cmake/robotnik_io_msgsConfig-version.cmake
[1.586s] -- Up-to-date: /home/hima/bachelors/rbkairos_ws/install/robotnik_io_msgs/share/robotnik_io_msgs/package.xml
[1.592s] Invoked command in '/home/hima/bachelors/rbkairos_ws/build/robotnik_io_msgs' returned '0': CMAKE_PREFIX_PATH=/home/hima/bachelors/rbkairos_ws/install/robotnik_common_msgs:/home/hima/bachelors/rbkairos_ws/install/ros2_laser_scan_merger:/home/hima/bachelors/rbkairos_ws/install/ros2_laser_scan_matcher:/home/hima/bachelors/rbkairos_ws/install/robotnik_supervisor_msgs:/home/hima/bachelors/rbkairos_ws/install/robotnik_gazebo_ignition:/home/hima/bachelors/rbkairos_ws/install/robotnik_gazebo_classic:/home/hima/bachelors/rbkairos_ws/install/mapping:/home/hima/bachelors/rbkairos_ws/install/robotnik_description:/home/hima/bachelors/rbkairos_ws/install/robotnik_sensors:/home/hima/bachelors/rbkairos_ws/install/robotnik_interfaces:/home/hima/bachelors/rbkairos_ws/install/robotnik_safety_msgs:/home/hima/bachelors/rbkairos_ws/install/robotnik_perception_msgs:/home/hima/bachelors/rbkairos_ws/install/robotnik_navigation_msgs:/home/hima/bachelors/rbkairos_ws/install/robotnik_io_msgs:/home/hima/bachelors/rbkairos_ws/install/robotnik_controllers_msgs:/home/hima/bachelors/rbkairos_ws/install/robotnik_common:/home/hima/bachelors/rbkairos_ws/install/robotnik_battery_msgs:/home/hima/bachelors/rbkairos_ws/install/csm:/opt/ros/humble LD_LIBRARY_PATH=/home/hima/bachelors/rbkairos_ws/install/robotnik_common_msgs/lib:/home/hima/bachelors/rbkairos_ws/install/robotnik_supervisor_msgs/lib:/home/hima/bachelors/rbkairos_ws/install/robotnik_perception_msgs/lib:/home/hima/bachelors/rbkairos_ws/install/robotnik_navigation_msgs/lib:/home/hima/bachelors/rbkairos_ws/install/robotnik_io_msgs/lib:/home/hima/bachelors/rbkairos_ws/install/robotnik_controllers_msgs/lib:/home/hima/bachelors/rbkairos_ws/install/robotnik_battery_msgs/lib:/home/hima/bachelors/rbkairos_ws/install/csm/lib:/usr/lib/x86_64-linux-gnu/gazebo-11/plugins:/opt/ros/humble/opt/rviz_ogre_vendor/lib:/opt/ros/humble/lib/x86_64-linux-gnu:/opt/ros/humble/lib /usr/bin/cmake --install /home/hima/bachelors/rbkairos_ws/build/robotnik_io_msgs
