[0.067s] Invoking command in '/home/hima/bachelors/rbkairos_ws/build/robotnik_supervisor_msgs': CMAKE_PREFIX_PATH=/home/hima/bachelors/rbkairos_ws/install/robotnik_common_msgs:/home/hima/bachelors/rbkairos_ws/install/ros2_laser_scan_merger:/home/hima/bachelors/rbkairos_ws/install/ros2_laser_scan_matcher:/home/hima/bachelors/rbkairos_ws/install/robotnik_supervisor_msgs:/home/hima/bachelors/rbkairos_ws/install/robotnik_gazebo_ignition:/home/hima/bachelors/rbkairos_ws/install/robotnik_gazebo_classic:/home/hima/bachelors/rbkairos_ws/install/mapping:/home/hima/bachelors/rbkairos_ws/install/robotnik_description:/home/hima/bachelors/rbkairos_ws/install/robotnik_sensors:/home/hima/bachelors/rbkairos_ws/install/robotnik_interfaces:/home/hima/bachelors/rbkairos_ws/install/robotnik_safety_msgs:/home/hima/bachelors/rbkairos_ws/install/robotnik_perception_msgs:/home/hima/bachelors/rbkairos_ws/install/robotnik_navigation_msgs:/home/hima/bachelors/rbkairos_ws/install/robotnik_io_msgs:/home/hima/bachelors/rbkairos_ws/install/robotnik_controllers_msgs:/home/hima/bachelors/rbkairos_ws/install/robotnik_common:/home/hima/bachelors/rbkairos_ws/install/robotnik_battery_msgs:/home/hima/bachelors/rbkairos_ws/install/csm:/opt/ros/humble LD_LIBRARY_PATH=/home/hima/bachelors/rbkairos_ws/install/robotnik_common_msgs/lib:/home/hima/bachelors/rbkairos_ws/install/robotnik_supervisor_msgs/lib:/home/hima/bachelors/rbkairos_ws/install/robotnik_perception_msgs/lib:/home/hima/bachelors/rbkairos_ws/install/robotnik_navigation_msgs/lib:/home/hima/bachelors/rbkairos_ws/install/robotnik_io_msgs/lib:/home/hima/bachelors/rbkairos_ws/install/robotnik_controllers_msgs/lib:/home/hima/bachelors/rbkairos_ws/install/robotnik_battery_msgs/lib:/home/hima/bachelors/rbkairos_ws/install/csm/lib:/usr/lib/x86_64-linux-gnu/gazebo-11/plugins:/opt/ros/humble/opt/rviz_ogre_vendor/lib:/opt/ros/humble/lib/x86_64-linux-gnu:/opt/ros/humble/lib /usr/bin/cmake --build /home/hima/bachelors/rbkairos_ws/build/robotnik_supervisor_msgs -- -j16 -l16
[0.186s] [ 12%] Built target robotnik_supervisor_msgs__rosidl_generator_c
[0.186s] [ 12%] Built target robotnik_supervisor_msgs__cpp
[0.244s] [ 24%] Built target robotnik_supervisor_msgs__rosidl_typesupport_introspection_c
[0.249s] [ 24%] Built target ament_cmake_python_copy_robotnik_supervisor_msgs
[0.305s] [ 36%] Built target robotnik_supervisor_msgs__rosidl_typesupport_introspection_cpp
[0.313s] [ 48%] Built target robotnik_supervisor_msgs__rosidl_typesupport_fastrtps_c
[0.318s] [ 60%] Built target robotnik_supervisor_msgs__rosidl_typesupport_cpp
[0.323s] [ 71%] Built target robotnik_supervisor_msgs__rosidl_typesupport_fastrtps_cpp
[0.323s] [ 82%] Built target robotnik_supervisor_msgs__rosidl_typesupport_c
[0.368s] [ 82%] Built target robotnik_supervisor_msgs
[0.542s] [ 83%] Built target robotnik_supervisor_msgs__py
[0.557s] [ 94%] Built target robotnik_supervisor_msgs__rosidl_generator_py
[0.580s] [ 96%] Built target robotnik_supervisor_msgs__rosidl_typesupport_fastrtps_c__pyext
[0.604s] [ 98%] Built target robotnik_supervisor_msgs__rosidl_typesupport_introspection_c__pyext
[0.637s] [100%] Built target robotnik_supervisor_msgs__rosidl_typesupport_c__pyext
[1.139s] running egg_info
[1.143s] writing robotnik_supervisor_msgs.egg-info/PKG-INFO
[1.144s] writing dependency_links to robotnik_supervisor_msgs.egg-info/dependency_links.txt
[1.145s] writing top-level names to robotnik_supervisor_msgs.egg-info/top_level.txt
[1.160s] reading manifest file 'robotnik_supervisor_msgs.egg-info/SOURCES.txt'
[1.160s] writing manifest file 'robotnik_supervisor_msgs.egg-info/SOURCES.txt'
[1.214s] [100%] Built target ament_cmake_python_build_robotnik_supervisor_msgs_egg
[1.239s] Invoked command in '/home/hima/bachelors/rbkairos_ws/build/robotnik_supervisor_msgs' returned '0': CMAKE_PREFIX_PATH=/home/hima/bachelors/rbkairos_ws/install/robotnik_common_msgs:/home/hima/bachelors/rbkairos_ws/install/ros2_laser_scan_merger:/home/hima/bachelors/rbkairos_ws/install/ros2_laser_scan_matcher:/home/hima/bachelors/rbkairos_ws/install/robotnik_supervisor_msgs:/home/hima/bachelors/rbkairos_ws/install/robotnik_gazebo_ignition:/home/hima/bachelors/rbkairos_ws/install/robotnik_gazebo_classic:/home/hima/bachelors/rbkairos_ws/install/mapping:/home/hima/bachelors/rbkairos_ws/install/robotnik_description:/home/hima/bachelors/rbkairos_ws/install/robotnik_sensors:/home/hima/bachelors/rbkairos_ws/install/robotnik_interfaces:/home/hima/bachelors/rbkairos_ws/install/robotnik_safety_msgs:/home/hima/bachelors/rbkairos_ws/install/robotnik_perception_msgs:/home/hima/bachelors/rbkairos_ws/install/robotnik_navigation_msgs:/home/hima/bachelors/rbkairos_ws/install/robotnik_io_msgs:/home/hima/bachelors/rbkairos_ws/install/robotnik_controllers_msgs:/home/hima/bachelors/rbkairos_ws/install/robotnik_common:/home/hima/bachelors/rbkairos_ws/install/robotnik_battery_msgs:/home/hima/bachelors/rbkairos_ws/install/csm:/opt/ros/humble LD_LIBRARY_PATH=/home/hima/bachelors/rbkairos_ws/install/robotnik_common_msgs/lib:/home/hima/bachelors/rbkairos_ws/install/robotnik_supervisor_msgs/lib:/home/hima/bachelors/rbkairos_ws/install/robotnik_perception_msgs/lib:/home/hima/bachelors/rbkairos_ws/install/robotnik_navigation_msgs/lib:/home/hima/bachelors/rbkairos_ws/install/robotnik_io_msgs/lib:/home/hima/bachelors/rbkairos_ws/install/robotnik_controllers_msgs/lib:/home/hima/bachelors/rbkairos_ws/install/robotnik_battery_msgs/lib:/home/hima/bachelors/rbkairos_ws/install/csm/lib:/usr/lib/x86_64-linux-gnu/gazebo-11/plugins:/opt/ros/humble/opt/rviz_ogre_vendor/lib:/opt/ros/humble/lib/x86_64-linux-gnu:/opt/ros/humble/lib /usr/bin/cmake --build /home/hima/bachelors/rbkairos_ws/build/robotnik_supervisor_msgs -- -j16 -l16
[1.244s] Invoking command in '/home/hima/bachelors/rbkairos_ws/build/robotnik_supervisor_msgs': CMAKE_PREFIX_PATH=/home/hima/bachelors/rbkairos_ws/install/robotnik_common_msgs:/home/hima/bachelors/rbkairos_ws/install/ros2_laser_scan_merger:/home/hima/bachelors/rbkairos_ws/install/ros2_laser_scan_matcher:/home/hima/bachelors/rbkairos_ws/install/robotnik_supervisor_msgs:/home/hima/bachelors/rbkairos_ws/install/robotnik_gazebo_ignition:/home/hima/bachelors/rbkairos_ws/install/robotnik_gazebo_classic:/home/hima/bachelors/rbkairos_ws/install/mapping:/home/hima/bachelors/rbkairos_ws/install/robotnik_description:/home/hima/bachelors/rbkairos_ws/install/robotnik_sensors:/home/hima/bachelors/rbkairos_ws/install/robotnik_interfaces:/home/hima/bachelors/rbkairos_ws/install/robotnik_safety_msgs:/home/hima/bachelors/rbkairos_ws/install/robotnik_perception_msgs:/home/hima/bachelors/rbkairos_ws/install/robotnik_navigation_msgs:/home/hima/bachelors/rbkairos_ws/install/robotnik_io_msgs:/home/hima/bachelors/rbkairos_ws/install/robotnik_controllers_msgs:/home/hima/bachelors/rbkairos_ws/install/robotnik_common:/home/hima/bachelors/rbkairos_ws/install/robotnik_battery_msgs:/home/hima/bachelors/rbkairos_ws/install/csm:/opt/ros/humble LD_LIBRARY_PATH=/home/hima/bachelors/rbkairos_ws/install/robotnik_common_msgs/lib:/home/hima/bachelors/rbkairos_ws/install/robotnik_supervisor_msgs/lib:/home/hima/bachelors/rbkairos_ws/install/robotnik_perception_msgs/lib:/home/hima/bachelors/rbkairos_ws/install/robotnik_navigation_msgs/lib:/home/hima/bachelors/rbkairos_ws/install/robotnik_io_msgs/lib:/home/hima/bachelors/rbkairos_ws/install/robotnik_controllers_msgs/lib:/home/hima/bachelors/rbkairos_ws/install/robotnik_battery_msgs/lib:/home/hima/bachelors/rbkairos_ws/install/csm/lib:/usr/lib/x86_64-linux-gnu/gazebo-11/plugins:/opt/ros/humble/opt/rviz_ogre_vendor/lib:/opt/ros/humble/lib/x86_64-linux-gnu:/opt/ros/humble/lib /usr/bin/cmake --install /home/hima/bachelors/rbkairos_ws/build/robotnik_supervisor_msgs
[1.256s] -- Install configuration: ""
[1.256s] -- Up-to-date: /home/hima/bachelors/rbkairos_ws/install/robotnik_supervisor_msgs/share/ament_index/resource_index/rosidl_interfaces/robotnik_supervisor_msgs
[1.257s] -- Up-to-date: /home/hima/bachelors/rbkairos_ws/install/robotnik_supervisor_msgs/include/robotnik_supervisor_msgs/robotnik_supervisor_msgs
[1.257s] -- Up-to-date: /home/hima/bachelors/rbkairos_ws/install/robotnik_supervisor_msgs/include/robotnik_supervisor_msgs/robotnik_supervisor_msgs/srv
[1.257s] -- Up-to-date: /home/hima/bachelors/rbkairos_ws/install/robotnik_supervisor_msgs/include/robotnik_supervisor_msgs/robotnik_supervisor_msgs/srv/get_module_list.h
[1.257s] -- Up-to-date: /home/hima/bachelors/rbkairos_ws/install/robotnik_supervisor_msgs/include/robotnik_supervisor_msgs/robotnik_supervisor_msgs/srv/get_stack_status.h
[1.257s] -- Up-to-date: /home/hima/bachelors/rbkairos_ws/install/robotnik_supervisor_msgs/include/robotnik_supervisor_msgs/robotnik_supervisor_msgs/srv/down_stack.h
[1.257s] -- Up-to-date: /home/hima/bachelors/rbkairos_ws/install/robotnik_supervisor_msgs/include/robotnik_supervisor_msgs/robotnik_supervisor_msgs/srv/start_module.h
[1.257s] -- Up-to-date: /home/hima/bachelors/rbkairos_ws/install/robotnik_supervisor_msgs/include/robotnik_supervisor_msgs/robotnik_supervisor_msgs/srv/start_stack.h
[1.258s] -- Up-to-date: /home/hima/bachelors/rbkairos_ws/install/robotnik_supervisor_msgs/include/robotnik_supervisor_msgs/robotnik_supervisor_msgs/srv/restart_stack.h
[1.258s] -- Up-to-date: /home/hima/bachelors/rbkairos_ws/install/robotnik_supervisor_msgs/include/robotnik_supervisor_msgs/robotnik_supervisor_msgs/srv/get_stack_list.h
[1.258s] -- Up-to-date: /home/hima/bachelors/rbkairos_ws/install/robotnik_supervisor_msgs/include/robotnik_supervisor_msgs/robotnik_supervisor_msgs/srv/detail
[1.258s] -- Up-to-date: /home/hima/bachelors/rbkairos_ws/install/robotnik_supervisor_msgs/include/robotnik_supervisor_msgs/robotnik_supervisor_msgs/srv/detail/stop_module__struct.h
[1.258s] -- Up-to-date: /home/hima/bachelors/rbkairos_ws/install/robotnik_supervisor_msgs/include/robotnik_supervisor_msgs/robotnik_supervisor_msgs/srv/detail/stop_module__functions.h
[1.258s] -- Up-to-date: /home/hima/bachelors/rbkairos_ws/install/robotnik_supervisor_msgs/include/robotnik_supervisor_msgs/robotnik_supervisor_msgs/srv/detail/stop_module__type_support.h
[1.258s] -- Up-to-date: /home/hima/bachelors/rbkairos_ws/install/robotnik_supervisor_msgs/include/robotnik_supervisor_msgs/robotnik_supervisor_msgs/srv/detail/start_stack__functions.c
[1.258s] -- Up-to-date: /home/hima/bachelors/rbkairos_ws/install/robotnik_supervisor_msgs/include/robotnik_supervisor_msgs/robotnik_supervisor_msgs/srv/detail/start_module__functions.h
[1.258s] -- Up-to-date: /home/hima/bachelors/rbkairos_ws/install/robotnik_supervisor_msgs/include/robotnik_supervisor_msgs/robotnik_supervisor_msgs/srv/detail/get_module_list__functions.h
[1.258s] -- Up-to-date: /home/hima/bachelors/rbkairos_ws/install/robotnik_supervisor_msgs/include/robotnik_supervisor_msgs/robotnik_supervisor_msgs/srv/detail/get_module_list__type_support.h
[1.259s] -- Up-to-date: /home/hima/bachelors/rbkairos_ws/install/robotnik_supervisor_msgs/include/robotnik_supervisor_msgs/robotnik_supervisor_msgs/srv/detail/restart_stack__struct.h
[1.259s] -- Up-to-date: /home/hima/bachelors/rbkairos_ws/install/robotnik_supervisor_msgs/include/robotnik_supervisor_msgs/robotnik_supervisor_msgs/srv/detail/get_stack_list__functions.c
[1.259s] -- Up-to-date: /home/hima/bachelors/rbkairos_ws/install/robotnik_supervisor_msgs/include/robotnik_supervisor_msgs/robotnik_supervisor_msgs/srv/detail/restart_stack__functions.h
[1.259s] -- Up-to-date: /home/hima/bachelors/rbkairos_ws/install/robotnik_supervisor_msgs/include/robotnik_supervisor_msgs/robotnik_supervisor_msgs/srv/detail/get_stack_status__struct.h
[1.259s] -- Up-to-date: /home/hima/bachelors/rbkairos_ws/install/robotnik_supervisor_msgs/include/robotnik_supervisor_msgs/robotnik_supervisor_msgs/srv/detail/stop_stack__functions.h
[1.260s] -- Up-to-date: /home/hima/bachelors/rbkairos_ws/install/robotnik_supervisor_msgs/include/robotnik_supervisor_msgs/robotnik_supervisor_msgs/srv/detail/get_stack_list__type_support.h
[1.260s] -- Up-to-date: /home/hima/bachelors/rbkairos_ws/install/robotnik_supervisor_msgs/include/robotnik_supervisor_msgs/robotnik_supervisor_msgs/srv/detail/down_stack__type_support.h
[1.260s] -- Up-to-date: /home/hima/bachelors/rbkairos_ws/install/robotnik_supervisor_msgs/include/robotnik_supervisor_msgs/robotnik_supervisor_msgs/srv/detail/stop_stack__type_support.h
[1.260s] -- Up-to-date: /home/hima/bachelors/rbkairos_ws/install/robotnik_supervisor_msgs/include/robotnik_supervisor_msgs/robotnik_supervisor_msgs/srv/detail/restart_stack__functions.c
[1.260s] -- Up-to-date: /home/hima/bachelors/rbkairos_ws/install/robotnik_supervisor_msgs/include/robotnik_supervisor_msgs/robotnik_supervisor_msgs/srv/detail/get_stack_status__type_support.h
[1.260s] -- Up-to-date: /home/hima/bachelors/rbkairos_ws/install/robotnik_supervisor_msgs/include/robotnik_supervisor_msgs/robotnik_supervisor_msgs/srv/detail/stop_module__functions.c
[1.261s] -- Up-to-date: /home/hima/bachelors/rbkairos_ws/install/robotnik_supervisor_msgs/include/robotnik_supervisor_msgs/robotnik_supervisor_msgs/srv/detail/get_stack_list__functions.h
[1.261s] -- Up-to-date: /home/hima/bachelors/rbkairos_ws/install/robotnik_supervisor_msgs/include/robotnik_supervisor_msgs/robotnik_supervisor_msgs/srv/detail/start_stack__functions.h
[1.263s] -- Up-to-date: /home/hima/bachelors/rbkairos_ws/install/robotnik_supervisor_msgs/include/robotnik_supervisor_msgs/robotnik_supervisor_msgs/srv/detail/get_module_list__struct.h
[1.264s] -- Up-to-date: /home/hima/bachelors/rbkairos_ws/install/robotnik_supervisor_msgs/include/robotnik_supervisor_msgs/robotnik_supervisor_msgs/srv/detail/get_stack_list__struct.h
[1.264s] -- Up-to-date: /home/hima/bachelors/rbkairos_ws/install/robotnik_supervisor_msgs/include/robotnik_supervisor_msgs/robotnik_supervisor_msgs/srv/detail/start_stack__struct.h
[1.265s] -- Up-to-date: /home/hima/bachelors/rbkairos_ws/install/robotnik_supervisor_msgs/include/robotnik_supervisor_msgs/robotnik_supervisor_msgs/srv/detail/restart_stack__type_support.h
[1.265s] -- Up-to-date: /home/hima/bachelors/rbkairos_ws/install/robotnik_supervisor_msgs/include/robotnik_supervisor_msgs/robotnik_supervisor_msgs/srv/detail/start_stack__type_support.h
[1.265s] -- Up-to-date: /home/hima/bachelors/rbkairos_ws/install/robotnik_supervisor_msgs/include/robotnik_supervisor_msgs/robotnik_supervisor_msgs/srv/detail/get_stack_logs__type_support.h
[1.265s] -- Up-to-date: /home/hima/bachelors/rbkairos_ws/install/robotnik_supervisor_msgs/include/robotnik_supervisor_msgs/robotnik_supervisor_msgs/srv/detail/start_module__functions.c
[1.265s] -- Up-to-date: /home/hima/bachelors/rbkairos_ws/install/robotnik_supervisor_msgs/include/robotnik_supervisor_msgs/robotnik_supervisor_msgs/srv/detail/start_module__type_support.h
[1.265s] -- Up-to-date: /home/hima/bachelors/rbkairos_ws/install/robotnik_supervisor_msgs/include/robotnik_supervisor_msgs/robotnik_supervisor_msgs/srv/detail/down_stack__functions.h
[1.265s] -- Up-to-date: /home/hima/bachelors/rbkairos_ws/install/robotnik_supervisor_msgs/include/robotnik_supervisor_msgs/robotnik_supervisor_msgs/srv/detail/stop_stack__struct.h
[1.265s] -- Up-to-date: /home/hima/bachelors/rbkairos_ws/install/robotnik_supervisor_msgs/include/robotnik_supervisor_msgs/robotnik_supervisor_msgs/srv/detail/get_stack_logs__struct.h
[1.265s] -- Up-to-date: /home/hima/bachelors/rbkairos_ws/install/robotnik_supervisor_msgs/include/robotnik_supervisor_msgs/robotnik_supervisor_msgs/srv/detail/stop_stack__functions.c
[1.265s] -- Up-to-date: /home/hima/bachelors/rbkairos_ws/install/robotnik_supervisor_msgs/include/robotnik_supervisor_msgs/robotnik_supervisor_msgs/srv/detail/down_stack__functions.c
[1.266s] -- Up-to-date: /home/hima/bachelors/rbkairos_ws/install/robotnik_supervisor_msgs/include/robotnik_supervisor_msgs/robotnik_supervisor_msgs/srv/detail/get_stack_status__functions.h
[1.266s] -- Up-to-date: /home/hima/bachelors/rbkairos_ws/install/robotnik_supervisor_msgs/include/robotnik_supervisor_msgs/robotnik_supervisor_msgs/srv/detail/get_stack_logs__functions.h
[1.266s] -- Up-to-date: /home/hima/bachelors/rbkairos_ws/install/robotnik_supervisor_msgs/include/robotnik_supervisor_msgs/robotnik_supervisor_msgs/srv/detail/get_stack_logs__functions.c
[1.266s] -- Up-to-date: /home/hima/bachelors/rbkairos_ws/install/robotnik_supervisor_msgs/include/robotnik_supervisor_msgs/robotnik_supervisor_msgs/srv/detail/down_stack__struct.h
[1.266s] -- Up-to-date: /home/hima/bachelors/rbkairos_ws/install/robotnik_supervisor_msgs/include/robotnik_supervisor_msgs/robotnik_supervisor_msgs/srv/detail/get_stack_status__functions.c
[1.266s] -- Up-to-date: /home/hima/bachelors/rbkairos_ws/install/robotnik_supervisor_msgs/include/robotnik_supervisor_msgs/robotnik_supervisor_msgs/srv/detail/start_module__struct.h
[1.266s] -- Up-to-date: /home/hima/bachelors/rbkairos_ws/install/robotnik_supervisor_msgs/include/robotnik_supervisor_msgs/robotnik_supervisor_msgs/srv/detail/get_module_list__functions.c
[1.266s] -- Up-to-date: /home/hima/bachelors/rbkairos_ws/install/robotnik_supervisor_msgs/include/robotnik_supervisor_msgs/robotnik_supervisor_msgs/srv/get_stack_logs.h
[1.266s] -- Up-to-date: /home/hima/bachelors/rbkairos_ws/install/robotnik_supervisor_msgs/include/robotnik_supervisor_msgs/robotnik_supervisor_msgs/srv/stop_module.h
[1.266s] -- Up-to-date: /home/hima/bachelors/rbkairos_ws/install/robotnik_supervisor_msgs/include/robotnik_supervisor_msgs/robotnik_supervisor_msgs/srv/stop_stack.h
[1.266s] -- Up-to-date: /home/hima/bachelors/rbkairos_ws/install/robotnik_supervisor_msgs/include/robotnik_supervisor_msgs/robotnik_supervisor_msgs/msg
[1.266s] -- Up-to-date: /home/hima/bachelors/rbkairos_ws/install/robotnik_supervisor_msgs/include/robotnik_supervisor_msgs/robotnik_supervisor_msgs/msg/rosidl_generator_c__visibility_control.h
[1.266s] -- Up-to-date: /home/hima/bachelors/rbkairos_ws/install/robotnik_supervisor_msgs/share/robotnik_supervisor_msgs/environment/library_path.sh
[1.266s] -- Up-to-date: /home/hima/bachelors/rbkairos_ws/install/robotnik_supervisor_msgs/share/robotnik_supervisor_msgs/environment/library_path.dsv
[1.266s] -- Up-to-date: /home/hima/bachelors/rbkairos_ws/install/robotnik_supervisor_msgs/lib/librobotnik_supervisor_msgs__rosidl_generator_c.so
[1.266s] -- Up-to-date: /home/hima/bachelors/rbkairos_ws/install/robotnik_supervisor_msgs/include/robotnik_supervisor_msgs/robotnik_supervisor_msgs
[1.266s] -- Up-to-date: /home/hima/bachelors/rbkairos_ws/install/robotnik_supervisor_msgs/include/robotnik_supervisor_msgs/robotnik_supervisor_msgs/srv
[1.266s] -- Up-to-date: /home/hima/bachelors/rbkairos_ws/install/robotnik_supervisor_msgs/include/robotnik_supervisor_msgs/robotnik_supervisor_msgs/srv/detail
[1.266s] -- Up-to-date: /home/hima/bachelors/rbkairos_ws/install/robotnik_supervisor_msgs/include/robotnik_supervisor_msgs/robotnik_supervisor_msgs/srv/detail/start_stack__rosidl_typesupport_fastrtps_c.h
[1.266s] -- Up-to-date: /home/hima/bachelors/rbkairos_ws/install/robotnik_supervisor_msgs/include/robotnik_supervisor_msgs/robotnik_supervisor_msgs/srv/detail/get_module_list__rosidl_typesupport_fastrtps_c.h
[1.267s] -- Up-to-date: /home/hima/bachelors/rbkairos_ws/install/robotnik_supervisor_msgs/include/robotnik_supervisor_msgs/robotnik_supervisor_msgs/srv/detail/down_stack__rosidl_typesupport_fastrtps_c.h
[1.267s] -- Up-to-date: /home/hima/bachelors/rbkairos_ws/install/robotnik_supervisor_msgs/include/robotnik_supervisor_msgs/robotnik_supervisor_msgs/srv/detail/get_stack_list__rosidl_typesupport_fastrtps_c.h
[1.267s] -- Up-to-date: /home/hima/bachelors/rbkairos_ws/install/robotnik_supervisor_msgs/include/robotnik_supervisor_msgs/robotnik_supervisor_msgs/srv/detail/start_module__rosidl_typesupport_fastrtps_c.h
[1.267s] -- Up-to-date: /home/hima/bachelors/rbkairos_ws/install/robotnik_supervisor_msgs/include/robotnik_supervisor_msgs/robotnik_supervisor_msgs/srv/detail/get_stack_status__rosidl_typesupport_fastrtps_c.h
[1.267s] -- Up-to-date: /home/hima/bachelors/rbkairos_ws/install/robotnik_supervisor_msgs/include/robotnik_supervisor_msgs/robotnik_supervisor_msgs/srv/detail/stop_stack__rosidl_typesupport_fastrtps_c.h
[1.267s] -- Up-to-date: /home/hima/bachelors/rbkairos_ws/install/robotnik_supervisor_msgs/include/robotnik_supervisor_msgs/robotnik_supervisor_msgs/srv/detail/stop_module__rosidl_typesupport_fastrtps_c.h
[1.267s] -- Up-to-date: /home/hima/bachelors/rbkairos_ws/install/robotnik_supervisor_msgs/include/robotnik_supervisor_msgs/robotnik_supervisor_msgs/srv/detail/restart_stack__rosidl_typesupport_fastrtps_c.h
[1.267s] -- Up-to-date: /home/hima/bachelors/rbkairos_ws/install/robotnik_supervisor_msgs/include/robotnik_supervisor_msgs/robotnik_supervisor_msgs/srv/detail/get_stack_logs__rosidl_typesupport_fastrtps_c.h
[1.267s] -- Up-to-date: /home/hima/bachelors/rbkairos_ws/install/robotnik_supervisor_msgs/include/robotnik_supervisor_msgs/robotnik_supervisor_msgs/msg
[1.267s] -- Up-to-date: /home/hima/bachelors/rbkairos_ws/install/robotnik_supervisor_msgs/include/robotnik_supervisor_msgs/robotnik_supervisor_msgs/msg/rosidl_typesupport_fastrtps_c__visibility_control.h
[1.267s] -- Up-to-date: /home/hima/bachelors/rbkairos_ws/install/robotnik_supervisor_msgs/lib/librobotnik_supervisor_msgs__rosidl_typesupport_fastrtps_c.so
[1.267s] -- Up-to-date: /home/hima/bachelors/rbkairos_ws/install/robotnik_supervisor_msgs/include/robotnik_supervisor_msgs/robotnik_supervisor_msgs
[1.267s] -- Up-to-date: /home/hima/bachelors/rbkairos_ws/install/robotnik_supervisor_msgs/include/robotnik_supervisor_msgs/robotnik_supervisor_msgs/srv
[1.267s] -- Up-to-date: /home/hima/bachelors/rbkairos_ws/install/robotnik_supervisor_msgs/include/robotnik_supervisor_msgs/robotnik_supervisor_msgs/srv/get_stack_logs.hpp
[1.267s] -- Up-to-date: /home/hima/bachelors/rbkairos_ws/install/robotnik_supervisor_msgs/include/robotnik_supervisor_msgs/robotnik_supervisor_msgs/srv/stop_module.hpp
[1.267s] -- Up-to-date: /home/hima/bachelors/rbkairos_ws/install/robotnik_supervisor_msgs/include/robotnik_supervisor_msgs/robotnik_supervisor_msgs/srv/start_stack.hpp
[1.267s] -- Up-to-date: /home/hima/bachelors/rbkairos_ws/install/robotnik_supervisor_msgs/include/robotnik_supervisor_msgs/robotnik_supervisor_msgs/srv/start_module.hpp
[1.267s] -- Up-to-date: /home/hima/bachelors/rbkairos_ws/install/robotnik_supervisor_msgs/include/robotnik_supervisor_msgs/robotnik_supervisor_msgs/srv/get_stack_status.hpp
[1.268s] -- Up-to-date: /home/hima/bachelors/rbkairos_ws/install/robotnik_supervisor_msgs/include/robotnik_supervisor_msgs/robotnik_supervisor_msgs/srv/detail
[1.268s] -- Up-to-date: /home/hima/bachelors/rbkairos_ws/install/robotnik_supervisor_msgs/include/robotnik_supervisor_msgs/robotnik_supervisor_msgs/srv/detail/get_module_list__traits.hpp
[1.268s] -- Up-to-date: /home/hima/bachelors/rbkairos_ws/install/robotnik_supervisor_msgs/include/robotnik_supervisor_msgs/robotnik_supervisor_msgs/srv/detail/stop_module__traits.hpp
[1.268s] -- Up-to-date: /home/hima/bachelors/rbkairos_ws/install/robotnik_supervisor_msgs/include/robotnik_supervisor_msgs/robotnik_supervisor_msgs/srv/detail/down_stack__traits.hpp
[1.268s] -- Up-to-date: /home/hima/bachelors/rbkairos_ws/install/robotnik_supervisor_msgs/include/robotnik_supervisor_msgs/robotnik_supervisor_msgs/srv/detail/get_stack_status__struct.hpp
[1.268s] -- Up-to-date: /home/hima/bachelors/rbkairos_ws/install/robotnik_supervisor_msgs/include/robotnik_supervisor_msgs/robotnik_supervisor_msgs/srv/detail/down_stack__type_support.hpp
[1.268s] -- Up-to-date: /home/hima/bachelors/rbkairos_ws/install/robotnik_supervisor_msgs/include/robotnik_supervisor_msgs/robotnik_supervisor_msgs/srv/detail/start_stack__struct.hpp
[1.268s] -- Up-to-date: /home/hima/bachelors/rbkairos_ws/install/robotnik_supervisor_msgs/include/robotnik_supervisor_msgs/robotnik_supervisor_msgs/srv/detail/restart_stack__struct.hpp
[1.268s] -- Up-to-date: /home/hima/bachelors/rbkairos_ws/install/robotnik_supervisor_msgs/include/robotnik_supervisor_msgs/robotnik_supervisor_msgs/srv/detail/stop_module__type_support.hpp
[1.268s] -- Up-to-date: /home/hima/bachelors/rbkairos_ws/install/robotnik_supervisor_msgs/include/robotnik_supervisor_msgs/robotnik_supervisor_msgs/srv/detail/get_stack_status__type_support.hpp
[1.268s] -- Up-to-date: /home/hima/bachelors/rbkairos_ws/install/robotnik_supervisor_msgs/include/robotnik_supervisor_msgs/robotnik_supervisor_msgs/srv/detail/get_stack_status__traits.hpp
[1.268s] -- Up-to-date: /home/hima/bachelors/rbkairos_ws/install/robotnik_supervisor_msgs/include/robotnik_supervisor_msgs/robotnik_supervisor_msgs/srv/detail/stop_stack__builder.hpp
[1.268s] -- Up-to-date: /home/hima/bachelors/rbkairos_ws/install/robotnik_supervisor_msgs/include/robotnik_supervisor_msgs/robotnik_supervisor_msgs/srv/detail/get_stack_logs__builder.hpp
[1.268s] -- Up-to-date: /home/hima/bachelors/rbkairos_ws/install/robotnik_supervisor_msgs/include/robotnik_supervisor_msgs/robotnik_supervisor_msgs/srv/detail/stop_stack__traits.hpp
[1.268s] -- Up-to-date: /home/hima/bachelors/rbkairos_ws/install/robotnik_supervisor_msgs/include/robotnik_supervisor_msgs/robotnik_supervisor_msgs/srv/detail/down_stack__builder.hpp
[1.268s] -- Up-to-date: /home/hima/bachelors/rbkairos_ws/install/robotnik_supervisor_msgs/include/robotnik_supervisor_msgs/robotnik_supervisor_msgs/srv/detail/get_stack_list__type_support.hpp
[1.268s] -- Up-to-date: /home/hima/bachelors/rbkairos_ws/install/robotnik_supervisor_msgs/include/robotnik_supervisor_msgs/robotnik_supervisor_msgs/srv/detail/down_stack__struct.hpp
[1.268s] -- Up-to-date: /home/hima/bachelors/rbkairos_ws/install/robotnik_supervisor_msgs/include/robotnik_supervisor_msgs/robotnik_supervisor_msgs/srv/detail/get_module_list__struct.hpp
[1.268s] -- Up-to-date: /home/hima/bachelors/rbkairos_ws/install/robotnik_supervisor_msgs/include/robotnik_supervisor_msgs/robotnik_supervisor_msgs/srv/detail/get_stack_list__builder.hpp
[1.268s] -- Up-to-date: /home/hima/bachelors/rbkairos_ws/install/robotnik_supervisor_msgs/include/robotnik_supervisor_msgs/robotnik_supervisor_msgs/srv/detail/restart_stack__type_support.hpp
[1.269s] -- Up-to-date: /home/hima/bachelors/rbkairos_ws/install/robotnik_supervisor_msgs/include/robotnik_supervisor_msgs/robotnik_supervisor_msgs/srv/detail/start_stack__builder.hpp
[1.269s] -- Up-to-date: /home/hima/bachelors/rbkairos_ws/install/robotnik_supervisor_msgs/include/robotnik_supervisor_msgs/robotnik_supervisor_msgs/srv/detail/start_module__traits.hpp
[1.269s] -- Up-to-date: /home/hima/bachelors/rbkairos_ws/install/robotnik_supervisor_msgs/include/robotnik_supervisor_msgs/robotnik_supervisor_msgs/srv/detail/stop_stack__type_support.hpp
[1.269s] -- Up-to-date: /home/hima/bachelors/rbkairos_ws/install/robotnik_supervisor_msgs/include/robotnik_supervisor_msgs/robotnik_supervisor_msgs/srv/detail/get_stack_list__traits.hpp
[1.269s] -- Up-to-date: /home/hima/bachelors/rbkairos_ws/install/robotnik_supervisor_msgs/include/robotnik_supervisor_msgs/robotnik_supervisor_msgs/srv/detail/start_stack__type_support.hpp
[1.269s] -- Up-to-date: /home/hima/bachelors/rbkairos_ws/install/robotnik_supervisor_msgs/include/robotnik_supervisor_msgs/robotnik_supervisor_msgs/srv/detail/get_stack_status__builder.hpp
[1.269s] -- Up-to-date: /home/hima/bachelors/rbkairos_ws/install/robotnik_supervisor_msgs/include/robotnik_supervisor_msgs/robotnik_supervisor_msgs/srv/detail/get_stack_logs__traits.hpp
[1.269s] -- Up-to-date: /home/hima/bachelors/rbkairos_ws/install/robotnik_supervisor_msgs/include/robotnik_supervisor_msgs/robotnik_supervisor_msgs/srv/detail/stop_module__struct.hpp
[1.269s] -- Up-to-date: /home/hima/bachelors/rbkairos_ws/install/robotnik_supervisor_msgs/include/robotnik_supervisor_msgs/robotnik_supervisor_msgs/srv/detail/get_stack_list__struct.hpp
[1.269s] -- Up-to-date: /home/hima/bachelors/rbkairos_ws/install/robotnik_supervisor_msgs/include/robotnik_supervisor_msgs/robotnik_supervisor_msgs/srv/detail/start_module__struct.hpp
[1.269s] -- Up-to-date: /home/hima/bachelors/rbkairos_ws/install/robotnik_supervisor_msgs/include/robotnik_supervisor_msgs/robotnik_supervisor_msgs/srv/detail/get_stack_logs__type_support.hpp
[1.269s] -- Up-to-date: /home/hima/bachelors/rbkairos_ws/install/robotnik_supervisor_msgs/include/robotnik_supervisor_msgs/robotnik_supervisor_msgs/srv/detail/get_module_list__type_support.hpp
[1.269s] -- Up-to-date: /home/hima/bachelors/rbkairos_ws/install/robotnik_supervisor_msgs/include/robotnik_supervisor_msgs/robotnik_supervisor_msgs/srv/detail/start_stack__traits.hpp
[1.269s] -- Up-to-date: /home/hima/bachelors/rbkairos_ws/install/robotnik_supervisor_msgs/include/robotnik_supervisor_msgs/robotnik_supervisor_msgs/srv/detail/start_module__type_support.hpp
[1.269s] -- Up-to-date: /home/hima/bachelors/rbkairos_ws/install/robotnik_supervisor_msgs/include/robotnik_supervisor_msgs/robotnik_supervisor_msgs/srv/detail/restart_stack__traits.hpp
[1.269s] -- Up-to-date: /home/hima/bachelors/rbkairos_ws/install/robotnik_supervisor_msgs/include/robotnik_supervisor_msgs/robotnik_supervisor_msgs/srv/detail/get_stack_logs__struct.hpp
[1.270s] -- Up-to-date: /home/hima/bachelors/rbkairos_ws/install/robotnik_supervisor_msgs/include/robotnik_supervisor_msgs/robotnik_supervisor_msgs/srv/detail/restart_stack__builder.hpp
[1.270s] -- Up-to-date: /home/hima/bachelors/rbkairos_ws/install/robotnik_supervisor_msgs/include/robotnik_supervisor_msgs/robotnik_supervisor_msgs/srv/detail/stop_module__builder.hpp
[1.270s] -- Up-to-date: /home/hima/bachelors/rbkairos_ws/install/robotnik_supervisor_msgs/include/robotnik_supervisor_msgs/robotnik_supervisor_msgs/srv/detail/start_module__builder.hpp
[1.270s] -- Up-to-date: /home/hima/bachelors/rbkairos_ws/install/robotnik_supervisor_msgs/include/robotnik_supervisor_msgs/robotnik_supervisor_msgs/srv/detail/stop_stack__struct.hpp
[1.270s] -- Up-to-date: /home/hima/bachelors/rbkairos_ws/install/robotnik_supervisor_msgs/include/robotnik_supervisor_msgs/robotnik_supervisor_msgs/srv/detail/get_module_list__builder.hpp
[1.270s] -- Up-to-date: /home/hima/bachelors/rbkairos_ws/install/robotnik_supervisor_msgs/include/robotnik_supervisor_msgs/robotnik_supervisor_msgs/srv/get_stack_list.hpp
[1.270s] -- Up-to-date: /home/hima/bachelors/rbkairos_ws/install/robotnik_supervisor_msgs/include/robotnik_supervisor_msgs/robotnik_supervisor_msgs/srv/get_module_list.hpp
[1.270s] -- Up-to-date: /home/hima/bachelors/rbkairos_ws/install/robotnik_supervisor_msgs/include/robotnik_supervisor_msgs/robotnik_supervisor_msgs/srv/down_stack.hpp
[1.270s] -- Up-to-date: /home/hima/bachelors/rbkairos_ws/install/robotnik_supervisor_msgs/include/robotnik_supervisor_msgs/robotnik_supervisor_msgs/srv/restart_stack.hpp
[1.270s] -- Up-to-date: /home/hima/bachelors/rbkairos_ws/install/robotnik_supervisor_msgs/include/robotnik_supervisor_msgs/robotnik_supervisor_msgs/srv/stop_stack.hpp
[1.270s] -- Up-to-date: /home/hima/bachelors/rbkairos_ws/install/robotnik_supervisor_msgs/include/robotnik_supervisor_msgs/robotnik_supervisor_msgs/msg
[1.270s] -- Up-to-date: /home/hima/bachelors/rbkairos_ws/install/robotnik_supervisor_msgs/include/robotnik_supervisor_msgs/robotnik_supervisor_msgs/msg/rosidl_generator_cpp__visibility_control.hpp
[1.270s] -- Up-to-date: /home/hima/bachelors/rbkairos_ws/install/robotnik_supervisor_msgs/include/robotnik_supervisor_msgs/robotnik_supervisor_msgs
[1.271s] -- Up-to-date: /home/hima/bachelors/rbkairos_ws/install/robotnik_supervisor_msgs/include/robotnik_supervisor_msgs/robotnik_supervisor_msgs/srv
[1.271s] -- Up-to-date: /home/hima/bachelors/rbkairos_ws/install/robotnik_supervisor_msgs/include/robotnik_supervisor_msgs/robotnik_supervisor_msgs/srv/detail
[1.271s] -- Up-to-date: /home/hima/bachelors/rbkairos_ws/install/robotnik_supervisor_msgs/include/robotnik_supervisor_msgs/robotnik_supervisor_msgs/srv/detail/restart_stack__rosidl_typesupport_fastrtps_cpp.hpp
[1.271s] -- Up-to-date: /home/hima/bachelors/rbkairos_ws/install/robotnik_supervisor_msgs/include/robotnik_supervisor_msgs/robotnik_supervisor_msgs/srv/detail/stop_stack__rosidl_typesupport_fastrtps_cpp.hpp
[1.271s] -- Up-to-date: /home/hima/bachelors/rbkairos_ws/install/robotnik_supervisor_msgs/include/robotnik_supervisor_msgs/robotnik_supervisor_msgs/srv/detail/stop_module__rosidl_typesupport_fastrtps_cpp.hpp
[1.271s] -- Up-to-date: /home/hima/bachelors/rbkairos_ws/install/robotnik_supervisor_msgs/include/robotnik_supervisor_msgs/robotnik_supervisor_msgs/srv/detail/down_stack__rosidl_typesupport_fastrtps_cpp.hpp
[1.271s] -- Up-to-date: /home/hima/bachelors/rbkairos_ws/install/robotnik_supervisor_msgs/include/robotnik_supervisor_msgs/robotnik_supervisor_msgs/srv/detail/get_stack_logs__rosidl_typesupport_fastrtps_cpp.hpp
[1.271s] -- Up-to-date: /home/hima/bachelors/rbkairos_ws/install/robotnik_supervisor_msgs/include/robotnik_supervisor_msgs/robotnik_supervisor_msgs/srv/detail/get_module_list__rosidl_typesupport_fastrtps_cpp.hpp
[1.271s] -- Up-to-date: /home/hima/bachelors/rbkairos_ws/install/robotnik_supervisor_msgs/include/robotnik_supervisor_msgs/robotnik_supervisor_msgs/srv/detail/start_stack__rosidl_typesupport_fastrtps_cpp.hpp
[1.271s] -- Up-to-date: /home/hima/bachelors/rbkairos_ws/install/robotnik_supervisor_msgs/include/robotnik_supervisor_msgs/robotnik_supervisor_msgs/srv/detail/dds_fastrtps
[1.272s] -- Up-to-date: /home/hima/bachelors/rbkairos_ws/install/robotnik_supervisor_msgs/include/robotnik_supervisor_msgs/robotnik_supervisor_msgs/srv/detail/get_stack_list__rosidl_typesupport_fastrtps_cpp.hpp
[1.272s] -- Up-to-date: /home/hima/bachelors/rbkairos_ws/install/robotnik_supervisor_msgs/include/robotnik_supervisor_msgs/robotnik_supervisor_msgs/srv/detail/get_stack_status__rosidl_typesupport_fastrtps_cpp.hpp
[1.272s] -- Up-to-date: /home/hima/bachelors/rbkairos_ws/install/robotnik_supervisor_msgs/include/robotnik_supervisor_msgs/robotnik_supervisor_msgs/srv/detail/start_module__rosidl_typesupport_fastrtps_cpp.hpp
[1.272s] -- Up-to-date: /home/hima/bachelors/rbkairos_ws/install/robotnik_supervisor_msgs/include/robotnik_supervisor_msgs/robotnik_supervisor_msgs/msg
[1.272s] -- Up-to-date: /home/hima/bachelors/rbkairos_ws/install/robotnik_supervisor_msgs/include/robotnik_supervisor_msgs/robotnik_supervisor_msgs/msg/rosidl_typesupport_fastrtps_cpp__visibility_control.h
[1.272s] -- Up-to-date: /home/hima/bachelors/rbkairos_ws/install/robotnik_supervisor_msgs/lib/librobotnik_supervisor_msgs__rosidl_typesupport_fastrtps_cpp.so
[1.272s] -- Up-to-date: /home/hima/bachelors/rbkairos_ws/install/robotnik_supervisor_msgs/include/robotnik_supervisor_msgs/robotnik_supervisor_msgs
[1.272s] -- Up-to-date: /home/hima/bachelors/rbkairos_ws/install/robotnik_supervisor_msgs/include/robotnik_supervisor_msgs/robotnik_supervisor_msgs/srv
[1.272s] -- Up-to-date: /home/hima/bachelors/rbkairos_ws/install/robotnik_supervisor_msgs/include/robotnik_supervisor_msgs/robotnik_supervisor_msgs/srv/detail
[1.272s] -- Up-to-date: /home/hima/bachelors/rbkairos_ws/install/robotnik_supervisor_msgs/include/robotnik_supervisor_msgs/robotnik_supervisor_msgs/srv/detail/start_module__type_support.c
[1.272s] -- Up-to-date: /home/hima/bachelors/rbkairos_ws/install/robotnik_supervisor_msgs/include/robotnik_supervisor_msgs/robotnik_supervisor_msgs/srv/detail/down_stack__rosidl_typesupport_introspection_c.h
[1.272s] -- Up-to-date: /home/hima/bachelors/rbkairos_ws/install/robotnik_supervisor_msgs/include/robotnik_supervisor_msgs/robotnik_supervisor_msgs/srv/detail/stop_stack__rosidl_typesupport_introspection_c.h
[1.273s] -- Up-to-date: /home/hima/bachelors/rbkairos_ws/install/robotnik_supervisor_msgs/include/robotnik_supervisor_msgs/robotnik_supervisor_msgs/srv/detail/get_stack_status__rosidl_typesupport_introspection_c.h
[1.273s] -- Up-to-date: /home/hima/bachelors/rbkairos_ws/install/robotnik_supervisor_msgs/include/robotnik_supervisor_msgs/robotnik_supervisor_msgs/srv/detail/get_stack_logs__rosidl_typesupport_introspection_c.h
[1.273s] -- Up-to-date: /home/hima/bachelors/rbkairos_ws/install/robotnik_supervisor_msgs/include/robotnik_supervisor_msgs/robotnik_supervisor_msgs/srv/detail/start_stack__type_support.c
[1.273s] -- Up-to-date: /home/hima/bachelors/rbkairos_ws/install/robotnik_supervisor_msgs/include/robotnik_supervisor_msgs/robotnik_supervisor_msgs/srv/detail/start_stack__rosidl_typesupport_introspection_c.h
[1.273s] -- Up-to-date: /home/hima/bachelors/rbkairos_ws/install/robotnik_supervisor_msgs/include/robotnik_supervisor_msgs/robotnik_supervisor_msgs/srv/detail/down_stack__type_support.c
[1.273s] -- Up-to-date: /home/hima/bachelors/rbkairos_ws/install/robotnik_supervisor_msgs/include/robotnik_supervisor_msgs/robotnik_supervisor_msgs/srv/detail/stop_module__rosidl_typesupport_introspection_c.h
[1.273s] -- Up-to-date: /home/hima/bachelors/rbkairos_ws/install/robotnik_supervisor_msgs/include/robotnik_supervisor_msgs/robotnik_supervisor_msgs/srv/detail/stop_stack__type_support.c
[1.273s] -- Up-to-date: /home/hima/bachelors/rbkairos_ws/install/robotnik_supervisor_msgs/include/robotnik_supervisor_msgs/robotnik_supervisor_msgs/srv/detail/get_module_list__rosidl_typesupport_introspection_c.h
[1.274s] -- Up-to-date: /home/hima/bachelors/rbkairos_ws/install/robotnik_supervisor_msgs/include/robotnik_supervisor_msgs/robotnik_supervisor_msgs/srv/detail/get_module_list__type_support.c
[1.274s] -- Up-to-date: /home/hima/bachelors/rbkairos_ws/install/robotnik_supervisor_msgs/include/robotnik_supervisor_msgs/robotnik_supervisor_msgs/srv/detail/stop_module__type_support.c
[1.274s] -- Up-to-date: /home/hima/bachelors/rbkairos_ws/install/robotnik_supervisor_msgs/include/robotnik_supervisor_msgs/robotnik_supervisor_msgs/srv/detail/get_stack_list__type_support.c
[1.274s] -- Up-to-date: /home/hima/bachelors/rbkairos_ws/install/robotnik_supervisor_msgs/include/robotnik_supervisor_msgs/robotnik_supervisor_msgs/srv/detail/get_stack_list__rosidl_typesupport_introspection_c.h
[1.274s] -- Up-to-date: /home/hima/bachelors/rbkairos_ws/install/robotnik_supervisor_msgs/include/robotnik_supervisor_msgs/robotnik_supervisor_msgs/srv/detail/get_stack_status__type_support.c
[1.274s] -- Up-to-date: /home/hima/bachelors/rbkairos_ws/install/robotnik_supervisor_msgs/include/robotnik_supervisor_msgs/robotnik_supervisor_msgs/srv/detail/get_stack_logs__type_support.c
[1.274s] -- Up-to-date: /home/hima/bachelors/rbkairos_ws/install/robotnik_supervisor_msgs/include/robotnik_supervisor_msgs/robotnik_supervisor_msgs/srv/detail/restart_stack__type_support.c
[1.274s] -- Up-to-date: /home/hima/bachelors/rbkairos_ws/install/robotnik_supervisor_msgs/include/robotnik_supervisor_msgs/robotnik_supervisor_msgs/srv/detail/start_module__rosidl_typesupport_introspection_c.h
[1.274s] -- Up-to-date: /home/hima/bachelors/rbkairos_ws/install/robotnik_supervisor_msgs/include/robotnik_supervisor_msgs/robotnik_supervisor_msgs/srv/detail/restart_stack__rosidl_typesupport_introspection_c.h
[1.274s] -- Up-to-date: /home/hima/bachelors/rbkairos_ws/install/robotnik_supervisor_msgs/include/robotnik_supervisor_msgs/robotnik_supervisor_msgs/msg
[1.274s] -- Up-to-date: /home/hima/bachelors/rbkairos_ws/install/robotnik_supervisor_msgs/include/robotnik_supervisor_msgs/robotnik_supervisor_msgs/msg/rosidl_typesupport_introspection_c__visibility_control.h
[1.274s] -- Up-to-date: /home/hima/bachelors/rbkairos_ws/install/robotnik_supervisor_msgs/lib/librobotnik_supervisor_msgs__rosidl_typesupport_introspection_c.so
[1.274s] -- Up-to-date: /home/hima/bachelors/rbkairos_ws/install/robotnik_supervisor_msgs/lib/librobotnik_supervisor_msgs__rosidl_typesupport_c.so
[1.274s] -- Up-to-date: /home/hima/bachelors/rbkairos_ws/install/robotnik_supervisor_msgs/include/robotnik_supervisor_msgs/robotnik_supervisor_msgs
[1.275s] -- Up-to-date: /home/hima/bachelors/rbkairos_ws/install/robotnik_supervisor_msgs/include/robotnik_supervisor_msgs/robotnik_supervisor_msgs/srv
[1.275s] -- Up-to-date: /home/hima/bachelors/rbkairos_ws/install/robotnik_supervisor_msgs/include/robotnik_supervisor_msgs/robotnik_supervisor_msgs/srv/detail
[1.275s] -- Up-to-date: /home/hima/bachelors/rbkairos_ws/install/robotnik_supervisor_msgs/include/robotnik_supervisor_msgs/robotnik_supervisor_msgs/srv/detail/stop_stack__rosidl_typesupport_introspection_cpp.hpp
[1.275s] -- Up-to-date: /home/hima/bachelors/rbkairos_ws/install/robotnik_supervisor_msgs/include/robotnik_supervisor_msgs/robotnik_supervisor_msgs/srv/detail/down_stack__type_support.cpp
[1.275s] -- Up-to-date: /home/hima/bachelors/rbkairos_ws/install/robotnik_supervisor_msgs/include/robotnik_supervisor_msgs/robotnik_supervisor_msgs/srv/detail/start_module__rosidl_typesupport_introspection_cpp.hpp
[1.275s] -- Up-to-date: /home/hima/bachelors/rbkairos_ws/install/robotnik_supervisor_msgs/include/robotnik_supervisor_msgs/robotnik_supervisor_msgs/srv/detail/down_stack__rosidl_typesupport_introspection_cpp.hpp
[1.275s] -- Up-to-date: /home/hima/bachelors/rbkairos_ws/install/robotnik_supervisor_msgs/include/robotnik_supervisor_msgs/robotnik_supervisor_msgs/srv/detail/start_stack__type_support.cpp
[1.275s] -- Up-to-date: /home/hima/bachelors/rbkairos_ws/install/robotnik_supervisor_msgs/include/robotnik_supervisor_msgs/robotnik_supervisor_msgs/srv/detail/start_stack__rosidl_typesupport_introspection_cpp.hpp
[1.275s] -- Up-to-date: /home/hima/bachelors/rbkairos_ws/install/robotnik_supervisor_msgs/include/robotnik_supervisor_msgs/robotnik_supervisor_msgs/srv/detail/get_stack_logs__rosidl_typesupport_introspection_cpp.hpp
[1.275s] -- Up-to-date: /home/hima/bachelors/rbkairos_ws/install/robotnik_supervisor_msgs/include/robotnik_supervisor_msgs/robotnik_supervisor_msgs/srv/detail/restart_stack__type_support.cpp
[1.275s] -- Up-to-date: /home/hima/bachelors/rbkairos_ws/install/robotnik_supervisor_msgs/include/robotnik_supervisor_msgs/robotnik_supervisor_msgs/srv/detail/get_module_list__type_support.cpp
[1.275s] -- Up-to-date: /home/hima/bachelors/rbkairos_ws/install/robotnik_supervisor_msgs/include/robotnik_supervisor_msgs/robotnik_supervisor_msgs/srv/detail/get_stack_list__rosidl_typesupport_introspection_cpp.hpp
[1.275s] -- Up-to-date: /home/hima/bachelors/rbkairos_ws/install/robotnik_supervisor_msgs/include/robotnik_supervisor_msgs/robotnik_supervisor_msgs/srv/detail/restart_stack__rosidl_typesupport_introspection_cpp.hpp
[1.275s] -- Up-to-date: /home/hima/bachelors/rbkairos_ws/install/robotnik_supervisor_msgs/include/robotnik_supervisor_msgs/robotnik_supervisor_msgs/srv/detail/get_module_list__rosidl_typesupport_introspection_cpp.hpp
[1.276s] -- Up-to-date: /home/hima/bachelors/rbkairos_ws/install/robotnik_supervisor_msgs/include/robotnik_supervisor_msgs/robotnik_supervisor_msgs/srv/detail/start_module__type_support.cpp
[1.276s] -- Up-to-date: /home/hima/bachelors/rbkairos_ws/install/robotnik_supervisor_msgs/include/robotnik_supervisor_msgs/robotnik_supervisor_msgs/srv/detail/stop_module__rosidl_typesupport_introspection_cpp.hpp
[1.276s] -- Up-to-date: /home/hima/bachelors/rbkairos_ws/install/robotnik_supervisor_msgs/include/robotnik_supervisor_msgs/robotnik_supervisor_msgs/srv/detail/get_stack_status__type_support.cpp
[1.276s] -- Up-to-date: /home/hima/bachelors/rbkairos_ws/install/robotnik_supervisor_msgs/include/robotnik_supervisor_msgs/robotnik_supervisor_msgs/srv/detail/stop_module__type_support.cpp
[1.276s] -- Up-to-date: /home/hima/bachelors/rbkairos_ws/install/robotnik_supervisor_msgs/include/robotnik_supervisor_msgs/robotnik_supervisor_msgs/srv/detail/get_stack_list__type_support.cpp
[1.276s] -- Up-to-date: /home/hima/bachelors/rbkairos_ws/install/robotnik_supervisor_msgs/include/robotnik_supervisor_msgs/robotnik_supervisor_msgs/srv/detail/stop_stack__type_support.cpp
[1.276s] -- Up-to-date: /home/hima/bachelors/rbkairos_ws/install/robotnik_supervisor_msgs/include/robotnik_supervisor_msgs/robotnik_supervisor_msgs/srv/detail/get_stack_logs__type_support.cpp
[1.276s] -- Up-to-date: /home/hima/bachelors/rbkairos_ws/install/robotnik_supervisor_msgs/include/robotnik_supervisor_msgs/robotnik_supervisor_msgs/srv/detail/get_stack_status__rosidl_typesupport_introspection_cpp.hpp
[1.276s] -- Up-to-date: /home/hima/bachelors/rbkairos_ws/install/robotnik_supervisor_msgs/lib/librobotnik_supervisor_msgs__rosidl_typesupport_introspection_cpp.so
[1.276s] -- Up-to-date: /home/hima/bachelors/rbkairos_ws/install/robotnik_supervisor_msgs/lib/librobotnik_supervisor_msgs__rosidl_typesupport_cpp.so
[1.276s] -- Up-to-date: /home/hima/bachelors/rbkairos_ws/install/robotnik_supervisor_msgs/share/robotnik_supervisor_msgs/environment/pythonpath.sh
[1.276s] -- Up-to-date: /home/hima/bachelors/rbkairos_ws/install/robotnik_supervisor_msgs/share/robotnik_supervisor_msgs/environment/pythonpath.dsv
[1.276s] -- Up-to-date: /home/hima/bachelors/rbkairos_ws/install/robotnik_supervisor_msgs/local/lib/python3.10/dist-packages/robotnik_supervisor_msgs-1.0.0-py3.10.egg-info
[1.277s] -- Installing: /home/hima/bachelors/rbkairos_ws/install/robotnik_supervisor_msgs/local/lib/python3.10/dist-packages/robotnik_supervisor_msgs-1.0.0-py3.10.egg-info/top_level.txt
[1.277s] -- Installing: /home/hima/bachelors/rbkairos_ws/install/robotnik_supervisor_msgs/local/lib/python3.10/dist-packages/robotnik_supervisor_msgs-1.0.0-py3.10.egg-info/PKG-INFO
[1.277s] -- Installing: /home/hima/bachelors/rbkairos_ws/install/robotnik_supervisor_msgs/local/lib/python3.10/dist-packages/robotnik_supervisor_msgs-1.0.0-py3.10.egg-info/SOURCES.txt
[1.277s] -- Installing: /home/hima/bachelors/rbkairos_ws/install/robotnik_supervisor_msgs/local/lib/python3.10/dist-packages/robotnik_supervisor_msgs-1.0.0-py3.10.egg-info/dependency_links.txt
[1.277s] -- Up-to-date: /home/hima/bachelors/rbkairos_ws/install/robotnik_supervisor_msgs/local/lib/python3.10/dist-packages/robotnik_supervisor_msgs
[1.277s] -- Up-to-date: /home/hima/bachelors/rbkairos_ws/install/robotnik_supervisor_msgs/local/lib/python3.10/dist-packages/robotnik_supervisor_msgs/_robotnik_supervisor_msgs_s.ep.rosidl_typesupport_introspection_c.c
[1.277s] -- Up-to-date: /home/hima/bachelors/rbkairos_ws/install/robotnik_supervisor_msgs/local/lib/python3.10/dist-packages/robotnik_supervisor_msgs/srv
[1.277s] -- Up-to-date: /home/hima/bachelors/rbkairos_ws/install/robotnik_supervisor_msgs/local/lib/python3.10/dist-packages/robotnik_supervisor_msgs/srv/_start_stack_s.c
[1.277s] -- Up-to-date: /home/hima/bachelors/rbkairos_ws/install/robotnik_supervisor_msgs/local/lib/python3.10/dist-packages/robotnik_supervisor_msgs/srv/_down_stack_s.c
[1.277s] -- Up-to-date: /home/hima/bachelors/rbkairos_ws/install/robotnik_supervisor_msgs/local/lib/python3.10/dist-packages/robotnik_supervisor_msgs/srv/_get_stack_logs_s.c
[1.277s] -- Up-to-date: /home/hima/bachelors/rbkairos_ws/install/robotnik_supervisor_msgs/local/lib/python3.10/dist-packages/robotnik_supervisor_msgs/srv/_start_module_s.c
[1.277s] -- Up-to-date: /home/hima/bachelors/rbkairos_ws/install/robotnik_supervisor_msgs/local/lib/python3.10/dist-packages/robotnik_supervisor_msgs/srv/_stop_stack_s.c
[1.277s] -- Up-to-date: /home/hima/bachelors/rbkairos_ws/install/robotnik_supervisor_msgs/local/lib/python3.10/dist-packages/robotnik_supervisor_msgs/srv/_stop_module.py
[1.277s] -- Up-to-date: /home/hima/bachelors/rbkairos_ws/install/robotnik_supervisor_msgs/local/lib/python3.10/dist-packages/robotnik_supervisor_msgs/srv/_get_stack_list.py
[1.277s] -- Up-to-date: /home/hima/bachelors/rbkairos_ws/install/robotnik_supervisor_msgs/local/lib/python3.10/dist-packages/robotnik_supervisor_msgs/srv/_restart_stack_s.c
[1.277s] -- Up-to-date: /home/hima/bachelors/rbkairos_ws/install/robotnik_supervisor_msgs/local/lib/python3.10/dist-packages/robotnik_supervisor_msgs/srv/_start_stack.py
[1.278s] -- Up-to-date: /home/hima/bachelors/rbkairos_ws/install/robotnik_supervisor_msgs/local/lib/python3.10/dist-packages/robotnik_supervisor_msgs/srv/_restart_stack.py
[1.278s] -- Up-to-date: /home/hima/bachelors/rbkairos_ws/install/robotnik_supervisor_msgs/local/lib/python3.10/dist-packages/robotnik_supervisor_msgs/srv/_start_module.py
[1.278s] -- Up-to-date: /home/hima/bachelors/rbkairos_ws/install/robotnik_supervisor_msgs/local/lib/python3.10/dist-packages/robotnik_supervisor_msgs/srv/_get_stack_logs.py
[1.278s] -- Up-to-date: /home/hima/bachelors/rbkairos_ws/install/robotnik_supervisor_msgs/local/lib/python3.10/dist-packages/robotnik_supervisor_msgs/srv/__init__.py
[1.278s] -- Up-to-date: /home/hima/bachelors/rbkairos_ws/install/robotnik_supervisor_msgs/local/lib/python3.10/dist-packages/robotnik_supervisor_msgs/srv/_get_stack_list_s.c
[1.278s] -- Up-to-date: /home/hima/bachelors/rbkairos_ws/install/robotnik_supervisor_msgs/local/lib/python3.10/dist-packages/robotnik_supervisor_msgs/srv/_get_module_list.py
[1.278s] -- Up-to-date: /home/hima/bachelors/rbkairos_ws/install/robotnik_supervisor_msgs/local/lib/python3.10/dist-packages/robotnik_supervisor_msgs/srv/_get_module_list_s.c
[1.278s] -- Up-to-date: /home/hima/bachelors/rbkairos_ws/install/robotnik_supervisor_msgs/local/lib/python3.10/dist-packages/robotnik_supervisor_msgs/srv/_get_stack_status.py
[1.278s] -- Up-to-date: /home/hima/bachelors/rbkairos_ws/install/robotnik_supervisor_msgs/local/lib/python3.10/dist-packages/robotnik_supervisor_msgs/srv/_get_stack_status_s.c
[1.278s] -- Up-to-date: /home/hima/bachelors/rbkairos_ws/install/robotnik_supervisor_msgs/local/lib/python3.10/dist-packages/robotnik_supervisor_msgs/srv/_down_stack.py
[1.278s] -- Up-to-date: /home/hima/bachelors/rbkairos_ws/install/robotnik_supervisor_msgs/local/lib/python3.10/dist-packages/robotnik_supervisor_msgs/srv/_stop_stack.py
[1.278s] -- Up-to-date: /home/hima/bachelors/rbkairos_ws/install/robotnik_supervisor_msgs/local/lib/python3.10/dist-packages/robotnik_supervisor_msgs/srv/_stop_module_s.c
[1.278s] -- Up-to-date: /home/hima/bachelors/rbkairos_ws/install/robotnik_supervisor_msgs/local/lib/python3.10/dist-packages/robotnik_supervisor_msgs/robotnik_supervisor_msgs_s__rosidl_typesupport_introspection_c.cpython-310-x86_64-linux-gnu.so
[1.278s] -- Up-to-date: /home/hima/bachelors/rbkairos_ws/install/robotnik_supervisor_msgs/local/lib/python3.10/dist-packages/robotnik_supervisor_msgs/librobotnik_supervisor_msgs__rosidl_generator_py.so
[1.278s] -- Up-to-date: /home/hima/bachelors/rbkairos_ws/install/robotnik_supervisor_msgs/local/lib/python3.10/dist-packages/robotnik_supervisor_msgs/_robotnik_supervisor_msgs_s.ep.rosidl_typesupport_c.c
[1.279s] -- Up-to-date: /home/hima/bachelors/rbkairos_ws/install/robotnik_supervisor_msgs/local/lib/python3.10/dist-packages/robotnik_supervisor_msgs/_robotnik_supervisor_msgs_s.ep.rosidl_typesupport_fastrtps_c.c
[1.279s] -- Up-to-date: /home/hima/bachelors/rbkairos_ws/install/robotnik_supervisor_msgs/local/lib/python3.10/dist-packages/robotnik_supervisor_msgs/__init__.py
[1.279s] -- Up-to-date: /home/hima/bachelors/rbkairos_ws/install/robotnik_supervisor_msgs/local/lib/python3.10/dist-packages/robotnik_supervisor_msgs/robotnik_supervisor_msgs_s__rosidl_typesupport_c.cpython-310-x86_64-linux-gnu.so
[1.279s] -- Up-to-date: /home/hima/bachelors/rbkairos_ws/install/robotnik_supervisor_msgs/local/lib/python3.10/dist-packages/robotnik_supervisor_msgs/robotnik_supervisor_msgs_s__rosidl_typesupport_fastrtps_c.cpython-310-x86_64-linux-gnu.so
[1.324s] Listing '/home/hima/bachelors/rbkairos_ws/install/robotnik_supervisor_msgs/local/lib/python3.10/dist-packages/robotnik_supervisor_msgs'...
[1.324s] Listing '/home/hima/bachelors/rbkairos_ws/install/robotnik_supervisor_msgs/local/lib/python3.10/dist-packages/robotnik_supervisor_msgs/srv'...
[1.330s] -- Up-to-date: /home/hima/bachelors/rbkairos_ws/install/robotnik_supervisor_msgs/local/lib/python3.10/dist-packages/robotnik_supervisor_msgs/robotnik_supervisor_msgs_s__rosidl_typesupport_fastrtps_c.cpython-310-x86_64-linux-gnu.so
[1.332s] -- Up-to-date: /home/hima/bachelors/rbkairos_ws/install/robotnik_supervisor_msgs/local/lib/python3.10/dist-packages/robotnik_supervisor_msgs/robotnik_supervisor_msgs_s__rosidl_typesupport_introspection_c.cpython-310-x86_64-linux-gnu.so
[1.333s] -- Up-to-date: /home/hima/bachelors/rbkairos_ws/install/robotnik_supervisor_msgs/local/lib/python3.10/dist-packages/robotnik_supervisor_msgs/robotnik_supervisor_msgs_s__rosidl_typesupport_c.cpython-310-x86_64-linux-gnu.so
[1.334s] -- Up-to-date: /home/hima/bachelors/rbkairos_ws/install/robotnik_supervisor_msgs/lib/librobotnik_supervisor_msgs__rosidl_generator_py.so
[1.335s] -- Up-to-date: /home/hima/bachelors/rbkairos_ws/install/robotnik_supervisor_msgs/share/robotnik_supervisor_msgs/srv/DownStack.idl
[1.335s] -- Up-to-date: /home/hima/bachelors/rbkairos_ws/install/robotnik_supervisor_msgs/share/robotnik_supervisor_msgs/srv/GetModuleList.idl
[1.335s] -- Up-to-date: /home/hima/bachelors/rbkairos_ws/install/robotnik_supervisor_msgs/share/robotnik_supervisor_msgs/srv/GetStackList.idl
[1.335s] -- Up-to-date: /home/hima/bachelors/rbkairos_ws/install/robotnik_supervisor_msgs/share/robotnik_supervisor_msgs/srv/GetStackLogs.idl
[1.336s] -- Up-to-date: /home/hima/bachelors/rbkairos_ws/install/robotnik_supervisor_msgs/share/robotnik_supervisor_msgs/srv/GetStackStatus.idl
[1.336s] -- Up-to-date: /home/hima/bachelors/rbkairos_ws/install/robotnik_supervisor_msgs/share/robotnik_supervisor_msgs/srv/RestartStack.idl
[1.336s] -- Up-to-date: /home/hima/bachelors/rbkairos_ws/install/robotnik_supervisor_msgs/share/robotnik_supervisor_msgs/srv/StartModule.idl
[1.336s] -- Up-to-date: /home/hima/bachelors/rbkairos_ws/install/robotnik_supervisor_msgs/share/robotnik_supervisor_msgs/srv/StartStack.idl
[1.337s] -- Up-to-date: /home/hima/bachelors/rbkairos_ws/install/robotnik_supervisor_msgs/share/robotnik_supervisor_msgs/srv/StopModule.idl
[1.338s] -- Up-to-date: /home/hima/bachelors/rbkairos_ws/install/robotnik_supervisor_msgs/share/robotnik_supervisor_msgs/srv/StopStack.idl
[1.338s] -- Up-to-date: /home/hima/bachelors/rbkairos_ws/install/robotnik_supervisor_msgs/share/robotnik_supervisor_msgs/srv/DownStack.srv
[1.338s] -- Up-to-date: /home/hima/bachelors/rbkairos_ws/install/robotnik_supervisor_msgs/share/robotnik_supervisor_msgs/srv/DownStack_Request.msg
[1.338s] -- Up-to-date: /home/hima/bachelors/rbkairos_ws/install/robotnik_supervisor_msgs/share/robotnik_supervisor_msgs/srv/DownStack_Response.msg
[1.338s] -- Up-to-date: /home/hima/bachelors/rbkairos_ws/install/robotnik_supervisor_msgs/share/robotnik_supervisor_msgs/srv/GetModuleList.srv
[1.338s] -- Up-to-date: /home/hima/bachelors/rbkairos_ws/install/robotnik_supervisor_msgs/share/robotnik_supervisor_msgs/srv/GetModuleList_Request.msg
[1.339s] -- Up-to-date: /home/hima/bachelors/rbkairos_ws/install/robotnik_supervisor_msgs/share/robotnik_supervisor_msgs/srv/GetModuleList_Response.msg
[1.339s] -- Up-to-date: /home/hima/bachelors/rbkairos_ws/install/robotnik_supervisor_msgs/share/robotnik_supervisor_msgs/srv/GetStackList.srv
[1.340s] -- Up-to-date: /home/hima/bachelors/rbkairos_ws/install/robotnik_supervisor_msgs/share/robotnik_supervisor_msgs/srv/GetStackList_Request.msg
[1.340s] -- Up-to-date: /home/hima/bachelors/rbkairos_ws/install/robotnik_supervisor_msgs/share/robotnik_supervisor_msgs/srv/GetStackList_Response.msg
[1.340s] -- Up-to-date: /home/hima/bachelors/rbkairos_ws/install/robotnik_supervisor_msgs/share/robotnik_supervisor_msgs/srv/GetStackLogs.srv
[1.341s] -- Up-to-date: /home/hima/bachelors/rbkairos_ws/install/robotnik_supervisor_msgs/share/robotnik_supervisor_msgs/srv/GetStackLogs_Request.msg
[1.341s] -- Up-to-date: /home/hima/bachelors/rbkairos_ws/install/robotnik_supervisor_msgs/share/robotnik_supervisor_msgs/srv/GetStackLogs_Response.msg
[1.341s] -- Up-to-date: /home/hima/bachelors/rbkairos_ws/install/robotnik_supervisor_msgs/share/robotnik_supervisor_msgs/srv/GetStackStatus.srv
[1.341s] -- Up-to-date: /home/hima/bachelors/rbkairos_ws/install/robotnik_supervisor_msgs/share/robotnik_supervisor_msgs/srv/GetStackStatus_Request.msg
[1.341s] -- Up-to-date: /home/hima/bachelors/rbkairos_ws/install/robotnik_supervisor_msgs/share/robotnik_supervisor_msgs/srv/GetStackStatus_Response.msg
[1.341s] -- Up-to-date: /home/hima/bachelors/rbkairos_ws/install/robotnik_supervisor_msgs/share/robotnik_supervisor_msgs/srv/RestartStack.srv
[1.342s] -- Up-to-date: /home/hima/bachelors/rbkairos_ws/install/robotnik_supervisor_msgs/share/robotnik_supervisor_msgs/srv/RestartStack_Request.msg
[1.342s] -- Up-to-date: /home/hima/bachelors/rbkairos_ws/install/robotnik_supervisor_msgs/share/robotnik_supervisor_msgs/srv/RestartStack_Response.msg
[1.343s] -- Up-to-date: /home/hima/bachelors/rbkairos_ws/install/robotnik_supervisor_msgs/share/robotnik_supervisor_msgs/srv/StartModule.srv
[1.343s] -- Up-to-date: /home/hima/bachelors/rbkairos_ws/install/robotnik_supervisor_msgs/share/robotnik_supervisor_msgs/srv/StartModule_Request.msg
[1.343s] -- Up-to-date: /home/hima/bachelors/rbkairos_ws/install/robotnik_supervisor_msgs/share/robotnik_supervisor_msgs/srv/StartModule_Response.msg
[1.344s] -- Up-to-date: /home/hima/bachelors/rbkairos_ws/install/robotnik_supervisor_msgs/share/robotnik_supervisor_msgs/srv/StartStack.srv
[1.344s] -- Up-to-date: /home/hima/bachelors/rbkairos_ws/install/robotnik_supervisor_msgs/share/robotnik_supervisor_msgs/srv/StartStack_Request.msg
[1.345s] -- Up-to-date: /home/hima/bachelors/rbkairos_ws/install/robotnik_supervisor_msgs/share/robotnik_supervisor_msgs/srv/StartStack_Response.msg
[1.345s] -- Up-to-date: /home/hima/bachelors/rbkairos_ws/install/robotnik_supervisor_msgs/share/robotnik_supervisor_msgs/srv/StopModule.srv
[1.345s] -- Up-to-date: /home/hima/bachelors/rbkairos_ws/install/robotnik_supervisor_msgs/share/robotnik_supervisor_msgs/srv/StopModule_Request.msg
[1.345s] -- Up-to-date: /home/hima/bachelors/rbkairos_ws/install/robotnik_supervisor_msgs/share/robotnik_supervisor_msgs/srv/StopModule_Response.msg
[1.346s] -- Up-to-date: /home/hima/bachelors/rbkairos_ws/install/robotnik_supervisor_msgs/share/robotnik_supervisor_msgs/srv/StopStack.srv
[1.346s] -- Up-to-date: /home/hima/bachelors/rbkairos_ws/install/robotnik_supervisor_msgs/share/robotnik_supervisor_msgs/srv/StopStack_Request.msg
[1.346s] -- Up-to-date: /home/hima/bachelors/rbkairos_ws/install/robotnik_supervisor_msgs/share/robotnik_supervisor_msgs/srv/StopStack_Response.msg
[1.347s] -- Up-to-date: /home/hima/bachelors/rbkairos_ws/install/robotnik_supervisor_msgs/share/ament_index/resource_index/package_run_dependencies/robotnik_supervisor_msgs
[1.347s] -- Up-to-date: /home/hima/bachelors/rbkairos_ws/install/robotnik_supervisor_msgs/share/ament_index/resource_index/parent_prefix_path/robotnik_supervisor_msgs
[1.347s] -- Up-to-date: /home/hima/bachelors/rbkairos_ws/install/robotnik_supervisor_msgs/share/robotnik_supervisor_msgs/environment/ament_prefix_path.sh
[1.348s] -- Up-to-date: /home/hima/bachelors/rbkairos_ws/install/robotnik_supervisor_msgs/share/robotnik_supervisor_msgs/environment/ament_prefix_path.dsv
[1.348s] -- Up-to-date: /home/hima/bachelors/rbkairos_ws/install/robotnik_supervisor_msgs/share/robotnik_supervisor_msgs/environment/path.sh
[1.348s] -- Up-to-date: /home/hima/bachelors/rbkairos_ws/install/robotnik_supervisor_msgs/share/robotnik_supervisor_msgs/environment/path.dsv
[1.348s] -- Up-to-date: /home/hima/bachelors/rbkairos_ws/install/robotnik_supervisor_msgs/share/robotnik_supervisor_msgs/local_setup.bash
[1.349s] -- Up-to-date: /home/hima/bachelors/rbkairos_ws/install/robotnik_supervisor_msgs/share/robotnik_supervisor_msgs/local_setup.sh
[1.350s] -- Up-to-date: /home/hima/bachelors/rbkairos_ws/install/robotnik_supervisor_msgs/share/robotnik_supervisor_msgs/local_setup.zsh
[1.350s] -- Up-to-date: /home/hima/bachelors/rbkairos_ws/install/robotnik_supervisor_msgs/share/robotnik_supervisor_msgs/local_setup.dsv
[1.351s] -- Installing: /home/hima/bachelors/rbkairos_ws/install/robotnik_supervisor_msgs/share/robotnik_supervisor_msgs/package.dsv
[1.351s] -- Up-to-date: /home/hima/bachelors/rbkairos_ws/install/robotnik_supervisor_msgs/share/ament_index/resource_index/packages/robotnik_supervisor_msgs
[1.352s] -- Up-to-date: /home/hima/bachelors/rbkairos_ws/install/robotnik_supervisor_msgs/share/robotnik_supervisor_msgs/cmake/export_robotnik_supervisor_msgs__rosidl_generator_cExport.cmake
[1.355s] -- Up-to-date: /home/hima/bachelors/rbkairos_ws/install/robotnik_supervisor_msgs/share/robotnik_supervisor_msgs/cmake/export_robotnik_supervisor_msgs__rosidl_generator_cExport-noconfig.cmake
[1.356s] -- Up-to-date: /home/hima/bachelors/rbkairos_ws/install/robotnik_supervisor_msgs/share/robotnik_supervisor_msgs/cmake/export_robotnik_supervisor_msgs__rosidl_typesupport_fastrtps_cExport.cmake
[1.357s] -- Up-to-date: /home/hima/bachelors/rbkairos_ws/install/robotnik_supervisor_msgs/share/robotnik_supervisor_msgs/cmake/export_robotnik_supervisor_msgs__rosidl_typesupport_fastrtps_cExport-noconfig.cmake
[1.357s] -- Up-to-date: /home/hima/bachelors/rbkairos_ws/install/robotnik_supervisor_msgs/share/robotnik_supervisor_msgs/cmake/export_robotnik_supervisor_msgs__rosidl_generator_cppExport.cmake
[1.357s] -- Up-to-date: /home/hima/bachelors/rbkairos_ws/install/robotnik_supervisor_msgs/share/robotnik_supervisor_msgs/cmake/export_robotnik_supervisor_msgs__rosidl_typesupport_fastrtps_cppExport.cmake
[1.357s] -- Up-to-date: /home/hima/bachelors/rbkairos_ws/install/robotnik_supervisor_msgs/share/robotnik_supervisor_msgs/cmake/export_robotnik_supervisor_msgs__rosidl_typesupport_fastrtps_cppExport-noconfig.cmake
[1.357s] -- Up-to-date: /home/hima/bachelors/rbkairos_ws/install/robotnik_supervisor_msgs/share/robotnik_supervisor_msgs/cmake/robotnik_supervisor_msgs__rosidl_typesupport_introspection_cExport.cmake
[1.357s] -- Up-to-date: /home/hima/bachelors/rbkairos_ws/install/robotnik_supervisor_msgs/share/robotnik_supervisor_msgs/cmake/robotnik_supervisor_msgs__rosidl_typesupport_introspection_cExport-noconfig.cmake
[1.357s] -- Up-to-date: /home/hima/bachelors/rbkairos_ws/install/robotnik_supervisor_msgs/share/robotnik_supervisor_msgs/cmake/robotnik_supervisor_msgs__rosidl_typesupport_cExport.cmake
[1.357s] -- Up-to-date: /home/hima/bachelors/rbkairos_ws/install/robotnik_supervisor_msgs/share/robotnik_supervisor_msgs/cmake/robotnik_supervisor_msgs__rosidl_typesupport_cExport-noconfig.cmake
[1.357s] -- Up-to-date: /home/hima/bachelors/rbkairos_ws/install/robotnik_supervisor_msgs/share/robotnik_supervisor_msgs/cmake/robotnik_supervisor_msgs__rosidl_typesupport_introspection_cppExport.cmake
[1.358s] -- Up-to-date: /home/hima/bachelors/rbkairos_ws/install/robotnik_supervisor_msgs/share/robotnik_supervisor_msgs/cmake/robotnik_supervisor_msgs__rosidl_typesupport_introspection_cppExport-noconfig.cmake
[1.358s] -- Up-to-date: /home/hima/bachelors/rbkairos_ws/install/robotnik_supervisor_msgs/share/robotnik_supervisor_msgs/cmake/robotnik_supervisor_msgs__rosidl_typesupport_cppExport.cmake
[1.358s] -- Up-to-date: /home/hima/bachelors/rbkairos_ws/install/robotnik_supervisor_msgs/share/robotnik_supervisor_msgs/cmake/robotnik_supervisor_msgs__rosidl_typesupport_cppExport-noconfig.cmake
[1.358s] -- Up-to-date: /home/hima/bachelors/rbkairos_ws/install/robotnik_supervisor_msgs/share/robotnik_supervisor_msgs/cmake/export_robotnik_supervisor_msgs__rosidl_generator_pyExport.cmake
[1.358s] -- Up-to-date: /home/hima/bachelors/rbkairos_ws/install/robotnik_supervisor_msgs/share/robotnik_supervisor_msgs/cmake/export_robotnik_supervisor_msgs__rosidl_generator_pyExport-noconfig.cmake
[1.359s] -- Up-to-date: /home/hima/bachelors/rbkairos_ws/install/robotnik_supervisor_msgs/share/robotnik_supervisor_msgs/cmake/rosidl_cmake-extras.cmake
[1.359s] -- Up-to-date: /home/hima/bachelors/rbkairos_ws/install/robotnik_supervisor_msgs/share/robotnik_supervisor_msgs/cmake/ament_cmake_export_dependencies-extras.cmake
[1.360s] -- Up-to-date: /home/hima/bachelors/rbkairos_ws/install/robotnik_supervisor_msgs/share/robotnik_supervisor_msgs/cmake/ament_cmake_export_include_directories-extras.cmake
[1.360s] -- Up-to-date: /home/hima/bachelors/rbkairos_ws/install/robotnik_supervisor_msgs/share/robotnik_supervisor_msgs/cmake/ament_cmake_export_libraries-extras.cmake
[1.361s] -- Up-to-date: /home/hima/bachelors/rbkairos_ws/install/robotnik_supervisor_msgs/share/robotnik_supervisor_msgs/cmake/ament_cmake_export_targets-extras.cmake
[1.361s] -- Up-to-date: /home/hima/bachelors/rbkairos_ws/install/robotnik_supervisor_msgs/share/robotnik_supervisor_msgs/cmake/rosidl_cmake_export_typesupport_targets-extras.cmake
[1.361s] -- Up-to-date: /home/hima/bachelors/rbkairos_ws/install/robotnik_supervisor_msgs/share/robotnik_supervisor_msgs/cmake/rosidl_cmake_export_typesupport_libraries-extras.cmake
[1.362s] -- Up-to-date: /home/hima/bachelors/rbkairos_ws/install/robotnik_supervisor_msgs/share/robotnik_supervisor_msgs/cmake/robotnik_supervisor_msgsConfig.cmake
[1.362s] -- Up-to-date: /home/hima/bachelors/rbkairos_ws/install/robotnik_supervisor_msgs/share/robotnik_supervisor_msgs/cmake/robotnik_supervisor_msgsConfig-version.cmake
[1.362s] -- Up-to-date: /home/hima/bachelors/rbkairos_ws/install/robotnik_supervisor_msgs/share/robotnik_supervisor_msgs/package.xml
[1.363s] Invoked command in '/home/hima/bachelors/rbkairos_ws/build/robotnik_supervisor_msgs' returned '0': CMAKE_PREFIX_PATH=/home/hima/bachelors/rbkairos_ws/install/robotnik_common_msgs:/home/hima/bachelors/rbkairos_ws/install/ros2_laser_scan_merger:/home/hima/bachelors/rbkairos_ws/install/ros2_laser_scan_matcher:/home/hima/bachelors/rbkairos_ws/install/robotnik_supervisor_msgs:/home/hima/bachelors/rbkairos_ws/install/robotnik_gazebo_ignition:/home/hima/bachelors/rbkairos_ws/install/robotnik_gazebo_classic:/home/hima/bachelors/rbkairos_ws/install/mapping:/home/hima/bachelors/rbkairos_ws/install/robotnik_description:/home/hima/bachelors/rbkairos_ws/install/robotnik_sensors:/home/hima/bachelors/rbkairos_ws/install/robotnik_interfaces:/home/hima/bachelors/rbkairos_ws/install/robotnik_safety_msgs:/home/hima/bachelors/rbkairos_ws/install/robotnik_perception_msgs:/home/hima/bachelors/rbkairos_ws/install/robotnik_navigation_msgs:/home/hima/bachelors/rbkairos_ws/install/robotnik_io_msgs:/home/hima/bachelors/rbkairos_ws/install/robotnik_controllers_msgs:/home/hima/bachelors/rbkairos_ws/install/robotnik_common:/home/hima/bachelors/rbkairos_ws/install/robotnik_battery_msgs:/home/hima/bachelors/rbkairos_ws/install/csm:/opt/ros/humble LD_LIBRARY_PATH=/home/hima/bachelors/rbkairos_ws/install/robotnik_common_msgs/lib:/home/hima/bachelors/rbkairos_ws/install/robotnik_supervisor_msgs/lib:/home/hima/bachelors/rbkairos_ws/install/robotnik_perception_msgs/lib:/home/hima/bachelors/rbkairos_ws/install/robotnik_navigation_msgs/lib:/home/hima/bachelors/rbkairos_ws/install/robotnik_io_msgs/lib:/home/hima/bachelors/rbkairos_ws/install/robotnik_controllers_msgs/lib:/home/hima/bachelors/rbkairos_ws/install/robotnik_battery_msgs/lib:/home/hima/bachelors/rbkairos_ws/install/csm/lib:/usr/lib/x86_64-linux-gnu/gazebo-11/plugins:/opt/ros/humble/opt/rviz_ogre_vendor/lib:/opt/ros/humble/lib/x86_64-linux-gnu:/opt/ros/humble/lib /usr/bin/cmake --install /home/hima/bachelors/rbkairos_ws/build/robotnik_supervisor_msgs
