[0.014s] Invoking command in '/home/hima/bachelors/rbkairos_ws/build/csm': CMAKE_PREFIX_PATH=${CMAKE_PREFIX_PATH}:/opt/ros/humble /usr/bin/cmake /home/hima/bachelors/rbkairos_ws/src/csm -DCMAKE_INSTALL_PREFIX=/home/hima/bachelors/rbkairos_ws/install/csm
[0.072s] -- The C compiler identification is GNU 11.4.0
[0.135s] -- The CXX compiler identification is GNU 11.4.0
[0.144s] -- Detecting C compiler ABI info
[0.209s] -- Detecting C compiler ABI info - done
[0.221s] -- Check for working C compiler: /usr/bin/cc - skipped
[0.221s] -- Detecting C compile features
[0.222s] -- Detecting C compile features - done
[0.227s] -- Detecting CXX compiler ABI info
[0.322s] -- Detecting CXX compiler ABI info - done
[0.334s] -- Check for working CXX compiler: /usr/bin/c++ - skipped
[0.335s] -- Detecting CXX compile features
[0.335s] -- Detecting CXX compile features - done
[0.339s] -- Found ament_cmake: 1.3.11 (/opt/ros/humble/share/ament_cmake/cmake)
[0.526s] -- Found Python3: /usr/bin/python3 (found version "3.10.12") found components: Interpreter 
[0.631s] -- Found rclcpp: 16.0.12 (/opt/ros/humble/share/rclcpp/cmake)
[0.677s] -- Found rosidl_generator_c: 3.1.6 (/opt/ros/humble/share/rosidl_generator_c/cmake)
[0.682s] -- Found rosidl_adapter: 3.1.6 (/opt/ros/humble/share/rosidl_adapter/cmake)
[0.690s] -- Found rosidl_generator_cpp: 3.1.6 (/opt/ros/humble/share/rosidl_generator_cpp/cmake)
[0.702s] -- Using all available rosidl_typesupport_c: rosidl_typesupport_fastrtps_c;rosidl_typesupport_introspection_c
[0.717s] -- Using all available rosidl_typesupport_cpp: rosidl_typesupport_fastrtps_cpp;rosidl_typesupport_introspection_cpp
[0.760s] -- Found rmw_implementation_cmake: 6.1.2 (/opt/ros/humble/share/rmw_implementation_cmake/cmake)
[0.763s] -- Found rmw_cyclonedds_cpp: 1.3.4 (/opt/ros/humble/share/rmw_cyclonedds_cpp/cmake)
[0.783s] -- Using RMW implementation 'rmw_cyclonedds_cpp' as default
[0.791s] -- Looking for pthread.h
[0.874s] -- Looking for pthread.h - found
[0.874s] -- Performing Test CMAKE_HAVE_LIBC_PTHREAD
[0.956s] -- Performing Test CMAKE_HAVE_LIBC_PTHREAD - Success
[0.958s] -- Found Threads: TRUE  
[1.094s] -- Configuring done
[1.100s] -- Generating done
[1.102s] -- Build files have been written to: /home/hima/bachelors/rbkairos_ws/build/csm
[1.109s] Invoked command in '/home/hima/bachelors/rbkairos_ws/build/csm' returned '0': CMAKE_PREFIX_PATH=${CMAKE_PREFIX_PATH}:/opt/ros/humble /usr/bin/cmake /home/hima/bachelors/rbkairos_ws/src/csm -DCMAKE_INSTALL_PREFIX=/home/hima/bachelors/rbkairos_ws/install/csm
[1.111s] Invoking command in '/home/hima/bachelors/rbkairos_ws/build/csm': CMAKE_PREFIX_PATH=${CMAKE_PREFIX_PATH}:/opt/ros/humble /usr/bin/cmake --build /home/hima/bachelors/rbkairos_ws/build/csm -- -j16 -l16
[1.168s] [  4%] [32mBuilding CXX object CMakeFiles/csm.dir/src/csm/math_utils_gsl.cpp.o[0m
[1.168s] [ 12%] [32mBuilding CXX object CMakeFiles/csm.dir/src/csm/orientation.cpp.o[0m
[1.169s] [ 12%] [32mBuilding CXX object CMakeFiles/csm.dir/src/csm/laser_data.cpp.o[0m
[1.169s] [ 16%] [32mBuilding CXX object CMakeFiles/csm.dir/src/csm/utils.cpp.o[0m
[1.169s] [ 20%] [32mBuilding CXX object CMakeFiles/csm.dir/src/csm/sm_options.cpp.o[0m
[1.169s] [ 25%] [32mBuilding CXX object CMakeFiles/csm.dir/src/csm/logging.cpp.o[0m
[1.169s] [ 29%] [32mBuilding CXX object CMakeFiles/csm.dir/src/csm/clustering.cpp.o[0m
[1.170s] [ 33%] [32mBuilding CXX object CMakeFiles/csm.dir/src/csm/math_utils.cpp.o[0m
[1.171s] [ 37%] [32mBuilding CXX object CMakeFiles/csm.dir/src/egsl/egsl.cpp.o[0m
[1.172s] [ 41%] [32mBuilding CXX object CMakeFiles/csm.dir/src/egsl/egsl_misc.cpp.o[0m
[1.172s] [ 45%] [32mBuilding CXX object CMakeFiles/csm.dir/src/egsl/egsl_conversions.cpp.o[0m
[1.175s] [ 50%] [32mBuilding CXX object CMakeFiles/csm.dir/src/egsl/egsl_ops.cpp.o[0m
[1.178s] [ 54%] [32mBuilding CXX object CMakeFiles/csm.dir/src/gpc/gpc.cpp.o[0m
[1.194s] [ 58%] [32mBuilding CXX object CMakeFiles/csm.dir/src/gpc/gpc_utils.cpp.o[0m
[1.195s] [ 62%] [32mBuilding CXX object CMakeFiles/csm.dir/src/icp/icp_corr_dumb.cpp.o[0m
[1.195s] [ 66%] [32mBuilding CXX object CMakeFiles/csm.dir/src/icp/icp.cpp.o[0m
[3.811s] [ 70%] [32mBuilding CXX object CMakeFiles/csm.dir/src/icp/icp_covariance.cpp.o[0m
[3.812s] [ 75%] [32mBuilding CXX object CMakeFiles/csm.dir/src/icp/icp_corr_tricks.cpp.o[0m
[3.877s] [ 79%] [32mBuilding CXX object CMakeFiles/csm.dir/src/icp/icp_debug.cpp.o[0m
[3.970s] [ 83%] [32mBuilding CXX object CMakeFiles/csm.dir/src/icp/icp_loop.cpp.o[0m
[3.976s] [ 87%] [32mBuilding CXX object CMakeFiles/csm.dir/src/icp/icp_outliers.cpp.o[0m
[4.073s] [ 91%] [32mBuilding CXX object CMakeFiles/csm.dir/src/options/options.cpp.o[0m
[4.074s] [ 95%] [32mBuilding CXX object CMakeFiles/csm.dir/src/options/options_interface.cpp.o[0m
[31.284s] [100%] [32m[1mLinking CXX shared library libcsm.so[0m
[31.810s] [100%] Built target csm
[31.836s] Invoked command in '/home/hima/bachelors/rbkairos_ws/build/csm' returned '0': CMAKE_PREFIX_PATH=${CMAKE_PREFIX_PATH}:/opt/ros/humble /usr/bin/cmake --build /home/hima/bachelors/rbkairos_ws/build/csm -- -j16 -l16
[31.842s] Invoking command in '/home/hima/bachelors/rbkairos_ws/build/csm': CMAKE_PREFIX_PATH=${CMAKE_PREFIX_PATH}:/opt/ros/humble /usr/bin/cmake --install /home/hima/bachelors/rbkairos_ws/build/csm
[31.848s] -- Install configuration: ""
[31.849s] -- Installing: /home/hima/bachelors/rbkairos_ws/install/csm/lib/libcsm.so
[31.853s] -- Installing: /home/hima/bachelors/rbkairos_ws/install/csm/include/..//include
[31.853s] -- Installing: /home/hima/bachelors/rbkairos_ws/install/csm/include/..//include/gsl_eigen
[31.854s] -- Installing: /home/hima/bachelors/rbkairos_ws/install/csm/include/..//include/gsl_eigen/gsl_eigen.h
[31.854s] -- Installing: /home/hima/bachelors/rbkairos_ws/install/csm/include/..//include/csm
[31.854s] -- Installing: /home/hima/bachelors/rbkairos_ws/install/csm/include/..//include/csm/csm.h
[31.854s] -- Installing: /home/hima/bachelors/rbkairos_ws/install/csm/include/..//include/csm/algos.h
[31.854s] -- Installing: /home/hima/bachelors/rbkairos_ws/install/csm/include/..//include/csm/laser_data_inline.h
[31.854s] -- Installing: /home/hima/bachelors/rbkairos_ws/install/csm/include/..//include/csm/laser_data.h
[31.854s] -- Installing: /home/hima/bachelors/rbkairos_ws/install/csm/include/..//include/csm/restrict.h
[31.854s] -- Installing: /home/hima/bachelors/rbkairos_ws/install/csm/share/csm/resource
[31.854s] -- Installing: /home/hima/bachelors/rbkairos_ws/install/csm/share/csm/resource/csm
[31.854s] -- Installing: /home/hima/bachelors/rbkairos_ws/install/csm/include/../gsl_eigen
[31.854s] -- Installing: /home/hima/bachelors/rbkairos_ws/install/csm/include/../gsl_eigen/gsl_eigen.h
[31.854s] -- Installing: /home/hima/bachelors/rbkairos_ws/install/csm/share/csm/environment/library_path.sh
[31.854s] -- Installing: /home/hima/bachelors/rbkairos_ws/install/csm/share/csm/environment/library_path.dsv
[31.855s] -- Installing: /home/hima/bachelors/rbkairos_ws/install/csm/share/ament_index/resource_index/package_run_dependencies/csm
[31.855s] -- Installing: /home/hima/bachelors/rbkairos_ws/install/csm/share/ament_index/resource_index/parent_prefix_path/csm
[31.855s] -- Installing: /home/hima/bachelors/rbkairos_ws/install/csm/share/csm/environment/ament_prefix_path.sh
[31.855s] -- Installing: /home/hima/bachelors/rbkairos_ws/install/csm/share/csm/environment/ament_prefix_path.dsv
[31.855s] -- Installing: /home/hima/bachelors/rbkairos_ws/install/csm/share/csm/environment/path.sh
[31.855s] -- Installing: /home/hima/bachelors/rbkairos_ws/install/csm/share/csm/environment/path.dsv
[31.855s] -- Installing: /home/hima/bachelors/rbkairos_ws/install/csm/share/csm/local_setup.bash
[31.855s] -- Installing: /home/hima/bachelors/rbkairos_ws/install/csm/share/csm/local_setup.sh
[31.855s] -- Installing: /home/hima/bachelors/rbkairos_ws/install/csm/share/csm/local_setup.zsh
[31.856s] -- Installing: /home/hima/bachelors/rbkairos_ws/install/csm/share/csm/local_setup.dsv
[31.856s] -- Installing: /home/hima/bachelors/rbkairos_ws/install/csm/share/csm/package.dsv
[31.856s] -- Installing: /home/hima/bachelors/rbkairos_ws/install/csm/share/ament_index/resource_index/packages/csm
[31.856s] -- Installing: /home/hima/bachelors/rbkairos_ws/install/csm/share/csm/cmake/ament_cmake_export_dependencies-extras.cmake
[31.856s] -- Installing: /home/hima/bachelors/rbkairos_ws/install/csm/share/csm/cmake/ament_cmake_export_include_directories-extras.cmake
[31.856s] -- Installing: /home/hima/bachelors/rbkairos_ws/install/csm/share/csm/cmake/ament_cmake_export_libraries-extras.cmake
[31.856s] -- Installing: /home/hima/bachelors/rbkairos_ws/install/csm/share/csm/cmake/csmConfig.cmake
[31.856s] -- Installing: /home/hima/bachelors/rbkairos_ws/install/csm/share/csm/cmake/csmConfig-version.cmake
[31.856s] -- Installing: /home/hima/bachelors/rbkairos_ws/install/csm/share/csm/package.xml
[31.860s] Invoked command in '/home/hima/bachelors/rbkairos_ws/build/csm' returned '0': CMAKE_PREFIX_PATH=${CMAKE_PREFIX_PATH}:/opt/ros/humble /usr/bin/cmake --install /home/hima/bachelors/rbkairos_ws/build/csm
