[0.023s] Invoking command in '/home/hima/bachelors/rbkairos_ws/build/robotnik_common_msgs': CMAKE_PREFIX_PATH=/opt/ros/humble /usr/bin/cmake --build /home/hima/bachelors/rbkairos_ws/build/robotnik_common_msgs -- -j16 -l16
[0.104s] [  1%] Built target robotnik_common_msgs__cpp
[0.114s] [ 12%] Built target robotnik_common_msgs__rosidl_generator_c
[0.158s] [ 12%] Built target ament_cmake_python_copy_robotnik_common_msgs
[0.165s] [ 23%] Built target robotnik_common_msgs__rosidl_typesupport_cpp
[0.165s] [ 35%] Built target robotnik_common_msgs__rosidl_typesupport_introspection_cpp
[0.167s] [ 46%] Built target robotnik_common_msgs__rosidl_typesupport_fastrtps_cpp
[0.168s] [ 57%] Built target robotnik_common_msgs__rosidl_typesupport_c
[0.170s] [ 73%] Built target robotnik_common_msgs__rosidl_typesupport_fastrtps_c
[0.170s] [ 80%] Built target robotnik_common_msgs__rosidl_typesupport_introspection_c
[0.194s] [ 80%] Built target robotnik_common_msgs
[0.225s] [ 81%] Built target robotnik_common_msgs__py
[0.253s] [ 91%] Built target robotnik_common_msgs__rosidl_generator_py
[0.284s] [ 94%] Built target robotnik_common_msgs__rosidl_typesupport_fastrtps_c__pyext
[0.286s] [ 97%] Built target robotnik_common_msgs__rosidl_typesupport_c__pyext
[0.286s] [100%] Built target robotnik_common_msgs__rosidl_typesupport_introspection_c__pyext
[0.433s] running egg_info
[0.435s] writing robotnik_common_msgs.egg-info/PKG-INFO
[0.436s] writing dependency_links to robotnik_common_msgs.egg-info/dependency_links.txt
[0.437s] writing top-level names to robotnik_common_msgs.egg-info/top_level.txt
[0.439s] reading manifest file 'robotnik_common_msgs.egg-info/SOURCES.txt'
[0.439s] writing manifest file 'robotnik_common_msgs.egg-info/SOURCES.txt'
[0.471s] [100%] Built target ament_cmake_python_build_robotnik_common_msgs_egg
[0.484s] Invoked command in '/home/hima/bachelors/rbkairos_ws/build/robotnik_common_msgs' returned '0': CMAKE_PREFIX_PATH=/opt/ros/humble /usr/bin/cmake --build /home/hima/bachelors/rbkairos_ws/build/robotnik_common_msgs -- -j16 -l16
[0.486s] Invoking command in '/home/hima/bachelors/rbkairos_ws/build/robotnik_common_msgs': CMAKE_PREFIX_PATH=/opt/ros/humble /usr/bin/cmake --install /home/hima/bachelors/rbkairos_ws/build/robotnik_common_msgs
[0.495s] -- Install configuration: ""
[0.495s] -- Up-to-date: /home/hima/bachelors/rbkairos_ws/install/robotnik_common_msgs/share/ament_index/resource_index/rosidl_interfaces/robotnik_common_msgs
[0.495s] -- Up-to-date: /home/hima/bachelors/rbkairos_ws/install/robotnik_common_msgs/include/robotnik_common_msgs/robotnik_common_msgs
[0.496s] -- Up-to-date: /home/hima/bachelors/rbkairos_ws/install/robotnik_common_msgs/include/robotnik_common_msgs/robotnik_common_msgs/srv
[0.496s] -- Up-to-date: /home/hima/bachelors/rbkairos_ws/install/robotnik_common_msgs/include/robotnik_common_msgs/robotnik_common_msgs/srv/set_float64.h
[0.496s] -- Up-to-date: /home/hima/bachelors/rbkairos_ws/install/robotnik_common_msgs/include/robotnik_common_msgs/robotnik_common_msgs/srv/detail
[0.496s] -- Up-to-date: /home/hima/bachelors/rbkairos_ws/install/robotnik_common_msgs/include/robotnik_common_msgs/robotnik_common_msgs/srv/detail/set_int32__functions.c
[0.496s] -- Up-to-date: /home/hima/bachelors/rbkairos_ws/install/robotnik_common_msgs/include/robotnik_common_msgs/robotnik_common_msgs/srv/detail/set_bool__struct.h
[0.496s] -- Up-to-date: /home/hima/bachelors/rbkairos_ws/install/robotnik_common_msgs/include/robotnik_common_msgs/robotnik_common_msgs/srv/detail/set_int32__struct.h
[0.496s] -- Up-to-date: /home/hima/bachelors/rbkairos_ws/install/robotnik_common_msgs/include/robotnik_common_msgs/robotnik_common_msgs/srv/detail/set_float64__type_support.h
[0.497s] -- Up-to-date: /home/hima/bachelors/rbkairos_ws/install/robotnik_common_msgs/include/robotnik_common_msgs/robotnik_common_msgs/srv/detail/set_float32__functions.c
[0.497s] -- Up-to-date: /home/hima/bachelors/rbkairos_ws/install/robotnik_common_msgs/include/robotnik_common_msgs/robotnik_common_msgs/srv/detail/set_string__functions.h
[0.497s] -- Up-to-date: /home/hima/bachelors/rbkairos_ws/install/robotnik_common_msgs/include/robotnik_common_msgs/robotnik_common_msgs/srv/detail/set_float32__functions.h
[0.497s] -- Up-to-date: /home/hima/bachelors/rbkairos_ws/install/robotnik_common_msgs/include/robotnik_common_msgs/robotnik_common_msgs/srv/detail/set_float64__struct.h
[0.497s] -- Up-to-date: /home/hima/bachelors/rbkairos_ws/install/robotnik_common_msgs/include/robotnik_common_msgs/robotnik_common_msgs/srv/detail/set_bool__functions.c
[0.497s] -- Up-to-date: /home/hima/bachelors/rbkairos_ws/install/robotnik_common_msgs/include/robotnik_common_msgs/robotnik_common_msgs/srv/detail/set_float64__functions.c
[0.497s] -- Up-to-date: /home/hima/bachelors/rbkairos_ws/install/robotnik_common_msgs/include/robotnik_common_msgs/robotnik_common_msgs/srv/detail/set_string__functions.c
[0.497s] -- Up-to-date: /home/hima/bachelors/rbkairos_ws/install/robotnik_common_msgs/include/robotnik_common_msgs/robotnik_common_msgs/srv/detail/set_bool__type_support.h
[0.497s] -- Up-to-date: /home/hima/bachelors/rbkairos_ws/install/robotnik_common_msgs/include/robotnik_common_msgs/robotnik_common_msgs/srv/detail/set_int32__type_support.h
[0.498s] -- Up-to-date: /home/hima/bachelors/rbkairos_ws/install/robotnik_common_msgs/include/robotnik_common_msgs/robotnik_common_msgs/srv/detail/set_float32__type_support.h
[0.498s] -- Up-to-date: /home/hima/bachelors/rbkairos_ws/install/robotnik_common_msgs/include/robotnik_common_msgs/robotnik_common_msgs/srv/detail/set_int32__functions.h
[0.498s] -- Up-to-date: /home/hima/bachelors/rbkairos_ws/install/robotnik_common_msgs/include/robotnik_common_msgs/robotnik_common_msgs/srv/detail/set_float64__functions.h
[0.498s] -- Up-to-date: /home/hima/bachelors/rbkairos_ws/install/robotnik_common_msgs/include/robotnik_common_msgs/robotnik_common_msgs/srv/detail/set_string__type_support.h
[0.498s] -- Up-to-date: /home/hima/bachelors/rbkairos_ws/install/robotnik_common_msgs/include/robotnik_common_msgs/robotnik_common_msgs/srv/detail/set_bool__functions.h
[0.498s] -- Up-to-date: /home/hima/bachelors/rbkairos_ws/install/robotnik_common_msgs/include/robotnik_common_msgs/robotnik_common_msgs/srv/detail/set_float32__struct.h
[0.499s] -- Up-to-date: /home/hima/bachelors/rbkairos_ws/install/robotnik_common_msgs/include/robotnik_common_msgs/robotnik_common_msgs/srv/detail/set_string__struct.h
[0.499s] -- Up-to-date: /home/hima/bachelors/rbkairos_ws/install/robotnik_common_msgs/include/robotnik_common_msgs/robotnik_common_msgs/srv/set_int32.h
[0.499s] -- Up-to-date: /home/hima/bachelors/rbkairos_ws/install/robotnik_common_msgs/include/robotnik_common_msgs/robotnik_common_msgs/srv/set_string.h
[0.499s] -- Up-to-date: /home/hima/bachelors/rbkairos_ws/install/robotnik_common_msgs/include/robotnik_common_msgs/robotnik_common_msgs/srv/set_bool.h
[0.499s] -- Up-to-date: /home/hima/bachelors/rbkairos_ws/install/robotnik_common_msgs/include/robotnik_common_msgs/robotnik_common_msgs/srv/set_float32.h
[0.499s] -- Up-to-date: /home/hima/bachelors/rbkairos_ws/install/robotnik_common_msgs/include/robotnik_common_msgs/robotnik_common_msgs/msg
[0.499s] -- Up-to-date: /home/hima/bachelors/rbkairos_ws/install/robotnik_common_msgs/include/robotnik_common_msgs/robotnik_common_msgs/msg/detail
[0.500s] -- Up-to-date: /home/hima/bachelors/rbkairos_ws/install/robotnik_common_msgs/include/robotnik_common_msgs/robotnik_common_msgs/msg/detail/response__type_support.h
[0.500s] -- Up-to-date: /home/hima/bachelors/rbkairos_ws/install/robotnik_common_msgs/include/robotnik_common_msgs/robotnik_common_msgs/msg/detail/response__functions.c
[0.500s] -- Up-to-date: /home/hima/bachelors/rbkairos_ws/install/robotnik_common_msgs/include/robotnik_common_msgs/robotnik_common_msgs/msg/detail/response__struct.h
[0.500s] -- Up-to-date: /home/hima/bachelors/rbkairos_ws/install/robotnik_common_msgs/include/robotnik_common_msgs/robotnik_common_msgs/msg/detail/response__functions.h
[0.500s] -- Up-to-date: /home/hima/bachelors/rbkairos_ws/install/robotnik_common_msgs/include/robotnik_common_msgs/robotnik_common_msgs/msg/rosidl_generator_c__visibility_control.h
[0.501s] -- Up-to-date: /home/hima/bachelors/rbkairos_ws/install/robotnik_common_msgs/include/robotnik_common_msgs/robotnik_common_msgs/msg/response.h
[0.501s] -- Up-to-date: /home/hima/bachelors/rbkairos_ws/install/robotnik_common_msgs/share/robotnik_common_msgs/environment/library_path.sh
[0.501s] -- Up-to-date: /home/hima/bachelors/rbkairos_ws/install/robotnik_common_msgs/share/robotnik_common_msgs/environment/library_path.dsv
[0.501s] -- Up-to-date: /home/hima/bachelors/rbkairos_ws/install/robotnik_common_msgs/lib/librobotnik_common_msgs__rosidl_generator_c.so
[0.502s] -- Up-to-date: /home/hima/bachelors/rbkairos_ws/install/robotnik_common_msgs/include/robotnik_common_msgs/robotnik_common_msgs
[0.502s] -- Up-to-date: /home/hima/bachelors/rbkairos_ws/install/robotnik_common_msgs/include/robotnik_common_msgs/robotnik_common_msgs/srv
[0.502s] -- Up-to-date: /home/hima/bachelors/rbkairos_ws/install/robotnik_common_msgs/include/robotnik_common_msgs/robotnik_common_msgs/srv/detail
[0.503s] -- Up-to-date: /home/hima/bachelors/rbkairos_ws/install/robotnik_common_msgs/include/robotnik_common_msgs/robotnik_common_msgs/srv/detail/set_int32__rosidl_typesupport_fastrtps_c.h
[0.503s] -- Up-to-date: /home/hima/bachelors/rbkairos_ws/install/robotnik_common_msgs/include/robotnik_common_msgs/robotnik_common_msgs/srv/detail/set_float32__rosidl_typesupport_fastrtps_c.h
[0.503s] -- Up-to-date: /home/hima/bachelors/rbkairos_ws/install/robotnik_common_msgs/include/robotnik_common_msgs/robotnik_common_msgs/srv/detail/set_bool__rosidl_typesupport_fastrtps_c.h
[0.503s] -- Up-to-date: /home/hima/bachelors/rbkairos_ws/install/robotnik_common_msgs/include/robotnik_common_msgs/robotnik_common_msgs/srv/detail/set_string__rosidl_typesupport_fastrtps_c.h
[0.503s] -- Up-to-date: /home/hima/bachelors/rbkairos_ws/install/robotnik_common_msgs/include/robotnik_common_msgs/robotnik_common_msgs/srv/detail/set_float64__rosidl_typesupport_fastrtps_c.h
[0.503s] -- Up-to-date: /home/hima/bachelors/rbkairos_ws/install/robotnik_common_msgs/include/robotnik_common_msgs/robotnik_common_msgs/msg
[0.503s] -- Up-to-date: /home/hima/bachelors/rbkairos_ws/install/robotnik_common_msgs/include/robotnik_common_msgs/robotnik_common_msgs/msg/rosidl_typesupport_fastrtps_c__visibility_control.h
[0.503s] -- Up-to-date: /home/hima/bachelors/rbkairos_ws/install/robotnik_common_msgs/include/robotnik_common_msgs/robotnik_common_msgs/msg/detail
[0.503s] -- Up-to-date: /home/hima/bachelors/rbkairos_ws/install/robotnik_common_msgs/include/robotnik_common_msgs/robotnik_common_msgs/msg/detail/response__rosidl_typesupport_fastrtps_c.h
[0.504s] -- Up-to-date: /home/hima/bachelors/rbkairos_ws/install/robotnik_common_msgs/lib/librobotnik_common_msgs__rosidl_typesupport_fastrtps_c.so
[0.504s] -- Up-to-date: /home/hima/bachelors/rbkairos_ws/install/robotnik_common_msgs/include/robotnik_common_msgs/robotnik_common_msgs
[0.504s] -- Up-to-date: /home/hima/bachelors/rbkairos_ws/install/robotnik_common_msgs/include/robotnik_common_msgs/robotnik_common_msgs/srv
[0.504s] -- Up-to-date: /home/hima/bachelors/rbkairos_ws/install/robotnik_common_msgs/include/robotnik_common_msgs/robotnik_common_msgs/srv/set_float64.hpp
[0.504s] -- Up-to-date: /home/hima/bachelors/rbkairos_ws/install/robotnik_common_msgs/include/robotnik_common_msgs/robotnik_common_msgs/srv/detail
[0.504s] -- Up-to-date: /home/hima/bachelors/rbkairos_ws/install/robotnik_common_msgs/include/robotnik_common_msgs/robotnik_common_msgs/srv/detail/set_float64__traits.hpp
[0.504s] -- Up-to-date: /home/hima/bachelors/rbkairos_ws/install/robotnik_common_msgs/include/robotnik_common_msgs/robotnik_common_msgs/srv/detail/set_bool__builder.hpp
[0.504s] -- Up-to-date: /home/hima/bachelors/rbkairos_ws/install/robotnik_common_msgs/include/robotnik_common_msgs/robotnik_common_msgs/srv/detail/set_bool__type_support.hpp
[0.506s] -- Up-to-date: /home/hima/bachelors/rbkairos_ws/install/robotnik_common_msgs/include/robotnik_common_msgs/robotnik_common_msgs/srv/detail/set_int32__builder.hpp
[0.506s] -- Up-to-date: /home/hima/bachelors/rbkairos_ws/install/robotnik_common_msgs/include/robotnik_common_msgs/robotnik_common_msgs/srv/detail/set_bool__struct.hpp
[0.508s] -- Up-to-date: /home/hima/bachelors/rbkairos_ws/install/robotnik_common_msgs/include/robotnik_common_msgs/robotnik_common_msgs/srv/detail/set_int32__type_support.hpp
[0.508s] -- Up-to-date: /home/hima/bachelors/rbkairos_ws/install/robotnik_common_msgs/include/robotnik_common_msgs/robotnik_common_msgs/srv/detail/set_int32__struct.hpp
[0.508s] -- Up-to-date: /home/hima/bachelors/rbkairos_ws/install/robotnik_common_msgs/include/robotnik_common_msgs/robotnik_common_msgs/srv/detail/set_bool__traits.hpp
[0.508s] -- Up-to-date: /home/hima/bachelors/rbkairos_ws/install/robotnik_common_msgs/include/robotnik_common_msgs/robotnik_common_msgs/srv/detail/set_string__traits.hpp
[0.508s] -- Up-to-date: /home/hima/bachelors/rbkairos_ws/install/robotnik_common_msgs/include/robotnik_common_msgs/robotnik_common_msgs/srv/detail/set_float64__struct.hpp
[0.508s] -- Up-to-date: /home/hima/bachelors/rbkairos_ws/install/robotnik_common_msgs/include/robotnik_common_msgs/robotnik_common_msgs/srv/detail/set_float32__traits.hpp
[0.508s] -- Up-to-date: /home/hima/bachelors/rbkairos_ws/install/robotnik_common_msgs/include/robotnik_common_msgs/robotnik_common_msgs/srv/detail/set_float64__builder.hpp
[0.508s] -- Up-to-date: /home/hima/bachelors/rbkairos_ws/install/robotnik_common_msgs/include/robotnik_common_msgs/robotnik_common_msgs/srv/detail/set_float32__struct.hpp
[0.508s] -- Up-to-date: /home/hima/bachelors/rbkairos_ws/install/robotnik_common_msgs/include/robotnik_common_msgs/robotnik_common_msgs/srv/detail/set_string__struct.hpp
[0.508s] -- Up-to-date: /home/hima/bachelors/rbkairos_ws/install/robotnik_common_msgs/include/robotnik_common_msgs/robotnik_common_msgs/srv/detail/set_float32__builder.hpp
[0.508s] -- Up-to-date: /home/hima/bachelors/rbkairos_ws/install/robotnik_common_msgs/include/robotnik_common_msgs/robotnik_common_msgs/srv/detail/set_string__type_support.hpp
[0.508s] -- Up-to-date: /home/hima/bachelors/rbkairos_ws/install/robotnik_common_msgs/include/robotnik_common_msgs/robotnik_common_msgs/srv/detail/set_string__builder.hpp
[0.508s] -- Up-to-date: /home/hima/bachelors/rbkairos_ws/install/robotnik_common_msgs/include/robotnik_common_msgs/robotnik_common_msgs/srv/detail/set_float64__type_support.hpp
[0.508s] -- Up-to-date: /home/hima/bachelors/rbkairos_ws/install/robotnik_common_msgs/include/robotnik_common_msgs/robotnik_common_msgs/srv/detail/set_float32__type_support.hpp
[0.509s] -- Up-to-date: /home/hima/bachelors/rbkairos_ws/install/robotnik_common_msgs/include/robotnik_common_msgs/robotnik_common_msgs/srv/detail/set_int32__traits.hpp
[0.509s] -- Up-to-date: /home/hima/bachelors/rbkairos_ws/install/robotnik_common_msgs/include/robotnik_common_msgs/robotnik_common_msgs/srv/set_string.hpp
[0.509s] -- Up-to-date: /home/hima/bachelors/rbkairos_ws/install/robotnik_common_msgs/include/robotnik_common_msgs/robotnik_common_msgs/srv/set_int32.hpp
[0.509s] -- Up-to-date: /home/hima/bachelors/rbkairos_ws/install/robotnik_common_msgs/include/robotnik_common_msgs/robotnik_common_msgs/srv/set_float32.hpp
[0.509s] -- Up-to-date: /home/hima/bachelors/rbkairos_ws/install/robotnik_common_msgs/include/robotnik_common_msgs/robotnik_common_msgs/srv/set_bool.hpp
[0.509s] -- Up-to-date: /home/hima/bachelors/rbkairos_ws/install/robotnik_common_msgs/include/robotnik_common_msgs/robotnik_common_msgs/msg
[0.509s] -- Up-to-date: /home/hima/bachelors/rbkairos_ws/install/robotnik_common_msgs/include/robotnik_common_msgs/robotnik_common_msgs/msg/response.hpp
[0.509s] -- Up-to-date: /home/hima/bachelors/rbkairos_ws/install/robotnik_common_msgs/include/robotnik_common_msgs/robotnik_common_msgs/msg/rosidl_generator_cpp__visibility_control.hpp
[0.509s] -- Up-to-date: /home/hima/bachelors/rbkairos_ws/install/robotnik_common_msgs/include/robotnik_common_msgs/robotnik_common_msgs/msg/detail
[0.509s] -- Up-to-date: /home/hima/bachelors/rbkairos_ws/install/robotnik_common_msgs/include/robotnik_common_msgs/robotnik_common_msgs/msg/detail/response__traits.hpp
[0.509s] -- Up-to-date: /home/hima/bachelors/rbkairos_ws/install/robotnik_common_msgs/include/robotnik_common_msgs/robotnik_common_msgs/msg/detail/response__builder.hpp
[0.509s] -- Up-to-date: /home/hima/bachelors/rbkairos_ws/install/robotnik_common_msgs/include/robotnik_common_msgs/robotnik_common_msgs/msg/detail/response__type_support.hpp
[0.510s] -- Up-to-date: /home/hima/bachelors/rbkairos_ws/install/robotnik_common_msgs/include/robotnik_common_msgs/robotnik_common_msgs/msg/detail/response__struct.hpp
[0.510s] -- Up-to-date: /home/hima/bachelors/rbkairos_ws/install/robotnik_common_msgs/include/robotnik_common_msgs/robotnik_common_msgs
[0.510s] -- Up-to-date: /home/hima/bachelors/rbkairos_ws/install/robotnik_common_msgs/include/robotnik_common_msgs/robotnik_common_msgs/srv
[0.510s] -- Up-to-date: /home/hima/bachelors/rbkairos_ws/install/robotnik_common_msgs/include/robotnik_common_msgs/robotnik_common_msgs/srv/detail
[0.510s] -- Up-to-date: /home/hima/bachelors/rbkairos_ws/install/robotnik_common_msgs/include/robotnik_common_msgs/robotnik_common_msgs/srv/detail/set_float32__rosidl_typesupport_fastrtps_cpp.hpp
[0.510s] -- Up-to-date: /home/hima/bachelors/rbkairos_ws/install/robotnik_common_msgs/include/robotnik_common_msgs/robotnik_common_msgs/srv/detail/set_float64__rosidl_typesupport_fastrtps_cpp.hpp
[0.510s] -- Up-to-date: /home/hima/bachelors/rbkairos_ws/install/robotnik_common_msgs/include/robotnik_common_msgs/robotnik_common_msgs/srv/detail/set_bool__rosidl_typesupport_fastrtps_cpp.hpp
[0.510s] -- Up-to-date: /home/hima/bachelors/rbkairos_ws/install/robotnik_common_msgs/include/robotnik_common_msgs/robotnik_common_msgs/srv/detail/set_string__rosidl_typesupport_fastrtps_cpp.hpp
[0.510s] -- Up-to-date: /home/hima/bachelors/rbkairos_ws/install/robotnik_common_msgs/include/robotnik_common_msgs/robotnik_common_msgs/srv/detail/set_int32__rosidl_typesupport_fastrtps_cpp.hpp
[0.510s] -- Up-to-date: /home/hima/bachelors/rbkairos_ws/install/robotnik_common_msgs/include/robotnik_common_msgs/robotnik_common_msgs/srv/detail/dds_fastrtps
[0.510s] -- Up-to-date: /home/hima/bachelors/rbkairos_ws/install/robotnik_common_msgs/include/robotnik_common_msgs/robotnik_common_msgs/msg
[0.510s] -- Up-to-date: /home/hima/bachelors/rbkairos_ws/install/robotnik_common_msgs/include/robotnik_common_msgs/robotnik_common_msgs/msg/rosidl_typesupport_fastrtps_cpp__visibility_control.h
[0.510s] -- Up-to-date: /home/hima/bachelors/rbkairos_ws/install/robotnik_common_msgs/include/robotnik_common_msgs/robotnik_common_msgs/msg/detail
[0.510s] -- Up-to-date: /home/hima/bachelors/rbkairos_ws/install/robotnik_common_msgs/include/robotnik_common_msgs/robotnik_common_msgs/msg/detail/dds_fastrtps
[0.510s] -- Up-to-date: /home/hima/bachelors/rbkairos_ws/install/robotnik_common_msgs/include/robotnik_common_msgs/robotnik_common_msgs/msg/detail/response__rosidl_typesupport_fastrtps_cpp.hpp
[0.511s] -- Up-to-date: /home/hima/bachelors/rbkairos_ws/install/robotnik_common_msgs/lib/librobotnik_common_msgs__rosidl_typesupport_fastrtps_cpp.so
[0.511s] -- Up-to-date: /home/hima/bachelors/rbkairos_ws/install/robotnik_common_msgs/include/robotnik_common_msgs/robotnik_common_msgs
[0.511s] -- Up-to-date: /home/hima/bachelors/rbkairos_ws/install/robotnik_common_msgs/include/robotnik_common_msgs/robotnik_common_msgs/srv
[0.511s] -- Up-to-date: /home/hima/bachelors/rbkairos_ws/install/robotnik_common_msgs/include/robotnik_common_msgs/robotnik_common_msgs/srv/detail
[0.511s] -- Up-to-date: /home/hima/bachelors/rbkairos_ws/install/robotnik_common_msgs/include/robotnik_common_msgs/robotnik_common_msgs/srv/detail/set_string__type_support.c
[0.511s] -- Up-to-date: /home/hima/bachelors/rbkairos_ws/install/robotnik_common_msgs/include/robotnik_common_msgs/robotnik_common_msgs/srv/detail/set_bool__rosidl_typesupport_introspection_c.h
[0.511s] -- Up-to-date: /home/hima/bachelors/rbkairos_ws/install/robotnik_common_msgs/include/robotnik_common_msgs/robotnik_common_msgs/srv/detail/set_int32__rosidl_typesupport_introspection_c.h
[0.511s] -- Up-to-date: /home/hima/bachelors/rbkairos_ws/install/robotnik_common_msgs/include/robotnik_common_msgs/robotnik_common_msgs/srv/detail/set_string__rosidl_typesupport_introspection_c.h
[0.511s] -- Up-to-date: /home/hima/bachelors/rbkairos_ws/install/robotnik_common_msgs/include/robotnik_common_msgs/robotnik_common_msgs/srv/detail/set_float32__rosidl_typesupport_introspection_c.h
[0.511s] -- Up-to-date: /home/hima/bachelors/rbkairos_ws/install/robotnik_common_msgs/include/robotnik_common_msgs/robotnik_common_msgs/srv/detail/set_bool__type_support.c
[0.511s] -- Up-to-date: /home/hima/bachelors/rbkairos_ws/install/robotnik_common_msgs/include/robotnik_common_msgs/robotnik_common_msgs/srv/detail/set_float64__type_support.c
[0.511s] -- Up-to-date: /home/hima/bachelors/rbkairos_ws/install/robotnik_common_msgs/include/robotnik_common_msgs/robotnik_common_msgs/srv/detail/set_float32__type_support.c
[0.511s] -- Up-to-date: /home/hima/bachelors/rbkairos_ws/install/robotnik_common_msgs/include/robotnik_common_msgs/robotnik_common_msgs/srv/detail/set_int32__type_support.c
[0.511s] -- Up-to-date: /home/hima/bachelors/rbkairos_ws/install/robotnik_common_msgs/include/robotnik_common_msgs/robotnik_common_msgs/srv/detail/set_float64__rosidl_typesupport_introspection_c.h
[0.511s] -- Up-to-date: /home/hima/bachelors/rbkairos_ws/install/robotnik_common_msgs/include/robotnik_common_msgs/robotnik_common_msgs/msg
[0.512s] -- Up-to-date: /home/hima/bachelors/rbkairos_ws/install/robotnik_common_msgs/include/robotnik_common_msgs/robotnik_common_msgs/msg/rosidl_typesupport_introspection_c__visibility_control.h
[0.512s] -- Up-to-date: /home/hima/bachelors/rbkairos_ws/install/robotnik_common_msgs/include/robotnik_common_msgs/robotnik_common_msgs/msg/detail
[0.512s] -- Up-to-date: /home/hima/bachelors/rbkairos_ws/install/robotnik_common_msgs/include/robotnik_common_msgs/robotnik_common_msgs/msg/detail/response__rosidl_typesupport_introspection_c.h
[0.512s] -- Up-to-date: /home/hima/bachelors/rbkairos_ws/install/robotnik_common_msgs/include/robotnik_common_msgs/robotnik_common_msgs/msg/detail/response__type_support.c
[0.512s] -- Up-to-date: /home/hima/bachelors/rbkairos_ws/install/robotnik_common_msgs/lib/librobotnik_common_msgs__rosidl_typesupport_introspection_c.so
[0.512s] -- Up-to-date: /home/hima/bachelors/rbkairos_ws/install/robotnik_common_msgs/lib/librobotnik_common_msgs__rosidl_typesupport_c.so
[0.512s] -- Up-to-date: /home/hima/bachelors/rbkairos_ws/install/robotnik_common_msgs/include/robotnik_common_msgs/robotnik_common_msgs
[0.512s] -- Up-to-date: /home/hima/bachelors/rbkairos_ws/install/robotnik_common_msgs/include/robotnik_common_msgs/robotnik_common_msgs/srv
[0.512s] -- Up-to-date: /home/hima/bachelors/rbkairos_ws/install/robotnik_common_msgs/include/robotnik_common_msgs/robotnik_common_msgs/srv/detail
[0.513s] -- Up-to-date: /home/hima/bachelors/rbkairos_ws/install/robotnik_common_msgs/include/robotnik_common_msgs/robotnik_common_msgs/srv/detail/set_string__rosidl_typesupport_introspection_cpp.hpp
[0.513s] -- Up-to-date: /home/hima/bachelors/rbkairos_ws/install/robotnik_common_msgs/include/robotnik_common_msgs/robotnik_common_msgs/srv/detail/set_bool__rosidl_typesupport_introspection_cpp.hpp
[0.513s] -- Up-to-date: /home/hima/bachelors/rbkairos_ws/install/robotnik_common_msgs/include/robotnik_common_msgs/robotnik_common_msgs/srv/detail/set_float64__rosidl_typesupport_introspection_cpp.hpp
[0.514s] -- Up-to-date: /home/hima/bachelors/rbkairos_ws/install/robotnik_common_msgs/include/robotnik_common_msgs/robotnik_common_msgs/srv/detail/set_float32__rosidl_typesupport_introspection_cpp.hpp
[0.514s] -- Up-to-date: /home/hima/bachelors/rbkairos_ws/install/robotnik_common_msgs/include/robotnik_common_msgs/robotnik_common_msgs/srv/detail/set_bool__type_support.cpp
[0.514s] -- Up-to-date: /home/hima/bachelors/rbkairos_ws/install/robotnik_common_msgs/include/robotnik_common_msgs/robotnik_common_msgs/srv/detail/set_int32__type_support.cpp
[0.514s] -- Up-to-date: /home/hima/bachelors/rbkairos_ws/install/robotnik_common_msgs/include/robotnik_common_msgs/robotnik_common_msgs/srv/detail/set_float64__type_support.cpp
[0.514s] -- Up-to-date: /home/hima/bachelors/rbkairos_ws/install/robotnik_common_msgs/include/robotnik_common_msgs/robotnik_common_msgs/srv/detail/set_int32__rosidl_typesupport_introspection_cpp.hpp
[0.514s] -- Up-to-date: /home/hima/bachelors/rbkairos_ws/install/robotnik_common_msgs/include/robotnik_common_msgs/robotnik_common_msgs/srv/detail/set_string__type_support.cpp
[0.516s] -- Up-to-date: /home/hima/bachelors/rbkairos_ws/install/robotnik_common_msgs/include/robotnik_common_msgs/robotnik_common_msgs/srv/detail/set_float32__type_support.cpp
[0.516s] -- Up-to-date: /home/hima/bachelors/rbkairos_ws/install/robotnik_common_msgs/include/robotnik_common_msgs/robotnik_common_msgs/msg
[0.517s] -- Up-to-date: /home/hima/bachelors/rbkairos_ws/install/robotnik_common_msgs/include/robotnik_common_msgs/robotnik_common_msgs/msg/detail
[0.517s] -- Up-to-date: /home/hima/bachelors/rbkairos_ws/install/robotnik_common_msgs/include/robotnik_common_msgs/robotnik_common_msgs/msg/detail/response__type_support.cpp
[0.517s] -- Up-to-date: /home/hima/bachelors/rbkairos_ws/install/robotnik_common_msgs/include/robotnik_common_msgs/robotnik_common_msgs/msg/detail/response__rosidl_typesupport_introspection_cpp.hpp
[0.517s] -- Up-to-date: /home/hima/bachelors/rbkairos_ws/install/robotnik_common_msgs/lib/librobotnik_common_msgs__rosidl_typesupport_introspection_cpp.so
[0.517s] -- Up-to-date: /home/hima/bachelors/rbkairos_ws/install/robotnik_common_msgs/lib/librobotnik_common_msgs__rosidl_typesupport_cpp.so
[0.517s] -- Up-to-date: /home/hima/bachelors/rbkairos_ws/install/robotnik_common_msgs/share/robotnik_common_msgs/environment/pythonpath.sh
[0.517s] -- Up-to-date: /home/hima/bachelors/rbkairos_ws/install/robotnik_common_msgs/share/robotnik_common_msgs/environment/pythonpath.dsv
[0.517s] -- Up-to-date: /home/hima/bachelors/rbkairos_ws/install/robotnik_common_msgs/local/lib/python3.10/dist-packages/robotnik_common_msgs-1.0.0-py3.10.egg-info
[0.517s] -- Installing: /home/hima/bachelors/rbkairos_ws/install/robotnik_common_msgs/local/lib/python3.10/dist-packages/robotnik_common_msgs-1.0.0-py3.10.egg-info/top_level.txt
[0.518s] -- Installing: /home/hima/bachelors/rbkairos_ws/install/robotnik_common_msgs/local/lib/python3.10/dist-packages/robotnik_common_msgs-1.0.0-py3.10.egg-info/PKG-INFO
[0.518s] -- Installing: /home/hima/bachelors/rbkairos_ws/install/robotnik_common_msgs/local/lib/python3.10/dist-packages/robotnik_common_msgs-1.0.0-py3.10.egg-info/SOURCES.txt
[0.518s] -- Installing: /home/hima/bachelors/rbkairos_ws/install/robotnik_common_msgs/local/lib/python3.10/dist-packages/robotnik_common_msgs-1.0.0-py3.10.egg-info/dependency_links.txt
[0.518s] -- Up-to-date: /home/hima/bachelors/rbkairos_ws/install/robotnik_common_msgs/local/lib/python3.10/dist-packages/robotnik_common_msgs
[0.518s] -- Up-to-date: /home/hima/bachelors/rbkairos_ws/install/robotnik_common_msgs/local/lib/python3.10/dist-packages/robotnik_common_msgs/robotnik_common_msgs_s__rosidl_typesupport_introspection_c.cpython-310-x86_64-linux-gnu.so
[0.519s] -- Up-to-date: /home/hima/bachelors/rbkairos_ws/install/robotnik_common_msgs/local/lib/python3.10/dist-packages/robotnik_common_msgs/robotnik_common_msgs_s__rosidl_typesupport_fastrtps_c.cpython-310-x86_64-linux-gnu.so
[0.519s] -- Up-to-date: /home/hima/bachelors/rbkairos_ws/install/robotnik_common_msgs/local/lib/python3.10/dist-packages/robotnik_common_msgs/robotnik_common_msgs_s__rosidl_typesupport_c.cpython-310-x86_64-linux-gnu.so
[0.519s] -- Up-to-date: /home/hima/bachelors/rbkairos_ws/install/robotnik_common_msgs/local/lib/python3.10/dist-packages/robotnik_common_msgs/_robotnik_common_msgs_s.ep.rosidl_typesupport_fastrtps_c.c
[0.519s] -- Up-to-date: /home/hima/bachelors/rbkairos_ws/install/robotnik_common_msgs/local/lib/python3.10/dist-packages/robotnik_common_msgs/_robotnik_common_msgs_s.ep.rosidl_typesupport_introspection_c.c
[0.519s] -- Up-to-date: /home/hima/bachelors/rbkairos_ws/install/robotnik_common_msgs/local/lib/python3.10/dist-packages/robotnik_common_msgs/srv
[0.519s] -- Up-to-date: /home/hima/bachelors/rbkairos_ws/install/robotnik_common_msgs/local/lib/python3.10/dist-packages/robotnik_common_msgs/srv/_set_string.py
[0.519s] -- Up-to-date: /home/hima/bachelors/rbkairos_ws/install/robotnik_common_msgs/local/lib/python3.10/dist-packages/robotnik_common_msgs/srv/_set_float32_s.c
[0.519s] -- Up-to-date: /home/hima/bachelors/rbkairos_ws/install/robotnik_common_msgs/local/lib/python3.10/dist-packages/robotnik_common_msgs/srv/_set_string_s.c
[0.519s] -- Up-to-date: /home/hima/bachelors/rbkairos_ws/install/robotnik_common_msgs/local/lib/python3.10/dist-packages/robotnik_common_msgs/srv/_set_int32_s.c
[0.519s] -- Up-to-date: /home/hima/bachelors/rbkairos_ws/install/robotnik_common_msgs/local/lib/python3.10/dist-packages/robotnik_common_msgs/srv/_set_float64_s.c
[0.520s] -- Up-to-date: /home/hima/bachelors/rbkairos_ws/install/robotnik_common_msgs/local/lib/python3.10/dist-packages/robotnik_common_msgs/srv/_set_bool_s.c
[0.520s] -- Up-to-date: /home/hima/bachelors/rbkairos_ws/install/robotnik_common_msgs/local/lib/python3.10/dist-packages/robotnik_common_msgs/srv/__init__.py
[0.520s] -- Up-to-date: /home/hima/bachelors/rbkairos_ws/install/robotnik_common_msgs/local/lib/python3.10/dist-packages/robotnik_common_msgs/srv/_set_float32.py
[0.520s] -- Up-to-date: /home/hima/bachelors/rbkairos_ws/install/robotnik_common_msgs/local/lib/python3.10/dist-packages/robotnik_common_msgs/srv/_set_float64.py
[0.520s] -- Up-to-date: /home/hima/bachelors/rbkairos_ws/install/robotnik_common_msgs/local/lib/python3.10/dist-packages/robotnik_common_msgs/srv/_set_int32.py
[0.520s] -- Up-to-date: /home/hima/bachelors/rbkairos_ws/install/robotnik_common_msgs/local/lib/python3.10/dist-packages/robotnik_common_msgs/srv/_set_bool.py
[0.520s] -- Up-to-date: /home/hima/bachelors/rbkairos_ws/install/robotnik_common_msgs/local/lib/python3.10/dist-packages/robotnik_common_msgs/msg
[0.520s] -- Up-to-date: /home/hima/bachelors/rbkairos_ws/install/robotnik_common_msgs/local/lib/python3.10/dist-packages/robotnik_common_msgs/msg/_response_s.c
[0.520s] -- Up-to-date: /home/hima/bachelors/rbkairos_ws/install/robotnik_common_msgs/local/lib/python3.10/dist-packages/robotnik_common_msgs/msg/_response.py
[0.520s] -- Up-to-date: /home/hima/bachelors/rbkairos_ws/install/robotnik_common_msgs/local/lib/python3.10/dist-packages/robotnik_common_msgs/msg/__init__.py
[0.522s] -- Up-to-date: /home/hima/bachelors/rbkairos_ws/install/robotnik_common_msgs/local/lib/python3.10/dist-packages/robotnik_common_msgs/_robotnik_common_msgs_s.ep.rosidl_typesupport_c.c
[0.522s] -- Up-to-date: /home/hima/bachelors/rbkairos_ws/install/robotnik_common_msgs/local/lib/python3.10/dist-packages/robotnik_common_msgs/__init__.py
[0.522s] -- Up-to-date: /home/hima/bachelors/rbkairos_ws/install/robotnik_common_msgs/local/lib/python3.10/dist-packages/robotnik_common_msgs/librobotnik_common_msgs__rosidl_generator_py.so
[0.545s] Listing '/home/hima/bachelors/rbkairos_ws/install/robotnik_common_msgs/local/lib/python3.10/dist-packages/robotnik_common_msgs'...
[0.545s] Listing '/home/hima/bachelors/rbkairos_ws/install/robotnik_common_msgs/local/lib/python3.10/dist-packages/robotnik_common_msgs/msg'...
[0.545s] Listing '/home/hima/bachelors/rbkairos_ws/install/robotnik_common_msgs/local/lib/python3.10/dist-packages/robotnik_common_msgs/srv'...
[0.551s] -- Up-to-date: /home/hima/bachelors/rbkairos_ws/install/robotnik_common_msgs/local/lib/python3.10/dist-packages/robotnik_common_msgs/robotnik_common_msgs_s__rosidl_typesupport_fastrtps_c.cpython-310-x86_64-linux-gnu.so
[0.551s] -- Up-to-date: /home/hima/bachelors/rbkairos_ws/install/robotnik_common_msgs/local/lib/python3.10/dist-packages/robotnik_common_msgs/robotnik_common_msgs_s__rosidl_typesupport_introspection_c.cpython-310-x86_64-linux-gnu.so
[0.553s] -- Up-to-date: /home/hima/bachelors/rbkairos_ws/install/robotnik_common_msgs/local/lib/python3.10/dist-packages/robotnik_common_msgs/robotnik_common_msgs_s__rosidl_typesupport_c.cpython-310-x86_64-linux-gnu.so
[0.553s] -- Up-to-date: /home/hima/bachelors/rbkairos_ws/install/robotnik_common_msgs/lib/librobotnik_common_msgs__rosidl_generator_py.so
[0.553s] -- Up-to-date: /home/hima/bachelors/rbkairos_ws/install/robotnik_common_msgs/share/robotnik_common_msgs/msg/Response.idl
[0.554s] -- Up-to-date: /home/hima/bachelors/rbkairos_ws/install/robotnik_common_msgs/share/robotnik_common_msgs/srv/SetBool.idl
[0.554s] -- Up-to-date: /home/hima/bachelors/rbkairos_ws/install/robotnik_common_msgs/share/robotnik_common_msgs/srv/SetFloat32.idl
[0.554s] -- Up-to-date: /home/hima/bachelors/rbkairos_ws/install/robotnik_common_msgs/share/robotnik_common_msgs/srv/SetFloat64.idl
[0.554s] -- Up-to-date: /home/hima/bachelors/rbkairos_ws/install/robotnik_common_msgs/share/robotnik_common_msgs/srv/SetInt32.idl
[0.554s] -- Up-to-date: /home/hima/bachelors/rbkairos_ws/install/robotnik_common_msgs/share/robotnik_common_msgs/srv/SetString.idl
[0.554s] -- Up-to-date: /home/hima/bachelors/rbkairos_ws/install/robotnik_common_msgs/share/robotnik_common_msgs/msg/Response.msg
[0.555s] -- Up-to-date: /home/hima/bachelors/rbkairos_ws/install/robotnik_common_msgs/share/robotnik_common_msgs/srv/SetBool.srv
[0.555s] -- Up-to-date: /home/hima/bachelors/rbkairos_ws/install/robotnik_common_msgs/share/robotnik_common_msgs/srv/SetBool_Request.msg
[0.555s] -- Up-to-date: /home/hima/bachelors/rbkairos_ws/install/robotnik_common_msgs/share/robotnik_common_msgs/srv/SetBool_Response.msg
[0.555s] -- Up-to-date: /home/hima/bachelors/rbkairos_ws/install/robotnik_common_msgs/share/robotnik_common_msgs/srv/SetFloat32.srv
[0.555s] -- Up-to-date: /home/hima/bachelors/rbkairos_ws/install/robotnik_common_msgs/share/robotnik_common_msgs/srv/SetFloat32_Request.msg
[0.556s] -- Up-to-date: /home/hima/bachelors/rbkairos_ws/install/robotnik_common_msgs/share/robotnik_common_msgs/srv/SetFloat32_Response.msg
[0.556s] -- Up-to-date: /home/hima/bachelors/rbkairos_ws/install/robotnik_common_msgs/share/robotnik_common_msgs/srv/SetFloat64.srv
[0.556s] -- Up-to-date: /home/hima/bachelors/rbkairos_ws/install/robotnik_common_msgs/share/robotnik_common_msgs/srv/SetFloat64_Request.msg
[0.556s] -- Up-to-date: /home/hima/bachelors/rbkairos_ws/install/robotnik_common_msgs/share/robotnik_common_msgs/srv/SetFloat64_Response.msg
[0.556s] -- Up-to-date: /home/hima/bachelors/rbkairos_ws/install/robotnik_common_msgs/share/robotnik_common_msgs/srv/SetInt32.srv
[0.556s] -- Up-to-date: /home/hima/bachelors/rbkairos_ws/install/robotnik_common_msgs/share/robotnik_common_msgs/srv/SetInt32_Request.msg
[0.557s] -- Up-to-date: /home/hima/bachelors/rbkairos_ws/install/robotnik_common_msgs/share/robotnik_common_msgs/srv/SetInt32_Response.msg
[0.557s] -- Up-to-date: /home/hima/bachelors/rbkairos_ws/install/robotnik_common_msgs/share/robotnik_common_msgs/srv/SetString.srv
[0.557s] -- Up-to-date: /home/hima/bachelors/rbkairos_ws/install/robotnik_common_msgs/share/robotnik_common_msgs/srv/SetString_Request.msg
[0.557s] -- Up-to-date: /home/hima/bachelors/rbkairos_ws/install/robotnik_common_msgs/share/robotnik_common_msgs/srv/SetString_Response.msg
[0.557s] -- Up-to-date: /home/hima/bachelors/rbkairos_ws/install/robotnik_common_msgs/share/ament_index/resource_index/package_run_dependencies/robotnik_common_msgs
[0.557s] -- Up-to-date: /home/hima/bachelors/rbkairos_ws/install/robotnik_common_msgs/share/ament_index/resource_index/parent_prefix_path/robotnik_common_msgs
[0.557s] -- Up-to-date: /home/hima/bachelors/rbkairos_ws/install/robotnik_common_msgs/share/robotnik_common_msgs/environment/ament_prefix_path.sh
[0.557s] -- Up-to-date: /home/hima/bachelors/rbkairos_ws/install/robotnik_common_msgs/share/robotnik_common_msgs/environment/ament_prefix_path.dsv
[0.557s] -- Up-to-date: /home/hima/bachelors/rbkairos_ws/install/robotnik_common_msgs/share/robotnik_common_msgs/environment/path.sh
[0.557s] -- Up-to-date: /home/hima/bachelors/rbkairos_ws/install/robotnik_common_msgs/share/robotnik_common_msgs/environment/path.dsv
[0.557s] -- Up-to-date: /home/hima/bachelors/rbkairos_ws/install/robotnik_common_msgs/share/robotnik_common_msgs/local_setup.bash
[0.558s] -- Up-to-date: /home/hima/bachelors/rbkairos_ws/install/robotnik_common_msgs/share/robotnik_common_msgs/local_setup.sh
[0.558s] -- Up-to-date: /home/hima/bachelors/rbkairos_ws/install/robotnik_common_msgs/share/robotnik_common_msgs/local_setup.zsh
[0.558s] -- Up-to-date: /home/hima/bachelors/rbkairos_ws/install/robotnik_common_msgs/share/robotnik_common_msgs/local_setup.dsv
[0.558s] -- Installing: /home/hima/bachelors/rbkairos_ws/install/robotnik_common_msgs/share/robotnik_common_msgs/package.dsv
[0.558s] -- Up-to-date: /home/hima/bachelors/rbkairos_ws/install/robotnik_common_msgs/share/ament_index/resource_index/packages/robotnik_common_msgs
[0.558s] -- Up-to-date: /home/hima/bachelors/rbkairos_ws/install/robotnik_common_msgs/share/robotnik_common_msgs/cmake/export_robotnik_common_msgs__rosidl_generator_cExport.cmake
[0.558s] -- Up-to-date: /home/hima/bachelors/rbkairos_ws/install/robotnik_common_msgs/share/robotnik_common_msgs/cmake/export_robotnik_common_msgs__rosidl_generator_cExport-noconfig.cmake
[0.558s] -- Up-to-date: /home/hima/bachelors/rbkairos_ws/install/robotnik_common_msgs/share/robotnik_common_msgs/cmake/export_robotnik_common_msgs__rosidl_typesupport_fastrtps_cExport.cmake
[0.559s] -- Up-to-date: /home/hima/bachelors/rbkairos_ws/install/robotnik_common_msgs/share/robotnik_common_msgs/cmake/export_robotnik_common_msgs__rosidl_typesupport_fastrtps_cExport-noconfig.cmake
[0.559s] -- Up-to-date: /home/hima/bachelors/rbkairos_ws/install/robotnik_common_msgs/share/robotnik_common_msgs/cmake/export_robotnik_common_msgs__rosidl_generator_cppExport.cmake
[0.559s] -- Up-to-date: /home/hima/bachelors/rbkairos_ws/install/robotnik_common_msgs/share/robotnik_common_msgs/cmake/export_robotnik_common_msgs__rosidl_typesupport_fastrtps_cppExport.cmake
[0.559s] -- Up-to-date: /home/hima/bachelors/rbkairos_ws/install/robotnik_common_msgs/share/robotnik_common_msgs/cmake/export_robotnik_common_msgs__rosidl_typesupport_fastrtps_cppExport-noconfig.cmake
[0.559s] -- Up-to-date: /home/hima/bachelors/rbkairos_ws/install/robotnik_common_msgs/share/robotnik_common_msgs/cmake/robotnik_common_msgs__rosidl_typesupport_introspection_cExport.cmake
[0.559s] -- Up-to-date: /home/hima/bachelors/rbkairos_ws/install/robotnik_common_msgs/share/robotnik_common_msgs/cmake/robotnik_common_msgs__rosidl_typesupport_introspection_cExport-noconfig.cmake
[0.559s] -- Up-to-date: /home/hima/bachelors/rbkairos_ws/install/robotnik_common_msgs/share/robotnik_common_msgs/cmake/robotnik_common_msgs__rosidl_typesupport_cExport.cmake
[0.559s] -- Up-to-date: /home/hima/bachelors/rbkairos_ws/install/robotnik_common_msgs/share/robotnik_common_msgs/cmake/robotnik_common_msgs__rosidl_typesupport_cExport-noconfig.cmake
[0.559s] -- Up-to-date: /home/hima/bachelors/rbkairos_ws/install/robotnik_common_msgs/share/robotnik_common_msgs/cmake/robotnik_common_msgs__rosidl_typesupport_introspection_cppExport.cmake
[0.559s] -- Up-to-date: /home/hima/bachelors/rbkairos_ws/install/robotnik_common_msgs/share/robotnik_common_msgs/cmake/robotnik_common_msgs__rosidl_typesupport_introspection_cppExport-noconfig.cmake
[0.561s] -- Up-to-date: /home/hima/bachelors/rbkairos_ws/install/robotnik_common_msgs/share/robotnik_common_msgs/cmake/robotnik_common_msgs__rosidl_typesupport_cppExport.cmake
[0.561s] -- Up-to-date: /home/hima/bachelors/rbkairos_ws/install/robotnik_common_msgs/share/robotnik_common_msgs/cmake/robotnik_common_msgs__rosidl_typesupport_cppExport-noconfig.cmake
[0.561s] -- Up-to-date: /home/hima/bachelors/rbkairos_ws/install/robotnik_common_msgs/share/robotnik_common_msgs/cmake/export_robotnik_common_msgs__rosidl_generator_pyExport.cmake
[0.561s] -- Up-to-date: /home/hima/bachelors/rbkairos_ws/install/robotnik_common_msgs/share/robotnik_common_msgs/cmake/export_robotnik_common_msgs__rosidl_generator_pyExport-noconfig.cmake
[0.561s] -- Up-to-date: /home/hima/bachelors/rbkairos_ws/install/robotnik_common_msgs/share/robotnik_common_msgs/cmake/rosidl_cmake-extras.cmake
[0.562s] -- Up-to-date: /home/hima/bachelors/rbkairos_ws/install/robotnik_common_msgs/share/robotnik_common_msgs/cmake/ament_cmake_export_dependencies-extras.cmake
[0.562s] -- Up-to-date: /home/hima/bachelors/rbkairos_ws/install/robotnik_common_msgs/share/robotnik_common_msgs/cmake/ament_cmake_export_include_directories-extras.cmake
[0.562s] -- Up-to-date: /home/hima/bachelors/rbkairos_ws/install/robotnik_common_msgs/share/robotnik_common_msgs/cmake/ament_cmake_export_libraries-extras.cmake
[0.562s] -- Up-to-date: /home/hima/bachelors/rbkairos_ws/install/robotnik_common_msgs/share/robotnik_common_msgs/cmake/ament_cmake_export_targets-extras.cmake
[0.562s] -- Up-to-date: /home/hima/bachelors/rbkairos_ws/install/robotnik_common_msgs/share/robotnik_common_msgs/cmake/rosidl_cmake_export_typesupport_targets-extras.cmake
[0.562s] -- Up-to-date: /home/hima/bachelors/rbkairos_ws/install/robotnik_common_msgs/share/robotnik_common_msgs/cmake/rosidl_cmake_export_typesupport_libraries-extras.cmake
[0.562s] -- Up-to-date: /home/hima/bachelors/rbkairos_ws/install/robotnik_common_msgs/share/robotnik_common_msgs/cmake/robotnik_common_msgsConfig.cmake
[0.562s] -- Up-to-date: /home/hima/bachelors/rbkairos_ws/install/robotnik_common_msgs/share/robotnik_common_msgs/cmake/robotnik_common_msgsConfig-version.cmake
[0.562s] -- Up-to-date: /home/hima/bachelors/rbkairos_ws/install/robotnik_common_msgs/share/robotnik_common_msgs/package.xml
[0.579s] Invoked command in '/home/hima/bachelors/rbkairos_ws/build/robotnik_common_msgs' returned '0': CMAKE_PREFIX_PATH=/opt/ros/humble /usr/bin/cmake --install /home/hima/bachelors/rbkairos_ws/build/robotnik_common_msgs
