[0.025s] Invoking command in '/home/hima/bachelors/rbkairos_ws/build/robotnik_gazebo_classic': CMAKE_PREFIX_PATH=/home/hima/bachelors/rbkairos_ws/install/robotnik_description:/home/hima/bachelors/rbkairos_ws/install/robotnik_sensors:/home/hima/bachelors/rbkairos_ws/install/robotnik_common:/home/hima/bachelors/rbkairos_ws/install/ros2_laser_scan_merger:/home/hima/bachelors/rbkairos_ws/install/ros2_laser_scan_matcher:/home/hima/bachelors/rbkairos_ws/install/robotnik_supervisor_msgs:/home/hima/bachelors/rbkairos_ws/install/robotnik_gazebo_ignition:/home/hima/bachelors/rbkairos_ws/install/robotnik_gazebo_classic:/home/hima/bachelors/rbkairos_ws/install/mapping:/home/hima/bachelors/rbkairos_ws/install/robotnik_interfaces:/home/hima/bachelors/rbkairos_ws/install/robotnik_safety_msgs:/home/hima/bachelors/rbkairos_ws/install/robotnik_perception_msgs:/home/hima/bachelors/rbkairos_ws/install/robotnik_navigation_msgs:/home/hima/bachelors/rbkairos_ws/install/robotnik_io_msgs:/home/hima/bachelors/rbkairos_ws/install/robotnik_controllers_msgs:/home/hima/bachelors/rbkairos_ws/install/robotnik_common_msgs:/home/hima/bachelors/rbkairos_ws/install/robotnik_battery_msgs:/home/hima/bachelors/rbkairos_ws/install/csm:/opt/ros/humble /usr/bin/cmake /home/hima/bachelors/rbkairos_ws/src/robotnik_simulation/robotnik_gazebo_classic -DCMAKE_INSTALL_PREFIX=/home/hima/bachelors/rbkairos_ws/install/robotnik_gazebo_classic
[0.095s] -- The C compiler identification is GNU 11.4.0
[0.168s] -- The CXX compiler identification is GNU 11.4.0
[0.180s] -- Detecting C compiler ABI info
[0.259s] -- Detecting C compiler ABI info - done
[0.274s] -- Check for working C compiler: /usr/bin/cc - skipped
[0.274s] -- Detecting C compile features
[0.275s] -- Detecting C compile features - done
[0.281s] -- Detecting CXX compiler ABI info
[0.381s] -- Detecting CXX compiler ABI info - done
[0.392s] -- Check for working CXX compiler: /usr/bin/c++ - skipped
[0.392s] -- Detecting CXX compile features
[0.392s] -- Detecting CXX compile features - done
[0.395s] -- Found ament_cmake: 1.3.11 (/opt/ros/humble/share/ament_cmake/cmake)
[0.590s] -- Found Python3: /usr/bin/python3 (found version "3.10.12") found components: Interpreter 
[0.699s] -- Found ament_lint_auto: 0.12.12 (/opt/ros/humble/share/ament_lint_auto/cmake)
[0.831s] -- Added test 'flake8' to check Python code syntax and style conventions
[0.833s] -- Added test 'lint_cmake' to check CMake code style
[0.838s] -- Added test 'pep257' to check Python code against some of the docstring style conventions in PEP 257
[0.839s] -- Added test 'xmllint' to check XML markup files
[0.841s] -- Configuring done
[0.850s] -- Generating done
[0.852s] -- Build files have been written to: /home/hima/bachelors/rbkairos_ws/build/robotnik_gazebo_classic
[0.866s] Invoked command in '/home/hima/bachelors/rbkairos_ws/build/robotnik_gazebo_classic' returned '0': CMAKE_PREFIX_PATH=/home/hima/bachelors/rbkairos_ws/install/robotnik_description:/home/hima/bachelors/rbkairos_ws/install/robotnik_sensors:/home/hima/bachelors/rbkairos_ws/install/robotnik_common:/home/hima/bachelors/rbkairos_ws/install/ros2_laser_scan_merger:/home/hima/bachelors/rbkairos_ws/install/ros2_laser_scan_matcher:/home/hima/bachelors/rbkairos_ws/install/robotnik_supervisor_msgs:/home/hima/bachelors/rbkairos_ws/install/robotnik_gazebo_ignition:/home/hima/bachelors/rbkairos_ws/install/robotnik_gazebo_classic:/home/hima/bachelors/rbkairos_ws/install/mapping:/home/hima/bachelors/rbkairos_ws/install/robotnik_interfaces:/home/hima/bachelors/rbkairos_ws/install/robotnik_safety_msgs:/home/hima/bachelors/rbkairos_ws/install/robotnik_perception_msgs:/home/hima/bachelors/rbkairos_ws/install/robotnik_navigation_msgs:/home/hima/bachelors/rbkairos_ws/install/robotnik_io_msgs:/home/hima/bachelors/rbkairos_ws/install/robotnik_controllers_msgs:/home/hima/bachelors/rbkairos_ws/install/robotnik_common_msgs:/home/hima/bachelors/rbkairos_ws/install/robotnik_battery_msgs:/home/hima/bachelors/rbkairos_ws/install/csm:/opt/ros/humble /usr/bin/cmake /home/hima/bachelors/rbkairos_ws/src/robotnik_simulation/robotnik_gazebo_classic -DCMAKE_INSTALL_PREFIX=/home/hima/bachelors/rbkairos_ws/install/robotnik_gazebo_classic
[0.875s] Invoking command in '/home/hima/bachelors/rbkairos_ws/build/robotnik_gazebo_classic': CMAKE_PREFIX_PATH=/home/hima/bachelors/rbkairos_ws/install/robotnik_description:/home/hima/bachelors/rbkairos_ws/install/robotnik_sensors:/home/hima/bachelors/rbkairos_ws/install/robotnik_common:/home/hima/bachelors/rbkairos_ws/install/ros2_laser_scan_merger:/home/hima/bachelors/rbkairos_ws/install/ros2_laser_scan_matcher:/home/hima/bachelors/rbkairos_ws/install/robotnik_supervisor_msgs:/home/hima/bachelors/rbkairos_ws/install/robotnik_gazebo_ignition:/home/hima/bachelors/rbkairos_ws/install/robotnik_gazebo_classic:/home/hima/bachelors/rbkairos_ws/install/mapping:/home/hima/bachelors/rbkairos_ws/install/robotnik_interfaces:/home/hima/bachelors/rbkairos_ws/install/robotnik_safety_msgs:/home/hima/bachelors/rbkairos_ws/install/robotnik_perception_msgs:/home/hima/bachelors/rbkairos_ws/install/robotnik_navigation_msgs:/home/hima/bachelors/rbkairos_ws/install/robotnik_io_msgs:/home/hima/bachelors/rbkairos_ws/install/robotnik_controllers_msgs:/home/hima/bachelors/rbkairos_ws/install/robotnik_common_msgs:/home/hima/bachelors/rbkairos_ws/install/robotnik_battery_msgs:/home/hima/bachelors/rbkairos_ws/install/csm:/opt/ros/humble /usr/bin/cmake --build /home/hima/bachelors/rbkairos_ws/build/robotnik_gazebo_classic -- -j16 -l16
[0.937s] Invoked command in '/home/hima/bachelors/rbkairos_ws/build/robotnik_gazebo_classic' returned '0': CMAKE_PREFIX_PATH=/home/hima/bachelors/rbkairos_ws/install/robotnik_description:/home/hima/bachelors/rbkairos_ws/install/robotnik_sensors:/home/hima/bachelors/rbkairos_ws/install/robotnik_common:/home/hima/bachelors/rbkairos_ws/install/ros2_laser_scan_merger:/home/hima/bachelors/rbkairos_ws/install/ros2_laser_scan_matcher:/home/hima/bachelors/rbkairos_ws/install/robotnik_supervisor_msgs:/home/hima/bachelors/rbkairos_ws/install/robotnik_gazebo_ignition:/home/hima/bachelors/rbkairos_ws/install/robotnik_gazebo_classic:/home/hima/bachelors/rbkairos_ws/install/mapping:/home/hima/bachelors/rbkairos_ws/install/robotnik_interfaces:/home/hima/bachelors/rbkairos_ws/install/robotnik_safety_msgs:/home/hima/bachelors/rbkairos_ws/install/robotnik_perception_msgs:/home/hima/bachelors/rbkairos_ws/install/robotnik_navigation_msgs:/home/hima/bachelors/rbkairos_ws/install/robotnik_io_msgs:/home/hima/bachelors/rbkairos_ws/install/robotnik_controllers_msgs:/home/hima/bachelors/rbkairos_ws/install/robotnik_common_msgs:/home/hima/bachelors/rbkairos_ws/install/robotnik_battery_msgs:/home/hima/bachelors/rbkairos_ws/install/csm:/opt/ros/humble /usr/bin/cmake --build /home/hima/bachelors/rbkairos_ws/build/robotnik_gazebo_classic -- -j16 -l16
[0.937s] Invoking command in '/home/hima/bachelors/rbkairos_ws/build/robotnik_gazebo_classic': CMAKE_PREFIX_PATH=/home/hima/bachelors/rbkairos_ws/install/robotnik_description:/home/hima/bachelors/rbkairos_ws/install/robotnik_sensors:/home/hima/bachelors/rbkairos_ws/install/robotnik_common:/home/hima/bachelors/rbkairos_ws/install/ros2_laser_scan_merger:/home/hima/bachelors/rbkairos_ws/install/ros2_laser_scan_matcher:/home/hima/bachelors/rbkairos_ws/install/robotnik_supervisor_msgs:/home/hima/bachelors/rbkairos_ws/install/robotnik_gazebo_ignition:/home/hima/bachelors/rbkairos_ws/install/robotnik_gazebo_classic:/home/hima/bachelors/rbkairos_ws/install/mapping:/home/hima/bachelors/rbkairos_ws/install/robotnik_interfaces:/home/hima/bachelors/rbkairos_ws/install/robotnik_safety_msgs:/home/hima/bachelors/rbkairos_ws/install/robotnik_perception_msgs:/home/hima/bachelors/rbkairos_ws/install/robotnik_navigation_msgs:/home/hima/bachelors/rbkairos_ws/install/robotnik_io_msgs:/home/hima/bachelors/rbkairos_ws/install/robotnik_controllers_msgs:/home/hima/bachelors/rbkairos_ws/install/robotnik_common_msgs:/home/hima/bachelors/rbkairos_ws/install/robotnik_battery_msgs:/home/hima/bachelors/rbkairos_ws/install/csm:/opt/ros/humble /usr/bin/cmake --install /home/hima/bachelors/rbkairos_ws/build/robotnik_gazebo_classic
[0.947s] -- Install configuration: ""
[0.948s] -- Installing: /home/hima/bachelors/rbkairos_ws/install/robotnik_gazebo_classic/share/robotnik_gazebo_classic//launch
[0.948s] -- Installing: /home/hima/bachelors/rbkairos_ws/install/robotnik_gazebo_classic/share/robotnik_gazebo_classic//launch/spawn_demo1.launch .py
[0.948s] -- Installing: /home/hima/bachelors/rbkairos_ws/install/robotnik_gazebo_classic/share/robotnik_gazebo_classic//launch/spawn_robot.launch.py
[0.948s] -- Installing: /home/hima/bachelors/rbkairos_ws/install/robotnik_gazebo_classic/share/robotnik_gazebo_classic//launch/spawn_world.launch.py
[0.948s] -- Installing: /home/hima/bachelors/rbkairos_ws/install/robotnik_gazebo_classic/share/robotnik_gazebo_classic//worlds
[0.949s] -- Installing: /home/hima/bachelors/rbkairos_ws/install/robotnik_gazebo_classic/share/robotnik_gazebo_classic//worlds/demo.world
[0.949s] -- Installing: /home/hima/bachelors/rbkairos_ws/install/robotnik_gazebo_classic/share/robotnik_gazebo_classic//worlds/vineyard.world
[0.950s] -- Installing: /home/hima/bachelors/rbkairos_ws/install/robotnik_gazebo_classic/share/robotnik_gazebo_classic//worlds/75X53_demo_1.world
[0.950s] -- Installing: /home/hima/bachelors/rbkairos_ws/install/robotnik_gazebo_classic/share/robotnik_gazebo_classic//worlds/willow_garage.world
[0.951s] -- Installing: /home/hima/bachelors/rbkairos_ws/install/robotnik_gazebo_classic/share/robotnik_gazebo_classic//worlds/maze.world
[0.951s] -- Installing: /home/hima/bachelors/rbkairos_ws/install/robotnik_gazebo_classic/share/robotnik_gazebo_classic//worlds/robotnik_lab.world
[0.952s] -- Installing: /home/hima/bachelors/rbkairos_ws/install/robotnik_gazebo_classic/share/robotnik_gazebo_classic//config
[0.952s] -- Installing: /home/hima/bachelors/rbkairos_ws/install/robotnik_gazebo_classic/share/robotnik_gazebo_classic//config/rbrobout
[0.952s] -- Installing: /home/hima/bachelors/rbkairos_ws/install/robotnik_gazebo_classic/share/robotnik_gazebo_classic//config/rbrobout/rbrobout_controller_params.yaml
[0.952s] -- Installing: /home/hima/bachelors/rbkairos_ws/install/robotnik_gazebo_classic/share/robotnik_gazebo_classic//config/rbrobout/rviz_config.rviz
[0.953s] -- Installing: /home/hima/bachelors/rbkairos_ws/install/robotnik_gazebo_classic/share/robotnik_gazebo_classic//config/rbtheron
[0.953s] -- Installing: /home/hima/bachelors/rbkairos_ws/install/robotnik_gazebo_classic/share/robotnik_gazebo_classic//config/rbtheron/rbtheron_controller_params.yaml
[0.953s] -- Installing: /home/hima/bachelors/rbkairos_ws/install/robotnik_gazebo_classic/share/robotnik_gazebo_classic//config/rbtheron/rviz_config.rviz
[0.953s] -- Installing: /home/hima/bachelors/rbkairos_ws/install/robotnik_gazebo_classic/share/robotnik_gazebo_classic//config/rbkairos
[0.954s] -- Installing: /home/hima/bachelors/rbkairos_ws/install/robotnik_gazebo_classic/share/robotnik_gazebo_classic//config/rbkairos/rbkairos_controller_params.yaml
[0.954s] -- Installing: /home/hima/bachelors/rbkairos_ws/install/robotnik_gazebo_classic/share/robotnik_gazebo_classic//config/rbkairos/rviz_config.rviz
[0.954s] -- Installing: /home/hima/bachelors/rbkairos_ws/install/robotnik_gazebo_classic/share/robotnik_gazebo_classic//config/rbvogui
[0.954s] -- Installing: /home/hima/bachelors/rbkairos_ws/install/robotnik_gazebo_classic/share/robotnik_gazebo_classic//config/rbvogui/rbvogui_controller_params.yaml
[0.954s] -- Installing: /home/hima/bachelors/rbkairos_ws/install/robotnik_gazebo_classic/share/robotnik_gazebo_classic//config/rbvogui/rviz_config.rviz
[0.955s] -- Installing: /home/hima/bachelors/rbkairos_ws/install/robotnik_gazebo_classic/share/robotnik_gazebo_classic//config/rbsummit
[0.955s] -- Installing: /home/hima/bachelors/rbkairos_ws/install/robotnik_gazebo_classic/share/robotnik_gazebo_classic//config/rbsummit/rbsummit_controller_params.yaml
[0.955s] -- Installing: /home/hima/bachelors/rbkairos_ws/install/robotnik_gazebo_classic/share/robotnik_gazebo_classic//config/rbsummit/rviz_config.rviz
[0.956s] -- Installing: /home/hima/bachelors/rbkairos_ws/install/robotnik_gazebo_classic/share/ament_index/resource_index/package_run_dependencies/robotnik_gazebo_classic
[0.956s] -- Installing: /home/hima/bachelors/rbkairos_ws/install/robotnik_gazebo_classic/share/ament_index/resource_index/parent_prefix_path/robotnik_gazebo_classic
[0.956s] -- Installing: /home/hima/bachelors/rbkairos_ws/install/robotnik_gazebo_classic/share/robotnik_gazebo_classic/environment/ament_prefix_path.sh
[0.957s] -- Installing: /home/hima/bachelors/rbkairos_ws/install/robotnik_gazebo_classic/share/robotnik_gazebo_classic/environment/ament_prefix_path.dsv
[0.957s] -- Installing: /home/hima/bachelors/rbkairos_ws/install/robotnik_gazebo_classic/share/robotnik_gazebo_classic/environment/path.sh
[0.957s] -- Installing: /home/hima/bachelors/rbkairos_ws/install/robotnik_gazebo_classic/share/robotnik_gazebo_classic/environment/path.dsv
[0.957s] -- Installing: /home/hima/bachelors/rbkairos_ws/install/robotnik_gazebo_classic/share/robotnik_gazebo_classic/local_setup.bash
[0.958s] -- Installing: /home/hima/bachelors/rbkairos_ws/install/robotnik_gazebo_classic/share/robotnik_gazebo_classic/local_setup.sh
[0.958s] -- Installing: /home/hima/bachelors/rbkairos_ws/install/robotnik_gazebo_classic/share/robotnik_gazebo_classic/local_setup.zsh
[0.958s] -- Installing: /home/hima/bachelors/rbkairos_ws/install/robotnik_gazebo_classic/share/robotnik_gazebo_classic/local_setup.dsv
[0.958s] -- Installing: /home/hima/bachelors/rbkairos_ws/install/robotnik_gazebo_classic/share/robotnik_gazebo_classic/package.dsv
[0.958s] -- Installing: /home/hima/bachelors/rbkairos_ws/install/robotnik_gazebo_classic/share/ament_index/resource_index/packages/robotnik_gazebo_classic
[0.959s] -- Installing: /home/hima/bachelors/rbkairos_ws/install/robotnik_gazebo_classic/share/robotnik_gazebo_classic/cmake/robotnik_gazebo_classicConfig.cmake
[0.959s] -- Installing: /home/hima/bachelors/rbkairos_ws/install/robotnik_gazebo_classic/share/robotnik_gazebo_classic/cmake/robotnik_gazebo_classicConfig-version.cmake
[0.959s] -- Installing: /home/hima/bachelors/rbkairos_ws/install/robotnik_gazebo_classic/share/robotnik_gazebo_classic/package.xml
[0.962s] Invoked command in '/home/hima/bachelors/rbkairos_ws/build/robotnik_gazebo_classic' returned '0': CMAKE_PREFIX_PATH=/home/hima/bachelors/rbkairos_ws/install/robotnik_description:/home/hima/bachelors/rbkairos_ws/install/robotnik_sensors:/home/hima/bachelors/rbkairos_ws/install/robotnik_common:/home/hima/bachelors/rbkairos_ws/install/ros2_laser_scan_merger:/home/hima/bachelors/rbkairos_ws/install/ros2_laser_scan_matcher:/home/hima/bachelors/rbkairos_ws/install/robotnik_supervisor_msgs:/home/hima/bachelors/rbkairos_ws/install/robotnik_gazebo_ignition:/home/hima/bachelors/rbkairos_ws/install/robotnik_gazebo_classic:/home/hima/bachelors/rbkairos_ws/install/mapping:/home/hima/bachelors/rbkairos_ws/install/robotnik_interfaces:/home/hima/bachelors/rbkairos_ws/install/robotnik_safety_msgs:/home/hima/bachelors/rbkairos_ws/install/robotnik_perception_msgs:/home/hima/bachelors/rbkairos_ws/install/robotnik_navigation_msgs:/home/hima/bachelors/rbkairos_ws/install/robotnik_io_msgs:/home/hima/bachelors/rbkairos_ws/install/robotnik_controllers_msgs:/home/hima/bachelors/rbkairos_ws/install/robotnik_common_msgs:/home/hima/bachelors/rbkairos_ws/install/robotnik_battery_msgs:/home/hima/bachelors/rbkairos_ws/install/csm:/opt/ros/humble /usr/bin/cmake --install /home/hima/bachelors/rbkairos_ws/build/robotnik_gazebo_classic
