[0.027s] Invoking command in '/home/hima/bachelors/rbkairos_ws/build/mapping': CMAKE_PREFIX_PATH=/home/hima/bachelors/rbkairos_ws/install/robotnik_description:/home/hima/bachelors/rbkairos_ws/install/robotnik_sensors:/home/hima/bachelors/rbkairos_ws/install/ros2_laser_scan_merger:/home/hima/bachelors/rbkairos_ws/install/ros2_laser_scan_matcher:/home/hima/bachelors/rbkairos_ws/install/robotnik_supervisor_msgs:/home/hima/bachelors/rbkairos_ws/install/robotnik_gazebo_ignition:/home/hima/bachelors/rbkairos_ws/install/robotnik_gazebo_classic:/home/hima/bachelors/rbkairos_ws/install/mapping:/home/hima/bachelors/rbkairos_ws/install/robotnik_interfaces:/home/hima/bachelors/rbkairos_ws/install/robotnik_safety_msgs:/home/hima/bachelors/rbkairos_ws/install/robotnik_perception_msgs:/home/hima/bachelors/rbkairos_ws/install/robotnik_navigation_msgs:/home/hima/bachelors/rbkairos_ws/install/robotnik_io_msgs:/home/hima/bachelors/rbkairos_ws/install/robotnik_controllers_msgs:/home/hima/bachelors/rbkairos_ws/install/robotnik_common_msgs:/home/hima/bachelors/rbkairos_ws/install/robotnik_common:/home/hima/bachelors/rbkairos_ws/install/robotnik_battery_msgs:/home/hima/bachelors/rbkairos_ws/install/csm:/opt/ros/humble /usr/bin/cmake /home/hima/bachelors/rbkairos_ws/src/mapping -DCMAKE_INSTALL_PREFIX=/home/hima/bachelors/rbkairos_ws/install/mapping
[0.104s] -- The C compiler identification is GNU 11.4.0
[0.195s] -- The CXX compiler identification is GNU 11.4.0
[0.207s] -- Detecting C compiler ABI info
[0.295s] -- Detecting C compiler ABI info - done
[0.303s] -- Check for working C compiler: /usr/bin/cc - skipped
[0.303s] -- Detecting C compile features
[0.304s] -- Detecting C compile features - done
[0.308s] -- Detecting CXX compiler ABI info
[0.398s] -- Detecting CXX compiler ABI info - done
[0.409s] -- Check for working CXX compiler: /usr/bin/c++ - skipped
[0.409s] -- Detecting CXX compile features
[0.409s] -- Detecting CXX compile features - done
[0.412s] -- Found ament_cmake_python: 1.3.11 (/opt/ros/humble/share/ament_cmake_python/cmake)
[0.414s] -- Found rclcpp: 16.0.12 (/opt/ros/humble/share/rclcpp/cmake)
[0.587s] -- Found Python3: /usr/bin/python3 (found version "3.10.12") found components: Interpreter 
[0.782s] -- Found rosidl_generator_c: 3.1.6 (/opt/ros/humble/share/rosidl_generator_c/cmake)
[0.792s] -- Found rosidl_adapter: 3.1.6 (/opt/ros/humble/share/rosidl_adapter/cmake)
[0.812s] -- Found rosidl_generator_cpp: 3.1.6 (/opt/ros/humble/share/rosidl_generator_cpp/cmake)
[0.835s] -- Using all available rosidl_typesupport_c: rosidl_typesupport_fastrtps_c;rosidl_typesupport_introspection_c
[0.876s] -- Using all available rosidl_typesupport_cpp: rosidl_typesupport_fastrtps_cpp;rosidl_typesupport_introspection_cpp
[0.973s] -- Found rmw_implementation_cmake: 6.1.2 (/opt/ros/humble/share/rmw_implementation_cmake/cmake)
[0.979s] -- Found rmw_cyclonedds_cpp: 1.3.4 (/opt/ros/humble/share/rmw_cyclonedds_cpp/cmake)
[1.021s] -- Using RMW implementation 'rmw_cyclonedds_cpp' as default
[1.037s] -- Looking for pthread.h
[1.118s] -- Looking for pthread.h - found
[1.119s] -- Performing Test CMAKE_HAVE_LIBC_PTHREAD
[1.197s] -- Performing Test CMAKE_HAVE_LIBC_PTHREAD - Success
[1.198s] -- Found Threads: TRUE  
[1.268s] -- Found cartographer_ros: 2.0.9002 (/opt/ros/humble/share/cartographer_ros/cmake)
[1.485s] -- Checking for module 'eigen3'
[1.501s] --   Found eigen3, version 3.4.0
[1.537s] -- Found Eigen: /usr/include/eigen3 (Required is at least version "3.1") 
[1.537s] -- Eigen found (include: /usr/include/eigen3, version: 3.4.0)
[1.582s] -- Checking for module 'flann'
[1.599s] --   Found flann, version 1.9.1
[1.652s] -- Found FLANN: /usr/lib/x86_64-linux-gnu/libflann_cpp.so  
[1.653s] -- FLANN found (include: /usr/include, lib: /usr/lib/x86_64-linux-gnu/libflann_cpp.so)
[2.696s] -- Checking for module 'libusb-1.0'
[2.715s] --   Found libusb-1.0, version 1.0.25
[2.758s] -- Found libusb: /usr/lib/x86_64-linux-gnu/libusb-1.0.so  
[2.760s] -- OpenNI found (version: 1.5.4.0, include: /usr/include/ni, lib: /usr/lib/libOpenNI.so;libusb::libusb)
[2.827s] -- OpenNI2 found (version: 2.2.0.33, include: /usr/include/openni2, lib: /usr/lib/x86_64-linux-gnu/libOpenNI2.so;libusb::libusb)
[3.102s] -- Eigen found (include: /usr/include/eigen3, version: 3.4.0)
[3.115s] -- OpenNI found (version: 1.5.4.0, include: /usr/include/ni, lib: /usr/lib/libOpenNI.so;libusb::libusb)
[3.126s] -- OpenNI2 found (version: 2.2.0.33, include: /usr/include/openni2, lib: /usr/lib/x86_64-linux-gnu/libOpenNI2.so;libusb::libusb)
[3.364s] -- Found Qhull version 8.0.2
[3.553s] -- OpenNI found (version: 1.5.4.0, include: /usr/include/ni, lib: /usr/lib/libOpenNI.so;libusb::libusb)
[3.833s] -- Found PCL_COMMON: /usr/lib/x86_64-linux-gnu/libpcl_common.so  
[3.833s] -- Found PCL_KDTREE: /usr/lib/x86_64-linux-gnu/libpcl_kdtree.so  
[3.836s] -- Found PCL_OCTREE: /usr/lib/x86_64-linux-gnu/libpcl_octree.so  
[3.840s] -- Found PCL_SEARCH: /usr/lib/x86_64-linux-gnu/libpcl_search.so  
[3.840s] -- Found PCL_SAMPLE_CONSENSUS: /usr/lib/x86_64-linux-gnu/libpcl_sample_consensus.so  
[3.843s] -- Found PCL_FILTERS: /usr/lib/x86_64-linux-gnu/libpcl_filters.so  
[3.845s] -- Found PCL_2D: /usr/include/pcl-1.12  
[3.846s] -- Found PCL_GEOMETRY: /usr/include/pcl-1.12  
[3.851s] -- Found PCL_IO: /usr/lib/x86_64-linux-gnu/libpcl_io.so  
[3.852s] -- Found PCL_FEATURES: /usr/lib/x86_64-linux-gnu/libpcl_features.so  
[3.855s] -- Found PCL_ML: /usr/lib/x86_64-linux-gnu/libpcl_ml.so  
[3.857s] -- Found PCL_SEGMENTATION: /usr/lib/x86_64-linux-gnu/libpcl_segmentation.so  
[3.860s] -- Found PCL_VISUALIZATION: /usr/lib/x86_64-linux-gnu/libpcl_visualization.so  
[3.863s] -- Found PCL_SURFACE: /usr/lib/x86_64-linux-gnu/libpcl_surface.so  
[3.868s] -- Found PCL_REGISTRATION: /usr/lib/x86_64-linux-gnu/libpcl_registration.so  
[3.868s] -- Found PCL_KEYPOINTS: /usr/lib/x86_64-linux-gnu/libpcl_keypoints.so  
[3.871s] -- Found PCL_TRACKING: /usr/lib/x86_64-linux-gnu/libpcl_tracking.so  
[3.873s] -- Found PCL_RECOGNITION: /usr/lib/x86_64-linux-gnu/libpcl_recognition.so  
[3.876s] -- Found PCL_STEREO: /usr/lib/x86_64-linux-gnu/libpcl_stereo.so  
[3.878s] -- Found PCL_APPS: /usr/lib/x86_64-linux-gnu/libpcl_apps.so  
[3.880s] -- Found PCL_IN_HAND_SCANNER: /usr/include/pcl-1.12  
[3.881s] -- Found PCL_MODELER: /usr/include/pcl-1.12  
[3.883s] -- Found PCL_POINT_CLOUD_EDITOR: /usr/include/pcl-1.12  
[3.885s] -- Found PCL_OUTOFCORE: /usr/lib/x86_64-linux-gnu/libpcl_outofcore.so  
[3.887s] -- Found PCL_PEOPLE: /usr/lib/x86_64-linux-gnu/libpcl_people.so  
[4.390s] -- Found robot_state_publisher: 3.0.3 (/opt/ros/humble/share/robot_state_publisher/cmake)
[4.446s] -- Found eigen3_cmake_module: 0.1.1 (/opt/ros/humble/share/eigen3_cmake_module/cmake)
[4.454s] -- Found Eigen3: TRUE (found version "3.4.0") 
[4.454s] -- Ensuring Eigen3 include directory is part of orocos-kdl CMake target
[4.486s] -- Found rviz2: 11.2.17 (/opt/ros/humble/share/rviz2/cmake)
[4.490s] -- Found xacro: 2.0.13 (/opt/ros/humble/share/xacro/cmake)
[4.495s] -- Found robotnik_description: 1.1.0 (/home/hima/bachelors/rbkairos_ws/install/robotnik_description/share/robotnik_description/cmake)
[4.656s] -- Configuring done
[4.680s] -- Generating done
[4.698s] -- Build files have been written to: /home/hima/bachelors/rbkairos_ws/build/mapping
[4.775s] Invoked command in '/home/hima/bachelors/rbkairos_ws/build/mapping' returned '0': CMAKE_PREFIX_PATH=/home/hima/bachelors/rbkairos_ws/install/robotnik_description:/home/hima/bachelors/rbkairos_ws/install/robotnik_sensors:/home/hima/bachelors/rbkairos_ws/install/ros2_laser_scan_merger:/home/hima/bachelors/rbkairos_ws/install/ros2_laser_scan_matcher:/home/hima/bachelors/rbkairos_ws/install/robotnik_supervisor_msgs:/home/hima/bachelors/rbkairos_ws/install/robotnik_gazebo_ignition:/home/hima/bachelors/rbkairos_ws/install/robotnik_gazebo_classic:/home/hima/bachelors/rbkairos_ws/install/mapping:/home/hima/bachelors/rbkairos_ws/install/robotnik_interfaces:/home/hima/bachelors/rbkairos_ws/install/robotnik_safety_msgs:/home/hima/bachelors/rbkairos_ws/install/robotnik_perception_msgs:/home/hima/bachelors/rbkairos_ws/install/robotnik_navigation_msgs:/home/hima/bachelors/rbkairos_ws/install/robotnik_io_msgs:/home/hima/bachelors/rbkairos_ws/install/robotnik_controllers_msgs:/home/hima/bachelors/rbkairos_ws/install/robotnik_common_msgs:/home/hima/bachelors/rbkairos_ws/install/robotnik_common:/home/hima/bachelors/rbkairos_ws/install/robotnik_battery_msgs:/home/hima/bachelors/rbkairos_ws/install/csm:/opt/ros/humble /usr/bin/cmake /home/hima/bachelors/rbkairos_ws/src/mapping -DCMAKE_INSTALL_PREFIX=/home/hima/bachelors/rbkairos_ws/install/mapping
[4.776s] Invoking command in '/home/hima/bachelors/rbkairos_ws/build/mapping': CMAKE_PREFIX_PATH=/home/hima/bachelors/rbkairos_ws/install/robotnik_description:/home/hima/bachelors/rbkairos_ws/install/robotnik_sensors:/home/hima/bachelors/rbkairos_ws/install/ros2_laser_scan_merger:/home/hima/bachelors/rbkairos_ws/install/ros2_laser_scan_matcher:/home/hima/bachelors/rbkairos_ws/install/robotnik_supervisor_msgs:/home/hima/bachelors/rbkairos_ws/install/robotnik_gazebo_ignition:/home/hima/bachelors/rbkairos_ws/install/robotnik_gazebo_classic:/home/hima/bachelors/rbkairos_ws/install/mapping:/home/hima/bachelors/rbkairos_ws/install/robotnik_interfaces:/home/hima/bachelors/rbkairos_ws/install/robotnik_safety_msgs:/home/hima/bachelors/rbkairos_ws/install/robotnik_perception_msgs:/home/hima/bachelors/rbkairos_ws/install/robotnik_navigation_msgs:/home/hima/bachelors/rbkairos_ws/install/robotnik_io_msgs:/home/hima/bachelors/rbkairos_ws/install/robotnik_controllers_msgs:/home/hima/bachelors/rbkairos_ws/install/robotnik_common_msgs:/home/hima/bachelors/rbkairos_ws/install/robotnik_common:/home/hima/bachelors/rbkairos_ws/install/robotnik_battery_msgs:/home/hima/bachelors/rbkairos_ws/install/csm:/opt/ros/humble /usr/bin/cmake --build /home/hima/bachelors/rbkairos_ws/build/mapping -- -j16 -l16
[4.935s] Invoked command in '/home/hima/bachelors/rbkairos_ws/build/mapping' returned '0': CMAKE_PREFIX_PATH=/home/hima/bachelors/rbkairos_ws/install/robotnik_description:/home/hima/bachelors/rbkairos_ws/install/robotnik_sensors:/home/hima/bachelors/rbkairos_ws/install/ros2_laser_scan_merger:/home/hima/bachelors/rbkairos_ws/install/ros2_laser_scan_matcher:/home/hima/bachelors/rbkairos_ws/install/robotnik_supervisor_msgs:/home/hima/bachelors/rbkairos_ws/install/robotnik_gazebo_ignition:/home/hima/bachelors/rbkairos_ws/install/robotnik_gazebo_classic:/home/hima/bachelors/rbkairos_ws/install/mapping:/home/hima/bachelors/rbkairos_ws/install/robotnik_interfaces:/home/hima/bachelors/rbkairos_ws/install/robotnik_safety_msgs:/home/hima/bachelors/rbkairos_ws/install/robotnik_perception_msgs:/home/hima/bachelors/rbkairos_ws/install/robotnik_navigation_msgs:/home/hima/bachelors/rbkairos_ws/install/robotnik_io_msgs:/home/hima/bachelors/rbkairos_ws/install/robotnik_controllers_msgs:/home/hima/bachelors/rbkairos_ws/install/robotnik_common_msgs:/home/hima/bachelors/rbkairos_ws/install/robotnik_common:/home/hima/bachelors/rbkairos_ws/install/robotnik_battery_msgs:/home/hima/bachelors/rbkairos_ws/install/csm:/opt/ros/humble /usr/bin/cmake --build /home/hima/bachelors/rbkairos_ws/build/mapping -- -j16 -l16
[4.936s] Invoking command in '/home/hima/bachelors/rbkairos_ws/build/mapping': CMAKE_PREFIX_PATH=/home/hima/bachelors/rbkairos_ws/install/robotnik_description:/home/hima/bachelors/rbkairos_ws/install/robotnik_sensors:/home/hima/bachelors/rbkairos_ws/install/ros2_laser_scan_merger:/home/hima/bachelors/rbkairos_ws/install/ros2_laser_scan_matcher:/home/hima/bachelors/rbkairos_ws/install/robotnik_supervisor_msgs:/home/hima/bachelors/rbkairos_ws/install/robotnik_gazebo_ignition:/home/hima/bachelors/rbkairos_ws/install/robotnik_gazebo_classic:/home/hima/bachelors/rbkairos_ws/install/mapping:/home/hima/bachelors/rbkairos_ws/install/robotnik_interfaces:/home/hima/bachelors/rbkairos_ws/install/robotnik_safety_msgs:/home/hima/bachelors/rbkairos_ws/install/robotnik_perception_msgs:/home/hima/bachelors/rbkairos_ws/install/robotnik_navigation_msgs:/home/hima/bachelors/rbkairos_ws/install/robotnik_io_msgs:/home/hima/bachelors/rbkairos_ws/install/robotnik_controllers_msgs:/home/hima/bachelors/rbkairos_ws/install/robotnik_common_msgs:/home/hima/bachelors/rbkairos_ws/install/robotnik_common:/home/hima/bachelors/rbkairos_ws/install/robotnik_battery_msgs:/home/hima/bachelors/rbkairos_ws/install/csm:/opt/ros/humble /usr/bin/cmake --install /home/hima/bachelors/rbkairos_ws/build/mapping
[4.966s] -- Install configuration: ""
[4.966s] -- Installing: /home/hima/bachelors/rbkairos_ws/install/mapping/share/mapping/launch
[4.966s] -- Installing: /home/hima/bachelors/rbkairos_ws/install/mapping/share/mapping/launch/updatedcartographer.launch .py
[4.966s] -- Installing: /home/hima/bachelors/rbkairos_ws/install/mapping/share/mapping/launch/navigation_launch.py
[4.970s] -- Installing: /home/hima/bachelors/rbkairos_ws/install/mapping/share/mapping/launch/occupancy_grid.launch.py
[4.971s] -- Installing: /home/hima/bachelors/rbkairos_ws/install/mapping/share/mapping/launch/bringup_launch.py
[4.971s] -- Installing: /home/hima/bachelors/rbkairos_ws/install/mapping/share/mapping/launch/online_async_launch.py
[4.971s] -- Installing: /home/hima/bachelors/rbkairos_ws/install/mapping/share/mapping/launch/cartographer.launch.py
[4.971s] -- Installing: /home/hima/bachelors/rbkairos_ws/install/mapping/share/mapping/launch/cartographer(gpt).launch.py
[4.971s] -- Installing: /home/hima/bachelors/rbkairos_ws/install/mapping/share/mapping/config
[4.971s] -- Installing: /home/hima/bachelors/rbkairos_ws/install/mapping/share/mapping/config/mapper_params_online_async.yaml
[4.976s] -- Installing: /home/hima/bachelors/rbkairos_ws/install/mapping/share/mapping/config/rbkairos(old).lua
[4.976s] -- Installing: /home/hima/bachelors/rbkairos_ws/install/mapping/share/mapping/config/turtlebot3_lds_2d.lua
[4.977s] -- Installing: /home/hima/bachelors/rbkairos_ws/install/mapping/share/mapping/config/rbkairos.lua
[4.977s] -- Installing: /home/hima/bachelors/rbkairos_ws/install/mapping/share/mapping/config/nav2_params (copy).txt
[4.979s] -- Installing: /home/hima/bachelors/rbkairos_ws/install/mapping/share/mapping/config/nav2_params.yaml
[4.979s] -- Installing: /home/hima/bachelors/rbkairos_ws/install/mapping/lib/mapping/merge_laser_node.py
[4.979s] -- Installing: /home/hima/bachelors/rbkairos_ws/install/mapping/lib/mapping/republisher_node.py
[4.979s] -- Installing: /home/hima/bachelors/rbkairos_ws/install/mapping/share/ament_index/resource_index/package_run_dependencies/mapping
[4.979s] -- Installing: /home/hima/bachelors/rbkairos_ws/install/mapping/share/ament_index/resource_index/parent_prefix_path/mapping
[4.980s] -- Installing: /home/hima/bachelors/rbkairos_ws/install/mapping/share/mapping/environment/ament_prefix_path.sh
[4.980s] -- Installing: /home/hima/bachelors/rbkairos_ws/install/mapping/share/mapping/environment/ament_prefix_path.dsv
[4.980s] -- Installing: /home/hima/bachelors/rbkairos_ws/install/mapping/share/mapping/environment/path.sh
[4.980s] -- Installing: /home/hima/bachelors/rbkairos_ws/install/mapping/share/mapping/environment/path.dsv
[4.980s] -- Installing: /home/hima/bachelors/rbkairos_ws/install/mapping/share/mapping/local_setup.bash
[4.980s] -- Installing: /home/hima/bachelors/rbkairos_ws/install/mapping/share/mapping/local_setup.sh
[4.981s] -- Installing: /home/hima/bachelors/rbkairos_ws/install/mapping/share/mapping/local_setup.zsh
[4.983s] -- Installing: /home/hima/bachelors/rbkairos_ws/install/mapping/share/mapping/local_setup.dsv
[4.983s] -- Installing: /home/hima/bachelors/rbkairos_ws/install/mapping/share/mapping/package.dsv
[4.983s] -- Installing: /home/hima/bachelors/rbkairos_ws/install/mapping/share/ament_index/resource_index/packages/mapping
[4.983s] -- Installing: /home/hima/bachelors/rbkairos_ws/install/mapping/share/mapping/cmake/ament_cmake_export_dependencies-extras.cmake
[4.983s] -- Installing: /home/hima/bachelors/rbkairos_ws/install/mapping/share/mapping/cmake/mappingConfig.cmake
[4.984s] -- Installing: /home/hima/bachelors/rbkairos_ws/install/mapping/share/mapping/cmake/mappingConfig-version.cmake
[4.984s] -- Installing: /home/hima/bachelors/rbkairos_ws/install/mapping/share/mapping/package.xml
[4.993s] Invoked command in '/home/hima/bachelors/rbkairos_ws/build/mapping' returned '0': CMAKE_PREFIX_PATH=/home/hima/bachelors/rbkairos_ws/install/robotnik_description:/home/hima/bachelors/rbkairos_ws/install/robotnik_sensors:/home/hima/bachelors/rbkairos_ws/install/ros2_laser_scan_merger:/home/hima/bachelors/rbkairos_ws/install/ros2_laser_scan_matcher:/home/hima/bachelors/rbkairos_ws/install/robotnik_supervisor_msgs:/home/hima/bachelors/rbkairos_ws/install/robotnik_gazebo_ignition:/home/hima/bachelors/rbkairos_ws/install/robotnik_gazebo_classic:/home/hima/bachelors/rbkairos_ws/install/mapping:/home/hima/bachelors/rbkairos_ws/install/robotnik_interfaces:/home/hima/bachelors/rbkairos_ws/install/robotnik_safety_msgs:/home/hima/bachelors/rbkairos_ws/install/robotnik_perception_msgs:/home/hima/bachelors/rbkairos_ws/install/robotnik_navigation_msgs:/home/hima/bachelors/rbkairos_ws/install/robotnik_io_msgs:/home/hima/bachelors/rbkairos_ws/install/robotnik_controllers_msgs:/home/hima/bachelors/rbkairos_ws/install/robotnik_common_msgs:/home/hima/bachelors/rbkairos_ws/install/robotnik_common:/home/hima/bachelors/rbkairos_ws/install/robotnik_battery_msgs:/home/hima/bachelors/rbkairos_ws/install/csm:/opt/ros/humble /usr/bin/cmake --install /home/hima/bachelors/rbkairos_ws/build/mapping
