[0.028s] Invoking command in '/home/hima/bachelors/rbkairos_ws/build/mapping': CMAKE_PREFIX_PATH=/home/hima/bachelors/rbkairos_ws/install/robotnik_description:/home/hima/bachelors/rbkairos_ws/install/robotnik_sensors:/home/hima/bachelors/rbkairos_ws/install/ros2_laser_scan_merger:/home/hima/bachelors/rbkairos_ws/install/ros2_laser_scan_matcher:/home/hima/bachelors/rbkairos_ws/install/robotnik_supervisor_msgs:/home/hima/bachelors/rbkairos_ws/install/robotnik_gazebo_ignition:/home/hima/bachelors/rbkairos_ws/install/robotnik_gazebo_classic:/home/hima/bachelors/rbkairos_ws/install/mapping:/home/hima/bachelors/rbkairos_ws/install/robotnik_interfaces:/home/hima/bachelors/rbkairos_ws/install/robotnik_safety_msgs:/home/hima/bachelors/rbkairos_ws/install/robotnik_perception_msgs:/home/hima/bachelors/rbkairos_ws/install/robotnik_navigation_msgs:/home/hima/bachelors/rbkairos_ws/install/robotnik_io_msgs:/home/hima/bachelors/rbkairos_ws/install/robotnik_controllers_msgs:/home/hima/bachelors/rbkairos_ws/install/robotnik_common_msgs:/home/hima/bachelors/rbkairos_ws/install/robotnik_common:/home/hima/bachelors/rbkairos_ws/install/robotnik_battery_msgs:/home/hima/bachelors/rbkairos_ws/install/csm:/opt/ros/humble /usr/bin/cmake --build /home/hima/bachelors/rbkairos_ws/build/mapping -- -j16 -l16
[0.116s] Invoked command in '/home/hima/bachelors/rbkairos_ws/build/mapping' returned '0': CMAKE_PREFIX_PATH=/home/hima/bachelors/rbkairos_ws/install/robotnik_description:/home/hima/bachelors/rbkairos_ws/install/robotnik_sensors:/home/hima/bachelors/rbkairos_ws/install/ros2_laser_scan_merger:/home/hima/bachelors/rbkairos_ws/install/ros2_laser_scan_matcher:/home/hima/bachelors/rbkairos_ws/install/robotnik_supervisor_msgs:/home/hima/bachelors/rbkairos_ws/install/robotnik_gazebo_ignition:/home/hima/bachelors/rbkairos_ws/install/robotnik_gazebo_classic:/home/hima/bachelors/rbkairos_ws/install/mapping:/home/hima/bachelors/rbkairos_ws/install/robotnik_interfaces:/home/hima/bachelors/rbkairos_ws/install/robotnik_safety_msgs:/home/hima/bachelors/rbkairos_ws/install/robotnik_perception_msgs:/home/hima/bachelors/rbkairos_ws/install/robotnik_navigation_msgs:/home/hima/bachelors/rbkairos_ws/install/robotnik_io_msgs:/home/hima/bachelors/rbkairos_ws/install/robotnik_controllers_msgs:/home/hima/bachelors/rbkairos_ws/install/robotnik_common_msgs:/home/hima/bachelors/rbkairos_ws/install/robotnik_common:/home/hima/bachelors/rbkairos_ws/install/robotnik_battery_msgs:/home/hima/bachelors/rbkairos_ws/install/csm:/opt/ros/humble /usr/bin/cmake --build /home/hima/bachelors/rbkairos_ws/build/mapping -- -j16 -l16
[0.120s] Invoking command in '/home/hima/bachelors/rbkairos_ws/build/mapping': CMAKE_PREFIX_PATH=/home/hima/bachelors/rbkairos_ws/install/robotnik_description:/home/hima/bachelors/rbkairos_ws/install/robotnik_sensors:/home/hima/bachelors/rbkairos_ws/install/ros2_laser_scan_merger:/home/hima/bachelors/rbkairos_ws/install/ros2_laser_scan_matcher:/home/hima/bachelors/rbkairos_ws/install/robotnik_supervisor_msgs:/home/hima/bachelors/rbkairos_ws/install/robotnik_gazebo_ignition:/home/hima/bachelors/rbkairos_ws/install/robotnik_gazebo_classic:/home/hima/bachelors/rbkairos_ws/install/mapping:/home/hima/bachelors/rbkairos_ws/install/robotnik_interfaces:/home/hima/bachelors/rbkairos_ws/install/robotnik_safety_msgs:/home/hima/bachelors/rbkairos_ws/install/robotnik_perception_msgs:/home/hima/bachelors/rbkairos_ws/install/robotnik_navigation_msgs:/home/hima/bachelors/rbkairos_ws/install/robotnik_io_msgs:/home/hima/bachelors/rbkairos_ws/install/robotnik_controllers_msgs:/home/hima/bachelors/rbkairos_ws/install/robotnik_common_msgs:/home/hima/bachelors/rbkairos_ws/install/robotnik_common:/home/hima/bachelors/rbkairos_ws/install/robotnik_battery_msgs:/home/hima/bachelors/rbkairos_ws/install/csm:/opt/ros/humble /usr/bin/cmake --install /home/hima/bachelors/rbkairos_ws/build/mapping
[0.135s] -- Install configuration: ""
[0.135s] -- Up-to-date: /home/hima/bachelors/rbkairos_ws/install/mapping/share/mapping/launch
[0.135s] -- Up-to-date: /home/hima/bachelors/rbkairos_ws/install/mapping/share/mapping/launch/updatedcartographer.launch .py
[0.135s] -- Up-to-date: /home/hima/bachelors/rbkairos_ws/install/mapping/share/mapping/launch/navigation_launch.py
[0.135s] -- Up-to-date: /home/hima/bachelors/rbkairos_ws/install/mapping/share/mapping/launch/occupancy_grid.launch.py
[0.136s] -- Up-to-date: /home/hima/bachelors/rbkairos_ws/install/mapping/share/mapping/launch/bringup_launch.py
[0.136s] -- Up-to-date: /home/hima/bachelors/rbkairos_ws/install/mapping/share/mapping/launch/online_async_launch.py
[0.136s] -- Up-to-date: /home/hima/bachelors/rbkairos_ws/install/mapping/share/mapping/launch/cartographer.launch.py
[0.136s] -- Up-to-date: /home/hima/bachelors/rbkairos_ws/install/mapping/share/mapping/launch/cartographer(gpt).launch.py
[0.136s] -- Up-to-date: /home/hima/bachelors/rbkairos_ws/install/mapping/share/mapping/config
[0.136s] -- Up-to-date: /home/hima/bachelors/rbkairos_ws/install/mapping/share/mapping/config/mapper_params_online_async.yaml
[0.136s] -- Up-to-date: /home/hima/bachelors/rbkairos_ws/install/mapping/share/mapping/config/rbkairos(old).lua
[0.136s] -- Up-to-date: /home/hima/bachelors/rbkairos_ws/install/mapping/share/mapping/config/turtlebot3_lds_2d.lua
[0.136s] -- Up-to-date: /home/hima/bachelors/rbkairos_ws/install/mapping/share/mapping/config/rbkairos.lua
[0.136s] -- Up-to-date: /home/hima/bachelors/rbkairos_ws/install/mapping/share/mapping/config/nav2_params (copy).txt
[0.136s] -- Up-to-date: /home/hima/bachelors/rbkairos_ws/install/mapping/share/mapping/config/nav2_params.yaml
[0.136s] -- Installing: /home/hima/bachelors/rbkairos_ws/install/mapping/lib/mapping/merge_laser_node.py
[0.136s] -- Up-to-date: /home/hima/bachelors/rbkairos_ws/install/mapping/lib/mapping/republisher_node.py
[0.137s] -- Up-to-date: /home/hima/bachelors/rbkairos_ws/install/mapping/share/ament_index/resource_index/package_run_dependencies/mapping
[0.137s] -- Up-to-date: /home/hima/bachelors/rbkairos_ws/install/mapping/share/ament_index/resource_index/parent_prefix_path/mapping
[0.137s] -- Up-to-date: /home/hima/bachelors/rbkairos_ws/install/mapping/share/mapping/environment/ament_prefix_path.sh
[0.137s] -- Up-to-date: /home/hima/bachelors/rbkairos_ws/install/mapping/share/mapping/environment/ament_prefix_path.dsv
[0.137s] -- Up-to-date: /home/hima/bachelors/rbkairos_ws/install/mapping/share/mapping/environment/path.sh
[0.137s] -- Up-to-date: /home/hima/bachelors/rbkairos_ws/install/mapping/share/mapping/environment/path.dsv
[0.137s] -- Up-to-date: /home/hima/bachelors/rbkairos_ws/install/mapping/share/mapping/local_setup.bash
[0.137s] -- Up-to-date: /home/hima/bachelors/rbkairos_ws/install/mapping/share/mapping/local_setup.sh
[0.137s] -- Up-to-date: /home/hima/bachelors/rbkairos_ws/install/mapping/share/mapping/local_setup.zsh
[0.137s] -- Up-to-date: /home/hima/bachelors/rbkairos_ws/install/mapping/share/mapping/local_setup.dsv
[0.137s] -- Installing: /home/hima/bachelors/rbkairos_ws/install/mapping/share/mapping/package.dsv
[0.137s] -- Up-to-date: /home/hima/bachelors/rbkairos_ws/install/mapping/share/ament_index/resource_index/packages/mapping
[0.137s] -- Up-to-date: /home/hima/bachelors/rbkairos_ws/install/mapping/share/mapping/cmake/ament_cmake_export_dependencies-extras.cmake
[0.137s] -- Up-to-date: /home/hima/bachelors/rbkairos_ws/install/mapping/share/mapping/cmake/mappingConfig.cmake
[0.137s] -- Up-to-date: /home/hima/bachelors/rbkairos_ws/install/mapping/share/mapping/cmake/mappingConfig-version.cmake
[0.137s] -- Up-to-date: /home/hima/bachelors/rbkairos_ws/install/mapping/share/mapping/package.xml
[0.176s] Invoked command in '/home/hima/bachelors/rbkairos_ws/build/mapping' returned '0': CMAKE_PREFIX_PATH=/home/hima/bachelors/rbkairos_ws/install/robotnik_description:/home/hima/bachelors/rbkairos_ws/install/robotnik_sensors:/home/hima/bachelors/rbkairos_ws/install/ros2_laser_scan_merger:/home/hima/bachelors/rbkairos_ws/install/ros2_laser_scan_matcher:/home/hima/bachelors/rbkairos_ws/install/robotnik_supervisor_msgs:/home/hima/bachelors/rbkairos_ws/install/robotnik_gazebo_ignition:/home/hima/bachelors/rbkairos_ws/install/robotnik_gazebo_classic:/home/hima/bachelors/rbkairos_ws/install/mapping:/home/hima/bachelors/rbkairos_ws/install/robotnik_interfaces:/home/hima/bachelors/rbkairos_ws/install/robotnik_safety_msgs:/home/hima/bachelors/rbkairos_ws/install/robotnik_perception_msgs:/home/hima/bachelors/rbkairos_ws/install/robotnik_navigation_msgs:/home/hima/bachelors/rbkairos_ws/install/robotnik_io_msgs:/home/hima/bachelors/rbkairos_ws/install/robotnik_controllers_msgs:/home/hima/bachelors/rbkairos_ws/install/robotnik_common_msgs:/home/hima/bachelors/rbkairos_ws/install/robotnik_common:/home/hima/bachelors/rbkairos_ws/install/robotnik_battery_msgs:/home/hima/bachelors/rbkairos_ws/install/csm:/opt/ros/humble /usr/bin/cmake --install /home/hima/bachelors/rbkairos_ws/build/mapping
