[0.028s] Invoking command in '/home/hima/bachelors/rbkairos_ws/build/robotnik_perception_msgs': CMAKE_PREFIX_PATH=/opt/ros/humble /usr/bin/cmake --build /home/hima/bachelors/rbkairos_ws/build/robotnik_perception_msgs -- -j16 -l16
[0.088s] [  2%] Built target robotnik_perception_msgs__cpp
[0.106s] [ 12%] Built target robotnik_perception_msgs__rosidl_generator_c
[0.107s] [ 12%] Built target ament_cmake_python_copy_robotnik_perception_msgs
[0.148s] [ 23%] Built target robotnik_perception_msgs__rosidl_typesupport_cpp
[0.148s] [ 35%] Built target robotnik_perception_msgs__rosidl_typesupport_introspection_cpp
[0.148s] [ 43%] Built target robotnik_perception_msgs__rosidl_typesupport_fastrtps_cpp
[0.150s] [ 56%] Built target robotnik_perception_msgs__rosidl_typesupport_c
[0.150s] [ 64%] Built target robotnik_perception_msgs__rosidl_typesupport_introspection_c
[0.153s] [ 74%] Built target robotnik_perception_msgs__rosidl_typesupport_fastrtps_c
[0.184s] [ 74%] Built target robotnik_perception_msgs
[0.213s] [ 76%] Built target robotnik_perception_msgs__py
[0.246s] [ 84%] Built target robotnik_perception_msgs__rosidl_generator_py
[0.276s] [ 89%] Built target robotnik_perception_msgs__rosidl_typesupport_fastrtps_c__pyext
[0.277s] [ 94%] Built target robotnik_perception_msgs__rosidl_typesupport_c__pyext
[0.277s] [100%] Built target robotnik_perception_msgs__rosidl_typesupport_introspection_c__pyext
[0.423s] running egg_info
[0.424s] writing robotnik_perception_msgs.egg-info/PKG-INFO
[0.425s] writing dependency_links to robotnik_perception_msgs.egg-info/dependency_links.txt
[0.426s] writing top-level names to robotnik_perception_msgs.egg-info/top_level.txt
[0.427s] reading manifest file 'robotnik_perception_msgs.egg-info/SOURCES.txt'
[0.428s] writing manifest file 'robotnik_perception_msgs.egg-info/SOURCES.txt'
[0.455s] [100%] Built target ament_cmake_python_build_robotnik_perception_msgs_egg
[0.471s] Invoked command in '/home/hima/bachelors/rbkairos_ws/build/robotnik_perception_msgs' returned '0': CMAKE_PREFIX_PATH=/opt/ros/humble /usr/bin/cmake --build /home/hima/bachelors/rbkairos_ws/build/robotnik_perception_msgs -- -j16 -l16
[0.473s] Invoking command in '/home/hima/bachelors/rbkairos_ws/build/robotnik_perception_msgs': CMAKE_PREFIX_PATH=/opt/ros/humble /usr/bin/cmake --install /home/hima/bachelors/rbkairos_ws/build/robotnik_perception_msgs
[0.485s] -- Install configuration: ""
[0.485s] -- Up-to-date: /home/hima/bachelors/rbkairos_ws/install/robotnik_perception_msgs/share/ament_index/resource_index/rosidl_interfaces/robotnik_perception_msgs
[0.487s] -- Up-to-date: /home/hima/bachelors/rbkairos_ws/install/robotnik_perception_msgs/include/robotnik_perception_msgs/robotnik_perception_msgs
[0.487s] -- Up-to-date: /home/hima/bachelors/rbkairos_ws/install/robotnik_perception_msgs/include/robotnik_perception_msgs/robotnik_perception_msgs/msg
[0.487s] -- Up-to-date: /home/hima/bachelors/rbkairos_ws/install/robotnik_perception_msgs/include/robotnik_perception_msgs/robotnik_perception_msgs/msg/detection.h
[0.487s] -- Up-to-date: /home/hima/bachelors/rbkairos_ws/install/robotnik_perception_msgs/include/robotnik_perception_msgs/robotnik_perception_msgs/msg/detail
[0.487s] -- Up-to-date: /home/hima/bachelors/rbkairos_ws/install/robotnik_perception_msgs/include/robotnik_perception_msgs/robotnik_perception_msgs/msg/detail/detection_array__functions.c
[0.487s] -- Up-to-date: /home/hima/bachelors/rbkairos_ws/install/robotnik_perception_msgs/include/robotnik_perception_msgs/robotnik_perception_msgs/msg/detail/detection__struct.h
[0.488s] -- Up-to-date: /home/hima/bachelors/rbkairos_ws/install/robotnik_perception_msgs/include/robotnik_perception_msgs/robotnik_perception_msgs/msg/detail/detection__type_support.h
[0.488s] -- Up-to-date: /home/hima/bachelors/rbkairos_ws/install/robotnik_perception_msgs/include/robotnik_perception_msgs/robotnik_perception_msgs/msg/detail/detection_array__functions.h
[0.488s] -- Up-to-date: /home/hima/bachelors/rbkairos_ws/install/robotnik_perception_msgs/include/robotnik_perception_msgs/robotnik_perception_msgs/msg/detail/detection__functions.h
[0.488s] -- Up-to-date: /home/hima/bachelors/rbkairos_ws/install/robotnik_perception_msgs/include/robotnik_perception_msgs/robotnik_perception_msgs/msg/detail/detection_array__struct.h
[0.488s] -- Up-to-date: /home/hima/bachelors/rbkairos_ws/install/robotnik_perception_msgs/include/robotnik_perception_msgs/robotnik_perception_msgs/msg/detail/detection_array__type_support.h
[0.488s] -- Up-to-date: /home/hima/bachelors/rbkairos_ws/install/robotnik_perception_msgs/include/robotnik_perception_msgs/robotnik_perception_msgs/msg/detail/detection__functions.c
[0.488s] -- Up-to-date: /home/hima/bachelors/rbkairos_ws/install/robotnik_perception_msgs/include/robotnik_perception_msgs/robotnik_perception_msgs/msg/detection_array.h
[0.488s] -- Up-to-date: /home/hima/bachelors/rbkairos_ws/install/robotnik_perception_msgs/include/robotnik_perception_msgs/robotnik_perception_msgs/msg/rosidl_generator_c__visibility_control.h
[0.489s] -- Up-to-date: /home/hima/bachelors/rbkairos_ws/install/robotnik_perception_msgs/share/robotnik_perception_msgs/environment/library_path.sh
[0.489s] -- Up-to-date: /home/hima/bachelors/rbkairos_ws/install/robotnik_perception_msgs/share/robotnik_perception_msgs/environment/library_path.dsv
[0.489s] -- Up-to-date: /home/hima/bachelors/rbkairos_ws/install/robotnik_perception_msgs/lib/librobotnik_perception_msgs__rosidl_generator_c.so
[0.489s] -- Up-to-date: /home/hima/bachelors/rbkairos_ws/install/robotnik_perception_msgs/include/robotnik_perception_msgs/robotnik_perception_msgs
[0.489s] -- Up-to-date: /home/hima/bachelors/rbkairos_ws/install/robotnik_perception_msgs/include/robotnik_perception_msgs/robotnik_perception_msgs/msg
[0.489s] -- Up-to-date: /home/hima/bachelors/rbkairos_ws/install/robotnik_perception_msgs/include/robotnik_perception_msgs/robotnik_perception_msgs/msg/rosidl_typesupport_fastrtps_c__visibility_control.h
[0.489s] -- Up-to-date: /home/hima/bachelors/rbkairos_ws/install/robotnik_perception_msgs/include/robotnik_perception_msgs/robotnik_perception_msgs/msg/detail
[0.489s] -- Up-to-date: /home/hima/bachelors/rbkairos_ws/install/robotnik_perception_msgs/include/robotnik_perception_msgs/robotnik_perception_msgs/msg/detail/detection_array__rosidl_typesupport_fastrtps_c.h
[0.490s] -- Up-to-date: /home/hima/bachelors/rbkairos_ws/install/robotnik_perception_msgs/include/robotnik_perception_msgs/robotnik_perception_msgs/msg/detail/detection__rosidl_typesupport_fastrtps_c.h
[0.490s] -- Up-to-date: /home/hima/bachelors/rbkairos_ws/install/robotnik_perception_msgs/lib/librobotnik_perception_msgs__rosidl_typesupport_fastrtps_c.so
[0.490s] -- Up-to-date: /home/hima/bachelors/rbkairos_ws/install/robotnik_perception_msgs/include/robotnik_perception_msgs/robotnik_perception_msgs
[0.490s] -- Up-to-date: /home/hima/bachelors/rbkairos_ws/install/robotnik_perception_msgs/include/robotnik_perception_msgs/robotnik_perception_msgs/msg
[0.490s] -- Up-to-date: /home/hima/bachelors/rbkairos_ws/install/robotnik_perception_msgs/include/robotnik_perception_msgs/robotnik_perception_msgs/msg/detection.hpp
[0.490s] -- Up-to-date: /home/hima/bachelors/rbkairos_ws/install/robotnik_perception_msgs/include/robotnik_perception_msgs/robotnik_perception_msgs/msg/rosidl_generator_cpp__visibility_control.hpp
[0.490s] -- Up-to-date: /home/hima/bachelors/rbkairos_ws/install/robotnik_perception_msgs/include/robotnik_perception_msgs/robotnik_perception_msgs/msg/detail
[0.490s] -- Up-to-date: /home/hima/bachelors/rbkairos_ws/install/robotnik_perception_msgs/include/robotnik_perception_msgs/robotnik_perception_msgs/msg/detail/detection_array__builder.hpp
[0.490s] -- Up-to-date: /home/hima/bachelors/rbkairos_ws/install/robotnik_perception_msgs/include/robotnik_perception_msgs/robotnik_perception_msgs/msg/detail/detection__builder.hpp
[0.490s] -- Up-to-date: /home/hima/bachelors/rbkairos_ws/install/robotnik_perception_msgs/include/robotnik_perception_msgs/robotnik_perception_msgs/msg/detail/detection__struct.hpp
[0.490s] -- Up-to-date: /home/hima/bachelors/rbkairos_ws/install/robotnik_perception_msgs/include/robotnik_perception_msgs/robotnik_perception_msgs/msg/detail/detection__type_support.hpp
[0.490s] -- Up-to-date: /home/hima/bachelors/rbkairos_ws/install/robotnik_perception_msgs/include/robotnik_perception_msgs/robotnik_perception_msgs/msg/detail/detection_array__type_support.hpp
[0.490s] -- Up-to-date: /home/hima/bachelors/rbkairos_ws/install/robotnik_perception_msgs/include/robotnik_perception_msgs/robotnik_perception_msgs/msg/detail/detection_array__traits.hpp
[0.490s] -- Up-to-date: /home/hima/bachelors/rbkairos_ws/install/robotnik_perception_msgs/include/robotnik_perception_msgs/robotnik_perception_msgs/msg/detail/detection__traits.hpp
[0.490s] -- Up-to-date: /home/hima/bachelors/rbkairos_ws/install/robotnik_perception_msgs/include/robotnik_perception_msgs/robotnik_perception_msgs/msg/detail/detection_array__struct.hpp
[0.490s] -- Up-to-date: /home/hima/bachelors/rbkairos_ws/install/robotnik_perception_msgs/include/robotnik_perception_msgs/robotnik_perception_msgs/msg/detection_array.hpp
[0.490s] -- Up-to-date: /home/hima/bachelors/rbkairos_ws/install/robotnik_perception_msgs/include/robotnik_perception_msgs/robotnik_perception_msgs
[0.490s] -- Up-to-date: /home/hima/bachelors/rbkairos_ws/install/robotnik_perception_msgs/include/robotnik_perception_msgs/robotnik_perception_msgs/msg
[0.490s] -- Up-to-date: /home/hima/bachelors/rbkairos_ws/install/robotnik_perception_msgs/include/robotnik_perception_msgs/robotnik_perception_msgs/msg/rosidl_typesupport_fastrtps_cpp__visibility_control.h
[0.490s] -- Up-to-date: /home/hima/bachelors/rbkairos_ws/install/robotnik_perception_msgs/include/robotnik_perception_msgs/robotnik_perception_msgs/msg/detail
[0.491s] -- Up-to-date: /home/hima/bachelors/rbkairos_ws/install/robotnik_perception_msgs/include/robotnik_perception_msgs/robotnik_perception_msgs/msg/detail/detection__rosidl_typesupport_fastrtps_cpp.hpp
[0.491s] -- Up-to-date: /home/hima/bachelors/rbkairos_ws/install/robotnik_perception_msgs/include/robotnik_perception_msgs/robotnik_perception_msgs/msg/detail/detection_array__rosidl_typesupport_fastrtps_cpp.hpp
[0.491s] -- Up-to-date: /home/hima/bachelors/rbkairos_ws/install/robotnik_perception_msgs/include/robotnik_perception_msgs/robotnik_perception_msgs/msg/detail/dds_fastrtps
[0.492s] -- Up-to-date: /home/hima/bachelors/rbkairos_ws/install/robotnik_perception_msgs/lib/librobotnik_perception_msgs__rosidl_typesupport_fastrtps_cpp.so
[0.492s] -- Up-to-date: /home/hima/bachelors/rbkairos_ws/install/robotnik_perception_msgs/include/robotnik_perception_msgs/robotnik_perception_msgs
[0.492s] -- Up-to-date: /home/hima/bachelors/rbkairos_ws/install/robotnik_perception_msgs/include/robotnik_perception_msgs/robotnik_perception_msgs/msg
[0.492s] -- Up-to-date: /home/hima/bachelors/rbkairos_ws/install/robotnik_perception_msgs/include/robotnik_perception_msgs/robotnik_perception_msgs/msg/rosidl_typesupport_introspection_c__visibility_control.h
[0.492s] -- Up-to-date: /home/hima/bachelors/rbkairos_ws/install/robotnik_perception_msgs/include/robotnik_perception_msgs/robotnik_perception_msgs/msg/detail
[0.492s] -- Up-to-date: /home/hima/bachelors/rbkairos_ws/install/robotnik_perception_msgs/include/robotnik_perception_msgs/robotnik_perception_msgs/msg/detail/detection__type_support.c
[0.492s] -- Up-to-date: /home/hima/bachelors/rbkairos_ws/install/robotnik_perception_msgs/include/robotnik_perception_msgs/robotnik_perception_msgs/msg/detail/detection_array__rosidl_typesupport_introspection_c.h
[0.492s] -- Up-to-date: /home/hima/bachelors/rbkairos_ws/install/robotnik_perception_msgs/include/robotnik_perception_msgs/robotnik_perception_msgs/msg/detail/detection__rosidl_typesupport_introspection_c.h
[0.493s] -- Up-to-date: /home/hima/bachelors/rbkairos_ws/install/robotnik_perception_msgs/include/robotnik_perception_msgs/robotnik_perception_msgs/msg/detail/detection_array__type_support.c
[0.494s] -- Up-to-date: /home/hima/bachelors/rbkairos_ws/install/robotnik_perception_msgs/lib/librobotnik_perception_msgs__rosidl_typesupport_introspection_c.so
[0.494s] -- Up-to-date: /home/hima/bachelors/rbkairos_ws/install/robotnik_perception_msgs/lib/librobotnik_perception_msgs__rosidl_typesupport_c.so
[0.494s] -- Up-to-date: /home/hima/bachelors/rbkairos_ws/install/robotnik_perception_msgs/include/robotnik_perception_msgs/robotnik_perception_msgs
[0.494s] -- Up-to-date: /home/hima/bachelors/rbkairos_ws/install/robotnik_perception_msgs/include/robotnik_perception_msgs/robotnik_perception_msgs/msg
[0.494s] -- Up-to-date: /home/hima/bachelors/rbkairos_ws/install/robotnik_perception_msgs/include/robotnik_perception_msgs/robotnik_perception_msgs/msg/detail
[0.494s] -- Up-to-date: /home/hima/bachelors/rbkairos_ws/install/robotnik_perception_msgs/include/robotnik_perception_msgs/robotnik_perception_msgs/msg/detail/detection_array__type_support.cpp
[0.494s] -- Up-to-date: /home/hima/bachelors/rbkairos_ws/install/robotnik_perception_msgs/include/robotnik_perception_msgs/robotnik_perception_msgs/msg/detail/detection_array__rosidl_typesupport_introspection_cpp.hpp
[0.494s] -- Up-to-date: /home/hima/bachelors/rbkairos_ws/install/robotnik_perception_msgs/include/robotnik_perception_msgs/robotnik_perception_msgs/msg/detail/detection__rosidl_typesupport_introspection_cpp.hpp
[0.494s] -- Up-to-date: /home/hima/bachelors/rbkairos_ws/install/robotnik_perception_msgs/include/robotnik_perception_msgs/robotnik_perception_msgs/msg/detail/detection__type_support.cpp
[0.494s] -- Up-to-date: /home/hima/bachelors/rbkairos_ws/install/robotnik_perception_msgs/lib/librobotnik_perception_msgs__rosidl_typesupport_introspection_cpp.so
[0.494s] -- Up-to-date: /home/hima/bachelors/rbkairos_ws/install/robotnik_perception_msgs/lib/librobotnik_perception_msgs__rosidl_typesupport_cpp.so
[0.494s] -- Up-to-date: /home/hima/bachelors/rbkairos_ws/install/robotnik_perception_msgs/share/robotnik_perception_msgs/environment/pythonpath.sh
[0.494s] -- Up-to-date: /home/hima/bachelors/rbkairos_ws/install/robotnik_perception_msgs/share/robotnik_perception_msgs/environment/pythonpath.dsv
[0.495s] -- Up-to-date: /home/hima/bachelors/rbkairos_ws/install/robotnik_perception_msgs/local/lib/python3.10/dist-packages/robotnik_perception_msgs-1.0.0-py3.10.egg-info
[0.496s] -- Installing: /home/hima/bachelors/rbkairos_ws/install/robotnik_perception_msgs/local/lib/python3.10/dist-packages/robotnik_perception_msgs-1.0.0-py3.10.egg-info/top_level.txt
[0.496s] -- Installing: /home/hima/bachelors/rbkairos_ws/install/robotnik_perception_msgs/local/lib/python3.10/dist-packages/robotnik_perception_msgs-1.0.0-py3.10.egg-info/PKG-INFO
[0.497s] -- Installing: /home/hima/bachelors/rbkairos_ws/install/robotnik_perception_msgs/local/lib/python3.10/dist-packages/robotnik_perception_msgs-1.0.0-py3.10.egg-info/SOURCES.txt
[0.497s] -- Installing: /home/hima/bachelors/rbkairos_ws/install/robotnik_perception_msgs/local/lib/python3.10/dist-packages/robotnik_perception_msgs-1.0.0-py3.10.egg-info/dependency_links.txt
[0.497s] -- Up-to-date: /home/hima/bachelors/rbkairos_ws/install/robotnik_perception_msgs/local/lib/python3.10/dist-packages/robotnik_perception_msgs
[0.498s] -- Up-to-date: /home/hima/bachelors/rbkairos_ws/install/robotnik_perception_msgs/local/lib/python3.10/dist-packages/robotnik_perception_msgs/robotnik_perception_msgs_s__rosidl_typesupport_c.cpython-310-x86_64-linux-gnu.so
[0.498s] -- Up-to-date: /home/hima/bachelors/rbkairos_ws/install/robotnik_perception_msgs/local/lib/python3.10/dist-packages/robotnik_perception_msgs/_robotnik_perception_msgs_s.ep.rosidl_typesupport_c.c
[0.498s] -- Up-to-date: /home/hima/bachelors/rbkairos_ws/install/robotnik_perception_msgs/local/lib/python3.10/dist-packages/robotnik_perception_msgs/robotnik_perception_msgs_s__rosidl_typesupport_introspection_c.cpython-310-x86_64-linux-gnu.so
[0.499s] -- Up-to-date: /home/hima/bachelors/rbkairos_ws/install/robotnik_perception_msgs/local/lib/python3.10/dist-packages/robotnik_perception_msgs/msg
[0.499s] -- Up-to-date: /home/hima/bachelors/rbkairos_ws/install/robotnik_perception_msgs/local/lib/python3.10/dist-packages/robotnik_perception_msgs/msg/_detection_s.c
[0.499s] -- Up-to-date: /home/hima/bachelors/rbkairos_ws/install/robotnik_perception_msgs/local/lib/python3.10/dist-packages/robotnik_perception_msgs/msg/_detection.py
[0.499s] -- Up-to-date: /home/hima/bachelors/rbkairos_ws/install/robotnik_perception_msgs/local/lib/python3.10/dist-packages/robotnik_perception_msgs/msg/__init__.py
[0.499s] -- Up-to-date: /home/hima/bachelors/rbkairos_ws/install/robotnik_perception_msgs/local/lib/python3.10/dist-packages/robotnik_perception_msgs/msg/_detection_array.py
[0.499s] -- Up-to-date: /home/hima/bachelors/rbkairos_ws/install/robotnik_perception_msgs/local/lib/python3.10/dist-packages/robotnik_perception_msgs/msg/_detection_array_s.c
[0.499s] -- Up-to-date: /home/hima/bachelors/rbkairos_ws/install/robotnik_perception_msgs/local/lib/python3.10/dist-packages/robotnik_perception_msgs/_robotnik_perception_msgs_s.ep.rosidl_typesupport_fastrtps_c.c
[0.500s] -- Up-to-date: /home/hima/bachelors/rbkairos_ws/install/robotnik_perception_msgs/local/lib/python3.10/dist-packages/robotnik_perception_msgs/__init__.py
[0.500s] -- Up-to-date: /home/hima/bachelors/rbkairos_ws/install/robotnik_perception_msgs/local/lib/python3.10/dist-packages/robotnik_perception_msgs/robotnik_perception_msgs_s__rosidl_typesupport_fastrtps_c.cpython-310-x86_64-linux-gnu.so
[0.500s] -- Up-to-date: /home/hima/bachelors/rbkairos_ws/install/robotnik_perception_msgs/local/lib/python3.10/dist-packages/robotnik_perception_msgs/librobotnik_perception_msgs__rosidl_generator_py.so
[0.500s] -- Up-to-date: /home/hima/bachelors/rbkairos_ws/install/robotnik_perception_msgs/local/lib/python3.10/dist-packages/robotnik_perception_msgs/_robotnik_perception_msgs_s.ep.rosidl_typesupport_introspection_c.c
[0.529s] Listing '/home/hima/bachelors/rbkairos_ws/install/robotnik_perception_msgs/local/lib/python3.10/dist-packages/robotnik_perception_msgs'...
[0.529s] Listing '/home/hima/bachelors/rbkairos_ws/install/robotnik_perception_msgs/local/lib/python3.10/dist-packages/robotnik_perception_msgs/msg'...
[0.534s] -- Up-to-date: /home/hima/bachelors/rbkairos_ws/install/robotnik_perception_msgs/local/lib/python3.10/dist-packages/robotnik_perception_msgs/robotnik_perception_msgs_s__rosidl_typesupport_fastrtps_c.cpython-310-x86_64-linux-gnu.so
[0.534s] -- Up-to-date: /home/hima/bachelors/rbkairos_ws/install/robotnik_perception_msgs/local/lib/python3.10/dist-packages/robotnik_perception_msgs/robotnik_perception_msgs_s__rosidl_typesupport_introspection_c.cpython-310-x86_64-linux-gnu.so
[0.535s] -- Up-to-date: /home/hima/bachelors/rbkairos_ws/install/robotnik_perception_msgs/local/lib/python3.10/dist-packages/robotnik_perception_msgs/robotnik_perception_msgs_s__rosidl_typesupport_c.cpython-310-x86_64-linux-gnu.so
[0.535s] -- Up-to-date: /home/hima/bachelors/rbkairos_ws/install/robotnik_perception_msgs/lib/librobotnik_perception_msgs__rosidl_generator_py.so
[0.535s] -- Up-to-date: /home/hima/bachelors/rbkairos_ws/install/robotnik_perception_msgs/share/robotnik_perception_msgs/msg/Detection.idl
[0.535s] -- Up-to-date: /home/hima/bachelors/rbkairos_ws/install/robotnik_perception_msgs/share/robotnik_perception_msgs/msg/DetectionArray.idl
[0.535s] -- Up-to-date: /home/hima/bachelors/rbkairos_ws/install/robotnik_perception_msgs/share/robotnik_perception_msgs/msg/Detection.msg
[0.535s] -- Up-to-date: /home/hima/bachelors/rbkairos_ws/install/robotnik_perception_msgs/share/robotnik_perception_msgs/msg/DetectionArray.msg
[0.536s] -- Up-to-date: /home/hima/bachelors/rbkairos_ws/install/robotnik_perception_msgs/share/ament_index/resource_index/package_run_dependencies/robotnik_perception_msgs
[0.536s] -- Up-to-date: /home/hima/bachelors/rbkairos_ws/install/robotnik_perception_msgs/share/ament_index/resource_index/parent_prefix_path/robotnik_perception_msgs
[0.536s] -- Up-to-date: /home/hima/bachelors/rbkairos_ws/install/robotnik_perception_msgs/share/robotnik_perception_msgs/environment/ament_prefix_path.sh
[0.536s] -- Up-to-date: /home/hima/bachelors/rbkairos_ws/install/robotnik_perception_msgs/share/robotnik_perception_msgs/environment/ament_prefix_path.dsv
[0.536s] -- Up-to-date: /home/hima/bachelors/rbkairos_ws/install/robotnik_perception_msgs/share/robotnik_perception_msgs/environment/path.sh
[0.536s] -- Up-to-date: /home/hima/bachelors/rbkairos_ws/install/robotnik_perception_msgs/share/robotnik_perception_msgs/environment/path.dsv
[0.536s] -- Up-to-date: /home/hima/bachelors/rbkairos_ws/install/robotnik_perception_msgs/share/robotnik_perception_msgs/local_setup.bash
[0.536s] -- Up-to-date: /home/hima/bachelors/rbkairos_ws/install/robotnik_perception_msgs/share/robotnik_perception_msgs/local_setup.sh
[0.536s] -- Up-to-date: /home/hima/bachelors/rbkairos_ws/install/robotnik_perception_msgs/share/robotnik_perception_msgs/local_setup.zsh
[0.536s] -- Up-to-date: /home/hima/bachelors/rbkairos_ws/install/robotnik_perception_msgs/share/robotnik_perception_msgs/local_setup.dsv
[0.536s] -- Installing: /home/hima/bachelors/rbkairos_ws/install/robotnik_perception_msgs/share/robotnik_perception_msgs/package.dsv
[0.536s] -- Up-to-date: /home/hima/bachelors/rbkairos_ws/install/robotnik_perception_msgs/share/ament_index/resource_index/packages/robotnik_perception_msgs
[0.537s] -- Up-to-date: /home/hima/bachelors/rbkairos_ws/install/robotnik_perception_msgs/share/robotnik_perception_msgs/cmake/export_robotnik_perception_msgs__rosidl_generator_cExport.cmake
[0.537s] -- Up-to-date: /home/hima/bachelors/rbkairos_ws/install/robotnik_perception_msgs/share/robotnik_perception_msgs/cmake/export_robotnik_perception_msgs__rosidl_generator_cExport-noconfig.cmake
[0.537s] -- Up-to-date: /home/hima/bachelors/rbkairos_ws/install/robotnik_perception_msgs/share/robotnik_perception_msgs/cmake/export_robotnik_perception_msgs__rosidl_typesupport_fastrtps_cExport.cmake
[0.537s] -- Up-to-date: /home/hima/bachelors/rbkairos_ws/install/robotnik_perception_msgs/share/robotnik_perception_msgs/cmake/export_robotnik_perception_msgs__rosidl_typesupport_fastrtps_cExport-noconfig.cmake
[0.537s] -- Up-to-date: /home/hima/bachelors/rbkairos_ws/install/robotnik_perception_msgs/share/robotnik_perception_msgs/cmake/export_robotnik_perception_msgs__rosidl_generator_cppExport.cmake
[0.538s] -- Up-to-date: /home/hima/bachelors/rbkairos_ws/install/robotnik_perception_msgs/share/robotnik_perception_msgs/cmake/export_robotnik_perception_msgs__rosidl_typesupport_fastrtps_cppExport.cmake
[0.538s] -- Up-to-date: /home/hima/bachelors/rbkairos_ws/install/robotnik_perception_msgs/share/robotnik_perception_msgs/cmake/export_robotnik_perception_msgs__rosidl_typesupport_fastrtps_cppExport-noconfig.cmake
[0.538s] -- Up-to-date: /home/hima/bachelors/rbkairos_ws/install/robotnik_perception_msgs/share/robotnik_perception_msgs/cmake/robotnik_perception_msgs__rosidl_typesupport_introspection_cExport.cmake
[0.539s] -- Up-to-date: /home/hima/bachelors/rbkairos_ws/install/robotnik_perception_msgs/share/robotnik_perception_msgs/cmake/robotnik_perception_msgs__rosidl_typesupport_introspection_cExport-noconfig.cmake
[0.539s] -- Up-to-date: /home/hima/bachelors/rbkairos_ws/install/robotnik_perception_msgs/share/robotnik_perception_msgs/cmake/robotnik_perception_msgs__rosidl_typesupport_cExport.cmake
[0.539s] -- Up-to-date: /home/hima/bachelors/rbkairos_ws/install/robotnik_perception_msgs/share/robotnik_perception_msgs/cmake/robotnik_perception_msgs__rosidl_typesupport_cExport-noconfig.cmake
[0.539s] -- Up-to-date: /home/hima/bachelors/rbkairos_ws/install/robotnik_perception_msgs/share/robotnik_perception_msgs/cmake/robotnik_perception_msgs__rosidl_typesupport_introspection_cppExport.cmake
[0.539s] -- Up-to-date: /home/hima/bachelors/rbkairos_ws/install/robotnik_perception_msgs/share/robotnik_perception_msgs/cmake/robotnik_perception_msgs__rosidl_typesupport_introspection_cppExport-noconfig.cmake
[0.539s] -- Up-to-date: /home/hima/bachelors/rbkairos_ws/install/robotnik_perception_msgs/share/robotnik_perception_msgs/cmake/robotnik_perception_msgs__rosidl_typesupport_cppExport.cmake
[0.539s] -- Up-to-date: /home/hima/bachelors/rbkairos_ws/install/robotnik_perception_msgs/share/robotnik_perception_msgs/cmake/robotnik_perception_msgs__rosidl_typesupport_cppExport-noconfig.cmake
[0.539s] -- Up-to-date: /home/hima/bachelors/rbkairos_ws/install/robotnik_perception_msgs/share/robotnik_perception_msgs/cmake/export_robotnik_perception_msgs__rosidl_generator_pyExport.cmake
[0.540s] -- Up-to-date: /home/hima/bachelors/rbkairos_ws/install/robotnik_perception_msgs/share/robotnik_perception_msgs/cmake/export_robotnik_perception_msgs__rosidl_generator_pyExport-noconfig.cmake
[0.540s] -- Up-to-date: /home/hima/bachelors/rbkairos_ws/install/robotnik_perception_msgs/share/robotnik_perception_msgs/cmake/rosidl_cmake-extras.cmake
[0.540s] -- Up-to-date: /home/hima/bachelors/rbkairos_ws/install/robotnik_perception_msgs/share/robotnik_perception_msgs/cmake/ament_cmake_export_dependencies-extras.cmake
[0.540s] -- Up-to-date: /home/hima/bachelors/rbkairos_ws/install/robotnik_perception_msgs/share/robotnik_perception_msgs/cmake/ament_cmake_export_include_directories-extras.cmake
[0.542s] -- Up-to-date: /home/hima/bachelors/rbkairos_ws/install/robotnik_perception_msgs/share/robotnik_perception_msgs/cmake/ament_cmake_export_libraries-extras.cmake
[0.542s] -- Up-to-date: /home/hima/bachelors/rbkairos_ws/install/robotnik_perception_msgs/share/robotnik_perception_msgs/cmake/ament_cmake_export_targets-extras.cmake
[0.542s] -- Up-to-date: /home/hima/bachelors/rbkairos_ws/install/robotnik_perception_msgs/share/robotnik_perception_msgs/cmake/rosidl_cmake_export_typesupport_targets-extras.cmake
[0.542s] -- Up-to-date: /home/hima/bachelors/rbkairos_ws/install/robotnik_perception_msgs/share/robotnik_perception_msgs/cmake/rosidl_cmake_export_typesupport_libraries-extras.cmake
[0.542s] -- Up-to-date: /home/hima/bachelors/rbkairos_ws/install/robotnik_perception_msgs/share/robotnik_perception_msgs/cmake/robotnik_perception_msgsConfig.cmake
[0.542s] -- Up-to-date: /home/hima/bachelors/rbkairos_ws/install/robotnik_perception_msgs/share/robotnik_perception_msgs/cmake/robotnik_perception_msgsConfig-version.cmake
[0.542s] -- Up-to-date: /home/hima/bachelors/rbkairos_ws/install/robotnik_perception_msgs/share/robotnik_perception_msgs/package.xml
[0.544s] Invoked command in '/home/hima/bachelors/rbkairos_ws/build/robotnik_perception_msgs' returned '0': CMAKE_PREFIX_PATH=/opt/ros/humble /usr/bin/cmake --install /home/hima/bachelors/rbkairos_ws/build/robotnik_perception_msgs
