[0.057s] Invoking command in '/home/hima/bachelors/rbkairos_ws/build/ros2_laser_scan_merger': CMAKE_PREFIX_PATH=${CMAKE_PREFIX_PATH}:/opt/ros/humble /usr/bin/cmake --build /home/hima/bachelors/rbkairos_ws/build/ros2_laser_scan_merger -- -j16 -l16
[0.204s] [35m[1mConsolidate compiler generated dependencies of target ros2_laser_scan_merger[0m
[0.206s] [100%] Built target ros2_laser_scan_merger
[0.255s] Invoked command in '/home/hima/bachelors/rbkairos_ws/build/ros2_laser_scan_merger' returned '0': CMAKE_PREFIX_PATH=${CMAKE_PREFIX_PATH}:/opt/ros/humble /usr/bin/cmake --build /home/hima/bachelors/rbkairos_ws/build/ros2_laser_scan_merger -- -j16 -l16
[0.259s] Invoking command in '/home/hima/bachelors/rbkairos_ws/build/ros2_laser_scan_merger': CMAKE_PREFIX_PATH=${CMAKE_PREFIX_PATH}:/opt/ros/humble /usr/bin/cmake --install /home/hima/bachelors/rbkairos_ws/build/ros2_laser_scan_merger
[0.280s] -- Install configuration: ""
[0.280s] -- Up-to-date: /home/hima/bachelors/rbkairos_ws/install/ros2_laser_scan_merger/share/ros2_laser_scan_merger/launch
[0.281s] -- Up-to-date: /home/hima/bachelors/rbkairos_ws/install/ros2_laser_scan_merger/share/ros2_laser_scan_merger/launch/merge_2_scan.launch.py
[0.283s] -- Up-to-date: /home/hima/bachelors/rbkairos_ws/install/ros2_laser_scan_merger/share/ros2_laser_scan_merger/launch/visualize_merge_2_scan.launch.py
[0.284s] -- Up-to-date: /home/hima/bachelors/rbkairos_ws/install/ros2_laser_scan_merger/share/ros2_laser_scan_merger/config
[0.284s] -- Up-to-date: /home/hima/bachelors/rbkairos_ws/install/ros2_laser_scan_merger/share/ros2_laser_scan_merger/config/params.yaml
[0.284s] -- Up-to-date: /home/hima/bachelors/rbkairos_ws/install/ros2_laser_scan_merger/share/ros2_laser_scan_merger/rviz
[0.285s] -- Up-to-date: /home/hima/bachelors/rbkairos_ws/install/ros2_laser_scan_merger/share/ros2_laser_scan_merger/rviz/ros2_laser_scan_merge.rviz
[0.285s] -- Up-to-date: /home/hima/bachelors/rbkairos_ws/install/ros2_laser_scan_merger/lib/ros2_laser_scan_merger/ros2_laser_scan_merger
[0.287s] -- Up-to-date: /home/hima/bachelors/rbkairos_ws/install/ros2_laser_scan_merger/share/ament_index/resource_index/package_run_dependencies/ros2_laser_scan_merger
[0.288s] -- Up-to-date: /home/hima/bachelors/rbkairos_ws/install/ros2_laser_scan_merger/share/ament_index/resource_index/parent_prefix_path/ros2_laser_scan_merger
[0.288s] -- Up-to-date: /home/hima/bachelors/rbkairos_ws/install/ros2_laser_scan_merger/share/ros2_laser_scan_merger/environment/ament_prefix_path.sh
[0.288s] -- Up-to-date: /home/hima/bachelors/rbkairos_ws/install/ros2_laser_scan_merger/share/ros2_laser_scan_merger/environment/ament_prefix_path.dsv
[0.291s] -- Up-to-date: /home/hima/bachelors/rbkairos_ws/install/ros2_laser_scan_merger/share/ros2_laser_scan_merger/environment/path.sh
[0.291s] -- Up-to-date: /home/hima/bachelors/rbkairos_ws/install/ros2_laser_scan_merger/share/ros2_laser_scan_merger/environment/path.dsv
[0.291s] -- Up-to-date: /home/hima/bachelors/rbkairos_ws/install/ros2_laser_scan_merger/share/ros2_laser_scan_merger/local_setup.bash
[0.291s] -- Up-to-date: /home/hima/bachelors/rbkairos_ws/install/ros2_laser_scan_merger/share/ros2_laser_scan_merger/local_setup.sh
[0.291s] -- Up-to-date: /home/hima/bachelors/rbkairos_ws/install/ros2_laser_scan_merger/share/ros2_laser_scan_merger/local_setup.zsh
[0.291s] -- Up-to-date: /home/hima/bachelors/rbkairos_ws/install/ros2_laser_scan_merger/share/ros2_laser_scan_merger/local_setup.dsv
[0.292s] -- Installing: /home/hima/bachelors/rbkairos_ws/install/ros2_laser_scan_merger/share/ros2_laser_scan_merger/package.dsv
[0.295s] -- Up-to-date: /home/hima/bachelors/rbkairos_ws/install/ros2_laser_scan_merger/share/ament_index/resource_index/packages/ros2_laser_scan_merger
[0.296s] -- Up-to-date: /home/hima/bachelors/rbkairos_ws/install/ros2_laser_scan_merger/share/ros2_laser_scan_merger/cmake/ros2_laser_scan_mergerConfig.cmake
[0.296s] -- Up-to-date: /home/hima/bachelors/rbkairos_ws/install/ros2_laser_scan_merger/share/ros2_laser_scan_merger/cmake/ros2_laser_scan_mergerConfig-version.cmake
[0.296s] -- Up-to-date: /home/hima/bachelors/rbkairos_ws/install/ros2_laser_scan_merger/share/ros2_laser_scan_merger/package.xml
[0.332s] Invoked command in '/home/hima/bachelors/rbkairos_ws/build/ros2_laser_scan_merger' returned '0': CMAKE_PREFIX_PATH=${CMAKE_PREFIX_PATH}:/opt/ros/humble /usr/bin/cmake --install /home/hima/bachelors/rbkairos_ws/build/ros2_laser_scan_merger
