[0.070s] Invoking command in '/home/hima/bachelors/rbkairos_ws/build/robotnik_common': CMAKE_PREFIX_PATH=${CMAKE_PREFIX_PATH}:/opt/ros/humble /usr/bin/cmake --build /home/hima/bachelors/rbkairos_ws/build/robotnik_common -- -j16 -l16
[0.284s] Built target ament_cmake_python_copy_robotnik_common
[0.802s] running egg_info
[0.805s] writing robotnik_common.egg-info/PKG-INFO
[0.806s] writing dependency_links to robotnik_common.egg-info/dependency_links.txt
[0.806s] writing top-level names to robotnik_common.egg-info/top_level.txt
[0.806s] reading manifest file 'robotnik_common.egg-info/SOURCES.txt'
[0.806s] writing manifest file 'robotnik_common.egg-info/SOURCES.txt'
[0.865s] Built target ament_cmake_python_build_robotnik_common_egg
[0.882s] Invoked command in '/home/hima/bachelors/rbkairos_ws/build/robotnik_common' returned '0': CMAKE_PREFIX_PATH=${CMAKE_PREFIX_PATH}:/opt/ros/humble /usr/bin/cmake --build /home/hima/bachelors/rbkairos_ws/build/robotnik_common -- -j16 -l16
[0.884s] Invoking command in '/home/hima/bachelors/rbkairos_ws/build/robotnik_common': CMAKE_PREFIX_PATH=${CMAKE_PREFIX_PATH}:/opt/ros/humble /usr/bin/cmake --install /home/hima/bachelors/rbkairos_ws/build/robotnik_common
[0.900s] -- Install configuration: ""
[0.901s] -- Up-to-date: /home/hima/bachelors/rbkairos_ws/install/robotnik_common/share/robotnik_common/environment/pythonpath.sh
[0.901s] -- Up-to-date: /home/hima/bachelors/rbkairos_ws/install/robotnik_common/share/robotnik_common/environment/pythonpath.dsv
[0.902s] -- Up-to-date: /home/hima/bachelors/rbkairos_ws/install/robotnik_common/local/lib/python3.10/dist-packages/robotnik_common-1.1.0-py3.10.egg-info
[0.903s] -- Installing: /home/hima/bachelors/rbkairos_ws/install/robotnik_common/local/lib/python3.10/dist-packages/robotnik_common-1.1.0-py3.10.egg-info/top_level.txt
[0.903s] -- Installing: /home/hima/bachelors/rbkairos_ws/install/robotnik_common/local/lib/python3.10/dist-packages/robotnik_common-1.1.0-py3.10.egg-info/PKG-INFO
[0.904s] -- Installing: /home/hima/bachelors/rbkairos_ws/install/robotnik_common/local/lib/python3.10/dist-packages/robotnik_common-1.1.0-py3.10.egg-info/SOURCES.txt
[0.904s] -- Installing: /home/hima/bachelors/rbkairos_ws/install/robotnik_common/local/lib/python3.10/dist-packages/robotnik_common-1.1.0-py3.10.egg-info/dependency_links.txt
[0.905s] -- Up-to-date: /home/hima/bachelors/rbkairos_ws/install/robotnik_common/local/lib/python3.10/dist-packages/robotnik_common
[0.905s] -- Up-to-date: /home/hima/bachelors/rbkairos_ws/install/robotnik_common/local/lib/python3.10/dist-packages/robotnik_common/launch
[0.905s] -- Up-to-date: /home/hima/bachelors/rbkairos_ws/install/robotnik_common/local/lib/python3.10/dist-packages/robotnik_common/launch/rewritten_yaml.py
[0.906s] -- Up-to-date: /home/hima/bachelors/rbkairos_ws/install/robotnik_common/local/lib/python3.10/dist-packages/robotnik_common/launch/add_launch_args.py
[0.906s] -- Up-to-date: /home/hima/bachelors/rbkairos_ws/install/robotnik_common/local/lib/python3.10/dist-packages/robotnik_common/launch/__init__.py
[0.906s] -- Up-to-date: /home/hima/bachelors/rbkairos_ws/install/robotnik_common/local/lib/python3.10/dist-packages/robotnik_common/__init__.py
[0.960s] Listing '/home/hima/bachelors/rbkairos_ws/install/robotnik_common/local/lib/python3.10/dist-packages/robotnik_common'...
[0.961s] Listing '/home/hima/bachelors/rbkairos_ws/install/robotnik_common/local/lib/python3.10/dist-packages/robotnik_common/launch'...
[0.967s] -- Up-to-date: /home/hima/bachelors/rbkairos_ws/install/robotnik_common/share/ament_index/resource_index/package_run_dependencies/robotnik_common
[0.968s] -- Up-to-date: /home/hima/bachelors/rbkairos_ws/install/robotnik_common/share/ament_index/resource_index/parent_prefix_path/robotnik_common
[0.968s] -- Up-to-date: /home/hima/bachelors/rbkairos_ws/install/robotnik_common/share/robotnik_common/environment/ament_prefix_path.sh
[0.969s] -- Up-to-date: /home/hima/bachelors/rbkairos_ws/install/robotnik_common/share/robotnik_common/environment/ament_prefix_path.dsv
[0.969s] -- Up-to-date: /home/hima/bachelors/rbkairos_ws/install/robotnik_common/share/robotnik_common/environment/path.sh
[0.970s] -- Up-to-date: /home/hima/bachelors/rbkairos_ws/install/robotnik_common/share/robotnik_common/environment/path.dsv
[0.970s] -- Up-to-date: /home/hima/bachelors/rbkairos_ws/install/robotnik_common/share/robotnik_common/local_setup.bash
[0.971s] -- Up-to-date: /home/hima/bachelors/rbkairos_ws/install/robotnik_common/share/robotnik_common/local_setup.sh
[0.971s] -- Up-to-date: /home/hima/bachelors/rbkairos_ws/install/robotnik_common/share/robotnik_common/local_setup.zsh
[0.971s] -- Up-to-date: /home/hima/bachelors/rbkairos_ws/install/robotnik_common/share/robotnik_common/local_setup.dsv
[0.971s] -- Installing: /home/hima/bachelors/rbkairos_ws/install/robotnik_common/share/robotnik_common/package.dsv
[0.972s] -- Up-to-date: /home/hima/bachelors/rbkairos_ws/install/robotnik_common/share/ament_index/resource_index/packages/robotnik_common
[0.972s] -- Up-to-date: /home/hima/bachelors/rbkairos_ws/install/robotnik_common/share/robotnik_common/cmake/robotnik_commonConfig.cmake
[0.972s] -- Up-to-date: /home/hima/bachelors/rbkairos_ws/install/robotnik_common/share/robotnik_common/cmake/robotnik_commonConfig-version.cmake
[0.972s] -- Up-to-date: /home/hima/bachelors/rbkairos_ws/install/robotnik_common/share/robotnik_common/package.xml
[0.973s] Invoked command in '/home/hima/bachelors/rbkairos_ws/build/robotnik_common' returned '0': CMAKE_PREFIX_PATH=${CMAKE_PREFIX_PATH}:/opt/ros/humble /usr/bin/cmake --install /home/hima/bachelors/rbkairos_ws/build/robotnik_common
