[0.089s] Invoking command in '/home/hima/bachelors/rbkairos_ws/build/robotnik_controllers_msgs': CMAKE_PREFIX_PATH=/home/hima/bachelors/rbkairos_ws/install/robotnik_common_msgs:/home/hima/bachelors/rbkairos_ws/install/ros2_laser_scan_merger:/home/hima/bachelors/rbkairos_ws/install/ros2_laser_scan_matcher:/home/hima/bachelors/rbkairos_ws/install/robotnik_supervisor_msgs:/home/hima/bachelors/rbkairos_ws/install/robotnik_gazebo_ignition:/home/hima/bachelors/rbkairos_ws/install/robotnik_gazebo_classic:/home/hima/bachelors/rbkairos_ws/install/mapping:/home/hima/bachelors/rbkairos_ws/install/robotnik_description:/home/hima/bachelors/rbkairos_ws/install/robotnik_sensors:/home/hima/bachelors/rbkairos_ws/install/robotnik_interfaces:/home/hima/bachelors/rbkairos_ws/install/robotnik_safety_msgs:/home/hima/bachelors/rbkairos_ws/install/robotnik_perception_msgs:/home/hima/bachelors/rbkairos_ws/install/robotnik_navigation_msgs:/home/hima/bachelors/rbkairos_ws/install/robotnik_io_msgs:/home/hima/bachelors/rbkairos_ws/install/robotnik_controllers_msgs:/home/hima/bachelors/rbkairos_ws/install/robotnik_common:/home/hima/bachelors/rbkairos_ws/install/robotnik_battery_msgs:/home/hima/bachelors/rbkairos_ws/install/csm:/opt/ros/humble LD_LIBRARY_PATH=/home/hima/bachelors/rbkairos_ws/install/robotnik_common_msgs/lib:/home/hima/bachelors/rbkairos_ws/install/robotnik_supervisor_msgs/lib:/home/hima/bachelors/rbkairos_ws/install/robotnik_perception_msgs/lib:/home/hima/bachelors/rbkairos_ws/install/robotnik_navigation_msgs/lib:/home/hima/bachelors/rbkairos_ws/install/robotnik_io_msgs/lib:/home/hima/bachelors/rbkairos_ws/install/robotnik_controllers_msgs/lib:/home/hima/bachelors/rbkairos_ws/install/robotnik_battery_msgs/lib:/home/hima/bachelors/rbkairos_ws/install/csm/lib:/usr/lib/x86_64-linux-gnu/gazebo-11/plugins:/opt/ros/humble/opt/rviz_ogre_vendor/lib:/opt/ros/humble/lib/x86_64-linux-gnu:/opt/ros/humble/lib /usr/bin/cmake --build /home/hima/bachelors/rbkairos_ws/build/robotnik_controllers_msgs -- -j16 -l16
[0.185s] [  0%] Built target ament_cmake_python_copy_robotnik_controllers_msgs
[0.195s] [ 10%] Built target robotnik_controllers_msgs__rosidl_generator_c
[0.199s] [ 12%] Built target robotnik_controllers_msgs__cpp
[0.257s] [ 23%] Built target robotnik_controllers_msgs__rosidl_typesupport_cpp
[0.257s] [ 34%] Built target robotnik_controllers_msgs__rosidl_typesupport_fastrtps_cpp
[0.267s] [ 45%] Built target robotnik_controllers_msgs__rosidl_typesupport_c
[0.281s] [ 56%] Built target robotnik_controllers_msgs__rosidl_typesupport_introspection_cpp
[0.345s] [ 67%] Built target robotnik_controllers_msgs__rosidl_typesupport_introspection_c
[0.354s] [ 78%] Built target robotnik_controllers_msgs__rosidl_typesupport_fastrtps_c
[0.461s] [ 78%] Built target robotnik_controllers_msgs
[0.533s] [ 80%] Built target robotnik_controllers_msgs__py
[0.572s] [ 89%] Built target robotnik_controllers_msgs__rosidl_generator_py
[0.622s] [ 92%] Built target robotnik_controllers_msgs__rosidl_typesupport_c__pyext
[0.623s] [ 96%] Built target robotnik_controllers_msgs__rosidl_typesupport_fastrtps_c__pyext
[0.623s] [100%] Built target robotnik_controllers_msgs__rosidl_typesupport_introspection_c__pyext
[0.764s] running egg_info
[0.767s] writing robotnik_controllers_msgs.egg-info/PKG-INFO
[0.768s] writing dependency_links to robotnik_controllers_msgs.egg-info/dependency_links.txt
[0.768s] writing top-level names to robotnik_controllers_msgs.egg-info/top_level.txt
[0.768s] reading manifest file 'robotnik_controllers_msgs.egg-info/SOURCES.txt'
[0.768s] writing manifest file 'robotnik_controllers_msgs.egg-info/SOURCES.txt'
[0.804s] [100%] Built target ament_cmake_python_build_robotnik_controllers_msgs_egg
[0.819s] Invoked command in '/home/hima/bachelors/rbkairos_ws/build/robotnik_controllers_msgs' returned '0': CMAKE_PREFIX_PATH=/home/hima/bachelors/rbkairos_ws/install/robotnik_common_msgs:/home/hima/bachelors/rbkairos_ws/install/ros2_laser_scan_merger:/home/hima/bachelors/rbkairos_ws/install/ros2_laser_scan_matcher:/home/hima/bachelors/rbkairos_ws/install/robotnik_supervisor_msgs:/home/hima/bachelors/rbkairos_ws/install/robotnik_gazebo_ignition:/home/hima/bachelors/rbkairos_ws/install/robotnik_gazebo_classic:/home/hima/bachelors/rbkairos_ws/install/mapping:/home/hima/bachelors/rbkairos_ws/install/robotnik_description:/home/hima/bachelors/rbkairos_ws/install/robotnik_sensors:/home/hima/bachelors/rbkairos_ws/install/robotnik_interfaces:/home/hima/bachelors/rbkairos_ws/install/robotnik_safety_msgs:/home/hima/bachelors/rbkairos_ws/install/robotnik_perception_msgs:/home/hima/bachelors/rbkairos_ws/install/robotnik_navigation_msgs:/home/hima/bachelors/rbkairos_ws/install/robotnik_io_msgs:/home/hima/bachelors/rbkairos_ws/install/robotnik_controllers_msgs:/home/hima/bachelors/rbkairos_ws/install/robotnik_common:/home/hima/bachelors/rbkairos_ws/install/robotnik_battery_msgs:/home/hima/bachelors/rbkairos_ws/install/csm:/opt/ros/humble LD_LIBRARY_PATH=/home/hima/bachelors/rbkairos_ws/install/robotnik_common_msgs/lib:/home/hima/bachelors/rbkairos_ws/install/robotnik_supervisor_msgs/lib:/home/hima/bachelors/rbkairos_ws/install/robotnik_perception_msgs/lib:/home/hima/bachelors/rbkairos_ws/install/robotnik_navigation_msgs/lib:/home/hima/bachelors/rbkairos_ws/install/robotnik_io_msgs/lib:/home/hima/bachelors/rbkairos_ws/install/robotnik_controllers_msgs/lib:/home/hima/bachelors/rbkairos_ws/install/robotnik_battery_msgs/lib:/home/hima/bachelors/rbkairos_ws/install/csm/lib:/usr/lib/x86_64-linux-gnu/gazebo-11/plugins:/opt/ros/humble/opt/rviz_ogre_vendor/lib:/opt/ros/humble/lib/x86_64-linux-gnu:/opt/ros/humble/lib /usr/bin/cmake --build /home/hima/bachelors/rbkairos_ws/build/robotnik_controllers_msgs -- -j16 -l16
[0.825s] Invoking command in '/home/hima/bachelors/rbkairos_ws/build/robotnik_controllers_msgs': CMAKE_PREFIX_PATH=/home/hima/bachelors/rbkairos_ws/install/robotnik_common_msgs:/home/hima/bachelors/rbkairos_ws/install/ros2_laser_scan_merger:/home/hima/bachelors/rbkairos_ws/install/ros2_laser_scan_matcher:/home/hima/bachelors/rbkairos_ws/install/robotnik_supervisor_msgs:/home/hima/bachelors/rbkairos_ws/install/robotnik_gazebo_ignition:/home/hima/bachelors/rbkairos_ws/install/robotnik_gazebo_classic:/home/hima/bachelors/rbkairos_ws/install/mapping:/home/hima/bachelors/rbkairos_ws/install/robotnik_description:/home/hima/bachelors/rbkairos_ws/install/robotnik_sensors:/home/hima/bachelors/rbkairos_ws/install/robotnik_interfaces:/home/hima/bachelors/rbkairos_ws/install/robotnik_safety_msgs:/home/hima/bachelors/rbkairos_ws/install/robotnik_perception_msgs:/home/hima/bachelors/rbkairos_ws/install/robotnik_navigation_msgs:/home/hima/bachelors/rbkairos_ws/install/robotnik_io_msgs:/home/hima/bachelors/rbkairos_ws/install/robotnik_controllers_msgs:/home/hima/bachelors/rbkairos_ws/install/robotnik_common:/home/hima/bachelors/rbkairos_ws/install/robotnik_battery_msgs:/home/hima/bachelors/rbkairos_ws/install/csm:/opt/ros/humble LD_LIBRARY_PATH=/home/hima/bachelors/rbkairos_ws/install/robotnik_common_msgs/lib:/home/hima/bachelors/rbkairos_ws/install/robotnik_supervisor_msgs/lib:/home/hima/bachelors/rbkairos_ws/install/robotnik_perception_msgs/lib:/home/hima/bachelors/rbkairos_ws/install/robotnik_navigation_msgs/lib:/home/hima/bachelors/rbkairos_ws/install/robotnik_io_msgs/lib:/home/hima/bachelors/rbkairos_ws/install/robotnik_controllers_msgs/lib:/home/hima/bachelors/rbkairos_ws/install/robotnik_battery_msgs/lib:/home/hima/bachelors/rbkairos_ws/install/csm/lib:/usr/lib/x86_64-linux-gnu/gazebo-11/plugins:/opt/ros/humble/opt/rviz_ogre_vendor/lib:/opt/ros/humble/lib/x86_64-linux-gnu:/opt/ros/humble/lib /usr/bin/cmake --install /home/hima/bachelors/rbkairos_ws/build/robotnik_controllers_msgs
[0.837s] -- Install configuration: ""
[0.837s] -- Up-to-date: /home/hima/bachelors/rbkairos_ws/install/robotnik_controllers_msgs/share/ament_index/resource_index/rosidl_interfaces/robotnik_controllers_msgs
[0.837s] -- Up-to-date: /home/hima/bachelors/rbkairos_ws/install/robotnik_controllers_msgs/include/robotnik_controllers_msgs/robotnik_controllers_msgs
[0.837s] -- Up-to-date: /home/hima/bachelors/rbkairos_ws/install/robotnik_controllers_msgs/include/robotnik_controllers_msgs/robotnik_controllers_msgs/srv
[0.837s] -- Up-to-date: /home/hima/bachelors/rbkairos_ws/install/robotnik_controllers_msgs/include/robotnik_controllers_msgs/robotnik_controllers_msgs/srv/set_odometry.h
[0.838s] -- Up-to-date: /home/hima/bachelors/rbkairos_ws/install/robotnik_controllers_msgs/include/robotnik_controllers_msgs/robotnik_controllers_msgs/srv/available_kinematics.h
[0.838s] -- Up-to-date: /home/hima/bachelors/rbkairos_ws/install/robotnik_controllers_msgs/include/robotnik_controllers_msgs/robotnik_controllers_msgs/srv/change_kinematics.h
[0.838s] -- Up-to-date: /home/hima/bachelors/rbkairos_ws/install/robotnik_controllers_msgs/include/robotnik_controllers_msgs/robotnik_controllers_msgs/srv/detail
[0.838s] -- Up-to-date: /home/hima/bachelors/rbkairos_ws/install/robotnik_controllers_msgs/include/robotnik_controllers_msgs/robotnik_controllers_msgs/srv/detail/set_odometry__type_support.h
[0.838s] -- Up-to-date: /home/hima/bachelors/rbkairos_ws/install/robotnik_controllers_msgs/include/robotnik_controllers_msgs/robotnik_controllers_msgs/srv/detail/available_kinematics__type_support.h
[0.838s] -- Up-to-date: /home/hima/bachelors/rbkairos_ws/install/robotnik_controllers_msgs/include/robotnik_controllers_msgs/robotnik_controllers_msgs/srv/detail/set_odometry__struct.h
[0.838s] -- Up-to-date: /home/hima/bachelors/rbkairos_ws/install/robotnik_controllers_msgs/include/robotnik_controllers_msgs/robotnik_controllers_msgs/srv/detail/available_kinematics__functions.c
[0.838s] -- Up-to-date: /home/hima/bachelors/rbkairos_ws/install/robotnik_controllers_msgs/include/robotnik_controllers_msgs/robotnik_controllers_msgs/srv/detail/change_kinematics__functions.h
[0.838s] -- Up-to-date: /home/hima/bachelors/rbkairos_ws/install/robotnik_controllers_msgs/include/robotnik_controllers_msgs/robotnik_controllers_msgs/srv/detail/set_odometry__functions.h
[0.838s] -- Up-to-date: /home/hima/bachelors/rbkairos_ws/install/robotnik_controllers_msgs/include/robotnik_controllers_msgs/robotnik_controllers_msgs/srv/detail/available_kinematics__functions.h
[0.838s] -- Up-to-date: /home/hima/bachelors/rbkairos_ws/install/robotnik_controllers_msgs/include/robotnik_controllers_msgs/robotnik_controllers_msgs/srv/detail/change_kinematics__struct.h
[0.839s] -- Up-to-date: /home/hima/bachelors/rbkairos_ws/install/robotnik_controllers_msgs/include/robotnik_controllers_msgs/robotnik_controllers_msgs/srv/detail/set_odometry__functions.c
[0.839s] -- Up-to-date: /home/hima/bachelors/rbkairos_ws/install/robotnik_controllers_msgs/include/robotnik_controllers_msgs/robotnik_controllers_msgs/srv/detail/available_kinematics__struct.h
[0.839s] -- Up-to-date: /home/hima/bachelors/rbkairos_ws/install/robotnik_controllers_msgs/include/robotnik_controllers_msgs/robotnik_controllers_msgs/srv/detail/change_kinematics__functions.c
[0.839s] -- Up-to-date: /home/hima/bachelors/rbkairos_ws/install/robotnik_controllers_msgs/include/robotnik_controllers_msgs/robotnik_controllers_msgs/srv/detail/change_kinematics__type_support.h
[0.839s] -- Up-to-date: /home/hima/bachelors/rbkairos_ws/install/robotnik_controllers_msgs/include/robotnik_controllers_msgs/robotnik_controllers_msgs/msg
[0.839s] -- Up-to-date: /home/hima/bachelors/rbkairos_ws/install/robotnik_controllers_msgs/include/robotnik_controllers_msgs/robotnik_controllers_msgs/msg/controller_state.h
[0.839s] -- Up-to-date: /home/hima/bachelors/rbkairos_ws/install/robotnik_controllers_msgs/include/robotnik_controllers_msgs/robotnik_controllers_msgs/msg/detail
[0.839s] -- Up-to-date: /home/hima/bachelors/rbkairos_ws/install/robotnik_controllers_msgs/include/robotnik_controllers_msgs/robotnik_controllers_msgs/msg/detail/controller_state__functions.h
[0.839s] -- Up-to-date: /home/hima/bachelors/rbkairos_ws/install/robotnik_controllers_msgs/include/robotnik_controllers_msgs/robotnik_controllers_msgs/msg/detail/controller_state__functions.c
[0.839s] -- Up-to-date: /home/hima/bachelors/rbkairos_ws/install/robotnik_controllers_msgs/include/robotnik_controllers_msgs/robotnik_controllers_msgs/msg/detail/controller_state__struct.h
[0.840s] -- Up-to-date: /home/hima/bachelors/rbkairos_ws/install/robotnik_controllers_msgs/include/robotnik_controllers_msgs/robotnik_controllers_msgs/msg/detail/controller_state__type_support.h
[0.840s] -- Up-to-date: /home/hima/bachelors/rbkairos_ws/install/robotnik_controllers_msgs/include/robotnik_controllers_msgs/robotnik_controllers_msgs/msg/rosidl_generator_c__visibility_control.h
[0.840s] -- Up-to-date: /home/hima/bachelors/rbkairos_ws/install/robotnik_controllers_msgs/share/robotnik_controllers_msgs/environment/library_path.sh
[0.840s] -- Up-to-date: /home/hima/bachelors/rbkairos_ws/install/robotnik_controllers_msgs/share/robotnik_controllers_msgs/environment/library_path.dsv
[0.840s] -- Up-to-date: /home/hima/bachelors/rbkairos_ws/install/robotnik_controllers_msgs/lib/librobotnik_controllers_msgs__rosidl_generator_c.so
[0.840s] -- Up-to-date: /home/hima/bachelors/rbkairos_ws/install/robotnik_controllers_msgs/include/robotnik_controllers_msgs/robotnik_controllers_msgs
[0.840s] -- Up-to-date: /home/hima/bachelors/rbkairos_ws/install/robotnik_controllers_msgs/include/robotnik_controllers_msgs/robotnik_controllers_msgs/srv
[0.840s] -- Up-to-date: /home/hima/bachelors/rbkairos_ws/install/robotnik_controllers_msgs/include/robotnik_controllers_msgs/robotnik_controllers_msgs/srv/detail
[0.840s] -- Up-to-date: /home/hima/bachelors/rbkairos_ws/install/robotnik_controllers_msgs/include/robotnik_controllers_msgs/robotnik_controllers_msgs/srv/detail/change_kinematics__rosidl_typesupport_fastrtps_c.h
[0.840s] -- Up-to-date: /home/hima/bachelors/rbkairos_ws/install/robotnik_controllers_msgs/include/robotnik_controllers_msgs/robotnik_controllers_msgs/srv/detail/available_kinematics__rosidl_typesupport_fastrtps_c.h
[0.840s] -- Up-to-date: /home/hima/bachelors/rbkairos_ws/install/robotnik_controllers_msgs/include/robotnik_controllers_msgs/robotnik_controllers_msgs/srv/detail/set_odometry__rosidl_typesupport_fastrtps_c.h
[0.840s] -- Up-to-date: /home/hima/bachelors/rbkairos_ws/install/robotnik_controllers_msgs/include/robotnik_controllers_msgs/robotnik_controllers_msgs/msg
[0.840s] -- Up-to-date: /home/hima/bachelors/rbkairos_ws/install/robotnik_controllers_msgs/include/robotnik_controllers_msgs/robotnik_controllers_msgs/msg/rosidl_typesupport_fastrtps_c__visibility_control.h
[0.841s] -- Up-to-date: /home/hima/bachelors/rbkairos_ws/install/robotnik_controllers_msgs/include/robotnik_controllers_msgs/robotnik_controllers_msgs/msg/detail
[0.841s] -- Up-to-date: /home/hima/bachelors/rbkairos_ws/install/robotnik_controllers_msgs/include/robotnik_controllers_msgs/robotnik_controllers_msgs/msg/detail/controller_state__rosidl_typesupport_fastrtps_c.h
[0.841s] -- Up-to-date: /home/hima/bachelors/rbkairos_ws/install/robotnik_controllers_msgs/lib/librobotnik_controllers_msgs__rosidl_typesupport_fastrtps_c.so
[0.841s] -- Up-to-date: /home/hima/bachelors/rbkairos_ws/install/robotnik_controllers_msgs/include/robotnik_controllers_msgs/robotnik_controllers_msgs
[0.841s] -- Up-to-date: /home/hima/bachelors/rbkairos_ws/install/robotnik_controllers_msgs/include/robotnik_controllers_msgs/robotnik_controllers_msgs/srv
[0.841s] -- Up-to-date: /home/hima/bachelors/rbkairos_ws/install/robotnik_controllers_msgs/include/robotnik_controllers_msgs/robotnik_controllers_msgs/srv/available_kinematics.hpp
[0.841s] -- Up-to-date: /home/hima/bachelors/rbkairos_ws/install/robotnik_controllers_msgs/include/robotnik_controllers_msgs/robotnik_controllers_msgs/srv/change_kinematics.hpp
[0.841s] -- Up-to-date: /home/hima/bachelors/rbkairos_ws/install/robotnik_controllers_msgs/include/robotnik_controllers_msgs/robotnik_controllers_msgs/srv/detail
[0.841s] -- Up-to-date: /home/hima/bachelors/rbkairos_ws/install/robotnik_controllers_msgs/include/robotnik_controllers_msgs/robotnik_controllers_msgs/srv/detail/set_odometry__type_support.hpp
[0.841s] -- Up-to-date: /home/hima/bachelors/rbkairos_ws/install/robotnik_controllers_msgs/include/robotnik_controllers_msgs/robotnik_controllers_msgs/srv/detail/change_kinematics__traits.hpp
[0.841s] -- Up-to-date: /home/hima/bachelors/rbkairos_ws/install/robotnik_controllers_msgs/include/robotnik_controllers_msgs/robotnik_controllers_msgs/srv/detail/available_kinematics__traits.hpp
[0.843s] -- Up-to-date: /home/hima/bachelors/rbkairos_ws/install/robotnik_controllers_msgs/include/robotnik_controllers_msgs/robotnik_controllers_msgs/srv/detail/set_odometry__traits.hpp
[0.844s] -- Up-to-date: /home/hima/bachelors/rbkairos_ws/install/robotnik_controllers_msgs/include/robotnik_controllers_msgs/robotnik_controllers_msgs/srv/detail/available_kinematics__type_support.hpp
[0.844s] -- Up-to-date: /home/hima/bachelors/rbkairos_ws/install/robotnik_controllers_msgs/include/robotnik_controllers_msgs/robotnik_controllers_msgs/srv/detail/change_kinematics__type_support.hpp
[0.844s] -- Up-to-date: /home/hima/bachelors/rbkairos_ws/install/robotnik_controllers_msgs/include/robotnik_controllers_msgs/robotnik_controllers_msgs/srv/detail/change_kinematics__struct.hpp
[0.844s] -- Up-to-date: /home/hima/bachelors/rbkairos_ws/install/robotnik_controllers_msgs/include/robotnik_controllers_msgs/robotnik_controllers_msgs/srv/detail/available_kinematics__builder.hpp
[0.844s] -- Up-to-date: /home/hima/bachelors/rbkairos_ws/install/robotnik_controllers_msgs/include/robotnik_controllers_msgs/robotnik_controllers_msgs/srv/detail/set_odometry__struct.hpp
[0.844s] -- Up-to-date: /home/hima/bachelors/rbkairos_ws/install/robotnik_controllers_msgs/include/robotnik_controllers_msgs/robotnik_controllers_msgs/srv/detail/available_kinematics__struct.hpp
[0.845s] -- Up-to-date: /home/hima/bachelors/rbkairos_ws/install/robotnik_controllers_msgs/include/robotnik_controllers_msgs/robotnik_controllers_msgs/srv/detail/set_odometry__builder.hpp
[0.845s] -- Up-to-date: /home/hima/bachelors/rbkairos_ws/install/robotnik_controllers_msgs/include/robotnik_controllers_msgs/robotnik_controllers_msgs/srv/detail/change_kinematics__builder.hpp
[0.845s] -- Up-to-date: /home/hima/bachelors/rbkairos_ws/install/robotnik_controllers_msgs/include/robotnik_controllers_msgs/robotnik_controllers_msgs/srv/set_odometry.hpp
[0.845s] -- Up-to-date: /home/hima/bachelors/rbkairos_ws/install/robotnik_controllers_msgs/include/robotnik_controllers_msgs/robotnik_controllers_msgs/msg
[0.846s] -- Up-to-date: /home/hima/bachelors/rbkairos_ws/install/robotnik_controllers_msgs/include/robotnik_controllers_msgs/robotnik_controllers_msgs/msg/rosidl_generator_cpp__visibility_control.hpp
[0.846s] -- Up-to-date: /home/hima/bachelors/rbkairos_ws/install/robotnik_controllers_msgs/include/robotnik_controllers_msgs/robotnik_controllers_msgs/msg/detail
[0.846s] -- Up-to-date: /home/hima/bachelors/rbkairos_ws/install/robotnik_controllers_msgs/include/robotnik_controllers_msgs/robotnik_controllers_msgs/msg/detail/controller_state__type_support.hpp
[0.846s] -- Up-to-date: /home/hima/bachelors/rbkairos_ws/install/robotnik_controllers_msgs/include/robotnik_controllers_msgs/robotnik_controllers_msgs/msg/detail/controller_state__traits.hpp
[0.846s] -- Up-to-date: /home/hima/bachelors/rbkairos_ws/install/robotnik_controllers_msgs/include/robotnik_controllers_msgs/robotnik_controllers_msgs/msg/detail/controller_state__struct.hpp
[0.846s] -- Up-to-date: /home/hima/bachelors/rbkairos_ws/install/robotnik_controllers_msgs/include/robotnik_controllers_msgs/robotnik_controllers_msgs/msg/detail/controller_state__builder.hpp
[0.846s] -- Up-to-date: /home/hima/bachelors/rbkairos_ws/install/robotnik_controllers_msgs/include/robotnik_controllers_msgs/robotnik_controllers_msgs/msg/controller_state.hpp
[0.846s] -- Up-to-date: /home/hima/bachelors/rbkairos_ws/install/robotnik_controllers_msgs/include/robotnik_controllers_msgs/robotnik_controllers_msgs
[0.846s] -- Up-to-date: /home/hima/bachelors/rbkairos_ws/install/robotnik_controllers_msgs/include/robotnik_controllers_msgs/robotnik_controllers_msgs/srv
[0.846s] -- Up-to-date: /home/hima/bachelors/rbkairos_ws/install/robotnik_controllers_msgs/include/robotnik_controllers_msgs/robotnik_controllers_msgs/srv/detail
[0.846s] -- Up-to-date: /home/hima/bachelors/rbkairos_ws/install/robotnik_controllers_msgs/include/robotnik_controllers_msgs/robotnik_controllers_msgs/srv/detail/available_kinematics__rosidl_typesupport_fastrtps_cpp.hpp
[0.847s] -- Up-to-date: /home/hima/bachelors/rbkairos_ws/install/robotnik_controllers_msgs/include/robotnik_controllers_msgs/robotnik_controllers_msgs/srv/detail/change_kinematics__rosidl_typesupport_fastrtps_cpp.hpp
[0.847s] -- Up-to-date: /home/hima/bachelors/rbkairos_ws/install/robotnik_controllers_msgs/include/robotnik_controllers_msgs/robotnik_controllers_msgs/srv/detail/dds_fastrtps
[0.847s] -- Up-to-date: /home/hima/bachelors/rbkairos_ws/install/robotnik_controllers_msgs/include/robotnik_controllers_msgs/robotnik_controllers_msgs/srv/detail/set_odometry__rosidl_typesupport_fastrtps_cpp.hpp
[0.847s] -- Up-to-date: /home/hima/bachelors/rbkairos_ws/install/robotnik_controllers_msgs/include/robotnik_controllers_msgs/robotnik_controllers_msgs/msg
[0.847s] -- Up-to-date: /home/hima/bachelors/rbkairos_ws/install/robotnik_controllers_msgs/include/robotnik_controllers_msgs/robotnik_controllers_msgs/msg/rosidl_typesupport_fastrtps_cpp__visibility_control.h
[0.847s] -- Up-to-date: /home/hima/bachelors/rbkairos_ws/install/robotnik_controllers_msgs/include/robotnik_controllers_msgs/robotnik_controllers_msgs/msg/detail
[0.847s] -- Up-to-date: /home/hima/bachelors/rbkairos_ws/install/robotnik_controllers_msgs/include/robotnik_controllers_msgs/robotnik_controllers_msgs/msg/detail/dds_fastrtps
[0.848s] -- Up-to-date: /home/hima/bachelors/rbkairos_ws/install/robotnik_controllers_msgs/include/robotnik_controllers_msgs/robotnik_controllers_msgs/msg/detail/controller_state__rosidl_typesupport_fastrtps_cpp.hpp
[0.848s] -- Up-to-date: /home/hima/bachelors/rbkairos_ws/install/robotnik_controllers_msgs/lib/librobotnik_controllers_msgs__rosidl_typesupport_fastrtps_cpp.so
[0.848s] -- Up-to-date: /home/hima/bachelors/rbkairos_ws/install/robotnik_controllers_msgs/include/robotnik_controllers_msgs/robotnik_controllers_msgs
[0.848s] -- Up-to-date: /home/hima/bachelors/rbkairos_ws/install/robotnik_controllers_msgs/include/robotnik_controllers_msgs/robotnik_controllers_msgs/srv
[0.848s] -- Up-to-date: /home/hima/bachelors/rbkairos_ws/install/robotnik_controllers_msgs/include/robotnik_controllers_msgs/robotnik_controllers_msgs/srv/detail
[0.848s] -- Up-to-date: /home/hima/bachelors/rbkairos_ws/install/robotnik_controllers_msgs/include/robotnik_controllers_msgs/robotnik_controllers_msgs/srv/detail/set_odometry__type_support.c
[0.848s] -- Up-to-date: /home/hima/bachelors/rbkairos_ws/install/robotnik_controllers_msgs/include/robotnik_controllers_msgs/robotnik_controllers_msgs/srv/detail/set_odometry__rosidl_typesupport_introspection_c.h
[0.848s] -- Up-to-date: /home/hima/bachelors/rbkairos_ws/install/robotnik_controllers_msgs/include/robotnik_controllers_msgs/robotnik_controllers_msgs/srv/detail/change_kinematics__type_support.c
[0.848s] -- Up-to-date: /home/hima/bachelors/rbkairos_ws/install/robotnik_controllers_msgs/include/robotnik_controllers_msgs/robotnik_controllers_msgs/srv/detail/change_kinematics__rosidl_typesupport_introspection_c.h
[0.849s] -- Up-to-date: /home/hima/bachelors/rbkairos_ws/install/robotnik_controllers_msgs/include/robotnik_controllers_msgs/robotnik_controllers_msgs/srv/detail/available_kinematics__type_support.c
[0.849s] -- Up-to-date: /home/hima/bachelors/rbkairos_ws/install/robotnik_controllers_msgs/include/robotnik_controllers_msgs/robotnik_controllers_msgs/srv/detail/available_kinematics__rosidl_typesupport_introspection_c.h
[0.849s] -- Up-to-date: /home/hima/bachelors/rbkairos_ws/install/robotnik_controllers_msgs/include/robotnik_controllers_msgs/robotnik_controllers_msgs/msg
[0.849s] -- Up-to-date: /home/hima/bachelors/rbkairos_ws/install/robotnik_controllers_msgs/include/robotnik_controllers_msgs/robotnik_controllers_msgs/msg/rosidl_typesupport_introspection_c__visibility_control.h
[0.849s] -- Up-to-date: /home/hima/bachelors/rbkairos_ws/install/robotnik_controllers_msgs/include/robotnik_controllers_msgs/robotnik_controllers_msgs/msg/detail
[0.849s] -- Up-to-date: /home/hima/bachelors/rbkairos_ws/install/robotnik_controllers_msgs/include/robotnik_controllers_msgs/robotnik_controllers_msgs/msg/detail/controller_state__rosidl_typesupport_introspection_c.h
[0.849s] -- Up-to-date: /home/hima/bachelors/rbkairos_ws/install/robotnik_controllers_msgs/include/robotnik_controllers_msgs/robotnik_controllers_msgs/msg/detail/controller_state__type_support.c
[0.849s] -- Up-to-date: /home/hima/bachelors/rbkairos_ws/install/robotnik_controllers_msgs/lib/librobotnik_controllers_msgs__rosidl_typesupport_introspection_c.so
[0.849s] -- Up-to-date: /home/hima/bachelors/rbkairos_ws/install/robotnik_controllers_msgs/lib/librobotnik_controllers_msgs__rosidl_typesupport_c.so
[0.849s] -- Up-to-date: /home/hima/bachelors/rbkairos_ws/install/robotnik_controllers_msgs/include/robotnik_controllers_msgs/robotnik_controllers_msgs
[0.849s] -- Up-to-date: /home/hima/bachelors/rbkairos_ws/install/robotnik_controllers_msgs/include/robotnik_controllers_msgs/robotnik_controllers_msgs/srv
[0.849s] -- Up-to-date: /home/hima/bachelors/rbkairos_ws/install/robotnik_controllers_msgs/include/robotnik_controllers_msgs/robotnik_controllers_msgs/srv/detail
[0.849s] -- Up-to-date: /home/hima/bachelors/rbkairos_ws/install/robotnik_controllers_msgs/include/robotnik_controllers_msgs/robotnik_controllers_msgs/srv/detail/change_kinematics__rosidl_typesupport_introspection_cpp.hpp
[0.850s] -- Up-to-date: /home/hima/bachelors/rbkairos_ws/install/robotnik_controllers_msgs/include/robotnik_controllers_msgs/robotnik_controllers_msgs/srv/detail/change_kinematics__type_support.cpp
[0.850s] -- Up-to-date: /home/hima/bachelors/rbkairos_ws/install/robotnik_controllers_msgs/include/robotnik_controllers_msgs/robotnik_controllers_msgs/srv/detail/available_kinematics__type_support.cpp
[0.850s] -- Up-to-date: /home/hima/bachelors/rbkairos_ws/install/robotnik_controllers_msgs/include/robotnik_controllers_msgs/robotnik_controllers_msgs/srv/detail/set_odometry__rosidl_typesupport_introspection_cpp.hpp
[0.850s] -- Up-to-date: /home/hima/bachelors/rbkairos_ws/install/robotnik_controllers_msgs/include/robotnik_controllers_msgs/robotnik_controllers_msgs/srv/detail/set_odometry__type_support.cpp
[0.850s] -- Up-to-date: /home/hima/bachelors/rbkairos_ws/install/robotnik_controllers_msgs/include/robotnik_controllers_msgs/robotnik_controllers_msgs/srv/detail/available_kinematics__rosidl_typesupport_introspection_cpp.hpp
[0.850s] -- Up-to-date: /home/hima/bachelors/rbkairos_ws/install/robotnik_controllers_msgs/include/robotnik_controllers_msgs/robotnik_controllers_msgs/msg
[0.850s] -- Up-to-date: /home/hima/bachelors/rbkairos_ws/install/robotnik_controllers_msgs/include/robotnik_controllers_msgs/robotnik_controllers_msgs/msg/detail
[0.850s] -- Up-to-date: /home/hima/bachelors/rbkairos_ws/install/robotnik_controllers_msgs/include/robotnik_controllers_msgs/robotnik_controllers_msgs/msg/detail/controller_state__rosidl_typesupport_introspection_cpp.hpp
[0.850s] -- Up-to-date: /home/hima/bachelors/rbkairos_ws/install/robotnik_controllers_msgs/include/robotnik_controllers_msgs/robotnik_controllers_msgs/msg/detail/controller_state__type_support.cpp
[0.850s] -- Up-to-date: /home/hima/bachelors/rbkairos_ws/install/robotnik_controllers_msgs/lib/librobotnik_controllers_msgs__rosidl_typesupport_introspection_cpp.so
[0.850s] -- Up-to-date: /home/hima/bachelors/rbkairos_ws/install/robotnik_controllers_msgs/lib/librobotnik_controllers_msgs__rosidl_typesupport_cpp.so
[0.850s] -- Up-to-date: /home/hima/bachelors/rbkairos_ws/install/robotnik_controllers_msgs/share/robotnik_controllers_msgs/environment/pythonpath.sh
[0.850s] -- Up-to-date: /home/hima/bachelors/rbkairos_ws/install/robotnik_controllers_msgs/share/robotnik_controllers_msgs/environment/pythonpath.dsv
[0.850s] -- Up-to-date: /home/hima/bachelors/rbkairos_ws/install/robotnik_controllers_msgs/local/lib/python3.10/dist-packages/robotnik_controllers_msgs-1.0.0-py3.10.egg-info
[0.850s] -- Installing: /home/hima/bachelors/rbkairos_ws/install/robotnik_controllers_msgs/local/lib/python3.10/dist-packages/robotnik_controllers_msgs-1.0.0-py3.10.egg-info/top_level.txt
[0.850s] -- Installing: /home/hima/bachelors/rbkairos_ws/install/robotnik_controllers_msgs/local/lib/python3.10/dist-packages/robotnik_controllers_msgs-1.0.0-py3.10.egg-info/PKG-INFO
[0.850s] -- Installing: /home/hima/bachelors/rbkairos_ws/install/robotnik_controllers_msgs/local/lib/python3.10/dist-packages/robotnik_controllers_msgs-1.0.0-py3.10.egg-info/SOURCES.txt
[0.851s] -- Installing: /home/hima/bachelors/rbkairos_ws/install/robotnik_controllers_msgs/local/lib/python3.10/dist-packages/robotnik_controllers_msgs-1.0.0-py3.10.egg-info/dependency_links.txt
[0.851s] -- Up-to-date: /home/hima/bachelors/rbkairos_ws/install/robotnik_controllers_msgs/local/lib/python3.10/dist-packages/robotnik_controllers_msgs
[0.851s] -- Up-to-date: /home/hima/bachelors/rbkairos_ws/install/robotnik_controllers_msgs/local/lib/python3.10/dist-packages/robotnik_controllers_msgs/_robotnik_controllers_msgs_s.ep.rosidl_typesupport_fastrtps_c.c
[0.851s] -- Up-to-date: /home/hima/bachelors/rbkairos_ws/install/robotnik_controllers_msgs/local/lib/python3.10/dist-packages/robotnik_controllers_msgs/_robotnik_controllers_msgs_s.ep.rosidl_typesupport_introspection_c.c
[0.851s] -- Up-to-date: /home/hima/bachelors/rbkairos_ws/install/robotnik_controllers_msgs/local/lib/python3.10/dist-packages/robotnik_controllers_msgs/robotnik_controllers_msgs_s__rosidl_typesupport_c.cpython-310-x86_64-linux-gnu.so
[0.851s] -- Up-to-date: /home/hima/bachelors/rbkairos_ws/install/robotnik_controllers_msgs/local/lib/python3.10/dist-packages/robotnik_controllers_msgs/robotnik_controllers_msgs_s__rosidl_typesupport_introspection_c.cpython-310-x86_64-linux-gnu.so
[0.851s] -- Up-to-date: /home/hima/bachelors/rbkairos_ws/install/robotnik_controllers_msgs/local/lib/python3.10/dist-packages/robotnik_controllers_msgs/srv
[0.851s] -- Up-to-date: /home/hima/bachelors/rbkairos_ws/install/robotnik_controllers_msgs/local/lib/python3.10/dist-packages/robotnik_controllers_msgs/srv/_set_odometry.py
[0.851s] -- Up-to-date: /home/hima/bachelors/rbkairos_ws/install/robotnik_controllers_msgs/local/lib/python3.10/dist-packages/robotnik_controllers_msgs/srv/_change_kinematics_s.c
[0.851s] -- Up-to-date: /home/hima/bachelors/rbkairos_ws/install/robotnik_controllers_msgs/local/lib/python3.10/dist-packages/robotnik_controllers_msgs/srv/_available_kinematics_s.c
[0.851s] -- Up-to-date: /home/hima/bachelors/rbkairos_ws/install/robotnik_controllers_msgs/local/lib/python3.10/dist-packages/robotnik_controllers_msgs/srv/_available_kinematics.py
[0.851s] -- Up-to-date: /home/hima/bachelors/rbkairos_ws/install/robotnik_controllers_msgs/local/lib/python3.10/dist-packages/robotnik_controllers_msgs/srv/__init__.py
[0.851s] -- Up-to-date: /home/hima/bachelors/rbkairos_ws/install/robotnik_controllers_msgs/local/lib/python3.10/dist-packages/robotnik_controllers_msgs/srv/_set_odometry_s.c
[0.851s] -- Up-to-date: /home/hima/bachelors/rbkairos_ws/install/robotnik_controllers_msgs/local/lib/python3.10/dist-packages/robotnik_controllers_msgs/srv/_change_kinematics.py
[0.851s] -- Up-to-date: /home/hima/bachelors/rbkairos_ws/install/robotnik_controllers_msgs/local/lib/python3.10/dist-packages/robotnik_controllers_msgs/_robotnik_controllers_msgs_s.ep.rosidl_typesupport_c.c
[0.852s] -- Up-to-date: /home/hima/bachelors/rbkairos_ws/install/robotnik_controllers_msgs/local/lib/python3.10/dist-packages/robotnik_controllers_msgs/msg
[0.852s] -- Up-to-date: /home/hima/bachelors/rbkairos_ws/install/robotnik_controllers_msgs/local/lib/python3.10/dist-packages/robotnik_controllers_msgs/msg/_controller_state.py
[0.852s] -- Up-to-date: /home/hima/bachelors/rbkairos_ws/install/robotnik_controllers_msgs/local/lib/python3.10/dist-packages/robotnik_controllers_msgs/msg/__init__.py
[0.852s] -- Up-to-date: /home/hima/bachelors/rbkairos_ws/install/robotnik_controllers_msgs/local/lib/python3.10/dist-packages/robotnik_controllers_msgs/msg/_controller_state_s.c
[0.852s] -- Up-to-date: /home/hima/bachelors/rbkairos_ws/install/robotnik_controllers_msgs/local/lib/python3.10/dist-packages/robotnik_controllers_msgs/__init__.py
[0.852s] -- Up-to-date: /home/hima/bachelors/rbkairos_ws/install/robotnik_controllers_msgs/local/lib/python3.10/dist-packages/robotnik_controllers_msgs/librobotnik_controllers_msgs__rosidl_generator_py.so
[0.852s] -- Up-to-date: /home/hima/bachelors/rbkairos_ws/install/robotnik_controllers_msgs/local/lib/python3.10/dist-packages/robotnik_controllers_msgs/robotnik_controllers_msgs_s__rosidl_typesupport_fastrtps_c.cpython-310-x86_64-linux-gnu.so
[1.130s] Listing '/home/hima/bachelors/rbkairos_ws/install/robotnik_controllers_msgs/local/lib/python3.10/dist-packages/robotnik_controllers_msgs'...
[1.130s] Listing '/home/hima/bachelors/rbkairos_ws/install/robotnik_controllers_msgs/local/lib/python3.10/dist-packages/robotnik_controllers_msgs/msg'...
[1.130s] Listing '/home/hima/bachelors/rbkairos_ws/install/robotnik_controllers_msgs/local/lib/python3.10/dist-packages/robotnik_controllers_msgs/srv'...
[1.155s] -- Up-to-date: /home/hima/bachelors/rbkairos_ws/install/robotnik_controllers_msgs/local/lib/python3.10/dist-packages/robotnik_controllers_msgs/robotnik_controllers_msgs_s__rosidl_typesupport_fastrtps_c.cpython-310-x86_64-linux-gnu.so
[1.157s] -- Up-to-date: /home/hima/bachelors/rbkairos_ws/install/robotnik_controllers_msgs/local/lib/python3.10/dist-packages/robotnik_controllers_msgs/robotnik_controllers_msgs_s__rosidl_typesupport_introspection_c.cpython-310-x86_64-linux-gnu.so
[1.158s] -- Up-to-date: /home/hima/bachelors/rbkairos_ws/install/robotnik_controllers_msgs/local/lib/python3.10/dist-packages/robotnik_controllers_msgs/robotnik_controllers_msgs_s__rosidl_typesupport_c.cpython-310-x86_64-linux-gnu.so
[1.159s] -- Up-to-date: /home/hima/bachelors/rbkairos_ws/install/robotnik_controllers_msgs/lib/librobotnik_controllers_msgs__rosidl_generator_py.so
[1.161s] -- Up-to-date: /home/hima/bachelors/rbkairos_ws/install/robotnik_controllers_msgs/share/robotnik_controllers_msgs/msg/ControllerState.idl
[1.161s] -- Up-to-date: /home/hima/bachelors/rbkairos_ws/install/robotnik_controllers_msgs/share/robotnik_controllers_msgs/srv/AvailableKinematics.idl
[1.161s] -- Up-to-date: /home/hima/bachelors/rbkairos_ws/install/robotnik_controllers_msgs/share/robotnik_controllers_msgs/srv/ChangeKinematics.idl
[1.161s] -- Up-to-date: /home/hima/bachelors/rbkairos_ws/install/robotnik_controllers_msgs/share/robotnik_controllers_msgs/srv/SetOdometry.idl
[1.161s] -- Up-to-date: /home/hima/bachelors/rbkairos_ws/install/robotnik_controllers_msgs/share/robotnik_controllers_msgs/msg/ControllerState.msg
[1.162s] -- Up-to-date: /home/hima/bachelors/rbkairos_ws/install/robotnik_controllers_msgs/share/robotnik_controllers_msgs/srv/AvailableKinematics.srv
[1.162s] -- Up-to-date: /home/hima/bachelors/rbkairos_ws/install/robotnik_controllers_msgs/share/robotnik_controllers_msgs/srv/AvailableKinematics_Request.msg
[1.162s] -- Up-to-date: /home/hima/bachelors/rbkairos_ws/install/robotnik_controllers_msgs/share/robotnik_controllers_msgs/srv/AvailableKinematics_Response.msg
[1.162s] -- Up-to-date: /home/hima/bachelors/rbkairos_ws/install/robotnik_controllers_msgs/share/robotnik_controllers_msgs/srv/ChangeKinematics.srv
[1.163s] -- Up-to-date: /home/hima/bachelors/rbkairos_ws/install/robotnik_controllers_msgs/share/robotnik_controllers_msgs/srv/ChangeKinematics_Request.msg
[1.165s] -- Up-to-date: /home/hima/bachelors/rbkairos_ws/install/robotnik_controllers_msgs/share/robotnik_controllers_msgs/srv/ChangeKinematics_Response.msg
[1.165s] -- Up-to-date: /home/hima/bachelors/rbkairos_ws/install/robotnik_controllers_msgs/share/robotnik_controllers_msgs/srv/SetOdometry.srv
[1.166s] -- Up-to-date: /home/hima/bachelors/rbkairos_ws/install/robotnik_controllers_msgs/share/robotnik_controllers_msgs/srv/SetOdometry_Request.msg
[1.166s] -- Up-to-date: /home/hima/bachelors/rbkairos_ws/install/robotnik_controllers_msgs/share/robotnik_controllers_msgs/srv/SetOdometry_Response.msg
[1.167s] -- Up-to-date: /home/hima/bachelors/rbkairos_ws/install/robotnik_controllers_msgs/share/ament_index/resource_index/package_run_dependencies/robotnik_controllers_msgs
[1.167s] -- Up-to-date: /home/hima/bachelors/rbkairos_ws/install/robotnik_controllers_msgs/share/ament_index/resource_index/parent_prefix_path/robotnik_controllers_msgs
[1.167s] -- Up-to-date: /home/hima/bachelors/rbkairos_ws/install/robotnik_controllers_msgs/share/robotnik_controllers_msgs/environment/ament_prefix_path.sh
[1.168s] -- Up-to-date: /home/hima/bachelors/rbkairos_ws/install/robotnik_controllers_msgs/share/robotnik_controllers_msgs/environment/ament_prefix_path.dsv
[1.168s] -- Up-to-date: /home/hima/bachelors/rbkairos_ws/install/robotnik_controllers_msgs/share/robotnik_controllers_msgs/environment/path.sh
[1.169s] -- Up-to-date: /home/hima/bachelors/rbkairos_ws/install/robotnik_controllers_msgs/share/robotnik_controllers_msgs/environment/path.dsv
[1.170s] -- Up-to-date: /home/hima/bachelors/rbkairos_ws/install/robotnik_controllers_msgs/share/robotnik_controllers_msgs/local_setup.bash
[1.170s] -- Up-to-date: /home/hima/bachelors/rbkairos_ws/install/robotnik_controllers_msgs/share/robotnik_controllers_msgs/local_setup.sh
[1.171s] -- Up-to-date: /home/hima/bachelors/rbkairos_ws/install/robotnik_controllers_msgs/share/robotnik_controllers_msgs/local_setup.zsh
[1.171s] -- Up-to-date: /home/hima/bachelors/rbkairos_ws/install/robotnik_controllers_msgs/share/robotnik_controllers_msgs/local_setup.dsv
[1.172s] -- Installing: /home/hima/bachelors/rbkairos_ws/install/robotnik_controllers_msgs/share/robotnik_controllers_msgs/package.dsv
[1.172s] -- Up-to-date: /home/hima/bachelors/rbkairos_ws/install/robotnik_controllers_msgs/share/ament_index/resource_index/packages/robotnik_controllers_msgs
[1.173s] -- Up-to-date: /home/hima/bachelors/rbkairos_ws/install/robotnik_controllers_msgs/share/robotnik_controllers_msgs/cmake/export_robotnik_controllers_msgs__rosidl_generator_cExport.cmake
[1.174s] -- Up-to-date: /home/hima/bachelors/rbkairos_ws/install/robotnik_controllers_msgs/share/robotnik_controllers_msgs/cmake/export_robotnik_controllers_msgs__rosidl_generator_cExport-noconfig.cmake
[1.174s] -- Up-to-date: /home/hima/bachelors/rbkairos_ws/install/robotnik_controllers_msgs/share/robotnik_controllers_msgs/cmake/export_robotnik_controllers_msgs__rosidl_typesupport_fastrtps_cExport.cmake
[1.174s] -- Up-to-date: /home/hima/bachelors/rbkairos_ws/install/robotnik_controllers_msgs/share/robotnik_controllers_msgs/cmake/export_robotnik_controllers_msgs__rosidl_typesupport_fastrtps_cExport-noconfig.cmake
[1.175s] -- Up-to-date: /home/hima/bachelors/rbkairos_ws/install/robotnik_controllers_msgs/share/robotnik_controllers_msgs/cmake/export_robotnik_controllers_msgs__rosidl_generator_cppExport.cmake
[1.175s] -- Up-to-date: /home/hima/bachelors/rbkairos_ws/install/robotnik_controllers_msgs/share/robotnik_controllers_msgs/cmake/export_robotnik_controllers_msgs__rosidl_typesupport_fastrtps_cppExport.cmake
[1.175s] -- Up-to-date: /home/hima/bachelors/rbkairos_ws/install/robotnik_controllers_msgs/share/robotnik_controllers_msgs/cmake/export_robotnik_controllers_msgs__rosidl_typesupport_fastrtps_cppExport-noconfig.cmake
[1.175s] -- Up-to-date: /home/hima/bachelors/rbkairos_ws/install/robotnik_controllers_msgs/share/robotnik_controllers_msgs/cmake/robotnik_controllers_msgs__rosidl_typesupport_introspection_cExport.cmake
[1.175s] -- Up-to-date: /home/hima/bachelors/rbkairos_ws/install/robotnik_controllers_msgs/share/robotnik_controllers_msgs/cmake/robotnik_controllers_msgs__rosidl_typesupport_introspection_cExport-noconfig.cmake
[1.175s] -- Up-to-date: /home/hima/bachelors/rbkairos_ws/install/robotnik_controllers_msgs/share/robotnik_controllers_msgs/cmake/robotnik_controllers_msgs__rosidl_typesupport_cExport.cmake
[1.175s] -- Up-to-date: /home/hima/bachelors/rbkairos_ws/install/robotnik_controllers_msgs/share/robotnik_controllers_msgs/cmake/robotnik_controllers_msgs__rosidl_typesupport_cExport-noconfig.cmake
[1.175s] -- Up-to-date: /home/hima/bachelors/rbkairos_ws/install/robotnik_controllers_msgs/share/robotnik_controllers_msgs/cmake/robotnik_controllers_msgs__rosidl_typesupport_introspection_cppExport.cmake
[1.175s] -- Up-to-date: /home/hima/bachelors/rbkairos_ws/install/robotnik_controllers_msgs/share/robotnik_controllers_msgs/cmake/robotnik_controllers_msgs__rosidl_typesupport_introspection_cppExport-noconfig.cmake
[1.175s] -- Up-to-date: /home/hima/bachelors/rbkairos_ws/install/robotnik_controllers_msgs/share/robotnik_controllers_msgs/cmake/robotnik_controllers_msgs__rosidl_typesupport_cppExport.cmake
[1.175s] -- Up-to-date: /home/hima/bachelors/rbkairos_ws/install/robotnik_controllers_msgs/share/robotnik_controllers_msgs/cmake/robotnik_controllers_msgs__rosidl_typesupport_cppExport-noconfig.cmake
[1.175s] -- Up-to-date: /home/hima/bachelors/rbkairos_ws/install/robotnik_controllers_msgs/share/robotnik_controllers_msgs/cmake/export_robotnik_controllers_msgs__rosidl_generator_pyExport.cmake
[1.176s] -- Up-to-date: /home/hima/bachelors/rbkairos_ws/install/robotnik_controllers_msgs/share/robotnik_controllers_msgs/cmake/export_robotnik_controllers_msgs__rosidl_generator_pyExport-noconfig.cmake
[1.176s] -- Up-to-date: /home/hima/bachelors/rbkairos_ws/install/robotnik_controllers_msgs/share/robotnik_controllers_msgs/cmake/rosidl_cmake-extras.cmake
[1.176s] -- Up-to-date: /home/hima/bachelors/rbkairos_ws/install/robotnik_controllers_msgs/share/robotnik_controllers_msgs/cmake/ament_cmake_export_dependencies-extras.cmake
[1.176s] -- Up-to-date: /home/hima/bachelors/rbkairos_ws/install/robotnik_controllers_msgs/share/robotnik_controllers_msgs/cmake/ament_cmake_export_include_directories-extras.cmake
[1.176s] -- Up-to-date: /home/hima/bachelors/rbkairos_ws/install/robotnik_controllers_msgs/share/robotnik_controllers_msgs/cmake/ament_cmake_export_libraries-extras.cmake
[1.176s] -- Up-to-date: /home/hima/bachelors/rbkairos_ws/install/robotnik_controllers_msgs/share/robotnik_controllers_msgs/cmake/ament_cmake_export_targets-extras.cmake
[1.176s] -- Up-to-date: /home/hima/bachelors/rbkairos_ws/install/robotnik_controllers_msgs/share/robotnik_controllers_msgs/cmake/rosidl_cmake_export_typesupport_targets-extras.cmake
[1.176s] -- Up-to-date: /home/hima/bachelors/rbkairos_ws/install/robotnik_controllers_msgs/share/robotnik_controllers_msgs/cmake/rosidl_cmake_export_typesupport_libraries-extras.cmake
[1.176s] -- Up-to-date: /home/hima/bachelors/rbkairos_ws/install/robotnik_controllers_msgs/share/robotnik_controllers_msgs/cmake/robotnik_controllers_msgsConfig.cmake
[1.176s] -- Up-to-date: /home/hima/bachelors/rbkairos_ws/install/robotnik_controllers_msgs/share/robotnik_controllers_msgs/cmake/robotnik_controllers_msgsConfig-version.cmake
[1.176s] -- Up-to-date: /home/hima/bachelors/rbkairos_ws/install/robotnik_controllers_msgs/share/robotnik_controllers_msgs/package.xml
[1.179s] Invoked command in '/home/hima/bachelors/rbkairos_ws/build/robotnik_controllers_msgs' returned '0': CMAKE_PREFIX_PATH=/home/hima/bachelors/rbkairos_ws/install/robotnik_common_msgs:/home/hima/bachelors/rbkairos_ws/install/ros2_laser_scan_merger:/home/hima/bachelors/rbkairos_ws/install/ros2_laser_scan_matcher:/home/hima/bachelors/rbkairos_ws/install/robotnik_supervisor_msgs:/home/hima/bachelors/rbkairos_ws/install/robotnik_gazebo_ignition:/home/hima/bachelors/rbkairos_ws/install/robotnik_gazebo_classic:/home/hima/bachelors/rbkairos_ws/install/mapping:/home/hima/bachelors/rbkairos_ws/install/robotnik_description:/home/hima/bachelors/rbkairos_ws/install/robotnik_sensors:/home/hima/bachelors/rbkairos_ws/install/robotnik_interfaces:/home/hima/bachelors/rbkairos_ws/install/robotnik_safety_msgs:/home/hima/bachelors/rbkairos_ws/install/robotnik_perception_msgs:/home/hima/bachelors/rbkairos_ws/install/robotnik_navigation_msgs:/home/hima/bachelors/rbkairos_ws/install/robotnik_io_msgs:/home/hima/bachelors/rbkairos_ws/install/robotnik_controllers_msgs:/home/hima/bachelors/rbkairos_ws/install/robotnik_common:/home/hima/bachelors/rbkairos_ws/install/robotnik_battery_msgs:/home/hima/bachelors/rbkairos_ws/install/csm:/opt/ros/humble LD_LIBRARY_PATH=/home/hima/bachelors/rbkairos_ws/install/robotnik_common_msgs/lib:/home/hima/bachelors/rbkairos_ws/install/robotnik_supervisor_msgs/lib:/home/hima/bachelors/rbkairos_ws/install/robotnik_perception_msgs/lib:/home/hima/bachelors/rbkairos_ws/install/robotnik_navigation_msgs/lib:/home/hima/bachelors/rbkairos_ws/install/robotnik_io_msgs/lib:/home/hima/bachelors/rbkairos_ws/install/robotnik_controllers_msgs/lib:/home/hima/bachelors/rbkairos_ws/install/robotnik_battery_msgs/lib:/home/hima/bachelors/rbkairos_ws/install/csm/lib:/usr/lib/x86_64-linux-gnu/gazebo-11/plugins:/opt/ros/humble/opt/rviz_ogre_vendor/lib:/opt/ros/humble/lib/x86_64-linux-gnu:/opt/ros/humble/lib /usr/bin/cmake --install /home/hima/bachelors/rbkairos_ws/build/robotnik_controllers_msgs
