[0.016s] Invoking command in '/home/hima/bachelors/rbkairos_ws/build/robotnik_safety_msgs': CMAKE_PREFIX_PATH=${CMAKE_PREFIX_PATH}:/opt/ros/humble /usr/bin/cmake /home/hima/bachelors/rbkairos_ws/src/robotnik_interfaces/robotnik_safety_msgs -DCMAKE_INSTALL_PREFIX=/home/hima/bachelors/rbkairos_ws/install/robotnik_safety_msgs
[0.063s] -- The C compiler identification is GNU 11.4.0
[0.142s] -- The CXX compiler identification is GNU 11.4.0
[0.150s] -- Detecting C compiler ABI info
[0.224s] -- Detecting C compiler ABI info - done
[0.234s] -- Check for working C compiler: /usr/bin/cc - skipped
[0.234s] -- Detecting C compile features
[0.235s] -- Detecting C compile features - done
[0.239s] -- Detecting CXX compiler ABI info
[0.328s] -- Detecting CXX compiler ABI info - done
[0.340s] -- Check for working CXX compiler: /usr/bin/c++ - skipped
[0.340s] -- Detecting CXX compile features
[0.341s] -- Detecting CXX compile features - done
[0.344s] -- Found ament_cmake: 1.3.11 (/opt/ros/humble/share/ament_cmake/cmake)
[0.548s] -- Found Python3: /usr/bin/python3 (found version "3.10.12") found components: Interpreter 
[0.653s] -- Found builtin_interfaces: 1.2.1 (/opt/ros/humble/share/builtin_interfaces/cmake)
[0.701s] -- Found rosidl_generator_c: 3.1.6 (/opt/ros/humble/share/rosidl_generator_c/cmake)
[0.708s] -- Found rosidl_adapter: 3.1.6 (/opt/ros/humble/share/rosidl_adapter/cmake)
[0.720s] -- Found rosidl_generator_cpp: 3.1.6 (/opt/ros/humble/share/rosidl_generator_cpp/cmake)
[0.738s] -- Using all available rosidl_typesupport_c: rosidl_typesupport_fastrtps_c;rosidl_typesupport_introspection_c
[0.757s] -- Using all available rosidl_typesupport_cpp: rosidl_typesupport_fastrtps_cpp;rosidl_typesupport_introspection_cpp
[0.771s] -- Found rosidl_default_generators: 1.2.0 (/opt/ros/humble/share/rosidl_default_generators/cmake)
[0.781s] -- Found ament_lint_auto: 0.12.12 (/opt/ros/humble/share/ament_lint_auto/cmake)
[0.886s] -- Added test 'copyright' to check source files copyright and LICENSE
[0.887s] -- Added test 'lint_cmake' to check CMake code style
[0.888s] -- Added test 'xmllint' to check XML markup files
[0.890s] -- Configuring done
[0.893s] -- Generating done
[0.894s] -- Build files have been written to: /home/hima/bachelors/rbkairos_ws/build/robotnik_safety_msgs
[0.901s] Invoked command in '/home/hima/bachelors/rbkairos_ws/build/robotnik_safety_msgs' returned '0': CMAKE_PREFIX_PATH=${CMAKE_PREFIX_PATH}:/opt/ros/humble /usr/bin/cmake /home/hima/bachelors/rbkairos_ws/src/robotnik_interfaces/robotnik_safety_msgs -DCMAKE_INSTALL_PREFIX=/home/hima/bachelors/rbkairos_ws/install/robotnik_safety_msgs
[0.903s] Invoking command in '/home/hima/bachelors/rbkairos_ws/build/robotnik_safety_msgs': CMAKE_PREFIX_PATH=${CMAKE_PREFIX_PATH}:/opt/ros/humble /usr/bin/cmake --build /home/hima/bachelors/rbkairos_ws/build/robotnik_safety_msgs -- -j16 -l16
[0.948s] Invoked command in '/home/hima/bachelors/rbkairos_ws/build/robotnik_safety_msgs' returned '0': CMAKE_PREFIX_PATH=${CMAKE_PREFIX_PATH}:/opt/ros/humble /usr/bin/cmake --build /home/hima/bachelors/rbkairos_ws/build/robotnik_safety_msgs -- -j16 -l16
[0.961s] Invoking command in '/home/hima/bachelors/rbkairos_ws/build/robotnik_safety_msgs': CMAKE_PREFIX_PATH=${CMAKE_PREFIX_PATH}:/opt/ros/humble /usr/bin/cmake --install /home/hima/bachelors/rbkairos_ws/build/robotnik_safety_msgs
[0.970s] -- Install configuration: ""
[0.970s] -- Installing: /home/hima/bachelors/rbkairos_ws/install/robotnik_safety_msgs/share/ament_index/resource_index/package_run_dependencies/robotnik_safety_msgs
[0.970s] -- Installing: /home/hima/bachelors/rbkairos_ws/install/robotnik_safety_msgs/share/ament_index/resource_index/parent_prefix_path/robotnik_safety_msgs
[0.970s] -- Installing: /home/hima/bachelors/rbkairos_ws/install/robotnik_safety_msgs/share/robotnik_safety_msgs/environment/ament_prefix_path.sh
[0.970s] -- Installing: /home/hima/bachelors/rbkairos_ws/install/robotnik_safety_msgs/share/robotnik_safety_msgs/environment/ament_prefix_path.dsv
[0.970s] -- Installing: /home/hima/bachelors/rbkairos_ws/install/robotnik_safety_msgs/share/robotnik_safety_msgs/environment/path.sh
[0.970s] -- Installing: /home/hima/bachelors/rbkairos_ws/install/robotnik_safety_msgs/share/robotnik_safety_msgs/environment/path.dsv
[0.971s] -- Installing: /home/hima/bachelors/rbkairos_ws/install/robotnik_safety_msgs/share/robotnik_safety_msgs/local_setup.bash
[0.971s] -- Installing: /home/hima/bachelors/rbkairos_ws/install/robotnik_safety_msgs/share/robotnik_safety_msgs/local_setup.sh
[0.971s] -- Installing: /home/hima/bachelors/rbkairos_ws/install/robotnik_safety_msgs/share/robotnik_safety_msgs/local_setup.zsh
[0.971s] -- Installing: /home/hima/bachelors/rbkairos_ws/install/robotnik_safety_msgs/share/robotnik_safety_msgs/local_setup.dsv
[0.971s] -- Installing: /home/hima/bachelors/rbkairos_ws/install/robotnik_safety_msgs/share/robotnik_safety_msgs/package.dsv
[0.971s] -- Installing: /home/hima/bachelors/rbkairos_ws/install/robotnik_safety_msgs/share/ament_index/resource_index/packages/robotnik_safety_msgs
[0.971s] -- Installing: /home/hima/bachelors/rbkairos_ws/install/robotnik_safety_msgs/share/robotnik_safety_msgs/cmake/ament_cmake_export_dependencies-extras.cmake
[0.971s] -- Installing: /home/hima/bachelors/rbkairos_ws/install/robotnik_safety_msgs/share/robotnik_safety_msgs/cmake/robotnik_safety_msgsConfig.cmake
[0.971s] -- Installing: /home/hima/bachelors/rbkairos_ws/install/robotnik_safety_msgs/share/robotnik_safety_msgs/cmake/robotnik_safety_msgsConfig-version.cmake
[0.972s] -- Installing: /home/hima/bachelors/rbkairos_ws/install/robotnik_safety_msgs/share/robotnik_safety_msgs/package.xml
[0.974s] Invoked command in '/home/hima/bachelors/rbkairos_ws/build/robotnik_safety_msgs' returned '0': CMAKE_PREFIX_PATH=${CMAKE_PREFIX_PATH}:/opt/ros/humble /usr/bin/cmake --install /home/hima/bachelors/rbkairos_ws/build/robotnik_safety_msgs
