[0.033s] Invoking command in '/home/hima/bachelors/rbkairos_ws/build/ros2_laser_scan_merger': CMAKE_PREFIX_PATH=${CMAKE_PREFIX_PATH}:/opt/ros/humble /usr/bin/cmake --build /home/hima/bachelors/rbkairos_ws/build/ros2_laser_scan_merger -- -j16 -l16
[0.154s] [100%] Built target ros2_laser_scan_merger
[0.205s] Invoked command in '/home/hima/bachelors/rbkairos_ws/build/ros2_laser_scan_merger' returned '0': CMAKE_PREFIX_PATH=${CMAKE_PREFIX_PATH}:/opt/ros/humble /usr/bin/cmake --build /home/hima/bachelors/rbkairos_ws/build/ros2_laser_scan_merger -- -j16 -l16
[0.209s] Invoking command in '/home/hima/bachelors/rbkairos_ws/build/ros2_laser_scan_merger': CMAKE_PREFIX_PATH=${CMAKE_PREFIX_PATH}:/opt/ros/humble /usr/bin/cmake --install /home/hima/bachelors/rbkairos_ws/build/ros2_laser_scan_merger
[0.219s] -- Install configuration: ""
[0.219s] -- Up-to-date: /home/hima/bachelors/rbkairos_ws/install/ros2_laser_scan_merger/share/ros2_laser_scan_merger/launch
[0.219s] -- Up-to-date: /home/hima/bachelors/rbkairos_ws/install/ros2_laser_scan_merger/share/ros2_laser_scan_merger/launch/merge_2_scan.launch.py
[0.219s] -- Up-to-date: /home/hima/bachelors/rbkairos_ws/install/ros2_laser_scan_merger/share/ros2_laser_scan_merger/launch/visualize_merge_2_scan.launch.py
[0.219s] -- Up-to-date: /home/hima/bachelors/rbkairos_ws/install/ros2_laser_scan_merger/share/ros2_laser_scan_merger/config
[0.219s] -- Up-to-date: /home/hima/bachelors/rbkairos_ws/install/ros2_laser_scan_merger/share/ros2_laser_scan_merger/config/params.yaml
[0.219s] -- Up-to-date: /home/hima/bachelors/rbkairos_ws/install/ros2_laser_scan_merger/share/ros2_laser_scan_merger/rviz
[0.219s] -- Up-to-date: /home/hima/bachelors/rbkairos_ws/install/ros2_laser_scan_merger/share/ros2_laser_scan_merger/rviz/ros2_laser_scan_merge.rviz
[0.220s] -- Up-to-date: /home/hima/bachelors/rbkairos_ws/install/ros2_laser_scan_merger/lib/ros2_laser_scan_merger/ros2_laser_scan_merger
[0.220s] -- Up-to-date: /home/hima/bachelors/rbkairos_ws/install/ros2_laser_scan_merger/share/ament_index/resource_index/package_run_dependencies/ros2_laser_scan_merger
[0.221s] -- Up-to-date: /home/hima/bachelors/rbkairos_ws/install/ros2_laser_scan_merger/share/ament_index/resource_index/parent_prefix_path/ros2_laser_scan_merger
[0.221s] -- Up-to-date: /home/hima/bachelors/rbkairos_ws/install/ros2_laser_scan_merger/share/ros2_laser_scan_merger/environment/ament_prefix_path.sh
[0.222s] -- Up-to-date: /home/hima/bachelors/rbkairos_ws/install/ros2_laser_scan_merger/share/ros2_laser_scan_merger/environment/ament_prefix_path.dsv
[0.222s] -- Up-to-date: /home/hima/bachelors/rbkairos_ws/install/ros2_laser_scan_merger/share/ros2_laser_scan_merger/environment/path.sh
[0.222s] -- Up-to-date: /home/hima/bachelors/rbkairos_ws/install/ros2_laser_scan_merger/share/ros2_laser_scan_merger/environment/path.dsv
[0.222s] -- Up-to-date: /home/hima/bachelors/rbkairos_ws/install/ros2_laser_scan_merger/share/ros2_laser_scan_merger/local_setup.bash
[0.223s] -- Up-to-date: /home/hima/bachelors/rbkairos_ws/install/ros2_laser_scan_merger/share/ros2_laser_scan_merger/local_setup.sh
[0.224s] -- Up-to-date: /home/hima/bachelors/rbkairos_ws/install/ros2_laser_scan_merger/share/ros2_laser_scan_merger/local_setup.zsh
[0.224s] -- Up-to-date: /home/hima/bachelors/rbkairos_ws/install/ros2_laser_scan_merger/share/ros2_laser_scan_merger/local_setup.dsv
[0.225s] -- Installing: /home/hima/bachelors/rbkairos_ws/install/ros2_laser_scan_merger/share/ros2_laser_scan_merger/package.dsv
[0.225s] -- Up-to-date: /home/hima/bachelors/rbkairos_ws/install/ros2_laser_scan_merger/share/ament_index/resource_index/packages/ros2_laser_scan_merger
[0.226s] -- Up-to-date: /home/hima/bachelors/rbkairos_ws/install/ros2_laser_scan_merger/share/ros2_laser_scan_merger/cmake/ros2_laser_scan_mergerConfig.cmake
[0.226s] -- Up-to-date: /home/hima/bachelors/rbkairos_ws/install/ros2_laser_scan_merger/share/ros2_laser_scan_merger/cmake/ros2_laser_scan_mergerConfig-version.cmake
[0.226s] -- Up-to-date: /home/hima/bachelors/rbkairos_ws/install/ros2_laser_scan_merger/share/ros2_laser_scan_merger/package.xml
[0.278s] Invoked command in '/home/hima/bachelors/rbkairos_ws/build/ros2_laser_scan_merger' returned '0': CMAKE_PREFIX_PATH=${CMAKE_PREFIX_PATH}:/opt/ros/humble /usr/bin/cmake --install /home/hima/bachelors/rbkairos_ws/build/ros2_laser_scan_merger
