[0.019s] Invoking command in '/home/hima/bachelors/rbkairos_ws/build/robotnik_gazebo_ignition': AMENT_PREFIX_PATH=/home/hima/bachelors/rbkairos_ws/install/robotnik_description:/home/hima/bachelors/rbkairos_ws/install/robotnik_sensors:/home/hima/bachelors/rbkairos_ws/install/robotnik_common:${AMENT_PREFIX_PATH} CMAKE_PREFIX_PATH=/home/hima/bachelors/rbkairos_ws/install/robotnik_description:/home/hima/bachelors/rbkairos_ws/install/robotnik_sensors:/home/hima/bachelors/rbkairos_ws/install/robotnik_common:/opt/ros/humble PYTHONPATH=/home/hima/bachelors/rbkairos_ws/install/robotnik_common/local/lib/python3.10/dist-packages:${PYTHONPATH} /usr/bin/cmake --build /home/hima/bachelors/rbkairos_ws/build/robotnik_gazebo_ignition -- -j16 -l16
[0.073s] Invoked command in '/home/hima/bachelors/rbkairos_ws/build/robotnik_gazebo_ignition' returned '0': AMENT_PREFIX_PATH=/home/hima/bachelors/rbkairos_ws/install/robotnik_description:/home/hima/bachelors/rbkairos_ws/install/robotnik_sensors:/home/hima/bachelors/rbkairos_ws/install/robotnik_common:${AMENT_PREFIX_PATH} CMAKE_PREFIX_PATH=/home/hima/bachelors/rbkairos_ws/install/robotnik_description:/home/hima/bachelors/rbkairos_ws/install/robotnik_sensors:/home/hima/bachelors/rbkairos_ws/install/robotnik_common:/opt/ros/humble PYTHONPATH=/home/hima/bachelors/rbkairos_ws/install/robotnik_common/local/lib/python3.10/dist-packages:${PYTHONPATH} /usr/bin/cmake --build /home/hima/bachelors/rbkairos_ws/build/robotnik_gazebo_ignition -- -j16 -l16
[0.078s] Invoking command in '/home/hima/bachelors/rbkairos_ws/build/robotnik_gazebo_ignition': AMENT_PREFIX_PATH=/home/hima/bachelors/rbkairos_ws/install/robotnik_description:/home/hima/bachelors/rbkairos_ws/install/robotnik_sensors:/home/hima/bachelors/rbkairos_ws/install/robotnik_common:${AMENT_PREFIX_PATH} CMAKE_PREFIX_PATH=/home/hima/bachelors/rbkairos_ws/install/robotnik_description:/home/hima/bachelors/rbkairos_ws/install/robotnik_sensors:/home/hima/bachelors/rbkairos_ws/install/robotnik_common:/opt/ros/humble PYTHONPATH=/home/hima/bachelors/rbkairos_ws/install/robotnik_common/local/lib/python3.10/dist-packages:${PYTHONPATH} /usr/bin/cmake --install /home/hima/bachelors/rbkairos_ws/build/robotnik_gazebo_ignition
[0.089s] -- Install configuration: ""
[0.089s] -- Up-to-date: /home/hima/bachelors/rbkairos_ws/install/robotnik_gazebo_ignition/share/robotnik_gazebo_ignition//launch
[0.090s] -- Up-to-date: /home/hima/bachelors/rbkairos_ws/install/robotnik_gazebo_ignition/share/robotnik_gazebo_ignition//launch/spawn_robot.launch.py
[0.091s] -- Up-to-date: /home/hima/bachelors/rbkairos_ws/install/robotnik_gazebo_ignition/share/robotnik_gazebo_ignition//launch/spawn_world.launch.py
[0.091s] -- Up-to-date: /home/hima/bachelors/rbkairos_ws/install/robotnik_gazebo_ignition/share/robotnik_gazebo_ignition//config
[0.092s] -- Up-to-date: /home/hima/bachelors/rbkairos_ws/install/robotnik_gazebo_ignition/share/robotnik_gazebo_ignition//config/rbrobout
[0.092s] -- Up-to-date: /home/hima/bachelors/rbkairos_ws/install/robotnik_gazebo_ignition/share/robotnik_gazebo_ignition//config/rbrobout/rbrobout_controller_params.yaml
[0.092s] -- Up-to-date: /home/hima/bachelors/rbkairos_ws/install/robotnik_gazebo_ignition/share/robotnik_gazebo_ignition//config/rbrobout/bridge.yaml
[0.093s] -- Up-to-date: /home/hima/bachelors/rbkairos_ws/install/robotnik_gazebo_ignition/share/robotnik_gazebo_ignition//config/rbrobout/rviz_config.rviz
[0.093s] -- Up-to-date: /home/hima/bachelors/rbkairos_ws/install/robotnik_gazebo_ignition/share/robotnik_gazebo_ignition//config/rbtheron
[0.093s] -- Up-to-date: /home/hima/bachelors/rbkairos_ws/install/robotnik_gazebo_ignition/share/robotnik_gazebo_ignition//config/rbtheron/rbtheron_controller_params.yaml
[0.094s] -- Up-to-date: /home/hima/bachelors/rbkairos_ws/install/robotnik_gazebo_ignition/share/robotnik_gazebo_ignition//config/rbtheron/bridge.yaml
[0.094s] -- Up-to-date: /home/hima/bachelors/rbkairos_ws/install/robotnik_gazebo_ignition/share/robotnik_gazebo_ignition//config/rbtheron/rviz_config.rviz
[0.094s] -- Up-to-date: /home/hima/bachelors/rbkairos_ws/install/robotnik_gazebo_ignition/share/robotnik_gazebo_ignition//config/rbkairos
[0.095s] -- Up-to-date: /home/hima/bachelors/rbkairos_ws/install/robotnik_gazebo_ignition/share/robotnik_gazebo_ignition//config/rbkairos/bridge.yaml
[0.095s] -- Up-to-date: /home/hima/bachelors/rbkairos_ws/install/robotnik_gazebo_ignition/share/robotnik_gazebo_ignition//config/rbkairos/rbkairos_controller_params.yaml
[0.095s] -- Up-to-date: /home/hima/bachelors/rbkairos_ws/install/robotnik_gazebo_ignition/share/robotnik_gazebo_ignition//config/rbkairos/rviz_config.rviz
[0.095s] -- Up-to-date: /home/hima/bachelors/rbkairos_ws/install/robotnik_gazebo_ignition/share/robotnik_gazebo_ignition//config/rbvogui
[0.096s] -- Up-to-date: /home/hima/bachelors/rbkairos_ws/install/robotnik_gazebo_ignition/share/robotnik_gazebo_ignition//config/rbvogui/rbvogui_controller_params.yaml
[0.096s] -- Up-to-date: /home/hima/bachelors/rbkairos_ws/install/robotnik_gazebo_ignition/share/robotnik_gazebo_ignition//config/rbvogui/bridge.yaml
[0.096s] -- Up-to-date: /home/hima/bachelors/rbkairos_ws/install/robotnik_gazebo_ignition/share/robotnik_gazebo_ignition//config/rbvogui/rviz_config.rviz
[0.096s] -- Up-to-date: /home/hima/bachelors/rbkairos_ws/install/robotnik_gazebo_ignition/share/robotnik_gazebo_ignition//config/rbsummit
[0.097s] -- Up-to-date: /home/hima/bachelors/rbkairos_ws/install/robotnik_gazebo_ignition/share/robotnik_gazebo_ignition//config/rbsummit/rbsummit_controller_params.yaml
[0.098s] -- Up-to-date: /home/hima/bachelors/rbkairos_ws/install/robotnik_gazebo_ignition/share/robotnik_gazebo_ignition//config/rbsummit/bridge.yaml
[0.098s] -- Up-to-date: /home/hima/bachelors/rbkairos_ws/install/robotnik_gazebo_ignition/share/robotnik_gazebo_ignition//config/rbsummit/rviz_config.rviz
[0.098s] -- Up-to-date: /home/hima/bachelors/rbkairos_ws/install/robotnik_gazebo_ignition/share/robotnik_gazebo_ignition//worlds
[0.098s] -- Up-to-date: /home/hima/bachelors/rbkairos_ws/install/robotnik_gazebo_ignition/share/robotnik_gazebo_ignition//worlds/demo1.sdf.world
[0.098s] -- Up-to-date: /home/hima/bachelors/rbkairos_ws/install/robotnik_gazebo_ignition/share/robotnik_gazebo_ignition//worlds/factory.sdf.world
[0.099s] -- Up-to-date: /home/hima/bachelors/rbkairos_ws/install/robotnik_gazebo_ignition/share/robotnik_gazebo_ignition//worlds/demo.sdf.world
[0.099s] -- Up-to-date: /home/hima/bachelors/rbkairos_ws/install/robotnik_gazebo_ignition/share/robotnik_gazebo_ignition//worlds/factory (copy).sdf
[0.099s] -- Up-to-date: /home/hima/bachelors/rbkairos_ws/install/robotnik_gazebo_ignition/share/robotnik_gazebo_ignition//worlds/factory1.sdf
[0.099s] -- Up-to-date: /home/hima/bachelors/rbkairos_ws/install/robotnik_gazebo_ignition/share/robotnik_gazebo_ignition//worlds/factory.sdf
[0.099s] -- Up-to-date: /home/hima/bachelors/rbkairos_ws/install/robotnik_gazebo_ignition/share/ament_index/resource_index/package_run_dependencies/robotnik_gazebo_ignition
[0.099s] -- Up-to-date: /home/hima/bachelors/rbkairos_ws/install/robotnik_gazebo_ignition/share/ament_index/resource_index/parent_prefix_path/robotnik_gazebo_ignition
[0.099s] -- Up-to-date: /home/hima/bachelors/rbkairos_ws/install/robotnik_gazebo_ignition/share/robotnik_gazebo_ignition/environment/ament_prefix_path.sh
[0.099s] -- Up-to-date: /home/hima/bachelors/rbkairos_ws/install/robotnik_gazebo_ignition/share/robotnik_gazebo_ignition/environment/ament_prefix_path.dsv
[0.099s] -- Up-to-date: /home/hima/bachelors/rbkairos_ws/install/robotnik_gazebo_ignition/share/robotnik_gazebo_ignition/environment/path.sh
[0.099s] -- Up-to-date: /home/hima/bachelors/rbkairos_ws/install/robotnik_gazebo_ignition/share/robotnik_gazebo_ignition/environment/path.dsv
[0.099s] -- Up-to-date: /home/hima/bachelors/rbkairos_ws/install/robotnik_gazebo_ignition/share/robotnik_gazebo_ignition/local_setup.bash
[0.099s] -- Up-to-date: /home/hima/bachelors/rbkairos_ws/install/robotnik_gazebo_ignition/share/robotnik_gazebo_ignition/local_setup.sh
[0.099s] -- Up-to-date: /home/hima/bachelors/rbkairos_ws/install/robotnik_gazebo_ignition/share/robotnik_gazebo_ignition/local_setup.zsh
[0.100s] -- Up-to-date: /home/hima/bachelors/rbkairos_ws/install/robotnik_gazebo_ignition/share/robotnik_gazebo_ignition/local_setup.dsv
[0.100s] -- Installing: /home/hima/bachelors/rbkairos_ws/install/robotnik_gazebo_ignition/share/robotnik_gazebo_ignition/package.dsv
[0.100s] -- Up-to-date: /home/hima/bachelors/rbkairos_ws/install/robotnik_gazebo_ignition/share/ament_index/resource_index/packages/robotnik_gazebo_ignition
[0.100s] -- Up-to-date: /home/hima/bachelors/rbkairos_ws/install/robotnik_gazebo_ignition/share/robotnik_gazebo_ignition/cmake/robotnik_gazebo_ignitionConfig.cmake
[0.100s] -- Up-to-date: /home/hima/bachelors/rbkairos_ws/install/robotnik_gazebo_ignition/share/robotnik_gazebo_ignition/cmake/robotnik_gazebo_ignitionConfig-version.cmake
[0.100s] -- Up-to-date: /home/hima/bachelors/rbkairos_ws/install/robotnik_gazebo_ignition/share/robotnik_gazebo_ignition/package.xml
[0.105s] Invoked command in '/home/hima/bachelors/rbkairos_ws/build/robotnik_gazebo_ignition' returned '0': AMENT_PREFIX_PATH=/home/hima/bachelors/rbkairos_ws/install/robotnik_description:/home/hima/bachelors/rbkairos_ws/install/robotnik_sensors:/home/hima/bachelors/rbkairos_ws/install/robotnik_common:${AMENT_PREFIX_PATH} CMAKE_PREFIX_PATH=/home/hima/bachelors/rbkairos_ws/install/robotnik_description:/home/hima/bachelors/rbkairos_ws/install/robotnik_sensors:/home/hima/bachelors/rbkairos_ws/install/robotnik_common:/opt/ros/humble PYTHONPATH=/home/hima/bachelors/rbkairos_ws/install/robotnik_common/local/lib/python3.10/dist-packages:${PYTHONPATH} /usr/bin/cmake --install /home/hima/bachelors/rbkairos_ws/build/robotnik_gazebo_ignition
