[0.022s] Invoking command in '/home/hima/bachelors/rbkairos_ws/build/robotnik_supervisor_msgs': CMAKE_PREFIX_PATH=/home/hima/bachelors/rbkairos_ws/install/robotnik_common_msgs:/home/hima/bachelors/rbkairos_ws/install/ros2_laser_scan_merger:/home/hima/bachelors/rbkairos_ws/install/ros2_laser_scan_matcher:/home/hima/bachelors/rbkairos_ws/install/robotnik_supervisor_msgs:/home/hima/bachelors/rbkairos_ws/install/robotnik_gazebo_ignition:/home/hima/bachelors/rbkairos_ws/install/robotnik_gazebo_classic:/home/hima/bachelors/rbkairos_ws/install/mapping:/home/hima/bachelors/rbkairos_ws/install/robotnik_description:/home/hima/bachelors/rbkairos_ws/install/robotnik_sensors:/home/hima/bachelors/rbkairos_ws/install/robotnik_interfaces:/home/hima/bachelors/rbkairos_ws/install/robotnik_safety_msgs:/home/hima/bachelors/rbkairos_ws/install/robotnik_perception_msgs:/home/hima/bachelors/rbkairos_ws/install/robotnik_navigation_msgs:/home/hima/bachelors/rbkairos_ws/install/robotnik_io_msgs:/home/hima/bachelors/rbkairos_ws/install/robotnik_controllers_msgs:/home/hima/bachelors/rbkairos_ws/install/robotnik_common:/home/hima/bachelors/rbkairos_ws/install/robotnik_battery_msgs:/home/hima/bachelors/rbkairos_ws/install/csm:/opt/ros/humble LD_LIBRARY_PATH=/home/hima/bachelors/rbkairos_ws/install/robotnik_common_msgs/lib:/home/hima/bachelors/rbkairos_ws/install/robotnik_supervisor_msgs/lib:/home/hima/bachelors/rbkairos_ws/install/robotnik_perception_msgs/lib:/home/hima/bachelors/rbkairos_ws/install/robotnik_navigation_msgs/lib:/home/hima/bachelors/rbkairos_ws/install/robotnik_io_msgs/lib:/home/hima/bachelors/rbkairos_ws/install/robotnik_controllers_msgs/lib:/home/hima/bachelors/rbkairos_ws/install/robotnik_battery_msgs/lib:/home/hima/bachelors/rbkairos_ws/install/csm/lib:/usr/lib/x86_64-linux-gnu/gazebo-11/plugins:/opt/ros/humble/opt/rviz_ogre_vendor/lib:/opt/ros/humble/lib/x86_64-linux-gnu:/opt/ros/humble/lib /usr/bin/cmake /home/hima/bachelors/rbkairos_ws/src/robotnik_interfaces/robotnik_supervisor_msgs -DCMAKE_INSTALL_PREFIX=/home/hima/bachelors/rbkairos_ws/install/robotnik_supervisor_msgs
[0.098s] -- The C compiler identification is GNU 11.4.0
[0.191s] -- The CXX compiler identification is GNU 11.4.0
[0.207s] -- Detecting C compiler ABI info
[0.290s] -- Detecting C compiler ABI info - done
[0.301s] -- Check for working C compiler: /usr/bin/cc - skipped
[0.302s] -- Detecting C compile features
[0.302s] -- Detecting C compile features - done
[0.305s] -- Detecting CXX compiler ABI info
[0.387s] -- Detecting CXX compiler ABI info - done
[0.401s] -- Check for working CXX compiler: /usr/bin/c++ - skipped
[0.401s] -- Detecting CXX compile features
[0.402s] -- Detecting CXX compile features - done
[0.407s] -- Found ament_cmake: 1.3.11 (/opt/ros/humble/share/ament_cmake/cmake)
[0.602s] -- Found Python3: /usr/bin/python3 (found version "3.10.12") found components: Interpreter 
[0.752s] -- Found builtin_interfaces: 1.2.1 (/opt/ros/humble/share/builtin_interfaces/cmake)
[0.789s] -- Found rosidl_generator_c: 3.1.6 (/opt/ros/humble/share/rosidl_generator_c/cmake)
[0.794s] -- Found rosidl_adapter: 3.1.6 (/opt/ros/humble/share/rosidl_adapter/cmake)
[0.803s] -- Found rosidl_generator_cpp: 3.1.6 (/opt/ros/humble/share/rosidl_generator_cpp/cmake)
[0.815s] -- Using all available rosidl_typesupport_c: rosidl_typesupport_fastrtps_c;rosidl_typesupport_introspection_c
[0.831s] -- Using all available rosidl_typesupport_cpp: rosidl_typesupport_fastrtps_cpp;rosidl_typesupport_introspection_cpp
[0.846s] -- Found rosidl_default_generators: 1.2.0 (/opt/ros/humble/share/rosidl_default_generators/cmake)
[0.854s] -- Found robotnik_common_msgs: 1.0.0 (/home/hima/bachelors/rbkairos_ws/install/robotnik_common_msgs/share/robotnik_common_msgs/cmake)
[1.292s] -- Found ament_cmake_cppcheck: 0.12.12 (/opt/ros/humble/share/ament_cmake_cppcheck/cmake)
[1.295s] -- Found ament_cmake_cpplint: 0.12.12 (/opt/ros/humble/share/ament_cmake_cpplint/cmake)
[1.297s] -- Found ament_cmake_uncrustify: 0.12.12 (/opt/ros/humble/share/ament_cmake_uncrustify/cmake)
[1.300s] -- Found ament_cmake_ros: 0.10.0 (/opt/ros/humble/share/ament_cmake_ros/cmake)
[1.651s] -- Using all available rosidl_typesupport_c: rosidl_typesupport_fastrtps_c;rosidl_typesupport_introspection_c
[1.803s] -- Using all available rosidl_typesupport_cpp: rosidl_typesupport_fastrtps_cpp;rosidl_typesupport_introspection_cpp
[1.828s] -- Found PythonInterp: /usr/bin/python3 (found suitable version "3.10.12", minimum required is "3.6") 
[1.832s] -- Found python_cmake_module: 0.10.0 (/opt/ros/humble/share/python_cmake_module/cmake)
[1.863s] -- Found PythonLibs: /usr/lib/x86_64-linux-gnu/libpython3.10.so (found suitable version "3.10.12", minimum required is "3.5") 
[1.864s] -- Using PYTHON_EXECUTABLE: /usr/bin/python3
[1.864s] -- Using PYTHON_INCLUDE_DIRS: /usr/include/python3.10
[1.864s] -- Using PYTHON_LIBRARIES: /usr/lib/x86_64-linux-gnu/libpython3.10.so
[1.895s] -- Found PythonExtra: .so  
[1.944s] -- Found ament_cmake_flake8: 0.12.12 (/opt/ros/humble/share/ament_cmake_flake8/cmake)
[1.947s] -- Found ament_cmake_pep257: 0.12.12 (/opt/ros/humble/share/ament_cmake_pep257/cmake)
[1.950s] -- Found ament_lint_auto: 0.12.12 (/opt/ros/humble/share/ament_lint_auto/cmake)
[1.963s] -- Added test 'copyright' to check source files copyright and LICENSE
[1.964s] -- Added test 'lint_cmake' to check CMake code style
[1.964s] -- Added test 'xmllint' to check XML markup files
[1.966s] -- Configuring done
[2.008s] -- Generating done
[2.019s] -- Build files have been written to: /home/hima/bachelors/rbkairos_ws/build/robotnik_supervisor_msgs
[2.028s] Invoked command in '/home/hima/bachelors/rbkairos_ws/build/robotnik_supervisor_msgs' returned '0': CMAKE_PREFIX_PATH=/home/hima/bachelors/rbkairos_ws/install/robotnik_common_msgs:/home/hima/bachelors/rbkairos_ws/install/ros2_laser_scan_merger:/home/hima/bachelors/rbkairos_ws/install/ros2_laser_scan_matcher:/home/hima/bachelors/rbkairos_ws/install/robotnik_supervisor_msgs:/home/hima/bachelors/rbkairos_ws/install/robotnik_gazebo_ignition:/home/hima/bachelors/rbkairos_ws/install/robotnik_gazebo_classic:/home/hima/bachelors/rbkairos_ws/install/mapping:/home/hima/bachelors/rbkairos_ws/install/robotnik_description:/home/hima/bachelors/rbkairos_ws/install/robotnik_sensors:/home/hima/bachelors/rbkairos_ws/install/robotnik_interfaces:/home/hima/bachelors/rbkairos_ws/install/robotnik_safety_msgs:/home/hima/bachelors/rbkairos_ws/install/robotnik_perception_msgs:/home/hima/bachelors/rbkairos_ws/install/robotnik_navigation_msgs:/home/hima/bachelors/rbkairos_ws/install/robotnik_io_msgs:/home/hima/bachelors/rbkairos_ws/install/robotnik_controllers_msgs:/home/hima/bachelors/rbkairos_ws/install/robotnik_common:/home/hima/bachelors/rbkairos_ws/install/robotnik_battery_msgs:/home/hima/bachelors/rbkairos_ws/install/csm:/opt/ros/humble LD_LIBRARY_PATH=/home/hima/bachelors/rbkairos_ws/install/robotnik_common_msgs/lib:/home/hima/bachelors/rbkairos_ws/install/robotnik_supervisor_msgs/lib:/home/hima/bachelors/rbkairos_ws/install/robotnik_perception_msgs/lib:/home/hima/bachelors/rbkairos_ws/install/robotnik_navigation_msgs/lib:/home/hima/bachelors/rbkairos_ws/install/robotnik_io_msgs/lib:/home/hima/bachelors/rbkairos_ws/install/robotnik_controllers_msgs/lib:/home/hima/bachelors/rbkairos_ws/install/robotnik_battery_msgs/lib:/home/hima/bachelors/rbkairos_ws/install/csm/lib:/usr/lib/x86_64-linux-gnu/gazebo-11/plugins:/opt/ros/humble/opt/rviz_ogre_vendor/lib:/opt/ros/humble/lib/x86_64-linux-gnu:/opt/ros/humble/lib /usr/bin/cmake /home/hima/bachelors/rbkairos_ws/src/robotnik_interfaces/robotnik_supervisor_msgs -DCMAKE_INSTALL_PREFIX=/home/hima/bachelors/rbkairos_ws/install/robotnik_supervisor_msgs
[2.030s] Invoking command in '/home/hima/bachelors/rbkairos_ws/build/robotnik_supervisor_msgs': CMAKE_PREFIX_PATH=/home/hima/bachelors/rbkairos_ws/install/robotnik_common_msgs:/home/hima/bachelors/rbkairos_ws/install/ros2_laser_scan_merger:/home/hima/bachelors/rbkairos_ws/install/ros2_laser_scan_matcher:/home/hima/bachelors/rbkairos_ws/install/robotnik_supervisor_msgs:/home/hima/bachelors/rbkairos_ws/install/robotnik_gazebo_ignition:/home/hima/bachelors/rbkairos_ws/install/robotnik_gazebo_classic:/home/hima/bachelors/rbkairos_ws/install/mapping:/home/hima/bachelors/rbkairos_ws/install/robotnik_description:/home/hima/bachelors/rbkairos_ws/install/robotnik_sensors:/home/hima/bachelors/rbkairos_ws/install/robotnik_interfaces:/home/hima/bachelors/rbkairos_ws/install/robotnik_safety_msgs:/home/hima/bachelors/rbkairos_ws/install/robotnik_perception_msgs:/home/hima/bachelors/rbkairos_ws/install/robotnik_navigation_msgs:/home/hima/bachelors/rbkairos_ws/install/robotnik_io_msgs:/home/hima/bachelors/rbkairos_ws/install/robotnik_controllers_msgs:/home/hima/bachelors/rbkairos_ws/install/robotnik_common:/home/hima/bachelors/rbkairos_ws/install/robotnik_battery_msgs:/home/hima/bachelors/rbkairos_ws/install/csm:/opt/ros/humble LD_LIBRARY_PATH=/home/hima/bachelors/rbkairos_ws/install/robotnik_common_msgs/lib:/home/hima/bachelors/rbkairos_ws/install/robotnik_supervisor_msgs/lib:/home/hima/bachelors/rbkairos_ws/install/robotnik_perception_msgs/lib:/home/hima/bachelors/rbkairos_ws/install/robotnik_navigation_msgs/lib:/home/hima/bachelors/rbkairos_ws/install/robotnik_io_msgs/lib:/home/hima/bachelors/rbkairos_ws/install/robotnik_controllers_msgs/lib:/home/hima/bachelors/rbkairos_ws/install/robotnik_battery_msgs/lib:/home/hima/bachelors/rbkairos_ws/install/csm/lib:/usr/lib/x86_64-linux-gnu/gazebo-11/plugins:/opt/ros/humble/opt/rviz_ogre_vendor/lib:/opt/ros/humble/lib/x86_64-linux-gnu:/opt/ros/humble/lib /usr/bin/cmake --build /home/hima/bachelors/rbkairos_ws/build/robotnik_supervisor_msgs -- -j16 -l16
[2.077s] [  1%] [34m[1mGenerating C code for ROS interfaces[0m
[2.099s] [  1%] [34m[1mGenerating C++ code for ROS interfaces[0m
[2.108s] [  1%] Built target ament_cmake_python_copy_robotnik_supervisor_msgs
[2.411s] running egg_info
[2.412s] creating robotnik_supervisor_msgs.egg-info
[2.412s] writing robotnik_supervisor_msgs.egg-info/PKG-INFO
[2.413s] writing dependency_links to robotnik_supervisor_msgs.egg-info/dependency_links.txt
[2.413s] writing top-level names to robotnik_supervisor_msgs.egg-info/top_level.txt
[2.413s] writing manifest file 'robotnik_supervisor_msgs.egg-info/SOURCES.txt'
[2.416s] reading manifest file 'robotnik_supervisor_msgs.egg-info/SOURCES.txt'
[2.416s] writing manifest file 'robotnik_supervisor_msgs.egg-info/SOURCES.txt'
[2.447s] [  1%] Built target ament_cmake_python_build_robotnik_supervisor_msgs_egg
[3.481s] [  1%] Built target robotnik_supervisor_msgs__cpp
[3.501s] [  2%] [34m[1mGenerating C++ type support dispatch for ROS interfaces[0m
[3.511s] [  3%] [34m[1mGenerating C++ type support for eProsima Fast-RTPS[0m
[3.514s] [  4%] [34m[1mGenerating C++ introspection for ROS interfaces[0m
[3.560s] [  5%] [32mBuilding C object CMakeFiles/robotnik_supervisor_msgs__rosidl_generator_c.dir/rosidl_generator_c/robotnik_supervisor_msgs/srv/detail/down_stack__functions.c.o[0m
[3.560s] [  6%] [32mBuilding C object CMakeFiles/robotnik_supervisor_msgs__rosidl_generator_c.dir/rosidl_generator_c/robotnik_supervisor_msgs/srv/detail/get_module_list__functions.c.o[0m
[3.564s] [  7%] [32mBuilding C object CMakeFiles/robotnik_supervisor_msgs__rosidl_generator_c.dir/rosidl_generator_c/robotnik_supervisor_msgs/srv/detail/get_stack_list__functions.c.o[0m
[3.565s] [  8%] [32mBuilding C object CMakeFiles/robotnik_supervisor_msgs__rosidl_generator_c.dir/rosidl_generator_c/robotnik_supervisor_msgs/srv/detail/get_stack_logs__functions.c.o[0m
[3.571s] [  9%] [32mBuilding C object CMakeFiles/robotnik_supervisor_msgs__rosidl_generator_c.dir/rosidl_generator_c/robotnik_supervisor_msgs/srv/detail/get_stack_status__functions.c.o[0m
[3.587s] [ 10%] [32mBuilding C object CMakeFiles/robotnik_supervisor_msgs__rosidl_generator_c.dir/rosidl_generator_c/robotnik_supervisor_msgs/srv/detail/restart_stack__functions.c.o[0m
[3.590s] [ 11%] [32mBuilding C object CMakeFiles/robotnik_supervisor_msgs__rosidl_generator_c.dir/rosidl_generator_c/robotnik_supervisor_msgs/srv/detail/start_stack__functions.c.o[0m
[3.593s] [ 12%] [32mBuilding C object CMakeFiles/robotnik_supervisor_msgs__rosidl_generator_c.dir/rosidl_generator_c/robotnik_supervisor_msgs/srv/detail/start_module__functions.c.o[0m
[3.607s] [ 13%] [32mBuilding C object CMakeFiles/robotnik_supervisor_msgs__rosidl_generator_c.dir/rosidl_generator_c/robotnik_supervisor_msgs/srv/detail/stop_module__functions.c.o[0m
[3.614s] [ 14%] [32mBuilding C object CMakeFiles/robotnik_supervisor_msgs__rosidl_generator_c.dir/rosidl_generator_c/robotnik_supervisor_msgs/srv/detail/stop_stack__functions.c.o[0m
[3.956s] [ 15%] [32m[1mLinking C shared library librobotnik_supervisor_msgs__rosidl_generator_c.so[0m
[4.068s] [ 15%] Built target robotnik_supervisor_msgs__rosidl_generator_c
[4.120s] [ 16%] [34m[1mGenerating C introspection for ROS interfaces[0m
[4.121s] [ 17%] [34m[1mGenerating C type support dispatch for ROS interfaces[0m
[4.121s] [ 18%] [34m[1mGenerating C type support for eProsima Fast-RTPS[0m
[5.941s] [ 19%] [32mBuilding CXX object CMakeFiles/robotnik_supervisor_msgs__rosidl_typesupport_cpp.dir/rosidl_typesupport_cpp/robotnik_supervisor_msgs/srv/down_stack__type_support.cpp.o[0m
[5.942s] [ 20%] [32mBuilding CXX object CMakeFiles/robotnik_supervisor_msgs__rosidl_typesupport_cpp.dir/rosidl_typesupport_cpp/robotnik_supervisor_msgs/srv/get_stack_list__type_support.cpp.o[0m
[5.942s] [ 21%] [32mBuilding CXX object CMakeFiles/robotnik_supervisor_msgs__rosidl_typesupport_cpp.dir/rosidl_typesupport_cpp/robotnik_supervisor_msgs/srv/get_stack_status__type_support.cpp.o[0m
[5.963s] [ 22%] [32mBuilding CXX object CMakeFiles/robotnik_supervisor_msgs__rosidl_typesupport_cpp.dir/rosidl_typesupport_cpp/robotnik_supervisor_msgs/srv/get_stack_logs__type_support.cpp.o[0m
[5.963s] [ 23%] [32mBuilding CXX object CMakeFiles/robotnik_supervisor_msgs__rosidl_typesupport_cpp.dir/rosidl_typesupport_cpp/robotnik_supervisor_msgs/srv/get_module_list__type_support.cpp.o[0m
[5.966s] [ 24%] [32mBuilding CXX object CMakeFiles/robotnik_supervisor_msgs__rosidl_typesupport_cpp.dir/rosidl_typesupport_cpp/robotnik_supervisor_msgs/srv/start_module__type_support.cpp.o[0m
[5.975s] [ 25%] [32mBuilding CXX object CMakeFiles/robotnik_supervisor_msgs__rosidl_typesupport_cpp.dir/rosidl_typesupport_cpp/robotnik_supervisor_msgs/srv/restart_stack__type_support.cpp.o[0m
[5.986s] [ 26%] [32mBuilding CXX object CMakeFiles/robotnik_supervisor_msgs__rosidl_typesupport_cpp.dir/rosidl_typesupport_cpp/robotnik_supervisor_msgs/srv/start_stack__type_support.cpp.o[0m
[5.993s] [ 27%] [32mBuilding CXX object CMakeFiles/robotnik_supervisor_msgs__rosidl_typesupport_cpp.dir/rosidl_typesupport_cpp/robotnik_supervisor_msgs/srv/stop_module__type_support.cpp.o[0m
[6.044s] [ 28%] [32mBuilding CXX object CMakeFiles/robotnik_supervisor_msgs__rosidl_typesupport_cpp.dir/rosidl_typesupport_cpp/robotnik_supervisor_msgs/srv/stop_stack__type_support.cpp.o[0m
[6.408s] [ 29%] [32mBuilding CXX object CMakeFiles/robotnik_supervisor_msgs__rosidl_typesupport_c.dir/rosidl_typesupport_c/robotnik_supervisor_msgs/srv/down_stack__type_support.cpp.o[0m
[6.468s] [ 30%] [32mBuilding CXX object CMakeFiles/robotnik_supervisor_msgs__rosidl_typesupport_c.dir/rosidl_typesupport_c/robotnik_supervisor_msgs/srv/get_module_list__type_support.cpp.o[0m
[6.586s] [ 31%] [32mBuilding CXX object CMakeFiles/robotnik_supervisor_msgs__rosidl_typesupport_fastrtps_cpp.dir/rosidl_typesupport_fastrtps_cpp/robotnik_supervisor_msgs/srv/detail/dds_fastrtps/down_stack__type_support.cpp.o[0m
[6.619s] [ 32%] [32mBuilding CXX object CMakeFiles/robotnik_supervisor_msgs__rosidl_typesupport_c.dir/rosidl_typesupport_c/robotnik_supervisor_msgs/srv/get_stack_logs__type_support.cpp.o[0m
[6.624s] [ 33%] [32mBuilding CXX object CMakeFiles/robotnik_supervisor_msgs__rosidl_typesupport_c.dir/rosidl_typesupport_c/robotnik_supervisor_msgs/srv/get_stack_list__type_support.cpp.o[0m
[6.705s] [ 34%] [32mBuilding CXX object CMakeFiles/robotnik_supervisor_msgs__rosidl_typesupport_c.dir/rosidl_typesupport_c/robotnik_supervisor_msgs/srv/get_stack_status__type_support.cpp.o[0m
[6.715s] [ 35%] [32mBuilding CXX object CMakeFiles/robotnik_supervisor_msgs__rosidl_typesupport_fastrtps_cpp.dir/rosidl_typesupport_fastrtps_cpp/robotnik_supervisor_msgs/srv/detail/dds_fastrtps/get_module_list__type_support.cpp.o[0m
[6.785s] [ 36%] [32mBuilding CXX object CMakeFiles/robotnik_supervisor_msgs__rosidl_typesupport_c.dir/rosidl_typesupport_c/robotnik_supervisor_msgs/srv/restart_stack__type_support.cpp.o[0m
[6.806s] [ 37%] [32mBuilding CXX object CMakeFiles/robotnik_supervisor_msgs__rosidl_typesupport_c.dir/rosidl_typesupport_c/robotnik_supervisor_msgs/srv/start_module__type_support.cpp.o[0m
[6.830s] [ 38%] [32mBuilding CXX object CMakeFiles/robotnik_supervisor_msgs__rosidl_typesupport_c.dir/rosidl_typesupport_c/robotnik_supervisor_msgs/srv/start_stack__type_support.cpp.o[0m
[6.837s] [ 38%] [32mBuilding CXX object CMakeFiles/robotnik_supervisor_msgs__rosidl_typesupport_fastrtps_cpp.dir/rosidl_typesupport_fastrtps_cpp/robotnik_supervisor_msgs/srv/detail/dds_fastrtps/get_stack_list__type_support.cpp.o[0m
[6.878s] [ 39%] [32mBuilding CXX object CMakeFiles/robotnik_supervisor_msgs__rosidl_typesupport_fastrtps_cpp.dir/rosidl_typesupport_fastrtps_cpp/robotnik_supervisor_msgs/srv/detail/dds_fastrtps/get_stack_logs__type_support.cpp.o[0m
[6.930s] [ 40%] [32mBuilding CXX object CMakeFiles/robotnik_supervisor_msgs__rosidl_typesupport_fastrtps_cpp.dir/rosidl_typesupport_fastrtps_cpp/robotnik_supervisor_msgs/srv/detail/dds_fastrtps/get_stack_status__type_support.cpp.o[0m
[6.949s] [ 40%] [32mBuilding CXX object CMakeFiles/robotnik_supervisor_msgs__rosidl_typesupport_c.dir/rosidl_typesupport_c/robotnik_supervisor_msgs/srv/stop_module__type_support.cpp.o[0m
[6.957s] [ 41%] [32mBuilding CXX object CMakeFiles/robotnik_supervisor_msgs__rosidl_typesupport_fastrtps_cpp.dir/rosidl_typesupport_fastrtps_cpp/robotnik_supervisor_msgs/srv/detail/dds_fastrtps/restart_stack__type_support.cpp.o[0m
[7.066s] [ 42%] [32mBuilding CXX object CMakeFiles/robotnik_supervisor_msgs__rosidl_typesupport_c.dir/rosidl_typesupport_c/robotnik_supervisor_msgs/srv/stop_stack__type_support.cpp.o[0m
[7.376s] [ 43%] [32m[1mLinking CXX shared library librobotnik_supervisor_msgs__rosidl_typesupport_c.so[0m
[7.638s] [ 44%] [32mBuilding CXX object CMakeFiles/robotnik_supervisor_msgs__rosidl_typesupport_fastrtps_cpp.dir/rosidl_typesupport_fastrtps_cpp/robotnik_supervisor_msgs/srv/detail/dds_fastrtps/start_module__type_support.cpp.o[0m
[7.716s] [ 45%] [32mBuilding CXX object CMakeFiles/robotnik_supervisor_msgs__rosidl_typesupport_fastrtps_cpp.dir/rosidl_typesupport_fastrtps_cpp/robotnik_supervisor_msgs/srv/detail/dds_fastrtps/stop_module__type_support.cpp.o[0m
[7.724s] [ 45%] Built target robotnik_supervisor_msgs__rosidl_typesupport_c
[7.809s] [ 46%] [32mBuilding CXX object CMakeFiles/robotnik_supervisor_msgs__rosidl_typesupport_fastrtps_cpp.dir/rosidl_typesupport_fastrtps_cpp/robotnik_supervisor_msgs/srv/detail/dds_fastrtps/stop_stack__type_support.cpp.o[0m
[7.826s] [ 47%] [32mBuilding CXX object CMakeFiles/robotnik_supervisor_msgs__rosidl_typesupport_fastrtps_cpp.dir/rosidl_typesupport_fastrtps_cpp/robotnik_supervisor_msgs/srv/detail/dds_fastrtps/start_stack__type_support.cpp.o[0m
[7.845s] [ 48%] [32mBuilding CXX object CMakeFiles/robotnik_supervisor_msgs__rosidl_typesupport_introspection_cpp.dir/rosidl_typesupport_introspection_cpp/robotnik_supervisor_msgs/srv/detail/down_stack__type_support.cpp.o[0m
[7.850s] [ 49%] [32mBuilding CXX object CMakeFiles/robotnik_supervisor_msgs__rosidl_typesupport_introspection_cpp.dir/rosidl_typesupport_introspection_cpp/robotnik_supervisor_msgs/srv/detail/get_module_list__type_support.cpp.o[0m
[8.635s] [ 50%] [32mBuilding CXX object CMakeFiles/robotnik_supervisor_msgs__rosidl_typesupport_introspection_cpp.dir/rosidl_typesupport_introspection_cpp/robotnik_supervisor_msgs/srv/detail/get_stack_list__type_support.cpp.o[0m
[8.866s] [ 51%] [32mBuilding CXX object CMakeFiles/robotnik_supervisor_msgs__rosidl_typesupport_introspection_cpp.dir/rosidl_typesupport_introspection_cpp/robotnik_supervisor_msgs/srv/detail/get_stack_logs__type_support.cpp.o[0m
[9.050s] [ 52%] [32mBuilding CXX object CMakeFiles/robotnik_supervisor_msgs__rosidl_typesupport_introspection_cpp.dir/rosidl_typesupport_introspection_cpp/robotnik_supervisor_msgs/srv/detail/get_stack_status__type_support.cpp.o[0m
[9.157s] [ 53%] [32mBuilding CXX object CMakeFiles/robotnik_supervisor_msgs__rosidl_typesupport_introspection_cpp.dir/rosidl_typesupport_introspection_cpp/robotnik_supervisor_msgs/srv/detail/restart_stack__type_support.cpp.o[0m
[9.325s] [ 54%] [32mBuilding CXX object CMakeFiles/robotnik_supervisor_msgs__rosidl_typesupport_introspection_cpp.dir/rosidl_typesupport_introspection_cpp/robotnik_supervisor_msgs/srv/detail/start_module__type_support.cpp.o[0m
[9.334s] [ 55%] [32mBuilding CXX object CMakeFiles/robotnik_supervisor_msgs__rosidl_typesupport_introspection_cpp.dir/rosidl_typesupport_introspection_cpp/robotnik_supervisor_msgs/srv/detail/start_stack__type_support.cpp.o[0m
[9.437s] [ 56%] [32m[1mLinking CXX shared library librobotnik_supervisor_msgs__rosidl_typesupport_cpp.so[0m
[9.572s] [ 57%] [32mBuilding CXX object CMakeFiles/robotnik_supervisor_msgs__rosidl_typesupport_introspection_cpp.dir/rosidl_typesupport_introspection_cpp/robotnik_supervisor_msgs/srv/detail/stop_module__type_support.cpp.o[0m
[9.666s] [ 58%] [32mBuilding CXX object CMakeFiles/robotnik_supervisor_msgs__rosidl_typesupport_introspection_cpp.dir/rosidl_typesupport_introspection_cpp/robotnik_supervisor_msgs/srv/detail/stop_stack__type_support.cpp.o[0m
[9.667s] [ 58%] Built target robotnik_supervisor_msgs__rosidl_typesupport_cpp
[9.920s] [ 59%] [32mBuilding CXX object CMakeFiles/robotnik_supervisor_msgs__rosidl_typesupport_fastrtps_c.dir/rosidl_typesupport_fastrtps_c/robotnik_supervisor_msgs/srv/detail/down_stack__type_support_c.cpp.o[0m
[9.968s] [ 60%] [32mBuilding CXX object CMakeFiles/robotnik_supervisor_msgs__rosidl_typesupport_fastrtps_c.dir/rosidl_typesupport_fastrtps_c/robotnik_supervisor_msgs/srv/detail/get_stack_list__type_support_c.cpp.o[0m
[10.001s] [ 61%] [32mBuilding CXX object CMakeFiles/robotnik_supervisor_msgs__rosidl_typesupport_fastrtps_c.dir/rosidl_typesupport_fastrtps_c/robotnik_supervisor_msgs/srv/detail/get_module_list__type_support_c.cpp.o[0m
[10.030s] [ 62%] [32mBuilding CXX object CMakeFiles/robotnik_supervisor_msgs__rosidl_typesupport_fastrtps_c.dir/rosidl_typesupport_fastrtps_c/robotnik_supervisor_msgs/srv/detail/get_stack_logs__type_support_c.cpp.o[0m
[10.703s] [ 63%] [32mBuilding CXX object CMakeFiles/robotnik_supervisor_msgs__rosidl_typesupport_fastrtps_c.dir/rosidl_typesupport_fastrtps_c/robotnik_supervisor_msgs/srv/detail/get_stack_status__type_support_c.cpp.o[0m
[10.880s] [ 64%] [32mBuilding CXX object CMakeFiles/robotnik_supervisor_msgs__rosidl_typesupport_fastrtps_c.dir/rosidl_typesupport_fastrtps_c/robotnik_supervisor_msgs/srv/detail/start_module__type_support_c.cpp.o[0m
[10.928s] [ 65%] [32mBuilding CXX object CMakeFiles/robotnik_supervisor_msgs__rosidl_typesupport_fastrtps_c.dir/rosidl_typesupport_fastrtps_c/robotnik_supervisor_msgs/srv/detail/restart_stack__type_support_c.cpp.o[0m
[10.929s] [ 66%] [32mBuilding CXX object CMakeFiles/robotnik_supervisor_msgs__rosidl_typesupport_fastrtps_c.dir/rosidl_typesupport_fastrtps_c/robotnik_supervisor_msgs/srv/detail/start_stack__type_support_c.cpp.o[0m
[11.394s] [ 67%] [32mBuilding CXX object CMakeFiles/robotnik_supervisor_msgs__rosidl_typesupport_fastrtps_c.dir/rosidl_typesupport_fastrtps_c/robotnik_supervisor_msgs/srv/detail/stop_module__type_support_c.cpp.o[0m
[11.476s] [ 68%] [32mBuilding CXX object CMakeFiles/robotnik_supervisor_msgs__rosidl_typesupport_fastrtps_c.dir/rosidl_typesupport_fastrtps_c/robotnik_supervisor_msgs/srv/detail/stop_stack__type_support_c.cpp.o[0m
[13.024s] [ 69%] [32m[1mLinking CXX shared library librobotnik_supervisor_msgs__rosidl_typesupport_fastrtps_c.so[0m
[13.186s] [ 69%] Built target robotnik_supervisor_msgs__rosidl_typesupport_fastrtps_c
[13.733s] [ 70%] [32m[1mLinking CXX shared library librobotnik_supervisor_msgs__rosidl_typesupport_fastrtps_cpp.so[0m
[13.763s] [ 71%] [32mBuilding C object CMakeFiles/robotnik_supervisor_msgs__rosidl_typesupport_introspection_c.dir/rosidl_typesupport_introspection_c/robotnik_supervisor_msgs/srv/detail/down_stack__type_support.c.o[0m
[13.763s] [ 73%] [32mBuilding C object CMakeFiles/robotnik_supervisor_msgs__rosidl_typesupport_introspection_c.dir/rosidl_typesupport_introspection_c/robotnik_supervisor_msgs/srv/detail/get_module_list__type_support.c.o[0m
[13.763s] [ 72%] [32mBuilding C object CMakeFiles/robotnik_supervisor_msgs__rosidl_typesupport_introspection_c.dir/rosidl_typesupport_introspection_c/robotnik_supervisor_msgs/srv/detail/get_stack_logs__type_support.c.o[0m
[13.768s] [ 74%] [32mBuilding C object CMakeFiles/robotnik_supervisor_msgs__rosidl_typesupport_introspection_c.dir/rosidl_typesupport_introspection_c/robotnik_supervisor_msgs/srv/detail/get_stack_status__type_support.c.o[0m
[13.777s] [ 75%] [32mBuilding C object CMakeFiles/robotnik_supervisor_msgs__rosidl_typesupport_introspection_c.dir/rosidl_typesupport_introspection_c/robotnik_supervisor_msgs/srv/detail/restart_stack__type_support.c.o[0m
[13.783s] [ 76%] [32mBuilding C object CMakeFiles/robotnik_supervisor_msgs__rosidl_typesupport_introspection_c.dir/rosidl_typesupport_introspection_c/robotnik_supervisor_msgs/srv/detail/start_module__type_support.c.o[0m
[13.790s] [ 77%] [32mBuilding C object CMakeFiles/robotnik_supervisor_msgs__rosidl_typesupport_introspection_c.dir/rosidl_typesupport_introspection_c/robotnik_supervisor_msgs/srv/detail/stop_stack__type_support.c.o[0m
[13.858s] [ 78%] [32mBuilding C object CMakeFiles/robotnik_supervisor_msgs__rosidl_typesupport_introspection_c.dir/rosidl_typesupport_introspection_c/robotnik_supervisor_msgs/srv/detail/get_stack_list__type_support.c.o[0m
[13.868s] [ 80%] [32mBuilding C object CMakeFiles/robotnik_supervisor_msgs__rosidl_typesupport_introspection_c.dir/rosidl_typesupport_introspection_c/robotnik_supervisor_msgs/srv/detail/start_stack__type_support.c.o[0m
[13.869s] [ 80%] [32mBuilding C object CMakeFiles/robotnik_supervisor_msgs__rosidl_typesupport_introspection_c.dir/rosidl_typesupport_introspection_c/robotnik_supervisor_msgs/srv/detail/stop_module__type_support.c.o[0m
[13.898s] [ 80%] Built target robotnik_supervisor_msgs__rosidl_typesupport_fastrtps_cpp
[14.000s] [ 81%] [32m[1mLinking CXX shared library librobotnik_supervisor_msgs__rosidl_typesupport_introspection_cpp.so[0m
[14.023s] [ 82%] [32m[1mLinking C shared library librobotnik_supervisor_msgs__rosidl_typesupport_introspection_c.so[0m
[14.059s] [ 82%] Built target robotnik_supervisor_msgs__rosidl_typesupport_introspection_c
[14.274s] [ 82%] Built target robotnik_supervisor_msgs__rosidl_typesupport_introspection_cpp
[14.353s] [ 82%] Built target robotnik_supervisor_msgs
[14.409s] [ 83%] [34m[1mGenerating Python code for ROS interfaces[0m
[16.538s] [ 83%] Built target robotnik_supervisor_msgs__py
[16.593s] [ 84%] [32mBuilding C object CMakeFiles/robotnik_supervisor_msgs__rosidl_generator_py.dir/rosidl_generator_py/robotnik_supervisor_msgs/srv/_down_stack_s.c.o[0m
[16.595s] [ 85%] [32mBuilding C object CMakeFiles/robotnik_supervisor_msgs__rosidl_generator_py.dir/rosidl_generator_py/robotnik_supervisor_msgs/srv/_get_module_list_s.c.o[0m
[16.602s] [ 86%] [32mBuilding C object CMakeFiles/robotnik_supervisor_msgs__rosidl_generator_py.dir/rosidl_generator_py/robotnik_supervisor_msgs/srv/_get_stack_logs_s.c.o[0m
[16.603s] [ 87%] [32mBuilding C object CMakeFiles/robotnik_supervisor_msgs__rosidl_generator_py.dir/rosidl_generator_py/robotnik_supervisor_msgs/srv/_get_stack_list_s.c.o[0m
[16.605s] [ 88%] [32mBuilding C object CMakeFiles/robotnik_supervisor_msgs__rosidl_generator_py.dir/rosidl_generator_py/robotnik_supervisor_msgs/srv/_get_stack_status_s.c.o[0m
[16.613s] [ 89%] [32mBuilding C object CMakeFiles/robotnik_supervisor_msgs__rosidl_generator_py.dir/rosidl_generator_py/robotnik_supervisor_msgs/srv/_restart_stack_s.c.o[0m
[16.617s] [ 90%] [32mBuilding C object CMakeFiles/robotnik_supervisor_msgs__rosidl_generator_py.dir/rosidl_generator_py/robotnik_supervisor_msgs/srv/_start_module_s.c.o[0m
[16.639s] [ 91%] [32mBuilding C object CMakeFiles/robotnik_supervisor_msgs__rosidl_generator_py.dir/rosidl_generator_py/robotnik_supervisor_msgs/srv/_start_stack_s.c.o[0m
[16.640s] [ 92%] [32mBuilding C object CMakeFiles/robotnik_supervisor_msgs__rosidl_generator_py.dir/rosidl_generator_py/robotnik_supervisor_msgs/srv/_stop_module_s.c.o[0m
[16.640s] [ 93%] [32mBuilding C object CMakeFiles/robotnik_supervisor_msgs__rosidl_generator_py.dir/rosidl_generator_py/robotnik_supervisor_msgs/srv/_stop_stack_s.c.o[0m
[17.403s] [ 94%] [32m[1mLinking C shared library rosidl_generator_py/robotnik_supervisor_msgs/librobotnik_supervisor_msgs__rosidl_generator_py.so[0m
[17.621s] [ 94%] Built target robotnik_supervisor_msgs__rosidl_generator_py
[17.704s] [ 95%] [32mBuilding C object CMakeFiles/robotnik_supervisor_msgs__rosidl_typesupport_fastrtps_c__pyext.dir/rosidl_generator_py/robotnik_supervisor_msgs/_robotnik_supervisor_msgs_s.ep.rosidl_typesupport_fastrtps_c.c.o[0m
[17.715s] [ 96%] [32mBuilding C object CMakeFiles/robotnik_supervisor_msgs__rosidl_typesupport_c__pyext.dir/rosidl_generator_py/robotnik_supervisor_msgs/_robotnik_supervisor_msgs_s.ep.rosidl_typesupport_c.c.o[0m
[17.720s] [ 97%] [32mBuilding C object CMakeFiles/robotnik_supervisor_msgs__rosidl_typesupport_introspection_c__pyext.dir/rosidl_generator_py/robotnik_supervisor_msgs/_robotnik_supervisor_msgs_s.ep.rosidl_typesupport_introspection_c.c.o[0m
[17.990s] [ 98%] [32m[1mLinking C shared library rosidl_generator_py/robotnik_supervisor_msgs/robotnik_supervisor_msgs_s__rosidl_typesupport_c.cpython-310-x86_64-linux-gnu.so[0m
[18.115s] [ 99%] [32m[1mLinking C shared library rosidl_generator_py/robotnik_supervisor_msgs/robotnik_supervisor_msgs_s__rosidl_typesupport_introspection_c.cpython-310-x86_64-linux-gnu.so[0m
[18.142s] [ 99%] Built target robotnik_supervisor_msgs__rosidl_typesupport_c__pyext
[18.233s] [ 99%] Built target robotnik_supervisor_msgs__rosidl_typesupport_introspection_c__pyext
[18.445s] [100%] [32m[1mLinking C shared library rosidl_generator_py/robotnik_supervisor_msgs/robotnik_supervisor_msgs_s__rosidl_typesupport_fastrtps_c.cpython-310-x86_64-linux-gnu.so[0m
[18.557s] [100%] Built target robotnik_supervisor_msgs__rosidl_typesupport_fastrtps_c__pyext
[18.583s] Invoked command in '/home/hima/bachelors/rbkairos_ws/build/robotnik_supervisor_msgs' returned '0': CMAKE_PREFIX_PATH=/home/hima/bachelors/rbkairos_ws/install/robotnik_common_msgs:/home/hima/bachelors/rbkairos_ws/install/ros2_laser_scan_merger:/home/hima/bachelors/rbkairos_ws/install/ros2_laser_scan_matcher:/home/hima/bachelors/rbkairos_ws/install/robotnik_supervisor_msgs:/home/hima/bachelors/rbkairos_ws/install/robotnik_gazebo_ignition:/home/hima/bachelors/rbkairos_ws/install/robotnik_gazebo_classic:/home/hima/bachelors/rbkairos_ws/install/mapping:/home/hima/bachelors/rbkairos_ws/install/robotnik_description:/home/hima/bachelors/rbkairos_ws/install/robotnik_sensors:/home/hima/bachelors/rbkairos_ws/install/robotnik_interfaces:/home/hima/bachelors/rbkairos_ws/install/robotnik_safety_msgs:/home/hima/bachelors/rbkairos_ws/install/robotnik_perception_msgs:/home/hima/bachelors/rbkairos_ws/install/robotnik_navigation_msgs:/home/hima/bachelors/rbkairos_ws/install/robotnik_io_msgs:/home/hima/bachelors/rbkairos_ws/install/robotnik_controllers_msgs:/home/hima/bachelors/rbkairos_ws/install/robotnik_common:/home/hima/bachelors/rbkairos_ws/install/robotnik_battery_msgs:/home/hima/bachelors/rbkairos_ws/install/csm:/opt/ros/humble LD_LIBRARY_PATH=/home/hima/bachelors/rbkairos_ws/install/robotnik_common_msgs/lib:/home/hima/bachelors/rbkairos_ws/install/robotnik_supervisor_msgs/lib:/home/hima/bachelors/rbkairos_ws/install/robotnik_perception_msgs/lib:/home/hima/bachelors/rbkairos_ws/install/robotnik_navigation_msgs/lib:/home/hima/bachelors/rbkairos_ws/install/robotnik_io_msgs/lib:/home/hima/bachelors/rbkairos_ws/install/robotnik_controllers_msgs/lib:/home/hima/bachelors/rbkairos_ws/install/robotnik_battery_msgs/lib:/home/hima/bachelors/rbkairos_ws/install/csm/lib:/usr/lib/x86_64-linux-gnu/gazebo-11/plugins:/opt/ros/humble/opt/rviz_ogre_vendor/lib:/opt/ros/humble/lib/x86_64-linux-gnu:/opt/ros/humble/lib /usr/bin/cmake --build /home/hima/bachelors/rbkairos_ws/build/robotnik_supervisor_msgs -- -j16 -l16
[18.595s] Invoking command in '/home/hima/bachelors/rbkairos_ws/build/robotnik_supervisor_msgs': CMAKE_PREFIX_PATH=/home/hima/bachelors/rbkairos_ws/install/robotnik_common_msgs:/home/hima/bachelors/rbkairos_ws/install/ros2_laser_scan_merger:/home/hima/bachelors/rbkairos_ws/install/ros2_laser_scan_matcher:/home/hima/bachelors/rbkairos_ws/install/robotnik_supervisor_msgs:/home/hima/bachelors/rbkairos_ws/install/robotnik_gazebo_ignition:/home/hima/bachelors/rbkairos_ws/install/robotnik_gazebo_classic:/home/hima/bachelors/rbkairos_ws/install/mapping:/home/hima/bachelors/rbkairos_ws/install/robotnik_description:/home/hima/bachelors/rbkairos_ws/install/robotnik_sensors:/home/hima/bachelors/rbkairos_ws/install/robotnik_interfaces:/home/hima/bachelors/rbkairos_ws/install/robotnik_safety_msgs:/home/hima/bachelors/rbkairos_ws/install/robotnik_perception_msgs:/home/hima/bachelors/rbkairos_ws/install/robotnik_navigation_msgs:/home/hima/bachelors/rbkairos_ws/install/robotnik_io_msgs:/home/hima/bachelors/rbkairos_ws/install/robotnik_controllers_msgs:/home/hima/bachelors/rbkairos_ws/install/robotnik_common:/home/hima/bachelors/rbkairos_ws/install/robotnik_battery_msgs:/home/hima/bachelors/rbkairos_ws/install/csm:/opt/ros/humble LD_LIBRARY_PATH=/home/hima/bachelors/rbkairos_ws/install/robotnik_common_msgs/lib:/home/hima/bachelors/rbkairos_ws/install/robotnik_supervisor_msgs/lib:/home/hima/bachelors/rbkairos_ws/install/robotnik_perception_msgs/lib:/home/hima/bachelors/rbkairos_ws/install/robotnik_navigation_msgs/lib:/home/hima/bachelors/rbkairos_ws/install/robotnik_io_msgs/lib:/home/hima/bachelors/rbkairos_ws/install/robotnik_controllers_msgs/lib:/home/hima/bachelors/rbkairos_ws/install/robotnik_battery_msgs/lib:/home/hima/bachelors/rbkairos_ws/install/csm/lib:/usr/lib/x86_64-linux-gnu/gazebo-11/plugins:/opt/ros/humble/opt/rviz_ogre_vendor/lib:/opt/ros/humble/lib/x86_64-linux-gnu:/opt/ros/humble/lib /usr/bin/cmake --install /home/hima/bachelors/rbkairos_ws/build/robotnik_supervisor_msgs
[18.618s] -- Install configuration: ""
[18.620s] -- Installing: /home/hima/bachelors/rbkairos_ws/install/robotnik_supervisor_msgs/share/ament_index/resource_index/rosidl_interfaces/robotnik_supervisor_msgs
[18.621s] -- Installing: /home/hima/bachelors/rbkairos_ws/install/robotnik_supervisor_msgs/include/robotnik_supervisor_msgs/robotnik_supervisor_msgs
[18.622s] -- Installing: /home/hima/bachelors/rbkairos_ws/install/robotnik_supervisor_msgs/include/robotnik_supervisor_msgs/robotnik_supervisor_msgs/srv
[18.622s] -- Installing: /home/hima/bachelors/rbkairos_ws/install/robotnik_supervisor_msgs/include/robotnik_supervisor_msgs/robotnik_supervisor_msgs/srv/get_module_list.h
[18.623s] -- Installing: /home/hima/bachelors/rbkairos_ws/install/robotnik_supervisor_msgs/include/robotnik_supervisor_msgs/robotnik_supervisor_msgs/srv/get_stack_status.h
[18.624s] -- Installing: /home/hima/bachelors/rbkairos_ws/install/robotnik_supervisor_msgs/include/robotnik_supervisor_msgs/robotnik_supervisor_msgs/srv/down_stack.h
[18.625s] -- Installing: /home/hima/bachelors/rbkairos_ws/install/robotnik_supervisor_msgs/include/robotnik_supervisor_msgs/robotnik_supervisor_msgs/srv/start_module.h
[18.625s] -- Installing: /home/hima/bachelors/rbkairos_ws/install/robotnik_supervisor_msgs/include/robotnik_supervisor_msgs/robotnik_supervisor_msgs/srv/start_stack.h
[18.627s] -- Installing: /home/hima/bachelors/rbkairos_ws/install/robotnik_supervisor_msgs/include/robotnik_supervisor_msgs/robotnik_supervisor_msgs/srv/restart_stack.h
[18.629s] -- Installing: /home/hima/bachelors/rbkairos_ws/install/robotnik_supervisor_msgs/include/robotnik_supervisor_msgs/robotnik_supervisor_msgs/srv/get_stack_list.h
[18.630s] -- Installing: /home/hima/bachelors/rbkairos_ws/install/robotnik_supervisor_msgs/include/robotnik_supervisor_msgs/robotnik_supervisor_msgs/srv/detail
[18.631s] -- Installing: /home/hima/bachelors/rbkairos_ws/install/robotnik_supervisor_msgs/include/robotnik_supervisor_msgs/robotnik_supervisor_msgs/srv/detail/stop_module__struct.h
[18.632s] -- Installing: /home/hima/bachelors/rbkairos_ws/install/robotnik_supervisor_msgs/include/robotnik_supervisor_msgs/robotnik_supervisor_msgs/srv/detail/stop_module__functions.h
[18.633s] -- Installing: /home/hima/bachelors/rbkairos_ws/install/robotnik_supervisor_msgs/include/robotnik_supervisor_msgs/robotnik_supervisor_msgs/srv/detail/stop_module__type_support.h
[18.634s] -- Installing: /home/hima/bachelors/rbkairos_ws/install/robotnik_supervisor_msgs/include/robotnik_supervisor_msgs/robotnik_supervisor_msgs/srv/detail/start_stack__functions.c
[18.635s] -- Installing: /home/hima/bachelors/rbkairos_ws/install/robotnik_supervisor_msgs/include/robotnik_supervisor_msgs/robotnik_supervisor_msgs/srv/detail/start_module__functions.h
[18.636s] -- Installing: /home/hima/bachelors/rbkairos_ws/install/robotnik_supervisor_msgs/include/robotnik_supervisor_msgs/robotnik_supervisor_msgs/srv/detail/get_module_list__functions.h
[18.637s] -- Installing: /home/hima/bachelors/rbkairos_ws/install/robotnik_supervisor_msgs/include/robotnik_supervisor_msgs/robotnik_supervisor_msgs/srv/detail/get_module_list__type_support.h
[18.637s] -- Installing: /home/hima/bachelors/rbkairos_ws/install/robotnik_supervisor_msgs/include/robotnik_supervisor_msgs/robotnik_supervisor_msgs/srv/detail/restart_stack__struct.h
[18.638s] -- Installing: /home/hima/bachelors/rbkairos_ws/install/robotnik_supervisor_msgs/include/robotnik_supervisor_msgs/robotnik_supervisor_msgs/srv/detail/get_stack_list__functions.c
[18.638s] -- Installing: /home/hima/bachelors/rbkairos_ws/install/robotnik_supervisor_msgs/include/robotnik_supervisor_msgs/robotnik_supervisor_msgs/srv/detail/restart_stack__functions.h
[18.639s] -- Installing: /home/hima/bachelors/rbkairos_ws/install/robotnik_supervisor_msgs/include/robotnik_supervisor_msgs/robotnik_supervisor_msgs/srv/detail/get_stack_status__struct.h
[18.639s] -- Installing: /home/hima/bachelors/rbkairos_ws/install/robotnik_supervisor_msgs/include/robotnik_supervisor_msgs/robotnik_supervisor_msgs/srv/detail/stop_stack__functions.h
[18.639s] -- Installing: /home/hima/bachelors/rbkairos_ws/install/robotnik_supervisor_msgs/include/robotnik_supervisor_msgs/robotnik_supervisor_msgs/srv/detail/get_stack_list__type_support.h
[18.639s] -- Installing: /home/hima/bachelors/rbkairos_ws/install/robotnik_supervisor_msgs/include/robotnik_supervisor_msgs/robotnik_supervisor_msgs/srv/detail/down_stack__type_support.h
[18.639s] -- Installing: /home/hima/bachelors/rbkairos_ws/install/robotnik_supervisor_msgs/include/robotnik_supervisor_msgs/robotnik_supervisor_msgs/srv/detail/stop_stack__type_support.h
[18.639s] -- Installing: /home/hima/bachelors/rbkairos_ws/install/robotnik_supervisor_msgs/include/robotnik_supervisor_msgs/robotnik_supervisor_msgs/srv/detail/restart_stack__functions.c
[18.639s] -- Installing: /home/hima/bachelors/rbkairos_ws/install/robotnik_supervisor_msgs/include/robotnik_supervisor_msgs/robotnik_supervisor_msgs/srv/detail/get_stack_status__type_support.h
[18.639s] -- Installing: /home/hima/bachelors/rbkairos_ws/install/robotnik_supervisor_msgs/include/robotnik_supervisor_msgs/robotnik_supervisor_msgs/srv/detail/stop_module__functions.c
[18.639s] -- Installing: /home/hima/bachelors/rbkairos_ws/install/robotnik_supervisor_msgs/include/robotnik_supervisor_msgs/robotnik_supervisor_msgs/srv/detail/get_stack_list__functions.h
[18.639s] -- Installing: /home/hima/bachelors/rbkairos_ws/install/robotnik_supervisor_msgs/include/robotnik_supervisor_msgs/robotnik_supervisor_msgs/srv/detail/start_stack__functions.h
[18.639s] -- Installing: /home/hima/bachelors/rbkairos_ws/install/robotnik_supervisor_msgs/include/robotnik_supervisor_msgs/robotnik_supervisor_msgs/srv/detail/get_module_list__struct.h
[18.639s] -- Installing: /home/hima/bachelors/rbkairos_ws/install/robotnik_supervisor_msgs/include/robotnik_supervisor_msgs/robotnik_supervisor_msgs/srv/detail/get_stack_list__struct.h
[18.640s] -- Installing: /home/hima/bachelors/rbkairos_ws/install/robotnik_supervisor_msgs/include/robotnik_supervisor_msgs/robotnik_supervisor_msgs/srv/detail/start_stack__struct.h
[18.640s] -- Installing: /home/hima/bachelors/rbkairos_ws/install/robotnik_supervisor_msgs/include/robotnik_supervisor_msgs/robotnik_supervisor_msgs/srv/detail/restart_stack__type_support.h
[18.640s] -- Installing: /home/hima/bachelors/rbkairos_ws/install/robotnik_supervisor_msgs/include/robotnik_supervisor_msgs/robotnik_supervisor_msgs/srv/detail/start_stack__type_support.h
[18.640s] -- Installing: /home/hima/bachelors/rbkairos_ws/install/robotnik_supervisor_msgs/include/robotnik_supervisor_msgs/robotnik_supervisor_msgs/srv/detail/get_stack_logs__type_support.h
[18.640s] -- Installing: /home/hima/bachelors/rbkairos_ws/install/robotnik_supervisor_msgs/include/robotnik_supervisor_msgs/robotnik_supervisor_msgs/srv/detail/start_module__functions.c
[18.640s] -- Installing: /home/hima/bachelors/rbkairos_ws/install/robotnik_supervisor_msgs/include/robotnik_supervisor_msgs/robotnik_supervisor_msgs/srv/detail/start_module__type_support.h
[18.640s] -- Installing: /home/hima/bachelors/rbkairos_ws/install/robotnik_supervisor_msgs/include/robotnik_supervisor_msgs/robotnik_supervisor_msgs/srv/detail/down_stack__functions.h
[18.640s] -- Installing: /home/hima/bachelors/rbkairos_ws/install/robotnik_supervisor_msgs/include/robotnik_supervisor_msgs/robotnik_supervisor_msgs/srv/detail/stop_stack__struct.h
[18.640s] -- Installing: /home/hima/bachelors/rbkairos_ws/install/robotnik_supervisor_msgs/include/robotnik_supervisor_msgs/robotnik_supervisor_msgs/srv/detail/get_stack_logs__struct.h
[18.640s] -- Installing: /home/hima/bachelors/rbkairos_ws/install/robotnik_supervisor_msgs/include/robotnik_supervisor_msgs/robotnik_supervisor_msgs/srv/detail/stop_stack__functions.c
[18.640s] -- Installing: /home/hima/bachelors/rbkairos_ws/install/robotnik_supervisor_msgs/include/robotnik_supervisor_msgs/robotnik_supervisor_msgs/srv/detail/down_stack__functions.c
[18.640s] -- Installing: /home/hima/bachelors/rbkairos_ws/install/robotnik_supervisor_msgs/include/robotnik_supervisor_msgs/robotnik_supervisor_msgs/srv/detail/get_stack_status__functions.h
[18.640s] -- Installing: /home/hima/bachelors/rbkairos_ws/install/robotnik_supervisor_msgs/include/robotnik_supervisor_msgs/robotnik_supervisor_msgs/srv/detail/get_stack_logs__functions.h
[18.640s] -- Installing: /home/hima/bachelors/rbkairos_ws/install/robotnik_supervisor_msgs/include/robotnik_supervisor_msgs/robotnik_supervisor_msgs/srv/detail/get_stack_logs__functions.c
[18.640s] -- Installing: /home/hima/bachelors/rbkairos_ws/install/robotnik_supervisor_msgs/include/robotnik_supervisor_msgs/robotnik_supervisor_msgs/srv/detail/down_stack__struct.h
[18.640s] -- Installing: /home/hima/bachelors/rbkairos_ws/install/robotnik_supervisor_msgs/include/robotnik_supervisor_msgs/robotnik_supervisor_msgs/srv/detail/get_stack_status__functions.c
[18.640s] -- Installing: /home/hima/bachelors/rbkairos_ws/install/robotnik_supervisor_msgs/include/robotnik_supervisor_msgs/robotnik_supervisor_msgs/srv/detail/start_module__struct.h
[18.641s] -- Installing: /home/hima/bachelors/rbkairos_ws/install/robotnik_supervisor_msgs/include/robotnik_supervisor_msgs/robotnik_supervisor_msgs/srv/detail/get_module_list__functions.c
[18.641s] -- Installing: /home/hima/bachelors/rbkairos_ws/install/robotnik_supervisor_msgs/include/robotnik_supervisor_msgs/robotnik_supervisor_msgs/srv/get_stack_logs.h
[18.641s] -- Installing: /home/hima/bachelors/rbkairos_ws/install/robotnik_supervisor_msgs/include/robotnik_supervisor_msgs/robotnik_supervisor_msgs/srv/stop_module.h
[18.641s] -- Installing: /home/hima/bachelors/rbkairos_ws/install/robotnik_supervisor_msgs/include/robotnik_supervisor_msgs/robotnik_supervisor_msgs/srv/stop_stack.h
[18.641s] -- Installing: /home/hima/bachelors/rbkairos_ws/install/robotnik_supervisor_msgs/include/robotnik_supervisor_msgs/robotnik_supervisor_msgs/msg
[18.641s] -- Installing: /home/hima/bachelors/rbkairos_ws/install/robotnik_supervisor_msgs/include/robotnik_supervisor_msgs/robotnik_supervisor_msgs/msg/rosidl_generator_c__visibility_control.h
[18.641s] -- Installing: /home/hima/bachelors/rbkairos_ws/install/robotnik_supervisor_msgs/share/robotnik_supervisor_msgs/environment/library_path.sh
[18.641s] -- Installing: /home/hima/bachelors/rbkairos_ws/install/robotnik_supervisor_msgs/share/robotnik_supervisor_msgs/environment/library_path.dsv
[18.641s] -- Installing: /home/hima/bachelors/rbkairos_ws/install/robotnik_supervisor_msgs/lib/librobotnik_supervisor_msgs__rosidl_generator_c.so
[18.641s] -- Set runtime path of "/home/hima/bachelors/rbkairos_ws/install/robotnik_supervisor_msgs/lib/librobotnik_supervisor_msgs__rosidl_generator_c.so" to ""
[18.641s] -- Up-to-date: /home/hima/bachelors/rbkairos_ws/install/robotnik_supervisor_msgs/include/robotnik_supervisor_msgs/robotnik_supervisor_msgs
[18.641s] -- Up-to-date: /home/hima/bachelors/rbkairos_ws/install/robotnik_supervisor_msgs/include/robotnik_supervisor_msgs/robotnik_supervisor_msgs/srv
[18.641s] -- Up-to-date: /home/hima/bachelors/rbkairos_ws/install/robotnik_supervisor_msgs/include/robotnik_supervisor_msgs/robotnik_supervisor_msgs/srv/detail
[18.642s] -- Installing: /home/hima/bachelors/rbkairos_ws/install/robotnik_supervisor_msgs/include/robotnik_supervisor_msgs/robotnik_supervisor_msgs/srv/detail/start_stack__rosidl_typesupport_fastrtps_c.h
[18.642s] -- Installing: /home/hima/bachelors/rbkairos_ws/install/robotnik_supervisor_msgs/include/robotnik_supervisor_msgs/robotnik_supervisor_msgs/srv/detail/get_module_list__rosidl_typesupport_fastrtps_c.h
[18.642s] -- Installing: /home/hima/bachelors/rbkairos_ws/install/robotnik_supervisor_msgs/include/robotnik_supervisor_msgs/robotnik_supervisor_msgs/srv/detail/down_stack__rosidl_typesupport_fastrtps_c.h
[18.642s] -- Installing: /home/hima/bachelors/rbkairos_ws/install/robotnik_supervisor_msgs/include/robotnik_supervisor_msgs/robotnik_supervisor_msgs/srv/detail/get_stack_list__rosidl_typesupport_fastrtps_c.h
[18.642s] -- Installing: /home/hima/bachelors/rbkairos_ws/install/robotnik_supervisor_msgs/include/robotnik_supervisor_msgs/robotnik_supervisor_msgs/srv/detail/start_module__rosidl_typesupport_fastrtps_c.h
[18.642s] -- Installing: /home/hima/bachelors/rbkairos_ws/install/robotnik_supervisor_msgs/include/robotnik_supervisor_msgs/robotnik_supervisor_msgs/srv/detail/get_stack_status__rosidl_typesupport_fastrtps_c.h
[18.642s] -- Installing: /home/hima/bachelors/rbkairos_ws/install/robotnik_supervisor_msgs/include/robotnik_supervisor_msgs/robotnik_supervisor_msgs/srv/detail/stop_stack__rosidl_typesupport_fastrtps_c.h
[18.642s] -- Installing: /home/hima/bachelors/rbkairos_ws/install/robotnik_supervisor_msgs/include/robotnik_supervisor_msgs/robotnik_supervisor_msgs/srv/detail/stop_module__rosidl_typesupport_fastrtps_c.h
[18.642s] -- Installing: /home/hima/bachelors/rbkairos_ws/install/robotnik_supervisor_msgs/include/robotnik_supervisor_msgs/robotnik_supervisor_msgs/srv/detail/restart_stack__rosidl_typesupport_fastrtps_c.h
[18.643s] -- Installing: /home/hima/bachelors/rbkairos_ws/install/robotnik_supervisor_msgs/include/robotnik_supervisor_msgs/robotnik_supervisor_msgs/srv/detail/get_stack_logs__rosidl_typesupport_fastrtps_c.h
[18.643s] -- Up-to-date: /home/hima/bachelors/rbkairos_ws/install/robotnik_supervisor_msgs/include/robotnik_supervisor_msgs/robotnik_supervisor_msgs/msg
[18.643s] -- Installing: /home/hima/bachelors/rbkairos_ws/install/robotnik_supervisor_msgs/include/robotnik_supervisor_msgs/robotnik_supervisor_msgs/msg/rosidl_typesupport_fastrtps_c__visibility_control.h
[18.643s] -- Installing: /home/hima/bachelors/rbkairos_ws/install/robotnik_supervisor_msgs/lib/librobotnik_supervisor_msgs__rosidl_typesupport_fastrtps_c.so
[18.643s] -- Set runtime path of "/home/hima/bachelors/rbkairos_ws/install/robotnik_supervisor_msgs/lib/librobotnik_supervisor_msgs__rosidl_typesupport_fastrtps_c.so" to ""
[18.643s] -- Up-to-date: /home/hima/bachelors/rbkairos_ws/install/robotnik_supervisor_msgs/include/robotnik_supervisor_msgs/robotnik_supervisor_msgs
[18.643s] -- Up-to-date: /home/hima/bachelors/rbkairos_ws/install/robotnik_supervisor_msgs/include/robotnik_supervisor_msgs/robotnik_supervisor_msgs/srv
[18.643s] -- Installing: /home/hima/bachelors/rbkairos_ws/install/robotnik_supervisor_msgs/include/robotnik_supervisor_msgs/robotnik_supervisor_msgs/srv/get_stack_logs.hpp
[18.643s] -- Installing: /home/hima/bachelors/rbkairos_ws/install/robotnik_supervisor_msgs/include/robotnik_supervisor_msgs/robotnik_supervisor_msgs/srv/stop_module.hpp
[18.643s] -- Installing: /home/hima/bachelors/rbkairos_ws/install/robotnik_supervisor_msgs/include/robotnik_supervisor_msgs/robotnik_supervisor_msgs/srv/start_stack.hpp
[18.643s] -- Installing: /home/hima/bachelors/rbkairos_ws/install/robotnik_supervisor_msgs/include/robotnik_supervisor_msgs/robotnik_supervisor_msgs/srv/start_module.hpp
[18.644s] -- Installing: /home/hima/bachelors/rbkairos_ws/install/robotnik_supervisor_msgs/include/robotnik_supervisor_msgs/robotnik_supervisor_msgs/srv/get_stack_status.hpp
[18.644s] -- Up-to-date: /home/hima/bachelors/rbkairos_ws/install/robotnik_supervisor_msgs/include/robotnik_supervisor_msgs/robotnik_supervisor_msgs/srv/detail
[18.644s] -- Installing: /home/hima/bachelors/rbkairos_ws/install/robotnik_supervisor_msgs/include/robotnik_supervisor_msgs/robotnik_supervisor_msgs/srv/detail/get_module_list__traits.hpp
[18.644s] -- Installing: /home/hima/bachelors/rbkairos_ws/install/robotnik_supervisor_msgs/include/robotnik_supervisor_msgs/robotnik_supervisor_msgs/srv/detail/stop_module__traits.hpp
[18.644s] -- Installing: /home/hima/bachelors/rbkairos_ws/install/robotnik_supervisor_msgs/include/robotnik_supervisor_msgs/robotnik_supervisor_msgs/srv/detail/down_stack__traits.hpp
[18.644s] -- Installing: /home/hima/bachelors/rbkairos_ws/install/robotnik_supervisor_msgs/include/robotnik_supervisor_msgs/robotnik_supervisor_msgs/srv/detail/get_stack_status__struct.hpp
[18.644s] -- Installing: /home/hima/bachelors/rbkairos_ws/install/robotnik_supervisor_msgs/include/robotnik_supervisor_msgs/robotnik_supervisor_msgs/srv/detail/down_stack__type_support.hpp
[18.644s] -- Installing: /home/hima/bachelors/rbkairos_ws/install/robotnik_supervisor_msgs/include/robotnik_supervisor_msgs/robotnik_supervisor_msgs/srv/detail/start_stack__struct.hpp
[18.644s] -- Installing: /home/hima/bachelors/rbkairos_ws/install/robotnik_supervisor_msgs/include/robotnik_supervisor_msgs/robotnik_supervisor_msgs/srv/detail/restart_stack__struct.hpp
[18.644s] -- Installing: /home/hima/bachelors/rbkairos_ws/install/robotnik_supervisor_msgs/include/robotnik_supervisor_msgs/robotnik_supervisor_msgs/srv/detail/stop_module__type_support.hpp
[18.644s] -- Installing: /home/hima/bachelors/rbkairos_ws/install/robotnik_supervisor_msgs/include/robotnik_supervisor_msgs/robotnik_supervisor_msgs/srv/detail/get_stack_status__type_support.hpp
[18.644s] -- Installing: /home/hima/bachelors/rbkairos_ws/install/robotnik_supervisor_msgs/include/robotnik_supervisor_msgs/robotnik_supervisor_msgs/srv/detail/get_stack_status__traits.hpp
[18.645s] -- Installing: /home/hima/bachelors/rbkairos_ws/install/robotnik_supervisor_msgs/include/robotnik_supervisor_msgs/robotnik_supervisor_msgs/srv/detail/stop_stack__builder.hpp
[18.645s] -- Installing: /home/hima/bachelors/rbkairos_ws/install/robotnik_supervisor_msgs/include/robotnik_supervisor_msgs/robotnik_supervisor_msgs/srv/detail/get_stack_logs__builder.hpp
[18.645s] -- Installing: /home/hima/bachelors/rbkairos_ws/install/robotnik_supervisor_msgs/include/robotnik_supervisor_msgs/robotnik_supervisor_msgs/srv/detail/stop_stack__traits.hpp
[18.645s] -- Installing: /home/hima/bachelors/rbkairos_ws/install/robotnik_supervisor_msgs/include/robotnik_supervisor_msgs/robotnik_supervisor_msgs/srv/detail/down_stack__builder.hpp
[18.645s] -- Installing: /home/hima/bachelors/rbkairos_ws/install/robotnik_supervisor_msgs/include/robotnik_supervisor_msgs/robotnik_supervisor_msgs/srv/detail/get_stack_list__type_support.hpp
[18.645s] -- Installing: /home/hima/bachelors/rbkairos_ws/install/robotnik_supervisor_msgs/include/robotnik_supervisor_msgs/robotnik_supervisor_msgs/srv/detail/down_stack__struct.hpp
[18.645s] -- Installing: /home/hima/bachelors/rbkairos_ws/install/robotnik_supervisor_msgs/include/robotnik_supervisor_msgs/robotnik_supervisor_msgs/srv/detail/get_module_list__struct.hpp
[18.645s] -- Installing: /home/hima/bachelors/rbkairos_ws/install/robotnik_supervisor_msgs/include/robotnik_supervisor_msgs/robotnik_supervisor_msgs/srv/detail/get_stack_list__builder.hpp
[18.645s] -- Installing: /home/hima/bachelors/rbkairos_ws/install/robotnik_supervisor_msgs/include/robotnik_supervisor_msgs/robotnik_supervisor_msgs/srv/detail/restart_stack__type_support.hpp
[18.645s] -- Installing: /home/hima/bachelors/rbkairos_ws/install/robotnik_supervisor_msgs/include/robotnik_supervisor_msgs/robotnik_supervisor_msgs/srv/detail/start_stack__builder.hpp
[18.645s] -- Installing: /home/hima/bachelors/rbkairos_ws/install/robotnik_supervisor_msgs/include/robotnik_supervisor_msgs/robotnik_supervisor_msgs/srv/detail/start_module__traits.hpp
[18.646s] -- Installing: /home/hima/bachelors/rbkairos_ws/install/robotnik_supervisor_msgs/include/robotnik_supervisor_msgs/robotnik_supervisor_msgs/srv/detail/stop_stack__type_support.hpp
[18.646s] -- Installing: /home/hima/bachelors/rbkairos_ws/install/robotnik_supervisor_msgs/include/robotnik_supervisor_msgs/robotnik_supervisor_msgs/srv/detail/get_stack_list__traits.hpp
[18.646s] -- Installing: /home/hima/bachelors/rbkairos_ws/install/robotnik_supervisor_msgs/include/robotnik_supervisor_msgs/robotnik_supervisor_msgs/srv/detail/start_stack__type_support.hpp
[18.646s] -- Installing: /home/hima/bachelors/rbkairos_ws/install/robotnik_supervisor_msgs/include/robotnik_supervisor_msgs/robotnik_supervisor_msgs/srv/detail/get_stack_status__builder.hpp
[18.646s] -- Installing: /home/hima/bachelors/rbkairos_ws/install/robotnik_supervisor_msgs/include/robotnik_supervisor_msgs/robotnik_supervisor_msgs/srv/detail/get_stack_logs__traits.hpp
[18.646s] -- Installing: /home/hima/bachelors/rbkairos_ws/install/robotnik_supervisor_msgs/include/robotnik_supervisor_msgs/robotnik_supervisor_msgs/srv/detail/stop_module__struct.hpp
[18.646s] -- Installing: /home/hima/bachelors/rbkairos_ws/install/robotnik_supervisor_msgs/include/robotnik_supervisor_msgs/robotnik_supervisor_msgs/srv/detail/get_stack_list__struct.hpp
[18.646s] -- Installing: /home/hima/bachelors/rbkairos_ws/install/robotnik_supervisor_msgs/include/robotnik_supervisor_msgs/robotnik_supervisor_msgs/srv/detail/start_module__struct.hpp
[18.646s] -- Installing: /home/hima/bachelors/rbkairos_ws/install/robotnik_supervisor_msgs/include/robotnik_supervisor_msgs/robotnik_supervisor_msgs/srv/detail/get_stack_logs__type_support.hpp
[18.646s] -- Installing: /home/hima/bachelors/rbkairos_ws/install/robotnik_supervisor_msgs/include/robotnik_supervisor_msgs/robotnik_supervisor_msgs/srv/detail/get_module_list__type_support.hpp
[18.646s] -- Installing: /home/hima/bachelors/rbkairos_ws/install/robotnik_supervisor_msgs/include/robotnik_supervisor_msgs/robotnik_supervisor_msgs/srv/detail/start_stack__traits.hpp
[18.647s] -- Installing: /home/hima/bachelors/rbkairos_ws/install/robotnik_supervisor_msgs/include/robotnik_supervisor_msgs/robotnik_supervisor_msgs/srv/detail/start_module__type_support.hpp
[18.647s] -- Installing: /home/hima/bachelors/rbkairos_ws/install/robotnik_supervisor_msgs/include/robotnik_supervisor_msgs/robotnik_supervisor_msgs/srv/detail/restart_stack__traits.hpp
[18.647s] -- Installing: /home/hima/bachelors/rbkairos_ws/install/robotnik_supervisor_msgs/include/robotnik_supervisor_msgs/robotnik_supervisor_msgs/srv/detail/get_stack_logs__struct.hpp
[18.647s] -- Installing: /home/hima/bachelors/rbkairos_ws/install/robotnik_supervisor_msgs/include/robotnik_supervisor_msgs/robotnik_supervisor_msgs/srv/detail/restart_stack__builder.hpp
[18.647s] -- Installing: /home/hima/bachelors/rbkairos_ws/install/robotnik_supervisor_msgs/include/robotnik_supervisor_msgs/robotnik_supervisor_msgs/srv/detail/stop_module__builder.hpp
[18.647s] -- Installing: /home/hima/bachelors/rbkairos_ws/install/robotnik_supervisor_msgs/include/robotnik_supervisor_msgs/robotnik_supervisor_msgs/srv/detail/start_module__builder.hpp
[18.647s] -- Installing: /home/hima/bachelors/rbkairos_ws/install/robotnik_supervisor_msgs/include/robotnik_supervisor_msgs/robotnik_supervisor_msgs/srv/detail/stop_stack__struct.hpp
[18.647s] -- Installing: /home/hima/bachelors/rbkairos_ws/install/robotnik_supervisor_msgs/include/robotnik_supervisor_msgs/robotnik_supervisor_msgs/srv/detail/get_module_list__builder.hpp
[18.647s] -- Installing: /home/hima/bachelors/rbkairos_ws/install/robotnik_supervisor_msgs/include/robotnik_supervisor_msgs/robotnik_supervisor_msgs/srv/get_stack_list.hpp
[18.647s] -- Installing: /home/hima/bachelors/rbkairos_ws/install/robotnik_supervisor_msgs/include/robotnik_supervisor_msgs/robotnik_supervisor_msgs/srv/get_module_list.hpp
[18.647s] -- Installing: /home/hima/bachelors/rbkairos_ws/install/robotnik_supervisor_msgs/include/robotnik_supervisor_msgs/robotnik_supervisor_msgs/srv/down_stack.hpp
[18.647s] -- Installing: /home/hima/bachelors/rbkairos_ws/install/robotnik_supervisor_msgs/include/robotnik_supervisor_msgs/robotnik_supervisor_msgs/srv/restart_stack.hpp
[18.648s] -- Installing: /home/hima/bachelors/rbkairos_ws/install/robotnik_supervisor_msgs/include/robotnik_supervisor_msgs/robotnik_supervisor_msgs/srv/stop_stack.hpp
[18.648s] -- Up-to-date: /home/hima/bachelors/rbkairos_ws/install/robotnik_supervisor_msgs/include/robotnik_supervisor_msgs/robotnik_supervisor_msgs/msg
[18.648s] -- Installing: /home/hima/bachelors/rbkairos_ws/install/robotnik_supervisor_msgs/include/robotnik_supervisor_msgs/robotnik_supervisor_msgs/msg/rosidl_generator_cpp__visibility_control.hpp
[18.648s] -- Up-to-date: /home/hima/bachelors/rbkairos_ws/install/robotnik_supervisor_msgs/include/robotnik_supervisor_msgs/robotnik_supervisor_msgs
[18.648s] -- Up-to-date: /home/hima/bachelors/rbkairos_ws/install/robotnik_supervisor_msgs/include/robotnik_supervisor_msgs/robotnik_supervisor_msgs/srv
[18.648s] -- Up-to-date: /home/hima/bachelors/rbkairos_ws/install/robotnik_supervisor_msgs/include/robotnik_supervisor_msgs/robotnik_supervisor_msgs/srv/detail
[18.648s] -- Installing: /home/hima/bachelors/rbkairos_ws/install/robotnik_supervisor_msgs/include/robotnik_supervisor_msgs/robotnik_supervisor_msgs/srv/detail/restart_stack__rosidl_typesupport_fastrtps_cpp.hpp
[18.648s] -- Installing: /home/hima/bachelors/rbkairos_ws/install/robotnik_supervisor_msgs/include/robotnik_supervisor_msgs/robotnik_supervisor_msgs/srv/detail/stop_stack__rosidl_typesupport_fastrtps_cpp.hpp
[18.648s] -- Installing: /home/hima/bachelors/rbkairos_ws/install/robotnik_supervisor_msgs/include/robotnik_supervisor_msgs/robotnik_supervisor_msgs/srv/detail/stop_module__rosidl_typesupport_fastrtps_cpp.hpp
[18.648s] -- Installing: /home/hima/bachelors/rbkairos_ws/install/robotnik_supervisor_msgs/include/robotnik_supervisor_msgs/robotnik_supervisor_msgs/srv/detail/down_stack__rosidl_typesupport_fastrtps_cpp.hpp
[18.648s] -- Installing: /home/hima/bachelors/rbkairos_ws/install/robotnik_supervisor_msgs/include/robotnik_supervisor_msgs/robotnik_supervisor_msgs/srv/detail/get_stack_logs__rosidl_typesupport_fastrtps_cpp.hpp
[18.649s] -- Installing: /home/hima/bachelors/rbkairos_ws/install/robotnik_supervisor_msgs/include/robotnik_supervisor_msgs/robotnik_supervisor_msgs/srv/detail/get_module_list__rosidl_typesupport_fastrtps_cpp.hpp
[18.649s] -- Installing: /home/hima/bachelors/rbkairos_ws/install/robotnik_supervisor_msgs/include/robotnik_supervisor_msgs/robotnik_supervisor_msgs/srv/detail/start_stack__rosidl_typesupport_fastrtps_cpp.hpp
[18.649s] -- Installing: /home/hima/bachelors/rbkairos_ws/install/robotnik_supervisor_msgs/include/robotnik_supervisor_msgs/robotnik_supervisor_msgs/srv/detail/dds_fastrtps
[18.649s] -- Installing: /home/hima/bachelors/rbkairos_ws/install/robotnik_supervisor_msgs/include/robotnik_supervisor_msgs/robotnik_supervisor_msgs/srv/detail/get_stack_list__rosidl_typesupport_fastrtps_cpp.hpp
[18.649s] -- Installing: /home/hima/bachelors/rbkairos_ws/install/robotnik_supervisor_msgs/include/robotnik_supervisor_msgs/robotnik_supervisor_msgs/srv/detail/get_stack_status__rosidl_typesupport_fastrtps_cpp.hpp
[18.649s] -- Installing: /home/hima/bachelors/rbkairos_ws/install/robotnik_supervisor_msgs/include/robotnik_supervisor_msgs/robotnik_supervisor_msgs/srv/detail/start_module__rosidl_typesupport_fastrtps_cpp.hpp
[18.649s] -- Up-to-date: /home/hima/bachelors/rbkairos_ws/install/robotnik_supervisor_msgs/include/robotnik_supervisor_msgs/robotnik_supervisor_msgs/msg
[18.649s] -- Installing: /home/hima/bachelors/rbkairos_ws/install/robotnik_supervisor_msgs/include/robotnik_supervisor_msgs/robotnik_supervisor_msgs/msg/rosidl_typesupport_fastrtps_cpp__visibility_control.h
[18.649s] -- Installing: /home/hima/bachelors/rbkairos_ws/install/robotnik_supervisor_msgs/lib/librobotnik_supervisor_msgs__rosidl_typesupport_fastrtps_cpp.so
[18.649s] -- Set runtime path of "/home/hima/bachelors/rbkairos_ws/install/robotnik_supervisor_msgs/lib/librobotnik_supervisor_msgs__rosidl_typesupport_fastrtps_cpp.so" to ""
[18.649s] -- Up-to-date: /home/hima/bachelors/rbkairos_ws/install/robotnik_supervisor_msgs/include/robotnik_supervisor_msgs/robotnik_supervisor_msgs
[18.649s] -- Up-to-date: /home/hima/bachelors/rbkairos_ws/install/robotnik_supervisor_msgs/include/robotnik_supervisor_msgs/robotnik_supervisor_msgs/srv
[18.649s] -- Up-to-date: /home/hima/bachelors/rbkairos_ws/install/robotnik_supervisor_msgs/include/robotnik_supervisor_msgs/robotnik_supervisor_msgs/srv/detail
[18.649s] -- Installing: /home/hima/bachelors/rbkairos_ws/install/robotnik_supervisor_msgs/include/robotnik_supervisor_msgs/robotnik_supervisor_msgs/srv/detail/start_module__type_support.c
[18.649s] -- Installing: /home/hima/bachelors/rbkairos_ws/install/robotnik_supervisor_msgs/include/robotnik_supervisor_msgs/robotnik_supervisor_msgs/srv/detail/down_stack__rosidl_typesupport_introspection_c.h
[18.649s] -- Installing: /home/hima/bachelors/rbkairos_ws/install/robotnik_supervisor_msgs/include/robotnik_supervisor_msgs/robotnik_supervisor_msgs/srv/detail/stop_stack__rosidl_typesupport_introspection_c.h
[18.649s] -- Installing: /home/hima/bachelors/rbkairos_ws/install/robotnik_supervisor_msgs/include/robotnik_supervisor_msgs/robotnik_supervisor_msgs/srv/detail/get_stack_status__rosidl_typesupport_introspection_c.h
[18.650s] -- Installing: /home/hima/bachelors/rbkairos_ws/install/robotnik_supervisor_msgs/include/robotnik_supervisor_msgs/robotnik_supervisor_msgs/srv/detail/get_stack_logs__rosidl_typesupport_introspection_c.h
[18.650s] -- Installing: /home/hima/bachelors/rbkairos_ws/install/robotnik_supervisor_msgs/include/robotnik_supervisor_msgs/robotnik_supervisor_msgs/srv/detail/start_stack__type_support.c
[18.650s] -- Installing: /home/hima/bachelors/rbkairos_ws/install/robotnik_supervisor_msgs/include/robotnik_supervisor_msgs/robotnik_supervisor_msgs/srv/detail/start_stack__rosidl_typesupport_introspection_c.h
[18.650s] -- Installing: /home/hima/bachelors/rbkairos_ws/install/robotnik_supervisor_msgs/include/robotnik_supervisor_msgs/robotnik_supervisor_msgs/srv/detail/down_stack__type_support.c
[18.650s] -- Installing: /home/hima/bachelors/rbkairos_ws/install/robotnik_supervisor_msgs/include/robotnik_supervisor_msgs/robotnik_supervisor_msgs/srv/detail/stop_module__rosidl_typesupport_introspection_c.h
[18.650s] -- Installing: /home/hima/bachelors/rbkairos_ws/install/robotnik_supervisor_msgs/include/robotnik_supervisor_msgs/robotnik_supervisor_msgs/srv/detail/stop_stack__type_support.c
[18.650s] -- Installing: /home/hima/bachelors/rbkairos_ws/install/robotnik_supervisor_msgs/include/robotnik_supervisor_msgs/robotnik_supervisor_msgs/srv/detail/get_module_list__rosidl_typesupport_introspection_c.h
[18.650s] -- Installing: /home/hima/bachelors/rbkairos_ws/install/robotnik_supervisor_msgs/include/robotnik_supervisor_msgs/robotnik_supervisor_msgs/srv/detail/get_module_list__type_support.c
[18.650s] -- Installing: /home/hima/bachelors/rbkairos_ws/install/robotnik_supervisor_msgs/include/robotnik_supervisor_msgs/robotnik_supervisor_msgs/srv/detail/stop_module__type_support.c
[18.650s] -- Installing: /home/hima/bachelors/rbkairos_ws/install/robotnik_supervisor_msgs/include/robotnik_supervisor_msgs/robotnik_supervisor_msgs/srv/detail/get_stack_list__type_support.c
[18.650s] -- Installing: /home/hima/bachelors/rbkairos_ws/install/robotnik_supervisor_msgs/include/robotnik_supervisor_msgs/robotnik_supervisor_msgs/srv/detail/get_stack_list__rosidl_typesupport_introspection_c.h
[18.650s] -- Installing: /home/hima/bachelors/rbkairos_ws/install/robotnik_supervisor_msgs/include/robotnik_supervisor_msgs/robotnik_supervisor_msgs/srv/detail/get_stack_status__type_support.c
[18.650s] -- Installing: /home/hima/bachelors/rbkairos_ws/install/robotnik_supervisor_msgs/include/robotnik_supervisor_msgs/robotnik_supervisor_msgs/srv/detail/get_stack_logs__type_support.c
[18.650s] -- Installing: /home/hima/bachelors/rbkairos_ws/install/robotnik_supervisor_msgs/include/robotnik_supervisor_msgs/robotnik_supervisor_msgs/srv/detail/restart_stack__type_support.c
[18.650s] -- Installing: /home/hima/bachelors/rbkairos_ws/install/robotnik_supervisor_msgs/include/robotnik_supervisor_msgs/robotnik_supervisor_msgs/srv/detail/start_module__rosidl_typesupport_introspection_c.h
[18.650s] -- Installing: /home/hima/bachelors/rbkairos_ws/install/robotnik_supervisor_msgs/include/robotnik_supervisor_msgs/robotnik_supervisor_msgs/srv/detail/restart_stack__rosidl_typesupport_introspection_c.h
[18.650s] -- Up-to-date: /home/hima/bachelors/rbkairos_ws/install/robotnik_supervisor_msgs/include/robotnik_supervisor_msgs/robotnik_supervisor_msgs/msg
[18.650s] -- Installing: /home/hima/bachelors/rbkairos_ws/install/robotnik_supervisor_msgs/include/robotnik_supervisor_msgs/robotnik_supervisor_msgs/msg/rosidl_typesupport_introspection_c__visibility_control.h
[18.650s] -- Installing: /home/hima/bachelors/rbkairos_ws/install/robotnik_supervisor_msgs/lib/librobotnik_supervisor_msgs__rosidl_typesupport_introspection_c.so
[18.650s] -- Set runtime path of "/home/hima/bachelors/rbkairos_ws/install/robotnik_supervisor_msgs/lib/librobotnik_supervisor_msgs__rosidl_typesupport_introspection_c.so" to ""
[18.650s] -- Installing: /home/hima/bachelors/rbkairos_ws/install/robotnik_supervisor_msgs/lib/librobotnik_supervisor_msgs__rosidl_typesupport_c.so
[18.651s] -- Set runtime path of "/home/hima/bachelors/rbkairos_ws/install/robotnik_supervisor_msgs/lib/librobotnik_supervisor_msgs__rosidl_typesupport_c.so" to ""
[18.651s] -- Up-to-date: /home/hima/bachelors/rbkairos_ws/install/robotnik_supervisor_msgs/include/robotnik_supervisor_msgs/robotnik_supervisor_msgs
[18.651s] -- Up-to-date: /home/hima/bachelors/rbkairos_ws/install/robotnik_supervisor_msgs/include/robotnik_supervisor_msgs/robotnik_supervisor_msgs/srv
[18.651s] -- Up-to-date: /home/hima/bachelors/rbkairos_ws/install/robotnik_supervisor_msgs/include/robotnik_supervisor_msgs/robotnik_supervisor_msgs/srv/detail
[18.651s] -- Installing: /home/hima/bachelors/rbkairos_ws/install/robotnik_supervisor_msgs/include/robotnik_supervisor_msgs/robotnik_supervisor_msgs/srv/detail/stop_stack__rosidl_typesupport_introspection_cpp.hpp
[18.651s] -- Installing: /home/hima/bachelors/rbkairos_ws/install/robotnik_supervisor_msgs/include/robotnik_supervisor_msgs/robotnik_supervisor_msgs/srv/detail/down_stack__type_support.cpp
[18.651s] -- Installing: /home/hima/bachelors/rbkairos_ws/install/robotnik_supervisor_msgs/include/robotnik_supervisor_msgs/robotnik_supervisor_msgs/srv/detail/start_module__rosidl_typesupport_introspection_cpp.hpp
[18.651s] -- Installing: /home/hima/bachelors/rbkairos_ws/install/robotnik_supervisor_msgs/include/robotnik_supervisor_msgs/robotnik_supervisor_msgs/srv/detail/down_stack__rosidl_typesupport_introspection_cpp.hpp
[18.651s] -- Installing: /home/hima/bachelors/rbkairos_ws/install/robotnik_supervisor_msgs/include/robotnik_supervisor_msgs/robotnik_supervisor_msgs/srv/detail/start_stack__type_support.cpp
[18.651s] -- Installing: /home/hima/bachelors/rbkairos_ws/install/robotnik_supervisor_msgs/include/robotnik_supervisor_msgs/robotnik_supervisor_msgs/srv/detail/start_stack__rosidl_typesupport_introspection_cpp.hpp
[18.651s] -- Installing: /home/hima/bachelors/rbkairos_ws/install/robotnik_supervisor_msgs/include/robotnik_supervisor_msgs/robotnik_supervisor_msgs/srv/detail/get_stack_logs__rosidl_typesupport_introspection_cpp.hpp
[18.652s] -- Installing: /home/hima/bachelors/rbkairos_ws/install/robotnik_supervisor_msgs/include/robotnik_supervisor_msgs/robotnik_supervisor_msgs/srv/detail/restart_stack__type_support.cpp
[18.652s] -- Installing: /home/hima/bachelors/rbkairos_ws/install/robotnik_supervisor_msgs/include/robotnik_supervisor_msgs/robotnik_supervisor_msgs/srv/detail/get_module_list__type_support.cpp
[18.652s] -- Installing: /home/hima/bachelors/rbkairos_ws/install/robotnik_supervisor_msgs/include/robotnik_supervisor_msgs/robotnik_supervisor_msgs/srv/detail/get_stack_list__rosidl_typesupport_introspection_cpp.hpp
[18.652s] -- Installing: /home/hima/bachelors/rbkairos_ws/install/robotnik_supervisor_msgs/include/robotnik_supervisor_msgs/robotnik_supervisor_msgs/srv/detail/restart_stack__rosidl_typesupport_introspection_cpp.hpp
[18.652s] -- Installing: /home/hima/bachelors/rbkairos_ws/install/robotnik_supervisor_msgs/include/robotnik_supervisor_msgs/robotnik_supervisor_msgs/srv/detail/get_module_list__rosidl_typesupport_introspection_cpp.hpp
[18.652s] -- Installing: /home/hima/bachelors/rbkairos_ws/install/robotnik_supervisor_msgs/include/robotnik_supervisor_msgs/robotnik_supervisor_msgs/srv/detail/start_module__type_support.cpp
[18.652s] -- Installing: /home/hima/bachelors/rbkairos_ws/install/robotnik_supervisor_msgs/include/robotnik_supervisor_msgs/robotnik_supervisor_msgs/srv/detail/stop_module__rosidl_typesupport_introspection_cpp.hpp
[18.652s] -- Installing: /home/hima/bachelors/rbkairos_ws/install/robotnik_supervisor_msgs/include/robotnik_supervisor_msgs/robotnik_supervisor_msgs/srv/detail/get_stack_status__type_support.cpp
[18.652s] -- Installing: /home/hima/bachelors/rbkairos_ws/install/robotnik_supervisor_msgs/include/robotnik_supervisor_msgs/robotnik_supervisor_msgs/srv/detail/stop_module__type_support.cpp
[18.652s] -- Installing: /home/hima/bachelors/rbkairos_ws/install/robotnik_supervisor_msgs/include/robotnik_supervisor_msgs/robotnik_supervisor_msgs/srv/detail/get_stack_list__type_support.cpp
[18.652s] -- Installing: /home/hima/bachelors/rbkairos_ws/install/robotnik_supervisor_msgs/include/robotnik_supervisor_msgs/robotnik_supervisor_msgs/srv/detail/stop_stack__type_support.cpp
[18.652s] -- Installing: /home/hima/bachelors/rbkairos_ws/install/robotnik_supervisor_msgs/include/robotnik_supervisor_msgs/robotnik_supervisor_msgs/srv/detail/get_stack_logs__type_support.cpp
[18.653s] -- Installing: /home/hima/bachelors/rbkairos_ws/install/robotnik_supervisor_msgs/include/robotnik_supervisor_msgs/robotnik_supervisor_msgs/srv/detail/get_stack_status__rosidl_typesupport_introspection_cpp.hpp
[18.653s] -- Installing: /home/hima/bachelors/rbkairos_ws/install/robotnik_supervisor_msgs/lib/librobotnik_supervisor_msgs__rosidl_typesupport_introspection_cpp.so
[18.653s] -- Set runtime path of "/home/hima/bachelors/rbkairos_ws/install/robotnik_supervisor_msgs/lib/librobotnik_supervisor_msgs__rosidl_typesupport_introspection_cpp.so" to ""
[18.653s] -- Installing: /home/hima/bachelors/rbkairos_ws/install/robotnik_supervisor_msgs/lib/librobotnik_supervisor_msgs__rosidl_typesupport_cpp.so
[18.653s] -- Set runtime path of "/home/hima/bachelors/rbkairos_ws/install/robotnik_supervisor_msgs/lib/librobotnik_supervisor_msgs__rosidl_typesupport_cpp.so" to ""
[18.653s] -- Installing: /home/hima/bachelors/rbkairos_ws/install/robotnik_supervisor_msgs/share/robotnik_supervisor_msgs/environment/pythonpath.sh
[18.653s] -- Installing: /home/hima/bachelors/rbkairos_ws/install/robotnik_supervisor_msgs/share/robotnik_supervisor_msgs/environment/pythonpath.dsv
[18.653s] -- Installing: /home/hima/bachelors/rbkairos_ws/install/robotnik_supervisor_msgs/local/lib/python3.10/dist-packages/robotnik_supervisor_msgs-1.0.0-py3.10.egg-info
[18.653s] -- Installing: /home/hima/bachelors/rbkairos_ws/install/robotnik_supervisor_msgs/local/lib/python3.10/dist-packages/robotnik_supervisor_msgs-1.0.0-py3.10.egg-info/top_level.txt
[18.653s] -- Installing: /home/hima/bachelors/rbkairos_ws/install/robotnik_supervisor_msgs/local/lib/python3.10/dist-packages/robotnik_supervisor_msgs-1.0.0-py3.10.egg-info/PKG-INFO
[18.653s] -- Installing: /home/hima/bachelors/rbkairos_ws/install/robotnik_supervisor_msgs/local/lib/python3.10/dist-packages/robotnik_supervisor_msgs-1.0.0-py3.10.egg-info/SOURCES.txt
[18.653s] -- Installing: /home/hima/bachelors/rbkairos_ws/install/robotnik_supervisor_msgs/local/lib/python3.10/dist-packages/robotnik_supervisor_msgs-1.0.0-py3.10.egg-info/dependency_links.txt
[18.653s] -- Installing: /home/hima/bachelors/rbkairos_ws/install/robotnik_supervisor_msgs/local/lib/python3.10/dist-packages/robotnik_supervisor_msgs
[18.653s] -- Installing: /home/hima/bachelors/rbkairos_ws/install/robotnik_supervisor_msgs/local/lib/python3.10/dist-packages/robotnik_supervisor_msgs/_robotnik_supervisor_msgs_s.ep.rosidl_typesupport_introspection_c.c
[18.653s] -- Installing: /home/hima/bachelors/rbkairos_ws/install/robotnik_supervisor_msgs/local/lib/python3.10/dist-packages/robotnik_supervisor_msgs/srv
[18.654s] -- Installing: /home/hima/bachelors/rbkairos_ws/install/robotnik_supervisor_msgs/local/lib/python3.10/dist-packages/robotnik_supervisor_msgs/srv/_start_stack_s.c
[18.654s] -- Installing: /home/hima/bachelors/rbkairos_ws/install/robotnik_supervisor_msgs/local/lib/python3.10/dist-packages/robotnik_supervisor_msgs/srv/_down_stack_s.c
[18.654s] -- Installing: /home/hima/bachelors/rbkairos_ws/install/robotnik_supervisor_msgs/local/lib/python3.10/dist-packages/robotnik_supervisor_msgs/srv/_get_stack_logs_s.c
[18.654s] -- Installing: /home/hima/bachelors/rbkairos_ws/install/robotnik_supervisor_msgs/local/lib/python3.10/dist-packages/robotnik_supervisor_msgs/srv/_start_module_s.c
[18.654s] -- Installing: /home/hima/bachelors/rbkairos_ws/install/robotnik_supervisor_msgs/local/lib/python3.10/dist-packages/robotnik_supervisor_msgs/srv/_stop_stack_s.c
[18.654s] -- Installing: /home/hima/bachelors/rbkairos_ws/install/robotnik_supervisor_msgs/local/lib/python3.10/dist-packages/robotnik_supervisor_msgs/srv/_stop_module.py
[18.654s] -- Installing: /home/hima/bachelors/rbkairos_ws/install/robotnik_supervisor_msgs/local/lib/python3.10/dist-packages/robotnik_supervisor_msgs/srv/_get_stack_list.py
[18.654s] -- Installing: /home/hima/bachelors/rbkairos_ws/install/robotnik_supervisor_msgs/local/lib/python3.10/dist-packages/robotnik_supervisor_msgs/srv/_restart_stack_s.c
[18.654s] -- Installing: /home/hima/bachelors/rbkairos_ws/install/robotnik_supervisor_msgs/local/lib/python3.10/dist-packages/robotnik_supervisor_msgs/srv/_start_stack.py
[18.654s] -- Installing: /home/hima/bachelors/rbkairos_ws/install/robotnik_supervisor_msgs/local/lib/python3.10/dist-packages/robotnik_supervisor_msgs/srv/_restart_stack.py
[18.654s] -- Installing: /home/hima/bachelors/rbkairos_ws/install/robotnik_supervisor_msgs/local/lib/python3.10/dist-packages/robotnik_supervisor_msgs/srv/_start_module.py
[18.655s] -- Installing: /home/hima/bachelors/rbkairos_ws/install/robotnik_supervisor_msgs/local/lib/python3.10/dist-packages/robotnik_supervisor_msgs/srv/_get_stack_logs.py
[18.655s] -- Installing: /home/hima/bachelors/rbkairos_ws/install/robotnik_supervisor_msgs/local/lib/python3.10/dist-packages/robotnik_supervisor_msgs/srv/__init__.py
[18.655s] -- Installing: /home/hima/bachelors/rbkairos_ws/install/robotnik_supervisor_msgs/local/lib/python3.10/dist-packages/robotnik_supervisor_msgs/srv/_get_stack_list_s.c
[18.655s] -- Installing: /home/hima/bachelors/rbkairos_ws/install/robotnik_supervisor_msgs/local/lib/python3.10/dist-packages/robotnik_supervisor_msgs/srv/_get_module_list.py
[18.655s] -- Installing: /home/hima/bachelors/rbkairos_ws/install/robotnik_supervisor_msgs/local/lib/python3.10/dist-packages/robotnik_supervisor_msgs/srv/_get_module_list_s.c
[18.655s] -- Installing: /home/hima/bachelors/rbkairos_ws/install/robotnik_supervisor_msgs/local/lib/python3.10/dist-packages/robotnik_supervisor_msgs/srv/_get_stack_status.py
[18.655s] -- Installing: /home/hima/bachelors/rbkairos_ws/install/robotnik_supervisor_msgs/local/lib/python3.10/dist-packages/robotnik_supervisor_msgs/srv/_get_stack_status_s.c
[18.656s] -- Installing: /home/hima/bachelors/rbkairos_ws/install/robotnik_supervisor_msgs/local/lib/python3.10/dist-packages/robotnik_supervisor_msgs/srv/_down_stack.py
[18.656s] -- Installing: /home/hima/bachelors/rbkairos_ws/install/robotnik_supervisor_msgs/local/lib/python3.10/dist-packages/robotnik_supervisor_msgs/srv/_stop_stack.py
[18.656s] -- Installing: /home/hima/bachelors/rbkairos_ws/install/robotnik_supervisor_msgs/local/lib/python3.10/dist-packages/robotnik_supervisor_msgs/srv/_stop_module_s.c
[18.657s] -- Installing: /home/hima/bachelors/rbkairos_ws/install/robotnik_supervisor_msgs/local/lib/python3.10/dist-packages/robotnik_supervisor_msgs/robotnik_supervisor_msgs_s__rosidl_typesupport_introspection_c.cpython-310-x86_64-linux-gnu.so
[18.659s] -- Installing: /home/hima/bachelors/rbkairos_ws/install/robotnik_supervisor_msgs/local/lib/python3.10/dist-packages/robotnik_supervisor_msgs/librobotnik_supervisor_msgs__rosidl_generator_py.so
[18.665s] -- Installing: /home/hima/bachelors/rbkairos_ws/install/robotnik_supervisor_msgs/local/lib/python3.10/dist-packages/robotnik_supervisor_msgs/_robotnik_supervisor_msgs_s.ep.rosidl_typesupport_c.c
[18.667s] -- Installing: /home/hima/bachelors/rbkairos_ws/install/robotnik_supervisor_msgs/local/lib/python3.10/dist-packages/robotnik_supervisor_msgs/_robotnik_supervisor_msgs_s.ep.rosidl_typesupport_fastrtps_c.c
[18.668s] -- Installing: /home/hima/bachelors/rbkairos_ws/install/robotnik_supervisor_msgs/local/lib/python3.10/dist-packages/robotnik_supervisor_msgs/__init__.py
[18.669s] -- Installing: /home/hima/bachelors/rbkairos_ws/install/robotnik_supervisor_msgs/local/lib/python3.10/dist-packages/robotnik_supervisor_msgs/robotnik_supervisor_msgs_s__rosidl_typesupport_c.cpython-310-x86_64-linux-gnu.so
[18.670s] -- Installing: /home/hima/bachelors/rbkairos_ws/install/robotnik_supervisor_msgs/local/lib/python3.10/dist-packages/robotnik_supervisor_msgs/robotnik_supervisor_msgs_s__rosidl_typesupport_fastrtps_c.cpython-310-x86_64-linux-gnu.so
[18.744s] Listing '/home/hima/bachelors/rbkairos_ws/install/robotnik_supervisor_msgs/local/lib/python3.10/dist-packages/robotnik_supervisor_msgs'...
[18.748s] Compiling '/home/hima/bachelors/rbkairos_ws/install/robotnik_supervisor_msgs/local/lib/python3.10/dist-packages/robotnik_supervisor_msgs/__init__.py'...
[18.751s] Listing '/home/hima/bachelors/rbkairos_ws/install/robotnik_supervisor_msgs/local/lib/python3.10/dist-packages/robotnik_supervisor_msgs/srv'...
[18.753s] Compiling '/home/hima/bachelors/rbkairos_ws/install/robotnik_supervisor_msgs/local/lib/python3.10/dist-packages/robotnik_supervisor_msgs/srv/__init__.py'...
[18.754s] Compiling '/home/hima/bachelors/rbkairos_ws/install/robotnik_supervisor_msgs/local/lib/python3.10/dist-packages/robotnik_supervisor_msgs/srv/_down_stack.py'...
[18.760s] Compiling '/home/hima/bachelors/rbkairos_ws/install/robotnik_supervisor_msgs/local/lib/python3.10/dist-packages/robotnik_supervisor_msgs/srv/_get_module_list.py'...
[18.760s] Compiling '/home/hima/bachelors/rbkairos_ws/install/robotnik_supervisor_msgs/local/lib/python3.10/dist-packages/robotnik_supervisor_msgs/srv/_get_stack_list.py'...
[18.761s] Compiling '/home/hima/bachelors/rbkairos_ws/install/robotnik_supervisor_msgs/local/lib/python3.10/dist-packages/robotnik_supervisor_msgs/srv/_get_stack_logs.py'...
[18.761s] Compiling '/home/hima/bachelors/rbkairos_ws/install/robotnik_supervisor_msgs/local/lib/python3.10/dist-packages/robotnik_supervisor_msgs/srv/_get_stack_status.py'...
[18.761s] Compiling '/home/hima/bachelors/rbkairos_ws/install/robotnik_supervisor_msgs/local/lib/python3.10/dist-packages/robotnik_supervisor_msgs/srv/_restart_stack.py'...
[18.761s] Compiling '/home/hima/bachelors/rbkairos_ws/install/robotnik_supervisor_msgs/local/lib/python3.10/dist-packages/robotnik_supervisor_msgs/srv/_start_module.py'...
[18.761s] Compiling '/home/hima/bachelors/rbkairos_ws/install/robotnik_supervisor_msgs/local/lib/python3.10/dist-packages/robotnik_supervisor_msgs/srv/_start_stack.py'...
[18.761s] Compiling '/home/hima/bachelors/rbkairos_ws/install/robotnik_supervisor_msgs/local/lib/python3.10/dist-packages/robotnik_supervisor_msgs/srv/_stop_module.py'...
[18.761s] Compiling '/home/hima/bachelors/rbkairos_ws/install/robotnik_supervisor_msgs/local/lib/python3.10/dist-packages/robotnik_supervisor_msgs/srv/_stop_stack.py'...
[18.761s] -- Installing: /home/hima/bachelors/rbkairos_ws/install/robotnik_supervisor_msgs/local/lib/python3.10/dist-packages/robotnik_supervisor_msgs/robotnik_supervisor_msgs_s__rosidl_typesupport_fastrtps_c.cpython-310-x86_64-linux-gnu.so
[18.761s] -- Set runtime path of "/home/hima/bachelors/rbkairos_ws/install/robotnik_supervisor_msgs/local/lib/python3.10/dist-packages/robotnik_supervisor_msgs/robotnik_supervisor_msgs_s__rosidl_typesupport_fastrtps_c.cpython-310-x86_64-linux-gnu.so" to ""
[18.761s] -- Installing: /home/hima/bachelors/rbkairos_ws/install/robotnik_supervisor_msgs/local/lib/python3.10/dist-packages/robotnik_supervisor_msgs/robotnik_supervisor_msgs_s__rosidl_typesupport_introspection_c.cpython-310-x86_64-linux-gnu.so
[18.761s] -- Set runtime path of "/home/hima/bachelors/rbkairos_ws/install/robotnik_supervisor_msgs/local/lib/python3.10/dist-packages/robotnik_supervisor_msgs/robotnik_supervisor_msgs_s__rosidl_typesupport_introspection_c.cpython-310-x86_64-linux-gnu.so" to ""
[18.761s] -- Installing: /home/hima/bachelors/rbkairos_ws/install/robotnik_supervisor_msgs/local/lib/python3.10/dist-packages/robotnik_supervisor_msgs/robotnik_supervisor_msgs_s__rosidl_typesupport_c.cpython-310-x86_64-linux-gnu.so
[18.761s] -- Set runtime path of "/home/hima/bachelors/rbkairos_ws/install/robotnik_supervisor_msgs/local/lib/python3.10/dist-packages/robotnik_supervisor_msgs/robotnik_supervisor_msgs_s__rosidl_typesupport_c.cpython-310-x86_64-linux-gnu.so" to ""
[18.761s] -- Installing: /home/hima/bachelors/rbkairos_ws/install/robotnik_supervisor_msgs/lib/librobotnik_supervisor_msgs__rosidl_generator_py.so
[18.762s] -- Set runtime path of "/home/hima/bachelors/rbkairos_ws/install/robotnik_supervisor_msgs/lib/librobotnik_supervisor_msgs__rosidl_generator_py.so" to ""
[18.762s] -- Installing: /home/hima/bachelors/rbkairos_ws/install/robotnik_supervisor_msgs/share/robotnik_supervisor_msgs/srv/DownStack.idl
[18.762s] -- Installing: /home/hima/bachelors/rbkairos_ws/install/robotnik_supervisor_msgs/share/robotnik_supervisor_msgs/srv/GetModuleList.idl
[18.762s] -- Installing: /home/hima/bachelors/rbkairos_ws/install/robotnik_supervisor_msgs/share/robotnik_supervisor_msgs/srv/GetStackList.idl
[18.762s] -- Installing: /home/hima/bachelors/rbkairos_ws/install/robotnik_supervisor_msgs/share/robotnik_supervisor_msgs/srv/GetStackLogs.idl
[18.762s] -- Installing: /home/hima/bachelors/rbkairos_ws/install/robotnik_supervisor_msgs/share/robotnik_supervisor_msgs/srv/GetStackStatus.idl
[18.762s] -- Installing: /home/hima/bachelors/rbkairos_ws/install/robotnik_supervisor_msgs/share/robotnik_supervisor_msgs/srv/RestartStack.idl
[18.762s] -- Installing: /home/hima/bachelors/rbkairos_ws/install/robotnik_supervisor_msgs/share/robotnik_supervisor_msgs/srv/StartModule.idl
[18.762s] -- Installing: /home/hima/bachelors/rbkairos_ws/install/robotnik_supervisor_msgs/share/robotnik_supervisor_msgs/srv/StartStack.idl
[18.762s] -- Installing: /home/hima/bachelors/rbkairos_ws/install/robotnik_supervisor_msgs/share/robotnik_supervisor_msgs/srv/StopModule.idl
[18.762s] -- Installing: /home/hima/bachelors/rbkairos_ws/install/robotnik_supervisor_msgs/share/robotnik_supervisor_msgs/srv/StopStack.idl
[18.762s] -- Installing: /home/hima/bachelors/rbkairos_ws/install/robotnik_supervisor_msgs/share/robotnik_supervisor_msgs/srv/DownStack.srv
[18.762s] -- Installing: /home/hima/bachelors/rbkairos_ws/install/robotnik_supervisor_msgs/share/robotnik_supervisor_msgs/srv/DownStack_Request.msg
[18.762s] -- Installing: /home/hima/bachelors/rbkairos_ws/install/robotnik_supervisor_msgs/share/robotnik_supervisor_msgs/srv/DownStack_Response.msg
[18.763s] -- Installing: /home/hima/bachelors/rbkairos_ws/install/robotnik_supervisor_msgs/share/robotnik_supervisor_msgs/srv/GetModuleList.srv
[18.763s] -- Installing: /home/hima/bachelors/rbkairos_ws/install/robotnik_supervisor_msgs/share/robotnik_supervisor_msgs/srv/GetModuleList_Request.msg
[18.764s] -- Installing: /home/hima/bachelors/rbkairos_ws/install/robotnik_supervisor_msgs/share/robotnik_supervisor_msgs/srv/GetModuleList_Response.msg
[18.764s] -- Installing: /home/hima/bachelors/rbkairos_ws/install/robotnik_supervisor_msgs/share/robotnik_supervisor_msgs/srv/GetStackList.srv
[18.764s] -- Installing: /home/hima/bachelors/rbkairos_ws/install/robotnik_supervisor_msgs/share/robotnik_supervisor_msgs/srv/GetStackList_Request.msg
[18.764s] -- Installing: /home/hima/bachelors/rbkairos_ws/install/robotnik_supervisor_msgs/share/robotnik_supervisor_msgs/srv/GetStackList_Response.msg
[18.764s] -- Installing: /home/hima/bachelors/rbkairos_ws/install/robotnik_supervisor_msgs/share/robotnik_supervisor_msgs/srv/GetStackLogs.srv
[18.764s] -- Installing: /home/hima/bachelors/rbkairos_ws/install/robotnik_supervisor_msgs/share/robotnik_supervisor_msgs/srv/GetStackLogs_Request.msg
[18.764s] -- Installing: /home/hima/bachelors/rbkairos_ws/install/robotnik_supervisor_msgs/share/robotnik_supervisor_msgs/srv/GetStackLogs_Response.msg
[18.764s] -- Installing: /home/hima/bachelors/rbkairos_ws/install/robotnik_supervisor_msgs/share/robotnik_supervisor_msgs/srv/GetStackStatus.srv
[18.764s] -- Installing: /home/hima/bachelors/rbkairos_ws/install/robotnik_supervisor_msgs/share/robotnik_supervisor_msgs/srv/GetStackStatus_Request.msg
[18.764s] -- Installing: /home/hima/bachelors/rbkairos_ws/install/robotnik_supervisor_msgs/share/robotnik_supervisor_msgs/srv/GetStackStatus_Response.msg
[18.764s] -- Installing: /home/hima/bachelors/rbkairos_ws/install/robotnik_supervisor_msgs/share/robotnik_supervisor_msgs/srv/RestartStack.srv
[18.764s] -- Installing: /home/hima/bachelors/rbkairos_ws/install/robotnik_supervisor_msgs/share/robotnik_supervisor_msgs/srv/RestartStack_Request.msg
[18.764s] -- Installing: /home/hima/bachelors/rbkairos_ws/install/robotnik_supervisor_msgs/share/robotnik_supervisor_msgs/srv/RestartStack_Response.msg
[18.764s] -- Installing: /home/hima/bachelors/rbkairos_ws/install/robotnik_supervisor_msgs/share/robotnik_supervisor_msgs/srv/StartModule.srv
[18.764s] -- Installing: /home/hima/bachelors/rbkairos_ws/install/robotnik_supervisor_msgs/share/robotnik_supervisor_msgs/srv/StartModule_Request.msg
[18.764s] -- Installing: /home/hima/bachelors/rbkairos_ws/install/robotnik_supervisor_msgs/share/robotnik_supervisor_msgs/srv/StartModule_Response.msg
[18.764s] -- Installing: /home/hima/bachelors/rbkairos_ws/install/robotnik_supervisor_msgs/share/robotnik_supervisor_msgs/srv/StartStack.srv
[18.765s] -- Installing: /home/hima/bachelors/rbkairos_ws/install/robotnik_supervisor_msgs/share/robotnik_supervisor_msgs/srv/StartStack_Request.msg
[18.765s] -- Installing: /home/hima/bachelors/rbkairos_ws/install/robotnik_supervisor_msgs/share/robotnik_supervisor_msgs/srv/StartStack_Response.msg
[18.765s] -- Installing: /home/hima/bachelors/rbkairos_ws/install/robotnik_supervisor_msgs/share/robotnik_supervisor_msgs/srv/StopModule.srv
[18.765s] -- Installing: /home/hima/bachelors/rbkairos_ws/install/robotnik_supervisor_msgs/share/robotnik_supervisor_msgs/srv/StopModule_Request.msg
[18.765s] -- Installing: /home/hima/bachelors/rbkairos_ws/install/robotnik_supervisor_msgs/share/robotnik_supervisor_msgs/srv/StopModule_Response.msg
[18.765s] -- Installing: /home/hima/bachelors/rbkairos_ws/install/robotnik_supervisor_msgs/share/robotnik_supervisor_msgs/srv/StopStack.srv
[18.765s] -- Installing: /home/hima/bachelors/rbkairos_ws/install/robotnik_supervisor_msgs/share/robotnik_supervisor_msgs/srv/StopStack_Request.msg
[18.765s] -- Installing: /home/hima/bachelors/rbkairos_ws/install/robotnik_supervisor_msgs/share/robotnik_supervisor_msgs/srv/StopStack_Response.msg
[18.765s] -- Installing: /home/hima/bachelors/rbkairos_ws/install/robotnik_supervisor_msgs/share/ament_index/resource_index/package_run_dependencies/robotnik_supervisor_msgs
[18.765s] -- Installing: /home/hima/bachelors/rbkairos_ws/install/robotnik_supervisor_msgs/share/ament_index/resource_index/parent_prefix_path/robotnik_supervisor_msgs
[18.766s] -- Installing: /home/hima/bachelors/rbkairos_ws/install/robotnik_supervisor_msgs/share/robotnik_supervisor_msgs/environment/ament_prefix_path.sh
[18.766s] -- Installing: /home/hima/bachelors/rbkairos_ws/install/robotnik_supervisor_msgs/share/robotnik_supervisor_msgs/environment/ament_prefix_path.dsv
[18.766s] -- Installing: /home/hima/bachelors/rbkairos_ws/install/robotnik_supervisor_msgs/share/robotnik_supervisor_msgs/environment/path.sh
[18.766s] -- Installing: /home/hima/bachelors/rbkairos_ws/install/robotnik_supervisor_msgs/share/robotnik_supervisor_msgs/environment/path.dsv
[18.766s] -- Installing: /home/hima/bachelors/rbkairos_ws/install/robotnik_supervisor_msgs/share/robotnik_supervisor_msgs/local_setup.bash
[18.766s] -- Installing: /home/hima/bachelors/rbkairos_ws/install/robotnik_supervisor_msgs/share/robotnik_supervisor_msgs/local_setup.sh
[18.766s] -- Installing: /home/hima/bachelors/rbkairos_ws/install/robotnik_supervisor_msgs/share/robotnik_supervisor_msgs/local_setup.zsh
[18.767s] -- Installing: /home/hima/bachelors/rbkairos_ws/install/robotnik_supervisor_msgs/share/robotnik_supervisor_msgs/local_setup.dsv
[18.767s] -- Installing: /home/hima/bachelors/rbkairos_ws/install/robotnik_supervisor_msgs/share/robotnik_supervisor_msgs/package.dsv
[18.767s] -- Installing: /home/hima/bachelors/rbkairos_ws/install/robotnik_supervisor_msgs/share/ament_index/resource_index/packages/robotnik_supervisor_msgs
[18.767s] -- Installing: /home/hima/bachelors/rbkairos_ws/install/robotnik_supervisor_msgs/share/robotnik_supervisor_msgs/cmake/export_robotnik_supervisor_msgs__rosidl_generator_cExport.cmake
[18.767s] -- Installing: /home/hima/bachelors/rbkairos_ws/install/robotnik_supervisor_msgs/share/robotnik_supervisor_msgs/cmake/export_robotnik_supervisor_msgs__rosidl_generator_cExport-noconfig.cmake
[18.767s] -- Installing: /home/hima/bachelors/rbkairos_ws/install/robotnik_supervisor_msgs/share/robotnik_supervisor_msgs/cmake/export_robotnik_supervisor_msgs__rosidl_typesupport_fastrtps_cExport.cmake
[18.767s] -- Installing: /home/hima/bachelors/rbkairos_ws/install/robotnik_supervisor_msgs/share/robotnik_supervisor_msgs/cmake/export_robotnik_supervisor_msgs__rosidl_typesupport_fastrtps_cExport-noconfig.cmake
[18.767s] -- Installing: /home/hima/bachelors/rbkairos_ws/install/robotnik_supervisor_msgs/share/robotnik_supervisor_msgs/cmake/export_robotnik_supervisor_msgs__rosidl_generator_cppExport.cmake
[18.767s] -- Installing: /home/hima/bachelors/rbkairos_ws/install/robotnik_supervisor_msgs/share/robotnik_supervisor_msgs/cmake/export_robotnik_supervisor_msgs__rosidl_typesupport_fastrtps_cppExport.cmake
[18.767s] -- Installing: /home/hima/bachelors/rbkairos_ws/install/robotnik_supervisor_msgs/share/robotnik_supervisor_msgs/cmake/export_robotnik_supervisor_msgs__rosidl_typesupport_fastrtps_cppExport-noconfig.cmake
[18.767s] -- Installing: /home/hima/bachelors/rbkairos_ws/install/robotnik_supervisor_msgs/share/robotnik_supervisor_msgs/cmake/robotnik_supervisor_msgs__rosidl_typesupport_introspection_cExport.cmake
[18.767s] -- Installing: /home/hima/bachelors/rbkairos_ws/install/robotnik_supervisor_msgs/share/robotnik_supervisor_msgs/cmake/robotnik_supervisor_msgs__rosidl_typesupport_introspection_cExport-noconfig.cmake
[18.767s] -- Installing: /home/hima/bachelors/rbkairos_ws/install/robotnik_supervisor_msgs/share/robotnik_supervisor_msgs/cmake/robotnik_supervisor_msgs__rosidl_typesupport_cExport.cmake
[18.767s] -- Installing: /home/hima/bachelors/rbkairos_ws/install/robotnik_supervisor_msgs/share/robotnik_supervisor_msgs/cmake/robotnik_supervisor_msgs__rosidl_typesupport_cExport-noconfig.cmake
[18.767s] -- Installing: /home/hima/bachelors/rbkairos_ws/install/robotnik_supervisor_msgs/share/robotnik_supervisor_msgs/cmake/robotnik_supervisor_msgs__rosidl_typesupport_introspection_cppExport.cmake
[18.768s] -- Installing: /home/hima/bachelors/rbkairos_ws/install/robotnik_supervisor_msgs/share/robotnik_supervisor_msgs/cmake/robotnik_supervisor_msgs__rosidl_typesupport_introspection_cppExport-noconfig.cmake
[18.768s] -- Installing: /home/hima/bachelors/rbkairos_ws/install/robotnik_supervisor_msgs/share/robotnik_supervisor_msgs/cmake/robotnik_supervisor_msgs__rosidl_typesupport_cppExport.cmake
[18.768s] -- Installing: /home/hima/bachelors/rbkairos_ws/install/robotnik_supervisor_msgs/share/robotnik_supervisor_msgs/cmake/robotnik_supervisor_msgs__rosidl_typesupport_cppExport-noconfig.cmake
[18.768s] -- Installing: /home/hima/bachelors/rbkairos_ws/install/robotnik_supervisor_msgs/share/robotnik_supervisor_msgs/cmake/export_robotnik_supervisor_msgs__rosidl_generator_pyExport.cmake
[18.768s] -- Installing: /home/hima/bachelors/rbkairos_ws/install/robotnik_supervisor_msgs/share/robotnik_supervisor_msgs/cmake/export_robotnik_supervisor_msgs__rosidl_generator_pyExport-noconfig.cmake
[18.768s] -- Installing: /home/hima/bachelors/rbkairos_ws/install/robotnik_supervisor_msgs/share/robotnik_supervisor_msgs/cmake/rosidl_cmake-extras.cmake
[18.768s] -- Installing: /home/hima/bachelors/rbkairos_ws/install/robotnik_supervisor_msgs/share/robotnik_supervisor_msgs/cmake/ament_cmake_export_dependencies-extras.cmake
[18.768s] -- Installing: /home/hima/bachelors/rbkairos_ws/install/robotnik_supervisor_msgs/share/robotnik_supervisor_msgs/cmake/ament_cmake_export_include_directories-extras.cmake
[18.768s] -- Installing: /home/hima/bachelors/rbkairos_ws/install/robotnik_supervisor_msgs/share/robotnik_supervisor_msgs/cmake/ament_cmake_export_libraries-extras.cmake
[18.768s] -- Installing: /home/hima/bachelors/rbkairos_ws/install/robotnik_supervisor_msgs/share/robotnik_supervisor_msgs/cmake/ament_cmake_export_targets-extras.cmake
[18.768s] -- Installing: /home/hima/bachelors/rbkairos_ws/install/robotnik_supervisor_msgs/share/robotnik_supervisor_msgs/cmake/rosidl_cmake_export_typesupport_targets-extras.cmake
[18.768s] -- Installing: /home/hima/bachelors/rbkairos_ws/install/robotnik_supervisor_msgs/share/robotnik_supervisor_msgs/cmake/rosidl_cmake_export_typesupport_libraries-extras.cmake
[18.768s] -- Installing: /home/hima/bachelors/rbkairos_ws/install/robotnik_supervisor_msgs/share/robotnik_supervisor_msgs/cmake/robotnik_supervisor_msgsConfig.cmake
[18.768s] -- Installing: /home/hima/bachelors/rbkairos_ws/install/robotnik_supervisor_msgs/share/robotnik_supervisor_msgs/cmake/robotnik_supervisor_msgsConfig-version.cmake
[18.768s] -- Installing: /home/hima/bachelors/rbkairos_ws/install/robotnik_supervisor_msgs/share/robotnik_supervisor_msgs/package.xml
[18.809s] Invoked command in '/home/hima/bachelors/rbkairos_ws/build/robotnik_supervisor_msgs' returned '0': CMAKE_PREFIX_PATH=/home/hima/bachelors/rbkairos_ws/install/robotnik_common_msgs:/home/hima/bachelors/rbkairos_ws/install/ros2_laser_scan_merger:/home/hima/bachelors/rbkairos_ws/install/ros2_laser_scan_matcher:/home/hima/bachelors/rbkairos_ws/install/robotnik_supervisor_msgs:/home/hima/bachelors/rbkairos_ws/install/robotnik_gazebo_ignition:/home/hima/bachelors/rbkairos_ws/install/robotnik_gazebo_classic:/home/hima/bachelors/rbkairos_ws/install/mapping:/home/hima/bachelors/rbkairos_ws/install/robotnik_description:/home/hima/bachelors/rbkairos_ws/install/robotnik_sensors:/home/hima/bachelors/rbkairos_ws/install/robotnik_interfaces:/home/hima/bachelors/rbkairos_ws/install/robotnik_safety_msgs:/home/hima/bachelors/rbkairos_ws/install/robotnik_perception_msgs:/home/hima/bachelors/rbkairos_ws/install/robotnik_navigation_msgs:/home/hima/bachelors/rbkairos_ws/install/robotnik_io_msgs:/home/hima/bachelors/rbkairos_ws/install/robotnik_controllers_msgs:/home/hima/bachelors/rbkairos_ws/install/robotnik_common:/home/hima/bachelors/rbkairos_ws/install/robotnik_battery_msgs:/home/hima/bachelors/rbkairos_ws/install/csm:/opt/ros/humble LD_LIBRARY_PATH=/home/hima/bachelors/rbkairos_ws/install/robotnik_common_msgs/lib:/home/hima/bachelors/rbkairos_ws/install/robotnik_supervisor_msgs/lib:/home/hima/bachelors/rbkairos_ws/install/robotnik_perception_msgs/lib:/home/hima/bachelors/rbkairos_ws/install/robotnik_navigation_msgs/lib:/home/hima/bachelors/rbkairos_ws/install/robotnik_io_msgs/lib:/home/hima/bachelors/rbkairos_ws/install/robotnik_controllers_msgs/lib:/home/hima/bachelors/rbkairos_ws/install/robotnik_battery_msgs/lib:/home/hima/bachelors/rbkairos_ws/install/csm/lib:/usr/lib/x86_64-linux-gnu/gazebo-11/plugins:/opt/ros/humble/opt/rviz_ogre_vendor/lib:/opt/ros/humble/lib/x86_64-linux-gnu:/opt/ros/humble/lib /usr/bin/cmake --install /home/hima/bachelors/rbkairos_ws/build/robotnik_supervisor_msgs
