[0.101s] Invoking command in '/home/hima/bachelors/rbkairos_ws/build/robotnik_common_msgs': CMAKE_PREFIX_PATH=${CMAKE_PREFIX_PATH}:/opt/ros/humble /usr/bin/cmake --build /home/hima/bachelors/rbkairos_ws/build/robotnik_common_msgs -- -j16 -l16
[0.249s] [  1%] Built target robotnik_common_msgs__cpp
[0.261s] [ 12%] Built target robotnik_common_msgs__rosidl_generator_c
[0.280s] [ 12%] Built target ament_cmake_python_copy_robotnik_common_msgs
[0.312s] [ 35%] Built target robotnik_common_msgs__rosidl_typesupport_fastrtps_cpp
[0.312s] [ 35%] Built target robotnik_common_msgs__rosidl_typesupport_introspection_cpp
[0.312s] [ 46%] Built target robotnik_common_msgs__rosidl_typesupport_cpp
[0.313s] [ 57%] Built target robotnik_common_msgs__rosidl_typesupport_introspection_c
[0.322s] [ 69%] Built target robotnik_common_msgs__rosidl_typesupport_c
[0.339s] [ 80%] Built target robotnik_common_msgs__rosidl_typesupport_fastrtps_c
[0.390s] [ 80%] Built target robotnik_common_msgs
[0.474s] [ 81%] Built target robotnik_common_msgs__py
[0.495s] [ 91%] Built target robotnik_common_msgs__rosidl_generator_py
[0.513s] [ 94%] Built target robotnik_common_msgs__rosidl_typesupport_introspection_c__pyext
[0.525s] [ 97%] Built target robotnik_common_msgs__rosidl_typesupport_c__pyext
[0.603s] [100%] Built target robotnik_common_msgs__rosidl_typesupport_fastrtps_c__pyext
[1.655s] running egg_info
[1.656s] writing robotnik_common_msgs.egg-info/PKG-INFO
[1.656s] writing dependency_links to robotnik_common_msgs.egg-info/dependency_links.txt
[1.656s] writing top-level names to robotnik_common_msgs.egg-info/top_level.txt
[1.668s] reading manifest file 'robotnik_common_msgs.egg-info/SOURCES.txt'
[1.669s] writing manifest file 'robotnik_common_msgs.egg-info/SOURCES.txt'
[1.709s] [100%] Built target ament_cmake_python_build_robotnik_common_msgs_egg
[1.722s] Invoked command in '/home/hima/bachelors/rbkairos_ws/build/robotnik_common_msgs' returned '0': CMAKE_PREFIX_PATH=${CMAKE_PREFIX_PATH}:/opt/ros/humble /usr/bin/cmake --build /home/hima/bachelors/rbkairos_ws/build/robotnik_common_msgs -- -j16 -l16
[1.727s] Invoking command in '/home/hima/bachelors/rbkairos_ws/build/robotnik_common_msgs': CMAKE_PREFIX_PATH=${CMAKE_PREFIX_PATH}:/opt/ros/humble /usr/bin/cmake --install /home/hima/bachelors/rbkairos_ws/build/robotnik_common_msgs
[1.741s] -- Install configuration: ""
[1.741s] -- Up-to-date: /home/hima/bachelors/rbkairos_ws/install/robotnik_common_msgs/share/ament_index/resource_index/rosidl_interfaces/robotnik_common_msgs
[1.742s] -- Up-to-date: /home/hima/bachelors/rbkairos_ws/install/robotnik_common_msgs/include/robotnik_common_msgs/robotnik_common_msgs
[1.742s] -- Up-to-date: /home/hima/bachelors/rbkairos_ws/install/robotnik_common_msgs/include/robotnik_common_msgs/robotnik_common_msgs/srv
[1.742s] -- Up-to-date: /home/hima/bachelors/rbkairos_ws/install/robotnik_common_msgs/include/robotnik_common_msgs/robotnik_common_msgs/srv/set_float64.h
[1.742s] -- Up-to-date: /home/hima/bachelors/rbkairos_ws/install/robotnik_common_msgs/include/robotnik_common_msgs/robotnik_common_msgs/srv/detail
[1.742s] -- Up-to-date: /home/hima/bachelors/rbkairos_ws/install/robotnik_common_msgs/include/robotnik_common_msgs/robotnik_common_msgs/srv/detail/set_int32__functions.c
[1.743s] -- Up-to-date: /home/hima/bachelors/rbkairos_ws/install/robotnik_common_msgs/include/robotnik_common_msgs/robotnik_common_msgs/srv/detail/set_bool__struct.h
[1.743s] -- Up-to-date: /home/hima/bachelors/rbkairos_ws/install/robotnik_common_msgs/include/robotnik_common_msgs/robotnik_common_msgs/srv/detail/set_int32__struct.h
[1.743s] -- Up-to-date: /home/hima/bachelors/rbkairos_ws/install/robotnik_common_msgs/include/robotnik_common_msgs/robotnik_common_msgs/srv/detail/set_float64__type_support.h
[1.743s] -- Up-to-date: /home/hima/bachelors/rbkairos_ws/install/robotnik_common_msgs/include/robotnik_common_msgs/robotnik_common_msgs/srv/detail/set_float32__functions.c
[1.743s] -- Up-to-date: /home/hima/bachelors/rbkairos_ws/install/robotnik_common_msgs/include/robotnik_common_msgs/robotnik_common_msgs/srv/detail/set_string__functions.h
[1.744s] -- Up-to-date: /home/hima/bachelors/rbkairos_ws/install/robotnik_common_msgs/include/robotnik_common_msgs/robotnik_common_msgs/srv/detail/set_float32__functions.h
[1.744s] -- Up-to-date: /home/hima/bachelors/rbkairos_ws/install/robotnik_common_msgs/include/robotnik_common_msgs/robotnik_common_msgs/srv/detail/set_float64__struct.h
[1.744s] -- Up-to-date: /home/hima/bachelors/rbkairos_ws/install/robotnik_common_msgs/include/robotnik_common_msgs/robotnik_common_msgs/srv/detail/set_bool__functions.c
[1.744s] -- Up-to-date: /home/hima/bachelors/rbkairos_ws/install/robotnik_common_msgs/include/robotnik_common_msgs/robotnik_common_msgs/srv/detail/set_float64__functions.c
[1.744s] -- Up-to-date: /home/hima/bachelors/rbkairos_ws/install/robotnik_common_msgs/include/robotnik_common_msgs/robotnik_common_msgs/srv/detail/set_string__functions.c
[1.744s] -- Up-to-date: /home/hima/bachelors/rbkairos_ws/install/robotnik_common_msgs/include/robotnik_common_msgs/robotnik_common_msgs/srv/detail/set_bool__type_support.h
[1.745s] -- Up-to-date: /home/hima/bachelors/rbkairos_ws/install/robotnik_common_msgs/include/robotnik_common_msgs/robotnik_common_msgs/srv/detail/set_int32__type_support.h
[1.745s] -- Up-to-date: /home/hima/bachelors/rbkairos_ws/install/robotnik_common_msgs/include/robotnik_common_msgs/robotnik_common_msgs/srv/detail/set_float32__type_support.h
[1.745s] -- Up-to-date: /home/hima/bachelors/rbkairos_ws/install/robotnik_common_msgs/include/robotnik_common_msgs/robotnik_common_msgs/srv/detail/set_int32__functions.h
[1.746s] -- Up-to-date: /home/hima/bachelors/rbkairos_ws/install/robotnik_common_msgs/include/robotnik_common_msgs/robotnik_common_msgs/srv/detail/set_float64__functions.h
[1.746s] -- Up-to-date: /home/hima/bachelors/rbkairos_ws/install/robotnik_common_msgs/include/robotnik_common_msgs/robotnik_common_msgs/srv/detail/set_string__type_support.h
[1.746s] -- Up-to-date: /home/hima/bachelors/rbkairos_ws/install/robotnik_common_msgs/include/robotnik_common_msgs/robotnik_common_msgs/srv/detail/set_bool__functions.h
[1.746s] -- Up-to-date: /home/hima/bachelors/rbkairos_ws/install/robotnik_common_msgs/include/robotnik_common_msgs/robotnik_common_msgs/srv/detail/set_float32__struct.h
[1.746s] -- Up-to-date: /home/hima/bachelors/rbkairos_ws/install/robotnik_common_msgs/include/robotnik_common_msgs/robotnik_common_msgs/srv/detail/set_string__struct.h
[1.747s] -- Up-to-date: /home/hima/bachelors/rbkairos_ws/install/robotnik_common_msgs/include/robotnik_common_msgs/robotnik_common_msgs/srv/set_int32.h
[1.747s] -- Up-to-date: /home/hima/bachelors/rbkairos_ws/install/robotnik_common_msgs/include/robotnik_common_msgs/robotnik_common_msgs/srv/set_string.h
[1.747s] -- Up-to-date: /home/hima/bachelors/rbkairos_ws/install/robotnik_common_msgs/include/robotnik_common_msgs/robotnik_common_msgs/srv/set_bool.h
[1.747s] -- Up-to-date: /home/hima/bachelors/rbkairos_ws/install/robotnik_common_msgs/include/robotnik_common_msgs/robotnik_common_msgs/srv/set_float32.h
[1.747s] -- Up-to-date: /home/hima/bachelors/rbkairos_ws/install/robotnik_common_msgs/include/robotnik_common_msgs/robotnik_common_msgs/msg
[1.749s] -- Up-to-date: /home/hima/bachelors/rbkairos_ws/install/robotnik_common_msgs/include/robotnik_common_msgs/robotnik_common_msgs/msg/detail
[1.750s] -- Up-to-date: /home/hima/bachelors/rbkairos_ws/install/robotnik_common_msgs/include/robotnik_common_msgs/robotnik_common_msgs/msg/detail/response__type_support.h
[1.750s] -- Up-to-date: /home/hima/bachelors/rbkairos_ws/install/robotnik_common_msgs/include/robotnik_common_msgs/robotnik_common_msgs/msg/detail/response__functions.c
[1.750s] -- Up-to-date: /home/hima/bachelors/rbkairos_ws/install/robotnik_common_msgs/include/robotnik_common_msgs/robotnik_common_msgs/msg/detail/response__struct.h
[1.751s] -- Up-to-date: /home/hima/bachelors/rbkairos_ws/install/robotnik_common_msgs/include/robotnik_common_msgs/robotnik_common_msgs/msg/detail/response__functions.h
[1.752s] -- Up-to-date: /home/hima/bachelors/rbkairos_ws/install/robotnik_common_msgs/include/robotnik_common_msgs/robotnik_common_msgs/msg/rosidl_generator_c__visibility_control.h
[1.752s] -- Up-to-date: /home/hima/bachelors/rbkairos_ws/install/robotnik_common_msgs/include/robotnik_common_msgs/robotnik_common_msgs/msg/response.h
[1.752s] -- Up-to-date: /home/hima/bachelors/rbkairos_ws/install/robotnik_common_msgs/share/robotnik_common_msgs/environment/library_path.sh
[1.752s] -- Up-to-date: /home/hima/bachelors/rbkairos_ws/install/robotnik_common_msgs/share/robotnik_common_msgs/environment/library_path.dsv
[1.756s] -- Up-to-date: /home/hima/bachelors/rbkairos_ws/install/robotnik_common_msgs/lib/librobotnik_common_msgs__rosidl_generator_c.so
[1.758s] -- Up-to-date: /home/hima/bachelors/rbkairos_ws/install/robotnik_common_msgs/include/robotnik_common_msgs/robotnik_common_msgs
[1.759s] -- Up-to-date: /home/hima/bachelors/rbkairos_ws/install/robotnik_common_msgs/include/robotnik_common_msgs/robotnik_common_msgs/srv
[1.760s] -- Up-to-date: /home/hima/bachelors/rbkairos_ws/install/robotnik_common_msgs/include/robotnik_common_msgs/robotnik_common_msgs/srv/detail
[1.760s] -- Up-to-date: /home/hima/bachelors/rbkairos_ws/install/robotnik_common_msgs/include/robotnik_common_msgs/robotnik_common_msgs/srv/detail/set_int32__rosidl_typesupport_fastrtps_c.h
[1.760s] -- Up-to-date: /home/hima/bachelors/rbkairos_ws/install/robotnik_common_msgs/include/robotnik_common_msgs/robotnik_common_msgs/srv/detail/set_float32__rosidl_typesupport_fastrtps_c.h
[1.761s] -- Up-to-date: /home/hima/bachelors/rbkairos_ws/install/robotnik_common_msgs/include/robotnik_common_msgs/robotnik_common_msgs/srv/detail/set_bool__rosidl_typesupport_fastrtps_c.h
[1.761s] -- Up-to-date: /home/hima/bachelors/rbkairos_ws/install/robotnik_common_msgs/include/robotnik_common_msgs/robotnik_common_msgs/srv/detail/set_string__rosidl_typesupport_fastrtps_c.h
[1.761s] -- Up-to-date: /home/hima/bachelors/rbkairos_ws/install/robotnik_common_msgs/include/robotnik_common_msgs/robotnik_common_msgs/srv/detail/set_float64__rosidl_typesupport_fastrtps_c.h
[1.761s] -- Up-to-date: /home/hima/bachelors/rbkairos_ws/install/robotnik_common_msgs/include/robotnik_common_msgs/robotnik_common_msgs/msg
[1.761s] -- Up-to-date: /home/hima/bachelors/rbkairos_ws/install/robotnik_common_msgs/include/robotnik_common_msgs/robotnik_common_msgs/msg/rosidl_typesupport_fastrtps_c__visibility_control.h
[1.761s] -- Up-to-date: /home/hima/bachelors/rbkairos_ws/install/robotnik_common_msgs/include/robotnik_common_msgs/robotnik_common_msgs/msg/detail
[1.761s] -- Up-to-date: /home/hima/bachelors/rbkairos_ws/install/robotnik_common_msgs/include/robotnik_common_msgs/robotnik_common_msgs/msg/detail/response__rosidl_typesupport_fastrtps_c.h
[1.761s] -- Up-to-date: /home/hima/bachelors/rbkairos_ws/install/robotnik_common_msgs/lib/librobotnik_common_msgs__rosidl_typesupport_fastrtps_c.so
[1.761s] -- Up-to-date: /home/hima/bachelors/rbkairos_ws/install/robotnik_common_msgs/include/robotnik_common_msgs/robotnik_common_msgs
[1.761s] -- Up-to-date: /home/hima/bachelors/rbkairos_ws/install/robotnik_common_msgs/include/robotnik_common_msgs/robotnik_common_msgs/srv
[1.761s] -- Up-to-date: /home/hima/bachelors/rbkairos_ws/install/robotnik_common_msgs/include/robotnik_common_msgs/robotnik_common_msgs/srv/set_float64.hpp
[1.761s] -- Up-to-date: /home/hima/bachelors/rbkairos_ws/install/robotnik_common_msgs/include/robotnik_common_msgs/robotnik_common_msgs/srv/detail
[1.761s] -- Up-to-date: /home/hima/bachelors/rbkairos_ws/install/robotnik_common_msgs/include/robotnik_common_msgs/robotnik_common_msgs/srv/detail/set_float64__traits.hpp
[1.761s] -- Up-to-date: /home/hima/bachelors/rbkairos_ws/install/robotnik_common_msgs/include/robotnik_common_msgs/robotnik_common_msgs/srv/detail/set_bool__builder.hpp
[1.762s] -- Up-to-date: /home/hima/bachelors/rbkairos_ws/install/robotnik_common_msgs/include/robotnik_common_msgs/robotnik_common_msgs/srv/detail/set_bool__type_support.hpp
[1.762s] -- Up-to-date: /home/hima/bachelors/rbkairos_ws/install/robotnik_common_msgs/include/robotnik_common_msgs/robotnik_common_msgs/srv/detail/set_int32__builder.hpp
[1.762s] -- Up-to-date: /home/hima/bachelors/rbkairos_ws/install/robotnik_common_msgs/include/robotnik_common_msgs/robotnik_common_msgs/srv/detail/set_bool__struct.hpp
[1.762s] -- Up-to-date: /home/hima/bachelors/rbkairos_ws/install/robotnik_common_msgs/include/robotnik_common_msgs/robotnik_common_msgs/srv/detail/set_int32__type_support.hpp
[1.762s] -- Up-to-date: /home/hima/bachelors/rbkairos_ws/install/robotnik_common_msgs/include/robotnik_common_msgs/robotnik_common_msgs/srv/detail/set_int32__struct.hpp
[1.762s] -- Up-to-date: /home/hima/bachelors/rbkairos_ws/install/robotnik_common_msgs/include/robotnik_common_msgs/robotnik_common_msgs/srv/detail/set_bool__traits.hpp
[1.762s] -- Up-to-date: /home/hima/bachelors/rbkairos_ws/install/robotnik_common_msgs/include/robotnik_common_msgs/robotnik_common_msgs/srv/detail/set_string__traits.hpp
[1.762s] -- Up-to-date: /home/hima/bachelors/rbkairos_ws/install/robotnik_common_msgs/include/robotnik_common_msgs/robotnik_common_msgs/srv/detail/set_float64__struct.hpp
[1.762s] -- Up-to-date: /home/hima/bachelors/rbkairos_ws/install/robotnik_common_msgs/include/robotnik_common_msgs/robotnik_common_msgs/srv/detail/set_float32__traits.hpp
[1.762s] -- Up-to-date: /home/hima/bachelors/rbkairos_ws/install/robotnik_common_msgs/include/robotnik_common_msgs/robotnik_common_msgs/srv/detail/set_float64__builder.hpp
[1.762s] -- Up-to-date: /home/hima/bachelors/rbkairos_ws/install/robotnik_common_msgs/include/robotnik_common_msgs/robotnik_common_msgs/srv/detail/set_float32__struct.hpp
[1.762s] -- Up-to-date: /home/hima/bachelors/rbkairos_ws/install/robotnik_common_msgs/include/robotnik_common_msgs/robotnik_common_msgs/srv/detail/set_string__struct.hpp
[1.762s] -- Up-to-date: /home/hima/bachelors/rbkairos_ws/install/robotnik_common_msgs/include/robotnik_common_msgs/robotnik_common_msgs/srv/detail/set_float32__builder.hpp
[1.762s] -- Up-to-date: /home/hima/bachelors/rbkairos_ws/install/robotnik_common_msgs/include/robotnik_common_msgs/robotnik_common_msgs/srv/detail/set_string__type_support.hpp
[1.763s] -- Up-to-date: /home/hima/bachelors/rbkairos_ws/install/robotnik_common_msgs/include/robotnik_common_msgs/robotnik_common_msgs/srv/detail/set_string__builder.hpp
[1.763s] -- Up-to-date: /home/hima/bachelors/rbkairos_ws/install/robotnik_common_msgs/include/robotnik_common_msgs/robotnik_common_msgs/srv/detail/set_float64__type_support.hpp
[1.763s] -- Up-to-date: /home/hima/bachelors/rbkairos_ws/install/robotnik_common_msgs/include/robotnik_common_msgs/robotnik_common_msgs/srv/detail/set_float32__type_support.hpp
[1.763s] -- Up-to-date: /home/hima/bachelors/rbkairos_ws/install/robotnik_common_msgs/include/robotnik_common_msgs/robotnik_common_msgs/srv/detail/set_int32__traits.hpp
[1.763s] -- Up-to-date: /home/hima/bachelors/rbkairos_ws/install/robotnik_common_msgs/include/robotnik_common_msgs/robotnik_common_msgs/srv/set_string.hpp
[1.763s] -- Up-to-date: /home/hima/bachelors/rbkairos_ws/install/robotnik_common_msgs/include/robotnik_common_msgs/robotnik_common_msgs/srv/set_int32.hpp
[1.763s] -- Up-to-date: /home/hima/bachelors/rbkairos_ws/install/robotnik_common_msgs/include/robotnik_common_msgs/robotnik_common_msgs/srv/set_float32.hpp
[1.763s] -- Up-to-date: /home/hima/bachelors/rbkairos_ws/install/robotnik_common_msgs/include/robotnik_common_msgs/robotnik_common_msgs/srv/set_bool.hpp
[1.763s] -- Up-to-date: /home/hima/bachelors/rbkairos_ws/install/robotnik_common_msgs/include/robotnik_common_msgs/robotnik_common_msgs/msg
[1.763s] -- Up-to-date: /home/hima/bachelors/rbkairos_ws/install/robotnik_common_msgs/include/robotnik_common_msgs/robotnik_common_msgs/msg/response.hpp
[1.763s] -- Up-to-date: /home/hima/bachelors/rbkairos_ws/install/robotnik_common_msgs/include/robotnik_common_msgs/robotnik_common_msgs/msg/rosidl_generator_cpp__visibility_control.hpp
[1.763s] -- Up-to-date: /home/hima/bachelors/rbkairos_ws/install/robotnik_common_msgs/include/robotnik_common_msgs/robotnik_common_msgs/msg/detail
[1.763s] -- Up-to-date: /home/hima/bachelors/rbkairos_ws/install/robotnik_common_msgs/include/robotnik_common_msgs/robotnik_common_msgs/msg/detail/response__traits.hpp
[1.763s] -- Up-to-date: /home/hima/bachelors/rbkairos_ws/install/robotnik_common_msgs/include/robotnik_common_msgs/robotnik_common_msgs/msg/detail/response__builder.hpp
[1.763s] -- Up-to-date: /home/hima/bachelors/rbkairos_ws/install/robotnik_common_msgs/include/robotnik_common_msgs/robotnik_common_msgs/msg/detail/response__type_support.hpp
[1.763s] -- Up-to-date: /home/hima/bachelors/rbkairos_ws/install/robotnik_common_msgs/include/robotnik_common_msgs/robotnik_common_msgs/msg/detail/response__struct.hpp
[1.764s] -- Up-to-date: /home/hima/bachelors/rbkairos_ws/install/robotnik_common_msgs/include/robotnik_common_msgs/robotnik_common_msgs
[1.764s] -- Up-to-date: /home/hima/bachelors/rbkairos_ws/install/robotnik_common_msgs/include/robotnik_common_msgs/robotnik_common_msgs/srv
[1.764s] -- Up-to-date: /home/hima/bachelors/rbkairos_ws/install/robotnik_common_msgs/include/robotnik_common_msgs/robotnik_common_msgs/srv/detail
[1.764s] -- Up-to-date: /home/hima/bachelors/rbkairos_ws/install/robotnik_common_msgs/include/robotnik_common_msgs/robotnik_common_msgs/srv/detail/set_float32__rosidl_typesupport_fastrtps_cpp.hpp
[1.764s] -- Up-to-date: /home/hima/bachelors/rbkairos_ws/install/robotnik_common_msgs/include/robotnik_common_msgs/robotnik_common_msgs/srv/detail/set_float64__rosidl_typesupport_fastrtps_cpp.hpp
[1.764s] -- Up-to-date: /home/hima/bachelors/rbkairos_ws/install/robotnik_common_msgs/include/robotnik_common_msgs/robotnik_common_msgs/srv/detail/set_bool__rosidl_typesupport_fastrtps_cpp.hpp
[1.764s] -- Up-to-date: /home/hima/bachelors/rbkairos_ws/install/robotnik_common_msgs/include/robotnik_common_msgs/robotnik_common_msgs/srv/detail/set_string__rosidl_typesupport_fastrtps_cpp.hpp
[1.764s] -- Up-to-date: /home/hima/bachelors/rbkairos_ws/install/robotnik_common_msgs/include/robotnik_common_msgs/robotnik_common_msgs/srv/detail/set_int32__rosidl_typesupport_fastrtps_cpp.hpp
[1.764s] -- Up-to-date: /home/hima/bachelors/rbkairos_ws/install/robotnik_common_msgs/include/robotnik_common_msgs/robotnik_common_msgs/srv/detail/dds_fastrtps
[1.764s] -- Up-to-date: /home/hima/bachelors/rbkairos_ws/install/robotnik_common_msgs/include/robotnik_common_msgs/robotnik_common_msgs/msg
[1.764s] -- Up-to-date: /home/hima/bachelors/rbkairos_ws/install/robotnik_common_msgs/include/robotnik_common_msgs/robotnik_common_msgs/msg/rosidl_typesupport_fastrtps_cpp__visibility_control.h
[1.764s] -- Up-to-date: /home/hima/bachelors/rbkairos_ws/install/robotnik_common_msgs/include/robotnik_common_msgs/robotnik_common_msgs/msg/detail
[1.764s] -- Up-to-date: /home/hima/bachelors/rbkairos_ws/install/robotnik_common_msgs/include/robotnik_common_msgs/robotnik_common_msgs/msg/detail/dds_fastrtps
[1.765s] -- Up-to-date: /home/hima/bachelors/rbkairos_ws/install/robotnik_common_msgs/include/robotnik_common_msgs/robotnik_common_msgs/msg/detail/response__rosidl_typesupport_fastrtps_cpp.hpp
[1.767s] -- Up-to-date: /home/hima/bachelors/rbkairos_ws/install/robotnik_common_msgs/lib/librobotnik_common_msgs__rosidl_typesupport_fastrtps_cpp.so
[1.769s] -- Up-to-date: /home/hima/bachelors/rbkairos_ws/install/robotnik_common_msgs/include/robotnik_common_msgs/robotnik_common_msgs
[1.771s] -- Up-to-date: /home/hima/bachelors/rbkairos_ws/install/robotnik_common_msgs/include/robotnik_common_msgs/robotnik_common_msgs/srv
[1.771s] -- Up-to-date: /home/hima/bachelors/rbkairos_ws/install/robotnik_common_msgs/include/robotnik_common_msgs/robotnik_common_msgs/srv/detail
[1.771s] -- Up-to-date: /home/hima/bachelors/rbkairos_ws/install/robotnik_common_msgs/include/robotnik_common_msgs/robotnik_common_msgs/srv/detail/set_string__type_support.c
[1.771s] -- Up-to-date: /home/hima/bachelors/rbkairos_ws/install/robotnik_common_msgs/include/robotnik_common_msgs/robotnik_common_msgs/srv/detail/set_bool__rosidl_typesupport_introspection_c.h
[1.771s] -- Up-to-date: /home/hima/bachelors/rbkairos_ws/install/robotnik_common_msgs/include/robotnik_common_msgs/robotnik_common_msgs/srv/detail/set_int32__rosidl_typesupport_introspection_c.h
[1.771s] -- Up-to-date: /home/hima/bachelors/rbkairos_ws/install/robotnik_common_msgs/include/robotnik_common_msgs/robotnik_common_msgs/srv/detail/set_string__rosidl_typesupport_introspection_c.h
[1.771s] -- Up-to-date: /home/hima/bachelors/rbkairos_ws/install/robotnik_common_msgs/include/robotnik_common_msgs/robotnik_common_msgs/srv/detail/set_float32__rosidl_typesupport_introspection_c.h
[1.771s] -- Up-to-date: /home/hima/bachelors/rbkairos_ws/install/robotnik_common_msgs/include/robotnik_common_msgs/robotnik_common_msgs/srv/detail/set_bool__type_support.c
[1.771s] -- Up-to-date: /home/hima/bachelors/rbkairos_ws/install/robotnik_common_msgs/include/robotnik_common_msgs/robotnik_common_msgs/srv/detail/set_float64__type_support.c
[1.774s] -- Up-to-date: /home/hima/bachelors/rbkairos_ws/install/robotnik_common_msgs/include/robotnik_common_msgs/robotnik_common_msgs/srv/detail/set_float32__type_support.c
[1.775s] -- Up-to-date: /home/hima/bachelors/rbkairos_ws/install/robotnik_common_msgs/include/robotnik_common_msgs/robotnik_common_msgs/srv/detail/set_int32__type_support.c
[1.776s] -- Up-to-date: /home/hima/bachelors/rbkairos_ws/install/robotnik_common_msgs/include/robotnik_common_msgs/robotnik_common_msgs/srv/detail/set_float64__rosidl_typesupport_introspection_c.h
[1.776s] -- Up-to-date: /home/hima/bachelors/rbkairos_ws/install/robotnik_common_msgs/include/robotnik_common_msgs/robotnik_common_msgs/msg
[1.776s] -- Up-to-date: /home/hima/bachelors/rbkairos_ws/install/robotnik_common_msgs/include/robotnik_common_msgs/robotnik_common_msgs/msg/rosidl_typesupport_introspection_c__visibility_control.h
[1.776s] -- Up-to-date: /home/hima/bachelors/rbkairos_ws/install/robotnik_common_msgs/include/robotnik_common_msgs/robotnik_common_msgs/msg/detail
[1.776s] -- Up-to-date: /home/hima/bachelors/rbkairos_ws/install/robotnik_common_msgs/include/robotnik_common_msgs/robotnik_common_msgs/msg/detail/response__rosidl_typesupport_introspection_c.h
[1.776s] -- Up-to-date: /home/hima/bachelors/rbkairos_ws/install/robotnik_common_msgs/include/robotnik_common_msgs/robotnik_common_msgs/msg/detail/response__type_support.c
[1.776s] -- Up-to-date: /home/hima/bachelors/rbkairos_ws/install/robotnik_common_msgs/lib/librobotnik_common_msgs__rosidl_typesupport_introspection_c.so
[1.777s] -- Up-to-date: /home/hima/bachelors/rbkairos_ws/install/robotnik_common_msgs/lib/librobotnik_common_msgs__rosidl_typesupport_c.so
[1.777s] -- Up-to-date: /home/hima/bachelors/rbkairos_ws/install/robotnik_common_msgs/include/robotnik_common_msgs/robotnik_common_msgs
[1.777s] -- Up-to-date: /home/hima/bachelors/rbkairos_ws/install/robotnik_common_msgs/include/robotnik_common_msgs/robotnik_common_msgs/srv
[1.777s] -- Up-to-date: /home/hima/bachelors/rbkairos_ws/install/robotnik_common_msgs/include/robotnik_common_msgs/robotnik_common_msgs/srv/detail
[1.777s] -- Up-to-date: /home/hima/bachelors/rbkairos_ws/install/robotnik_common_msgs/include/robotnik_common_msgs/robotnik_common_msgs/srv/detail/set_string__rosidl_typesupport_introspection_cpp.hpp
[1.777s] -- Up-to-date: /home/hima/bachelors/rbkairos_ws/install/robotnik_common_msgs/include/robotnik_common_msgs/robotnik_common_msgs/srv/detail/set_bool__rosidl_typesupport_introspection_cpp.hpp
[1.777s] -- Up-to-date: /home/hima/bachelors/rbkairos_ws/install/robotnik_common_msgs/include/robotnik_common_msgs/robotnik_common_msgs/srv/detail/set_float64__rosidl_typesupport_introspection_cpp.hpp
[1.777s] -- Up-to-date: /home/hima/bachelors/rbkairos_ws/install/robotnik_common_msgs/include/robotnik_common_msgs/robotnik_common_msgs/srv/detail/set_float32__rosidl_typesupport_introspection_cpp.hpp
[1.777s] -- Up-to-date: /home/hima/bachelors/rbkairos_ws/install/robotnik_common_msgs/include/robotnik_common_msgs/robotnik_common_msgs/srv/detail/set_bool__type_support.cpp
[1.777s] -- Up-to-date: /home/hima/bachelors/rbkairos_ws/install/robotnik_common_msgs/include/robotnik_common_msgs/robotnik_common_msgs/srv/detail/set_int32__type_support.cpp
[1.778s] -- Up-to-date: /home/hima/bachelors/rbkairos_ws/install/robotnik_common_msgs/include/robotnik_common_msgs/robotnik_common_msgs/srv/detail/set_float64__type_support.cpp
[1.778s] -- Up-to-date: /home/hima/bachelors/rbkairos_ws/install/robotnik_common_msgs/include/robotnik_common_msgs/robotnik_common_msgs/srv/detail/set_int32__rosidl_typesupport_introspection_cpp.hpp
[1.778s] -- Up-to-date: /home/hima/bachelors/rbkairos_ws/install/robotnik_common_msgs/include/robotnik_common_msgs/robotnik_common_msgs/srv/detail/set_string__type_support.cpp
[1.778s] -- Up-to-date: /home/hima/bachelors/rbkairos_ws/install/robotnik_common_msgs/include/robotnik_common_msgs/robotnik_common_msgs/srv/detail/set_float32__type_support.cpp
[1.778s] -- Up-to-date: /home/hima/bachelors/rbkairos_ws/install/robotnik_common_msgs/include/robotnik_common_msgs/robotnik_common_msgs/msg
[1.778s] -- Up-to-date: /home/hima/bachelors/rbkairos_ws/install/robotnik_common_msgs/include/robotnik_common_msgs/robotnik_common_msgs/msg/detail
[1.778s] -- Up-to-date: /home/hima/bachelors/rbkairos_ws/install/robotnik_common_msgs/include/robotnik_common_msgs/robotnik_common_msgs/msg/detail/response__type_support.cpp
[1.778s] -- Up-to-date: /home/hima/bachelors/rbkairos_ws/install/robotnik_common_msgs/include/robotnik_common_msgs/robotnik_common_msgs/msg/detail/response__rosidl_typesupport_introspection_cpp.hpp
[1.779s] -- Up-to-date: /home/hima/bachelors/rbkairos_ws/install/robotnik_common_msgs/lib/librobotnik_common_msgs__rosidl_typesupport_introspection_cpp.so
[1.782s] -- Up-to-date: /home/hima/bachelors/rbkairos_ws/install/robotnik_common_msgs/lib/librobotnik_common_msgs__rosidl_typesupport_cpp.so
[1.782s] -- Up-to-date: /home/hima/bachelors/rbkairos_ws/install/robotnik_common_msgs/share/robotnik_common_msgs/environment/pythonpath.sh
[1.783s] -- Up-to-date: /home/hima/bachelors/rbkairos_ws/install/robotnik_common_msgs/share/robotnik_common_msgs/environment/pythonpath.dsv
[1.783s] -- Up-to-date: /home/hima/bachelors/rbkairos_ws/install/robotnik_common_msgs/local/lib/python3.10/dist-packages/robotnik_common_msgs-1.0.0-py3.10.egg-info
[1.784s] -- Installing: /home/hima/bachelors/rbkairos_ws/install/robotnik_common_msgs/local/lib/python3.10/dist-packages/robotnik_common_msgs-1.0.0-py3.10.egg-info/top_level.txt
[1.784s] -- Installing: /home/hima/bachelors/rbkairos_ws/install/robotnik_common_msgs/local/lib/python3.10/dist-packages/robotnik_common_msgs-1.0.0-py3.10.egg-info/PKG-INFO
[1.784s] -- Installing: /home/hima/bachelors/rbkairos_ws/install/robotnik_common_msgs/local/lib/python3.10/dist-packages/robotnik_common_msgs-1.0.0-py3.10.egg-info/SOURCES.txt
[1.784s] -- Installing: /home/hima/bachelors/rbkairos_ws/install/robotnik_common_msgs/local/lib/python3.10/dist-packages/robotnik_common_msgs-1.0.0-py3.10.egg-info/dependency_links.txt
[1.784s] -- Up-to-date: /home/hima/bachelors/rbkairos_ws/install/robotnik_common_msgs/local/lib/python3.10/dist-packages/robotnik_common_msgs
[1.784s] -- Up-to-date: /home/hima/bachelors/rbkairos_ws/install/robotnik_common_msgs/local/lib/python3.10/dist-packages/robotnik_common_msgs/robotnik_common_msgs_s__rosidl_typesupport_introspection_c.cpython-310-x86_64-linux-gnu.so
[1.784s] -- Up-to-date: /home/hima/bachelors/rbkairos_ws/install/robotnik_common_msgs/local/lib/python3.10/dist-packages/robotnik_common_msgs/robotnik_common_msgs_s__rosidl_typesupport_fastrtps_c.cpython-310-x86_64-linux-gnu.so
[1.784s] -- Up-to-date: /home/hima/bachelors/rbkairos_ws/install/robotnik_common_msgs/local/lib/python3.10/dist-packages/robotnik_common_msgs/robotnik_common_msgs_s__rosidl_typesupport_c.cpython-310-x86_64-linux-gnu.so
[1.784s] -- Up-to-date: /home/hima/bachelors/rbkairos_ws/install/robotnik_common_msgs/local/lib/python3.10/dist-packages/robotnik_common_msgs/_robotnik_common_msgs_s.ep.rosidl_typesupport_fastrtps_c.c
[1.784s] -- Up-to-date: /home/hima/bachelors/rbkairos_ws/install/robotnik_common_msgs/local/lib/python3.10/dist-packages/robotnik_common_msgs/_robotnik_common_msgs_s.ep.rosidl_typesupport_introspection_c.c
[1.784s] -- Up-to-date: /home/hima/bachelors/rbkairos_ws/install/robotnik_common_msgs/local/lib/python3.10/dist-packages/robotnik_common_msgs/srv
[1.784s] -- Up-to-date: /home/hima/bachelors/rbkairos_ws/install/robotnik_common_msgs/local/lib/python3.10/dist-packages/robotnik_common_msgs/srv/_set_string.py
[1.784s] -- Up-to-date: /home/hima/bachelors/rbkairos_ws/install/robotnik_common_msgs/local/lib/python3.10/dist-packages/robotnik_common_msgs/srv/_set_float32_s.c
[1.785s] -- Up-to-date: /home/hima/bachelors/rbkairos_ws/install/robotnik_common_msgs/local/lib/python3.10/dist-packages/robotnik_common_msgs/srv/_set_string_s.c
[1.785s] -- Up-to-date: /home/hima/bachelors/rbkairos_ws/install/robotnik_common_msgs/local/lib/python3.10/dist-packages/robotnik_common_msgs/srv/_set_int32_s.c
[1.785s] -- Up-to-date: /home/hima/bachelors/rbkairos_ws/install/robotnik_common_msgs/local/lib/python3.10/dist-packages/robotnik_common_msgs/srv/_set_float64_s.c
[1.785s] -- Up-to-date: /home/hima/bachelors/rbkairos_ws/install/robotnik_common_msgs/local/lib/python3.10/dist-packages/robotnik_common_msgs/srv/_set_bool_s.c
[1.785s] -- Up-to-date: /home/hima/bachelors/rbkairos_ws/install/robotnik_common_msgs/local/lib/python3.10/dist-packages/robotnik_common_msgs/srv/__init__.py
[1.785s] -- Up-to-date: /home/hima/bachelors/rbkairos_ws/install/robotnik_common_msgs/local/lib/python3.10/dist-packages/robotnik_common_msgs/srv/_set_float32.py
[1.785s] -- Up-to-date: /home/hima/bachelors/rbkairos_ws/install/robotnik_common_msgs/local/lib/python3.10/dist-packages/robotnik_common_msgs/srv/_set_float64.py
[1.785s] -- Up-to-date: /home/hima/bachelors/rbkairos_ws/install/robotnik_common_msgs/local/lib/python3.10/dist-packages/robotnik_common_msgs/srv/_set_int32.py
[1.785s] -- Up-to-date: /home/hima/bachelors/rbkairos_ws/install/robotnik_common_msgs/local/lib/python3.10/dist-packages/robotnik_common_msgs/srv/_set_bool.py
[1.785s] -- Up-to-date: /home/hima/bachelors/rbkairos_ws/install/robotnik_common_msgs/local/lib/python3.10/dist-packages/robotnik_common_msgs/msg
[1.786s] -- Up-to-date: /home/hima/bachelors/rbkairos_ws/install/robotnik_common_msgs/local/lib/python3.10/dist-packages/robotnik_common_msgs/msg/_response_s.c
[1.787s] -- Up-to-date: /home/hima/bachelors/rbkairos_ws/install/robotnik_common_msgs/local/lib/python3.10/dist-packages/robotnik_common_msgs/msg/_response.py
[1.787s] -- Up-to-date: /home/hima/bachelors/rbkairos_ws/install/robotnik_common_msgs/local/lib/python3.10/dist-packages/robotnik_common_msgs/msg/__init__.py
[1.788s] -- Up-to-date: /home/hima/bachelors/rbkairos_ws/install/robotnik_common_msgs/local/lib/python3.10/dist-packages/robotnik_common_msgs/_robotnik_common_msgs_s.ep.rosidl_typesupport_c.c
[1.788s] -- Up-to-date: /home/hima/bachelors/rbkairos_ws/install/robotnik_common_msgs/local/lib/python3.10/dist-packages/robotnik_common_msgs/__init__.py
[1.788s] -- Up-to-date: /home/hima/bachelors/rbkairos_ws/install/robotnik_common_msgs/local/lib/python3.10/dist-packages/robotnik_common_msgs/librobotnik_common_msgs__rosidl_generator_py.so
[2.004s] Listing '/home/hima/bachelors/rbkairos_ws/install/robotnik_common_msgs/local/lib/python3.10/dist-packages/robotnik_common_msgs'...
[2.005s] Listing '/home/hima/bachelors/rbkairos_ws/install/robotnik_common_msgs/local/lib/python3.10/dist-packages/robotnik_common_msgs/msg'...
[2.006s] Listing '/home/hima/bachelors/rbkairos_ws/install/robotnik_common_msgs/local/lib/python3.10/dist-packages/robotnik_common_msgs/srv'...
[2.027s] -- Up-to-date: /home/hima/bachelors/rbkairos_ws/install/robotnik_common_msgs/local/lib/python3.10/dist-packages/robotnik_common_msgs/robotnik_common_msgs_s__rosidl_typesupport_fastrtps_c.cpython-310-x86_64-linux-gnu.so
[2.030s] -- Up-to-date: /home/hima/bachelors/rbkairos_ws/install/robotnik_common_msgs/local/lib/python3.10/dist-packages/robotnik_common_msgs/robotnik_common_msgs_s__rosidl_typesupport_introspection_c.cpython-310-x86_64-linux-gnu.so
[2.031s] -- Up-to-date: /home/hima/bachelors/rbkairos_ws/install/robotnik_common_msgs/local/lib/python3.10/dist-packages/robotnik_common_msgs/robotnik_common_msgs_s__rosidl_typesupport_c.cpython-310-x86_64-linux-gnu.so
[2.031s] -- Up-to-date: /home/hima/bachelors/rbkairos_ws/install/robotnik_common_msgs/lib/librobotnik_common_msgs__rosidl_generator_py.so
[2.034s] -- Up-to-date: /home/hima/bachelors/rbkairos_ws/install/robotnik_common_msgs/share/robotnik_common_msgs/msg/Response.idl
[2.034s] -- Up-to-date: /home/hima/bachelors/rbkairos_ws/install/robotnik_common_msgs/share/robotnik_common_msgs/srv/SetBool.idl
[2.034s] -- Up-to-date: /home/hima/bachelors/rbkairos_ws/install/robotnik_common_msgs/share/robotnik_common_msgs/srv/SetFloat32.idl
[2.034s] -- Up-to-date: /home/hima/bachelors/rbkairos_ws/install/robotnik_common_msgs/share/robotnik_common_msgs/srv/SetFloat64.idl
[2.034s] -- Up-to-date: /home/hima/bachelors/rbkairos_ws/install/robotnik_common_msgs/share/robotnik_common_msgs/srv/SetInt32.idl
[2.034s] -- Up-to-date: /home/hima/bachelors/rbkairos_ws/install/robotnik_common_msgs/share/robotnik_common_msgs/srv/SetString.idl
[2.034s] -- Up-to-date: /home/hima/bachelors/rbkairos_ws/install/robotnik_common_msgs/share/robotnik_common_msgs/msg/Response.msg
[2.034s] -- Up-to-date: /home/hima/bachelors/rbkairos_ws/install/robotnik_common_msgs/share/robotnik_common_msgs/srv/SetBool.srv
[2.034s] -- Up-to-date: /home/hima/bachelors/rbkairos_ws/install/robotnik_common_msgs/share/robotnik_common_msgs/srv/SetBool_Request.msg
[2.034s] -- Up-to-date: /home/hima/bachelors/rbkairos_ws/install/robotnik_common_msgs/share/robotnik_common_msgs/srv/SetBool_Response.msg
[2.034s] -- Up-to-date: /home/hima/bachelors/rbkairos_ws/install/robotnik_common_msgs/share/robotnik_common_msgs/srv/SetFloat32.srv
[2.035s] -- Up-to-date: /home/hima/bachelors/rbkairos_ws/install/robotnik_common_msgs/share/robotnik_common_msgs/srv/SetFloat32_Request.msg
[2.035s] -- Up-to-date: /home/hima/bachelors/rbkairos_ws/install/robotnik_common_msgs/share/robotnik_common_msgs/srv/SetFloat32_Response.msg
[2.035s] -- Up-to-date: /home/hima/bachelors/rbkairos_ws/install/robotnik_common_msgs/share/robotnik_common_msgs/srv/SetFloat64.srv
[2.035s] -- Up-to-date: /home/hima/bachelors/rbkairos_ws/install/robotnik_common_msgs/share/robotnik_common_msgs/srv/SetFloat64_Request.msg
[2.035s] -- Up-to-date: /home/hima/bachelors/rbkairos_ws/install/robotnik_common_msgs/share/robotnik_common_msgs/srv/SetFloat64_Response.msg
[2.035s] -- Up-to-date: /home/hima/bachelors/rbkairos_ws/install/robotnik_common_msgs/share/robotnik_common_msgs/srv/SetInt32.srv
[2.035s] -- Up-to-date: /home/hima/bachelors/rbkairos_ws/install/robotnik_common_msgs/share/robotnik_common_msgs/srv/SetInt32_Request.msg
[2.035s] -- Up-to-date: /home/hima/bachelors/rbkairos_ws/install/robotnik_common_msgs/share/robotnik_common_msgs/srv/SetInt32_Response.msg
[2.035s] -- Up-to-date: /home/hima/bachelors/rbkairos_ws/install/robotnik_common_msgs/share/robotnik_common_msgs/srv/SetString.srv
[2.035s] -- Up-to-date: /home/hima/bachelors/rbkairos_ws/install/robotnik_common_msgs/share/robotnik_common_msgs/srv/SetString_Request.msg
[2.035s] -- Up-to-date: /home/hima/bachelors/rbkairos_ws/install/robotnik_common_msgs/share/robotnik_common_msgs/srv/SetString_Response.msg
[2.035s] -- Up-to-date: /home/hima/bachelors/rbkairos_ws/install/robotnik_common_msgs/share/ament_index/resource_index/package_run_dependencies/robotnik_common_msgs
[2.035s] -- Up-to-date: /home/hima/bachelors/rbkairos_ws/install/robotnik_common_msgs/share/ament_index/resource_index/parent_prefix_path/robotnik_common_msgs
[2.035s] -- Up-to-date: /home/hima/bachelors/rbkairos_ws/install/robotnik_common_msgs/share/robotnik_common_msgs/environment/ament_prefix_path.sh
[2.036s] -- Up-to-date: /home/hima/bachelors/rbkairos_ws/install/robotnik_common_msgs/share/robotnik_common_msgs/environment/ament_prefix_path.dsv
[2.037s] -- Up-to-date: /home/hima/bachelors/rbkairos_ws/install/robotnik_common_msgs/share/robotnik_common_msgs/environment/path.sh
[2.038s] -- Up-to-date: /home/hima/bachelors/rbkairos_ws/install/robotnik_common_msgs/share/robotnik_common_msgs/environment/path.dsv
[2.039s] -- Up-to-date: /home/hima/bachelors/rbkairos_ws/install/robotnik_common_msgs/share/robotnik_common_msgs/local_setup.bash
[2.040s] -- Up-to-date: /home/hima/bachelors/rbkairos_ws/install/robotnik_common_msgs/share/robotnik_common_msgs/local_setup.sh
[2.040s] -- Up-to-date: /home/hima/bachelors/rbkairos_ws/install/robotnik_common_msgs/share/robotnik_common_msgs/local_setup.zsh
[2.041s] -- Up-to-date: /home/hima/bachelors/rbkairos_ws/install/robotnik_common_msgs/share/robotnik_common_msgs/local_setup.dsv
[2.041s] -- Installing: /home/hima/bachelors/rbkairos_ws/install/robotnik_common_msgs/share/robotnik_common_msgs/package.dsv
[2.041s] -- Up-to-date: /home/hima/bachelors/rbkairos_ws/install/robotnik_common_msgs/share/ament_index/resource_index/packages/robotnik_common_msgs
[2.041s] -- Up-to-date: /home/hima/bachelors/rbkairos_ws/install/robotnik_common_msgs/share/robotnik_common_msgs/cmake/export_robotnik_common_msgs__rosidl_generator_cExport.cmake
[2.041s] -- Up-to-date: /home/hima/bachelors/rbkairos_ws/install/robotnik_common_msgs/share/robotnik_common_msgs/cmake/export_robotnik_common_msgs__rosidl_generator_cExport-noconfig.cmake
[2.041s] -- Up-to-date: /home/hima/bachelors/rbkairos_ws/install/robotnik_common_msgs/share/robotnik_common_msgs/cmake/export_robotnik_common_msgs__rosidl_typesupport_fastrtps_cExport.cmake
[2.041s] -- Up-to-date: /home/hima/bachelors/rbkairos_ws/install/robotnik_common_msgs/share/robotnik_common_msgs/cmake/export_robotnik_common_msgs__rosidl_typesupport_fastrtps_cExport-noconfig.cmake
[2.041s] -- Up-to-date: /home/hima/bachelors/rbkairos_ws/install/robotnik_common_msgs/share/robotnik_common_msgs/cmake/export_robotnik_common_msgs__rosidl_generator_cppExport.cmake
[2.041s] -- Up-to-date: /home/hima/bachelors/rbkairos_ws/install/robotnik_common_msgs/share/robotnik_common_msgs/cmake/export_robotnik_common_msgs__rosidl_typesupport_fastrtps_cppExport.cmake
[2.041s] -- Up-to-date: /home/hima/bachelors/rbkairos_ws/install/robotnik_common_msgs/share/robotnik_common_msgs/cmake/export_robotnik_common_msgs__rosidl_typesupport_fastrtps_cppExport-noconfig.cmake
[2.041s] -- Up-to-date: /home/hima/bachelors/rbkairos_ws/install/robotnik_common_msgs/share/robotnik_common_msgs/cmake/robotnik_common_msgs__rosidl_typesupport_introspection_cExport.cmake
[2.041s] -- Up-to-date: /home/hima/bachelors/rbkairos_ws/install/robotnik_common_msgs/share/robotnik_common_msgs/cmake/robotnik_common_msgs__rosidl_typesupport_introspection_cExport-noconfig.cmake
[2.041s] -- Up-to-date: /home/hima/bachelors/rbkairos_ws/install/robotnik_common_msgs/share/robotnik_common_msgs/cmake/robotnik_common_msgs__rosidl_typesupport_cExport.cmake
[2.041s] -- Up-to-date: /home/hima/bachelors/rbkairos_ws/install/robotnik_common_msgs/share/robotnik_common_msgs/cmake/robotnik_common_msgs__rosidl_typesupport_cExport-noconfig.cmake
[2.041s] -- Up-to-date: /home/hima/bachelors/rbkairos_ws/install/robotnik_common_msgs/share/robotnik_common_msgs/cmake/robotnik_common_msgs__rosidl_typesupport_introspection_cppExport.cmake
[2.041s] -- Up-to-date: /home/hima/bachelors/rbkairos_ws/install/robotnik_common_msgs/share/robotnik_common_msgs/cmake/robotnik_common_msgs__rosidl_typesupport_introspection_cppExport-noconfig.cmake
[2.041s] -- Up-to-date: /home/hima/bachelors/rbkairos_ws/install/robotnik_common_msgs/share/robotnik_common_msgs/cmake/robotnik_common_msgs__rosidl_typesupport_cppExport.cmake
[2.041s] -- Up-to-date: /home/hima/bachelors/rbkairos_ws/install/robotnik_common_msgs/share/robotnik_common_msgs/cmake/robotnik_common_msgs__rosidl_typesupport_cppExport-noconfig.cmake
[2.042s] -- Up-to-date: /home/hima/bachelors/rbkairos_ws/install/robotnik_common_msgs/share/robotnik_common_msgs/cmake/export_robotnik_common_msgs__rosidl_generator_pyExport.cmake
[2.042s] -- Up-to-date: /home/hima/bachelors/rbkairos_ws/install/robotnik_common_msgs/share/robotnik_common_msgs/cmake/export_robotnik_common_msgs__rosidl_generator_pyExport-noconfig.cmake
[2.042s] -- Up-to-date: /home/hima/bachelors/rbkairos_ws/install/robotnik_common_msgs/share/robotnik_common_msgs/cmake/rosidl_cmake-extras.cmake
[2.042s] -- Up-to-date: /home/hima/bachelors/rbkairos_ws/install/robotnik_common_msgs/share/robotnik_common_msgs/cmake/ament_cmake_export_dependencies-extras.cmake
[2.042s] -- Up-to-date: /home/hima/bachelors/rbkairos_ws/install/robotnik_common_msgs/share/robotnik_common_msgs/cmake/ament_cmake_export_include_directories-extras.cmake
[2.042s] -- Up-to-date: /home/hima/bachelors/rbkairos_ws/install/robotnik_common_msgs/share/robotnik_common_msgs/cmake/ament_cmake_export_libraries-extras.cmake
[2.042s] -- Up-to-date: /home/hima/bachelors/rbkairos_ws/install/robotnik_common_msgs/share/robotnik_common_msgs/cmake/ament_cmake_export_targets-extras.cmake
[2.042s] -- Up-to-date: /home/hima/bachelors/rbkairos_ws/install/robotnik_common_msgs/share/robotnik_common_msgs/cmake/rosidl_cmake_export_typesupport_targets-extras.cmake
[2.042s] -- Up-to-date: /home/hima/bachelors/rbkairos_ws/install/robotnik_common_msgs/share/robotnik_common_msgs/cmake/rosidl_cmake_export_typesupport_libraries-extras.cmake
[2.042s] -- Up-to-date: /home/hima/bachelors/rbkairos_ws/install/robotnik_common_msgs/share/robotnik_common_msgs/cmake/robotnik_common_msgsConfig.cmake
[2.042s] -- Up-to-date: /home/hima/bachelors/rbkairos_ws/install/robotnik_common_msgs/share/robotnik_common_msgs/cmake/robotnik_common_msgsConfig-version.cmake
[2.042s] -- Up-to-date: /home/hima/bachelors/rbkairos_ws/install/robotnik_common_msgs/share/robotnik_common_msgs/package.xml
[2.049s] Invoked command in '/home/hima/bachelors/rbkairos_ws/build/robotnik_common_msgs' returned '0': CMAKE_PREFIX_PATH=${CMAKE_PREFIX_PATH}:/opt/ros/humble /usr/bin/cmake --install /home/hima/bachelors/rbkairos_ws/build/robotnik_common_msgs
