[0.074s] Invoking command in '/home/hima/bachelors/rbkairos_ws/build/robotnik_navigation_msgs': CMAKE_PREFIX_PATH=/home/hima/bachelors/rbkairos_ws/install/robotnik_common_msgs:/home/hima/bachelors/rbkairos_ws/install/ros2_laser_scan_merger:/home/hima/bachelors/rbkairos_ws/install/ros2_laser_scan_matcher:/home/hima/bachelors/rbkairos_ws/install/robotnik_supervisor_msgs:/home/hima/bachelors/rbkairos_ws/install/robotnik_gazebo_ignition:/home/hima/bachelors/rbkairos_ws/install/robotnik_gazebo_classic:/home/hima/bachelors/rbkairos_ws/install/mapping:/home/hima/bachelors/rbkairos_ws/install/robotnik_description:/home/hima/bachelors/rbkairos_ws/install/robotnik_sensors:/home/hima/bachelors/rbkairos_ws/install/robotnik_interfaces:/home/hima/bachelors/rbkairos_ws/install/robotnik_safety_msgs:/home/hima/bachelors/rbkairos_ws/install/robotnik_perception_msgs:/home/hima/bachelors/rbkairos_ws/install/robotnik_navigation_msgs:/home/hima/bachelors/rbkairos_ws/install/robotnik_io_msgs:/home/hima/bachelors/rbkairos_ws/install/robotnik_controllers_msgs:/home/hima/bachelors/rbkairos_ws/install/robotnik_common:/home/hima/bachelors/rbkairos_ws/install/robotnik_battery_msgs:/home/hima/bachelors/rbkairos_ws/install/csm:/opt/ros/humble LD_LIBRARY_PATH=/home/hima/bachelors/rbkairos_ws/install/robotnik_common_msgs/lib:/home/hima/bachelors/rbkairos_ws/install/robotnik_supervisor_msgs/lib:/home/hima/bachelors/rbkairos_ws/install/robotnik_perception_msgs/lib:/home/hima/bachelors/rbkairos_ws/install/robotnik_navigation_msgs/lib:/home/hima/bachelors/rbkairos_ws/install/robotnik_io_msgs/lib:/home/hima/bachelors/rbkairos_ws/install/robotnik_controllers_msgs/lib:/home/hima/bachelors/rbkairos_ws/install/robotnik_battery_msgs/lib:/home/hima/bachelors/rbkairos_ws/install/csm/lib:/usr/lib/x86_64-linux-gnu/gazebo-11/plugins:/opt/ros/humble/opt/rviz_ogre_vendor/lib:/opt/ros/humble/lib/x86_64-linux-gnu:/opt/ros/humble/lib /usr/bin/cmake --build /home/hima/bachelors/rbkairos_ws/build/robotnik_navigation_msgs -- -j16 -l16
[0.161s] [ 10%] Built target robotnik_navigation_msgs__rosidl_generator_c
[0.164s] [ 12%] Built target robotnik_navigation_msgs__cpp
[0.190s] [ 12%] Built target ament_cmake_python_copy_robotnik_navigation_msgs
[0.218s] [ 23%] Built target robotnik_navigation_msgs__rosidl_typesupport_introspection_c
[0.238s] [ 33%] Built target robotnik_navigation_msgs__rosidl_typesupport_fastrtps_c
[0.241s] [ 43%] Built target robotnik_navigation_msgs__rosidl_typesupport_c
[0.249s] [ 53%] Built target robotnik_navigation_msgs__rosidl_typesupport_introspection_cpp
[0.249s] [ 64%] Built target robotnik_navigation_msgs__rosidl_typesupport_fastrtps_cpp
[0.251s] [ 74%] Built target robotnik_navigation_msgs__rosidl_typesupport_cpp
[0.295s] [ 74%] Built target robotnik_navigation_msgs
[0.338s] [ 76%] Built target robotnik_navigation_msgs__py
[0.388s] [ 84%] Built target robotnik_navigation_msgs__rosidl_generator_py
[0.427s] [ 89%] Built target robotnik_navigation_msgs__rosidl_typesupport_introspection_c__pyext
[0.427s] [ 94%] Built target robotnik_navigation_msgs__rosidl_typesupport_c__pyext
[0.435s] [100%] Built target robotnik_navigation_msgs__rosidl_typesupport_fastrtps_c__pyext
[0.881s] running egg_info
[0.881s] writing robotnik_navigation_msgs.egg-info/PKG-INFO
[0.881s] writing dependency_links to robotnik_navigation_msgs.egg-info/dependency_links.txt
[0.882s] writing top-level names to robotnik_navigation_msgs.egg-info/top_level.txt
[0.882s] reading manifest file 'robotnik_navigation_msgs.egg-info/SOURCES.txt'
[0.882s] writing manifest file 'robotnik_navigation_msgs.egg-info/SOURCES.txt'
[0.931s] [100%] Built target ament_cmake_python_build_robotnik_navigation_msgs_egg
[0.951s] Invoked command in '/home/hima/bachelors/rbkairos_ws/build/robotnik_navigation_msgs' returned '0': CMAKE_PREFIX_PATH=/home/hima/bachelors/rbkairos_ws/install/robotnik_common_msgs:/home/hima/bachelors/rbkairos_ws/install/ros2_laser_scan_merger:/home/hima/bachelors/rbkairos_ws/install/ros2_laser_scan_matcher:/home/hima/bachelors/rbkairos_ws/install/robotnik_supervisor_msgs:/home/hima/bachelors/rbkairos_ws/install/robotnik_gazebo_ignition:/home/hima/bachelors/rbkairos_ws/install/robotnik_gazebo_classic:/home/hima/bachelors/rbkairos_ws/install/mapping:/home/hima/bachelors/rbkairos_ws/install/robotnik_description:/home/hima/bachelors/rbkairos_ws/install/robotnik_sensors:/home/hima/bachelors/rbkairos_ws/install/robotnik_interfaces:/home/hima/bachelors/rbkairos_ws/install/robotnik_safety_msgs:/home/hima/bachelors/rbkairos_ws/install/robotnik_perception_msgs:/home/hima/bachelors/rbkairos_ws/install/robotnik_navigation_msgs:/home/hima/bachelors/rbkairos_ws/install/robotnik_io_msgs:/home/hima/bachelors/rbkairos_ws/install/robotnik_controllers_msgs:/home/hima/bachelors/rbkairos_ws/install/robotnik_common:/home/hima/bachelors/rbkairos_ws/install/robotnik_battery_msgs:/home/hima/bachelors/rbkairos_ws/install/csm:/opt/ros/humble LD_LIBRARY_PATH=/home/hima/bachelors/rbkairos_ws/install/robotnik_common_msgs/lib:/home/hima/bachelors/rbkairos_ws/install/robotnik_supervisor_msgs/lib:/home/hima/bachelors/rbkairos_ws/install/robotnik_perception_msgs/lib:/home/hima/bachelors/rbkairos_ws/install/robotnik_navigation_msgs/lib:/home/hima/bachelors/rbkairos_ws/install/robotnik_io_msgs/lib:/home/hima/bachelors/rbkairos_ws/install/robotnik_controllers_msgs/lib:/home/hima/bachelors/rbkairos_ws/install/robotnik_battery_msgs/lib:/home/hima/bachelors/rbkairos_ws/install/csm/lib:/usr/lib/x86_64-linux-gnu/gazebo-11/plugins:/opt/ros/humble/opt/rviz_ogre_vendor/lib:/opt/ros/humble/lib/x86_64-linux-gnu:/opt/ros/humble/lib /usr/bin/cmake --build /home/hima/bachelors/rbkairos_ws/build/robotnik_navigation_msgs -- -j16 -l16
[0.955s] Invoking command in '/home/hima/bachelors/rbkairos_ws/build/robotnik_navigation_msgs': CMAKE_PREFIX_PATH=/home/hima/bachelors/rbkairos_ws/install/robotnik_common_msgs:/home/hima/bachelors/rbkairos_ws/install/ros2_laser_scan_merger:/home/hima/bachelors/rbkairos_ws/install/ros2_laser_scan_matcher:/home/hima/bachelors/rbkairos_ws/install/robotnik_supervisor_msgs:/home/hima/bachelors/rbkairos_ws/install/robotnik_gazebo_ignition:/home/hima/bachelors/rbkairos_ws/install/robotnik_gazebo_classic:/home/hima/bachelors/rbkairos_ws/install/mapping:/home/hima/bachelors/rbkairos_ws/install/robotnik_description:/home/hima/bachelors/rbkairos_ws/install/robotnik_sensors:/home/hima/bachelors/rbkairos_ws/install/robotnik_interfaces:/home/hima/bachelors/rbkairos_ws/install/robotnik_safety_msgs:/home/hima/bachelors/rbkairos_ws/install/robotnik_perception_msgs:/home/hima/bachelors/rbkairos_ws/install/robotnik_navigation_msgs:/home/hima/bachelors/rbkairos_ws/install/robotnik_io_msgs:/home/hima/bachelors/rbkairos_ws/install/robotnik_controllers_msgs:/home/hima/bachelors/rbkairos_ws/install/robotnik_common:/home/hima/bachelors/rbkairos_ws/install/robotnik_battery_msgs:/home/hima/bachelors/rbkairos_ws/install/csm:/opt/ros/humble LD_LIBRARY_PATH=/home/hima/bachelors/rbkairos_ws/install/robotnik_common_msgs/lib:/home/hima/bachelors/rbkairos_ws/install/robotnik_supervisor_msgs/lib:/home/hima/bachelors/rbkairos_ws/install/robotnik_perception_msgs/lib:/home/hima/bachelors/rbkairos_ws/install/robotnik_navigation_msgs/lib:/home/hima/bachelors/rbkairos_ws/install/robotnik_io_msgs/lib:/home/hima/bachelors/rbkairos_ws/install/robotnik_controllers_msgs/lib:/home/hima/bachelors/rbkairos_ws/install/robotnik_battery_msgs/lib:/home/hima/bachelors/rbkairos_ws/install/csm/lib:/usr/lib/x86_64-linux-gnu/gazebo-11/plugins:/opt/ros/humble/opt/rviz_ogre_vendor/lib:/opt/ros/humble/lib/x86_64-linux-gnu:/opt/ros/humble/lib /usr/bin/cmake --install /home/hima/bachelors/rbkairos_ws/build/robotnik_navigation_msgs
[0.989s] -- Install configuration: ""
[0.989s] -- Up-to-date: /home/hima/bachelors/rbkairos_ws/install/robotnik_navigation_msgs/share/ament_index/resource_index/rosidl_interfaces/robotnik_navigation_msgs
[0.989s] -- Up-to-date: /home/hima/bachelors/rbkairos_ws/install/robotnik_navigation_msgs/include/robotnik_navigation_msgs/robotnik_navigation_msgs
[0.989s] -- Up-to-date: /home/hima/bachelors/rbkairos_ws/install/robotnik_navigation_msgs/include/robotnik_navigation_msgs/robotnik_navigation_msgs/action
[0.989s] -- Up-to-date: /home/hima/bachelors/rbkairos_ws/install/robotnik_navigation_msgs/include/robotnik_navigation_msgs/robotnik_navigation_msgs/action/move.h
[0.989s] -- Up-to-date: /home/hima/bachelors/rbkairos_ws/install/robotnik_navigation_msgs/include/robotnik_navigation_msgs/robotnik_navigation_msgs/action/dock.h
[0.989s] -- Up-to-date: /home/hima/bachelors/rbkairos_ws/install/robotnik_navigation_msgs/include/robotnik_navigation_msgs/robotnik_navigation_msgs/action/detail
[0.989s] -- Up-to-date: /home/hima/bachelors/rbkairos_ws/install/robotnik_navigation_msgs/include/robotnik_navigation_msgs/robotnik_navigation_msgs/action/detail/dock__type_support.h
[0.990s] -- Up-to-date: /home/hima/bachelors/rbkairos_ws/install/robotnik_navigation_msgs/include/robotnik_navigation_msgs/robotnik_navigation_msgs/action/detail/dock__functions.c
[0.990s] -- Up-to-date: /home/hima/bachelors/rbkairos_ws/install/robotnik_navigation_msgs/include/robotnik_navigation_msgs/robotnik_navigation_msgs/action/detail/move__functions.h
[0.990s] -- Up-to-date: /home/hima/bachelors/rbkairos_ws/install/robotnik_navigation_msgs/include/robotnik_navigation_msgs/robotnik_navigation_msgs/action/detail/dock__struct.h
[0.990s] -- Up-to-date: /home/hima/bachelors/rbkairos_ws/install/robotnik_navigation_msgs/include/robotnik_navigation_msgs/robotnik_navigation_msgs/action/detail/dock__functions.h
[0.990s] -- Up-to-date: /home/hima/bachelors/rbkairos_ws/install/robotnik_navigation_msgs/include/robotnik_navigation_msgs/robotnik_navigation_msgs/action/detail/move__functions.c
[0.990s] -- Up-to-date: /home/hima/bachelors/rbkairos_ws/install/robotnik_navigation_msgs/include/robotnik_navigation_msgs/robotnik_navigation_msgs/action/detail/move__type_support.h
[0.990s] -- Up-to-date: /home/hima/bachelors/rbkairos_ws/install/robotnik_navigation_msgs/include/robotnik_navigation_msgs/robotnik_navigation_msgs/action/detail/move__struct.h
[0.990s] -- Up-to-date: /home/hima/bachelors/rbkairos_ws/install/robotnik_navigation_msgs/include/robotnik_navigation_msgs/robotnik_navigation_msgs/msg
[0.990s] -- Up-to-date: /home/hima/bachelors/rbkairos_ws/install/robotnik_navigation_msgs/include/robotnik_navigation_msgs/robotnik_navigation_msgs/msg/rosidl_generator_c__visibility_control.h
[0.991s] -- Up-to-date: /home/hima/bachelors/rbkairos_ws/install/robotnik_navigation_msgs/share/robotnik_navigation_msgs/environment/library_path.sh
[0.991s] -- Up-to-date: /home/hima/bachelors/rbkairos_ws/install/robotnik_navigation_msgs/share/robotnik_navigation_msgs/environment/library_path.dsv
[0.991s] -- Up-to-date: /home/hima/bachelors/rbkairos_ws/install/robotnik_navigation_msgs/lib/librobotnik_navigation_msgs__rosidl_generator_c.so
[0.993s] -- Up-to-date: /home/hima/bachelors/rbkairos_ws/install/robotnik_navigation_msgs/include/robotnik_navigation_msgs/robotnik_navigation_msgs
[0.993s] -- Up-to-date: /home/hima/bachelors/rbkairos_ws/install/robotnik_navigation_msgs/include/robotnik_navigation_msgs/robotnik_navigation_msgs/action
[0.993s] -- Up-to-date: /home/hima/bachelors/rbkairos_ws/install/robotnik_navigation_msgs/include/robotnik_navigation_msgs/robotnik_navigation_msgs/action/detail
[0.993s] -- Up-to-date: /home/hima/bachelors/rbkairos_ws/install/robotnik_navigation_msgs/include/robotnik_navigation_msgs/robotnik_navigation_msgs/action/detail/move__rosidl_typesupport_fastrtps_c.h
[0.993s] -- Up-to-date: /home/hima/bachelors/rbkairos_ws/install/robotnik_navigation_msgs/include/robotnik_navigation_msgs/robotnik_navigation_msgs/action/detail/dock__rosidl_typesupport_fastrtps_c.h
[0.993s] -- Up-to-date: /home/hima/bachelors/rbkairos_ws/install/robotnik_navigation_msgs/include/robotnik_navigation_msgs/robotnik_navigation_msgs/msg
[0.993s] -- Up-to-date: /home/hima/bachelors/rbkairos_ws/install/robotnik_navigation_msgs/include/robotnik_navigation_msgs/robotnik_navigation_msgs/msg/rosidl_typesupport_fastrtps_c__visibility_control.h
[0.993s] -- Up-to-date: /home/hima/bachelors/rbkairos_ws/install/robotnik_navigation_msgs/lib/librobotnik_navigation_msgs__rosidl_typesupport_fastrtps_c.so
[0.994s] -- Up-to-date: /home/hima/bachelors/rbkairos_ws/install/robotnik_navigation_msgs/include/robotnik_navigation_msgs/robotnik_navigation_msgs
[0.994s] -- Up-to-date: /home/hima/bachelors/rbkairos_ws/install/robotnik_navigation_msgs/include/robotnik_navigation_msgs/robotnik_navigation_msgs/action
[0.994s] -- Up-to-date: /home/hima/bachelors/rbkairos_ws/install/robotnik_navigation_msgs/include/robotnik_navigation_msgs/robotnik_navigation_msgs/action/move.hpp
[0.994s] -- Up-to-date: /home/hima/bachelors/rbkairos_ws/install/robotnik_navigation_msgs/include/robotnik_navigation_msgs/robotnik_navigation_msgs/action/detail
[0.994s] -- Up-to-date: /home/hima/bachelors/rbkairos_ws/install/robotnik_navigation_msgs/include/robotnik_navigation_msgs/robotnik_navigation_msgs/action/detail/dock__struct.hpp
[0.994s] -- Up-to-date: /home/hima/bachelors/rbkairos_ws/install/robotnik_navigation_msgs/include/robotnik_navigation_msgs/robotnik_navigation_msgs/action/detail/dock__traits.hpp
[0.994s] -- Up-to-date: /home/hima/bachelors/rbkairos_ws/install/robotnik_navigation_msgs/include/robotnik_navigation_msgs/robotnik_navigation_msgs/action/detail/move__traits.hpp
[0.994s] -- Up-to-date: /home/hima/bachelors/rbkairos_ws/install/robotnik_navigation_msgs/include/robotnik_navigation_msgs/robotnik_navigation_msgs/action/detail/move__builder.hpp
[0.994s] -- Up-to-date: /home/hima/bachelors/rbkairos_ws/install/robotnik_navigation_msgs/include/robotnik_navigation_msgs/robotnik_navigation_msgs/action/detail/move__type_support.hpp
[0.994s] -- Up-to-date: /home/hima/bachelors/rbkairos_ws/install/robotnik_navigation_msgs/include/robotnik_navigation_msgs/robotnik_navigation_msgs/action/detail/move__struct.hpp
[0.994s] -- Up-to-date: /home/hima/bachelors/rbkairos_ws/install/robotnik_navigation_msgs/include/robotnik_navigation_msgs/robotnik_navigation_msgs/action/detail/dock__builder.hpp
[0.994s] -- Up-to-date: /home/hima/bachelors/rbkairos_ws/install/robotnik_navigation_msgs/include/robotnik_navigation_msgs/robotnik_navigation_msgs/action/detail/dock__type_support.hpp
[0.994s] -- Up-to-date: /home/hima/bachelors/rbkairos_ws/install/robotnik_navigation_msgs/include/robotnik_navigation_msgs/robotnik_navigation_msgs/action/dock.hpp
[0.994s] -- Up-to-date: /home/hima/bachelors/rbkairos_ws/install/robotnik_navigation_msgs/include/robotnik_navigation_msgs/robotnik_navigation_msgs/msg
[0.994s] -- Up-to-date: /home/hima/bachelors/rbkairos_ws/install/robotnik_navigation_msgs/include/robotnik_navigation_msgs/robotnik_navigation_msgs/msg/rosidl_generator_cpp__visibility_control.hpp
[0.994s] -- Up-to-date: /home/hima/bachelors/rbkairos_ws/install/robotnik_navigation_msgs/include/robotnik_navigation_msgs/robotnik_navigation_msgs
[0.995s] -- Up-to-date: /home/hima/bachelors/rbkairos_ws/install/robotnik_navigation_msgs/include/robotnik_navigation_msgs/robotnik_navigation_msgs/action
[0.995s] -- Up-to-date: /home/hima/bachelors/rbkairos_ws/install/robotnik_navigation_msgs/include/robotnik_navigation_msgs/robotnik_navigation_msgs/action/detail
[0.995s] -- Up-to-date: /home/hima/bachelors/rbkairos_ws/install/robotnik_navigation_msgs/include/robotnik_navigation_msgs/robotnik_navigation_msgs/action/detail/dock__rosidl_typesupport_fastrtps_cpp.hpp
[0.995s] -- Up-to-date: /home/hima/bachelors/rbkairos_ws/install/robotnik_navigation_msgs/include/robotnik_navigation_msgs/robotnik_navigation_msgs/action/detail/dds_fastrtps
[0.995s] -- Up-to-date: /home/hima/bachelors/rbkairos_ws/install/robotnik_navigation_msgs/include/robotnik_navigation_msgs/robotnik_navigation_msgs/action/detail/move__rosidl_typesupport_fastrtps_cpp.hpp
[0.995s] -- Up-to-date: /home/hima/bachelors/rbkairos_ws/install/robotnik_navigation_msgs/include/robotnik_navigation_msgs/robotnik_navigation_msgs/msg
[0.995s] -- Up-to-date: /home/hima/bachelors/rbkairos_ws/install/robotnik_navigation_msgs/include/robotnik_navigation_msgs/robotnik_navigation_msgs/msg/rosidl_typesupport_fastrtps_cpp__visibility_control.h
[0.995s] -- Up-to-date: /home/hima/bachelors/rbkairos_ws/install/robotnik_navigation_msgs/lib/librobotnik_navigation_msgs__rosidl_typesupport_fastrtps_cpp.so
[0.995s] -- Up-to-date: /home/hima/bachelors/rbkairos_ws/install/robotnik_navigation_msgs/include/robotnik_navigation_msgs/robotnik_navigation_msgs
[0.995s] -- Up-to-date: /home/hima/bachelors/rbkairos_ws/install/robotnik_navigation_msgs/include/robotnik_navigation_msgs/robotnik_navigation_msgs/action
[0.995s] -- Up-to-date: /home/hima/bachelors/rbkairos_ws/install/robotnik_navigation_msgs/include/robotnik_navigation_msgs/robotnik_navigation_msgs/action/detail
[0.995s] -- Up-to-date: /home/hima/bachelors/rbkairos_ws/install/robotnik_navigation_msgs/include/robotnik_navigation_msgs/robotnik_navigation_msgs/action/detail/move__rosidl_typesupport_introspection_c.h
[0.995s] -- Up-to-date: /home/hima/bachelors/rbkairos_ws/install/robotnik_navigation_msgs/include/robotnik_navigation_msgs/robotnik_navigation_msgs/action/detail/move__type_support.c
[0.995s] -- Up-to-date: /home/hima/bachelors/rbkairos_ws/install/robotnik_navigation_msgs/include/robotnik_navigation_msgs/robotnik_navigation_msgs/action/detail/dock__rosidl_typesupport_introspection_c.h
[0.995s] -- Up-to-date: /home/hima/bachelors/rbkairos_ws/install/robotnik_navigation_msgs/include/robotnik_navigation_msgs/robotnik_navigation_msgs/action/detail/dock__type_support.c
[0.995s] -- Up-to-date: /home/hima/bachelors/rbkairos_ws/install/robotnik_navigation_msgs/include/robotnik_navigation_msgs/robotnik_navigation_msgs/msg
[0.995s] -- Up-to-date: /home/hima/bachelors/rbkairos_ws/install/robotnik_navigation_msgs/include/robotnik_navigation_msgs/robotnik_navigation_msgs/msg/rosidl_typesupport_introspection_c__visibility_control.h
[0.995s] -- Up-to-date: /home/hima/bachelors/rbkairos_ws/install/robotnik_navigation_msgs/lib/librobotnik_navigation_msgs__rosidl_typesupport_introspection_c.so
[0.995s] -- Up-to-date: /home/hima/bachelors/rbkairos_ws/install/robotnik_navigation_msgs/lib/librobotnik_navigation_msgs__rosidl_typesupport_c.so
[0.995s] -- Up-to-date: /home/hima/bachelors/rbkairos_ws/install/robotnik_navigation_msgs/include/robotnik_navigation_msgs/robotnik_navigation_msgs
[0.995s] -- Up-to-date: /home/hima/bachelors/rbkairos_ws/install/robotnik_navigation_msgs/include/robotnik_navigation_msgs/robotnik_navigation_msgs/action
[0.995s] -- Up-to-date: /home/hima/bachelors/rbkairos_ws/install/robotnik_navigation_msgs/include/robotnik_navigation_msgs/robotnik_navigation_msgs/action/detail
[0.995s] -- Up-to-date: /home/hima/bachelors/rbkairos_ws/install/robotnik_navigation_msgs/include/robotnik_navigation_msgs/robotnik_navigation_msgs/action/detail/dock__rosidl_typesupport_introspection_cpp.hpp
[0.995s] -- Up-to-date: /home/hima/bachelors/rbkairos_ws/install/robotnik_navigation_msgs/include/robotnik_navigation_msgs/robotnik_navigation_msgs/action/detail/dock__type_support.cpp
[0.996s] -- Up-to-date: /home/hima/bachelors/rbkairos_ws/install/robotnik_navigation_msgs/include/robotnik_navigation_msgs/robotnik_navigation_msgs/action/detail/move__type_support.cpp
[0.996s] -- Up-to-date: /home/hima/bachelors/rbkairos_ws/install/robotnik_navigation_msgs/include/robotnik_navigation_msgs/robotnik_navigation_msgs/action/detail/move__rosidl_typesupport_introspection_cpp.hpp
[0.996s] -- Up-to-date: /home/hima/bachelors/rbkairos_ws/install/robotnik_navigation_msgs/lib/librobotnik_navigation_msgs__rosidl_typesupport_introspection_cpp.so
[0.996s] -- Up-to-date: /home/hima/bachelors/rbkairos_ws/install/robotnik_navigation_msgs/lib/librobotnik_navigation_msgs__rosidl_typesupport_cpp.so
[0.996s] -- Up-to-date: /home/hima/bachelors/rbkairos_ws/install/robotnik_navigation_msgs/share/robotnik_navigation_msgs/environment/pythonpath.sh
[0.996s] -- Up-to-date: /home/hima/bachelors/rbkairos_ws/install/robotnik_navigation_msgs/share/robotnik_navigation_msgs/environment/pythonpath.dsv
[0.996s] -- Up-to-date: /home/hima/bachelors/rbkairos_ws/install/robotnik_navigation_msgs/local/lib/python3.10/dist-packages/robotnik_navigation_msgs-1.0.0-py3.10.egg-info
[0.996s] -- Installing: /home/hima/bachelors/rbkairos_ws/install/robotnik_navigation_msgs/local/lib/python3.10/dist-packages/robotnik_navigation_msgs-1.0.0-py3.10.egg-info/top_level.txt
[0.996s] -- Installing: /home/hima/bachelors/rbkairos_ws/install/robotnik_navigation_msgs/local/lib/python3.10/dist-packages/robotnik_navigation_msgs-1.0.0-py3.10.egg-info/PKG-INFO
[0.996s] -- Installing: /home/hima/bachelors/rbkairos_ws/install/robotnik_navigation_msgs/local/lib/python3.10/dist-packages/robotnik_navigation_msgs-1.0.0-py3.10.egg-info/SOURCES.txt
[0.996s] -- Installing: /home/hima/bachelors/rbkairos_ws/install/robotnik_navigation_msgs/local/lib/python3.10/dist-packages/robotnik_navigation_msgs-1.0.0-py3.10.egg-info/dependency_links.txt
[0.996s] -- Up-to-date: /home/hima/bachelors/rbkairos_ws/install/robotnik_navigation_msgs/local/lib/python3.10/dist-packages/robotnik_navigation_msgs
[0.996s] -- Up-to-date: /home/hima/bachelors/rbkairos_ws/install/robotnik_navigation_msgs/local/lib/python3.10/dist-packages/robotnik_navigation_msgs/_robotnik_navigation_msgs_s.ep.rosidl_typesupport_introspection_c.c
[0.996s] -- Up-to-date: /home/hima/bachelors/rbkairos_ws/install/robotnik_navigation_msgs/local/lib/python3.10/dist-packages/robotnik_navigation_msgs/_robotnik_navigation_msgs_s.ep.rosidl_typesupport_c.c
[0.996s] -- Up-to-date: /home/hima/bachelors/rbkairos_ws/install/robotnik_navigation_msgs/local/lib/python3.10/dist-packages/robotnik_navigation_msgs/robotnik_navigation_msgs_s__rosidl_typesupport_c.cpython-310-x86_64-linux-gnu.so
[0.997s] -- Up-to-date: /home/hima/bachelors/rbkairos_ws/install/robotnik_navigation_msgs/local/lib/python3.10/dist-packages/robotnik_navigation_msgs/librobotnik_navigation_msgs__rosidl_generator_py.so
[0.997s] -- Up-to-date: /home/hima/bachelors/rbkairos_ws/install/robotnik_navigation_msgs/local/lib/python3.10/dist-packages/robotnik_navigation_msgs/robotnik_navigation_msgs_s__rosidl_typesupport_fastrtps_c.cpython-310-x86_64-linux-gnu.so
[0.997s] -- Up-to-date: /home/hima/bachelors/rbkairos_ws/install/robotnik_navigation_msgs/local/lib/python3.10/dist-packages/robotnik_navigation_msgs/action
[0.997s] -- Up-to-date: /home/hima/bachelors/rbkairos_ws/install/robotnik_navigation_msgs/local/lib/python3.10/dist-packages/robotnik_navigation_msgs/action/_move_s.c
[0.997s] -- Up-to-date: /home/hima/bachelors/rbkairos_ws/install/robotnik_navigation_msgs/local/lib/python3.10/dist-packages/robotnik_navigation_msgs/action/_dock.py
[0.997s] -- Up-to-date: /home/hima/bachelors/rbkairos_ws/install/robotnik_navigation_msgs/local/lib/python3.10/dist-packages/robotnik_navigation_msgs/action/__init__.py
[0.997s] -- Up-to-date: /home/hima/bachelors/rbkairos_ws/install/robotnik_navigation_msgs/local/lib/python3.10/dist-packages/robotnik_navigation_msgs/action/_move.py
[0.997s] -- Up-to-date: /home/hima/bachelors/rbkairos_ws/install/robotnik_navigation_msgs/local/lib/python3.10/dist-packages/robotnik_navigation_msgs/action/_dock_s.c
[0.997s] -- Up-to-date: /home/hima/bachelors/rbkairos_ws/install/robotnik_navigation_msgs/local/lib/python3.10/dist-packages/robotnik_navigation_msgs/robotnik_navigation_msgs_s__rosidl_typesupport_introspection_c.cpython-310-x86_64-linux-gnu.so
[0.997s] -- Up-to-date: /home/hima/bachelors/rbkairos_ws/install/robotnik_navigation_msgs/local/lib/python3.10/dist-packages/robotnik_navigation_msgs/__init__.py
[0.997s] -- Up-to-date: /home/hima/bachelors/rbkairos_ws/install/robotnik_navigation_msgs/local/lib/python3.10/dist-packages/robotnik_navigation_msgs/_robotnik_navigation_msgs_s.ep.rosidl_typesupport_fastrtps_c.c
[1.029s] Listing '/home/hima/bachelors/rbkairos_ws/install/robotnik_navigation_msgs/local/lib/python3.10/dist-packages/robotnik_navigation_msgs'...
[1.029s] Listing '/home/hima/bachelors/rbkairos_ws/install/robotnik_navigation_msgs/local/lib/python3.10/dist-packages/robotnik_navigation_msgs/action'...
[1.038s] -- Up-to-date: /home/hima/bachelors/rbkairos_ws/install/robotnik_navigation_msgs/local/lib/python3.10/dist-packages/robotnik_navigation_msgs/robotnik_navigation_msgs_s__rosidl_typesupport_fastrtps_c.cpython-310-x86_64-linux-gnu.so
[1.038s] -- Up-to-date: /home/hima/bachelors/rbkairos_ws/install/robotnik_navigation_msgs/local/lib/python3.10/dist-packages/robotnik_navigation_msgs/robotnik_navigation_msgs_s__rosidl_typesupport_introspection_c.cpython-310-x86_64-linux-gnu.so
[1.039s] -- Up-to-date: /home/hima/bachelors/rbkairos_ws/install/robotnik_navigation_msgs/local/lib/python3.10/dist-packages/robotnik_navigation_msgs/robotnik_navigation_msgs_s__rosidl_typesupport_c.cpython-310-x86_64-linux-gnu.so
[1.039s] -- Up-to-date: /home/hima/bachelors/rbkairos_ws/install/robotnik_navigation_msgs/lib/librobotnik_navigation_msgs__rosidl_generator_py.so
[1.040s] -- Up-to-date: /home/hima/bachelors/rbkairos_ws/install/robotnik_navigation_msgs/share/robotnik_navigation_msgs/action/Dock.idl
[1.040s] -- Up-to-date: /home/hima/bachelors/rbkairos_ws/install/robotnik_navigation_msgs/share/robotnik_navigation_msgs/action/Move.idl
[1.040s] -- Up-to-date: /home/hima/bachelors/rbkairos_ws/install/robotnik_navigation_msgs/share/robotnik_navigation_msgs/action/Dock.action
[1.040s] -- Up-to-date: /home/hima/bachelors/rbkairos_ws/install/robotnik_navigation_msgs/share/robotnik_navigation_msgs/action/Move.action
[1.040s] -- Up-to-date: /home/hima/bachelors/rbkairos_ws/install/robotnik_navigation_msgs/share/ament_index/resource_index/package_run_dependencies/robotnik_navigation_msgs
[1.040s] -- Up-to-date: /home/hima/bachelors/rbkairos_ws/install/robotnik_navigation_msgs/share/ament_index/resource_index/parent_prefix_path/robotnik_navigation_msgs
[1.040s] -- Up-to-date: /home/hima/bachelors/rbkairos_ws/install/robotnik_navigation_msgs/share/robotnik_navigation_msgs/environment/ament_prefix_path.sh
[1.041s] -- Up-to-date: /home/hima/bachelors/rbkairos_ws/install/robotnik_navigation_msgs/share/robotnik_navigation_msgs/environment/ament_prefix_path.dsv
[1.041s] -- Up-to-date: /home/hima/bachelors/rbkairos_ws/install/robotnik_navigation_msgs/share/robotnik_navigation_msgs/environment/path.sh
[1.041s] -- Up-to-date: /home/hima/bachelors/rbkairos_ws/install/robotnik_navigation_msgs/share/robotnik_navigation_msgs/environment/path.dsv
[1.041s] -- Up-to-date: /home/hima/bachelors/rbkairos_ws/install/robotnik_navigation_msgs/share/robotnik_navigation_msgs/local_setup.bash
[1.041s] -- Up-to-date: /home/hima/bachelors/rbkairos_ws/install/robotnik_navigation_msgs/share/robotnik_navigation_msgs/local_setup.sh
[1.041s] -- Up-to-date: /home/hima/bachelors/rbkairos_ws/install/robotnik_navigation_msgs/share/robotnik_navigation_msgs/local_setup.zsh
[1.041s] -- Up-to-date: /home/hima/bachelors/rbkairos_ws/install/robotnik_navigation_msgs/share/robotnik_navigation_msgs/local_setup.dsv
[1.041s] -- Installing: /home/hima/bachelors/rbkairos_ws/install/robotnik_navigation_msgs/share/robotnik_navigation_msgs/package.dsv
[1.041s] -- Up-to-date: /home/hima/bachelors/rbkairos_ws/install/robotnik_navigation_msgs/share/ament_index/resource_index/packages/robotnik_navigation_msgs
[1.042s] -- Up-to-date: /home/hima/bachelors/rbkairos_ws/install/robotnik_navigation_msgs/share/robotnik_navigation_msgs/cmake/export_robotnik_navigation_msgs__rosidl_generator_cExport.cmake
[1.042s] -- Up-to-date: /home/hima/bachelors/rbkairos_ws/install/robotnik_navigation_msgs/share/robotnik_navigation_msgs/cmake/export_robotnik_navigation_msgs__rosidl_generator_cExport-noconfig.cmake
[1.042s] -- Up-to-date: /home/hima/bachelors/rbkairos_ws/install/robotnik_navigation_msgs/share/robotnik_navigation_msgs/cmake/export_robotnik_navigation_msgs__rosidl_typesupport_fastrtps_cExport.cmake
[1.042s] -- Up-to-date: /home/hima/bachelors/rbkairos_ws/install/robotnik_navigation_msgs/share/robotnik_navigation_msgs/cmake/export_robotnik_navigation_msgs__rosidl_typesupport_fastrtps_cExport-noconfig.cmake
[1.042s] -- Up-to-date: /home/hima/bachelors/rbkairos_ws/install/robotnik_navigation_msgs/share/robotnik_navigation_msgs/cmake/export_robotnik_navigation_msgs__rosidl_generator_cppExport.cmake
[1.042s] -- Up-to-date: /home/hima/bachelors/rbkairos_ws/install/robotnik_navigation_msgs/share/robotnik_navigation_msgs/cmake/export_robotnik_navigation_msgs__rosidl_typesupport_fastrtps_cppExport.cmake
[1.042s] -- Up-to-date: /home/hima/bachelors/rbkairos_ws/install/robotnik_navigation_msgs/share/robotnik_navigation_msgs/cmake/export_robotnik_navigation_msgs__rosidl_typesupport_fastrtps_cppExport-noconfig.cmake
[1.042s] -- Up-to-date: /home/hima/bachelors/rbkairos_ws/install/robotnik_navigation_msgs/share/robotnik_navigation_msgs/cmake/robotnik_navigation_msgs__rosidl_typesupport_introspection_cExport.cmake
[1.042s] -- Up-to-date: /home/hima/bachelors/rbkairos_ws/install/robotnik_navigation_msgs/share/robotnik_navigation_msgs/cmake/robotnik_navigation_msgs__rosidl_typesupport_introspection_cExport-noconfig.cmake
[1.043s] -- Up-to-date: /home/hima/bachelors/rbkairos_ws/install/robotnik_navigation_msgs/share/robotnik_navigation_msgs/cmake/robotnik_navigation_msgs__rosidl_typesupport_cExport.cmake
[1.043s] -- Up-to-date: /home/hima/bachelors/rbkairos_ws/install/robotnik_navigation_msgs/share/robotnik_navigation_msgs/cmake/robotnik_navigation_msgs__rosidl_typesupport_cExport-noconfig.cmake
[1.043s] -- Up-to-date: /home/hima/bachelors/rbkairos_ws/install/robotnik_navigation_msgs/share/robotnik_navigation_msgs/cmake/robotnik_navigation_msgs__rosidl_typesupport_introspection_cppExport.cmake
[1.043s] -- Up-to-date: /home/hima/bachelors/rbkairos_ws/install/robotnik_navigation_msgs/share/robotnik_navigation_msgs/cmake/robotnik_navigation_msgs__rosidl_typesupport_introspection_cppExport-noconfig.cmake
[1.043s] -- Up-to-date: /home/hima/bachelors/rbkairos_ws/install/robotnik_navigation_msgs/share/robotnik_navigation_msgs/cmake/robotnik_navigation_msgs__rosidl_typesupport_cppExport.cmake
[1.043s] -- Up-to-date: /home/hima/bachelors/rbkairos_ws/install/robotnik_navigation_msgs/share/robotnik_navigation_msgs/cmake/robotnik_navigation_msgs__rosidl_typesupport_cppExport-noconfig.cmake
[1.044s] -- Up-to-date: /home/hima/bachelors/rbkairos_ws/install/robotnik_navigation_msgs/share/robotnik_navigation_msgs/cmake/export_robotnik_navigation_msgs__rosidl_generator_pyExport.cmake
[1.044s] -- Up-to-date: /home/hima/bachelors/rbkairos_ws/install/robotnik_navigation_msgs/share/robotnik_navigation_msgs/cmake/export_robotnik_navigation_msgs__rosidl_generator_pyExport-noconfig.cmake
[1.044s] -- Up-to-date: /home/hima/bachelors/rbkairos_ws/install/robotnik_navigation_msgs/share/robotnik_navigation_msgs/cmake/rosidl_cmake-extras.cmake
[1.044s] -- Up-to-date: /home/hima/bachelors/rbkairos_ws/install/robotnik_navigation_msgs/share/robotnik_navigation_msgs/cmake/ament_cmake_export_dependencies-extras.cmake
[1.044s] -- Up-to-date: /home/hima/bachelors/rbkairos_ws/install/robotnik_navigation_msgs/share/robotnik_navigation_msgs/cmake/ament_cmake_export_include_directories-extras.cmake
[1.045s] -- Up-to-date: /home/hima/bachelors/rbkairos_ws/install/robotnik_navigation_msgs/share/robotnik_navigation_msgs/cmake/ament_cmake_export_libraries-extras.cmake
[1.045s] -- Up-to-date: /home/hima/bachelors/rbkairos_ws/install/robotnik_navigation_msgs/share/robotnik_navigation_msgs/cmake/ament_cmake_export_targets-extras.cmake
[1.045s] -- Up-to-date: /home/hima/bachelors/rbkairos_ws/install/robotnik_navigation_msgs/share/robotnik_navigation_msgs/cmake/rosidl_cmake_export_typesupport_targets-extras.cmake
[1.045s] -- Up-to-date: /home/hima/bachelors/rbkairos_ws/install/robotnik_navigation_msgs/share/robotnik_navigation_msgs/cmake/rosidl_cmake_export_typesupport_libraries-extras.cmake
[1.045s] -- Up-to-date: /home/hima/bachelors/rbkairos_ws/install/robotnik_navigation_msgs/share/robotnik_navigation_msgs/cmake/robotnik_navigation_msgsConfig.cmake
[1.045s] -- Up-to-date: /home/hima/bachelors/rbkairos_ws/install/robotnik_navigation_msgs/share/robotnik_navigation_msgs/cmake/robotnik_navigation_msgsConfig-version.cmake
[1.045s] -- Up-to-date: /home/hima/bachelors/rbkairos_ws/install/robotnik_navigation_msgs/share/robotnik_navigation_msgs/package.xml
[1.049s] Invoked command in '/home/hima/bachelors/rbkairos_ws/build/robotnik_navigation_msgs' returned '0': CMAKE_PREFIX_PATH=/home/hima/bachelors/rbkairos_ws/install/robotnik_common_msgs:/home/hima/bachelors/rbkairos_ws/install/ros2_laser_scan_merger:/home/hima/bachelors/rbkairos_ws/install/ros2_laser_scan_matcher:/home/hima/bachelors/rbkairos_ws/install/robotnik_supervisor_msgs:/home/hima/bachelors/rbkairos_ws/install/robotnik_gazebo_ignition:/home/hima/bachelors/rbkairos_ws/install/robotnik_gazebo_classic:/home/hima/bachelors/rbkairos_ws/install/mapping:/home/hima/bachelors/rbkairos_ws/install/robotnik_description:/home/hima/bachelors/rbkairos_ws/install/robotnik_sensors:/home/hima/bachelors/rbkairos_ws/install/robotnik_interfaces:/home/hima/bachelors/rbkairos_ws/install/robotnik_safety_msgs:/home/hima/bachelors/rbkairos_ws/install/robotnik_perception_msgs:/home/hima/bachelors/rbkairos_ws/install/robotnik_navigation_msgs:/home/hima/bachelors/rbkairos_ws/install/robotnik_io_msgs:/home/hima/bachelors/rbkairos_ws/install/robotnik_controllers_msgs:/home/hima/bachelors/rbkairos_ws/install/robotnik_common:/home/hima/bachelors/rbkairos_ws/install/robotnik_battery_msgs:/home/hima/bachelors/rbkairos_ws/install/csm:/opt/ros/humble LD_LIBRARY_PATH=/home/hima/bachelors/rbkairos_ws/install/robotnik_common_msgs/lib:/home/hima/bachelors/rbkairos_ws/install/robotnik_supervisor_msgs/lib:/home/hima/bachelors/rbkairos_ws/install/robotnik_perception_msgs/lib:/home/hima/bachelors/rbkairos_ws/install/robotnik_navigation_msgs/lib:/home/hima/bachelors/rbkairos_ws/install/robotnik_io_msgs/lib:/home/hima/bachelors/rbkairos_ws/install/robotnik_controllers_msgs/lib:/home/hima/bachelors/rbkairos_ws/install/robotnik_battery_msgs/lib:/home/hima/bachelors/rbkairos_ws/install/csm/lib:/usr/lib/x86_64-linux-gnu/gazebo-11/plugins:/opt/ros/humble/opt/rviz_ogre_vendor/lib:/opt/ros/humble/lib/x86_64-linux-gnu:/opt/ros/humble/lib /usr/bin/cmake --install /home/hima/bachelors/rbkairos_ws/build/robotnik_navigation_msgs
