[0.071s] Invoking command in '/home/hima/bachelors/rbkairos_ws/build/csm': CMAKE_PREFIX_PATH=${CMAKE_PREFIX_PATH}:/opt/ros/humble /usr/bin/cmake --build /home/hima/bachelors/rbkairos_ws/build/csm -- -j16 -l16
[0.292s] [100%] Built target csm
[0.361s] Invoked command in '/home/hima/bachelors/rbkairos_ws/build/csm' returned '0': CMAKE_PREFIX_PATH=${CMAKE_PREFIX_PATH}:/opt/ros/humble /usr/bin/cmake --build /home/hima/bachelors/rbkairos_ws/build/csm -- -j16 -l16
[0.365s] Invoking command in '/home/hima/bachelors/rbkairos_ws/build/csm': CMAKE_PREFIX_PATH=${CMAKE_PREFIX_PATH}:/opt/ros/humble /usr/bin/cmake --install /home/hima/bachelors/rbkairos_ws/build/csm
[0.377s] -- Install configuration: ""
[0.377s] -- Up-to-date: /home/hima/bachelors/rbkairos_ws/install/csm/lib/libcsm.so
[0.378s] -- Up-to-date: /home/hima/bachelors/rbkairos_ws/install/csm/include/..//include
[0.378s] -- Up-to-date: /home/hima/bachelors/rbkairos_ws/install/csm/include/..//include/gsl_eigen
[0.378s] -- Up-to-date: /home/hima/bachelors/rbkairos_ws/install/csm/include/..//include/gsl_eigen/gsl_eigen.h
[0.379s] -- Up-to-date: /home/hima/bachelors/rbkairos_ws/install/csm/include/..//include/csm
[0.380s] -- Up-to-date: /home/hima/bachelors/rbkairos_ws/install/csm/include/..//include/csm/csm.h
[0.382s] -- Up-to-date: /home/hima/bachelors/rbkairos_ws/install/csm/include/..//include/csm/algos.h
[0.382s] -- Up-to-date: /home/hima/bachelors/rbkairos_ws/install/csm/include/..//include/csm/laser_data_inline.h
[0.382s] -- Up-to-date: /home/hima/bachelors/rbkairos_ws/install/csm/include/..//include/csm/laser_data.h
[0.382s] -- Up-to-date: /home/hima/bachelors/rbkairos_ws/install/csm/include/..//include/csm/restrict.h
[0.383s] -- Up-to-date: /home/hima/bachelors/rbkairos_ws/install/csm/share/csm/resource
[0.383s] -- Up-to-date: /home/hima/bachelors/rbkairos_ws/install/csm/share/csm/resource/csm
[0.383s] -- Up-to-date: /home/hima/bachelors/rbkairos_ws/install/csm/include/../gsl_eigen
[0.383s] -- Up-to-date: /home/hima/bachelors/rbkairos_ws/install/csm/include/../gsl_eigen/gsl_eigen.h
[0.383s] -- Up-to-date: /home/hima/bachelors/rbkairos_ws/install/csm/share/csm/environment/library_path.sh
[0.384s] -- Up-to-date: /home/hima/bachelors/rbkairos_ws/install/csm/share/csm/environment/library_path.dsv
[0.384s] -- Up-to-date: /home/hima/bachelors/rbkairos_ws/install/csm/share/ament_index/resource_index/package_run_dependencies/csm
[0.384s] -- Up-to-date: /home/hima/bachelors/rbkairos_ws/install/csm/share/ament_index/resource_index/parent_prefix_path/csm
[0.387s] -- Up-to-date: /home/hima/bachelors/rbkairos_ws/install/csm/share/csm/environment/ament_prefix_path.sh
[0.387s] -- Up-to-date: /home/hima/bachelors/rbkairos_ws/install/csm/share/csm/environment/ament_prefix_path.dsv
[0.388s] -- Up-to-date: /home/hima/bachelors/rbkairos_ws/install/csm/share/csm/environment/path.sh
[0.388s] -- Up-to-date: /home/hima/bachelors/rbkairos_ws/install/csm/share/csm/environment/path.dsv
[0.388s] -- Up-to-date: /home/hima/bachelors/rbkairos_ws/install/csm/share/csm/local_setup.bash
[0.388s] -- Up-to-date: /home/hima/bachelors/rbkairos_ws/install/csm/share/csm/local_setup.sh
[0.388s] -- Up-to-date: /home/hima/bachelors/rbkairos_ws/install/csm/share/csm/local_setup.zsh
[0.388s] -- Up-to-date: /home/hima/bachelors/rbkairos_ws/install/csm/share/csm/local_setup.dsv
[0.388s] -- Installing: /home/hima/bachelors/rbkairos_ws/install/csm/share/csm/package.dsv
[0.388s] -- Up-to-date: /home/hima/bachelors/rbkairos_ws/install/csm/share/ament_index/resource_index/packages/csm
[0.388s] -- Up-to-date: /home/hima/bachelors/rbkairos_ws/install/csm/share/csm/cmake/ament_cmake_export_dependencies-extras.cmake
[0.389s] -- Up-to-date: /home/hima/bachelors/rbkairos_ws/install/csm/share/csm/cmake/ament_cmake_export_include_directories-extras.cmake
[0.389s] -- Up-to-date: /home/hima/bachelors/rbkairos_ws/install/csm/share/csm/cmake/ament_cmake_export_libraries-extras.cmake
[0.389s] -- Up-to-date: /home/hima/bachelors/rbkairos_ws/install/csm/share/csm/cmake/csmConfig.cmake
[0.389s] -- Up-to-date: /home/hima/bachelors/rbkairos_ws/install/csm/share/csm/cmake/csmConfig-version.cmake
[0.390s] -- Up-to-date: /home/hima/bachelors/rbkairos_ws/install/csm/share/csm/package.xml
[0.395s] Invoked command in '/home/hima/bachelors/rbkairos_ws/build/csm' returned '0': CMAKE_PREFIX_PATH=${CMAKE_PREFIX_PATH}:/opt/ros/humble /usr/bin/cmake --install /home/hima/bachelors/rbkairos_ws/build/csm
