[0.034s] Invoking command in '/home/hima/bachelors/rbkairos_ws/build/robotnik_description': CMAKE_PREFIX_PATH=/home/hima/bachelors/rbkairos_ws/install/robotnik_sensors:/home/hima/bachelors/rbkairos_ws/install/ros2_laser_scan_merger:/home/hima/bachelors/rbkairos_ws/install/ros2_laser_scan_matcher:/home/hima/bachelors/rbkairos_ws/install/robotnik_supervisor_msgs:/home/hima/bachelors/rbkairos_ws/install/robotnik_gazebo_ignition:/home/hima/bachelors/rbkairos_ws/install/robotnik_gazebo_classic:/home/hima/bachelors/rbkairos_ws/install/mapping:/home/hima/bachelors/rbkairos_ws/install/robotnik_description:/home/hima/bachelors/rbkairos_ws/install/robotnik_interfaces:/home/hima/bachelors/rbkairos_ws/install/robotnik_safety_msgs:/home/hima/bachelors/rbkairos_ws/install/robotnik_perception_msgs:/home/hima/bachelors/rbkairos_ws/install/robotnik_navigation_msgs:/home/hima/bachelors/rbkairos_ws/install/robotnik_io_msgs:/home/hima/bachelors/rbkairos_ws/install/robotnik_controllers_msgs:/home/hima/bachelors/rbkairos_ws/install/robotnik_common_msgs:/home/hima/bachelors/rbkairos_ws/install/robotnik_common:/home/hima/bachelors/rbkairos_ws/install/robotnik_battery_msgs:/home/hima/bachelors/rbkairos_ws/install/csm:/opt/ros/humble /usr/bin/cmake --build /home/hima/bachelors/rbkairos_ws/build/robotnik_description -- -j16 -l16
[0.159s] Invoked command in '/home/hima/bachelors/rbkairos_ws/build/robotnik_description' returned '0': CMAKE_PREFIX_PATH=/home/hima/bachelors/rbkairos_ws/install/robotnik_sensors:/home/hima/bachelors/rbkairos_ws/install/ros2_laser_scan_merger:/home/hima/bachelors/rbkairos_ws/install/ros2_laser_scan_matcher:/home/hima/bachelors/rbkairos_ws/install/robotnik_supervisor_msgs:/home/hima/bachelors/rbkairos_ws/install/robotnik_gazebo_ignition:/home/hima/bachelors/rbkairos_ws/install/robotnik_gazebo_classic:/home/hima/bachelors/rbkairos_ws/install/mapping:/home/hima/bachelors/rbkairos_ws/install/robotnik_description:/home/hima/bachelors/rbkairos_ws/install/robotnik_interfaces:/home/hima/bachelors/rbkairos_ws/install/robotnik_safety_msgs:/home/hima/bachelors/rbkairos_ws/install/robotnik_perception_msgs:/home/hima/bachelors/rbkairos_ws/install/robotnik_navigation_msgs:/home/hima/bachelors/rbkairos_ws/install/robotnik_io_msgs:/home/hima/bachelors/rbkairos_ws/install/robotnik_controllers_msgs:/home/hima/bachelors/rbkairos_ws/install/robotnik_common_msgs:/home/hima/bachelors/rbkairos_ws/install/robotnik_common:/home/hima/bachelors/rbkairos_ws/install/robotnik_battery_msgs:/home/hima/bachelors/rbkairos_ws/install/csm:/opt/ros/humble /usr/bin/cmake --build /home/hima/bachelors/rbkairos_ws/build/robotnik_description -- -j16 -l16
[0.167s] Invoking command in '/home/hima/bachelors/rbkairos_ws/build/robotnik_description': CMAKE_PREFIX_PATH=/home/hima/bachelors/rbkairos_ws/install/robotnik_sensors:/home/hima/bachelors/rbkairos_ws/install/ros2_laser_scan_merger:/home/hima/bachelors/rbkairos_ws/install/ros2_laser_scan_matcher:/home/hima/bachelors/rbkairos_ws/install/robotnik_supervisor_msgs:/home/hima/bachelors/rbkairos_ws/install/robotnik_gazebo_ignition:/home/hima/bachelors/rbkairos_ws/install/robotnik_gazebo_classic:/home/hima/bachelors/rbkairos_ws/install/mapping:/home/hima/bachelors/rbkairos_ws/install/robotnik_description:/home/hima/bachelors/rbkairos_ws/install/robotnik_interfaces:/home/hima/bachelors/rbkairos_ws/install/robotnik_safety_msgs:/home/hima/bachelors/rbkairos_ws/install/robotnik_perception_msgs:/home/hima/bachelors/rbkairos_ws/install/robotnik_navigation_msgs:/home/hima/bachelors/rbkairos_ws/install/robotnik_io_msgs:/home/hima/bachelors/rbkairos_ws/install/robotnik_controllers_msgs:/home/hima/bachelors/rbkairos_ws/install/robotnik_common_msgs:/home/hima/bachelors/rbkairos_ws/install/robotnik_common:/home/hima/bachelors/rbkairos_ws/install/robotnik_battery_msgs:/home/hima/bachelors/rbkairos_ws/install/csm:/opt/ros/humble /usr/bin/cmake --install /home/hima/bachelors/rbkairos_ws/build/robotnik_description
[0.214s] -- Install configuration: ""
[0.214s] -- Up-to-date: /home/hima/bachelors/rbkairos_ws/install/robotnik_description/share/robotnik_description/launch
[0.214s] -- Up-to-date: /home/hima/bachelors/rbkairos_ws/install/robotnik_description/share/robotnik_description/launch/robot_description.launch.py
[0.214s] -- Up-to-date: /home/hima/bachelors/rbkairos_ws/install/robotnik_description/share/robotnik_description/meshes
[0.214s] -- Up-to-date: /home/hima/bachelors/rbkairos_ws/install/robotnik_description/share/robotnik_description/meshes/wheels
[0.215s] -- Up-to-date: /home/hima/bachelors/rbkairos_ws/install/robotnik_description/share/robotnik_description/meshes/wheels/steering_wheel
[0.215s] -- Up-to-date: /home/hima/bachelors/rbkairos_ws/install/robotnik_description/share/robotnik_description/meshes/wheels/steering_wheel/mw_frame_stl_color.dae
[0.215s] -- Up-to-date: /home/hima/bachelors/rbkairos_ws/install/robotnik_description/share/robotnik_description/meshes/wheels/steering_wheel/mw_frame_stl.png
[0.215s] -- Up-to-date: /home/hima/bachelors/rbkairos_ws/install/robotnik_description/share/robotnik_description/meshes/wheels/rubber_wheel
[0.215s] -- Up-to-date: /home/hima/bachelors/rbkairos_ws/install/robotnik_description/share/robotnik_description/meshes/wheels/rubber_wheel/mw_frame.stl
[0.215s] -- Up-to-date: /home/hima/bachelors/rbkairos_ws/install/robotnik_description/share/robotnik_description/meshes/wheels/rubber_wheel/wheel_sxl.stl
[0.216s] -- Up-to-date: /home/hima/bachelors/rbkairos_ws/install/robotnik_description/share/robotnik_description/meshes/wheels/rubber_wheel/rubber_wheel.dae
[0.216s] -- Up-to-date: /home/hima/bachelors/rbkairos_ws/install/robotnik_description/share/robotnik_description/meshes/wheels/mecanum_wheel
[0.216s] -- Up-to-date: /home/hima/bachelors/rbkairos_ws/install/robotnik_description/share/robotnik_description/meshes/wheels/mecanum_wheel/kairos_mecanum_wheel_2.dae
[0.216s] -- Up-to-date: /home/hima/bachelors/rbkairos_ws/install/robotnik_description/share/robotnik_description/meshes/wheels/mecanum_wheel/robout_wheel.stl
[0.217s] -- Up-to-date: /home/hima/bachelors/rbkairos_ws/install/robotnik_description/share/robotnik_description/meshes/wheels/mecanum_wheel/kairos_mecanum_wheel_1.dae
[0.217s] -- Up-to-date: /home/hima/bachelors/rbkairos_ws/install/robotnik_description/share/robotnik_description/meshes/wheels/caster_wheel
[0.217s] -- Up-to-date: /home/hima/bachelors/rbkairos_ws/install/robotnik_description/share/robotnik_description/meshes/wheels/caster_wheel/caster_wheel.stl
[0.217s] -- Up-to-date: /home/hima/bachelors/rbkairos_ws/install/robotnik_description/share/robotnik_description/meshes/bases
[0.217s] -- Up-to-date: /home/hima/bachelors/rbkairos_ws/install/robotnik_description/share/robotnik_description/meshes/bases/robotnik_logo_chasis.stl
[0.217s] -- Up-to-date: /home/hima/bachelors/rbkairos_ws/install/robotnik_description/share/robotnik_description/meshes/bases/rbrobout
[0.218s] -- Up-to-date: /home/hima/bachelors/rbkairos_ws/install/robotnik_description/share/robotnik_description/meshes/bases/rbrobout/rbrobout_top_cover.stl
[0.218s] -- Up-to-date: /home/hima/bachelors/rbkairos_ws/install/robotnik_description/share/robotnik_description/meshes/bases/rbrobout/rbrobout_chassis.stl
[0.218s] -- Up-to-date: /home/hima/bachelors/rbkairos_ws/install/robotnik_description/share/robotnik_description/meshes/bases/rbtheron
[0.218s] -- Up-to-date: /home/hima/bachelors/rbkairos_ws/install/robotnik_description/share/robotnik_description/meshes/bases/rbtheron/rbtheron_plus_top_chassis.stl
[0.219s] -- Up-to-date: /home/hima/bachelors/rbkairos_ws/install/robotnik_description/share/robotnik_description/meshes/bases/rbtheron/theron_base_v4.stl
[0.220s] -- Up-to-date: /home/hima/bachelors/rbkairos_ws/install/robotnik_description/share/robotnik_description/meshes/bases/rbkairos
[0.220s] -- Up-to-date: /home/hima/bachelors/rbkairos_ws/install/robotnik_description/share/robotnik_description/meshes/bases/rbkairos/rbkairos_chassis.stl
[0.220s] -- Up-to-date: /home/hima/bachelors/rbkairos_ws/install/robotnik_description/share/robotnik_description/meshes/bases/rbkairos/rbkairos_plus_chassis.stl
[0.220s] -- Up-to-date: /home/hima/bachelors/rbkairos_ws/install/robotnik_description/share/robotnik_description/meshes/bases/rbkairos/rbkairos_top_cover.stl
[0.221s] -- Up-to-date: /home/hima/bachelors/rbkairos_ws/install/robotnik_description/share/robotnik_description/meshes/bases/rbkairos/rbkairos_chapas_inox_tapas.STL
[0.221s] -- Up-to-date: /home/hima/bachelors/rbkairos_ws/install/robotnik_description/share/robotnik_description/meshes/bases/rbvogui
[0.221s] -- Up-to-date: /home/hima/bachelors/rbkairos_ws/install/robotnik_description/share/robotnik_description/meshes/bases/rbvogui/rbvogui_leds.stl
[0.221s] -- Up-to-date: /home/hima/bachelors/rbkairos_ws/install/robotnik_description/share/robotnik_description/meshes/bases/rbvogui/rbvogui_logos.stl
[0.221s] -- Up-to-date: /home/hima/bachelors/rbkairos_ws/install/robotnik_description/share/robotnik_description/meshes/bases/rbvogui/rbvogui_contactors.stl
[0.222s] -- Up-to-date: /home/hima/bachelors/rbkairos_ws/install/robotnik_description/share/robotnik_description/meshes/bases/rbvogui/rbvogui_chassis.stl
[0.222s] -- Up-to-date: /home/hima/bachelors/rbkairos_ws/install/robotnik_description/share/robotnik_description/meshes/bases/rbvogui/rbvogui_battery.stl
[0.222s] -- Up-to-date: /home/hima/bachelors/rbkairos_ws/install/robotnik_description/share/robotnik_description/meshes/bases/rbvogui/rbvogui_logos.dae
[0.222s] -- Up-to-date: /home/hima/bachelors/rbkairos_ws/install/robotnik_description/share/robotnik_description/meshes/bases/rbvogui/rbvogui_chassis_color.dae
[0.222s] -- Up-to-date: /home/hima/bachelors/rbkairos_ws/install/robotnik_description/share/robotnik_description/meshes/bases/rbvogui/rbvogui_chassis_color.png
[0.223s] -- Up-to-date: /home/hima/bachelors/rbkairos_ws/install/robotnik_description/share/robotnik_description/meshes/bases/rbsummit
[0.223s] -- Up-to-date: /home/hima/bachelors/rbkairos_ws/install/robotnik_description/share/robotnik_description/meshes/bases/rbsummit/rbsummit_xl_chassis_simple.stl
[0.223s] -- Up-to-date: /home/hima/bachelors/rbkairos_ws/install/robotnik_description/share/robotnik_description/meshes/bases/rbsummit/rbsummit_xl_chassis.dae
[0.223s] -- Up-to-date: /home/hima/bachelors/rbkairos_ws/install/robotnik_description/share/robotnik_description/meshes/bases/rbsummit/rbsummit_xl_chassis_collision.dae
[0.223s] -- Up-to-date: /home/hima/bachelors/rbkairos_ws/install/robotnik_description/share/robotnik_description/meshes/structures
[0.223s] -- Up-to-date: /home/hima/bachelors/rbkairos_ws/install/robotnik_description/share/robotnik_description/meshes/structures/ewellix
[0.223s] -- Up-to-date: /home/hima/bachelors/rbkairos_ws/install/robotnik_description/share/robotnik_description/meshes/structures/ewellix/ewellix_lift_base_900mm.stl
[0.224s] -- Up-to-date: /home/hima/bachelors/rbkairos_ws/install/robotnik_description/share/robotnik_description/meshes/structures/ewellix/ewellix_lift_top_900mm.stl
[0.224s] -- Up-to-date: /home/hima/bachelors/rbkairos_ws/install/robotnik_description/share/robotnik_description/meshes/structures/ewellix/ewellix_lift_top_900mm_cut.stl
[0.224s] -- Up-to-date: /home/hima/bachelors/rbkairos_ws/install/robotnik_description/share/robotnik_description/meshes/structures/ewellix/ewellix_lift_base_700mm.stl
[0.224s] -- Up-to-date: /home/hima/bachelors/rbkairos_ws/install/robotnik_description/share/robotnik_description/meshes/structures/ewellix/ewellix_lift_top_700mm_cut.stl
[0.225s] -- Up-to-date: /home/hima/bachelors/rbkairos_ws/install/robotnik_description/share/robotnik_description/meshes/structures/ewellix/ewellix_lift_top_700mm.stl
[0.225s] -- Up-to-date: /home/hima/bachelors/rbkairos_ws/install/robotnik_description/share/robotnik_description/urdf
[0.227s] -- Up-to-date: /home/hima/bachelors/rbkairos_ws/install/robotnik_description/share/robotnik_description/urdf/inertia.urdf.xacro
[0.227s] -- Up-to-date: /home/hima/bachelors/rbkairos_ws/install/robotnik_description/share/robotnik_description/urdf/wheels
[0.227s] -- Up-to-date: /home/hima/bachelors/rbkairos_ws/install/robotnik_description/share/robotnik_description/urdf/wheels/steering_wheel
[0.227s] -- Up-to-date: /home/hima/bachelors/rbkairos_ws/install/robotnik_description/share/robotnik_description/urdf/wheels/steering_wheel/steering_wheel.urdf.xacro
[0.227s] -- Up-to-date: /home/hima/bachelors/rbkairos_ws/install/robotnik_description/share/robotnik_description/urdf/wheels/rubber_wheel
[0.229s] -- Up-to-date: /home/hima/bachelors/rbkairos_ws/install/robotnik_description/share/robotnik_description/urdf/wheels/rubber_wheel/rubber_wheel_150.urdf.xacro
[0.229s] -- Up-to-date: /home/hima/bachelors/rbkairos_ws/install/robotnik_description/share/robotnik_description/urdf/wheels/rubber_wheel/rubber_wheel.urdf.xacro
[0.230s] -- Up-to-date: /home/hima/bachelors/rbkairos_ws/install/robotnik_description/share/robotnik_description/urdf/wheels/rubber_wheel/gazebo
[0.230s] -- Up-to-date: /home/hima/bachelors/rbkairos_ws/install/robotnik_description/share/robotnik_description/urdf/wheels/rubber_wheel/gazebo/rubber_wheel.gazebo.xacro
[0.230s] -- Up-to-date: /home/hima/bachelors/rbkairos_ws/install/robotnik_description/share/robotnik_description/urdf/wheels/rubber_wheel/gazebo/rbvogui_wheel.gazebo.xacro
[0.231s] -- Up-to-date: /home/hima/bachelors/rbkairos_ws/install/robotnik_description/share/robotnik_description/urdf/wheels/rubber_wheel/gazebo/rubber_wheel.transmission.xacro
[0.231s] -- Up-to-date: /home/hima/bachelors/rbkairos_ws/install/robotnik_description/share/robotnik_description/urdf/wheels/mecanum_wheel
[0.231s] -- Up-to-date: /home/hima/bachelors/rbkairos_ws/install/robotnik_description/share/robotnik_description/urdf/wheels/mecanum_wheel/rbkairos_mecanum_wheel.urdf.xacro
[0.231s] -- Up-to-date: /home/hima/bachelors/rbkairos_ws/install/robotnik_description/share/robotnik_description/urdf/wheels/mecanum_wheel/rbrobout_mecanum_wheel.urdf.xacro
[0.231s] -- Up-to-date: /home/hima/bachelors/rbkairos_ws/install/robotnik_description/share/robotnik_description/urdf/wheels/wheel.gazebo.xacro
[0.232s] -- Up-to-date: /home/hima/bachelors/rbkairos_ws/install/robotnik_description/share/robotnik_description/urdf/wheels/caster_wheel
[0.232s] -- Up-to-date: /home/hima/bachelors/rbkairos_ws/install/robotnik_description/share/robotnik_description/urdf/wheels/caster_wheel/rbtheron_caster.urdf.xacro
[0.232s] -- Up-to-date: /home/hima/bachelors/rbkairos_ws/install/robotnik_description/share/robotnik_description/urdf/bases
[0.232s] -- Up-to-date: /home/hima/bachelors/rbkairos_ws/install/robotnik_description/share/robotnik_description/urdf/bases/rbrobout
[0.232s] -- Up-to-date: /home/hima/bachelors/rbkairos_ws/install/robotnik_description/share/robotnik_description/urdf/bases/rbrobout/rbrobout_cameras_cover.urdf.xacro
[0.232s] -- Up-to-date: /home/hima/bachelors/rbkairos_ws/install/robotnik_description/share/robotnik_description/urdf/bases/rbrobout/rbrobout_top_cover.urdf.xacro
[0.232s] -- Up-to-date: /home/hima/bachelors/rbkairos_ws/install/robotnik_description/share/robotnik_description/urdf/bases/rbrobout/rbrobout_base.urdf.xacro
[0.232s] -- Up-to-date: /home/hima/bachelors/rbkairos_ws/install/robotnik_description/share/robotnik_description/urdf/bases/rbtheron
[0.232s] -- Up-to-date: /home/hima/bachelors/rbkairos_ws/install/robotnik_description/share/robotnik_description/urdf/bases/rbtheron/rbtheron_base.xacro
[0.233s] -- Up-to-date: /home/hima/bachelors/rbkairos_ws/install/robotnik_description/share/robotnik_description/urdf/bases/rbkairos
[0.233s] -- Up-to-date: /home/hima/bachelors/rbkairos_ws/install/robotnik_description/share/robotnik_description/urdf/bases/rbkairos/rbkairos_base.urdf.xacro
[0.233s] -- Up-to-date: /home/hima/bachelors/rbkairos_ws/install/robotnik_description/share/robotnik_description/urdf/bases/rbvogui
[0.233s] -- Up-to-date: /home/hima/bachelors/rbkairos_ws/install/robotnik_description/share/robotnik_description/urdf/bases/rbvogui/rbvogui_base.urdf.xacro
[0.233s] -- Up-to-date: /home/hima/bachelors/rbkairos_ws/install/robotnik_description/share/robotnik_description/urdf/bases/rbsummit
[0.233s] -- Up-to-date: /home/hima/bachelors/rbkairos_ws/install/robotnik_description/share/robotnik_description/urdf/bases/rbsummit/rbsummit_base.xacro
[0.233s] -- Up-to-date: /home/hima/bachelors/rbkairos_ws/install/robotnik_description/share/robotnik_description/urdf/base_hw
[0.233s] -- Up-to-date: /home/hima/bachelors/rbkairos_ws/install/robotnik_description/share/robotnik_description/urdf/base_hw/rbrobout.ros2_control.urdf
[0.233s] -- Up-to-date: /home/hima/bachelors/rbkairos_ws/install/robotnik_description/share/robotnik_description/urdf/base_hw/rbvogui.ros2_control.urdf
[0.233s] -- Up-to-date: /home/hima/bachelors/rbkairos_ws/install/robotnik_description/share/robotnik_description/urdf/base_hw/rbtheron.ros2_control.urdf
[0.233s] -- Up-to-date: /home/hima/bachelors/rbkairos_ws/install/robotnik_description/share/robotnik_description/urdf/base_hw/rbsummit.ros2_control.urdf
[0.234s] -- Up-to-date: /home/hima/bachelors/rbkairos_ws/install/robotnik_description/share/robotnik_description/urdf/base_hw/rbkairos.ros2_control.urdf
[0.234s] -- Up-to-date: /home/hima/bachelors/rbkairos_ws/install/robotnik_description/share/robotnik_description/urdf/bodies
[0.234s] -- Up-to-date: /home/hima/bachelors/rbkairos_ws/install/robotnik_description/share/robotnik_description/urdf/bodies/rbrobout
[0.234s] -- Up-to-date: /home/hima/bachelors/rbkairos_ws/install/robotnik_description/share/robotnik_description/urdf/bodies/rbrobout/rbrobout_body.urdf.xacro
[0.234s] -- Up-to-date: /home/hima/bachelors/rbkairos_ws/install/robotnik_description/share/robotnik_description/urdf/bodies/rbtheron
[0.234s] -- Up-to-date: /home/hima/bachelors/rbkairos_ws/install/robotnik_description/share/robotnik_description/urdf/bodies/rbtheron/rbtheron_body.urdf.xacro
[0.234s] -- Up-to-date: /home/hima/bachelors/rbkairos_ws/install/robotnik_description/share/robotnik_description/urdf/bodies/rbkairos
[0.234s] -- Up-to-date: /home/hima/bachelors/rbkairos_ws/install/robotnik_description/share/robotnik_description/urdf/bodies/rbkairos/rbkairos_plus_body.urdf.xacro
[0.234s] -- Up-to-date: /home/hima/bachelors/rbkairos_ws/install/robotnik_description/share/robotnik_description/urdf/bodies/rbkairos/rbkairos_body.urdf.xacro
[0.235s] -- Up-to-date: /home/hima/bachelors/rbkairos_ws/install/robotnik_description/share/robotnik_description/urdf/bodies/rbvogui
[0.235s] -- Up-to-date: /home/hima/bachelors/rbkairos_ws/install/robotnik_description/share/robotnik_description/urdf/bodies/rbvogui/rbvogui_body.urdf.xacro
[0.236s] -- Up-to-date: /home/hima/bachelors/rbkairos_ws/install/robotnik_description/share/robotnik_description/urdf/bodies/rbvogui/rbvogui_base.gazebo.xacro
[0.236s] -- Up-to-date: /home/hima/bachelors/rbkairos_ws/install/robotnik_description/share/robotnik_description/urdf/bodies/rbsummit
[0.236s] -- Up-to-date: /home/hima/bachelors/rbkairos_ws/install/robotnik_description/share/robotnik_description/urdf/bodies/rbsummit/rbsummit_body.urdf.xacro
[0.236s] -- Up-to-date: /home/hima/bachelors/rbkairos_ws/install/robotnik_description/share/robotnik_description/urdf/structures
[0.236s] -- Up-to-date: /home/hima/bachelors/rbkairos_ws/install/robotnik_description/share/robotnik_description/urdf/structures/ewellix
[0.236s] -- Up-to-date: /home/hima/bachelors/rbkairos_ws/install/robotnik_description/share/robotnik_description/urdf/structures/ewellix/ewellix_lift_700mm.urdf.xacro
[0.238s] -- Up-to-date: /home/hima/bachelors/rbkairos_ws/install/robotnik_description/share/robotnik_description/urdf/structures/ewellix/ewellix_lift_900mm.urdf.xacro
[0.238s] -- Up-to-date: /home/hima/bachelors/rbkairos_ws/install/robotnik_description/share/robotnik_description/urdf/structures/ewellix/all_ewellix_lift.urdf.xacro
[0.238s] -- Up-to-date: /home/hima/bachelors/rbkairos_ws/install/robotnik_description/share/robotnik_description/robots
[0.239s] -- Up-to-date: /home/hima/bachelors/rbkairos_ws/install/robotnik_description/share/robotnik_description/robots/rbrobout
[0.239s] -- Up-to-date: /home/hima/bachelors/rbkairos_ws/install/robotnik_description/share/robotnik_description/robots/rbrobout/rbrobout_plus.urdf.xacro
[0.239s] -- Up-to-date: /home/hima/bachelors/rbkairos_ws/install/robotnik_description/share/robotnik_description/robots/rbrobout/rbrobout.urdf.xacro
[0.239s] -- Up-to-date: /home/hima/bachelors/rbkairos_ws/install/robotnik_description/share/robotnik_description/robots/rbtheron
[0.239s] -- Up-to-date: /home/hima/bachelors/rbkairos_ws/install/robotnik_description/share/robotnik_description/robots/rbtheron/rbtheron.urdf.xacro
[0.240s] -- Up-to-date: /home/hima/bachelors/rbkairos_ws/install/robotnik_description/share/robotnik_description/robots/rbtheron/rbtheron_plus.urdf.xacro
[0.241s] -- Up-to-date: /home/hima/bachelors/rbkairos_ws/install/robotnik_description/share/robotnik_description/robots/rbkairos
[0.241s] -- Up-to-date: /home/hima/bachelors/rbkairos_ws/install/robotnik_description/share/robotnik_description/robots/rbkairos/rbkairos.urdf.xacro
[0.242s] -- Up-to-date: /home/hima/bachelors/rbkairos_ws/install/robotnik_description/share/robotnik_description/robots/rbkairos/rbkairos_plus.urdf.xacro
[0.242s] -- Up-to-date: /home/hima/bachelors/rbkairos_ws/install/robotnik_description/share/robotnik_description/robots/rbvogui
[0.242s] -- Up-to-date: /home/hima/bachelors/rbkairos_ws/install/robotnik_description/share/robotnik_description/robots/rbvogui/rbvogui.urdf.xacro
[0.242s] -- Up-to-date: /home/hima/bachelors/rbkairos_ws/install/robotnik_description/share/robotnik_description/robots/rbvogui/rbvogui_plus.urdf.xacro
[0.243s] -- Up-to-date: /home/hima/bachelors/rbkairos_ws/install/robotnik_description/share/robotnik_description/robots/rbsummit
[0.243s] -- Up-to-date: /home/hima/bachelors/rbkairos_ws/install/robotnik_description/share/robotnik_description/robots/rbsummit/rbsummit.urdf.xacro
[0.243s] -- Up-to-date: /home/hima/bachelors/rbkairos_ws/install/robotnik_description/share/robotnik_description/simulators
[0.243s] -- Up-to-date: /home/hima/bachelors/rbkairos_ws/install/robotnik_description/share/robotnik_description/simulators/isaac
[0.243s] -- Up-to-date: /home/hima/bachelors/rbkairos_ws/install/robotnik_description/share/robotnik_description/simulators/isaac/README.md
[0.244s] -- Up-to-date: /home/hima/bachelors/rbkairos_ws/install/robotnik_description/share/robotnik_description/simulators/gazebo_classic
[0.244s] -- Up-to-date: /home/hima/bachelors/rbkairos_ws/install/robotnik_description/share/robotnik_description/simulators/gazebo_classic/rbrobout
[0.244s] -- Up-to-date: /home/hima/bachelors/rbkairos_ws/install/robotnik_description/share/robotnik_description/simulators/gazebo_classic/rbrobout/rbrobout_controller_params.yaml
[0.245s] -- Up-to-date: /home/hima/bachelors/rbkairos_ws/install/robotnik_description/share/robotnik_description/simulators/gazebo_classic/rbrobout/rbrobout_control.urdf.xacro
[0.245s] -- Up-to-date: /home/hima/bachelors/rbkairos_ws/install/robotnik_description/share/robotnik_description/simulators/gazebo_classic/rbtheron
[0.245s] -- Up-to-date: /home/hima/bachelors/rbkairos_ws/install/robotnik_description/share/robotnik_description/simulators/gazebo_classic/rbtheron/rbtheron_control.urdf.xacro
[0.245s] -- Up-to-date: /home/hima/bachelors/rbkairos_ws/install/robotnik_description/share/robotnik_description/simulators/gazebo_classic/rbtheron/rbtheron_controller_params.yaml
[0.245s] -- Up-to-date: /home/hima/bachelors/rbkairos_ws/install/robotnik_description/share/robotnik_description/simulators/gazebo_classic/rbkairos
[0.245s] -- Up-to-date: /home/hima/bachelors/rbkairos_ws/install/robotnik_description/share/robotnik_description/simulators/gazebo_classic/rbkairos/rbkairos_controller_params.yaml
[0.246s] -- Up-to-date: /home/hima/bachelors/rbkairos_ws/install/robotnik_description/share/robotnik_description/simulators/gazebo_classic/rbkairos/rbkairos_control.urdf.xacro
[0.246s] -- Up-to-date: /home/hima/bachelors/rbkairos_ws/install/robotnik_description/share/robotnik_description/simulators/gazebo_classic/README.md
[0.246s] -- Up-to-date: /home/hima/bachelors/rbkairos_ws/install/robotnik_description/share/robotnik_description/simulators/gazebo_classic/rbvogui
[0.246s] -- Up-to-date: /home/hima/bachelors/rbkairos_ws/install/robotnik_description/share/robotnik_description/simulators/gazebo_classic/rbvogui/rbvogui_controller_params.yaml
[0.246s] -- Up-to-date: /home/hima/bachelors/rbkairos_ws/install/robotnik_description/share/robotnik_description/simulators/gazebo_classic/rbvogui/rbvogui_control.urdf.xacro
[0.246s] -- Up-to-date: /home/hima/bachelors/rbkairos_ws/install/robotnik_description/share/robotnik_description/simulators/gazebo_classic/rbsummit
[0.246s] -- Up-to-date: /home/hima/bachelors/rbkairos_ws/install/robotnik_description/share/robotnik_description/simulators/gazebo_classic/rbsummit/rbsummit_control.urdf.xacro
[0.246s] -- Up-to-date: /home/hima/bachelors/rbkairos_ws/install/robotnik_description/share/robotnik_description/simulators/gazebo_classic/rbsummit/rbsummit_controller_params.yaml
[0.246s] -- Up-to-date: /home/hima/bachelors/rbkairos_ws/install/robotnik_description/share/robotnik_description/simulators/gazebo_ignition
[0.246s] -- Up-to-date: /home/hima/bachelors/rbkairos_ws/install/robotnik_description/share/robotnik_description/simulators/gazebo_ignition/rbrobout
[0.246s] -- Up-to-date: /home/hima/bachelors/rbkairos_ws/install/robotnik_description/share/robotnik_description/simulators/gazebo_ignition/rbrobout/rbrobout_controller_params.yaml
[0.246s] -- Up-to-date: /home/hima/bachelors/rbkairos_ws/install/robotnik_description/share/robotnik_description/simulators/gazebo_ignition/rbrobout/rbrobout_control.urdf.xacro
[0.246s] -- Up-to-date: /home/hima/bachelors/rbkairos_ws/install/robotnik_description/share/robotnik_description/simulators/gazebo_ignition/rbtheron
[0.246s] -- Up-to-date: /home/hima/bachelors/rbkairos_ws/install/robotnik_description/share/robotnik_description/simulators/gazebo_ignition/rbtheron/rbtheron_control.urdf.xacro
[0.247s] -- Up-to-date: /home/hima/bachelors/rbkairos_ws/install/robotnik_description/share/robotnik_description/simulators/gazebo_ignition/rbtheron/rbtheron_controller_params.yaml
[0.247s] -- Up-to-date: /home/hima/bachelors/rbkairos_ws/install/robotnik_description/share/robotnik_description/simulators/gazebo_ignition/rbkairos
[0.247s] -- Up-to-date: /home/hima/bachelors/rbkairos_ws/install/robotnik_description/share/robotnik_description/simulators/gazebo_ignition/rbkairos/rbkairos_controller_params.yaml
[0.247s] -- Up-to-date: /home/hima/bachelors/rbkairos_ws/install/robotnik_description/share/robotnik_description/simulators/gazebo_ignition/rbkairos/rbkairos_control.urdf.xacro
[0.247s] -- Up-to-date: /home/hima/bachelors/rbkairos_ws/install/robotnik_description/share/robotnik_description/simulators/gazebo_ignition/README.md
[0.247s] -- Up-to-date: /home/hima/bachelors/rbkairos_ws/install/robotnik_description/share/robotnik_description/simulators/gazebo_ignition/rbvogui
[0.247s] -- Up-to-date: /home/hima/bachelors/rbkairos_ws/install/robotnik_description/share/robotnik_description/simulators/gazebo_ignition/rbvogui/rbvogui_controller_params.yaml
[0.247s] -- Up-to-date: /home/hima/bachelors/rbkairos_ws/install/robotnik_description/share/robotnik_description/simulators/gazebo_ignition/rbvogui/rbvogui_control.urdf.xacro
[0.247s] -- Up-to-date: /home/hima/bachelors/rbkairos_ws/install/robotnik_description/share/robotnik_description/simulators/gazebo_ignition/rbsummit
[0.247s] -- Up-to-date: /home/hima/bachelors/rbkairos_ws/install/robotnik_description/share/robotnik_description/simulators/gazebo_ignition/rbsummit/rbsummit_control.urdf.xacro
[0.247s] -- Up-to-date: /home/hima/bachelors/rbkairos_ws/install/robotnik_description/share/robotnik_description/simulators/gazebo_ignition/rbsummit/rbsummit_controller_params.yaml
[0.247s] -- Up-to-date: /home/hima/bachelors/rbkairos_ws/install/robotnik_description/share/ament_index/resource_index/package_run_dependencies/robotnik_description
[0.247s] -- Up-to-date: /home/hima/bachelors/rbkairos_ws/install/robotnik_description/share/ament_index/resource_index/parent_prefix_path/robotnik_description
[0.247s] -- Up-to-date: /home/hima/bachelors/rbkairos_ws/install/robotnik_description/share/robotnik_description/environment/ament_prefix_path.sh
[0.247s] -- Up-to-date: /home/hima/bachelors/rbkairos_ws/install/robotnik_description/share/robotnik_description/environment/ament_prefix_path.dsv
[0.247s] -- Up-to-date: /home/hima/bachelors/rbkairos_ws/install/robotnik_description/share/robotnik_description/environment/path.sh
[0.247s] -- Up-to-date: /home/hima/bachelors/rbkairos_ws/install/robotnik_description/share/robotnik_description/environment/path.dsv
[0.248s] -- Up-to-date: /home/hima/bachelors/rbkairos_ws/install/robotnik_description/share/robotnik_description/local_setup.bash
[0.248s] -- Up-to-date: /home/hima/bachelors/rbkairos_ws/install/robotnik_description/share/robotnik_description/local_setup.sh
[0.248s] -- Up-to-date: /home/hima/bachelors/rbkairos_ws/install/robotnik_description/share/robotnik_description/local_setup.zsh
[0.248s] -- Up-to-date: /home/hima/bachelors/rbkairos_ws/install/robotnik_description/share/robotnik_description/local_setup.dsv
[0.248s] -- Installing: /home/hima/bachelors/rbkairos_ws/install/robotnik_description/share/robotnik_description/package.dsv
[0.248s] -- Up-to-date: /home/hima/bachelors/rbkairos_ws/install/robotnik_description/share/ament_index/resource_index/packages/robotnik_description
[0.248s] -- Up-to-date: /home/hima/bachelors/rbkairos_ws/install/robotnik_description/share/robotnik_description/cmake/robotnik_descriptionConfig.cmake
[0.248s] -- Up-to-date: /home/hima/bachelors/rbkairos_ws/install/robotnik_description/share/robotnik_description/cmake/robotnik_descriptionConfig-version.cmake
[0.248s] -- Up-to-date: /home/hima/bachelors/rbkairos_ws/install/robotnik_description/share/robotnik_description/package.xml
[0.249s] Invoked command in '/home/hima/bachelors/rbkairos_ws/build/robotnik_description' returned '0': CMAKE_PREFIX_PATH=/home/hima/bachelors/rbkairos_ws/install/robotnik_sensors:/home/hima/bachelors/rbkairos_ws/install/ros2_laser_scan_merger:/home/hima/bachelors/rbkairos_ws/install/ros2_laser_scan_matcher:/home/hima/bachelors/rbkairos_ws/install/robotnik_supervisor_msgs:/home/hima/bachelors/rbkairos_ws/install/robotnik_gazebo_ignition:/home/hima/bachelors/rbkairos_ws/install/robotnik_gazebo_classic:/home/hima/bachelors/rbkairos_ws/install/mapping:/home/hima/bachelors/rbkairos_ws/install/robotnik_description:/home/hima/bachelors/rbkairos_ws/install/robotnik_interfaces:/home/hima/bachelors/rbkairos_ws/install/robotnik_safety_msgs:/home/hima/bachelors/rbkairos_ws/install/robotnik_perception_msgs:/home/hima/bachelors/rbkairos_ws/install/robotnik_navigation_msgs:/home/hima/bachelors/rbkairos_ws/install/robotnik_io_msgs:/home/hima/bachelors/rbkairos_ws/install/robotnik_controllers_msgs:/home/hima/bachelors/rbkairos_ws/install/robotnik_common_msgs:/home/hima/bachelors/rbkairos_ws/install/robotnik_common:/home/hima/bachelors/rbkairos_ws/install/robotnik_battery_msgs:/home/hima/bachelors/rbkairos_ws/install/csm:/opt/ros/humble /usr/bin/cmake --install /home/hima/bachelors/rbkairos_ws/build/robotnik_description
