[0.015s] Invoking command in '/home/hima/bachelors/rbkairos_ws/build/robotnik_common': CMAKE_PREFIX_PATH=${CMAKE_PREFIX_PATH}:/opt/ros/humble /usr/bin/cmake /home/hima/bachelors/rbkairos_ws/src/robotnik_common/robotnik_common -DCMAKE_INSTALL_PREFIX=/home/hima/bachelors/rbkairos_ws/install/robotnik_common
[0.038s] -- Found ament_cmake_core: 1.3.11 (/opt/ros/humble/share/ament_cmake_core/cmake)
[0.229s] -- Found Python3: /usr/bin/python3 (found version "3.10.12") found components: Interpreter 
[0.298s] -- Found ament_cmake_python: 1.3.11 (/opt/ros/humble/share/ament_cmake_python/cmake)
[0.453s] -- Configuring done
[0.457s] -- Generating done
[0.460s] -- Build files have been written to: /home/hima/bachelors/rbkairos_ws/build/robotnik_common
[0.463s] Invoked command in '/home/hima/bachelors/rbkairos_ws/build/robotnik_common' returned '0': CMAKE_PREFIX_PATH=${CMAKE_PREFIX_PATH}:/opt/ros/humble /usr/bin/cmake /home/hima/bachelors/rbkairos_ws/src/robotnik_common/robotnik_common -DCMAKE_INSTALL_PREFIX=/home/hima/bachelors/rbkairos_ws/install/robotnik_common
[0.466s] Invoking command in '/home/hima/bachelors/rbkairos_ws/build/robotnik_common': CMAKE_PREFIX_PATH=${CMAKE_PREFIX_PATH}:/opt/ros/humble /usr/bin/cmake --build /home/hima/bachelors/rbkairos_ws/build/robotnik_common -- -j16 -l16
[0.537s] Built target ament_cmake_python_copy_robotnik_common
[0.950s] running egg_info
[0.951s] creating robotnik_common.egg-info
[0.951s] writing robotnik_common.egg-info/PKG-INFO
[0.951s] writing dependency_links to robotnik_common.egg-info/dependency_links.txt
[0.952s] writing top-level names to robotnik_common.egg-info/top_level.txt
[0.952s] writing manifest file 'robotnik_common.egg-info/SOURCES.txt'
[0.955s] reading manifest file 'robotnik_common.egg-info/SOURCES.txt'
[0.956s] writing manifest file 'robotnik_common.egg-info/SOURCES.txt'
[0.993s] Built target ament_cmake_python_build_robotnik_common_egg
[1.004s] Invoked command in '/home/hima/bachelors/rbkairos_ws/build/robotnik_common' returned '0': CMAKE_PREFIX_PATH=${CMAKE_PREFIX_PATH}:/opt/ros/humble /usr/bin/cmake --build /home/hima/bachelors/rbkairos_ws/build/robotnik_common -- -j16 -l16
[1.006s] Invoking command in '/home/hima/bachelors/rbkairos_ws/build/robotnik_common': CMAKE_PREFIX_PATH=${CMAKE_PREFIX_PATH}:/opt/ros/humble /usr/bin/cmake --install /home/hima/bachelors/rbkairos_ws/build/robotnik_common
[1.012s] -- Install configuration: ""
[1.012s] -- Installing: /home/hima/bachelors/rbkairos_ws/install/robotnik_common/share/robotnik_common/environment/pythonpath.sh
[1.013s] -- Installing: /home/hima/bachelors/rbkairos_ws/install/robotnik_common/share/robotnik_common/environment/pythonpath.dsv
[1.013s] -- Installing: /home/hima/bachelors/rbkairos_ws/install/robotnik_common/local/lib/python3.10/dist-packages/robotnik_common-1.1.0-py3.10.egg-info
[1.013s] -- Installing: /home/hima/bachelors/rbkairos_ws/install/robotnik_common/local/lib/python3.10/dist-packages/robotnik_common-1.1.0-py3.10.egg-info/top_level.txt
[1.013s] -- Installing: /home/hima/bachelors/rbkairos_ws/install/robotnik_common/local/lib/python3.10/dist-packages/robotnik_common-1.1.0-py3.10.egg-info/PKG-INFO
[1.013s] -- Installing: /home/hima/bachelors/rbkairos_ws/install/robotnik_common/local/lib/python3.10/dist-packages/robotnik_common-1.1.0-py3.10.egg-info/SOURCES.txt
[1.013s] -- Installing: /home/hima/bachelors/rbkairos_ws/install/robotnik_common/local/lib/python3.10/dist-packages/robotnik_common-1.1.0-py3.10.egg-info/dependency_links.txt
[1.013s] -- Installing: /home/hima/bachelors/rbkairos_ws/install/robotnik_common/local/lib/python3.10/dist-packages/robotnik_common
[1.014s] -- Installing: /home/hima/bachelors/rbkairos_ws/install/robotnik_common/local/lib/python3.10/dist-packages/robotnik_common/launch
[1.014s] -- Installing: /home/hima/bachelors/rbkairos_ws/install/robotnik_common/local/lib/python3.10/dist-packages/robotnik_common/launch/rewritten_yaml.py
[1.014s] -- Installing: /home/hima/bachelors/rbkairos_ws/install/robotnik_common/local/lib/python3.10/dist-packages/robotnik_common/launch/add_launch_args.py
[1.014s] -- Installing: /home/hima/bachelors/rbkairos_ws/install/robotnik_common/local/lib/python3.10/dist-packages/robotnik_common/launch/__init__.py
[1.014s] -- Installing: /home/hima/bachelors/rbkairos_ws/install/robotnik_common/local/lib/python3.10/dist-packages/robotnik_common/__init__.py
[1.048s] Listing '/home/hima/bachelors/rbkairos_ws/install/robotnik_common/local/lib/python3.10/dist-packages/robotnik_common'...
[1.048s] Compiling '/home/hima/bachelors/rbkairos_ws/install/robotnik_common/local/lib/python3.10/dist-packages/robotnik_common/__init__.py'...
[1.048s] Listing '/home/hima/bachelors/rbkairos_ws/install/robotnik_common/local/lib/python3.10/dist-packages/robotnik_common/launch'...
[1.048s] Compiling '/home/hima/bachelors/rbkairos_ws/install/robotnik_common/local/lib/python3.10/dist-packages/robotnik_common/launch/__init__.py'...
[1.048s] Compiling '/home/hima/bachelors/rbkairos_ws/install/robotnik_common/local/lib/python3.10/dist-packages/robotnik_common/launch/add_launch_args.py'...
[1.048s] Compiling '/home/hima/bachelors/rbkairos_ws/install/robotnik_common/local/lib/python3.10/dist-packages/robotnik_common/launch/rewritten_yaml.py'...
[1.053s] -- Installing: /home/hima/bachelors/rbkairos_ws/install/robotnik_common/share/ament_index/resource_index/package_run_dependencies/robotnik_common
[1.053s] -- Installing: /home/hima/bachelors/rbkairos_ws/install/robotnik_common/share/ament_index/resource_index/parent_prefix_path/robotnik_common
[1.054s] -- Installing: /home/hima/bachelors/rbkairos_ws/install/robotnik_common/share/robotnik_common/environment/ament_prefix_path.sh
[1.054s] -- Installing: /home/hima/bachelors/rbkairos_ws/install/robotnik_common/share/robotnik_common/environment/ament_prefix_path.dsv
[1.054s] -- Installing: /home/hima/bachelors/rbkairos_ws/install/robotnik_common/share/robotnik_common/environment/path.sh
[1.054s] -- Installing: /home/hima/bachelors/rbkairos_ws/install/robotnik_common/share/robotnik_common/environment/path.dsv
[1.054s] -- Installing: /home/hima/bachelors/rbkairos_ws/install/robotnik_common/share/robotnik_common/local_setup.bash
[1.054s] -- Installing: /home/hima/bachelors/rbkairos_ws/install/robotnik_common/share/robotnik_common/local_setup.sh
[1.055s] -- Installing: /home/hima/bachelors/rbkairos_ws/install/robotnik_common/share/robotnik_common/local_setup.zsh
[1.055s] -- Installing: /home/hima/bachelors/rbkairos_ws/install/robotnik_common/share/robotnik_common/local_setup.dsv
[1.055s] -- Installing: /home/hima/bachelors/rbkairos_ws/install/robotnik_common/share/robotnik_common/package.dsv
[1.055s] -- Installing: /home/hima/bachelors/rbkairos_ws/install/robotnik_common/share/ament_index/resource_index/packages/robotnik_common
[1.055s] -- Installing: /home/hima/bachelors/rbkairos_ws/install/robotnik_common/share/robotnik_common/cmake/robotnik_commonConfig.cmake
[1.055s] -- Installing: /home/hima/bachelors/rbkairos_ws/install/robotnik_common/share/robotnik_common/cmake/robotnik_commonConfig-version.cmake
[1.056s] -- Installing: /home/hima/bachelors/rbkairos_ws/install/robotnik_common/share/robotnik_common/package.xml
[1.058s] Invoked command in '/home/hima/bachelors/rbkairos_ws/build/robotnik_common' returned '0': CMAKE_PREFIX_PATH=${CMAKE_PREFIX_PATH}:/opt/ros/humble /usr/bin/cmake --install /home/hima/bachelors/rbkairos_ws/build/robotnik_common
