[0.295s] DEBUG:colcon:Command line arguments: ['/usr/bin/colcon', 'build', '--packages-select', 'mapping']
[0.295s] DEBUG:colcon:Parsed command line arguments: Namespace(log_base=None, log_level=None, verb_name='build', build_base='build', install_base='install', merge_install=False, symlink_install=False, test_result_base=None, continue_on_error=False, executor='parallel', parallel_workers=16, event_handlers=None, ignore_user_meta=False, metas=['./colcon.meta'], base_paths=['.'], packages_ignore=None, packages_ignore_regex=None, paths=None, packages_up_to=None, packages_up_to_regex=None, packages_above=None, packages_above_and_dependencies=None, packages_above_depth=None, packages_select_by_dep=None, packages_skip_by_dep=None, packages_skip_up_to=None, packages_select_build_failed=False, packages_skip_build_finished=False, packages_select_test_failures=False, packages_skip_test_passed=False, packages_select=['mapping'], packages_skip=None, packages_select_regex=None, packages_skip_regex=None, packages_start=None, packages_end=None, allow_overriding=[], cmake_args=None, cmake_target=None, cmake_target_skip_unavailable=False, cmake_clean_cache=False, cmake_clean_first=False, cmake_force_configure=False, ament_cmake_args=None, catkin_cmake_args=None, catkin_skip_building_tests=False, mixin_files=None, mixin=None, verb_parser=<colcon_mixin.mixin.mixin_argument.MixinArgumentDecorator object at 0x736806b85570>, verb_extension=<colcon_core.verb.build.BuildVerb object at 0x736806b84f70>, main=<bound method BuildVerb.main of <colcon_core.verb.build.BuildVerb object at 0x736806b84f70>>, mixin_verb=('build',))
[0.852s] Level 1:colcon.colcon_core.package_discovery:discover_packages(colcon_meta) check parameters
[0.852s] Level 1:colcon.colcon_core.package_discovery:discover_packages(recursive) check parameters
[0.852s] Level 1:colcon.colcon_core.package_discovery:discover_packages(ignore) check parameters
[0.852s] Level 1:colcon.colcon_core.package_discovery:discover_packages(path) check parameters
[0.852s] Level 1:colcon.colcon_core.package_discovery:discover_packages(colcon_meta) discover
[0.852s] Level 1:colcon.colcon_core.package_discovery:discover_packages(recursive) discover
[0.852s] INFO:colcon.colcon_core.package_discovery:Crawling recursively for packages in '/home/hima/bachelors/rbkairos_ws'
[0.852s] Level 1:colcon.colcon_core.package_identification:_identify(.) by extensions ['ignore', 'ignore_ament_install']
[0.853s] Level 1:colcon.colcon_core.package_identification:_identify(.) by extension 'ignore'
[0.853s] Level 1:colcon.colcon_core.package_identification:_identify(.) by extension 'ignore_ament_install'
[0.853s] Level 1:colcon.colcon_core.package_identification:_identify(.) by extensions ['colcon_pkg']
[0.853s] Level 1:colcon.colcon_core.package_identification:_identify(.) by extension 'colcon_pkg'
[0.853s] Level 1:colcon.colcon_core.package_identification:_identify(.) by extensions ['colcon_meta']
[0.853s] Level 1:colcon.colcon_core.package_identification:_identify(.) by extension 'colcon_meta'
[0.853s] Level 1:colcon.colcon_core.package_identification:_identify(.) by extensions ['ros']
[0.853s] Level 1:colcon.colcon_core.package_identification:_identify(.) by extension 'ros'
[0.881s] Level 1:colcon.colcon_core.package_identification:_identify(.) by extensions ['cmake', 'python']
[0.881s] Level 1:colcon.colcon_core.package_identification:_identify(.) by extension 'cmake'
[0.881s] Level 1:colcon.colcon_core.package_identification:_identify(.) by extension 'python'
[0.881s] Level 1:colcon.colcon_core.package_identification:_identify(.) by extensions ['python_setup_py']
[0.881s] Level 1:colcon.colcon_core.package_identification:_identify(.) by extension 'python_setup_py'
[0.882s] Level 1:colcon.colcon_core.package_identification:_identify(build) by extensions ['ignore', 'ignore_ament_install']
[0.882s] Level 1:colcon.colcon_core.package_identification:_identify(build) by extension 'ignore'
[0.882s] Level 1:colcon.colcon_core.package_identification:_identify(build) ignored
[0.882s] Level 1:colcon.colcon_core.package_identification:_identify(install) by extensions ['ignore', 'ignore_ament_install']
[0.882s] Level 1:colcon.colcon_core.package_identification:_identify(install) by extension 'ignore'
[0.882s] Level 1:colcon.colcon_core.package_identification:_identify(install) ignored
[0.882s] Level 1:colcon.colcon_core.package_identification:_identify(log) by extensions ['ignore', 'ignore_ament_install']
[0.882s] Level 1:colcon.colcon_core.package_identification:_identify(log) by extension 'ignore'
[0.883s] Level 1:colcon.colcon_core.package_identification:_identify(log) ignored
[0.883s] Level 1:colcon.colcon_core.package_identification:_identify(src) by extensions ['ignore', 'ignore_ament_install']
[0.883s] Level 1:colcon.colcon_core.package_identification:_identify(src) by extension 'ignore'
[0.883s] Level 1:colcon.colcon_core.package_identification:_identify(src) by extension 'ignore_ament_install'
[0.883s] Level 1:colcon.colcon_core.package_identification:_identify(src) by extensions ['colcon_pkg']
[0.883s] Level 1:colcon.colcon_core.package_identification:_identify(src) by extension 'colcon_pkg'
[0.883s] Level 1:colcon.colcon_core.package_identification:_identify(src) by extensions ['colcon_meta']
[0.883s] Level 1:colcon.colcon_core.package_identification:_identify(src) by extension 'colcon_meta'
[0.883s] Level 1:colcon.colcon_core.package_identification:_identify(src) by extensions ['ros']
[0.883s] Level 1:colcon.colcon_core.package_identification:_identify(src) by extension 'ros'
[0.883s] Level 1:colcon.colcon_core.package_identification:_identify(src) by extensions ['cmake', 'python']
[0.883s] Level 1:colcon.colcon_core.package_identification:_identify(src) by extension 'cmake'
[0.883s] Level 1:colcon.colcon_core.package_identification:_identify(src) by extension 'python'
[0.883s] Level 1:colcon.colcon_core.package_identification:_identify(src) by extensions ['python_setup_py']
[0.883s] Level 1:colcon.colcon_core.package_identification:_identify(src) by extension 'python_setup_py'
[0.883s] Level 1:colcon.colcon_core.package_identification:_identify(src/csm) by extensions ['ignore', 'ignore_ament_install']
[0.883s] Level 1:colcon.colcon_core.package_identification:_identify(src/csm) by extension 'ignore'
[0.884s] Level 1:colcon.colcon_core.package_identification:_identify(src/csm) by extension 'ignore_ament_install'
[0.884s] Level 1:colcon.colcon_core.package_identification:_identify(src/csm) by extensions ['colcon_pkg']
[0.884s] Level 1:colcon.colcon_core.package_identification:_identify(src/csm) by extension 'colcon_pkg'
[0.884s] Level 1:colcon.colcon_core.package_identification:_identify(src/csm) by extensions ['colcon_meta']
[0.884s] Level 1:colcon.colcon_core.package_identification:_identify(src/csm) by extension 'colcon_meta'
[0.884s] Level 1:colcon.colcon_core.package_identification:_identify(src/csm) by extensions ['ros']
[0.884s] Level 1:colcon.colcon_core.package_identification:_identify(src/csm) by extension 'ros'
[0.887s] DEBUG:colcon.colcon_core.package_identification:Package 'src/csm' with type 'ros.ament_cmake' and name 'csm'
[0.888s] Level 1:colcon.colcon_core.package_identification:_identify(src/mapping) by extensions ['ignore', 'ignore_ament_install']
[0.888s] Level 1:colcon.colcon_core.package_identification:_identify(src/mapping) by extension 'ignore'
[0.888s] Level 1:colcon.colcon_core.package_identification:_identify(src/mapping) by extension 'ignore_ament_install'
[0.888s] Level 1:colcon.colcon_core.package_identification:_identify(src/mapping) by extensions ['colcon_pkg']
[0.888s] Level 1:colcon.colcon_core.package_identification:_identify(src/mapping) by extension 'colcon_pkg'
[0.888s] Level 1:colcon.colcon_core.package_identification:_identify(src/mapping) by extensions ['colcon_meta']
[0.888s] Level 1:colcon.colcon_core.package_identification:_identify(src/mapping) by extension 'colcon_meta'
[0.888s] Level 1:colcon.colcon_core.package_identification:_identify(src/mapping) by extensions ['ros']
[0.888s] Level 1:colcon.colcon_core.package_identification:_identify(src/mapping) by extension 'ros'
[0.889s] DEBUG:colcon.colcon_core.package_identification:Package 'src/mapping' with type 'ros.ament_cmake' and name 'mapping'
[0.889s] Level 1:colcon.colcon_core.package_identification:_identify(src/merge_scan) by extensions ['ignore', 'ignore_ament_install']
[0.890s] Level 1:colcon.colcon_core.package_identification:_identify(src/merge_scan) by extension 'ignore'
[0.890s] Level 1:colcon.colcon_core.package_identification:_identify(src/merge_scan) by extension 'ignore_ament_install'
[0.890s] Level 1:colcon.colcon_core.package_identification:_identify(src/merge_scan) by extensions ['colcon_pkg']
[0.890s] Level 1:colcon.colcon_core.package_identification:_identify(src/merge_scan) by extension 'colcon_pkg'
[0.890s] Level 1:colcon.colcon_core.package_identification:_identify(src/merge_scan) by extensions ['colcon_meta']
[0.890s] Level 1:colcon.colcon_core.package_identification:_identify(src/merge_scan) by extension 'colcon_meta'
[0.890s] Level 1:colcon.colcon_core.package_identification:_identify(src/merge_scan) by extensions ['ros']
[0.890s] Level 1:colcon.colcon_core.package_identification:_identify(src/merge_scan) by extension 'ros'
[0.891s] DEBUG:colcon.colcon_core.package_identification:Package 'src/merge_scan' with type 'ros.ament_cmake' and name 'ros2_laser_scan_merger'
[0.892s] Level 1:colcon.colcon_core.package_identification:_identify(src/robotnik_common) by extensions ['ignore', 'ignore_ament_install']
[0.892s] Level 1:colcon.colcon_core.package_identification:_identify(src/robotnik_common) by extension 'ignore'
[0.892s] Level 1:colcon.colcon_core.package_identification:_identify(src/robotnik_common) by extension 'ignore_ament_install'
[0.892s] Level 1:colcon.colcon_core.package_identification:_identify(src/robotnik_common) by extensions ['colcon_pkg']
[0.892s] Level 1:colcon.colcon_core.package_identification:_identify(src/robotnik_common) by extension 'colcon_pkg'
[0.892s] Level 1:colcon.colcon_core.package_identification:_identify(src/robotnik_common) by extensions ['colcon_meta']
[0.892s] Level 1:colcon.colcon_core.package_identification:_identify(src/robotnik_common) by extension 'colcon_meta'
[0.892s] Level 1:colcon.colcon_core.package_identification:_identify(src/robotnik_common) by extensions ['ros']
[0.892s] Level 1:colcon.colcon_core.package_identification:_identify(src/robotnik_common) by extension 'ros'
[0.892s] Level 1:colcon.colcon_core.package_identification:_identify(src/robotnik_common) by extensions ['cmake', 'python']
[0.892s] Level 1:colcon.colcon_core.package_identification:_identify(src/robotnik_common) by extension 'cmake'
[0.892s] Level 1:colcon.colcon_core.package_identification:_identify(src/robotnik_common) by extension 'python'
[0.892s] Level 1:colcon.colcon_core.package_identification:_identify(src/robotnik_common) by extensions ['python_setup_py']
[0.892s] Level 1:colcon.colcon_core.package_identification:_identify(src/robotnik_common) by extension 'python_setup_py'
[0.892s] Level 1:colcon.colcon_core.package_identification:_identify(src/robotnik_common/robotnik_common) by extensions ['ignore', 'ignore_ament_install']
[0.893s] Level 1:colcon.colcon_core.package_identification:_identify(src/robotnik_common/robotnik_common) by extension 'ignore'
[0.893s] Level 1:colcon.colcon_core.package_identification:_identify(src/robotnik_common/robotnik_common) by extension 'ignore_ament_install'
[0.893s] Level 1:colcon.colcon_core.package_identification:_identify(src/robotnik_common/robotnik_common) by extensions ['colcon_pkg']
[0.893s] Level 1:colcon.colcon_core.package_identification:_identify(src/robotnik_common/robotnik_common) by extension 'colcon_pkg'
[0.893s] Level 1:colcon.colcon_core.package_identification:_identify(src/robotnik_common/robotnik_common) by extensions ['colcon_meta']
[0.893s] Level 1:colcon.colcon_core.package_identification:_identify(src/robotnik_common/robotnik_common) by extension 'colcon_meta'
[0.893s] Level 1:colcon.colcon_core.package_identification:_identify(src/robotnik_common/robotnik_common) by extensions ['ros']
[0.893s] Level 1:colcon.colcon_core.package_identification:_identify(src/robotnik_common/robotnik_common) by extension 'ros'
[0.894s] DEBUG:colcon.colcon_core.package_identification:Package 'src/robotnik_common/robotnik_common' with type 'ros.ament_cmake' and name 'robotnik_common'
[0.894s] Level 1:colcon.colcon_core.package_identification:_identify(src/robotnik_description) by extensions ['ignore', 'ignore_ament_install']
[0.894s] Level 1:colcon.colcon_core.package_identification:_identify(src/robotnik_description) by extension 'ignore'
[0.894s] Level 1:colcon.colcon_core.package_identification:_identify(src/robotnik_description) by extension 'ignore_ament_install'
[0.894s] Level 1:colcon.colcon_core.package_identification:_identify(src/robotnik_description) by extensions ['colcon_pkg']
[0.894s] Level 1:colcon.colcon_core.package_identification:_identify(src/robotnik_description) by extension 'colcon_pkg'
[0.894s] Level 1:colcon.colcon_core.package_identification:_identify(src/robotnik_description) by extensions ['colcon_meta']
[0.894s] Level 1:colcon.colcon_core.package_identification:_identify(src/robotnik_description) by extension 'colcon_meta'
[0.894s] Level 1:colcon.colcon_core.package_identification:_identify(src/robotnik_description) by extensions ['ros']
[0.895s] Level 1:colcon.colcon_core.package_identification:_identify(src/robotnik_description) by extension 'ros'
[0.895s] DEBUG:colcon.colcon_core.package_identification:Package 'src/robotnik_description' with type 'ros.ament_cmake' and name 'robotnik_description'
[0.895s] Level 1:colcon.colcon_core.package_identification:_identify(src/robotnik_interfaces) by extensions ['ignore', 'ignore_ament_install']
[0.896s] Level 1:colcon.colcon_core.package_identification:_identify(src/robotnik_interfaces) by extension 'ignore'
[0.896s] Level 1:colcon.colcon_core.package_identification:_identify(src/robotnik_interfaces) by extension 'ignore_ament_install'
[0.896s] Level 1:colcon.colcon_core.package_identification:_identify(src/robotnik_interfaces) by extensions ['colcon_pkg']
[0.896s] Level 1:colcon.colcon_core.package_identification:_identify(src/robotnik_interfaces) by extension 'colcon_pkg'
[0.896s] Level 1:colcon.colcon_core.package_identification:_identify(src/robotnik_interfaces) by extensions ['colcon_meta']
[0.896s] Level 1:colcon.colcon_core.package_identification:_identify(src/robotnik_interfaces) by extension 'colcon_meta'
[0.896s] Level 1:colcon.colcon_core.package_identification:_identify(src/robotnik_interfaces) by extensions ['ros']
[0.896s] Level 1:colcon.colcon_core.package_identification:_identify(src/robotnik_interfaces) by extension 'ros'
[0.896s] Level 1:colcon.colcon_core.package_identification:_identify(src/robotnik_interfaces) by extensions ['cmake', 'python']
[0.896s] Level 1:colcon.colcon_core.package_identification:_identify(src/robotnik_interfaces) by extension 'cmake'
[0.896s] Level 1:colcon.colcon_core.package_identification:_identify(src/robotnik_interfaces) by extension 'python'
[0.896s] Level 1:colcon.colcon_core.package_identification:_identify(src/robotnik_interfaces) by extensions ['python_setup_py']
[0.896s] Level 1:colcon.colcon_core.package_identification:_identify(src/robotnik_interfaces) by extension 'python_setup_py'
[0.896s] Level 1:colcon.colcon_core.package_identification:_identify(src/robotnik_interfaces/robotnik_battery_msgs) by extensions ['ignore', 'ignore_ament_install']
[0.896s] Level 1:colcon.colcon_core.package_identification:_identify(src/robotnik_interfaces/robotnik_battery_msgs) by extension 'ignore'
[0.896s] Level 1:colcon.colcon_core.package_identification:_identify(src/robotnik_interfaces/robotnik_battery_msgs) by extension 'ignore_ament_install'
[0.897s] Level 1:colcon.colcon_core.package_identification:_identify(src/robotnik_interfaces/robotnik_battery_msgs) by extensions ['colcon_pkg']
[0.897s] Level 1:colcon.colcon_core.package_identification:_identify(src/robotnik_interfaces/robotnik_battery_msgs) by extension 'colcon_pkg'
[0.897s] Level 1:colcon.colcon_core.package_identification:_identify(src/robotnik_interfaces/robotnik_battery_msgs) by extensions ['colcon_meta']
[0.897s] Level 1:colcon.colcon_core.package_identification:_identify(src/robotnik_interfaces/robotnik_battery_msgs) by extension 'colcon_meta'
[0.897s] Level 1:colcon.colcon_core.package_identification:_identify(src/robotnik_interfaces/robotnik_battery_msgs) by extensions ['ros']
[0.897s] Level 1:colcon.colcon_core.package_identification:_identify(src/robotnik_interfaces/robotnik_battery_msgs) by extension 'ros'
[0.898s] DEBUG:colcon.colcon_core.package_identification:Package 'src/robotnik_interfaces/robotnik_battery_msgs' with type 'ros.ament_cmake' and name 'robotnik_battery_msgs'
[0.898s] Level 1:colcon.colcon_core.package_identification:_identify(src/robotnik_interfaces/robotnik_common_msgs) by extensions ['ignore', 'ignore_ament_install']
[0.898s] Level 1:colcon.colcon_core.package_identification:_identify(src/robotnik_interfaces/robotnik_common_msgs) by extension 'ignore'
[0.898s] Level 1:colcon.colcon_core.package_identification:_identify(src/robotnik_interfaces/robotnik_common_msgs) by extension 'ignore_ament_install'
[0.898s] Level 1:colcon.colcon_core.package_identification:_identify(src/robotnik_interfaces/robotnik_common_msgs) by extensions ['colcon_pkg']
[0.898s] Level 1:colcon.colcon_core.package_identification:_identify(src/robotnik_interfaces/robotnik_common_msgs) by extension 'colcon_pkg'
[0.898s] Level 1:colcon.colcon_core.package_identification:_identify(src/robotnik_interfaces/robotnik_common_msgs) by extensions ['colcon_meta']
[0.898s] Level 1:colcon.colcon_core.package_identification:_identify(src/robotnik_interfaces/robotnik_common_msgs) by extension 'colcon_meta'
[0.898s] Level 1:colcon.colcon_core.package_identification:_identify(src/robotnik_interfaces/robotnik_common_msgs) by extensions ['ros']
[0.898s] Level 1:colcon.colcon_core.package_identification:_identify(src/robotnik_interfaces/robotnik_common_msgs) by extension 'ros'
[0.899s] DEBUG:colcon.colcon_core.package_identification:Package 'src/robotnik_interfaces/robotnik_common_msgs' with type 'ros.ament_cmake' and name 'robotnik_common_msgs'
[0.899s] Level 1:colcon.colcon_core.package_identification:_identify(src/robotnik_interfaces/robotnik_controllers_msgs) by extensions ['ignore', 'ignore_ament_install']
[0.899s] Level 1:colcon.colcon_core.package_identification:_identify(src/robotnik_interfaces/robotnik_controllers_msgs) by extension 'ignore'
[0.899s] Level 1:colcon.colcon_core.package_identification:_identify(src/robotnik_interfaces/robotnik_controllers_msgs) by extension 'ignore_ament_install'
[0.899s] Level 1:colcon.colcon_core.package_identification:_identify(src/robotnik_interfaces/robotnik_controllers_msgs) by extensions ['colcon_pkg']
[0.899s] Level 1:colcon.colcon_core.package_identification:_identify(src/robotnik_interfaces/robotnik_controllers_msgs) by extension 'colcon_pkg'
[0.899s] Level 1:colcon.colcon_core.package_identification:_identify(src/robotnik_interfaces/robotnik_controllers_msgs) by extensions ['colcon_meta']
[0.899s] Level 1:colcon.colcon_core.package_identification:_identify(src/robotnik_interfaces/robotnik_controllers_msgs) by extension 'colcon_meta'
[0.900s] Level 1:colcon.colcon_core.package_identification:_identify(src/robotnik_interfaces/robotnik_controllers_msgs) by extensions ['ros']
[0.900s] Level 1:colcon.colcon_core.package_identification:_identify(src/robotnik_interfaces/robotnik_controllers_msgs) by extension 'ros'
[0.901s] DEBUG:colcon.colcon_core.package_identification:Package 'src/robotnik_interfaces/robotnik_controllers_msgs' with type 'ros.ament_cmake' and name 'robotnik_controllers_msgs'
[0.901s] Level 1:colcon.colcon_core.package_identification:_identify(src/robotnik_interfaces/robotnik_interfaces) by extensions ['ignore', 'ignore_ament_install']
[0.901s] Level 1:colcon.colcon_core.package_identification:_identify(src/robotnik_interfaces/robotnik_interfaces) by extension 'ignore'
[0.901s] Level 1:colcon.colcon_core.package_identification:_identify(src/robotnik_interfaces/robotnik_interfaces) by extension 'ignore_ament_install'
[0.901s] Level 1:colcon.colcon_core.package_identification:_identify(src/robotnik_interfaces/robotnik_interfaces) by extensions ['colcon_pkg']
[0.901s] Level 1:colcon.colcon_core.package_identification:_identify(src/robotnik_interfaces/robotnik_interfaces) by extension 'colcon_pkg'
[0.901s] Level 1:colcon.colcon_core.package_identification:_identify(src/robotnik_interfaces/robotnik_interfaces) by extensions ['colcon_meta']
[0.901s] Level 1:colcon.colcon_core.package_identification:_identify(src/robotnik_interfaces/robotnik_interfaces) by extension 'colcon_meta'
[0.901s] Level 1:colcon.colcon_core.package_identification:_identify(src/robotnik_interfaces/robotnik_interfaces) by extensions ['ros']
[0.901s] Level 1:colcon.colcon_core.package_identification:_identify(src/robotnik_interfaces/robotnik_interfaces) by extension 'ros'
[0.902s] DEBUG:colcon.colcon_core.package_identification:Package 'src/robotnik_interfaces/robotnik_interfaces' with type 'ros.ament_cmake' and name 'robotnik_interfaces'
[0.902s] Level 1:colcon.colcon_core.package_identification:_identify(src/robotnik_interfaces/robotnik_io_msgs) by extensions ['ignore', 'ignore_ament_install']
[0.902s] Level 1:colcon.colcon_core.package_identification:_identify(src/robotnik_interfaces/robotnik_io_msgs) by extension 'ignore'
[0.902s] Level 1:colcon.colcon_core.package_identification:_identify(src/robotnik_interfaces/robotnik_io_msgs) by extension 'ignore_ament_install'
[0.902s] Level 1:colcon.colcon_core.package_identification:_identify(src/robotnik_interfaces/robotnik_io_msgs) by extensions ['colcon_pkg']
[0.902s] Level 1:colcon.colcon_core.package_identification:_identify(src/robotnik_interfaces/robotnik_io_msgs) by extension 'colcon_pkg'
[0.902s] Level 1:colcon.colcon_core.package_identification:_identify(src/robotnik_interfaces/robotnik_io_msgs) by extensions ['colcon_meta']
[0.902s] Level 1:colcon.colcon_core.package_identification:_identify(src/robotnik_interfaces/robotnik_io_msgs) by extension 'colcon_meta'
[0.902s] Level 1:colcon.colcon_core.package_identification:_identify(src/robotnik_interfaces/robotnik_io_msgs) by extensions ['ros']
[0.902s] Level 1:colcon.colcon_core.package_identification:_identify(src/robotnik_interfaces/robotnik_io_msgs) by extension 'ros'
[0.903s] DEBUG:colcon.colcon_core.package_identification:Package 'src/robotnik_interfaces/robotnik_io_msgs' with type 'ros.ament_cmake' and name 'robotnik_io_msgs'
[0.903s] Level 1:colcon.colcon_core.package_identification:_identify(src/robotnik_interfaces/robotnik_navigation_msgs) by extensions ['ignore', 'ignore_ament_install']
[0.903s] Level 1:colcon.colcon_core.package_identification:_identify(src/robotnik_interfaces/robotnik_navigation_msgs) by extension 'ignore'
[0.904s] Level 1:colcon.colcon_core.package_identification:_identify(src/robotnik_interfaces/robotnik_navigation_msgs) by extension 'ignore_ament_install'
[0.904s] Level 1:colcon.colcon_core.package_identification:_identify(src/robotnik_interfaces/robotnik_navigation_msgs) by extensions ['colcon_pkg']
[0.904s] Level 1:colcon.colcon_core.package_identification:_identify(src/robotnik_interfaces/robotnik_navigation_msgs) by extension 'colcon_pkg'
[0.904s] Level 1:colcon.colcon_core.package_identification:_identify(src/robotnik_interfaces/robotnik_navigation_msgs) by extensions ['colcon_meta']
[0.904s] Level 1:colcon.colcon_core.package_identification:_identify(src/robotnik_interfaces/robotnik_navigation_msgs) by extension 'colcon_meta'
[0.904s] Level 1:colcon.colcon_core.package_identification:_identify(src/robotnik_interfaces/robotnik_navigation_msgs) by extensions ['ros']
[0.904s] Level 1:colcon.colcon_core.package_identification:_identify(src/robotnik_interfaces/robotnik_navigation_msgs) by extension 'ros'
[0.905s] DEBUG:colcon.colcon_core.package_identification:Package 'src/robotnik_interfaces/robotnik_navigation_msgs' with type 'ros.ament_cmake' and name 'robotnik_navigation_msgs'
[0.905s] Level 1:colcon.colcon_core.package_identification:_identify(src/robotnik_interfaces/robotnik_perception_msgs) by extensions ['ignore', 'ignore_ament_install']
[0.905s] Level 1:colcon.colcon_core.package_identification:_identify(src/robotnik_interfaces/robotnik_perception_msgs) by extension 'ignore'
[0.905s] Level 1:colcon.colcon_core.package_identification:_identify(src/robotnik_interfaces/robotnik_perception_msgs) by extension 'ignore_ament_install'
[0.905s] Level 1:colcon.colcon_core.package_identification:_identify(src/robotnik_interfaces/robotnik_perception_msgs) by extensions ['colcon_pkg']
[0.905s] Level 1:colcon.colcon_core.package_identification:_identify(src/robotnik_interfaces/robotnik_perception_msgs) by extension 'colcon_pkg'
[0.905s] Level 1:colcon.colcon_core.package_identification:_identify(src/robotnik_interfaces/robotnik_perception_msgs) by extensions ['colcon_meta']
[0.905s] Level 1:colcon.colcon_core.package_identification:_identify(src/robotnik_interfaces/robotnik_perception_msgs) by extension 'colcon_meta'
[0.906s] Level 1:colcon.colcon_core.package_identification:_identify(src/robotnik_interfaces/robotnik_perception_msgs) by extensions ['ros']
[0.906s] Level 1:colcon.colcon_core.package_identification:_identify(src/robotnik_interfaces/robotnik_perception_msgs) by extension 'ros'
[0.906s] DEBUG:colcon.colcon_core.package_identification:Package 'src/robotnik_interfaces/robotnik_perception_msgs' with type 'ros.ament_cmake' and name 'robotnik_perception_msgs'
[0.907s] Level 1:colcon.colcon_core.package_identification:_identify(src/robotnik_interfaces/robotnik_safety_msgs) by extensions ['ignore', 'ignore_ament_install']
[0.907s] Level 1:colcon.colcon_core.package_identification:_identify(src/robotnik_interfaces/robotnik_safety_msgs) by extension 'ignore'
[0.907s] Level 1:colcon.colcon_core.package_identification:_identify(src/robotnik_interfaces/robotnik_safety_msgs) by extension 'ignore_ament_install'
[0.907s] Level 1:colcon.colcon_core.package_identification:_identify(src/robotnik_interfaces/robotnik_safety_msgs) by extensions ['colcon_pkg']
[0.907s] Level 1:colcon.colcon_core.package_identification:_identify(src/robotnik_interfaces/robotnik_safety_msgs) by extension 'colcon_pkg'
[0.907s] Level 1:colcon.colcon_core.package_identification:_identify(src/robotnik_interfaces/robotnik_safety_msgs) by extensions ['colcon_meta']
[0.907s] Level 1:colcon.colcon_core.package_identification:_identify(src/robotnik_interfaces/robotnik_safety_msgs) by extension 'colcon_meta'
[0.907s] Level 1:colcon.colcon_core.package_identification:_identify(src/robotnik_interfaces/robotnik_safety_msgs) by extensions ['ros']
[0.907s] Level 1:colcon.colcon_core.package_identification:_identify(src/robotnik_interfaces/robotnik_safety_msgs) by extension 'ros'
[0.908s] DEBUG:colcon.colcon_core.package_identification:Package 'src/robotnik_interfaces/robotnik_safety_msgs' with type 'ros.ament_cmake' and name 'robotnik_safety_msgs'
[0.908s] Level 1:colcon.colcon_core.package_identification:_identify(src/robotnik_interfaces/robotnik_supervisor_msgs) by extensions ['ignore', 'ignore_ament_install']
[0.908s] Level 1:colcon.colcon_core.package_identification:_identify(src/robotnik_interfaces/robotnik_supervisor_msgs) by extension 'ignore'
[0.908s] Level 1:colcon.colcon_core.package_identification:_identify(src/robotnik_interfaces/robotnik_supervisor_msgs) by extension 'ignore_ament_install'
[0.908s] Level 1:colcon.colcon_core.package_identification:_identify(src/robotnik_interfaces/robotnik_supervisor_msgs) by extensions ['colcon_pkg']
[0.908s] Level 1:colcon.colcon_core.package_identification:_identify(src/robotnik_interfaces/robotnik_supervisor_msgs) by extension 'colcon_pkg'
[0.908s] Level 1:colcon.colcon_core.package_identification:_identify(src/robotnik_interfaces/robotnik_supervisor_msgs) by extensions ['colcon_meta']
[0.908s] Level 1:colcon.colcon_core.package_identification:_identify(src/robotnik_interfaces/robotnik_supervisor_msgs) by extension 'colcon_meta'
[0.908s] Level 1:colcon.colcon_core.package_identification:_identify(src/robotnik_interfaces/robotnik_supervisor_msgs) by extensions ['ros']
[0.908s] Level 1:colcon.colcon_core.package_identification:_identify(src/robotnik_interfaces/robotnik_supervisor_msgs) by extension 'ros'
[0.909s] DEBUG:colcon.colcon_core.package_identification:Package 'src/robotnik_interfaces/robotnik_supervisor_msgs' with type 'ros.ament_cmake' and name 'robotnik_supervisor_msgs'
[0.909s] Level 1:colcon.colcon_core.package_identification:_identify(src/robotnik_sensors) by extensions ['ignore', 'ignore_ament_install']
[0.910s] Level 1:colcon.colcon_core.package_identification:_identify(src/robotnik_sensors) by extension 'ignore'
[0.910s] Level 1:colcon.colcon_core.package_identification:_identify(src/robotnik_sensors) by extension 'ignore_ament_install'
[0.910s] Level 1:colcon.colcon_core.package_identification:_identify(src/robotnik_sensors) by extensions ['colcon_pkg']
[0.910s] Level 1:colcon.colcon_core.package_identification:_identify(src/robotnik_sensors) by extension 'colcon_pkg'
[0.910s] Level 1:colcon.colcon_core.package_identification:_identify(src/robotnik_sensors) by extensions ['colcon_meta']
[0.910s] Level 1:colcon.colcon_core.package_identification:_identify(src/robotnik_sensors) by extension 'colcon_meta'
[0.910s] Level 1:colcon.colcon_core.package_identification:_identify(src/robotnik_sensors) by extensions ['ros']
[0.910s] Level 1:colcon.colcon_core.package_identification:_identify(src/robotnik_sensors) by extension 'ros'
[0.910s] Level 1:colcon.colcon_core.package_identification:_identify(src/robotnik_sensors) by extensions ['cmake', 'python']
[0.910s] Level 1:colcon.colcon_core.package_identification:_identify(src/robotnik_sensors) by extension 'cmake'
[0.910s] Level 1:colcon.colcon_core.package_identification:_identify(src/robotnik_sensors) by extension 'python'
[0.910s] Level 1:colcon.colcon_core.package_identification:_identify(src/robotnik_sensors) by extensions ['python_setup_py']
[0.910s] Level 1:colcon.colcon_core.package_identification:_identify(src/robotnik_sensors) by extension 'python_setup_py'
[0.910s] Level 1:colcon.colcon_core.package_identification:_identify(src/robotnik_sensors/robotnik_sensors) by extensions ['ignore', 'ignore_ament_install']
[0.910s] Level 1:colcon.colcon_core.package_identification:_identify(src/robotnik_sensors/robotnik_sensors) by extension 'ignore'
[0.911s] Level 1:colcon.colcon_core.package_identification:_identify(src/robotnik_sensors/robotnik_sensors) by extension 'ignore_ament_install'
[0.911s] Level 1:colcon.colcon_core.package_identification:_identify(src/robotnik_sensors/robotnik_sensors) by extensions ['colcon_pkg']
[0.911s] Level 1:colcon.colcon_core.package_identification:_identify(src/robotnik_sensors/robotnik_sensors) by extension 'colcon_pkg'
[0.911s] Level 1:colcon.colcon_core.package_identification:_identify(src/robotnik_sensors/robotnik_sensors) by extensions ['colcon_meta']
[0.911s] Level 1:colcon.colcon_core.package_identification:_identify(src/robotnik_sensors/robotnik_sensors) by extension 'colcon_meta'
[0.911s] Level 1:colcon.colcon_core.package_identification:_identify(src/robotnik_sensors/robotnik_sensors) by extensions ['ros']
[0.911s] Level 1:colcon.colcon_core.package_identification:_identify(src/robotnik_sensors/robotnik_sensors) by extension 'ros'
[0.912s] DEBUG:colcon.colcon_core.package_identification:Package 'src/robotnik_sensors/robotnik_sensors' with type 'ros.ament_cmake' and name 'robotnik_sensors'
[0.912s] Level 1:colcon.colcon_core.package_identification:_identify(src/robotnik_simulation) by extensions ['ignore', 'ignore_ament_install']
[0.912s] Level 1:colcon.colcon_core.package_identification:_identify(src/robotnik_simulation) by extension 'ignore'
[0.912s] Level 1:colcon.colcon_core.package_identification:_identify(src/robotnik_simulation) by extension 'ignore_ament_install'
[0.912s] Level 1:colcon.colcon_core.package_identification:_identify(src/robotnik_simulation) by extensions ['colcon_pkg']
[0.912s] Level 1:colcon.colcon_core.package_identification:_identify(src/robotnik_simulation) by extension 'colcon_pkg'
[0.912s] Level 1:colcon.colcon_core.package_identification:_identify(src/robotnik_simulation) by extensions ['colcon_meta']
[0.912s] Level 1:colcon.colcon_core.package_identification:_identify(src/robotnik_simulation) by extension 'colcon_meta'
[0.912s] Level 1:colcon.colcon_core.package_identification:_identify(src/robotnik_simulation) by extensions ['ros']
[0.912s] Level 1:colcon.colcon_core.package_identification:_identify(src/robotnik_simulation) by extension 'ros'
[0.912s] Level 1:colcon.colcon_core.package_identification:_identify(src/robotnik_simulation) by extensions ['cmake', 'python']
[0.912s] Level 1:colcon.colcon_core.package_identification:_identify(src/robotnik_simulation) by extension 'cmake'
[0.912s] Level 1:colcon.colcon_core.package_identification:_identify(src/robotnik_simulation) by extension 'python'
[0.912s] Level 1:colcon.colcon_core.package_identification:_identify(src/robotnik_simulation) by extensions ['python_setup_py']
[0.912s] Level 1:colcon.colcon_core.package_identification:_identify(src/robotnik_simulation) by extension 'python_setup_py'
[0.913s] Level 1:colcon.colcon_core.package_identification:_identify(src/robotnik_simulation/debs) by extensions ['ignore', 'ignore_ament_install']
[0.913s] Level 1:colcon.colcon_core.package_identification:_identify(src/robotnik_simulation/debs) by extension 'ignore'
[0.913s] Level 1:colcon.colcon_core.package_identification:_identify(src/robotnik_simulation/debs) by extension 'ignore_ament_install'
[0.913s] Level 1:colcon.colcon_core.package_identification:_identify(src/robotnik_simulation/debs) by extensions ['colcon_pkg']
[0.913s] Level 1:colcon.colcon_core.package_identification:_identify(src/robotnik_simulation/debs) by extension 'colcon_pkg'
[0.913s] Level 1:colcon.colcon_core.package_identification:_identify(src/robotnik_simulation/debs) by extensions ['colcon_meta']
[0.913s] Level 1:colcon.colcon_core.package_identification:_identify(src/robotnik_simulation/debs) by extension 'colcon_meta'
[0.913s] Level 1:colcon.colcon_core.package_identification:_identify(src/robotnik_simulation/debs) by extensions ['ros']
[0.913s] Level 1:colcon.colcon_core.package_identification:_identify(src/robotnik_simulation/debs) by extension 'ros'
[0.913s] Level 1:colcon.colcon_core.package_identification:_identify(src/robotnik_simulation/debs) by extensions ['cmake', 'python']
[0.913s] Level 1:colcon.colcon_core.package_identification:_identify(src/robotnik_simulation/debs) by extension 'cmake'
[0.913s] Level 1:colcon.colcon_core.package_identification:_identify(src/robotnik_simulation/debs) by extension 'python'
[0.913s] Level 1:colcon.colcon_core.package_identification:_identify(src/robotnik_simulation/debs) by extensions ['python_setup_py']
[0.913s] Level 1:colcon.colcon_core.package_identification:_identify(src/robotnik_simulation/debs) by extension 'python_setup_py'
[0.913s] Level 1:colcon.colcon_core.package_identification:_identify(src/robotnik_simulation/img) by extensions ['ignore', 'ignore_ament_install']
[0.913s] Level 1:colcon.colcon_core.package_identification:_identify(src/robotnik_simulation/img) by extension 'ignore'
[0.913s] Level 1:colcon.colcon_core.package_identification:_identify(src/robotnik_simulation/img) by extension 'ignore_ament_install'
[0.914s] Level 1:colcon.colcon_core.package_identification:_identify(src/robotnik_simulation/img) by extensions ['colcon_pkg']
[0.914s] Level 1:colcon.colcon_core.package_identification:_identify(src/robotnik_simulation/img) by extension 'colcon_pkg'
[0.914s] Level 1:colcon.colcon_core.package_identification:_identify(src/robotnik_simulation/img) by extensions ['colcon_meta']
[0.914s] Level 1:colcon.colcon_core.package_identification:_identify(src/robotnik_simulation/img) by extension 'colcon_meta'
[0.914s] Level 1:colcon.colcon_core.package_identification:_identify(src/robotnik_simulation/img) by extensions ['ros']
[0.914s] Level 1:colcon.colcon_core.package_identification:_identify(src/robotnik_simulation/img) by extension 'ros'
[0.914s] Level 1:colcon.colcon_core.package_identification:_identify(src/robotnik_simulation/img) by extensions ['cmake', 'python']
[0.914s] Level 1:colcon.colcon_core.package_identification:_identify(src/robotnik_simulation/img) by extension 'cmake'
[0.914s] Level 1:colcon.colcon_core.package_identification:_identify(src/robotnik_simulation/img) by extension 'python'
[0.914s] Level 1:colcon.colcon_core.package_identification:_identify(src/robotnik_simulation/img) by extensions ['python_setup_py']
[0.914s] Level 1:colcon.colcon_core.package_identification:_identify(src/robotnik_simulation/img) by extension 'python_setup_py'
[0.914s] Level 1:colcon.colcon_core.package_identification:_identify(src/robotnik_simulation/robotnik_gazebo_classic) by extensions ['ignore', 'ignore_ament_install']
[0.914s] Level 1:colcon.colcon_core.package_identification:_identify(src/robotnik_simulation/robotnik_gazebo_classic) by extension 'ignore'
[0.914s] Level 1:colcon.colcon_core.package_identification:_identify(src/robotnik_simulation/robotnik_gazebo_classic) by extension 'ignore_ament_install'
[0.914s] Level 1:colcon.colcon_core.package_identification:_identify(src/robotnik_simulation/robotnik_gazebo_classic) by extensions ['colcon_pkg']
[0.914s] Level 1:colcon.colcon_core.package_identification:_identify(src/robotnik_simulation/robotnik_gazebo_classic) by extension 'colcon_pkg'
[0.914s] Level 1:colcon.colcon_core.package_identification:_identify(src/robotnik_simulation/robotnik_gazebo_classic) by extensions ['colcon_meta']
[0.915s] Level 1:colcon.colcon_core.package_identification:_identify(src/robotnik_simulation/robotnik_gazebo_classic) by extension 'colcon_meta'
[0.915s] Level 1:colcon.colcon_core.package_identification:_identify(src/robotnik_simulation/robotnik_gazebo_classic) by extensions ['ros']
[0.915s] Level 1:colcon.colcon_core.package_identification:_identify(src/robotnik_simulation/robotnik_gazebo_classic) by extension 'ros'
[0.916s] DEBUG:colcon.colcon_core.package_identification:Package 'src/robotnik_simulation/robotnik_gazebo_classic' with type 'ros.ament_cmake' and name 'robotnik_gazebo_classic'
[0.916s] Level 1:colcon.colcon_core.package_identification:_identify(src/robotnik_simulation/robotnik_gazebo_ignition) by extensions ['ignore', 'ignore_ament_install']
[0.916s] Level 1:colcon.colcon_core.package_identification:_identify(src/robotnik_simulation/robotnik_gazebo_ignition) by extension 'ignore'
[0.916s] Level 1:colcon.colcon_core.package_identification:_identify(src/robotnik_simulation/robotnik_gazebo_ignition) by extension 'ignore_ament_install'
[0.916s] Level 1:colcon.colcon_core.package_identification:_identify(src/robotnik_simulation/robotnik_gazebo_ignition) by extensions ['colcon_pkg']
[0.916s] Level 1:colcon.colcon_core.package_identification:_identify(src/robotnik_simulation/robotnik_gazebo_ignition) by extension 'colcon_pkg'
[0.916s] Level 1:colcon.colcon_core.package_identification:_identify(src/robotnik_simulation/robotnik_gazebo_ignition) by extensions ['colcon_meta']
[0.916s] Level 1:colcon.colcon_core.package_identification:_identify(src/robotnik_simulation/robotnik_gazebo_ignition) by extension 'colcon_meta'
[0.916s] Level 1:colcon.colcon_core.package_identification:_identify(src/robotnik_simulation/robotnik_gazebo_ignition) by extensions ['ros']
[0.916s] Level 1:colcon.colcon_core.package_identification:_identify(src/robotnik_simulation/robotnik_gazebo_ignition) by extension 'ros'
[0.917s] DEBUG:colcon.colcon_core.package_identification:Package 'src/robotnik_simulation/robotnik_gazebo_ignition' with type 'ros.ament_cmake' and name 'robotnik_gazebo_ignition'
[0.917s] Level 1:colcon.colcon_core.package_identification:_identify(src/scan_matching) by extensions ['ignore', 'ignore_ament_install']
[0.917s] Level 1:colcon.colcon_core.package_identification:_identify(src/scan_matching) by extension 'ignore'
[0.918s] Level 1:colcon.colcon_core.package_identification:_identify(src/scan_matching) by extension 'ignore_ament_install'
[0.918s] Level 1:colcon.colcon_core.package_identification:_identify(src/scan_matching) by extensions ['colcon_pkg']
[0.918s] Level 1:colcon.colcon_core.package_identification:_identify(src/scan_matching) by extension 'colcon_pkg'
[0.918s] Level 1:colcon.colcon_core.package_identification:_identify(src/scan_matching) by extensions ['colcon_meta']
[0.918s] Level 1:colcon.colcon_core.package_identification:_identify(src/scan_matching) by extension 'colcon_meta'
[0.918s] Level 1:colcon.colcon_core.package_identification:_identify(src/scan_matching) by extensions ['ros']
[0.918s] Level 1:colcon.colcon_core.package_identification:_identify(src/scan_matching) by extension 'ros'
[0.919s] DEBUG:colcon.colcon_core.package_identification:Package 'src/scan_matching' with type 'ros.ament_cmake' and name 'ros2_laser_scan_matcher'
[0.919s] Level 1:colcon.colcon_core.package_discovery:discover_packages(recursive) using defaults
[0.919s] Level 1:colcon.colcon_core.package_discovery:discover_packages(ignore) discover
[0.919s] Level 1:colcon.colcon_core.package_discovery:discover_packages(ignore) using defaults
[0.919s] Level 1:colcon.colcon_core.package_discovery:discover_packages(path) discover
[0.919s] Level 1:colcon.colcon_core.package_discovery:discover_packages(path) using defaults
[0.961s] INFO:colcon.colcon_core.package_selection:Skipping not selected package 'csm' in 'src/csm'
[0.961s] INFO:colcon.colcon_core.package_selection:Skipping not selected package 'robotnik_battery_msgs' in 'src/robotnik_interfaces/robotnik_battery_msgs'
[0.961s] INFO:colcon.colcon_core.package_selection:Skipping not selected package 'robotnik_common' in 'src/robotnik_common/robotnik_common'
[0.961s] INFO:colcon.colcon_core.package_selection:Skipping not selected package 'robotnik_common_msgs' in 'src/robotnik_interfaces/robotnik_common_msgs'
[0.961s] INFO:colcon.colcon_core.package_selection:Skipping not selected package 'robotnik_perception_msgs' in 'src/robotnik_interfaces/robotnik_perception_msgs'
[0.961s] INFO:colcon.colcon_core.package_selection:Skipping not selected package 'robotnik_safety_msgs' in 'src/robotnik_interfaces/robotnik_safety_msgs'
[0.961s] INFO:colcon.colcon_core.package_selection:Skipping not selected package 'robotnik_sensors' in 'src/robotnik_sensors/robotnik_sensors'
[0.961s] INFO:colcon.colcon_core.package_selection:Skipping not selected package 'ros2_laser_scan_merger' in 'src/merge_scan'
[0.961s] INFO:colcon.colcon_core.package_selection:Skipping not selected package 'robotnik_controllers_msgs' in 'src/robotnik_interfaces/robotnik_controllers_msgs'
[0.961s] INFO:colcon.colcon_core.package_selection:Skipping not selected package 'robotnik_description' in 'src/robotnik_description'
[0.961s] INFO:colcon.colcon_core.package_selection:Skipping not selected package 'robotnik_io_msgs' in 'src/robotnik_interfaces/robotnik_io_msgs'
[0.961s] INFO:colcon.colcon_core.package_selection:Skipping not selected package 'robotnik_navigation_msgs' in 'src/robotnik_interfaces/robotnik_navigation_msgs'
[0.961s] INFO:colcon.colcon_core.package_selection:Skipping not selected package 'robotnik_supervisor_msgs' in 'src/robotnik_interfaces/robotnik_supervisor_msgs'
[0.961s] INFO:colcon.colcon_core.package_selection:Skipping not selected package 'ros2_laser_scan_matcher' in 'src/scan_matching'
[0.961s] INFO:colcon.colcon_core.package_selection:Skipping not selected package 'robotnik_gazebo_classic' in 'src/robotnik_simulation/robotnik_gazebo_classic'
[0.961s] INFO:colcon.colcon_core.package_selection:Skipping not selected package 'robotnik_gazebo_ignition' in 'src/robotnik_simulation/robotnik_gazebo_ignition'
[0.961s] INFO:colcon.colcon_core.package_selection:Skipping not selected package 'robotnik_interfaces' in 'src/robotnik_interfaces/robotnik_interfaces'
[0.962s] Level 1:colcon.colcon_core.package_discovery:discover_packages(prefix_path) check parameters
[0.962s] Level 1:colcon.colcon_core.package_discovery:discover_packages(prefix_path) discover
[0.965s] DEBUG:colcon.colcon_installed_package_information.package_discovery:Found 18 installed packages in /home/hima/bachelors/rbkairos_ws/install
[0.967s] DEBUG:colcon.colcon_installed_package_information.package_discovery:Found 391 installed packages in /opt/ros/humble
[0.970s] Level 1:colcon.colcon_core.package_discovery:discover_packages(prefix_path) using defaults
[1.053s] Level 5:colcon.colcon_core.verb:set package 'mapping' build argument 'cmake_args' from command line to 'None'
[1.053s] Level 5:colcon.colcon_core.verb:set package 'mapping' build argument 'cmake_target' from command line to 'None'
[1.053s] Level 5:colcon.colcon_core.verb:set package 'mapping' build argument 'cmake_target_skip_unavailable' from command line to 'False'
[1.053s] Level 5:colcon.colcon_core.verb:set package 'mapping' build argument 'cmake_clean_cache' from command line to 'False'
[1.053s] Level 5:colcon.colcon_core.verb:set package 'mapping' build argument 'cmake_clean_first' from command line to 'False'
[1.053s] Level 5:colcon.colcon_core.verb:set package 'mapping' build argument 'cmake_force_configure' from command line to 'False'
[1.053s] Level 5:colcon.colcon_core.verb:set package 'mapping' build argument 'ament_cmake_args' from command line to 'None'
[1.054s] Level 5:colcon.colcon_core.verb:set package 'mapping' build argument 'catkin_cmake_args' from command line to 'None'
[1.054s] Level 5:colcon.colcon_core.verb:set package 'mapping' build argument 'catkin_skip_building_tests' from command line to 'False'
[1.054s] DEBUG:colcon.colcon_core.verb:Building package 'mapping' with the following arguments: {'ament_cmake_args': None, 'build_base': '/home/hima/bachelors/rbkairos_ws/build/mapping', 'catkin_cmake_args': None, 'catkin_skip_building_tests': False, 'cmake_args': None, 'cmake_clean_cache': False, 'cmake_clean_first': False, 'cmake_force_configure': False, 'cmake_target': None, 'cmake_target_skip_unavailable': False, 'install_base': '/home/hima/bachelors/rbkairos_ws/install/mapping', 'merge_install': False, 'path': '/home/hima/bachelors/rbkairos_ws/src/mapping', 'symlink_install': False, 'test_result_base': None}
[1.054s] INFO:colcon.colcon_core.executor:Executing jobs using 'parallel' executor
[1.055s] DEBUG:colcon.colcon_parallel_executor.executor.parallel:run_until_complete
[1.056s] INFO:colcon.colcon_ros.task.ament_cmake.build:Building ROS package in '/home/hima/bachelors/rbkairos_ws/src/mapping' with build type 'ament_cmake'
[1.056s] INFO:colcon.colcon_cmake.task.cmake.build:Building CMake package in '/home/hima/bachelors/rbkairos_ws/src/mapping'
[1.060s] INFO:colcon.colcon_core.plugin_system:Skipping extension 'colcon_core.shell.bat': Not used on non-Windows systems
[1.060s] INFO:colcon.colcon_core.shell:Skip shell extension 'powershell' for command environment: Not usable outside of PowerShell
[1.060s] DEBUG:colcon.colcon_core.shell:Skip shell extension 'dsv' for command environment
[1.108s] DEBUG:colcon.colcon_core.event_handler.log_command:Invoking command in '/home/hima/bachelors/rbkairos_ws/build/mapping': CMAKE_PREFIX_PATH=/home/hima/bachelors/rbkairos_ws/install/robotnik_description:/home/hima/bachelors/rbkairos_ws/install/robotnik_sensors:/home/hima/bachelors/rbkairos_ws/install/ros2_laser_scan_merger:/home/hima/bachelors/rbkairos_ws/install/ros2_laser_scan_matcher:/home/hima/bachelors/rbkairos_ws/install/robotnik_supervisor_msgs:/home/hima/bachelors/rbkairos_ws/install/robotnik_gazebo_ignition:/home/hima/bachelors/rbkairos_ws/install/robotnik_gazebo_classic:/home/hima/bachelors/rbkairos_ws/install/mapping:/home/hima/bachelors/rbkairos_ws/install/robotnik_interfaces:/home/hima/bachelors/rbkairos_ws/install/robotnik_safety_msgs:/home/hima/bachelors/rbkairos_ws/install/robotnik_perception_msgs:/home/hima/bachelors/rbkairos_ws/install/robotnik_navigation_msgs:/home/hima/bachelors/rbkairos_ws/install/robotnik_io_msgs:/home/hima/bachelors/rbkairos_ws/install/robotnik_controllers_msgs:/home/hima/bachelors/rbkairos_ws/install/robotnik_common_msgs:/home/hima/bachelors/rbkairos_ws/install/robotnik_common:/home/hima/bachelors/rbkairos_ws/install/robotnik_battery_msgs:/home/hima/bachelors/rbkairos_ws/install/csm:/opt/ros/humble /usr/bin/cmake --build /home/hima/bachelors/rbkairos_ws/build/mapping -- -j16 -l16
[1.229s] DEBUG:colcon.colcon_core.event_handler.log_command:Invoked command in '/home/hima/bachelors/rbkairos_ws/build/mapping' returned '0': CMAKE_PREFIX_PATH=/home/hima/bachelors/rbkairos_ws/install/robotnik_description:/home/hima/bachelors/rbkairos_ws/install/robotnik_sensors:/home/hima/bachelors/rbkairos_ws/install/ros2_laser_scan_merger:/home/hima/bachelors/rbkairos_ws/install/ros2_laser_scan_matcher:/home/hima/bachelors/rbkairos_ws/install/robotnik_supervisor_msgs:/home/hima/bachelors/rbkairos_ws/install/robotnik_gazebo_ignition:/home/hima/bachelors/rbkairos_ws/install/robotnik_gazebo_classic:/home/hima/bachelors/rbkairos_ws/install/mapping:/home/hima/bachelors/rbkairos_ws/install/robotnik_interfaces:/home/hima/bachelors/rbkairos_ws/install/robotnik_safety_msgs:/home/hima/bachelors/rbkairos_ws/install/robotnik_perception_msgs:/home/hima/bachelors/rbkairos_ws/install/robotnik_navigation_msgs:/home/hima/bachelors/rbkairos_ws/install/robotnik_io_msgs:/home/hima/bachelors/rbkairos_ws/install/robotnik_controllers_msgs:/home/hima/bachelors/rbkairos_ws/install/robotnik_common_msgs:/home/hima/bachelors/rbkairos_ws/install/robotnik_common:/home/hima/bachelors/rbkairos_ws/install/robotnik_battery_msgs:/home/hima/bachelors/rbkairos_ws/install/csm:/opt/ros/humble /usr/bin/cmake --build /home/hima/bachelors/rbkairos_ws/build/mapping -- -j16 -l16
[1.244s] DEBUG:colcon.colcon_core.event_handler.log_command:Invoking command in '/home/hima/bachelors/rbkairos_ws/build/mapping': CMAKE_PREFIX_PATH=/home/hima/bachelors/rbkairos_ws/install/robotnik_description:/home/hima/bachelors/rbkairos_ws/install/robotnik_sensors:/home/hima/bachelors/rbkairos_ws/install/ros2_laser_scan_merger:/home/hima/bachelors/rbkairos_ws/install/ros2_laser_scan_matcher:/home/hima/bachelors/rbkairos_ws/install/robotnik_supervisor_msgs:/home/hima/bachelors/rbkairos_ws/install/robotnik_gazebo_ignition:/home/hima/bachelors/rbkairos_ws/install/robotnik_gazebo_classic:/home/hima/bachelors/rbkairos_ws/install/mapping:/home/hima/bachelors/rbkairos_ws/install/robotnik_interfaces:/home/hima/bachelors/rbkairos_ws/install/robotnik_safety_msgs:/home/hima/bachelors/rbkairos_ws/install/robotnik_perception_msgs:/home/hima/bachelors/rbkairos_ws/install/robotnik_navigation_msgs:/home/hima/bachelors/rbkairos_ws/install/robotnik_io_msgs:/home/hima/bachelors/rbkairos_ws/install/robotnik_controllers_msgs:/home/hima/bachelors/rbkairos_ws/install/robotnik_common_msgs:/home/hima/bachelors/rbkairos_ws/install/robotnik_common:/home/hima/bachelors/rbkairos_ws/install/robotnik_battery_msgs:/home/hima/bachelors/rbkairos_ws/install/csm:/opt/ros/humble /usr/bin/cmake --install /home/hima/bachelors/rbkairos_ws/build/mapping
[1.275s] Level 1:colcon.colcon_core.environment:create_environment_scripts_only(mapping)
[1.276s] DEBUG:colcon.colcon_core.event_handler.log_command:Invoked command in '/home/hima/bachelors/rbkairos_ws/build/mapping' returned '0': CMAKE_PREFIX_PATH=/home/hima/bachelors/rbkairos_ws/install/robotnik_description:/home/hima/bachelors/rbkairos_ws/install/robotnik_sensors:/home/hima/bachelors/rbkairos_ws/install/ros2_laser_scan_merger:/home/hima/bachelors/rbkairos_ws/install/ros2_laser_scan_matcher:/home/hima/bachelors/rbkairos_ws/install/robotnik_supervisor_msgs:/home/hima/bachelors/rbkairos_ws/install/robotnik_gazebo_ignition:/home/hima/bachelors/rbkairos_ws/install/robotnik_gazebo_classic:/home/hima/bachelors/rbkairos_ws/install/mapping:/home/hima/bachelors/rbkairos_ws/install/robotnik_interfaces:/home/hima/bachelors/rbkairos_ws/install/robotnik_safety_msgs:/home/hima/bachelors/rbkairos_ws/install/robotnik_perception_msgs:/home/hima/bachelors/rbkairos_ws/install/robotnik_navigation_msgs:/home/hima/bachelors/rbkairos_ws/install/robotnik_io_msgs:/home/hima/bachelors/rbkairos_ws/install/robotnik_controllers_msgs:/home/hima/bachelors/rbkairos_ws/install/robotnik_common_msgs:/home/hima/bachelors/rbkairos_ws/install/robotnik_common:/home/hima/bachelors/rbkairos_ws/install/robotnik_battery_msgs:/home/hima/bachelors/rbkairos_ws/install/csm:/opt/ros/humble /usr/bin/cmake --install /home/hima/bachelors/rbkairos_ws/build/mapping
[1.280s] Level 1:colcon.colcon_core.environment:checking '/home/hima/bachelors/rbkairos_ws/install/mapping' for CMake module files
[1.283s] Level 1:colcon.colcon_core.environment:checking '/home/hima/bachelors/rbkairos_ws/install/mapping' for CMake config files
[1.283s] Level 1:colcon.colcon_core.shell:create_environment_hook('mapping', 'cmake_prefix_path')
[1.285s] INFO:colcon.colcon_core.shell:Creating environment hook '/home/hima/bachelors/rbkairos_ws/install/mapping/share/mapping/hook/cmake_prefix_path.ps1'
[1.288s] INFO:colcon.colcon_core.shell:Creating environment descriptor '/home/hima/bachelors/rbkairos_ws/install/mapping/share/mapping/hook/cmake_prefix_path.dsv'
[1.290s] INFO:colcon.colcon_core.shell:Creating environment hook '/home/hima/bachelors/rbkairos_ws/install/mapping/share/mapping/hook/cmake_prefix_path.sh'
[1.295s] Level 1:colcon.colcon_core.environment:checking '/home/hima/bachelors/rbkairos_ws/install/mapping/lib'
[1.295s] Level 1:colcon.colcon_core.environment:checking '/home/hima/bachelors/rbkairos_ws/install/mapping/bin'
[1.296s] Level 1:colcon.colcon_core.environment:checking '/home/hima/bachelors/rbkairos_ws/install/mapping/lib/pkgconfig/mapping.pc'
[1.297s] Level 1:colcon.colcon_core.environment:checking '/home/hima/bachelors/rbkairos_ws/install/mapping/lib/python3.10/site-packages'
[1.298s] Level 1:colcon.colcon_core.environment:checking '/home/hima/bachelors/rbkairos_ws/install/mapping/bin'
[1.299s] INFO:colcon.colcon_core.shell:Creating package script '/home/hima/bachelors/rbkairos_ws/install/mapping/share/mapping/package.ps1'
[1.303s] INFO:colcon.colcon_core.shell:Creating package descriptor '/home/hima/bachelors/rbkairos_ws/install/mapping/share/mapping/package.dsv'
[1.306s] INFO:colcon.colcon_core.shell:Creating package script '/home/hima/bachelors/rbkairos_ws/install/mapping/share/mapping/package.sh'
[1.309s] INFO:colcon.colcon_core.shell:Creating package script '/home/hima/bachelors/rbkairos_ws/install/mapping/share/mapping/package.bash'
[1.312s] INFO:colcon.colcon_core.shell:Creating package script '/home/hima/bachelors/rbkairos_ws/install/mapping/share/mapping/package.zsh'
[1.316s] Level 1:colcon.colcon_core.environment:create_file_with_runtime_dependencies(/home/hima/bachelors/rbkairos_ws/install/mapping/share/colcon-core/packages/mapping)
[1.319s] Level 1:colcon.colcon_core.environment:create_environment_scripts_only(mapping)
[1.320s] Level 1:colcon.colcon_core.environment:checking '/home/hima/bachelors/rbkairos_ws/install/mapping' for CMake module files
[1.323s] Level 1:colcon.colcon_core.environment:checking '/home/hima/bachelors/rbkairos_ws/install/mapping' for CMake config files
[1.323s] Level 1:colcon.colcon_core.shell:create_environment_hook('mapping', 'cmake_prefix_path')
[1.324s] INFO:colcon.colcon_core.shell:Creating environment hook '/home/hima/bachelors/rbkairos_ws/install/mapping/share/mapping/hook/cmake_prefix_path.ps1'
[1.327s] INFO:colcon.colcon_core.shell:Creating environment descriptor '/home/hima/bachelors/rbkairos_ws/install/mapping/share/mapping/hook/cmake_prefix_path.dsv'
[1.328s] INFO:colcon.colcon_core.shell:Creating environment hook '/home/hima/bachelors/rbkairos_ws/install/mapping/share/mapping/hook/cmake_prefix_path.sh'
[1.331s] Level 1:colcon.colcon_core.environment:checking '/home/hima/bachelors/rbkairos_ws/install/mapping/lib'
[1.332s] Level 1:colcon.colcon_core.environment:checking '/home/hima/bachelors/rbkairos_ws/install/mapping/bin'
[1.332s] Level 1:colcon.colcon_core.environment:checking '/home/hima/bachelors/rbkairos_ws/install/mapping/lib/pkgconfig/mapping.pc'
[1.333s] Level 1:colcon.colcon_core.environment:checking '/home/hima/bachelors/rbkairos_ws/install/mapping/lib/python3.10/site-packages'
[1.334s] Level 1:colcon.colcon_core.environment:checking '/home/hima/bachelors/rbkairos_ws/install/mapping/bin'
[1.336s] INFO:colcon.colcon_core.shell:Creating package script '/home/hima/bachelors/rbkairos_ws/install/mapping/share/mapping/package.ps1'
[1.338s] INFO:colcon.colcon_core.shell:Creating package descriptor '/home/hima/bachelors/rbkairos_ws/install/mapping/share/mapping/package.dsv'
[1.341s] INFO:colcon.colcon_core.shell:Creating package script '/home/hima/bachelors/rbkairos_ws/install/mapping/share/mapping/package.sh'
[1.343s] INFO:colcon.colcon_core.shell:Creating package script '/home/hima/bachelors/rbkairos_ws/install/mapping/share/mapping/package.bash'
[1.345s] INFO:colcon.colcon_core.shell:Creating package script '/home/hima/bachelors/rbkairos_ws/install/mapping/share/mapping/package.zsh'
[1.347s] Level 1:colcon.colcon_core.environment:create_file_with_runtime_dependencies(/home/hima/bachelors/rbkairos_ws/install/mapping/share/colcon-core/packages/mapping)
[1.348s] DEBUG:colcon.colcon_parallel_executor.executor.parallel:closing loop
[1.350s] DEBUG:colcon.colcon_parallel_executor.executor.parallel:loop closed
[1.350s] DEBUG:colcon.colcon_parallel_executor.executor.parallel:run_until_complete finished with '0'
[1.351s] DEBUG:colcon.colcon_core.event_reactor:joining thread
[1.359s] INFO:colcon.colcon_core.plugin_system:Skipping extension 'colcon_notification.desktop_notification.terminal_notifier': Not used on non-Darwin systems
[1.359s] INFO:colcon.colcon_core.plugin_system:Skipping extension 'colcon_notification.desktop_notification.win32': Not used on non-Windows systems
[1.359s] INFO:colcon.colcon_notification.desktop_notification:Sending desktop notification using 'notify2'
[1.409s] DEBUG:colcon.colcon_core.event_reactor:joined thread
[1.410s] INFO:colcon.colcon_core.shell:Creating prefix script '/home/hima/bachelors/rbkairos_ws/install/local_setup.ps1'
[1.416s] INFO:colcon.colcon_core.shell:Creating prefix util module '/home/hima/bachelors/rbkairos_ws/install/_local_setup_util_ps1.py'
[1.422s] INFO:colcon.colcon_core.shell:Creating prefix chain script '/home/hima/bachelors/rbkairos_ws/install/setup.ps1'
[1.425s] INFO:colcon.colcon_core.shell:Creating prefix script '/home/hima/bachelors/rbkairos_ws/install/local_setup.sh'
[1.426s] INFO:colcon.colcon_core.shell:Creating prefix util module '/home/hima/bachelors/rbkairos_ws/install/_local_setup_util_sh.py'
[1.427s] INFO:colcon.colcon_core.shell:Creating prefix chain script '/home/hima/bachelors/rbkairos_ws/install/setup.sh'
[1.429s] INFO:colcon.colcon_core.shell:Creating prefix script '/home/hima/bachelors/rbkairos_ws/install/local_setup.bash'
[1.429s] INFO:colcon.colcon_core.shell:Creating prefix chain script '/home/hima/bachelors/rbkairos_ws/install/setup.bash'
[1.431s] INFO:colcon.colcon_core.shell:Creating prefix script '/home/hima/bachelors/rbkairos_ws/install/local_setup.zsh'
[1.432s] INFO:colcon.colcon_core.shell:Creating prefix chain script '/home/hima/bachelors/rbkairos_ws/install/setup.zsh'
