[0.055s] Invoking command in '/home/hima/bachelors/rbkairos_ws/build/robotnik_navigation_msgs': CMAKE_PREFIX_PATH=/home/hima/bachelors/rbkairos_ws/install/robotnik_common_msgs:/home/hima/bachelors/rbkairos_ws/install/ros2_laser_scan_merger:/home/hima/bachelors/rbkairos_ws/install/ros2_laser_scan_matcher:/home/hima/bachelors/rbkairos_ws/install/robotnik_supervisor_msgs:/home/hima/bachelors/rbkairos_ws/install/robotnik_gazebo_ignition:/home/hima/bachelors/rbkairos_ws/install/robotnik_gazebo_classic:/home/hima/bachelors/rbkairos_ws/install/mapping:/home/hima/bachelors/rbkairos_ws/install/robotnik_description:/home/hima/bachelors/rbkairos_ws/install/robotnik_sensors:/home/hima/bachelors/rbkairos_ws/install/robotnik_interfaces:/home/hima/bachelors/rbkairos_ws/install/robotnik_safety_msgs:/home/hima/bachelors/rbkairos_ws/install/robotnik_perception_msgs:/home/hima/bachelors/rbkairos_ws/install/robotnik_navigation_msgs:/home/hima/bachelors/rbkairos_ws/install/robotnik_io_msgs:/home/hima/bachelors/rbkairos_ws/install/robotnik_controllers_msgs:/home/hima/bachelors/rbkairos_ws/install/robotnik_common:/home/hima/bachelors/rbkairos_ws/install/robotnik_battery_msgs:/home/hima/bachelors/rbkairos_ws/install/csm:/opt/ros/humble LD_LIBRARY_PATH=/home/hima/bachelors/rbkairos_ws/install/robotnik_common_msgs/lib:/home/hima/bachelors/rbkairos_ws/install/robotnik_supervisor_msgs/lib:/home/hima/bachelors/rbkairos_ws/install/robotnik_perception_msgs/lib:/home/hima/bachelors/rbkairos_ws/install/robotnik_navigation_msgs/lib:/home/hima/bachelors/rbkairos_ws/install/robotnik_io_msgs/lib:/home/hima/bachelors/rbkairos_ws/install/robotnik_controllers_msgs/lib:/home/hima/bachelors/rbkairos_ws/install/robotnik_battery_msgs/lib:/home/hima/bachelors/rbkairos_ws/install/csm/lib:/usr/lib/x86_64-linux-gnu/gazebo-11/plugins:/opt/ros/humble/opt/rviz_ogre_vendor/lib:/opt/ros/humble/lib/x86_64-linux-gnu:/opt/ros/humble/lib /usr/bin/cmake --build /home/hima/bachelors/rbkairos_ws/build/robotnik_navigation_msgs -- -j16 -l16
[0.141s] [  2%] Built target robotnik_navigation_msgs__cpp
[0.152s] [  2%] Built target ament_cmake_python_copy_robotnik_navigation_msgs
[0.157s] [ 12%] Built target robotnik_navigation_msgs__rosidl_generator_c
[0.185s] [ 23%] Built target robotnik_navigation_msgs__rosidl_typesupport_fastrtps_cpp
[0.190s] [ 33%] Built target robotnik_navigation_msgs__rosidl_typesupport_introspection_cpp
[0.200s] [ 43%] Built target robotnik_navigation_msgs__rosidl_typesupport_fastrtps_c
[0.201s] [ 53%] Built target robotnik_navigation_msgs__rosidl_typesupport_c
[0.206s] [ 64%] Built target robotnik_navigation_msgs__rosidl_typesupport_introspection_c
[0.270s] [ 74%] Built target robotnik_navigation_msgs__rosidl_typesupport_cpp
[0.328s] [ 74%] Built target robotnik_navigation_msgs
[0.401s] [ 76%] Built target robotnik_navigation_msgs__py
[0.430s] [ 84%] Built target robotnik_navigation_msgs__rosidl_generator_py
[0.544s] [ 89%] Built target robotnik_navigation_msgs__rosidl_typesupport_introspection_c__pyext
[0.546s] [ 94%] Built target robotnik_navigation_msgs__rosidl_typesupport_fastrtps_c__pyext
[0.569s] [100%] Built target robotnik_navigation_msgs__rosidl_typesupport_c__pyext
[0.668s] running egg_info
[0.670s] writing robotnik_navigation_msgs.egg-info/PKG-INFO
[0.670s] writing dependency_links to robotnik_navigation_msgs.egg-info/dependency_links.txt
[0.670s] writing top-level names to robotnik_navigation_msgs.egg-info/top_level.txt
[0.673s] reading manifest file 'robotnik_navigation_msgs.egg-info/SOURCES.txt'
[0.674s] writing manifest file 'robotnik_navigation_msgs.egg-info/SOURCES.txt'
[0.715s] [100%] Built target ament_cmake_python_build_robotnik_navigation_msgs_egg
[0.730s] Invoked command in '/home/hima/bachelors/rbkairos_ws/build/robotnik_navigation_msgs' returned '0': CMAKE_PREFIX_PATH=/home/hima/bachelors/rbkairos_ws/install/robotnik_common_msgs:/home/hima/bachelors/rbkairos_ws/install/ros2_laser_scan_merger:/home/hima/bachelors/rbkairos_ws/install/ros2_laser_scan_matcher:/home/hima/bachelors/rbkairos_ws/install/robotnik_supervisor_msgs:/home/hima/bachelors/rbkairos_ws/install/robotnik_gazebo_ignition:/home/hima/bachelors/rbkairos_ws/install/robotnik_gazebo_classic:/home/hima/bachelors/rbkairos_ws/install/mapping:/home/hima/bachelors/rbkairos_ws/install/robotnik_description:/home/hima/bachelors/rbkairos_ws/install/robotnik_sensors:/home/hima/bachelors/rbkairos_ws/install/robotnik_interfaces:/home/hima/bachelors/rbkairos_ws/install/robotnik_safety_msgs:/home/hima/bachelors/rbkairos_ws/install/robotnik_perception_msgs:/home/hima/bachelors/rbkairos_ws/install/robotnik_navigation_msgs:/home/hima/bachelors/rbkairos_ws/install/robotnik_io_msgs:/home/hima/bachelors/rbkairos_ws/install/robotnik_controllers_msgs:/home/hima/bachelors/rbkairos_ws/install/robotnik_common:/home/hima/bachelors/rbkairos_ws/install/robotnik_battery_msgs:/home/hima/bachelors/rbkairos_ws/install/csm:/opt/ros/humble LD_LIBRARY_PATH=/home/hima/bachelors/rbkairos_ws/install/robotnik_common_msgs/lib:/home/hima/bachelors/rbkairos_ws/install/robotnik_supervisor_msgs/lib:/home/hima/bachelors/rbkairos_ws/install/robotnik_perception_msgs/lib:/home/hima/bachelors/rbkairos_ws/install/robotnik_navigation_msgs/lib:/home/hima/bachelors/rbkairos_ws/install/robotnik_io_msgs/lib:/home/hima/bachelors/rbkairos_ws/install/robotnik_controllers_msgs/lib:/home/hima/bachelors/rbkairos_ws/install/robotnik_battery_msgs/lib:/home/hima/bachelors/rbkairos_ws/install/csm/lib:/usr/lib/x86_64-linux-gnu/gazebo-11/plugins:/opt/ros/humble/opt/rviz_ogre_vendor/lib:/opt/ros/humble/lib/x86_64-linux-gnu:/opt/ros/humble/lib /usr/bin/cmake --build /home/hima/bachelors/rbkairos_ws/build/robotnik_navigation_msgs -- -j16 -l16
[0.735s] Invoking command in '/home/hima/bachelors/rbkairos_ws/build/robotnik_navigation_msgs': CMAKE_PREFIX_PATH=/home/hima/bachelors/rbkairos_ws/install/robotnik_common_msgs:/home/hima/bachelors/rbkairos_ws/install/ros2_laser_scan_merger:/home/hima/bachelors/rbkairos_ws/install/ros2_laser_scan_matcher:/home/hima/bachelors/rbkairos_ws/install/robotnik_supervisor_msgs:/home/hima/bachelors/rbkairos_ws/install/robotnik_gazebo_ignition:/home/hima/bachelors/rbkairos_ws/install/robotnik_gazebo_classic:/home/hima/bachelors/rbkairos_ws/install/mapping:/home/hima/bachelors/rbkairos_ws/install/robotnik_description:/home/hima/bachelors/rbkairos_ws/install/robotnik_sensors:/home/hima/bachelors/rbkairos_ws/install/robotnik_interfaces:/home/hima/bachelors/rbkairos_ws/install/robotnik_safety_msgs:/home/hima/bachelors/rbkairos_ws/install/robotnik_perception_msgs:/home/hima/bachelors/rbkairos_ws/install/robotnik_navigation_msgs:/home/hima/bachelors/rbkairos_ws/install/robotnik_io_msgs:/home/hima/bachelors/rbkairos_ws/install/robotnik_controllers_msgs:/home/hima/bachelors/rbkairos_ws/install/robotnik_common:/home/hima/bachelors/rbkairos_ws/install/robotnik_battery_msgs:/home/hima/bachelors/rbkairos_ws/install/csm:/opt/ros/humble LD_LIBRARY_PATH=/home/hima/bachelors/rbkairos_ws/install/robotnik_common_msgs/lib:/home/hima/bachelors/rbkairos_ws/install/robotnik_supervisor_msgs/lib:/home/hima/bachelors/rbkairos_ws/install/robotnik_perception_msgs/lib:/home/hima/bachelors/rbkairos_ws/install/robotnik_navigation_msgs/lib:/home/hima/bachelors/rbkairos_ws/install/robotnik_io_msgs/lib:/home/hima/bachelors/rbkairos_ws/install/robotnik_controllers_msgs/lib:/home/hima/bachelors/rbkairos_ws/install/robotnik_battery_msgs/lib:/home/hima/bachelors/rbkairos_ws/install/csm/lib:/usr/lib/x86_64-linux-gnu/gazebo-11/plugins:/opt/ros/humble/opt/rviz_ogre_vendor/lib:/opt/ros/humble/lib/x86_64-linux-gnu:/opt/ros/humble/lib /usr/bin/cmake --install /home/hima/bachelors/rbkairos_ws/build/robotnik_navigation_msgs
[0.762s] -- Install configuration: ""
[0.762s] -- Up-to-date: /home/hima/bachelors/rbkairos_ws/install/robotnik_navigation_msgs/share/ament_index/resource_index/rosidl_interfaces/robotnik_navigation_msgs
[0.762s] -- Up-to-date: /home/hima/bachelors/rbkairos_ws/install/robotnik_navigation_msgs/include/robotnik_navigation_msgs/robotnik_navigation_msgs
[0.762s] -- Up-to-date: /home/hima/bachelors/rbkairos_ws/install/robotnik_navigation_msgs/include/robotnik_navigation_msgs/robotnik_navigation_msgs/action
[0.762s] -- Up-to-date: /home/hima/bachelors/rbkairos_ws/install/robotnik_navigation_msgs/include/robotnik_navigation_msgs/robotnik_navigation_msgs/action/move.h
[0.763s] -- Up-to-date: /home/hima/bachelors/rbkairos_ws/install/robotnik_navigation_msgs/include/robotnik_navigation_msgs/robotnik_navigation_msgs/action/dock.h
[0.763s] -- Up-to-date: /home/hima/bachelors/rbkairos_ws/install/robotnik_navigation_msgs/include/robotnik_navigation_msgs/robotnik_navigation_msgs/action/detail
[0.763s] -- Up-to-date: /home/hima/bachelors/rbkairos_ws/install/robotnik_navigation_msgs/include/robotnik_navigation_msgs/robotnik_navigation_msgs/action/detail/dock__type_support.h
[0.763s] -- Up-to-date: /home/hima/bachelors/rbkairos_ws/install/robotnik_navigation_msgs/include/robotnik_navigation_msgs/robotnik_navigation_msgs/action/detail/dock__functions.c
[0.763s] -- Up-to-date: /home/hima/bachelors/rbkairos_ws/install/robotnik_navigation_msgs/include/robotnik_navigation_msgs/robotnik_navigation_msgs/action/detail/move__functions.h
[0.763s] -- Up-to-date: /home/hima/bachelors/rbkairos_ws/install/robotnik_navigation_msgs/include/robotnik_navigation_msgs/robotnik_navigation_msgs/action/detail/dock__struct.h
[0.763s] -- Up-to-date: /home/hima/bachelors/rbkairos_ws/install/robotnik_navigation_msgs/include/robotnik_navigation_msgs/robotnik_navigation_msgs/action/detail/dock__functions.h
[0.763s] -- Up-to-date: /home/hima/bachelors/rbkairos_ws/install/robotnik_navigation_msgs/include/robotnik_navigation_msgs/robotnik_navigation_msgs/action/detail/move__functions.c
[0.763s] -- Up-to-date: /home/hima/bachelors/rbkairos_ws/install/robotnik_navigation_msgs/include/robotnik_navigation_msgs/robotnik_navigation_msgs/action/detail/move__type_support.h
[0.764s] -- Up-to-date: /home/hima/bachelors/rbkairos_ws/install/robotnik_navigation_msgs/include/robotnik_navigation_msgs/robotnik_navigation_msgs/action/detail/move__struct.h
[0.764s] -- Up-to-date: /home/hima/bachelors/rbkairos_ws/install/robotnik_navigation_msgs/include/robotnik_navigation_msgs/robotnik_navigation_msgs/msg
[0.764s] -- Up-to-date: /home/hima/bachelors/rbkairos_ws/install/robotnik_navigation_msgs/include/robotnik_navigation_msgs/robotnik_navigation_msgs/msg/rosidl_generator_c__visibility_control.h
[0.764s] -- Up-to-date: /home/hima/bachelors/rbkairos_ws/install/robotnik_navigation_msgs/share/robotnik_navigation_msgs/environment/library_path.sh
[0.766s] -- Up-to-date: /home/hima/bachelors/rbkairos_ws/install/robotnik_navigation_msgs/share/robotnik_navigation_msgs/environment/library_path.dsv
[0.771s] -- Up-to-date: /home/hima/bachelors/rbkairos_ws/install/robotnik_navigation_msgs/lib/librobotnik_navigation_msgs__rosidl_generator_c.so
[0.772s] -- Up-to-date: /home/hima/bachelors/rbkairos_ws/install/robotnik_navigation_msgs/include/robotnik_navigation_msgs/robotnik_navigation_msgs
[0.773s] -- Up-to-date: /home/hima/bachelors/rbkairos_ws/install/robotnik_navigation_msgs/include/robotnik_navigation_msgs/robotnik_navigation_msgs/action
[0.777s] -- Up-to-date: /home/hima/bachelors/rbkairos_ws/install/robotnik_navigation_msgs/include/robotnik_navigation_msgs/robotnik_navigation_msgs/action/detail
[0.782s] -- Up-to-date: /home/hima/bachelors/rbkairos_ws/install/robotnik_navigation_msgs/include/robotnik_navigation_msgs/robotnik_navigation_msgs/action/detail/move__rosidl_typesupport_fastrtps_c.h
[0.783s] -- Up-to-date: /home/hima/bachelors/rbkairos_ws/install/robotnik_navigation_msgs/include/robotnik_navigation_msgs/robotnik_navigation_msgs/action/detail/dock__rosidl_typesupport_fastrtps_c.h
[0.783s] -- Up-to-date: /home/hima/bachelors/rbkairos_ws/install/robotnik_navigation_msgs/include/robotnik_navigation_msgs/robotnik_navigation_msgs/msg
[0.784s] -- Up-to-date: /home/hima/bachelors/rbkairos_ws/install/robotnik_navigation_msgs/include/robotnik_navigation_msgs/robotnik_navigation_msgs/msg/rosidl_typesupport_fastrtps_c__visibility_control.h
[0.785s] -- Up-to-date: /home/hima/bachelors/rbkairos_ws/install/robotnik_navigation_msgs/lib/librobotnik_navigation_msgs__rosidl_typesupport_fastrtps_c.so
[0.786s] -- Up-to-date: /home/hima/bachelors/rbkairos_ws/install/robotnik_navigation_msgs/include/robotnik_navigation_msgs/robotnik_navigation_msgs
[0.786s] -- Up-to-date: /home/hima/bachelors/rbkairos_ws/install/robotnik_navigation_msgs/include/robotnik_navigation_msgs/robotnik_navigation_msgs/action
[0.787s] -- Up-to-date: /home/hima/bachelors/rbkairos_ws/install/robotnik_navigation_msgs/include/robotnik_navigation_msgs/robotnik_navigation_msgs/action/move.hpp
[0.787s] -- Up-to-date: /home/hima/bachelors/rbkairos_ws/install/robotnik_navigation_msgs/include/robotnik_navigation_msgs/robotnik_navigation_msgs/action/detail
[0.788s] -- Up-to-date: /home/hima/bachelors/rbkairos_ws/install/robotnik_navigation_msgs/include/robotnik_navigation_msgs/robotnik_navigation_msgs/action/detail/dock__struct.hpp
[0.789s] -- Up-to-date: /home/hima/bachelors/rbkairos_ws/install/robotnik_navigation_msgs/include/robotnik_navigation_msgs/robotnik_navigation_msgs/action/detail/dock__traits.hpp
[0.789s] -- Up-to-date: /home/hima/bachelors/rbkairos_ws/install/robotnik_navigation_msgs/include/robotnik_navigation_msgs/robotnik_navigation_msgs/action/detail/move__traits.hpp
[0.790s] -- Up-to-date: /home/hima/bachelors/rbkairos_ws/install/robotnik_navigation_msgs/include/robotnik_navigation_msgs/robotnik_navigation_msgs/action/detail/move__builder.hpp
[0.791s] -- Up-to-date: /home/hima/bachelors/rbkairos_ws/install/robotnik_navigation_msgs/include/robotnik_navigation_msgs/robotnik_navigation_msgs/action/detail/move__type_support.hpp
[0.791s] -- Up-to-date: /home/hima/bachelors/rbkairos_ws/install/robotnik_navigation_msgs/include/robotnik_navigation_msgs/robotnik_navigation_msgs/action/detail/move__struct.hpp
[0.792s] -- Up-to-date: /home/hima/bachelors/rbkairos_ws/install/robotnik_navigation_msgs/include/robotnik_navigation_msgs/robotnik_navigation_msgs/action/detail/dock__builder.hpp
[0.792s] -- Up-to-date: /home/hima/bachelors/rbkairos_ws/install/robotnik_navigation_msgs/include/robotnik_navigation_msgs/robotnik_navigation_msgs/action/detail/dock__type_support.hpp
[0.793s] -- Up-to-date: /home/hima/bachelors/rbkairos_ws/install/robotnik_navigation_msgs/include/robotnik_navigation_msgs/robotnik_navigation_msgs/action/dock.hpp
[0.794s] -- Up-to-date: /home/hima/bachelors/rbkairos_ws/install/robotnik_navigation_msgs/include/robotnik_navigation_msgs/robotnik_navigation_msgs/msg
[0.795s] -- Up-to-date: /home/hima/bachelors/rbkairos_ws/install/robotnik_navigation_msgs/include/robotnik_navigation_msgs/robotnik_navigation_msgs/msg/rosidl_generator_cpp__visibility_control.hpp
[0.795s] -- Up-to-date: /home/hima/bachelors/rbkairos_ws/install/robotnik_navigation_msgs/include/robotnik_navigation_msgs/robotnik_navigation_msgs
[0.796s] -- Up-to-date: /home/hima/bachelors/rbkairos_ws/install/robotnik_navigation_msgs/include/robotnik_navigation_msgs/robotnik_navigation_msgs/action
[0.797s] -- Up-to-date: /home/hima/bachelors/rbkairos_ws/install/robotnik_navigation_msgs/include/robotnik_navigation_msgs/robotnik_navigation_msgs/action/detail
[0.797s] -- Up-to-date: /home/hima/bachelors/rbkairos_ws/install/robotnik_navigation_msgs/include/robotnik_navigation_msgs/robotnik_navigation_msgs/action/detail/dock__rosidl_typesupport_fastrtps_cpp.hpp
[0.798s] -- Up-to-date: /home/hima/bachelors/rbkairos_ws/install/robotnik_navigation_msgs/include/robotnik_navigation_msgs/robotnik_navigation_msgs/action/detail/dds_fastrtps
[0.799s] -- Up-to-date: /home/hima/bachelors/rbkairos_ws/install/robotnik_navigation_msgs/include/robotnik_navigation_msgs/robotnik_navigation_msgs/action/detail/move__rosidl_typesupport_fastrtps_cpp.hpp
[0.800s] -- Up-to-date: /home/hima/bachelors/rbkairos_ws/install/robotnik_navigation_msgs/include/robotnik_navigation_msgs/robotnik_navigation_msgs/msg
[0.800s] -- Up-to-date: /home/hima/bachelors/rbkairos_ws/install/robotnik_navigation_msgs/include/robotnik_navigation_msgs/robotnik_navigation_msgs/msg/rosidl_typesupport_fastrtps_cpp__visibility_control.h
[0.800s] -- Up-to-date: /home/hima/bachelors/rbkairos_ws/install/robotnik_navigation_msgs/lib/librobotnik_navigation_msgs__rosidl_typesupport_fastrtps_cpp.so
[0.800s] -- Up-to-date: /home/hima/bachelors/rbkairos_ws/install/robotnik_navigation_msgs/include/robotnik_navigation_msgs/robotnik_navigation_msgs
[0.800s] -- Up-to-date: /home/hima/bachelors/rbkairos_ws/install/robotnik_navigation_msgs/include/robotnik_navigation_msgs/robotnik_navigation_msgs/action
[0.800s] -- Up-to-date: /home/hima/bachelors/rbkairos_ws/install/robotnik_navigation_msgs/include/robotnik_navigation_msgs/robotnik_navigation_msgs/action/detail
[0.800s] -- Up-to-date: /home/hima/bachelors/rbkairos_ws/install/robotnik_navigation_msgs/include/robotnik_navigation_msgs/robotnik_navigation_msgs/action/detail/move__rosidl_typesupport_introspection_c.h
[0.800s] -- Up-to-date: /home/hima/bachelors/rbkairos_ws/install/robotnik_navigation_msgs/include/robotnik_navigation_msgs/robotnik_navigation_msgs/action/detail/move__type_support.c
[0.800s] -- Up-to-date: /home/hima/bachelors/rbkairos_ws/install/robotnik_navigation_msgs/include/robotnik_navigation_msgs/robotnik_navigation_msgs/action/detail/dock__rosidl_typesupport_introspection_c.h
[0.800s] -- Up-to-date: /home/hima/bachelors/rbkairos_ws/install/robotnik_navigation_msgs/include/robotnik_navigation_msgs/robotnik_navigation_msgs/action/detail/dock__type_support.c
[0.800s] -- Up-to-date: /home/hima/bachelors/rbkairos_ws/install/robotnik_navigation_msgs/include/robotnik_navigation_msgs/robotnik_navigation_msgs/msg
[0.800s] -- Up-to-date: /home/hima/bachelors/rbkairos_ws/install/robotnik_navigation_msgs/include/robotnik_navigation_msgs/robotnik_navigation_msgs/msg/rosidl_typesupport_introspection_c__visibility_control.h
[0.800s] -- Up-to-date: /home/hima/bachelors/rbkairos_ws/install/robotnik_navigation_msgs/lib/librobotnik_navigation_msgs__rosidl_typesupport_introspection_c.so
[0.800s] -- Up-to-date: /home/hima/bachelors/rbkairos_ws/install/robotnik_navigation_msgs/lib/librobotnik_navigation_msgs__rosidl_typesupport_c.so
[0.800s] -- Up-to-date: /home/hima/bachelors/rbkairos_ws/install/robotnik_navigation_msgs/include/robotnik_navigation_msgs/robotnik_navigation_msgs
[0.800s] -- Up-to-date: /home/hima/bachelors/rbkairos_ws/install/robotnik_navigation_msgs/include/robotnik_navigation_msgs/robotnik_navigation_msgs/action
[0.801s] -- Up-to-date: /home/hima/bachelors/rbkairos_ws/install/robotnik_navigation_msgs/include/robotnik_navigation_msgs/robotnik_navigation_msgs/action/detail
[0.801s] -- Up-to-date: /home/hima/bachelors/rbkairos_ws/install/robotnik_navigation_msgs/include/robotnik_navigation_msgs/robotnik_navigation_msgs/action/detail/dock__rosidl_typesupport_introspection_cpp.hpp
[0.801s] -- Up-to-date: /home/hima/bachelors/rbkairos_ws/install/robotnik_navigation_msgs/include/robotnik_navigation_msgs/robotnik_navigation_msgs/action/detail/dock__type_support.cpp
[0.801s] -- Up-to-date: /home/hima/bachelors/rbkairos_ws/install/robotnik_navigation_msgs/include/robotnik_navigation_msgs/robotnik_navigation_msgs/action/detail/move__type_support.cpp
[0.801s] -- Up-to-date: /home/hima/bachelors/rbkairos_ws/install/robotnik_navigation_msgs/include/robotnik_navigation_msgs/robotnik_navigation_msgs/action/detail/move__rosidl_typesupport_introspection_cpp.hpp
[0.801s] -- Up-to-date: /home/hima/bachelors/rbkairos_ws/install/robotnik_navigation_msgs/lib/librobotnik_navigation_msgs__rosidl_typesupport_introspection_cpp.so
[0.801s] -- Up-to-date: /home/hima/bachelors/rbkairos_ws/install/robotnik_navigation_msgs/lib/librobotnik_navigation_msgs__rosidl_typesupport_cpp.so
[0.801s] -- Up-to-date: /home/hima/bachelors/rbkairos_ws/install/robotnik_navigation_msgs/share/robotnik_navigation_msgs/environment/pythonpath.sh
[0.801s] -- Up-to-date: /home/hima/bachelors/rbkairos_ws/install/robotnik_navigation_msgs/share/robotnik_navigation_msgs/environment/pythonpath.dsv
[0.801s] -- Up-to-date: /home/hima/bachelors/rbkairos_ws/install/robotnik_navigation_msgs/local/lib/python3.10/dist-packages/robotnik_navigation_msgs-1.0.0-py3.10.egg-info
[0.801s] -- Installing: /home/hima/bachelors/rbkairos_ws/install/robotnik_navigation_msgs/local/lib/python3.10/dist-packages/robotnik_navigation_msgs-1.0.0-py3.10.egg-info/top_level.txt
[0.801s] -- Installing: /home/hima/bachelors/rbkairos_ws/install/robotnik_navigation_msgs/local/lib/python3.10/dist-packages/robotnik_navigation_msgs-1.0.0-py3.10.egg-info/PKG-INFO
[0.801s] -- Installing: /home/hima/bachelors/rbkairos_ws/install/robotnik_navigation_msgs/local/lib/python3.10/dist-packages/robotnik_navigation_msgs-1.0.0-py3.10.egg-info/SOURCES.txt
[0.801s] -- Installing: /home/hima/bachelors/rbkairos_ws/install/robotnik_navigation_msgs/local/lib/python3.10/dist-packages/robotnik_navigation_msgs-1.0.0-py3.10.egg-info/dependency_links.txt
[0.801s] -- Up-to-date: /home/hima/bachelors/rbkairos_ws/install/robotnik_navigation_msgs/local/lib/python3.10/dist-packages/robotnik_navigation_msgs
[0.801s] -- Up-to-date: /home/hima/bachelors/rbkairos_ws/install/robotnik_navigation_msgs/local/lib/python3.10/dist-packages/robotnik_navigation_msgs/_robotnik_navigation_msgs_s.ep.rosidl_typesupport_introspection_c.c
[0.801s] -- Up-to-date: /home/hima/bachelors/rbkairos_ws/install/robotnik_navigation_msgs/local/lib/python3.10/dist-packages/robotnik_navigation_msgs/_robotnik_navigation_msgs_s.ep.rosidl_typesupport_c.c
[0.802s] -- Up-to-date: /home/hima/bachelors/rbkairos_ws/install/robotnik_navigation_msgs/local/lib/python3.10/dist-packages/robotnik_navigation_msgs/robotnik_navigation_msgs_s__rosidl_typesupport_c.cpython-310-x86_64-linux-gnu.so
[0.802s] -- Up-to-date: /home/hima/bachelors/rbkairos_ws/install/robotnik_navigation_msgs/local/lib/python3.10/dist-packages/robotnik_navigation_msgs/librobotnik_navigation_msgs__rosidl_generator_py.so
[0.802s] -- Up-to-date: /home/hima/bachelors/rbkairos_ws/install/robotnik_navigation_msgs/local/lib/python3.10/dist-packages/robotnik_navigation_msgs/robotnik_navigation_msgs_s__rosidl_typesupport_fastrtps_c.cpython-310-x86_64-linux-gnu.so
[0.802s] -- Up-to-date: /home/hima/bachelors/rbkairos_ws/install/robotnik_navigation_msgs/local/lib/python3.10/dist-packages/robotnik_navigation_msgs/action
[0.802s] -- Up-to-date: /home/hima/bachelors/rbkairos_ws/install/robotnik_navigation_msgs/local/lib/python3.10/dist-packages/robotnik_navigation_msgs/action/_move_s.c
[0.802s] -- Up-to-date: /home/hima/bachelors/rbkairos_ws/install/robotnik_navigation_msgs/local/lib/python3.10/dist-packages/robotnik_navigation_msgs/action/_dock.py
[0.802s] -- Up-to-date: /home/hima/bachelors/rbkairos_ws/install/robotnik_navigation_msgs/local/lib/python3.10/dist-packages/robotnik_navigation_msgs/action/__init__.py
[0.802s] -- Up-to-date: /home/hima/bachelors/rbkairos_ws/install/robotnik_navigation_msgs/local/lib/python3.10/dist-packages/robotnik_navigation_msgs/action/_move.py
[0.802s] -- Up-to-date: /home/hima/bachelors/rbkairos_ws/install/robotnik_navigation_msgs/local/lib/python3.10/dist-packages/robotnik_navigation_msgs/action/_dock_s.c
[0.802s] -- Up-to-date: /home/hima/bachelors/rbkairos_ws/install/robotnik_navigation_msgs/local/lib/python3.10/dist-packages/robotnik_navigation_msgs/robotnik_navigation_msgs_s__rosidl_typesupport_introspection_c.cpython-310-x86_64-linux-gnu.so
[0.802s] -- Up-to-date: /home/hima/bachelors/rbkairos_ws/install/robotnik_navigation_msgs/local/lib/python3.10/dist-packages/robotnik_navigation_msgs/__init__.py
[0.802s] -- Up-to-date: /home/hima/bachelors/rbkairos_ws/install/robotnik_navigation_msgs/local/lib/python3.10/dist-packages/robotnik_navigation_msgs/_robotnik_navigation_msgs_s.ep.rosidl_typesupport_fastrtps_c.c
[0.843s] Listing '/home/hima/bachelors/rbkairos_ws/install/robotnik_navigation_msgs/local/lib/python3.10/dist-packages/robotnik_navigation_msgs'...
[0.844s] Listing '/home/hima/bachelors/rbkairos_ws/install/robotnik_navigation_msgs/local/lib/python3.10/dist-packages/robotnik_navigation_msgs/action'...
[0.849s] -- Up-to-date: /home/hima/bachelors/rbkairos_ws/install/robotnik_navigation_msgs/local/lib/python3.10/dist-packages/robotnik_navigation_msgs/robotnik_navigation_msgs_s__rosidl_typesupport_fastrtps_c.cpython-310-x86_64-linux-gnu.so
[0.852s] -- Up-to-date: /home/hima/bachelors/rbkairos_ws/install/robotnik_navigation_msgs/local/lib/python3.10/dist-packages/robotnik_navigation_msgs/robotnik_navigation_msgs_s__rosidl_typesupport_introspection_c.cpython-310-x86_64-linux-gnu.so
[0.854s] -- Up-to-date: /home/hima/bachelors/rbkairos_ws/install/robotnik_navigation_msgs/local/lib/python3.10/dist-packages/robotnik_navigation_msgs/robotnik_navigation_msgs_s__rosidl_typesupport_c.cpython-310-x86_64-linux-gnu.so
[0.856s] -- Up-to-date: /home/hima/bachelors/rbkairos_ws/install/robotnik_navigation_msgs/lib/librobotnik_navigation_msgs__rosidl_generator_py.so
[0.857s] -- Up-to-date: /home/hima/bachelors/rbkairos_ws/install/robotnik_navigation_msgs/share/robotnik_navigation_msgs/action/Dock.idl
[0.865s] -- Up-to-date: /home/hima/bachelors/rbkairos_ws/install/robotnik_navigation_msgs/share/robotnik_navigation_msgs/action/Move.idl
[0.865s] -- Up-to-date: /home/hima/bachelors/rbkairos_ws/install/robotnik_navigation_msgs/share/robotnik_navigation_msgs/action/Dock.action
[0.865s] -- Up-to-date: /home/hima/bachelors/rbkairos_ws/install/robotnik_navigation_msgs/share/robotnik_navigation_msgs/action/Move.action
[0.866s] -- Up-to-date: /home/hima/bachelors/rbkairos_ws/install/robotnik_navigation_msgs/share/ament_index/resource_index/package_run_dependencies/robotnik_navigation_msgs
[0.866s] -- Up-to-date: /home/hima/bachelors/rbkairos_ws/install/robotnik_navigation_msgs/share/ament_index/resource_index/parent_prefix_path/robotnik_navigation_msgs
[0.866s] -- Up-to-date: /home/hima/bachelors/rbkairos_ws/install/robotnik_navigation_msgs/share/robotnik_navigation_msgs/environment/ament_prefix_path.sh
[0.866s] -- Up-to-date: /home/hima/bachelors/rbkairos_ws/install/robotnik_navigation_msgs/share/robotnik_navigation_msgs/environment/ament_prefix_path.dsv
[0.866s] -- Up-to-date: /home/hima/bachelors/rbkairos_ws/install/robotnik_navigation_msgs/share/robotnik_navigation_msgs/environment/path.sh
[0.866s] -- Up-to-date: /home/hima/bachelors/rbkairos_ws/install/robotnik_navigation_msgs/share/robotnik_navigation_msgs/environment/path.dsv
[0.866s] -- Up-to-date: /home/hima/bachelors/rbkairos_ws/install/robotnik_navigation_msgs/share/robotnik_navigation_msgs/local_setup.bash
[0.866s] -- Up-to-date: /home/hima/bachelors/rbkairos_ws/install/robotnik_navigation_msgs/share/robotnik_navigation_msgs/local_setup.sh
[0.866s] -- Up-to-date: /home/hima/bachelors/rbkairos_ws/install/robotnik_navigation_msgs/share/robotnik_navigation_msgs/local_setup.zsh
[0.867s] -- Up-to-date: /home/hima/bachelors/rbkairos_ws/install/robotnik_navigation_msgs/share/robotnik_navigation_msgs/local_setup.dsv
[0.867s] -- Installing: /home/hima/bachelors/rbkairos_ws/install/robotnik_navigation_msgs/share/robotnik_navigation_msgs/package.dsv
[0.869s] -- Up-to-date: /home/hima/bachelors/rbkairos_ws/install/robotnik_navigation_msgs/share/ament_index/resource_index/packages/robotnik_navigation_msgs
[0.870s] -- Up-to-date: /home/hima/bachelors/rbkairos_ws/install/robotnik_navigation_msgs/share/robotnik_navigation_msgs/cmake/export_robotnik_navigation_msgs__rosidl_generator_cExport.cmake
[0.872s] -- Up-to-date: /home/hima/bachelors/rbkairos_ws/install/robotnik_navigation_msgs/share/robotnik_navigation_msgs/cmake/export_robotnik_navigation_msgs__rosidl_generator_cExport-noconfig.cmake
[0.872s] -- Up-to-date: /home/hima/bachelors/rbkairos_ws/install/robotnik_navigation_msgs/share/robotnik_navigation_msgs/cmake/export_robotnik_navigation_msgs__rosidl_typesupport_fastrtps_cExport.cmake
[0.872s] -- Up-to-date: /home/hima/bachelors/rbkairos_ws/install/robotnik_navigation_msgs/share/robotnik_navigation_msgs/cmake/export_robotnik_navigation_msgs__rosidl_typesupport_fastrtps_cExport-noconfig.cmake
[0.872s] -- Up-to-date: /home/hima/bachelors/rbkairos_ws/install/robotnik_navigation_msgs/share/robotnik_navigation_msgs/cmake/export_robotnik_navigation_msgs__rosidl_generator_cppExport.cmake
[0.872s] -- Up-to-date: /home/hima/bachelors/rbkairos_ws/install/robotnik_navigation_msgs/share/robotnik_navigation_msgs/cmake/export_robotnik_navigation_msgs__rosidl_typesupport_fastrtps_cppExport.cmake
[0.872s] -- Up-to-date: /home/hima/bachelors/rbkairos_ws/install/robotnik_navigation_msgs/share/robotnik_navigation_msgs/cmake/export_robotnik_navigation_msgs__rosidl_typesupport_fastrtps_cppExport-noconfig.cmake
[0.872s] -- Up-to-date: /home/hima/bachelors/rbkairos_ws/install/robotnik_navigation_msgs/share/robotnik_navigation_msgs/cmake/robotnik_navigation_msgs__rosidl_typesupport_introspection_cExport.cmake
[0.872s] -- Up-to-date: /home/hima/bachelors/rbkairos_ws/install/robotnik_navigation_msgs/share/robotnik_navigation_msgs/cmake/robotnik_navigation_msgs__rosidl_typesupport_introspection_cExport-noconfig.cmake
[0.872s] -- Up-to-date: /home/hima/bachelors/rbkairos_ws/install/robotnik_navigation_msgs/share/robotnik_navigation_msgs/cmake/robotnik_navigation_msgs__rosidl_typesupport_cExport.cmake
[0.872s] -- Up-to-date: /home/hima/bachelors/rbkairos_ws/install/robotnik_navigation_msgs/share/robotnik_navigation_msgs/cmake/robotnik_navigation_msgs__rosidl_typesupport_cExport-noconfig.cmake
[0.872s] -- Up-to-date: /home/hima/bachelors/rbkairos_ws/install/robotnik_navigation_msgs/share/robotnik_navigation_msgs/cmake/robotnik_navigation_msgs__rosidl_typesupport_introspection_cppExport.cmake
[0.873s] -- Up-to-date: /home/hima/bachelors/rbkairos_ws/install/robotnik_navigation_msgs/share/robotnik_navigation_msgs/cmake/robotnik_navigation_msgs__rosidl_typesupport_introspection_cppExport-noconfig.cmake
[0.874s] -- Up-to-date: /home/hima/bachelors/rbkairos_ws/install/robotnik_navigation_msgs/share/robotnik_navigation_msgs/cmake/robotnik_navigation_msgs__rosidl_typesupport_cppExport.cmake
[0.875s] -- Up-to-date: /home/hima/bachelors/rbkairos_ws/install/robotnik_navigation_msgs/share/robotnik_navigation_msgs/cmake/robotnik_navigation_msgs__rosidl_typesupport_cppExport-noconfig.cmake
[0.876s] -- Up-to-date: /home/hima/bachelors/rbkairos_ws/install/robotnik_navigation_msgs/share/robotnik_navigation_msgs/cmake/export_robotnik_navigation_msgs__rosidl_generator_pyExport.cmake
[0.877s] -- Up-to-date: /home/hima/bachelors/rbkairos_ws/install/robotnik_navigation_msgs/share/robotnik_navigation_msgs/cmake/export_robotnik_navigation_msgs__rosidl_generator_pyExport-noconfig.cmake
[0.877s] -- Up-to-date: /home/hima/bachelors/rbkairos_ws/install/robotnik_navigation_msgs/share/robotnik_navigation_msgs/cmake/rosidl_cmake-extras.cmake
[0.878s] -- Up-to-date: /home/hima/bachelors/rbkairos_ws/install/robotnik_navigation_msgs/share/robotnik_navigation_msgs/cmake/ament_cmake_export_dependencies-extras.cmake
[0.878s] -- Up-to-date: /home/hima/bachelors/rbkairos_ws/install/robotnik_navigation_msgs/share/robotnik_navigation_msgs/cmake/ament_cmake_export_include_directories-extras.cmake
[0.878s] -- Up-to-date: /home/hima/bachelors/rbkairos_ws/install/robotnik_navigation_msgs/share/robotnik_navigation_msgs/cmake/ament_cmake_export_libraries-extras.cmake
[0.878s] -- Up-to-date: /home/hima/bachelors/rbkairos_ws/install/robotnik_navigation_msgs/share/robotnik_navigation_msgs/cmake/ament_cmake_export_targets-extras.cmake
[0.878s] -- Up-to-date: /home/hima/bachelors/rbkairos_ws/install/robotnik_navigation_msgs/share/robotnik_navigation_msgs/cmake/rosidl_cmake_export_typesupport_targets-extras.cmake
[0.879s] -- Up-to-date: /home/hima/bachelors/rbkairos_ws/install/robotnik_navigation_msgs/share/robotnik_navigation_msgs/cmake/rosidl_cmake_export_typesupport_libraries-extras.cmake
[0.880s] -- Up-to-date: /home/hima/bachelors/rbkairos_ws/install/robotnik_navigation_msgs/share/robotnik_navigation_msgs/cmake/robotnik_navigation_msgsConfig.cmake
[0.880s] -- Up-to-date: /home/hima/bachelors/rbkairos_ws/install/robotnik_navigation_msgs/share/robotnik_navigation_msgs/cmake/robotnik_navigation_msgsConfig-version.cmake
[0.881s] -- Up-to-date: /home/hima/bachelors/rbkairos_ws/install/robotnik_navigation_msgs/share/robotnik_navigation_msgs/package.xml
[0.881s] Invoked command in '/home/hima/bachelors/rbkairos_ws/build/robotnik_navigation_msgs' returned '0': CMAKE_PREFIX_PATH=/home/hima/bachelors/rbkairos_ws/install/robotnik_common_msgs:/home/hima/bachelors/rbkairos_ws/install/ros2_laser_scan_merger:/home/hima/bachelors/rbkairos_ws/install/ros2_laser_scan_matcher:/home/hima/bachelors/rbkairos_ws/install/robotnik_supervisor_msgs:/home/hima/bachelors/rbkairos_ws/install/robotnik_gazebo_ignition:/home/hima/bachelors/rbkairos_ws/install/robotnik_gazebo_classic:/home/hima/bachelors/rbkairos_ws/install/mapping:/home/hima/bachelors/rbkairos_ws/install/robotnik_description:/home/hima/bachelors/rbkairos_ws/install/robotnik_sensors:/home/hima/bachelors/rbkairos_ws/install/robotnik_interfaces:/home/hima/bachelors/rbkairos_ws/install/robotnik_safety_msgs:/home/hima/bachelors/rbkairos_ws/install/robotnik_perception_msgs:/home/hima/bachelors/rbkairos_ws/install/robotnik_navigation_msgs:/home/hima/bachelors/rbkairos_ws/install/robotnik_io_msgs:/home/hima/bachelors/rbkairos_ws/install/robotnik_controllers_msgs:/home/hima/bachelors/rbkairos_ws/install/robotnik_common:/home/hima/bachelors/rbkairos_ws/install/robotnik_battery_msgs:/home/hima/bachelors/rbkairos_ws/install/csm:/opt/ros/humble LD_LIBRARY_PATH=/home/hima/bachelors/rbkairos_ws/install/robotnik_common_msgs/lib:/home/hima/bachelors/rbkairos_ws/install/robotnik_supervisor_msgs/lib:/home/hima/bachelors/rbkairos_ws/install/robotnik_perception_msgs/lib:/home/hima/bachelors/rbkairos_ws/install/robotnik_navigation_msgs/lib:/home/hima/bachelors/rbkairos_ws/install/robotnik_io_msgs/lib:/home/hima/bachelors/rbkairos_ws/install/robotnik_controllers_msgs/lib:/home/hima/bachelors/rbkairos_ws/install/robotnik_battery_msgs/lib:/home/hima/bachelors/rbkairos_ws/install/csm/lib:/usr/lib/x86_64-linux-gnu/gazebo-11/plugins:/opt/ros/humble/opt/rviz_ogre_vendor/lib:/opt/ros/humble/lib/x86_64-linux-gnu:/opt/ros/humble/lib /usr/bin/cmake --install /home/hima/bachelors/rbkairos_ws/build/robotnik_navigation_msgs
