[0.037s] Invoking command in '/home/hima/bachelors/rbkairos_ws/build/robotnik_navigation_msgs': CMAKE_PREFIX_PATH=/home/hima/bachelors/rbkairos_ws/install/robotnik_common_msgs:/home/hima/bachelors/rbkairos_ws/install/ros2_laser_scan_merger:/home/hima/bachelors/rbkairos_ws/install/ros2_laser_scan_matcher:/home/hima/bachelors/rbkairos_ws/install/robotnik_supervisor_msgs:/home/hima/bachelors/rbkairos_ws/install/robotnik_gazebo_ignition:/home/hima/bachelors/rbkairos_ws/install/robotnik_gazebo_classic:/home/hima/bachelors/rbkairos_ws/install/mapping:/home/hima/bachelors/rbkairos_ws/install/robotnik_description:/home/hima/bachelors/rbkairos_ws/install/robotnik_sensors:/home/hima/bachelors/rbkairos_ws/install/robotnik_interfaces:/home/hima/bachelors/rbkairos_ws/install/robotnik_safety_msgs:/home/hima/bachelors/rbkairos_ws/install/robotnik_perception_msgs:/home/hima/bachelors/rbkairos_ws/install/robotnik_navigation_msgs:/home/hima/bachelors/rbkairos_ws/install/robotnik_io_msgs:/home/hima/bachelors/rbkairos_ws/install/robotnik_controllers_msgs:/home/hima/bachelors/rbkairos_ws/install/robotnik_common:/home/hima/bachelors/rbkairos_ws/install/robotnik_battery_msgs:/home/hima/bachelors/rbkairos_ws/install/csm:/opt/ros/humble LD_LIBRARY_PATH=/home/hima/bachelors/rbkairos_ws/install/robotnik_common_msgs/lib:/home/hima/bachelors/rbkairos_ws/install/robotnik_supervisor_msgs/lib:/home/hima/bachelors/rbkairos_ws/install/robotnik_perception_msgs/lib:/home/hima/bachelors/rbkairos_ws/install/robotnik_navigation_msgs/lib:/home/hima/bachelors/rbkairos_ws/install/robotnik_io_msgs/lib:/home/hima/bachelors/rbkairos_ws/install/robotnik_controllers_msgs/lib:/home/hima/bachelors/rbkairos_ws/install/robotnik_battery_msgs/lib:/home/hima/bachelors/rbkairos_ws/install/csm/lib:/usr/lib/x86_64-linux-gnu/gazebo-11/plugins:/opt/ros/humble/opt/rviz_ogre_vendor/lib:/opt/ros/humble/lib/x86_64-linux-gnu:/opt/ros/humble/lib /usr/bin/cmake --build /home/hima/bachelors/rbkairos_ws/build/robotnik_navigation_msgs -- -j16 -l16
[0.113s] [ 10%] Built target robotnik_navigation_msgs__rosidl_generator_c
[0.115s] [ 12%] Built target robotnik_navigation_msgs__cpp
[0.133s] [ 12%] Built target ament_cmake_python_copy_robotnik_navigation_msgs
[0.163s] [ 23%] Built target robotnik_navigation_msgs__rosidl_typesupport_fastrtps_cpp
[0.170s] [ 33%] Built target robotnik_navigation_msgs__rosidl_typesupport_introspection_c
[0.175s] [ 43%] Built target robotnik_navigation_msgs__rosidl_typesupport_c
[0.180s] [ 53%] Built target robotnik_navigation_msgs__rosidl_typesupport_cpp
[0.189s] [ 64%] Built target robotnik_navigation_msgs__rosidl_typesupport_introspection_cpp
[0.206s] [ 74%] Built target robotnik_navigation_msgs__rosidl_typesupport_fastrtps_c
[0.253s] [ 74%] Built target robotnik_navigation_msgs
[0.292s] [ 76%] Built target robotnik_navigation_msgs__py
[0.334s] [ 84%] Built target robotnik_navigation_msgs__rosidl_generator_py
[0.377s] [ 89%] Built target robotnik_navigation_msgs__rosidl_typesupport_fastrtps_c__pyext
[0.385s] [ 94%] Built target robotnik_navigation_msgs__rosidl_typesupport_introspection_c__pyext
[0.404s] [100%] Built target robotnik_navigation_msgs__rosidl_typesupport_c__pyext
[1.273s] running egg_info
[1.274s] writing robotnik_navigation_msgs.egg-info/PKG-INFO
[1.274s] writing dependency_links to robotnik_navigation_msgs.egg-info/dependency_links.txt
[1.274s] writing top-level names to robotnik_navigation_msgs.egg-info/top_level.txt
[1.278s] reading manifest file 'robotnik_navigation_msgs.egg-info/SOURCES.txt'
[1.279s] writing manifest file 'robotnik_navigation_msgs.egg-info/SOURCES.txt'
[1.331s] [100%] Built target ament_cmake_python_build_robotnik_navigation_msgs_egg
[1.349s] Invoked command in '/home/hima/bachelors/rbkairos_ws/build/robotnik_navigation_msgs' returned '0': CMAKE_PREFIX_PATH=/home/hima/bachelors/rbkairos_ws/install/robotnik_common_msgs:/home/hima/bachelors/rbkairos_ws/install/ros2_laser_scan_merger:/home/hima/bachelors/rbkairos_ws/install/ros2_laser_scan_matcher:/home/hima/bachelors/rbkairos_ws/install/robotnik_supervisor_msgs:/home/hima/bachelors/rbkairos_ws/install/robotnik_gazebo_ignition:/home/hima/bachelors/rbkairos_ws/install/robotnik_gazebo_classic:/home/hima/bachelors/rbkairos_ws/install/mapping:/home/hima/bachelors/rbkairos_ws/install/robotnik_description:/home/hima/bachelors/rbkairos_ws/install/robotnik_sensors:/home/hima/bachelors/rbkairos_ws/install/robotnik_interfaces:/home/hima/bachelors/rbkairos_ws/install/robotnik_safety_msgs:/home/hima/bachelors/rbkairos_ws/install/robotnik_perception_msgs:/home/hima/bachelors/rbkairos_ws/install/robotnik_navigation_msgs:/home/hima/bachelors/rbkairos_ws/install/robotnik_io_msgs:/home/hima/bachelors/rbkairos_ws/install/robotnik_controllers_msgs:/home/hima/bachelors/rbkairos_ws/install/robotnik_common:/home/hima/bachelors/rbkairos_ws/install/robotnik_battery_msgs:/home/hima/bachelors/rbkairos_ws/install/csm:/opt/ros/humble LD_LIBRARY_PATH=/home/hima/bachelors/rbkairos_ws/install/robotnik_common_msgs/lib:/home/hima/bachelors/rbkairos_ws/install/robotnik_supervisor_msgs/lib:/home/hima/bachelors/rbkairos_ws/install/robotnik_perception_msgs/lib:/home/hima/bachelors/rbkairos_ws/install/robotnik_navigation_msgs/lib:/home/hima/bachelors/rbkairos_ws/install/robotnik_io_msgs/lib:/home/hima/bachelors/rbkairos_ws/install/robotnik_controllers_msgs/lib:/home/hima/bachelors/rbkairos_ws/install/robotnik_battery_msgs/lib:/home/hima/bachelors/rbkairos_ws/install/csm/lib:/usr/lib/x86_64-linux-gnu/gazebo-11/plugins:/opt/ros/humble/opt/rviz_ogre_vendor/lib:/opt/ros/humble/lib/x86_64-linux-gnu:/opt/ros/humble/lib /usr/bin/cmake --build /home/hima/bachelors/rbkairos_ws/build/robotnik_navigation_msgs -- -j16 -l16
[1.353s] Invoking command in '/home/hima/bachelors/rbkairos_ws/build/robotnik_navigation_msgs': CMAKE_PREFIX_PATH=/home/hima/bachelors/rbkairos_ws/install/robotnik_common_msgs:/home/hima/bachelors/rbkairos_ws/install/ros2_laser_scan_merger:/home/hima/bachelors/rbkairos_ws/install/ros2_laser_scan_matcher:/home/hima/bachelors/rbkairos_ws/install/robotnik_supervisor_msgs:/home/hima/bachelors/rbkairos_ws/install/robotnik_gazebo_ignition:/home/hima/bachelors/rbkairos_ws/install/robotnik_gazebo_classic:/home/hima/bachelors/rbkairos_ws/install/mapping:/home/hima/bachelors/rbkairos_ws/install/robotnik_description:/home/hima/bachelors/rbkairos_ws/install/robotnik_sensors:/home/hima/bachelors/rbkairos_ws/install/robotnik_interfaces:/home/hima/bachelors/rbkairos_ws/install/robotnik_safety_msgs:/home/hima/bachelors/rbkairos_ws/install/robotnik_perception_msgs:/home/hima/bachelors/rbkairos_ws/install/robotnik_navigation_msgs:/home/hima/bachelors/rbkairos_ws/install/robotnik_io_msgs:/home/hima/bachelors/rbkairos_ws/install/robotnik_controllers_msgs:/home/hima/bachelors/rbkairos_ws/install/robotnik_common:/home/hima/bachelors/rbkairos_ws/install/robotnik_battery_msgs:/home/hima/bachelors/rbkairos_ws/install/csm:/opt/ros/humble LD_LIBRARY_PATH=/home/hima/bachelors/rbkairos_ws/install/robotnik_common_msgs/lib:/home/hima/bachelors/rbkairos_ws/install/robotnik_supervisor_msgs/lib:/home/hima/bachelors/rbkairos_ws/install/robotnik_perception_msgs/lib:/home/hima/bachelors/rbkairos_ws/install/robotnik_navigation_msgs/lib:/home/hima/bachelors/rbkairos_ws/install/robotnik_io_msgs/lib:/home/hima/bachelors/rbkairos_ws/install/robotnik_controllers_msgs/lib:/home/hima/bachelors/rbkairos_ws/install/robotnik_battery_msgs/lib:/home/hima/bachelors/rbkairos_ws/install/csm/lib:/usr/lib/x86_64-linux-gnu/gazebo-11/plugins:/opt/ros/humble/opt/rviz_ogre_vendor/lib:/opt/ros/humble/lib/x86_64-linux-gnu:/opt/ros/humble/lib /usr/bin/cmake --install /home/hima/bachelors/rbkairos_ws/build/robotnik_navigation_msgs
[1.361s] -- Install configuration: ""
[1.361s] -- Up-to-date: /home/hima/bachelors/rbkairos_ws/install/robotnik_navigation_msgs/share/ament_index/resource_index/rosidl_interfaces/robotnik_navigation_msgs
[1.361s] -- Up-to-date: /home/hima/bachelors/rbkairos_ws/install/robotnik_navigation_msgs/include/robotnik_navigation_msgs/robotnik_navigation_msgs
[1.361s] -- Up-to-date: /home/hima/bachelors/rbkairos_ws/install/robotnik_navigation_msgs/include/robotnik_navigation_msgs/robotnik_navigation_msgs/action
[1.362s] -- Up-to-date: /home/hima/bachelors/rbkairos_ws/install/robotnik_navigation_msgs/include/robotnik_navigation_msgs/robotnik_navigation_msgs/action/move.h
[1.362s] -- Up-to-date: /home/hima/bachelors/rbkairos_ws/install/robotnik_navigation_msgs/include/robotnik_navigation_msgs/robotnik_navigation_msgs/action/dock.h
[1.362s] -- Up-to-date: /home/hima/bachelors/rbkairos_ws/install/robotnik_navigation_msgs/include/robotnik_navigation_msgs/robotnik_navigation_msgs/action/detail
[1.362s] -- Up-to-date: /home/hima/bachelors/rbkairos_ws/install/robotnik_navigation_msgs/include/robotnik_navigation_msgs/robotnik_navigation_msgs/action/detail/dock__type_support.h
[1.362s] -- Up-to-date: /home/hima/bachelors/rbkairos_ws/install/robotnik_navigation_msgs/include/robotnik_navigation_msgs/robotnik_navigation_msgs/action/detail/dock__functions.c
[1.362s] -- Up-to-date: /home/hima/bachelors/rbkairos_ws/install/robotnik_navigation_msgs/include/robotnik_navigation_msgs/robotnik_navigation_msgs/action/detail/move__functions.h
[1.362s] -- Up-to-date: /home/hima/bachelors/rbkairos_ws/install/robotnik_navigation_msgs/include/robotnik_navigation_msgs/robotnik_navigation_msgs/action/detail/dock__struct.h
[1.362s] -- Up-to-date: /home/hima/bachelors/rbkairos_ws/install/robotnik_navigation_msgs/include/robotnik_navigation_msgs/robotnik_navigation_msgs/action/detail/dock__functions.h
[1.362s] -- Up-to-date: /home/hima/bachelors/rbkairos_ws/install/robotnik_navigation_msgs/include/robotnik_navigation_msgs/robotnik_navigation_msgs/action/detail/move__functions.c
[1.362s] -- Up-to-date: /home/hima/bachelors/rbkairos_ws/install/robotnik_navigation_msgs/include/robotnik_navigation_msgs/robotnik_navigation_msgs/action/detail/move__type_support.h
[1.362s] -- Up-to-date: /home/hima/bachelors/rbkairos_ws/install/robotnik_navigation_msgs/include/robotnik_navigation_msgs/robotnik_navigation_msgs/action/detail/move__struct.h
[1.362s] -- Up-to-date: /home/hima/bachelors/rbkairos_ws/install/robotnik_navigation_msgs/include/robotnik_navigation_msgs/robotnik_navigation_msgs/msg
[1.362s] -- Up-to-date: /home/hima/bachelors/rbkairos_ws/install/robotnik_navigation_msgs/include/robotnik_navigation_msgs/robotnik_navigation_msgs/msg/rosidl_generator_c__visibility_control.h
[1.363s] -- Up-to-date: /home/hima/bachelors/rbkairos_ws/install/robotnik_navigation_msgs/share/robotnik_navigation_msgs/environment/library_path.sh
[1.363s] -- Up-to-date: /home/hima/bachelors/rbkairos_ws/install/robotnik_navigation_msgs/share/robotnik_navigation_msgs/environment/library_path.dsv
[1.363s] -- Up-to-date: /home/hima/bachelors/rbkairos_ws/install/robotnik_navigation_msgs/lib/librobotnik_navigation_msgs__rosidl_generator_c.so
[1.363s] -- Up-to-date: /home/hima/bachelors/rbkairos_ws/install/robotnik_navigation_msgs/include/robotnik_navigation_msgs/robotnik_navigation_msgs
[1.363s] -- Up-to-date: /home/hima/bachelors/rbkairos_ws/install/robotnik_navigation_msgs/include/robotnik_navigation_msgs/robotnik_navigation_msgs/action
[1.363s] -- Up-to-date: /home/hima/bachelors/rbkairos_ws/install/robotnik_navigation_msgs/include/robotnik_navigation_msgs/robotnik_navigation_msgs/action/detail
[1.363s] -- Up-to-date: /home/hima/bachelors/rbkairos_ws/install/robotnik_navigation_msgs/include/robotnik_navigation_msgs/robotnik_navigation_msgs/action/detail/move__rosidl_typesupport_fastrtps_c.h
[1.363s] -- Up-to-date: /home/hima/bachelors/rbkairos_ws/install/robotnik_navigation_msgs/include/robotnik_navigation_msgs/robotnik_navigation_msgs/action/detail/dock__rosidl_typesupport_fastrtps_c.h
[1.364s] -- Up-to-date: /home/hima/bachelors/rbkairos_ws/install/robotnik_navigation_msgs/include/robotnik_navigation_msgs/robotnik_navigation_msgs/msg
[1.364s] -- Up-to-date: /home/hima/bachelors/rbkairos_ws/install/robotnik_navigation_msgs/include/robotnik_navigation_msgs/robotnik_navigation_msgs/msg/rosidl_typesupport_fastrtps_c__visibility_control.h
[1.365s] -- Up-to-date: /home/hima/bachelors/rbkairos_ws/install/robotnik_navigation_msgs/lib/librobotnik_navigation_msgs__rosidl_typesupport_fastrtps_c.so
[1.366s] -- Up-to-date: /home/hima/bachelors/rbkairos_ws/install/robotnik_navigation_msgs/include/robotnik_navigation_msgs/robotnik_navigation_msgs
[1.366s] -- Up-to-date: /home/hima/bachelors/rbkairos_ws/install/robotnik_navigation_msgs/include/robotnik_navigation_msgs/robotnik_navigation_msgs/action
[1.367s] -- Up-to-date: /home/hima/bachelors/rbkairos_ws/install/robotnik_navigation_msgs/include/robotnik_navigation_msgs/robotnik_navigation_msgs/action/move.hpp
[1.367s] -- Up-to-date: /home/hima/bachelors/rbkairos_ws/install/robotnik_navigation_msgs/include/robotnik_navigation_msgs/robotnik_navigation_msgs/action/detail
[1.367s] -- Up-to-date: /home/hima/bachelors/rbkairos_ws/install/robotnik_navigation_msgs/include/robotnik_navigation_msgs/robotnik_navigation_msgs/action/detail/dock__struct.hpp
[1.368s] -- Up-to-date: /home/hima/bachelors/rbkairos_ws/install/robotnik_navigation_msgs/include/robotnik_navigation_msgs/robotnik_navigation_msgs/action/detail/dock__traits.hpp
[1.368s] -- Up-to-date: /home/hima/bachelors/rbkairos_ws/install/robotnik_navigation_msgs/include/robotnik_navigation_msgs/robotnik_navigation_msgs/action/detail/move__traits.hpp
[1.368s] -- Up-to-date: /home/hima/bachelors/rbkairos_ws/install/robotnik_navigation_msgs/include/robotnik_navigation_msgs/robotnik_navigation_msgs/action/detail/move__builder.hpp
[1.368s] -- Up-to-date: /home/hima/bachelors/rbkairos_ws/install/robotnik_navigation_msgs/include/robotnik_navigation_msgs/robotnik_navigation_msgs/action/detail/move__type_support.hpp
[1.368s] -- Up-to-date: /home/hima/bachelors/rbkairos_ws/install/robotnik_navigation_msgs/include/robotnik_navigation_msgs/robotnik_navigation_msgs/action/detail/move__struct.hpp
[1.369s] -- Up-to-date: /home/hima/bachelors/rbkairos_ws/install/robotnik_navigation_msgs/include/robotnik_navigation_msgs/robotnik_navigation_msgs/action/detail/dock__builder.hpp
[1.369s] -- Up-to-date: /home/hima/bachelors/rbkairos_ws/install/robotnik_navigation_msgs/include/robotnik_navigation_msgs/robotnik_navigation_msgs/action/detail/dock__type_support.hpp
[1.369s] -- Up-to-date: /home/hima/bachelors/rbkairos_ws/install/robotnik_navigation_msgs/include/robotnik_navigation_msgs/robotnik_navigation_msgs/action/dock.hpp
[1.369s] -- Up-to-date: /home/hima/bachelors/rbkairos_ws/install/robotnik_navigation_msgs/include/robotnik_navigation_msgs/robotnik_navigation_msgs/msg
[1.369s] -- Up-to-date: /home/hima/bachelors/rbkairos_ws/install/robotnik_navigation_msgs/include/robotnik_navigation_msgs/robotnik_navigation_msgs/msg/rosidl_generator_cpp__visibility_control.hpp
[1.369s] -- Up-to-date: /home/hima/bachelors/rbkairos_ws/install/robotnik_navigation_msgs/include/robotnik_navigation_msgs/robotnik_navigation_msgs
[1.369s] -- Up-to-date: /home/hima/bachelors/rbkairos_ws/install/robotnik_navigation_msgs/include/robotnik_navigation_msgs/robotnik_navigation_msgs/action
[1.369s] -- Up-to-date: /home/hima/bachelors/rbkairos_ws/install/robotnik_navigation_msgs/include/robotnik_navigation_msgs/robotnik_navigation_msgs/action/detail
[1.369s] -- Up-to-date: /home/hima/bachelors/rbkairos_ws/install/robotnik_navigation_msgs/include/robotnik_navigation_msgs/robotnik_navigation_msgs/action/detail/dock__rosidl_typesupport_fastrtps_cpp.hpp
[1.369s] -- Up-to-date: /home/hima/bachelors/rbkairos_ws/install/robotnik_navigation_msgs/include/robotnik_navigation_msgs/robotnik_navigation_msgs/action/detail/dds_fastrtps
[1.369s] -- Up-to-date: /home/hima/bachelors/rbkairos_ws/install/robotnik_navigation_msgs/include/robotnik_navigation_msgs/robotnik_navigation_msgs/action/detail/move__rosidl_typesupport_fastrtps_cpp.hpp
[1.370s] -- Up-to-date: /home/hima/bachelors/rbkairos_ws/install/robotnik_navigation_msgs/include/robotnik_navigation_msgs/robotnik_navigation_msgs/msg
[1.370s] -- Up-to-date: /home/hima/bachelors/rbkairos_ws/install/robotnik_navigation_msgs/include/robotnik_navigation_msgs/robotnik_navigation_msgs/msg/rosidl_typesupport_fastrtps_cpp__visibility_control.h
[1.370s] -- Up-to-date: /home/hima/bachelors/rbkairos_ws/install/robotnik_navigation_msgs/lib/librobotnik_navigation_msgs__rosidl_typesupport_fastrtps_cpp.so
[1.370s] -- Up-to-date: /home/hima/bachelors/rbkairos_ws/install/robotnik_navigation_msgs/include/robotnik_navigation_msgs/robotnik_navigation_msgs
[1.370s] -- Up-to-date: /home/hima/bachelors/rbkairos_ws/install/robotnik_navigation_msgs/include/robotnik_navigation_msgs/robotnik_navigation_msgs/action
[1.370s] -- Up-to-date: /home/hima/bachelors/rbkairos_ws/install/robotnik_navigation_msgs/include/robotnik_navigation_msgs/robotnik_navigation_msgs/action/detail
[1.370s] -- Up-to-date: /home/hima/bachelors/rbkairos_ws/install/robotnik_navigation_msgs/include/robotnik_navigation_msgs/robotnik_navigation_msgs/action/detail/move__rosidl_typesupport_introspection_c.h
[1.370s] -- Up-to-date: /home/hima/bachelors/rbkairos_ws/install/robotnik_navigation_msgs/include/robotnik_navigation_msgs/robotnik_navigation_msgs/action/detail/move__type_support.c
[1.370s] -- Up-to-date: /home/hima/bachelors/rbkairos_ws/install/robotnik_navigation_msgs/include/robotnik_navigation_msgs/robotnik_navigation_msgs/action/detail/dock__rosidl_typesupport_introspection_c.h
[1.370s] -- Up-to-date: /home/hima/bachelors/rbkairos_ws/install/robotnik_navigation_msgs/include/robotnik_navigation_msgs/robotnik_navigation_msgs/action/detail/dock__type_support.c
[1.370s] -- Up-to-date: /home/hima/bachelors/rbkairos_ws/install/robotnik_navigation_msgs/include/robotnik_navigation_msgs/robotnik_navigation_msgs/msg
[1.370s] -- Up-to-date: /home/hima/bachelors/rbkairos_ws/install/robotnik_navigation_msgs/include/robotnik_navigation_msgs/robotnik_navigation_msgs/msg/rosidl_typesupport_introspection_c__visibility_control.h
[1.370s] -- Up-to-date: /home/hima/bachelors/rbkairos_ws/install/robotnik_navigation_msgs/lib/librobotnik_navigation_msgs__rosidl_typesupport_introspection_c.so
[1.370s] -- Up-to-date: /home/hima/bachelors/rbkairos_ws/install/robotnik_navigation_msgs/lib/librobotnik_navigation_msgs__rosidl_typesupport_c.so
[1.370s] -- Up-to-date: /home/hima/bachelors/rbkairos_ws/install/robotnik_navigation_msgs/include/robotnik_navigation_msgs/robotnik_navigation_msgs
[1.371s] -- Up-to-date: /home/hima/bachelors/rbkairos_ws/install/robotnik_navigation_msgs/include/robotnik_navigation_msgs/robotnik_navigation_msgs/action
[1.371s] -- Up-to-date: /home/hima/bachelors/rbkairos_ws/install/robotnik_navigation_msgs/include/robotnik_navigation_msgs/robotnik_navigation_msgs/action/detail
[1.371s] -- Up-to-date: /home/hima/bachelors/rbkairos_ws/install/robotnik_navigation_msgs/include/robotnik_navigation_msgs/robotnik_navigation_msgs/action/detail/dock__rosidl_typesupport_introspection_cpp.hpp
[1.371s] -- Up-to-date: /home/hima/bachelors/rbkairos_ws/install/robotnik_navigation_msgs/include/robotnik_navigation_msgs/robotnik_navigation_msgs/action/detail/dock__type_support.cpp
[1.371s] -- Up-to-date: /home/hima/bachelors/rbkairos_ws/install/robotnik_navigation_msgs/include/robotnik_navigation_msgs/robotnik_navigation_msgs/action/detail/move__type_support.cpp
[1.371s] -- Up-to-date: /home/hima/bachelors/rbkairos_ws/install/robotnik_navigation_msgs/include/robotnik_navigation_msgs/robotnik_navigation_msgs/action/detail/move__rosidl_typesupport_introspection_cpp.hpp
[1.371s] -- Up-to-date: /home/hima/bachelors/rbkairos_ws/install/robotnik_navigation_msgs/lib/librobotnik_navigation_msgs__rosidl_typesupport_introspection_cpp.so
[1.371s] -- Up-to-date: /home/hima/bachelors/rbkairos_ws/install/robotnik_navigation_msgs/lib/librobotnik_navigation_msgs__rosidl_typesupport_cpp.so
[1.371s] -- Up-to-date: /home/hima/bachelors/rbkairos_ws/install/robotnik_navigation_msgs/share/robotnik_navigation_msgs/environment/pythonpath.sh
[1.371s] -- Up-to-date: /home/hima/bachelors/rbkairos_ws/install/robotnik_navigation_msgs/share/robotnik_navigation_msgs/environment/pythonpath.dsv
[1.371s] -- Up-to-date: /home/hima/bachelors/rbkairos_ws/install/robotnik_navigation_msgs/local/lib/python3.10/dist-packages/robotnik_navigation_msgs-1.0.0-py3.10.egg-info
[1.371s] -- Installing: /home/hima/bachelors/rbkairos_ws/install/robotnik_navigation_msgs/local/lib/python3.10/dist-packages/robotnik_navigation_msgs-1.0.0-py3.10.egg-info/top_level.txt
[1.371s] -- Installing: /home/hima/bachelors/rbkairos_ws/install/robotnik_navigation_msgs/local/lib/python3.10/dist-packages/robotnik_navigation_msgs-1.0.0-py3.10.egg-info/PKG-INFO
[1.371s] -- Installing: /home/hima/bachelors/rbkairos_ws/install/robotnik_navigation_msgs/local/lib/python3.10/dist-packages/robotnik_navigation_msgs-1.0.0-py3.10.egg-info/SOURCES.txt
[1.371s] -- Installing: /home/hima/bachelors/rbkairos_ws/install/robotnik_navigation_msgs/local/lib/python3.10/dist-packages/robotnik_navigation_msgs-1.0.0-py3.10.egg-info/dependency_links.txt
[1.371s] -- Up-to-date: /home/hima/bachelors/rbkairos_ws/install/robotnik_navigation_msgs/local/lib/python3.10/dist-packages/robotnik_navigation_msgs
[1.371s] -- Up-to-date: /home/hima/bachelors/rbkairos_ws/install/robotnik_navigation_msgs/local/lib/python3.10/dist-packages/robotnik_navigation_msgs/_robotnik_navigation_msgs_s.ep.rosidl_typesupport_introspection_c.c
[1.372s] -- Up-to-date: /home/hima/bachelors/rbkairos_ws/install/robotnik_navigation_msgs/local/lib/python3.10/dist-packages/robotnik_navigation_msgs/_robotnik_navigation_msgs_s.ep.rosidl_typesupport_c.c
[1.372s] -- Up-to-date: /home/hima/bachelors/rbkairos_ws/install/robotnik_navigation_msgs/local/lib/python3.10/dist-packages/robotnik_navigation_msgs/robotnik_navigation_msgs_s__rosidl_typesupport_c.cpython-310-x86_64-linux-gnu.so
[1.372s] -- Up-to-date: /home/hima/bachelors/rbkairos_ws/install/robotnik_navigation_msgs/local/lib/python3.10/dist-packages/robotnik_navigation_msgs/librobotnik_navigation_msgs__rosidl_generator_py.so
[1.372s] -- Up-to-date: /home/hima/bachelors/rbkairos_ws/install/robotnik_navigation_msgs/local/lib/python3.10/dist-packages/robotnik_navigation_msgs/robotnik_navigation_msgs_s__rosidl_typesupport_fastrtps_c.cpython-310-x86_64-linux-gnu.so
[1.372s] -- Up-to-date: /home/hima/bachelors/rbkairos_ws/install/robotnik_navigation_msgs/local/lib/python3.10/dist-packages/robotnik_navigation_msgs/action
[1.372s] -- Up-to-date: /home/hima/bachelors/rbkairos_ws/install/robotnik_navigation_msgs/local/lib/python3.10/dist-packages/robotnik_navigation_msgs/action/_move_s.c
[1.372s] -- Up-to-date: /home/hima/bachelors/rbkairos_ws/install/robotnik_navigation_msgs/local/lib/python3.10/dist-packages/robotnik_navigation_msgs/action/_dock.py
[1.372s] -- Up-to-date: /home/hima/bachelors/rbkairos_ws/install/robotnik_navigation_msgs/local/lib/python3.10/dist-packages/robotnik_navigation_msgs/action/__init__.py
[1.372s] -- Up-to-date: /home/hima/bachelors/rbkairos_ws/install/robotnik_navigation_msgs/local/lib/python3.10/dist-packages/robotnik_navigation_msgs/action/_move.py
[1.372s] -- Up-to-date: /home/hima/bachelors/rbkairos_ws/install/robotnik_navigation_msgs/local/lib/python3.10/dist-packages/robotnik_navigation_msgs/action/_dock_s.c
[1.372s] -- Up-to-date: /home/hima/bachelors/rbkairos_ws/install/robotnik_navigation_msgs/local/lib/python3.10/dist-packages/robotnik_navigation_msgs/robotnik_navigation_msgs_s__rosidl_typesupport_introspection_c.cpython-310-x86_64-linux-gnu.so
[1.372s] -- Up-to-date: /home/hima/bachelors/rbkairos_ws/install/robotnik_navigation_msgs/local/lib/python3.10/dist-packages/robotnik_navigation_msgs/__init__.py
[1.372s] -- Up-to-date: /home/hima/bachelors/rbkairos_ws/install/robotnik_navigation_msgs/local/lib/python3.10/dist-packages/robotnik_navigation_msgs/_robotnik_navigation_msgs_s.ep.rosidl_typesupport_fastrtps_c.c
[1.421s] Listing '/home/hima/bachelors/rbkairos_ws/install/robotnik_navigation_msgs/local/lib/python3.10/dist-packages/robotnik_navigation_msgs'...
[1.421s] Listing '/home/hima/bachelors/rbkairos_ws/install/robotnik_navigation_msgs/local/lib/python3.10/dist-packages/robotnik_navigation_msgs/action'...
[1.433s] -- Up-to-date: /home/hima/bachelors/rbkairos_ws/install/robotnik_navigation_msgs/local/lib/python3.10/dist-packages/robotnik_navigation_msgs/robotnik_navigation_msgs_s__rosidl_typesupport_fastrtps_c.cpython-310-x86_64-linux-gnu.so
[1.433s] -- Up-to-date: /home/hima/bachelors/rbkairos_ws/install/robotnik_navigation_msgs/local/lib/python3.10/dist-packages/robotnik_navigation_msgs/robotnik_navigation_msgs_s__rosidl_typesupport_introspection_c.cpython-310-x86_64-linux-gnu.so
[1.434s] -- Up-to-date: /home/hima/bachelors/rbkairos_ws/install/robotnik_navigation_msgs/local/lib/python3.10/dist-packages/robotnik_navigation_msgs/robotnik_navigation_msgs_s__rosidl_typesupport_c.cpython-310-x86_64-linux-gnu.so
[1.435s] -- Up-to-date: /home/hima/bachelors/rbkairos_ws/install/robotnik_navigation_msgs/lib/librobotnik_navigation_msgs__rosidl_generator_py.so
[1.435s] -- Up-to-date: /home/hima/bachelors/rbkairos_ws/install/robotnik_navigation_msgs/share/robotnik_navigation_msgs/action/Dock.idl
[1.435s] -- Up-to-date: /home/hima/bachelors/rbkairos_ws/install/robotnik_navigation_msgs/share/robotnik_navigation_msgs/action/Move.idl
[1.435s] -- Up-to-date: /home/hima/bachelors/rbkairos_ws/install/robotnik_navigation_msgs/share/robotnik_navigation_msgs/action/Dock.action
[1.435s] -- Up-to-date: /home/hima/bachelors/rbkairos_ws/install/robotnik_navigation_msgs/share/robotnik_navigation_msgs/action/Move.action
[1.435s] -- Up-to-date: /home/hima/bachelors/rbkairos_ws/install/robotnik_navigation_msgs/share/ament_index/resource_index/package_run_dependencies/robotnik_navigation_msgs
[1.435s] -- Up-to-date: /home/hima/bachelors/rbkairos_ws/install/robotnik_navigation_msgs/share/ament_index/resource_index/parent_prefix_path/robotnik_navigation_msgs
[1.436s] -- Up-to-date: /home/hima/bachelors/rbkairos_ws/install/robotnik_navigation_msgs/share/robotnik_navigation_msgs/environment/ament_prefix_path.sh
[1.436s] -- Up-to-date: /home/hima/bachelors/rbkairos_ws/install/robotnik_navigation_msgs/share/robotnik_navigation_msgs/environment/ament_prefix_path.dsv
[1.436s] -- Up-to-date: /home/hima/bachelors/rbkairos_ws/install/robotnik_navigation_msgs/share/robotnik_navigation_msgs/environment/path.sh
[1.437s] -- Up-to-date: /home/hima/bachelors/rbkairos_ws/install/robotnik_navigation_msgs/share/robotnik_navigation_msgs/environment/path.dsv
[1.437s] -- Up-to-date: /home/hima/bachelors/rbkairos_ws/install/robotnik_navigation_msgs/share/robotnik_navigation_msgs/local_setup.bash
[1.437s] -- Up-to-date: /home/hima/bachelors/rbkairos_ws/install/robotnik_navigation_msgs/share/robotnik_navigation_msgs/local_setup.sh
[1.437s] -- Up-to-date: /home/hima/bachelors/rbkairos_ws/install/robotnik_navigation_msgs/share/robotnik_navigation_msgs/local_setup.zsh
[1.437s] -- Up-to-date: /home/hima/bachelors/rbkairos_ws/install/robotnik_navigation_msgs/share/robotnik_navigation_msgs/local_setup.dsv
[1.437s] -- Installing: /home/hima/bachelors/rbkairos_ws/install/robotnik_navigation_msgs/share/robotnik_navigation_msgs/package.dsv
[1.437s] -- Up-to-date: /home/hima/bachelors/rbkairos_ws/install/robotnik_navigation_msgs/share/ament_index/resource_index/packages/robotnik_navigation_msgs
[1.437s] -- Up-to-date: /home/hima/bachelors/rbkairos_ws/install/robotnik_navigation_msgs/share/robotnik_navigation_msgs/cmake/export_robotnik_navigation_msgs__rosidl_generator_cExport.cmake
[1.437s] -- Up-to-date: /home/hima/bachelors/rbkairos_ws/install/robotnik_navigation_msgs/share/robotnik_navigation_msgs/cmake/export_robotnik_navigation_msgs__rosidl_generator_cExport-noconfig.cmake
[1.437s] -- Up-to-date: /home/hima/bachelors/rbkairos_ws/install/robotnik_navigation_msgs/share/robotnik_navigation_msgs/cmake/export_robotnik_navigation_msgs__rosidl_typesupport_fastrtps_cExport.cmake
[1.437s] -- Up-to-date: /home/hima/bachelors/rbkairos_ws/install/robotnik_navigation_msgs/share/robotnik_navigation_msgs/cmake/export_robotnik_navigation_msgs__rosidl_typesupport_fastrtps_cExport-noconfig.cmake
[1.437s] -- Up-to-date: /home/hima/bachelors/rbkairos_ws/install/robotnik_navigation_msgs/share/robotnik_navigation_msgs/cmake/export_robotnik_navigation_msgs__rosidl_generator_cppExport.cmake
[1.437s] -- Up-to-date: /home/hima/bachelors/rbkairos_ws/install/robotnik_navigation_msgs/share/robotnik_navigation_msgs/cmake/export_robotnik_navigation_msgs__rosidl_typesupport_fastrtps_cppExport.cmake
[1.438s] -- Up-to-date: /home/hima/bachelors/rbkairos_ws/install/robotnik_navigation_msgs/share/robotnik_navigation_msgs/cmake/export_robotnik_navigation_msgs__rosidl_typesupport_fastrtps_cppExport-noconfig.cmake
[1.438s] -- Up-to-date: /home/hima/bachelors/rbkairos_ws/install/robotnik_navigation_msgs/share/robotnik_navigation_msgs/cmake/robotnik_navigation_msgs__rosidl_typesupport_introspection_cExport.cmake
[1.438s] -- Up-to-date: /home/hima/bachelors/rbkairos_ws/install/robotnik_navigation_msgs/share/robotnik_navigation_msgs/cmake/robotnik_navigation_msgs__rosidl_typesupport_introspection_cExport-noconfig.cmake
[1.438s] -- Up-to-date: /home/hima/bachelors/rbkairos_ws/install/robotnik_navigation_msgs/share/robotnik_navigation_msgs/cmake/robotnik_navigation_msgs__rosidl_typesupport_cExport.cmake
[1.438s] -- Up-to-date: /home/hima/bachelors/rbkairos_ws/install/robotnik_navigation_msgs/share/robotnik_navigation_msgs/cmake/robotnik_navigation_msgs__rosidl_typesupport_cExport-noconfig.cmake
[1.438s] -- Up-to-date: /home/hima/bachelors/rbkairos_ws/install/robotnik_navigation_msgs/share/robotnik_navigation_msgs/cmake/robotnik_navigation_msgs__rosidl_typesupport_introspection_cppExport.cmake
[1.438s] -- Up-to-date: /home/hima/bachelors/rbkairos_ws/install/robotnik_navigation_msgs/share/robotnik_navigation_msgs/cmake/robotnik_navigation_msgs__rosidl_typesupport_introspection_cppExport-noconfig.cmake
[1.438s] -- Up-to-date: /home/hima/bachelors/rbkairos_ws/install/robotnik_navigation_msgs/share/robotnik_navigation_msgs/cmake/robotnik_navigation_msgs__rosidl_typesupport_cppExport.cmake
[1.438s] -- Up-to-date: /home/hima/bachelors/rbkairos_ws/install/robotnik_navigation_msgs/share/robotnik_navigation_msgs/cmake/robotnik_navigation_msgs__rosidl_typesupport_cppExport-noconfig.cmake
[1.438s] -- Up-to-date: /home/hima/bachelors/rbkairos_ws/install/robotnik_navigation_msgs/share/robotnik_navigation_msgs/cmake/export_robotnik_navigation_msgs__rosidl_generator_pyExport.cmake
[1.438s] -- Up-to-date: /home/hima/bachelors/rbkairos_ws/install/robotnik_navigation_msgs/share/robotnik_navigation_msgs/cmake/export_robotnik_navigation_msgs__rosidl_generator_pyExport-noconfig.cmake
[1.438s] -- Up-to-date: /home/hima/bachelors/rbkairos_ws/install/robotnik_navigation_msgs/share/robotnik_navigation_msgs/cmake/rosidl_cmake-extras.cmake
[1.438s] -- Up-to-date: /home/hima/bachelors/rbkairos_ws/install/robotnik_navigation_msgs/share/robotnik_navigation_msgs/cmake/ament_cmake_export_dependencies-extras.cmake
[1.439s] -- Up-to-date: /home/hima/bachelors/rbkairos_ws/install/robotnik_navigation_msgs/share/robotnik_navigation_msgs/cmake/ament_cmake_export_include_directories-extras.cmake
[1.440s] -- Up-to-date: /home/hima/bachelors/rbkairos_ws/install/robotnik_navigation_msgs/share/robotnik_navigation_msgs/cmake/ament_cmake_export_libraries-extras.cmake
[1.442s] -- Up-to-date: /home/hima/bachelors/rbkairos_ws/install/robotnik_navigation_msgs/share/robotnik_navigation_msgs/cmake/ament_cmake_export_targets-extras.cmake
[1.442s] -- Up-to-date: /home/hima/bachelors/rbkairos_ws/install/robotnik_navigation_msgs/share/robotnik_navigation_msgs/cmake/rosidl_cmake_export_typesupport_targets-extras.cmake
[1.443s] -- Up-to-date: /home/hima/bachelors/rbkairos_ws/install/robotnik_navigation_msgs/share/robotnik_navigation_msgs/cmake/rosidl_cmake_export_typesupport_libraries-extras.cmake
[1.443s] -- Up-to-date: /home/hima/bachelors/rbkairos_ws/install/robotnik_navigation_msgs/share/robotnik_navigation_msgs/cmake/robotnik_navigation_msgsConfig.cmake
[1.443s] -- Up-to-date: /home/hima/bachelors/rbkairos_ws/install/robotnik_navigation_msgs/share/robotnik_navigation_msgs/cmake/robotnik_navigation_msgsConfig-version.cmake
[1.443s] -- Up-to-date: /home/hima/bachelors/rbkairos_ws/install/robotnik_navigation_msgs/share/robotnik_navigation_msgs/package.xml
[1.443s] Invoked command in '/home/hima/bachelors/rbkairos_ws/build/robotnik_navigation_msgs' returned '0': CMAKE_PREFIX_PATH=/home/hima/bachelors/rbkairos_ws/install/robotnik_common_msgs:/home/hima/bachelors/rbkairos_ws/install/ros2_laser_scan_merger:/home/hima/bachelors/rbkairos_ws/install/ros2_laser_scan_matcher:/home/hima/bachelors/rbkairos_ws/install/robotnik_supervisor_msgs:/home/hima/bachelors/rbkairos_ws/install/robotnik_gazebo_ignition:/home/hima/bachelors/rbkairos_ws/install/robotnik_gazebo_classic:/home/hima/bachelors/rbkairos_ws/install/mapping:/home/hima/bachelors/rbkairos_ws/install/robotnik_description:/home/hima/bachelors/rbkairos_ws/install/robotnik_sensors:/home/hima/bachelors/rbkairos_ws/install/robotnik_interfaces:/home/hima/bachelors/rbkairos_ws/install/robotnik_safety_msgs:/home/hima/bachelors/rbkairos_ws/install/robotnik_perception_msgs:/home/hima/bachelors/rbkairos_ws/install/robotnik_navigation_msgs:/home/hima/bachelors/rbkairos_ws/install/robotnik_io_msgs:/home/hima/bachelors/rbkairos_ws/install/robotnik_controllers_msgs:/home/hima/bachelors/rbkairos_ws/install/robotnik_common:/home/hima/bachelors/rbkairos_ws/install/robotnik_battery_msgs:/home/hima/bachelors/rbkairos_ws/install/csm:/opt/ros/humble LD_LIBRARY_PATH=/home/hima/bachelors/rbkairos_ws/install/robotnik_common_msgs/lib:/home/hima/bachelors/rbkairos_ws/install/robotnik_supervisor_msgs/lib:/home/hima/bachelors/rbkairos_ws/install/robotnik_perception_msgs/lib:/home/hima/bachelors/rbkairos_ws/install/robotnik_navigation_msgs/lib:/home/hima/bachelors/rbkairos_ws/install/robotnik_io_msgs/lib:/home/hima/bachelors/rbkairos_ws/install/robotnik_controllers_msgs/lib:/home/hima/bachelors/rbkairos_ws/install/robotnik_battery_msgs/lib:/home/hima/bachelors/rbkairos_ws/install/csm/lib:/usr/lib/x86_64-linux-gnu/gazebo-11/plugins:/opt/ros/humble/opt/rviz_ogre_vendor/lib:/opt/ros/humble/lib/x86_64-linux-gnu:/opt/ros/humble/lib /usr/bin/cmake --install /home/hima/bachelors/rbkairos_ws/build/robotnik_navigation_msgs
