[0.045s] Invoking command in '/home/hima/bachelors/rbkairos_ws/build/robotnik_safety_msgs': CMAKE_PREFIX_PATH=${CMAKE_PREFIX_PATH}:/opt/ros/humble /usr/bin/cmake --build /home/hima/bachelors/rbkairos_ws/build/robotnik_safety_msgs -- -j16 -l16
[0.111s] Invoked command in '/home/hima/bachelors/rbkairos_ws/build/robotnik_safety_msgs' returned '0': CMAKE_PREFIX_PATH=${CMAKE_PREFIX_PATH}:/opt/ros/humble /usr/bin/cmake --build /home/hima/bachelors/rbkairos_ws/build/robotnik_safety_msgs -- -j16 -l16
[0.112s] Invoking command in '/home/hima/bachelors/rbkairos_ws/build/robotnik_safety_msgs': CMAKE_PREFIX_PATH=${CMAKE_PREFIX_PATH}:/opt/ros/humble /usr/bin/cmake --install /home/hima/bachelors/rbkairos_ws/build/robotnik_safety_msgs
[0.129s] -- Install configuration: ""
[0.129s] -- Up-to-date: /home/hima/bachelors/rbkairos_ws/install/robotnik_safety_msgs/share/ament_index/resource_index/package_run_dependencies/robotnik_safety_msgs
[0.129s] -- Up-to-date: /home/hima/bachelors/rbkairos_ws/install/robotnik_safety_msgs/share/ament_index/resource_index/parent_prefix_path/robotnik_safety_msgs
[0.129s] -- Up-to-date: /home/hima/bachelors/rbkairos_ws/install/robotnik_safety_msgs/share/robotnik_safety_msgs/environment/ament_prefix_path.sh
[0.133s] -- Up-to-date: /home/hima/bachelors/rbkairos_ws/install/robotnik_safety_msgs/share/robotnik_safety_msgs/environment/ament_prefix_path.dsv
[0.133s] -- Up-to-date: /home/hima/bachelors/rbkairos_ws/install/robotnik_safety_msgs/share/robotnik_safety_msgs/environment/path.sh
[0.136s] -- Up-to-date: /home/hima/bachelors/rbkairos_ws/install/robotnik_safety_msgs/share/robotnik_safety_msgs/environment/path.dsv
[0.136s] -- Up-to-date: /home/hima/bachelors/rbkairos_ws/install/robotnik_safety_msgs/share/robotnik_safety_msgs/local_setup.bash
[0.137s] -- Up-to-date: /home/hima/bachelors/rbkairos_ws/install/robotnik_safety_msgs/share/robotnik_safety_msgs/local_setup.sh
[0.137s] -- Up-to-date: /home/hima/bachelors/rbkairos_ws/install/robotnik_safety_msgs/share/robotnik_safety_msgs/local_setup.zsh
[0.138s] -- Up-to-date: /home/hima/bachelors/rbkairos_ws/install/robotnik_safety_msgs/share/robotnik_safety_msgs/local_setup.dsv
[0.138s] -- Installing: /home/hima/bachelors/rbkairos_ws/install/robotnik_safety_msgs/share/robotnik_safety_msgs/package.dsv
[0.138s] -- Up-to-date: /home/hima/bachelors/rbkairos_ws/install/robotnik_safety_msgs/share/ament_index/resource_index/packages/robotnik_safety_msgs
[0.138s] -- Up-to-date: /home/hima/bachelors/rbkairos_ws/install/robotnik_safety_msgs/share/robotnik_safety_msgs/cmake/ament_cmake_export_dependencies-extras.cmake
[0.138s] -- Up-to-date: /home/hima/bachelors/rbkairos_ws/install/robotnik_safety_msgs/share/robotnik_safety_msgs/cmake/robotnik_safety_msgsConfig.cmake
[0.139s] -- Up-to-date: /home/hima/bachelors/rbkairos_ws/install/robotnik_safety_msgs/share/robotnik_safety_msgs/cmake/robotnik_safety_msgsConfig-version.cmake
[0.140s] -- Up-to-date: /home/hima/bachelors/rbkairos_ws/install/robotnik_safety_msgs/share/robotnik_safety_msgs/package.xml
[0.199s] Invoked command in '/home/hima/bachelors/rbkairos_ws/build/robotnik_safety_msgs' returned '0': CMAKE_PREFIX_PATH=${CMAKE_PREFIX_PATH}:/opt/ros/humble /usr/bin/cmake --install /home/hima/bachelors/rbkairos_ws/build/robotnik_safety_msgs
