[0.030s] Invoking command in '/home/hima/bachelors/rbkairos_ws/build/robotnik_controllers_msgs': AMENT_PREFIX_PATH=/home/hima/bachelors/rbkairos_ws/install/robotnik_common_msgs:${AMENT_PREFIX_PATH} CMAKE_PREFIX_PATH=/home/hima/bachelors/rbkairos_ws/install/robotnik_common_msgs:/opt/ros/humble LD_LIBRARY_PATH=/home/hima/bachelors/rbkairos_ws/install/robotnik_common_msgs/lib:${LD_LIBRARY_PATH} PYTHONPATH=/home/hima/bachelors/rbkairos_ws/install/robotnik_common_msgs/local/lib/python3.10/dist-packages:${PYTHONPATH} /usr/bin/cmake --build /home/hima/bachelors/rbkairos_ws/build/robotnik_controllers_msgs -- -j16 -l16
[0.094s] [  1%] Built target robotnik_controllers_msgs__cpp
[0.104s] [ 12%] Built target robotnik_controllers_msgs__rosidl_generator_c
[0.116s] [ 12%] Built target ament_cmake_python_copy_robotnik_controllers_msgs
[0.142s] [ 23%] Built target robotnik_controllers_msgs__rosidl_typesupport_cpp
[0.142s] [ 34%] Built target robotnik_controllers_msgs__rosidl_typesupport_fastrtps_cpp
[0.147s] [ 45%] Built target robotnik_controllers_msgs__rosidl_typesupport_introspection_cpp
[0.156s] [ 56%] Built target robotnik_controllers_msgs__rosidl_typesupport_introspection_c
[0.166s] [ 67%] Built target robotnik_controllers_msgs__rosidl_typesupport_fastrtps_c
[0.171s] [ 78%] Built target robotnik_controllers_msgs__rosidl_typesupport_c
[0.202s] [ 78%] Built target robotnik_controllers_msgs
[0.230s] [ 80%] Built target robotnik_controllers_msgs__py
[0.258s] [ 89%] Built target robotnik_controllers_msgs__rosidl_generator_py
[0.284s] [ 92%] Built target robotnik_controllers_msgs__rosidl_typesupport_fastrtps_c__pyext
[0.294s] [ 96%] Built target robotnik_controllers_msgs__rosidl_typesupport_introspection_c__pyext
[0.296s] [100%] Built target robotnik_controllers_msgs__rosidl_typesupport_c__pyext
[0.483s] running egg_info
[0.493s] writing robotnik_controllers_msgs.egg-info/PKG-INFO
[0.493s] writing dependency_links to robotnik_controllers_msgs.egg-info/dependency_links.txt
[0.493s] writing top-level names to robotnik_controllers_msgs.egg-info/top_level.txt
[0.501s] reading manifest file 'robotnik_controllers_msgs.egg-info/SOURCES.txt'
[0.507s] writing manifest file 'robotnik_controllers_msgs.egg-info/SOURCES.txt'
[0.530s] [100%] Built target ament_cmake_python_build_robotnik_controllers_msgs_egg
[0.541s] Invoked command in '/home/hima/bachelors/rbkairos_ws/build/robotnik_controllers_msgs' returned '0': AMENT_PREFIX_PATH=/home/hima/bachelors/rbkairos_ws/install/robotnik_common_msgs:${AMENT_PREFIX_PATH} CMAKE_PREFIX_PATH=/home/hima/bachelors/rbkairos_ws/install/robotnik_common_msgs:/opt/ros/humble LD_LIBRARY_PATH=/home/hima/bachelors/rbkairos_ws/install/robotnik_common_msgs/lib:${LD_LIBRARY_PATH} PYTHONPATH=/home/hima/bachelors/rbkairos_ws/install/robotnik_common_msgs/local/lib/python3.10/dist-packages:${PYTHONPATH} /usr/bin/cmake --build /home/hima/bachelors/rbkairos_ws/build/robotnik_controllers_msgs -- -j16 -l16
[0.545s] Invoking command in '/home/hima/bachelors/rbkairos_ws/build/robotnik_controllers_msgs': AMENT_PREFIX_PATH=/home/hima/bachelors/rbkairos_ws/install/robotnik_common_msgs:${AMENT_PREFIX_PATH} CMAKE_PREFIX_PATH=/home/hima/bachelors/rbkairos_ws/install/robotnik_common_msgs:/opt/ros/humble LD_LIBRARY_PATH=/home/hima/bachelors/rbkairos_ws/install/robotnik_common_msgs/lib:${LD_LIBRARY_PATH} PYTHONPATH=/home/hima/bachelors/rbkairos_ws/install/robotnik_common_msgs/local/lib/python3.10/dist-packages:${PYTHONPATH} /usr/bin/cmake --install /home/hima/bachelors/rbkairos_ws/build/robotnik_controllers_msgs
[0.552s] -- Install configuration: ""
[0.552s] -- Up-to-date: /home/hima/bachelors/rbkairos_ws/install/robotnik_controllers_msgs/share/ament_index/resource_index/rosidl_interfaces/robotnik_controllers_msgs
[0.552s] -- Up-to-date: /home/hima/bachelors/rbkairos_ws/install/robotnik_controllers_msgs/include/robotnik_controllers_msgs/robotnik_controllers_msgs
[0.552s] -- Up-to-date: /home/hima/bachelors/rbkairos_ws/install/robotnik_controllers_msgs/include/robotnik_controllers_msgs/robotnik_controllers_msgs/srv
[0.552s] -- Up-to-date: /home/hima/bachelors/rbkairos_ws/install/robotnik_controllers_msgs/include/robotnik_controllers_msgs/robotnik_controllers_msgs/srv/set_odometry.h
[0.553s] -- Up-to-date: /home/hima/bachelors/rbkairos_ws/install/robotnik_controllers_msgs/include/robotnik_controllers_msgs/robotnik_controllers_msgs/srv/available_kinematics.h
[0.553s] -- Up-to-date: /home/hima/bachelors/rbkairos_ws/install/robotnik_controllers_msgs/include/robotnik_controllers_msgs/robotnik_controllers_msgs/srv/change_kinematics.h
[0.553s] -- Up-to-date: /home/hima/bachelors/rbkairos_ws/install/robotnik_controllers_msgs/include/robotnik_controllers_msgs/robotnik_controllers_msgs/srv/detail
[0.553s] -- Up-to-date: /home/hima/bachelors/rbkairos_ws/install/robotnik_controllers_msgs/include/robotnik_controllers_msgs/robotnik_controllers_msgs/srv/detail/set_odometry__type_support.h
[0.553s] -- Up-to-date: /home/hima/bachelors/rbkairos_ws/install/robotnik_controllers_msgs/include/robotnik_controllers_msgs/robotnik_controllers_msgs/srv/detail/available_kinematics__type_support.h
[0.554s] -- Up-to-date: /home/hima/bachelors/rbkairos_ws/install/robotnik_controllers_msgs/include/robotnik_controllers_msgs/robotnik_controllers_msgs/srv/detail/set_odometry__struct.h
[0.554s] -- Up-to-date: /home/hima/bachelors/rbkairos_ws/install/robotnik_controllers_msgs/include/robotnik_controllers_msgs/robotnik_controllers_msgs/srv/detail/available_kinematics__functions.c
[0.554s] -- Up-to-date: /home/hima/bachelors/rbkairos_ws/install/robotnik_controllers_msgs/include/robotnik_controllers_msgs/robotnik_controllers_msgs/srv/detail/change_kinematics__functions.h
[0.555s] -- Up-to-date: /home/hima/bachelors/rbkairos_ws/install/robotnik_controllers_msgs/include/robotnik_controllers_msgs/robotnik_controllers_msgs/srv/detail/set_odometry__functions.h
[0.555s] -- Up-to-date: /home/hima/bachelors/rbkairos_ws/install/robotnik_controllers_msgs/include/robotnik_controllers_msgs/robotnik_controllers_msgs/srv/detail/available_kinematics__functions.h
[0.555s] -- Up-to-date: /home/hima/bachelors/rbkairos_ws/install/robotnik_controllers_msgs/include/robotnik_controllers_msgs/robotnik_controllers_msgs/srv/detail/change_kinematics__struct.h
[0.555s] -- Up-to-date: /home/hima/bachelors/rbkairos_ws/install/robotnik_controllers_msgs/include/robotnik_controllers_msgs/robotnik_controllers_msgs/srv/detail/set_odometry__functions.c
[0.555s] -- Up-to-date: /home/hima/bachelors/rbkairos_ws/install/robotnik_controllers_msgs/include/robotnik_controllers_msgs/robotnik_controllers_msgs/srv/detail/available_kinematics__struct.h
[0.555s] -- Up-to-date: /home/hima/bachelors/rbkairos_ws/install/robotnik_controllers_msgs/include/robotnik_controllers_msgs/robotnik_controllers_msgs/srv/detail/change_kinematics__functions.c
[0.555s] -- Up-to-date: /home/hima/bachelors/rbkairos_ws/install/robotnik_controllers_msgs/include/robotnik_controllers_msgs/robotnik_controllers_msgs/srv/detail/change_kinematics__type_support.h
[0.555s] -- Up-to-date: /home/hima/bachelors/rbkairos_ws/install/robotnik_controllers_msgs/include/robotnik_controllers_msgs/robotnik_controllers_msgs/msg
[0.555s] -- Up-to-date: /home/hima/bachelors/rbkairos_ws/install/robotnik_controllers_msgs/include/robotnik_controllers_msgs/robotnik_controllers_msgs/msg/controller_state.h
[0.555s] -- Up-to-date: /home/hima/bachelors/rbkairos_ws/install/robotnik_controllers_msgs/include/robotnik_controllers_msgs/robotnik_controllers_msgs/msg/detail
[0.555s] -- Up-to-date: /home/hima/bachelors/rbkairos_ws/install/robotnik_controllers_msgs/include/robotnik_controllers_msgs/robotnik_controllers_msgs/msg/detail/controller_state__functions.h
[0.555s] -- Up-to-date: /home/hima/bachelors/rbkairos_ws/install/robotnik_controllers_msgs/include/robotnik_controllers_msgs/robotnik_controllers_msgs/msg/detail/controller_state__functions.c
[0.555s] -- Up-to-date: /home/hima/bachelors/rbkairos_ws/install/robotnik_controllers_msgs/include/robotnik_controllers_msgs/robotnik_controllers_msgs/msg/detail/controller_state__struct.h
[0.555s] -- Up-to-date: /home/hima/bachelors/rbkairos_ws/install/robotnik_controllers_msgs/include/robotnik_controllers_msgs/robotnik_controllers_msgs/msg/detail/controller_state__type_support.h
[0.556s] -- Up-to-date: /home/hima/bachelors/rbkairos_ws/install/robotnik_controllers_msgs/include/robotnik_controllers_msgs/robotnik_controllers_msgs/msg/rosidl_generator_c__visibility_control.h
[0.556s] -- Up-to-date: /home/hima/bachelors/rbkairos_ws/install/robotnik_controllers_msgs/share/robotnik_controllers_msgs/environment/library_path.sh
[0.556s] -- Up-to-date: /home/hima/bachelors/rbkairos_ws/install/robotnik_controllers_msgs/share/robotnik_controllers_msgs/environment/library_path.dsv
[0.556s] -- Up-to-date: /home/hima/bachelors/rbkairos_ws/install/robotnik_controllers_msgs/lib/librobotnik_controllers_msgs__rosidl_generator_c.so
[0.556s] -- Up-to-date: /home/hima/bachelors/rbkairos_ws/install/robotnik_controllers_msgs/include/robotnik_controllers_msgs/robotnik_controllers_msgs
[0.556s] -- Up-to-date: /home/hima/bachelors/rbkairos_ws/install/robotnik_controllers_msgs/include/robotnik_controllers_msgs/robotnik_controllers_msgs/srv
[0.556s] -- Up-to-date: /home/hima/bachelors/rbkairos_ws/install/robotnik_controllers_msgs/include/robotnik_controllers_msgs/robotnik_controllers_msgs/srv/detail
[0.556s] -- Up-to-date: /home/hima/bachelors/rbkairos_ws/install/robotnik_controllers_msgs/include/robotnik_controllers_msgs/robotnik_controllers_msgs/srv/detail/change_kinematics__rosidl_typesupport_fastrtps_c.h
[0.556s] -- Up-to-date: /home/hima/bachelors/rbkairos_ws/install/robotnik_controllers_msgs/include/robotnik_controllers_msgs/robotnik_controllers_msgs/srv/detail/available_kinematics__rosidl_typesupport_fastrtps_c.h
[0.556s] -- Up-to-date: /home/hima/bachelors/rbkairos_ws/install/robotnik_controllers_msgs/include/robotnik_controllers_msgs/robotnik_controllers_msgs/srv/detail/set_odometry__rosidl_typesupport_fastrtps_c.h
[0.556s] -- Up-to-date: /home/hima/bachelors/rbkairos_ws/install/robotnik_controllers_msgs/include/robotnik_controllers_msgs/robotnik_controllers_msgs/msg
[0.556s] -- Up-to-date: /home/hima/bachelors/rbkairos_ws/install/robotnik_controllers_msgs/include/robotnik_controllers_msgs/robotnik_controllers_msgs/msg/rosidl_typesupport_fastrtps_c__visibility_control.h
[0.556s] -- Up-to-date: /home/hima/bachelors/rbkairos_ws/install/robotnik_controllers_msgs/include/robotnik_controllers_msgs/robotnik_controllers_msgs/msg/detail
[0.556s] -- Up-to-date: /home/hima/bachelors/rbkairos_ws/install/robotnik_controllers_msgs/include/robotnik_controllers_msgs/robotnik_controllers_msgs/msg/detail/controller_state__rosidl_typesupport_fastrtps_c.h
[0.556s] -- Up-to-date: /home/hima/bachelors/rbkairos_ws/install/robotnik_controllers_msgs/lib/librobotnik_controllers_msgs__rosidl_typesupport_fastrtps_c.so
[0.556s] -- Up-to-date: /home/hima/bachelors/rbkairos_ws/install/robotnik_controllers_msgs/include/robotnik_controllers_msgs/robotnik_controllers_msgs
[0.556s] -- Up-to-date: /home/hima/bachelors/rbkairos_ws/install/robotnik_controllers_msgs/include/robotnik_controllers_msgs/robotnik_controllers_msgs/srv
[0.556s] -- Up-to-date: /home/hima/bachelors/rbkairos_ws/install/robotnik_controllers_msgs/include/robotnik_controllers_msgs/robotnik_controllers_msgs/srv/available_kinematics.hpp
[0.556s] -- Up-to-date: /home/hima/bachelors/rbkairos_ws/install/robotnik_controllers_msgs/include/robotnik_controllers_msgs/robotnik_controllers_msgs/srv/change_kinematics.hpp
[0.556s] -- Up-to-date: /home/hima/bachelors/rbkairos_ws/install/robotnik_controllers_msgs/include/robotnik_controllers_msgs/robotnik_controllers_msgs/srv/detail
[0.556s] -- Up-to-date: /home/hima/bachelors/rbkairos_ws/install/robotnik_controllers_msgs/include/robotnik_controllers_msgs/robotnik_controllers_msgs/srv/detail/set_odometry__type_support.hpp
[0.556s] -- Up-to-date: /home/hima/bachelors/rbkairos_ws/install/robotnik_controllers_msgs/include/robotnik_controllers_msgs/robotnik_controllers_msgs/srv/detail/change_kinematics__traits.hpp
[0.556s] -- Up-to-date: /home/hima/bachelors/rbkairos_ws/install/robotnik_controllers_msgs/include/robotnik_controllers_msgs/robotnik_controllers_msgs/srv/detail/available_kinematics__traits.hpp
[0.556s] -- Up-to-date: /home/hima/bachelors/rbkairos_ws/install/robotnik_controllers_msgs/include/robotnik_controllers_msgs/robotnik_controllers_msgs/srv/detail/set_odometry__traits.hpp
[0.556s] -- Up-to-date: /home/hima/bachelors/rbkairos_ws/install/robotnik_controllers_msgs/include/robotnik_controllers_msgs/robotnik_controllers_msgs/srv/detail/available_kinematics__type_support.hpp
[0.556s] -- Up-to-date: /home/hima/bachelors/rbkairos_ws/install/robotnik_controllers_msgs/include/robotnik_controllers_msgs/robotnik_controllers_msgs/srv/detail/change_kinematics__type_support.hpp
[0.557s] -- Up-to-date: /home/hima/bachelors/rbkairos_ws/install/robotnik_controllers_msgs/include/robotnik_controllers_msgs/robotnik_controllers_msgs/srv/detail/change_kinematics__struct.hpp
[0.557s] -- Up-to-date: /home/hima/bachelors/rbkairos_ws/install/robotnik_controllers_msgs/include/robotnik_controllers_msgs/robotnik_controllers_msgs/srv/detail/available_kinematics__builder.hpp
[0.557s] -- Up-to-date: /home/hima/bachelors/rbkairos_ws/install/robotnik_controllers_msgs/include/robotnik_controllers_msgs/robotnik_controllers_msgs/srv/detail/set_odometry__struct.hpp
[0.557s] -- Up-to-date: /home/hima/bachelors/rbkairos_ws/install/robotnik_controllers_msgs/include/robotnik_controllers_msgs/robotnik_controllers_msgs/srv/detail/available_kinematics__struct.hpp
[0.557s] -- Up-to-date: /home/hima/bachelors/rbkairos_ws/install/robotnik_controllers_msgs/include/robotnik_controllers_msgs/robotnik_controllers_msgs/srv/detail/set_odometry__builder.hpp
[0.557s] -- Up-to-date: /home/hima/bachelors/rbkairos_ws/install/robotnik_controllers_msgs/include/robotnik_controllers_msgs/robotnik_controllers_msgs/srv/detail/change_kinematics__builder.hpp
[0.557s] -- Up-to-date: /home/hima/bachelors/rbkairos_ws/install/robotnik_controllers_msgs/include/robotnik_controllers_msgs/robotnik_controllers_msgs/srv/set_odometry.hpp
[0.557s] -- Up-to-date: /home/hima/bachelors/rbkairos_ws/install/robotnik_controllers_msgs/include/robotnik_controllers_msgs/robotnik_controllers_msgs/msg
[0.557s] -- Up-to-date: /home/hima/bachelors/rbkairos_ws/install/robotnik_controllers_msgs/include/robotnik_controllers_msgs/robotnik_controllers_msgs/msg/rosidl_generator_cpp__visibility_control.hpp
[0.557s] -- Up-to-date: /home/hima/bachelors/rbkairos_ws/install/robotnik_controllers_msgs/include/robotnik_controllers_msgs/robotnik_controllers_msgs/msg/detail
[0.557s] -- Up-to-date: /home/hima/bachelors/rbkairos_ws/install/robotnik_controllers_msgs/include/robotnik_controllers_msgs/robotnik_controllers_msgs/msg/detail/controller_state__type_support.hpp
[0.557s] -- Up-to-date: /home/hima/bachelors/rbkairos_ws/install/robotnik_controllers_msgs/include/robotnik_controllers_msgs/robotnik_controllers_msgs/msg/detail/controller_state__traits.hpp
[0.557s] -- Up-to-date: /home/hima/bachelors/rbkairos_ws/install/robotnik_controllers_msgs/include/robotnik_controllers_msgs/robotnik_controllers_msgs/msg/detail/controller_state__struct.hpp
[0.557s] -- Up-to-date: /home/hima/bachelors/rbkairos_ws/install/robotnik_controllers_msgs/include/robotnik_controllers_msgs/robotnik_controllers_msgs/msg/detail/controller_state__builder.hpp
[0.557s] -- Up-to-date: /home/hima/bachelors/rbkairos_ws/install/robotnik_controllers_msgs/include/robotnik_controllers_msgs/robotnik_controllers_msgs/msg/controller_state.hpp
[0.557s] -- Up-to-date: /home/hima/bachelors/rbkairos_ws/install/robotnik_controllers_msgs/include/robotnik_controllers_msgs/robotnik_controllers_msgs
[0.557s] -- Up-to-date: /home/hima/bachelors/rbkairos_ws/install/robotnik_controllers_msgs/include/robotnik_controllers_msgs/robotnik_controllers_msgs/srv
[0.557s] -- Up-to-date: /home/hima/bachelors/rbkairos_ws/install/robotnik_controllers_msgs/include/robotnik_controllers_msgs/robotnik_controllers_msgs/srv/detail
[0.557s] -- Up-to-date: /home/hima/bachelors/rbkairos_ws/install/robotnik_controllers_msgs/include/robotnik_controllers_msgs/robotnik_controllers_msgs/srv/detail/available_kinematics__rosidl_typesupport_fastrtps_cpp.hpp
[0.558s] -- Up-to-date: /home/hima/bachelors/rbkairos_ws/install/robotnik_controllers_msgs/include/robotnik_controllers_msgs/robotnik_controllers_msgs/srv/detail/change_kinematics__rosidl_typesupport_fastrtps_cpp.hpp
[0.558s] -- Up-to-date: /home/hima/bachelors/rbkairos_ws/install/robotnik_controllers_msgs/include/robotnik_controllers_msgs/robotnik_controllers_msgs/srv/detail/dds_fastrtps
[0.558s] -- Up-to-date: /home/hima/bachelors/rbkairos_ws/install/robotnik_controllers_msgs/include/robotnik_controllers_msgs/robotnik_controllers_msgs/srv/detail/set_odometry__rosidl_typesupport_fastrtps_cpp.hpp
[0.558s] -- Up-to-date: /home/hima/bachelors/rbkairos_ws/install/robotnik_controllers_msgs/include/robotnik_controllers_msgs/robotnik_controllers_msgs/msg
[0.558s] -- Up-to-date: /home/hima/bachelors/rbkairos_ws/install/robotnik_controllers_msgs/include/robotnik_controllers_msgs/robotnik_controllers_msgs/msg/rosidl_typesupport_fastrtps_cpp__visibility_control.h
[0.558s] -- Up-to-date: /home/hima/bachelors/rbkairos_ws/install/robotnik_controllers_msgs/include/robotnik_controllers_msgs/robotnik_controllers_msgs/msg/detail
[0.558s] -- Up-to-date: /home/hima/bachelors/rbkairos_ws/install/robotnik_controllers_msgs/include/robotnik_controllers_msgs/robotnik_controllers_msgs/msg/detail/dds_fastrtps
[0.558s] -- Up-to-date: /home/hima/bachelors/rbkairos_ws/install/robotnik_controllers_msgs/include/robotnik_controllers_msgs/robotnik_controllers_msgs/msg/detail/controller_state__rosidl_typesupport_fastrtps_cpp.hpp
[0.558s] -- Up-to-date: /home/hima/bachelors/rbkairos_ws/install/robotnik_controllers_msgs/lib/librobotnik_controllers_msgs__rosidl_typesupport_fastrtps_cpp.so
[0.558s] -- Up-to-date: /home/hima/bachelors/rbkairos_ws/install/robotnik_controllers_msgs/include/robotnik_controllers_msgs/robotnik_controllers_msgs
[0.558s] -- Up-to-date: /home/hima/bachelors/rbkairos_ws/install/robotnik_controllers_msgs/include/robotnik_controllers_msgs/robotnik_controllers_msgs/srv
[0.558s] -- Up-to-date: /home/hima/bachelors/rbkairos_ws/install/robotnik_controllers_msgs/include/robotnik_controllers_msgs/robotnik_controllers_msgs/srv/detail
[0.558s] -- Up-to-date: /home/hima/bachelors/rbkairos_ws/install/robotnik_controllers_msgs/include/robotnik_controllers_msgs/robotnik_controllers_msgs/srv/detail/set_odometry__type_support.c
[0.558s] -- Up-to-date: /home/hima/bachelors/rbkairos_ws/install/robotnik_controllers_msgs/include/robotnik_controllers_msgs/robotnik_controllers_msgs/srv/detail/set_odometry__rosidl_typesupport_introspection_c.h
[0.558s] -- Up-to-date: /home/hima/bachelors/rbkairos_ws/install/robotnik_controllers_msgs/include/robotnik_controllers_msgs/robotnik_controllers_msgs/srv/detail/change_kinematics__type_support.c
[0.558s] -- Up-to-date: /home/hima/bachelors/rbkairos_ws/install/robotnik_controllers_msgs/include/robotnik_controllers_msgs/robotnik_controllers_msgs/srv/detail/change_kinematics__rosidl_typesupport_introspection_c.h
[0.558s] -- Up-to-date: /home/hima/bachelors/rbkairos_ws/install/robotnik_controllers_msgs/include/robotnik_controllers_msgs/robotnik_controllers_msgs/srv/detail/available_kinematics__type_support.c
[0.558s] -- Up-to-date: /home/hima/bachelors/rbkairos_ws/install/robotnik_controllers_msgs/include/robotnik_controllers_msgs/robotnik_controllers_msgs/srv/detail/available_kinematics__rosidl_typesupport_introspection_c.h
[0.558s] -- Up-to-date: /home/hima/bachelors/rbkairos_ws/install/robotnik_controllers_msgs/include/robotnik_controllers_msgs/robotnik_controllers_msgs/msg
[0.558s] -- Up-to-date: /home/hima/bachelors/rbkairos_ws/install/robotnik_controllers_msgs/include/robotnik_controllers_msgs/robotnik_controllers_msgs/msg/rosidl_typesupport_introspection_c__visibility_control.h
[0.559s] -- Up-to-date: /home/hima/bachelors/rbkairos_ws/install/robotnik_controllers_msgs/include/robotnik_controllers_msgs/robotnik_controllers_msgs/msg/detail
[0.559s] -- Up-to-date: /home/hima/bachelors/rbkairos_ws/install/robotnik_controllers_msgs/include/robotnik_controllers_msgs/robotnik_controllers_msgs/msg/detail/controller_state__rosidl_typesupport_introspection_c.h
[0.559s] -- Up-to-date: /home/hima/bachelors/rbkairos_ws/install/robotnik_controllers_msgs/include/robotnik_controllers_msgs/robotnik_controllers_msgs/msg/detail/controller_state__type_support.c
[0.559s] -- Up-to-date: /home/hima/bachelors/rbkairos_ws/install/robotnik_controllers_msgs/lib/librobotnik_controllers_msgs__rosidl_typesupport_introspection_c.so
[0.559s] -- Up-to-date: /home/hima/bachelors/rbkairos_ws/install/robotnik_controllers_msgs/lib/librobotnik_controllers_msgs__rosidl_typesupport_c.so
[0.559s] -- Up-to-date: /home/hima/bachelors/rbkairos_ws/install/robotnik_controllers_msgs/include/robotnik_controllers_msgs/robotnik_controllers_msgs
[0.559s] -- Up-to-date: /home/hima/bachelors/rbkairos_ws/install/robotnik_controllers_msgs/include/robotnik_controllers_msgs/robotnik_controllers_msgs/srv
[0.559s] -- Up-to-date: /home/hima/bachelors/rbkairos_ws/install/robotnik_controllers_msgs/include/robotnik_controllers_msgs/robotnik_controllers_msgs/srv/detail
[0.559s] -- Up-to-date: /home/hima/bachelors/rbkairos_ws/install/robotnik_controllers_msgs/include/robotnik_controllers_msgs/robotnik_controllers_msgs/srv/detail/change_kinematics__rosidl_typesupport_introspection_cpp.hpp
[0.559s] -- Up-to-date: /home/hima/bachelors/rbkairos_ws/install/robotnik_controllers_msgs/include/robotnik_controllers_msgs/robotnik_controllers_msgs/srv/detail/change_kinematics__type_support.cpp
[0.559s] -- Up-to-date: /home/hima/bachelors/rbkairos_ws/install/robotnik_controllers_msgs/include/robotnik_controllers_msgs/robotnik_controllers_msgs/srv/detail/available_kinematics__type_support.cpp
[0.559s] -- Up-to-date: /home/hima/bachelors/rbkairos_ws/install/robotnik_controllers_msgs/include/robotnik_controllers_msgs/robotnik_controllers_msgs/srv/detail/set_odometry__rosidl_typesupport_introspection_cpp.hpp
[0.559s] -- Up-to-date: /home/hima/bachelors/rbkairos_ws/install/robotnik_controllers_msgs/include/robotnik_controllers_msgs/robotnik_controllers_msgs/srv/detail/set_odometry__type_support.cpp
[0.559s] -- Up-to-date: /home/hima/bachelors/rbkairos_ws/install/robotnik_controllers_msgs/include/robotnik_controllers_msgs/robotnik_controllers_msgs/srv/detail/available_kinematics__rosidl_typesupport_introspection_cpp.hpp
[0.559s] -- Up-to-date: /home/hima/bachelors/rbkairos_ws/install/robotnik_controllers_msgs/include/robotnik_controllers_msgs/robotnik_controllers_msgs/msg
[0.559s] -- Up-to-date: /home/hima/bachelors/rbkairos_ws/install/robotnik_controllers_msgs/include/robotnik_controllers_msgs/robotnik_controllers_msgs/msg/detail
[0.559s] -- Up-to-date: /home/hima/bachelors/rbkairos_ws/install/robotnik_controllers_msgs/include/robotnik_controllers_msgs/robotnik_controllers_msgs/msg/detail/controller_state__rosidl_typesupport_introspection_cpp.hpp
[0.559s] -- Up-to-date: /home/hima/bachelors/rbkairos_ws/install/robotnik_controllers_msgs/include/robotnik_controllers_msgs/robotnik_controllers_msgs/msg/detail/controller_state__type_support.cpp
[0.559s] -- Up-to-date: /home/hima/bachelors/rbkairos_ws/install/robotnik_controllers_msgs/lib/librobotnik_controllers_msgs__rosidl_typesupport_introspection_cpp.so
[0.559s] -- Up-to-date: /home/hima/bachelors/rbkairos_ws/install/robotnik_controllers_msgs/lib/librobotnik_controllers_msgs__rosidl_typesupport_cpp.so
[0.559s] -- Up-to-date: /home/hima/bachelors/rbkairos_ws/install/robotnik_controllers_msgs/share/robotnik_controllers_msgs/environment/pythonpath.sh
[0.559s] -- Up-to-date: /home/hima/bachelors/rbkairos_ws/install/robotnik_controllers_msgs/share/robotnik_controllers_msgs/environment/pythonpath.dsv
[0.559s] -- Up-to-date: /home/hima/bachelors/rbkairos_ws/install/robotnik_controllers_msgs/local/lib/python3.10/dist-packages/robotnik_controllers_msgs-1.0.0-py3.10.egg-info
[0.560s] -- Installing: /home/hima/bachelors/rbkairos_ws/install/robotnik_controllers_msgs/local/lib/python3.10/dist-packages/robotnik_controllers_msgs-1.0.0-py3.10.egg-info/top_level.txt
[0.560s] -- Installing: /home/hima/bachelors/rbkairos_ws/install/robotnik_controllers_msgs/local/lib/python3.10/dist-packages/robotnik_controllers_msgs-1.0.0-py3.10.egg-info/PKG-INFO
[0.560s] -- Installing: /home/hima/bachelors/rbkairos_ws/install/robotnik_controllers_msgs/local/lib/python3.10/dist-packages/robotnik_controllers_msgs-1.0.0-py3.10.egg-info/SOURCES.txt
[0.560s] -- Installing: /home/hima/bachelors/rbkairos_ws/install/robotnik_controllers_msgs/local/lib/python3.10/dist-packages/robotnik_controllers_msgs-1.0.0-py3.10.egg-info/dependency_links.txt
[0.560s] -- Up-to-date: /home/hima/bachelors/rbkairos_ws/install/robotnik_controllers_msgs/local/lib/python3.10/dist-packages/robotnik_controllers_msgs
[0.560s] -- Up-to-date: /home/hima/bachelors/rbkairos_ws/install/robotnik_controllers_msgs/local/lib/python3.10/dist-packages/robotnik_controllers_msgs/_robotnik_controllers_msgs_s.ep.rosidl_typesupport_fastrtps_c.c
[0.560s] -- Up-to-date: /home/hima/bachelors/rbkairos_ws/install/robotnik_controllers_msgs/local/lib/python3.10/dist-packages/robotnik_controllers_msgs/_robotnik_controllers_msgs_s.ep.rosidl_typesupport_introspection_c.c
[0.560s] -- Up-to-date: /home/hima/bachelors/rbkairos_ws/install/robotnik_controllers_msgs/local/lib/python3.10/dist-packages/robotnik_controllers_msgs/robotnik_controllers_msgs_s__rosidl_typesupport_c.cpython-310-x86_64-linux-gnu.so
[0.560s] -- Up-to-date: /home/hima/bachelors/rbkairos_ws/install/robotnik_controllers_msgs/local/lib/python3.10/dist-packages/robotnik_controllers_msgs/robotnik_controllers_msgs_s__rosidl_typesupport_introspection_c.cpython-310-x86_64-linux-gnu.so
[0.560s] -- Up-to-date: /home/hima/bachelors/rbkairos_ws/install/robotnik_controllers_msgs/local/lib/python3.10/dist-packages/robotnik_controllers_msgs/srv
[0.560s] -- Up-to-date: /home/hima/bachelors/rbkairos_ws/install/robotnik_controllers_msgs/local/lib/python3.10/dist-packages/robotnik_controllers_msgs/srv/_set_odometry.py
[0.560s] -- Up-to-date: /home/hima/bachelors/rbkairos_ws/install/robotnik_controllers_msgs/local/lib/python3.10/dist-packages/robotnik_controllers_msgs/srv/_change_kinematics_s.c
[0.560s] -- Up-to-date: /home/hima/bachelors/rbkairos_ws/install/robotnik_controllers_msgs/local/lib/python3.10/dist-packages/robotnik_controllers_msgs/srv/_available_kinematics_s.c
[0.560s] -- Up-to-date: /home/hima/bachelors/rbkairos_ws/install/robotnik_controllers_msgs/local/lib/python3.10/dist-packages/robotnik_controllers_msgs/srv/_available_kinematics.py
[0.560s] -- Up-to-date: /home/hima/bachelors/rbkairos_ws/install/robotnik_controllers_msgs/local/lib/python3.10/dist-packages/robotnik_controllers_msgs/srv/__init__.py
[0.560s] -- Up-to-date: /home/hima/bachelors/rbkairos_ws/install/robotnik_controllers_msgs/local/lib/python3.10/dist-packages/robotnik_controllers_msgs/srv/_set_odometry_s.c
[0.560s] -- Up-to-date: /home/hima/bachelors/rbkairos_ws/install/robotnik_controllers_msgs/local/lib/python3.10/dist-packages/robotnik_controllers_msgs/srv/_change_kinematics.py
[0.560s] -- Up-to-date: /home/hima/bachelors/rbkairos_ws/install/robotnik_controllers_msgs/local/lib/python3.10/dist-packages/robotnik_controllers_msgs/_robotnik_controllers_msgs_s.ep.rosidl_typesupport_c.c
[0.561s] -- Up-to-date: /home/hima/bachelors/rbkairos_ws/install/robotnik_controllers_msgs/local/lib/python3.10/dist-packages/robotnik_controllers_msgs/msg
[0.561s] -- Up-to-date: /home/hima/bachelors/rbkairos_ws/install/robotnik_controllers_msgs/local/lib/python3.10/dist-packages/robotnik_controllers_msgs/msg/_controller_state.py
[0.561s] -- Up-to-date: /home/hima/bachelors/rbkairos_ws/install/robotnik_controllers_msgs/local/lib/python3.10/dist-packages/robotnik_controllers_msgs/msg/__init__.py
[0.561s] -- Up-to-date: /home/hima/bachelors/rbkairos_ws/install/robotnik_controllers_msgs/local/lib/python3.10/dist-packages/robotnik_controllers_msgs/msg/_controller_state_s.c
[0.561s] -- Up-to-date: /home/hima/bachelors/rbkairos_ws/install/robotnik_controllers_msgs/local/lib/python3.10/dist-packages/robotnik_controllers_msgs/__init__.py
[0.561s] -- Up-to-date: /home/hima/bachelors/rbkairos_ws/install/robotnik_controllers_msgs/local/lib/python3.10/dist-packages/robotnik_controllers_msgs/librobotnik_controllers_msgs__rosidl_generator_py.so
[0.561s] -- Up-to-date: /home/hima/bachelors/rbkairos_ws/install/robotnik_controllers_msgs/local/lib/python3.10/dist-packages/robotnik_controllers_msgs/robotnik_controllers_msgs_s__rosidl_typesupport_fastrtps_c.cpython-310-x86_64-linux-gnu.so
[0.593s] Listing '/home/hima/bachelors/rbkairos_ws/install/robotnik_controllers_msgs/local/lib/python3.10/dist-packages/robotnik_controllers_msgs'...
[0.593s] Listing '/home/hima/bachelors/rbkairos_ws/install/robotnik_controllers_msgs/local/lib/python3.10/dist-packages/robotnik_controllers_msgs/msg'...
[0.593s] Listing '/home/hima/bachelors/rbkairos_ws/install/robotnik_controllers_msgs/local/lib/python3.10/dist-packages/robotnik_controllers_msgs/srv'...
[0.597s] -- Up-to-date: /home/hima/bachelors/rbkairos_ws/install/robotnik_controllers_msgs/local/lib/python3.10/dist-packages/robotnik_controllers_msgs/robotnik_controllers_msgs_s__rosidl_typesupport_fastrtps_c.cpython-310-x86_64-linux-gnu.so
[0.598s] -- Up-to-date: /home/hima/bachelors/rbkairos_ws/install/robotnik_controllers_msgs/local/lib/python3.10/dist-packages/robotnik_controllers_msgs/robotnik_controllers_msgs_s__rosidl_typesupport_introspection_c.cpython-310-x86_64-linux-gnu.so
[0.598s] -- Up-to-date: /home/hima/bachelors/rbkairos_ws/install/robotnik_controllers_msgs/local/lib/python3.10/dist-packages/robotnik_controllers_msgs/robotnik_controllers_msgs_s__rosidl_typesupport_c.cpython-310-x86_64-linux-gnu.so
[0.599s] -- Up-to-date: /home/hima/bachelors/rbkairos_ws/install/robotnik_controllers_msgs/lib/librobotnik_controllers_msgs__rosidl_generator_py.so
[0.599s] -- Up-to-date: /home/hima/bachelors/rbkairos_ws/install/robotnik_controllers_msgs/share/robotnik_controllers_msgs/msg/ControllerState.idl
[0.599s] -- Up-to-date: /home/hima/bachelors/rbkairos_ws/install/robotnik_controllers_msgs/share/robotnik_controllers_msgs/srv/AvailableKinematics.idl
[0.599s] -- Up-to-date: /home/hima/bachelors/rbkairos_ws/install/robotnik_controllers_msgs/share/robotnik_controllers_msgs/srv/ChangeKinematics.idl
[0.599s] -- Up-to-date: /home/hima/bachelors/rbkairos_ws/install/robotnik_controllers_msgs/share/robotnik_controllers_msgs/srv/SetOdometry.idl
[0.599s] -- Up-to-date: /home/hima/bachelors/rbkairos_ws/install/robotnik_controllers_msgs/share/robotnik_controllers_msgs/msg/ControllerState.msg
[0.599s] -- Up-to-date: /home/hima/bachelors/rbkairos_ws/install/robotnik_controllers_msgs/share/robotnik_controllers_msgs/srv/AvailableKinematics.srv
[0.599s] -- Up-to-date: /home/hima/bachelors/rbkairos_ws/install/robotnik_controllers_msgs/share/robotnik_controllers_msgs/srv/AvailableKinematics_Request.msg
[0.599s] -- Up-to-date: /home/hima/bachelors/rbkairos_ws/install/robotnik_controllers_msgs/share/robotnik_controllers_msgs/srv/AvailableKinematics_Response.msg
[0.599s] -- Up-to-date: /home/hima/bachelors/rbkairos_ws/install/robotnik_controllers_msgs/share/robotnik_controllers_msgs/srv/ChangeKinematics.srv
[0.599s] -- Up-to-date: /home/hima/bachelors/rbkairos_ws/install/robotnik_controllers_msgs/share/robotnik_controllers_msgs/srv/ChangeKinematics_Request.msg
[0.600s] -- Up-to-date: /home/hima/bachelors/rbkairos_ws/install/robotnik_controllers_msgs/share/robotnik_controllers_msgs/srv/ChangeKinematics_Response.msg
[0.600s] -- Up-to-date: /home/hima/bachelors/rbkairos_ws/install/robotnik_controllers_msgs/share/robotnik_controllers_msgs/srv/SetOdometry.srv
[0.600s] -- Up-to-date: /home/hima/bachelors/rbkairos_ws/install/robotnik_controllers_msgs/share/robotnik_controllers_msgs/srv/SetOdometry_Request.msg
[0.600s] -- Up-to-date: /home/hima/bachelors/rbkairos_ws/install/robotnik_controllers_msgs/share/robotnik_controllers_msgs/srv/SetOdometry_Response.msg
[0.600s] -- Up-to-date: /home/hima/bachelors/rbkairos_ws/install/robotnik_controllers_msgs/share/ament_index/resource_index/package_run_dependencies/robotnik_controllers_msgs
[0.600s] -- Up-to-date: /home/hima/bachelors/rbkairos_ws/install/robotnik_controllers_msgs/share/ament_index/resource_index/parent_prefix_path/robotnik_controllers_msgs
[0.600s] -- Up-to-date: /home/hima/bachelors/rbkairos_ws/install/robotnik_controllers_msgs/share/robotnik_controllers_msgs/environment/ament_prefix_path.sh
[0.600s] -- Up-to-date: /home/hima/bachelors/rbkairos_ws/install/robotnik_controllers_msgs/share/robotnik_controllers_msgs/environment/ament_prefix_path.dsv
[0.600s] -- Up-to-date: /home/hima/bachelors/rbkairos_ws/install/robotnik_controllers_msgs/share/robotnik_controllers_msgs/environment/path.sh
[0.600s] -- Up-to-date: /home/hima/bachelors/rbkairos_ws/install/robotnik_controllers_msgs/share/robotnik_controllers_msgs/environment/path.dsv
[0.600s] -- Up-to-date: /home/hima/bachelors/rbkairos_ws/install/robotnik_controllers_msgs/share/robotnik_controllers_msgs/local_setup.bash
[0.600s] -- Up-to-date: /home/hima/bachelors/rbkairos_ws/install/robotnik_controllers_msgs/share/robotnik_controllers_msgs/local_setup.sh
[0.600s] -- Up-to-date: /home/hima/bachelors/rbkairos_ws/install/robotnik_controllers_msgs/share/robotnik_controllers_msgs/local_setup.zsh
[0.601s] -- Up-to-date: /home/hima/bachelors/rbkairos_ws/install/robotnik_controllers_msgs/share/robotnik_controllers_msgs/local_setup.dsv
[0.601s] -- Installing: /home/hima/bachelors/rbkairos_ws/install/robotnik_controllers_msgs/share/robotnik_controllers_msgs/package.dsv
[0.601s] -- Up-to-date: /home/hima/bachelors/rbkairos_ws/install/robotnik_controllers_msgs/share/ament_index/resource_index/packages/robotnik_controllers_msgs
[0.601s] -- Up-to-date: /home/hima/bachelors/rbkairos_ws/install/robotnik_controllers_msgs/share/robotnik_controllers_msgs/cmake/export_robotnik_controllers_msgs__rosidl_generator_cExport.cmake
[0.601s] -- Up-to-date: /home/hima/bachelors/rbkairos_ws/install/robotnik_controllers_msgs/share/robotnik_controllers_msgs/cmake/export_robotnik_controllers_msgs__rosidl_generator_cExport-noconfig.cmake
[0.601s] -- Up-to-date: /home/hima/bachelors/rbkairos_ws/install/robotnik_controllers_msgs/share/robotnik_controllers_msgs/cmake/export_robotnik_controllers_msgs__rosidl_typesupport_fastrtps_cExport.cmake
[0.601s] -- Up-to-date: /home/hima/bachelors/rbkairos_ws/install/robotnik_controllers_msgs/share/robotnik_controllers_msgs/cmake/export_robotnik_controllers_msgs__rosidl_typesupport_fastrtps_cExport-noconfig.cmake
[0.602s] -- Up-to-date: /home/hima/bachelors/rbkairos_ws/install/robotnik_controllers_msgs/share/robotnik_controllers_msgs/cmake/export_robotnik_controllers_msgs__rosidl_generator_cppExport.cmake
[0.603s] -- Up-to-date: /home/hima/bachelors/rbkairos_ws/install/robotnik_controllers_msgs/share/robotnik_controllers_msgs/cmake/export_robotnik_controllers_msgs__rosidl_typesupport_fastrtps_cppExport.cmake
[0.603s] -- Up-to-date: /home/hima/bachelors/rbkairos_ws/install/robotnik_controllers_msgs/share/robotnik_controllers_msgs/cmake/export_robotnik_controllers_msgs__rosidl_typesupport_fastrtps_cppExport-noconfig.cmake
[0.603s] -- Up-to-date: /home/hima/bachelors/rbkairos_ws/install/robotnik_controllers_msgs/share/robotnik_controllers_msgs/cmake/robotnik_controllers_msgs__rosidl_typesupport_introspection_cExport.cmake
[0.603s] -- Up-to-date: /home/hima/bachelors/rbkairos_ws/install/robotnik_controllers_msgs/share/robotnik_controllers_msgs/cmake/robotnik_controllers_msgs__rosidl_typesupport_introspection_cExport-noconfig.cmake
[0.603s] -- Up-to-date: /home/hima/bachelors/rbkairos_ws/install/robotnik_controllers_msgs/share/robotnik_controllers_msgs/cmake/robotnik_controllers_msgs__rosidl_typesupport_cExport.cmake
[0.603s] -- Up-to-date: /home/hima/bachelors/rbkairos_ws/install/robotnik_controllers_msgs/share/robotnik_controllers_msgs/cmake/robotnik_controllers_msgs__rosidl_typesupport_cExport-noconfig.cmake
[0.603s] -- Up-to-date: /home/hima/bachelors/rbkairos_ws/install/robotnik_controllers_msgs/share/robotnik_controllers_msgs/cmake/robotnik_controllers_msgs__rosidl_typesupport_introspection_cppExport.cmake
[0.603s] -- Up-to-date: /home/hima/bachelors/rbkairos_ws/install/robotnik_controllers_msgs/share/robotnik_controllers_msgs/cmake/robotnik_controllers_msgs__rosidl_typesupport_introspection_cppExport-noconfig.cmake
[0.603s] -- Up-to-date: /home/hima/bachelors/rbkairos_ws/install/robotnik_controllers_msgs/share/robotnik_controllers_msgs/cmake/robotnik_controllers_msgs__rosidl_typesupport_cppExport.cmake
[0.603s] -- Up-to-date: /home/hima/bachelors/rbkairos_ws/install/robotnik_controllers_msgs/share/robotnik_controllers_msgs/cmake/robotnik_controllers_msgs__rosidl_typesupport_cppExport-noconfig.cmake
[0.604s] -- Up-to-date: /home/hima/bachelors/rbkairos_ws/install/robotnik_controllers_msgs/share/robotnik_controllers_msgs/cmake/export_robotnik_controllers_msgs__rosidl_generator_pyExport.cmake
[0.604s] -- Up-to-date: /home/hima/bachelors/rbkairos_ws/install/robotnik_controllers_msgs/share/robotnik_controllers_msgs/cmake/export_robotnik_controllers_msgs__rosidl_generator_pyExport-noconfig.cmake
[0.604s] -- Up-to-date: /home/hima/bachelors/rbkairos_ws/install/robotnik_controllers_msgs/share/robotnik_controllers_msgs/cmake/rosidl_cmake-extras.cmake
[0.604s] -- Up-to-date: /home/hima/bachelors/rbkairos_ws/install/robotnik_controllers_msgs/share/robotnik_controllers_msgs/cmake/ament_cmake_export_dependencies-extras.cmake
[0.604s] -- Up-to-date: /home/hima/bachelors/rbkairos_ws/install/robotnik_controllers_msgs/share/robotnik_controllers_msgs/cmake/ament_cmake_export_include_directories-extras.cmake
[0.604s] -- Up-to-date: /home/hima/bachelors/rbkairos_ws/install/robotnik_controllers_msgs/share/robotnik_controllers_msgs/cmake/ament_cmake_export_libraries-extras.cmake
[0.604s] -- Up-to-date: /home/hima/bachelors/rbkairos_ws/install/robotnik_controllers_msgs/share/robotnik_controllers_msgs/cmake/ament_cmake_export_targets-extras.cmake
[0.604s] -- Up-to-date: /home/hima/bachelors/rbkairos_ws/install/robotnik_controllers_msgs/share/robotnik_controllers_msgs/cmake/rosidl_cmake_export_typesupport_targets-extras.cmake
[0.604s] -- Up-to-date: /home/hima/bachelors/rbkairos_ws/install/robotnik_controllers_msgs/share/robotnik_controllers_msgs/cmake/rosidl_cmake_export_typesupport_libraries-extras.cmake
[0.604s] -- Up-to-date: /home/hima/bachelors/rbkairos_ws/install/robotnik_controllers_msgs/share/robotnik_controllers_msgs/cmake/robotnik_controllers_msgsConfig.cmake
[0.604s] -- Up-to-date: /home/hima/bachelors/rbkairos_ws/install/robotnik_controllers_msgs/share/robotnik_controllers_msgs/cmake/robotnik_controllers_msgsConfig-version.cmake
[0.604s] -- Up-to-date: /home/hima/bachelors/rbkairos_ws/install/robotnik_controllers_msgs/share/robotnik_controllers_msgs/package.xml
[0.608s] Invoked command in '/home/hima/bachelors/rbkairos_ws/build/robotnik_controllers_msgs' returned '0': AMENT_PREFIX_PATH=/home/hima/bachelors/rbkairos_ws/install/robotnik_common_msgs:${AMENT_PREFIX_PATH} CMAKE_PREFIX_PATH=/home/hima/bachelors/rbkairos_ws/install/robotnik_common_msgs:/opt/ros/humble LD_LIBRARY_PATH=/home/hima/bachelors/rbkairos_ws/install/robotnik_common_msgs/lib:${LD_LIBRARY_PATH} PYTHONPATH=/home/hima/bachelors/rbkairos_ws/install/robotnik_common_msgs/local/lib/python3.10/dist-packages:${PYTHONPATH} /usr/bin/cmake --install /home/hima/bachelors/rbkairos_ws/build/robotnik_controllers_msgs
