[0.071s] Invoking command in '/home/hima/bachelors/rbkairos_ws/build/robotnik_common': CMAKE_PREFIX_PATH=${CMAKE_PREFIX_PATH}:/opt/ros/humble /usr/bin/cmake --build /home/hima/bachelors/rbkairos_ws/build/robotnik_common -- -j16 -l16
[0.305s] Built target ament_cmake_python_copy_robotnik_common
[0.970s] running egg_info
[0.971s] writing robotnik_common.egg-info/PKG-INFO
[0.972s] writing dependency_links to robotnik_common.egg-info/dependency_links.txt
[0.972s] writing top-level names to robotnik_common.egg-info/top_level.txt
[0.976s] reading manifest file 'robotnik_common.egg-info/SOURCES.txt'
[0.976s] writing manifest file 'robotnik_common.egg-info/SOURCES.txt'
[1.022s] Built target ament_cmake_python_build_robotnik_common_egg
[1.038s] Invoked command in '/home/hima/bachelors/rbkairos_ws/build/robotnik_common' returned '0': CMAKE_PREFIX_PATH=${CMAKE_PREFIX_PATH}:/opt/ros/humble /usr/bin/cmake --build /home/hima/bachelors/rbkairos_ws/build/robotnik_common -- -j16 -l16
[1.041s] Invoking command in '/home/hima/bachelors/rbkairos_ws/build/robotnik_common': CMAKE_PREFIX_PATH=${CMAKE_PREFIX_PATH}:/opt/ros/humble /usr/bin/cmake --install /home/hima/bachelors/rbkairos_ws/build/robotnik_common
[1.054s] -- Install configuration: ""
[1.054s] -- Up-to-date: /home/hima/bachelors/rbkairos_ws/install/robotnik_common/share/robotnik_common/environment/pythonpath.sh
[1.054s] -- Up-to-date: /home/hima/bachelors/rbkairos_ws/install/robotnik_common/share/robotnik_common/environment/pythonpath.dsv
[1.055s] -- Up-to-date: /home/hima/bachelors/rbkairos_ws/install/robotnik_common/local/lib/python3.10/dist-packages/robotnik_common-1.1.0-py3.10.egg-info
[1.055s] -- Installing: /home/hima/bachelors/rbkairos_ws/install/robotnik_common/local/lib/python3.10/dist-packages/robotnik_common-1.1.0-py3.10.egg-info/top_level.txt
[1.055s] -- Installing: /home/hima/bachelors/rbkairos_ws/install/robotnik_common/local/lib/python3.10/dist-packages/robotnik_common-1.1.0-py3.10.egg-info/PKG-INFO
[1.055s] -- Installing: /home/hima/bachelors/rbkairos_ws/install/robotnik_common/local/lib/python3.10/dist-packages/robotnik_common-1.1.0-py3.10.egg-info/SOURCES.txt
[1.055s] -- Installing: /home/hima/bachelors/rbkairos_ws/install/robotnik_common/local/lib/python3.10/dist-packages/robotnik_common-1.1.0-py3.10.egg-info/dependency_links.txt
[1.055s] -- Up-to-date: /home/hima/bachelors/rbkairos_ws/install/robotnik_common/local/lib/python3.10/dist-packages/robotnik_common
[1.055s] -- Up-to-date: /home/hima/bachelors/rbkairos_ws/install/robotnik_common/local/lib/python3.10/dist-packages/robotnik_common/launch
[1.055s] -- Up-to-date: /home/hima/bachelors/rbkairos_ws/install/robotnik_common/local/lib/python3.10/dist-packages/robotnik_common/launch/rewritten_yaml.py
[1.055s] -- Up-to-date: /home/hima/bachelors/rbkairos_ws/install/robotnik_common/local/lib/python3.10/dist-packages/robotnik_common/launch/add_launch_args.py
[1.055s] -- Up-to-date: /home/hima/bachelors/rbkairos_ws/install/robotnik_common/local/lib/python3.10/dist-packages/robotnik_common/launch/__init__.py
[1.055s] -- Up-to-date: /home/hima/bachelors/rbkairos_ws/install/robotnik_common/local/lib/python3.10/dist-packages/robotnik_common/__init__.py
[1.110s] Listing '/home/hima/bachelors/rbkairos_ws/install/robotnik_common/local/lib/python3.10/dist-packages/robotnik_common'...
[1.110s] Listing '/home/hima/bachelors/rbkairos_ws/install/robotnik_common/local/lib/python3.10/dist-packages/robotnik_common/launch'...
[1.117s] -- Up-to-date: /home/hima/bachelors/rbkairos_ws/install/robotnik_common/share/ament_index/resource_index/package_run_dependencies/robotnik_common
[1.117s] -- Up-to-date: /home/hima/bachelors/rbkairos_ws/install/robotnik_common/share/ament_index/resource_index/parent_prefix_path/robotnik_common
[1.117s] -- Up-to-date: /home/hima/bachelors/rbkairos_ws/install/robotnik_common/share/robotnik_common/environment/ament_prefix_path.sh
[1.118s] -- Up-to-date: /home/hima/bachelors/rbkairos_ws/install/robotnik_common/share/robotnik_common/environment/ament_prefix_path.dsv
[1.118s] -- Up-to-date: /home/hima/bachelors/rbkairos_ws/install/robotnik_common/share/robotnik_common/environment/path.sh
[1.118s] -- Up-to-date: /home/hima/bachelors/rbkairos_ws/install/robotnik_common/share/robotnik_common/environment/path.dsv
[1.118s] -- Up-to-date: /home/hima/bachelors/rbkairos_ws/install/robotnik_common/share/robotnik_common/local_setup.bash
[1.118s] -- Up-to-date: /home/hima/bachelors/rbkairos_ws/install/robotnik_common/share/robotnik_common/local_setup.sh
[1.118s] -- Up-to-date: /home/hima/bachelors/rbkairos_ws/install/robotnik_common/share/robotnik_common/local_setup.zsh
[1.118s] -- Up-to-date: /home/hima/bachelors/rbkairos_ws/install/robotnik_common/share/robotnik_common/local_setup.dsv
[1.118s] -- Installing: /home/hima/bachelors/rbkairos_ws/install/robotnik_common/share/robotnik_common/package.dsv
[1.119s] -- Up-to-date: /home/hima/bachelors/rbkairos_ws/install/robotnik_common/share/ament_index/resource_index/packages/robotnik_common
[1.121s] -- Up-to-date: /home/hima/bachelors/rbkairos_ws/install/robotnik_common/share/robotnik_common/cmake/robotnik_commonConfig.cmake
[1.121s] -- Up-to-date: /home/hima/bachelors/rbkairos_ws/install/robotnik_common/share/robotnik_common/cmake/robotnik_commonConfig-version.cmake
[1.122s] -- Up-to-date: /home/hima/bachelors/rbkairos_ws/install/robotnik_common/share/robotnik_common/package.xml
[1.134s] Invoked command in '/home/hima/bachelors/rbkairos_ws/build/robotnik_common' returned '0': CMAKE_PREFIX_PATH=${CMAKE_PREFIX_PATH}:/opt/ros/humble /usr/bin/cmake --install /home/hima/bachelors/rbkairos_ws/build/robotnik_common
