[0.120s] Invoking command in '/home/hima/bachelors/rbkairos_ws/build/robotnik_perception_msgs': CMAKE_PREFIX_PATH=${CMAKE_PREFIX_PATH}:/opt/ros/humble /usr/bin/cmake --build /home/hima/bachelors/rbkairos_ws/build/robotnik_perception_msgs -- -j16 -l16
[0.243s] [  0%] Built target ament_cmake_python_copy_robotnik_perception_msgs
[0.298s] [  2%] Built target robotnik_perception_msgs__cpp
[0.324s] [ 12%] Built target robotnik_perception_msgs__rosidl_generator_c
[0.359s] [35m[1mConsolidate compiler generated dependencies of target robotnik_perception_msgs__rosidl_typesupport_cpp[0m
[0.361s] [35m[1mConsolidate compiler generated dependencies of target robotnik_perception_msgs__rosidl_typesupport_introspection_cpp[0m
[0.391s] [ 23%] Built target robotnik_perception_msgs__rosidl_typesupport_introspection_cpp
[0.400s] [35m[1mConsolidate compiler generated dependencies of target robotnik_perception_msgs__rosidl_typesupport_fastrtps_cpp[0m
[0.413s] [35m[1mConsolidate compiler generated dependencies of target robotnik_perception_msgs__rosidl_typesupport_fastrtps_c[0m
[0.430s] [ 33%] Built target robotnik_perception_msgs__rosidl_typesupport_introspection_c
[0.437s] [ 43%] Built target robotnik_perception_msgs__rosidl_typesupport_cpp
[0.444s] [ 53%] Built target robotnik_perception_msgs__rosidl_typesupport_c
[0.450s] [ 64%] Built target robotnik_perception_msgs__rosidl_typesupport_fastrtps_cpp
[0.460s] [ 74%] Built target robotnik_perception_msgs__rosidl_typesupport_fastrtps_c
[0.509s] [ 74%] Built target robotnik_perception_msgs
[0.548s] [ 76%] Built target robotnik_perception_msgs__py
[0.596s] [35m[1mConsolidate compiler generated dependencies of target robotnik_perception_msgs__rosidl_generator_py[0m
[0.596s] [ 84%] Built target robotnik_perception_msgs__rosidl_generator_py
[0.596s] [35m[1mConsolidate compiler generated dependencies of target robotnik_perception_msgs__rosidl_typesupport_introspection_c__pyext[0m
[0.597s] [35m[1mConsolidate compiler generated dependencies of target robotnik_perception_msgs__rosidl_typesupport_c__pyext[0m
[0.615s] [ 89%] Built target robotnik_perception_msgs__rosidl_typesupport_c__pyext
[0.620s] [35m[1mConsolidate compiler generated dependencies of target robotnik_perception_msgs__rosidl_typesupport_fastrtps_c__pyext[0m
[0.620s] [ 94%] Built target robotnik_perception_msgs__rosidl_typesupport_introspection_c__pyext
[0.679s] [100%] Built target robotnik_perception_msgs__rosidl_typesupport_fastrtps_c__pyext
[1.044s] running egg_info
[1.045s] writing robotnik_perception_msgs.egg-info/PKG-INFO
[1.046s] writing dependency_links to robotnik_perception_msgs.egg-info/dependency_links.txt
[1.046s] writing top-level names to robotnik_perception_msgs.egg-info/top_level.txt
[1.049s] reading manifest file 'robotnik_perception_msgs.egg-info/SOURCES.txt'
[1.051s] writing manifest file 'robotnik_perception_msgs.egg-info/SOURCES.txt'
[1.095s] [100%] Built target ament_cmake_python_build_robotnik_perception_msgs_egg
[1.117s] Invoked command in '/home/hima/bachelors/rbkairos_ws/build/robotnik_perception_msgs' returned '0': CMAKE_PREFIX_PATH=${CMAKE_PREFIX_PATH}:/opt/ros/humble /usr/bin/cmake --build /home/hima/bachelors/rbkairos_ws/build/robotnik_perception_msgs -- -j16 -l16
[1.121s] Invoking command in '/home/hima/bachelors/rbkairos_ws/build/robotnik_perception_msgs': CMAKE_PREFIX_PATH=${CMAKE_PREFIX_PATH}:/opt/ros/humble /usr/bin/cmake --install /home/hima/bachelors/rbkairos_ws/build/robotnik_perception_msgs
[1.165s] -- Install configuration: ""
[1.165s] -- Up-to-date: /home/hima/bachelors/rbkairos_ws/install/robotnik_perception_msgs/share/ament_index/resource_index/rosidl_interfaces/robotnik_perception_msgs
[1.165s] -- Up-to-date: /home/hima/bachelors/rbkairos_ws/install/robotnik_perception_msgs/include/robotnik_perception_msgs/robotnik_perception_msgs
[1.166s] -- Up-to-date: /home/hima/bachelors/rbkairos_ws/install/robotnik_perception_msgs/include/robotnik_perception_msgs/robotnik_perception_msgs/msg
[1.166s] -- Up-to-date: /home/hima/bachelors/rbkairos_ws/install/robotnik_perception_msgs/include/robotnik_perception_msgs/robotnik_perception_msgs/msg/detection.h
[1.167s] -- Up-to-date: /home/hima/bachelors/rbkairos_ws/install/robotnik_perception_msgs/include/robotnik_perception_msgs/robotnik_perception_msgs/msg/detail
[1.167s] -- Up-to-date: /home/hima/bachelors/rbkairos_ws/install/robotnik_perception_msgs/include/robotnik_perception_msgs/robotnik_perception_msgs/msg/detail/detection_array__functions.c
[1.167s] -- Up-to-date: /home/hima/bachelors/rbkairos_ws/install/robotnik_perception_msgs/include/robotnik_perception_msgs/robotnik_perception_msgs/msg/detail/detection__struct.h
[1.168s] -- Up-to-date: /home/hima/bachelors/rbkairos_ws/install/robotnik_perception_msgs/include/robotnik_perception_msgs/robotnik_perception_msgs/msg/detail/detection__type_support.h
[1.168s] -- Up-to-date: /home/hima/bachelors/rbkairos_ws/install/robotnik_perception_msgs/include/robotnik_perception_msgs/robotnik_perception_msgs/msg/detail/detection_array__functions.h
[1.168s] -- Up-to-date: /home/hima/bachelors/rbkairos_ws/install/robotnik_perception_msgs/include/robotnik_perception_msgs/robotnik_perception_msgs/msg/detail/detection__functions.h
[1.169s] -- Up-to-date: /home/hima/bachelors/rbkairos_ws/install/robotnik_perception_msgs/include/robotnik_perception_msgs/robotnik_perception_msgs/msg/detail/detection_array__struct.h
[1.169s] -- Up-to-date: /home/hima/bachelors/rbkairos_ws/install/robotnik_perception_msgs/include/robotnik_perception_msgs/robotnik_perception_msgs/msg/detail/detection_array__type_support.h
[1.169s] -- Up-to-date: /home/hima/bachelors/rbkairos_ws/install/robotnik_perception_msgs/include/robotnik_perception_msgs/robotnik_perception_msgs/msg/detail/detection__functions.c
[1.169s] -- Up-to-date: /home/hima/bachelors/rbkairos_ws/install/robotnik_perception_msgs/include/robotnik_perception_msgs/robotnik_perception_msgs/msg/detection_array.h
[1.169s] -- Up-to-date: /home/hima/bachelors/rbkairos_ws/install/robotnik_perception_msgs/include/robotnik_perception_msgs/robotnik_perception_msgs/msg/rosidl_generator_c__visibility_control.h
[1.169s] -- Up-to-date: /home/hima/bachelors/rbkairos_ws/install/robotnik_perception_msgs/share/robotnik_perception_msgs/environment/library_path.sh
[1.169s] -- Up-to-date: /home/hima/bachelors/rbkairos_ws/install/robotnik_perception_msgs/share/robotnik_perception_msgs/environment/library_path.dsv
[1.171s] -- Up-to-date: /home/hima/bachelors/rbkairos_ws/install/robotnik_perception_msgs/lib/librobotnik_perception_msgs__rosidl_generator_c.so
[1.171s] -- Up-to-date: /home/hima/bachelors/rbkairos_ws/install/robotnik_perception_msgs/include/robotnik_perception_msgs/robotnik_perception_msgs
[1.172s] -- Up-to-date: /home/hima/bachelors/rbkairos_ws/install/robotnik_perception_msgs/include/robotnik_perception_msgs/robotnik_perception_msgs/msg
[1.172s] -- Up-to-date: /home/hima/bachelors/rbkairos_ws/install/robotnik_perception_msgs/include/robotnik_perception_msgs/robotnik_perception_msgs/msg/rosidl_typesupport_fastrtps_c__visibility_control.h
[1.172s] -- Up-to-date: /home/hima/bachelors/rbkairos_ws/install/robotnik_perception_msgs/include/robotnik_perception_msgs/robotnik_perception_msgs/msg/detail
[1.172s] -- Up-to-date: /home/hima/bachelors/rbkairos_ws/install/robotnik_perception_msgs/include/robotnik_perception_msgs/robotnik_perception_msgs/msg/detail/detection_array__rosidl_typesupport_fastrtps_c.h
[1.172s] -- Up-to-date: /home/hima/bachelors/rbkairos_ws/install/robotnik_perception_msgs/include/robotnik_perception_msgs/robotnik_perception_msgs/msg/detail/detection__rosidl_typesupport_fastrtps_c.h
[1.174s] -- Up-to-date: /home/hima/bachelors/rbkairos_ws/install/robotnik_perception_msgs/lib/librobotnik_perception_msgs__rosidl_typesupport_fastrtps_c.so
[1.175s] -- Up-to-date: /home/hima/bachelors/rbkairos_ws/install/robotnik_perception_msgs/include/robotnik_perception_msgs/robotnik_perception_msgs
[1.176s] -- Up-to-date: /home/hima/bachelors/rbkairos_ws/install/robotnik_perception_msgs/include/robotnik_perception_msgs/robotnik_perception_msgs/msg
[1.177s] -- Up-to-date: /home/hima/bachelors/rbkairos_ws/install/robotnik_perception_msgs/include/robotnik_perception_msgs/robotnik_perception_msgs/msg/detection.hpp
[1.178s] -- Up-to-date: /home/hima/bachelors/rbkairos_ws/install/robotnik_perception_msgs/include/robotnik_perception_msgs/robotnik_perception_msgs/msg/rosidl_generator_cpp__visibility_control.hpp
[1.178s] -- Up-to-date: /home/hima/bachelors/rbkairos_ws/install/robotnik_perception_msgs/include/robotnik_perception_msgs/robotnik_perception_msgs/msg/detail
[1.178s] -- Up-to-date: /home/hima/bachelors/rbkairos_ws/install/robotnik_perception_msgs/include/robotnik_perception_msgs/robotnik_perception_msgs/msg/detail/detection_array__builder.hpp
[1.178s] -- Up-to-date: /home/hima/bachelors/rbkairos_ws/install/robotnik_perception_msgs/include/robotnik_perception_msgs/robotnik_perception_msgs/msg/detail/detection__builder.hpp
[1.178s] -- Up-to-date: /home/hima/bachelors/rbkairos_ws/install/robotnik_perception_msgs/include/robotnik_perception_msgs/robotnik_perception_msgs/msg/detail/detection__struct.hpp
[1.179s] -- Up-to-date: /home/hima/bachelors/rbkairos_ws/install/robotnik_perception_msgs/include/robotnik_perception_msgs/robotnik_perception_msgs/msg/detail/detection__type_support.hpp
[1.179s] -- Up-to-date: /home/hima/bachelors/rbkairos_ws/install/robotnik_perception_msgs/include/robotnik_perception_msgs/robotnik_perception_msgs/msg/detail/detection_array__type_support.hpp
[1.179s] -- Up-to-date: /home/hima/bachelors/rbkairos_ws/install/robotnik_perception_msgs/include/robotnik_perception_msgs/robotnik_perception_msgs/msg/detail/detection_array__traits.hpp
[1.179s] -- Up-to-date: /home/hima/bachelors/rbkairos_ws/install/robotnik_perception_msgs/include/robotnik_perception_msgs/robotnik_perception_msgs/msg/detail/detection__traits.hpp
[1.179s] -- Up-to-date: /home/hima/bachelors/rbkairos_ws/install/robotnik_perception_msgs/include/robotnik_perception_msgs/robotnik_perception_msgs/msg/detail/detection_array__struct.hpp
[1.180s] -- Up-to-date: /home/hima/bachelors/rbkairos_ws/install/robotnik_perception_msgs/include/robotnik_perception_msgs/robotnik_perception_msgs/msg/detection_array.hpp
[1.181s] -- Up-to-date: /home/hima/bachelors/rbkairos_ws/install/robotnik_perception_msgs/include/robotnik_perception_msgs/robotnik_perception_msgs
[1.182s] -- Up-to-date: /home/hima/bachelors/rbkairos_ws/install/robotnik_perception_msgs/include/robotnik_perception_msgs/robotnik_perception_msgs/msg
[1.183s] -- Up-to-date: /home/hima/bachelors/rbkairos_ws/install/robotnik_perception_msgs/include/robotnik_perception_msgs/robotnik_perception_msgs/msg/rosidl_typesupport_fastrtps_cpp__visibility_control.h
[1.184s] -- Up-to-date: /home/hima/bachelors/rbkairos_ws/install/robotnik_perception_msgs/include/robotnik_perception_msgs/robotnik_perception_msgs/msg/detail
[1.184s] -- Up-to-date: /home/hima/bachelors/rbkairos_ws/install/robotnik_perception_msgs/include/robotnik_perception_msgs/robotnik_perception_msgs/msg/detail/detection__rosidl_typesupport_fastrtps_cpp.hpp
[1.185s] -- Up-to-date: /home/hima/bachelors/rbkairos_ws/install/robotnik_perception_msgs/include/robotnik_perception_msgs/robotnik_perception_msgs/msg/detail/detection_array__rosidl_typesupport_fastrtps_cpp.hpp
[1.185s] -- Up-to-date: /home/hima/bachelors/rbkairos_ws/install/robotnik_perception_msgs/include/robotnik_perception_msgs/robotnik_perception_msgs/msg/detail/dds_fastrtps
[1.186s] -- Up-to-date: /home/hima/bachelors/rbkairos_ws/install/robotnik_perception_msgs/lib/librobotnik_perception_msgs__rosidl_typesupport_fastrtps_cpp.so
[1.187s] -- Up-to-date: /home/hima/bachelors/rbkairos_ws/install/robotnik_perception_msgs/include/robotnik_perception_msgs/robotnik_perception_msgs
[1.188s] -- Up-to-date: /home/hima/bachelors/rbkairos_ws/install/robotnik_perception_msgs/include/robotnik_perception_msgs/robotnik_perception_msgs/msg
[1.189s] -- Up-to-date: /home/hima/bachelors/rbkairos_ws/install/robotnik_perception_msgs/include/robotnik_perception_msgs/robotnik_perception_msgs/msg/rosidl_typesupport_introspection_c__visibility_control.h
[1.191s] -- Up-to-date: /home/hima/bachelors/rbkairos_ws/install/robotnik_perception_msgs/include/robotnik_perception_msgs/robotnik_perception_msgs/msg/detail
[1.191s] -- Up-to-date: /home/hima/bachelors/rbkairos_ws/install/robotnik_perception_msgs/include/robotnik_perception_msgs/robotnik_perception_msgs/msg/detail/detection__type_support.c
[1.191s] -- Up-to-date: /home/hima/bachelors/rbkairos_ws/install/robotnik_perception_msgs/include/robotnik_perception_msgs/robotnik_perception_msgs/msg/detail/detection_array__rosidl_typesupport_introspection_c.h
[1.191s] -- Up-to-date: /home/hima/bachelors/rbkairos_ws/install/robotnik_perception_msgs/include/robotnik_perception_msgs/robotnik_perception_msgs/msg/detail/detection__rosidl_typesupport_introspection_c.h
[1.191s] -- Up-to-date: /home/hima/bachelors/rbkairos_ws/install/robotnik_perception_msgs/include/robotnik_perception_msgs/robotnik_perception_msgs/msg/detail/detection_array__type_support.c
[1.192s] -- Up-to-date: /home/hima/bachelors/rbkairos_ws/install/robotnik_perception_msgs/lib/librobotnik_perception_msgs__rosidl_typesupport_introspection_c.so
[1.192s] -- Up-to-date: /home/hima/bachelors/rbkairos_ws/install/robotnik_perception_msgs/lib/librobotnik_perception_msgs__rosidl_typesupport_c.so
[1.192s] -- Up-to-date: /home/hima/bachelors/rbkairos_ws/install/robotnik_perception_msgs/include/robotnik_perception_msgs/robotnik_perception_msgs
[1.192s] -- Up-to-date: /home/hima/bachelors/rbkairos_ws/install/robotnik_perception_msgs/include/robotnik_perception_msgs/robotnik_perception_msgs/msg
[1.193s] -- Up-to-date: /home/hima/bachelors/rbkairos_ws/install/robotnik_perception_msgs/include/robotnik_perception_msgs/robotnik_perception_msgs/msg/detail
[1.194s] -- Up-to-date: /home/hima/bachelors/rbkairos_ws/install/robotnik_perception_msgs/include/robotnik_perception_msgs/robotnik_perception_msgs/msg/detail/detection_array__type_support.cpp
[1.195s] -- Up-to-date: /home/hima/bachelors/rbkairos_ws/install/robotnik_perception_msgs/include/robotnik_perception_msgs/robotnik_perception_msgs/msg/detail/detection_array__rosidl_typesupport_introspection_cpp.hpp
[1.195s] -- Up-to-date: /home/hima/bachelors/rbkairos_ws/install/robotnik_perception_msgs/include/robotnik_perception_msgs/robotnik_perception_msgs/msg/detail/detection__rosidl_typesupport_introspection_cpp.hpp
[1.196s] -- Up-to-date: /home/hima/bachelors/rbkairos_ws/install/robotnik_perception_msgs/include/robotnik_perception_msgs/robotnik_perception_msgs/msg/detail/detection__type_support.cpp
[1.197s] -- Up-to-date: /home/hima/bachelors/rbkairos_ws/install/robotnik_perception_msgs/lib/librobotnik_perception_msgs__rosidl_typesupport_introspection_cpp.so
[1.198s] -- Up-to-date: /home/hima/bachelors/rbkairos_ws/install/robotnik_perception_msgs/lib/librobotnik_perception_msgs__rosidl_typesupport_cpp.so
[1.201s] -- Up-to-date: /home/hima/bachelors/rbkairos_ws/install/robotnik_perception_msgs/share/robotnik_perception_msgs/environment/pythonpath.sh
[1.201s] -- Up-to-date: /home/hima/bachelors/rbkairos_ws/install/robotnik_perception_msgs/share/robotnik_perception_msgs/environment/pythonpath.dsv
[1.202s] -- Up-to-date: /home/hima/bachelors/rbkairos_ws/install/robotnik_perception_msgs/local/lib/python3.10/dist-packages/robotnik_perception_msgs-1.0.0-py3.10.egg-info
[1.203s] -- Installing: /home/hima/bachelors/rbkairos_ws/install/robotnik_perception_msgs/local/lib/python3.10/dist-packages/robotnik_perception_msgs-1.0.0-py3.10.egg-info/top_level.txt
[1.203s] -- Installing: /home/hima/bachelors/rbkairos_ws/install/robotnik_perception_msgs/local/lib/python3.10/dist-packages/robotnik_perception_msgs-1.0.0-py3.10.egg-info/PKG-INFO
[1.204s] -- Installing: /home/hima/bachelors/rbkairos_ws/install/robotnik_perception_msgs/local/lib/python3.10/dist-packages/robotnik_perception_msgs-1.0.0-py3.10.egg-info/SOURCES.txt
[1.205s] -- Installing: /home/hima/bachelors/rbkairos_ws/install/robotnik_perception_msgs/local/lib/python3.10/dist-packages/robotnik_perception_msgs-1.0.0-py3.10.egg-info/dependency_links.txt
[1.205s] -- Up-to-date: /home/hima/bachelors/rbkairos_ws/install/robotnik_perception_msgs/local/lib/python3.10/dist-packages/robotnik_perception_msgs
[1.206s] -- Up-to-date: /home/hima/bachelors/rbkairos_ws/install/robotnik_perception_msgs/local/lib/python3.10/dist-packages/robotnik_perception_msgs/robotnik_perception_msgs_s__rosidl_typesupport_c.cpython-310-x86_64-linux-gnu.so
[1.206s] -- Up-to-date: /home/hima/bachelors/rbkairos_ws/install/robotnik_perception_msgs/local/lib/python3.10/dist-packages/robotnik_perception_msgs/_robotnik_perception_msgs_s.ep.rosidl_typesupport_c.c
[1.206s] -- Up-to-date: /home/hima/bachelors/rbkairos_ws/install/robotnik_perception_msgs/local/lib/python3.10/dist-packages/robotnik_perception_msgs/robotnik_perception_msgs_s__rosidl_typesupport_introspection_c.cpython-310-x86_64-linux-gnu.so
[1.206s] -- Up-to-date: /home/hima/bachelors/rbkairos_ws/install/robotnik_perception_msgs/local/lib/python3.10/dist-packages/robotnik_perception_msgs/msg
[1.206s] -- Up-to-date: /home/hima/bachelors/rbkairos_ws/install/robotnik_perception_msgs/local/lib/python3.10/dist-packages/robotnik_perception_msgs/msg/_detection_s.c
[1.206s] -- Up-to-date: /home/hima/bachelors/rbkairos_ws/install/robotnik_perception_msgs/local/lib/python3.10/dist-packages/robotnik_perception_msgs/msg/_detection.py
[1.206s] -- Up-to-date: /home/hima/bachelors/rbkairos_ws/install/robotnik_perception_msgs/local/lib/python3.10/dist-packages/robotnik_perception_msgs/msg/__init__.py
[1.206s] -- Up-to-date: /home/hima/bachelors/rbkairos_ws/install/robotnik_perception_msgs/local/lib/python3.10/dist-packages/robotnik_perception_msgs/msg/_detection_array.py
[1.206s] -- Up-to-date: /home/hima/bachelors/rbkairos_ws/install/robotnik_perception_msgs/local/lib/python3.10/dist-packages/robotnik_perception_msgs/msg/_detection_array_s.c
[1.206s] -- Up-to-date: /home/hima/bachelors/rbkairos_ws/install/robotnik_perception_msgs/local/lib/python3.10/dist-packages/robotnik_perception_msgs/_robotnik_perception_msgs_s.ep.rosidl_typesupport_fastrtps_c.c
[1.207s] -- Up-to-date: /home/hima/bachelors/rbkairos_ws/install/robotnik_perception_msgs/local/lib/python3.10/dist-packages/robotnik_perception_msgs/__init__.py
[1.207s] -- Up-to-date: /home/hima/bachelors/rbkairos_ws/install/robotnik_perception_msgs/local/lib/python3.10/dist-packages/robotnik_perception_msgs/robotnik_perception_msgs_s__rosidl_typesupport_fastrtps_c.cpython-310-x86_64-linux-gnu.so
[1.207s] -- Up-to-date: /home/hima/bachelors/rbkairos_ws/install/robotnik_perception_msgs/local/lib/python3.10/dist-packages/robotnik_perception_msgs/librobotnik_perception_msgs__rosidl_generator_py.so
[1.207s] -- Up-to-date: /home/hima/bachelors/rbkairos_ws/install/robotnik_perception_msgs/local/lib/python3.10/dist-packages/robotnik_perception_msgs/_robotnik_perception_msgs_s.ep.rosidl_typesupport_introspection_c.c
[1.272s] Listing '/home/hima/bachelors/rbkairos_ws/install/robotnik_perception_msgs/local/lib/python3.10/dist-packages/robotnik_perception_msgs'...
[1.272s] Listing '/home/hima/bachelors/rbkairos_ws/install/robotnik_perception_msgs/local/lib/python3.10/dist-packages/robotnik_perception_msgs/msg'...
[1.285s] -- Up-to-date: /home/hima/bachelors/rbkairos_ws/install/robotnik_perception_msgs/local/lib/python3.10/dist-packages/robotnik_perception_msgs/robotnik_perception_msgs_s__rosidl_typesupport_fastrtps_c.cpython-310-x86_64-linux-gnu.so
[1.287s] -- Up-to-date: /home/hima/bachelors/rbkairos_ws/install/robotnik_perception_msgs/local/lib/python3.10/dist-packages/robotnik_perception_msgs/robotnik_perception_msgs_s__rosidl_typesupport_introspection_c.cpython-310-x86_64-linux-gnu.so
[1.288s] -- Up-to-date: /home/hima/bachelors/rbkairos_ws/install/robotnik_perception_msgs/local/lib/python3.10/dist-packages/robotnik_perception_msgs/robotnik_perception_msgs_s__rosidl_typesupport_c.cpython-310-x86_64-linux-gnu.so
[1.289s] -- Up-to-date: /home/hima/bachelors/rbkairos_ws/install/robotnik_perception_msgs/lib/librobotnik_perception_msgs__rosidl_generator_py.so
[1.290s] -- Up-to-date: /home/hima/bachelors/rbkairos_ws/install/robotnik_perception_msgs/share/robotnik_perception_msgs/msg/Detection.idl
[1.291s] -- Up-to-date: /home/hima/bachelors/rbkairos_ws/install/robotnik_perception_msgs/share/robotnik_perception_msgs/msg/DetectionArray.idl
[1.292s] -- Up-to-date: /home/hima/bachelors/rbkairos_ws/install/robotnik_perception_msgs/share/robotnik_perception_msgs/msg/Detection.msg
[1.293s] -- Up-to-date: /home/hima/bachelors/rbkairos_ws/install/robotnik_perception_msgs/share/robotnik_perception_msgs/msg/DetectionArray.msg
[1.293s] -- Up-to-date: /home/hima/bachelors/rbkairos_ws/install/robotnik_perception_msgs/share/ament_index/resource_index/package_run_dependencies/robotnik_perception_msgs
[1.293s] -- Up-to-date: /home/hima/bachelors/rbkairos_ws/install/robotnik_perception_msgs/share/ament_index/resource_index/parent_prefix_path/robotnik_perception_msgs
[1.294s] -- Up-to-date: /home/hima/bachelors/rbkairos_ws/install/robotnik_perception_msgs/share/robotnik_perception_msgs/environment/ament_prefix_path.sh
[1.294s] -- Up-to-date: /home/hima/bachelors/rbkairos_ws/install/robotnik_perception_msgs/share/robotnik_perception_msgs/environment/ament_prefix_path.dsv
[1.294s] -- Up-to-date: /home/hima/bachelors/rbkairos_ws/install/robotnik_perception_msgs/share/robotnik_perception_msgs/environment/path.sh
[1.294s] -- Up-to-date: /home/hima/bachelors/rbkairos_ws/install/robotnik_perception_msgs/share/robotnik_perception_msgs/environment/path.dsv
[1.294s] -- Up-to-date: /home/hima/bachelors/rbkairos_ws/install/robotnik_perception_msgs/share/robotnik_perception_msgs/local_setup.bash
[1.294s] -- Up-to-date: /home/hima/bachelors/rbkairos_ws/install/robotnik_perception_msgs/share/robotnik_perception_msgs/local_setup.sh
[1.294s] -- Up-to-date: /home/hima/bachelors/rbkairos_ws/install/robotnik_perception_msgs/share/robotnik_perception_msgs/local_setup.zsh
[1.294s] -- Up-to-date: /home/hima/bachelors/rbkairos_ws/install/robotnik_perception_msgs/share/robotnik_perception_msgs/local_setup.dsv
[1.295s] -- Installing: /home/hima/bachelors/rbkairos_ws/install/robotnik_perception_msgs/share/robotnik_perception_msgs/package.dsv
[1.295s] -- Up-to-date: /home/hima/bachelors/rbkairos_ws/install/robotnik_perception_msgs/share/ament_index/resource_index/packages/robotnik_perception_msgs
[1.295s] -- Up-to-date: /home/hima/bachelors/rbkairos_ws/install/robotnik_perception_msgs/share/robotnik_perception_msgs/cmake/export_robotnik_perception_msgs__rosidl_generator_cExport.cmake
[1.295s] -- Up-to-date: /home/hima/bachelors/rbkairos_ws/install/robotnik_perception_msgs/share/robotnik_perception_msgs/cmake/export_robotnik_perception_msgs__rosidl_generator_cExport-noconfig.cmake
[1.295s] -- Up-to-date: /home/hima/bachelors/rbkairos_ws/install/robotnik_perception_msgs/share/robotnik_perception_msgs/cmake/export_robotnik_perception_msgs__rosidl_typesupport_fastrtps_cExport.cmake
[1.295s] -- Up-to-date: /home/hima/bachelors/rbkairos_ws/install/robotnik_perception_msgs/share/robotnik_perception_msgs/cmake/export_robotnik_perception_msgs__rosidl_typesupport_fastrtps_cExport-noconfig.cmake
[1.296s] -- Up-to-date: /home/hima/bachelors/rbkairos_ws/install/robotnik_perception_msgs/share/robotnik_perception_msgs/cmake/export_robotnik_perception_msgs__rosidl_generator_cppExport.cmake
[1.296s] -- Up-to-date: /home/hima/bachelors/rbkairos_ws/install/robotnik_perception_msgs/share/robotnik_perception_msgs/cmake/export_robotnik_perception_msgs__rosidl_typesupport_fastrtps_cppExport.cmake
[1.296s] -- Up-to-date: /home/hima/bachelors/rbkairos_ws/install/robotnik_perception_msgs/share/robotnik_perception_msgs/cmake/export_robotnik_perception_msgs__rosidl_typesupport_fastrtps_cppExport-noconfig.cmake
[1.296s] -- Up-to-date: /home/hima/bachelors/rbkairos_ws/install/robotnik_perception_msgs/share/robotnik_perception_msgs/cmake/robotnik_perception_msgs__rosidl_typesupport_introspection_cExport.cmake
[1.296s] -- Up-to-date: /home/hima/bachelors/rbkairos_ws/install/robotnik_perception_msgs/share/robotnik_perception_msgs/cmake/robotnik_perception_msgs__rosidl_typesupport_introspection_cExport-noconfig.cmake
[1.296s] -- Up-to-date: /home/hima/bachelors/rbkairos_ws/install/robotnik_perception_msgs/share/robotnik_perception_msgs/cmake/robotnik_perception_msgs__rosidl_typesupport_cExport.cmake
[1.296s] -- Up-to-date: /home/hima/bachelors/rbkairos_ws/install/robotnik_perception_msgs/share/robotnik_perception_msgs/cmake/robotnik_perception_msgs__rosidl_typesupport_cExport-noconfig.cmake
[1.296s] -- Up-to-date: /home/hima/bachelors/rbkairos_ws/install/robotnik_perception_msgs/share/robotnik_perception_msgs/cmake/robotnik_perception_msgs__rosidl_typesupport_introspection_cppExport.cmake
[1.296s] -- Up-to-date: /home/hima/bachelors/rbkairos_ws/install/robotnik_perception_msgs/share/robotnik_perception_msgs/cmake/robotnik_perception_msgs__rosidl_typesupport_introspection_cppExport-noconfig.cmake
[1.297s] -- Up-to-date: /home/hima/bachelors/rbkairos_ws/install/robotnik_perception_msgs/share/robotnik_perception_msgs/cmake/robotnik_perception_msgs__rosidl_typesupport_cppExport.cmake
[1.297s] -- Up-to-date: /home/hima/bachelors/rbkairos_ws/install/robotnik_perception_msgs/share/robotnik_perception_msgs/cmake/robotnik_perception_msgs__rosidl_typesupport_cppExport-noconfig.cmake
[1.297s] -- Up-to-date: /home/hima/bachelors/rbkairos_ws/install/robotnik_perception_msgs/share/robotnik_perception_msgs/cmake/export_robotnik_perception_msgs__rosidl_generator_pyExport.cmake
[1.297s] -- Up-to-date: /home/hima/bachelors/rbkairos_ws/install/robotnik_perception_msgs/share/robotnik_perception_msgs/cmake/export_robotnik_perception_msgs__rosidl_generator_pyExport-noconfig.cmake
[1.297s] -- Up-to-date: /home/hima/bachelors/rbkairos_ws/install/robotnik_perception_msgs/share/robotnik_perception_msgs/cmake/rosidl_cmake-extras.cmake
[1.297s] -- Up-to-date: /home/hima/bachelors/rbkairos_ws/install/robotnik_perception_msgs/share/robotnik_perception_msgs/cmake/ament_cmake_export_dependencies-extras.cmake
[1.297s] -- Up-to-date: /home/hima/bachelors/rbkairos_ws/install/robotnik_perception_msgs/share/robotnik_perception_msgs/cmake/ament_cmake_export_include_directories-extras.cmake
[1.297s] -- Up-to-date: /home/hima/bachelors/rbkairos_ws/install/robotnik_perception_msgs/share/robotnik_perception_msgs/cmake/ament_cmake_export_libraries-extras.cmake
[1.298s] -- Up-to-date: /home/hima/bachelors/rbkairos_ws/install/robotnik_perception_msgs/share/robotnik_perception_msgs/cmake/ament_cmake_export_targets-extras.cmake
[1.298s] -- Up-to-date: /home/hima/bachelors/rbkairos_ws/install/robotnik_perception_msgs/share/robotnik_perception_msgs/cmake/rosidl_cmake_export_typesupport_targets-extras.cmake
[1.298s] -- Up-to-date: /home/hima/bachelors/rbkairos_ws/install/robotnik_perception_msgs/share/robotnik_perception_msgs/cmake/rosidl_cmake_export_typesupport_libraries-extras.cmake
[1.298s] -- Up-to-date: /home/hima/bachelors/rbkairos_ws/install/robotnik_perception_msgs/share/robotnik_perception_msgs/cmake/robotnik_perception_msgsConfig.cmake
[1.298s] -- Up-to-date: /home/hima/bachelors/rbkairos_ws/install/robotnik_perception_msgs/share/robotnik_perception_msgs/cmake/robotnik_perception_msgsConfig-version.cmake
[1.298s] -- Up-to-date: /home/hima/bachelors/rbkairos_ws/install/robotnik_perception_msgs/share/robotnik_perception_msgs/package.xml
[1.311s] Invoked command in '/home/hima/bachelors/rbkairos_ws/build/robotnik_perception_msgs' returned '0': CMAKE_PREFIX_PATH=${CMAKE_PREFIX_PATH}:/opt/ros/humble /usr/bin/cmake --install /home/hima/bachelors/rbkairos_ws/build/robotnik_perception_msgs
