[ 50%] [32mBuilding CXX object CMakeFiles/ros2_laser_scan_merger.dir/src/main.cpp.o[0m
[01m[K/home/hima/bachelors/rbkairos_ws/src/merge_scan/src/main.cpp:[m[K In member function ‘[01m[Kvoid scanMerger::update_point_cloud_rgb()[m[K’:
[01m[K/home/hima/bachelors/rbkairos_ws/src/merge_scan/src/main.cpp:76:57:[m[K [01;35m[Kwarning: [m[Kcomparison of integer expressions of different signedness: ‘[01m[Kint[m[K’ and ‘[01m[Kstd::vector<float>::size_type[m[K’ {aka ‘[01m[Klong unsigned int[m[K’} [[01;35m[K]8;;https://gcc.gnu.org/onlinedocs/gcc/Warning-Options.html#index-Wsign-compare-Wsign-compare]8;;[m[K]
   76 |       for (float i = temp_min_; i <= temp_max_ && [01;35m[Kcount < laser1_->ranges.size()[m[K;
      |                                                   [01;35m[K~~~~~~^~~~~~~~~~~~~~~~~~~~~~~~[m[K
[01m[K/home/hima/bachelors/rbkairos_ws/src/merge_scan/src/main.cpp:157:57:[m[K [01;35m[Kwarning: [m[Kcomparison of integer expressions of different signedness: ‘[01m[Kint[m[K’ and ‘[01m[Kstd::vector<float>::size_type[m[K’ {aka ‘[01m[Klong unsigned int[m[K’} [[01;35m[K]8;;https://gcc.gnu.org/onlinedocs/gcc/Warning-Options.html#index-Wsign-compare-Wsign-compare]8;;[m[K]
  157 |       for (float i = temp_min_; i <= temp_max_ && [01;35m[Kcount < laser2_->ranges.size()[m[K;
      |                                                   [01;35m[K~~~~~~^~~~~~~~~~~~~~~~~~~~~~~~[m[K
[100%] [32m[1mLinking CXX executable ros2_laser_scan_merger[0m
[100%] Built target ros2_laser_scan_merger
-- Install configuration: ""
-- Up-to-date: /home/hima/bachelors/rbkairos_ws/install/ros2_laser_scan_merger/share/ros2_laser_scan_merger/launch
-- Up-to-date: /home/hima/bachelors/rbkairos_ws/install/ros2_laser_scan_merger/share/ros2_laser_scan_merger/launch/merge_2_scan.launch.py
-- Up-to-date: /home/hima/bachelors/rbkairos_ws/install/ros2_laser_scan_merger/share/ros2_laser_scan_merger/launch/visualize_merge_2_scan.launch.py
-- Up-to-date: /home/hima/bachelors/rbkairos_ws/install/ros2_laser_scan_merger/share/ros2_laser_scan_merger/config
-- Up-to-date: /home/hima/bachelors/rbkairos_ws/install/ros2_laser_scan_merger/share/ros2_laser_scan_merger/config/params.yaml
-- Up-to-date: /home/hima/bachelors/rbkairos_ws/install/ros2_laser_scan_merger/share/ros2_laser_scan_merger/rviz
-- Up-to-date: /home/hima/bachelors/rbkairos_ws/install/ros2_laser_scan_merger/share/ros2_laser_scan_merger/rviz/ros2_laser_scan_merge.rviz
-- Installing: /home/hima/bachelors/rbkairos_ws/install/ros2_laser_scan_merger/lib/ros2_laser_scan_merger/ros2_laser_scan_merger
-- Set runtime path of "/home/hima/bachelors/rbkairos_ws/install/ros2_laser_scan_merger/lib/ros2_laser_scan_merger/ros2_laser_scan_merger" to ""
-- Up-to-date: /home/hima/bachelors/rbkairos_ws/install/ros2_laser_scan_merger/share/ament_index/resource_index/package_run_dependencies/ros2_laser_scan_merger
-- Up-to-date: /home/hima/bachelors/rbkairos_ws/install/ros2_laser_scan_merger/share/ament_index/resource_index/parent_prefix_path/ros2_laser_scan_merger
-- Up-to-date: /home/hima/bachelors/rbkairos_ws/install/ros2_laser_scan_merger/share/ros2_laser_scan_merger/environment/ament_prefix_path.sh
-- Up-to-date: /home/hima/bachelors/rbkairos_ws/install/ros2_laser_scan_merger/share/ros2_laser_scan_merger/environment/ament_prefix_path.dsv
-- Up-to-date: /home/hima/bachelors/rbkairos_ws/install/ros2_laser_scan_merger/share/ros2_laser_scan_merger/environment/path.sh
-- Up-to-date: /home/hima/bachelors/rbkairos_ws/install/ros2_laser_scan_merger/share/ros2_laser_scan_merger/environment/path.dsv
-- Up-to-date: /home/hima/bachelors/rbkairos_ws/install/ros2_laser_scan_merger/share/ros2_laser_scan_merger/local_setup.bash
-- Up-to-date: /home/hima/bachelors/rbkairos_ws/install/ros2_laser_scan_merger/share/ros2_laser_scan_merger/local_setup.sh
-- Up-to-date: /home/hima/bachelors/rbkairos_ws/install/ros2_laser_scan_merger/share/ros2_laser_scan_merger/local_setup.zsh
-- Up-to-date: /home/hima/bachelors/rbkairos_ws/install/ros2_laser_scan_merger/share/ros2_laser_scan_merger/local_setup.dsv
-- Installing: /home/hima/bachelors/rbkairos_ws/install/ros2_laser_scan_merger/share/ros2_laser_scan_merger/package.dsv
-- Up-to-date: /home/hima/bachelors/rbkairos_ws/install/ros2_laser_scan_merger/share/ament_index/resource_index/packages/ros2_laser_scan_merger
-- Up-to-date: /home/hima/bachelors/rbkairos_ws/install/ros2_laser_scan_merger/share/ros2_laser_scan_merger/cmake/ros2_laser_scan_mergerConfig.cmake
-- Up-to-date: /home/hima/bachelors/rbkairos_ws/install/ros2_laser_scan_merger/share/ros2_laser_scan_merger/cmake/ros2_laser_scan_mergerConfig-version.cmake
-- Up-to-date: /home/hima/bachelors/rbkairos_ws/install/ros2_laser_scan_merger/share/ros2_laser_scan_merger/package.xml
