[0.039s] Invoking command in '/home/hima/bachelors/rbkairos_ws/build/robotnik_controllers_msgs': CMAKE_PREFIX_PATH=/home/hima/bachelors/rbkairos_ws/install/robotnik_common_msgs:/home/hima/bachelors/rbkairos_ws/install/ros2_laser_scan_merger:/home/hima/bachelors/rbkairos_ws/install/ros2_laser_scan_matcher:/home/hima/bachelors/rbkairos_ws/install/robotnik_supervisor_msgs:/home/hima/bachelors/rbkairos_ws/install/robotnik_gazebo_ignition:/home/hima/bachelors/rbkairos_ws/install/robotnik_gazebo_classic:/home/hima/bachelors/rbkairos_ws/install/mapping:/home/hima/bachelors/rbkairos_ws/install/robotnik_description:/home/hima/bachelors/rbkairos_ws/install/robotnik_sensors:/home/hima/bachelors/rbkairos_ws/install/robotnik_interfaces:/home/hima/bachelors/rbkairos_ws/install/robotnik_safety_msgs:/home/hima/bachelors/rbkairos_ws/install/robotnik_perception_msgs:/home/hima/bachelors/rbkairos_ws/install/robotnik_navigation_msgs:/home/hima/bachelors/rbkairos_ws/install/robotnik_io_msgs:/home/hima/bachelors/rbkairos_ws/install/robotnik_controllers_msgs:/home/hima/bachelors/rbkairos_ws/install/robotnik_common:/home/hima/bachelors/rbkairos_ws/install/robotnik_battery_msgs:/home/hima/bachelors/rbkairos_ws/install/csm:/opt/ros/humble LD_LIBRARY_PATH=/home/hima/bachelors/rbkairos_ws/install/robotnik_common_msgs/lib:/home/hima/bachelors/rbkairos_ws/install/robotnik_supervisor_msgs/lib:/home/hima/bachelors/rbkairos_ws/install/robotnik_perception_msgs/lib:/home/hima/bachelors/rbkairos_ws/install/robotnik_navigation_msgs/lib:/home/hima/bachelors/rbkairos_ws/install/robotnik_io_msgs/lib:/home/hima/bachelors/rbkairos_ws/install/robotnik_controllers_msgs/lib:/home/hima/bachelors/rbkairos_ws/install/robotnik_battery_msgs/lib:/home/hima/bachelors/rbkairos_ws/install/csm/lib:/usr/lib/x86_64-linux-gnu/gazebo-11/plugins:/opt/ros/humble/opt/rviz_ogre_vendor/lib:/opt/ros/humble/lib/x86_64-linux-gnu:/opt/ros/humble/lib /usr/bin/cmake --build /home/hima/bachelors/rbkairos_ws/build/robotnik_controllers_msgs -- -j16 -l16
[0.123s] [  1%] Built target robotnik_controllers_msgs__cpp
[0.128s] [ 12%] Built target robotnik_controllers_msgs__rosidl_generator_c
[0.144s] [ 12%] Built target ament_cmake_python_copy_robotnik_controllers_msgs
[0.199s] [ 23%] Built target robotnik_controllers_msgs__rosidl_typesupport_introspection_cpp
[0.200s] [ 34%] Built target robotnik_controllers_msgs__rosidl_typesupport_cpp
[0.212s] [ 45%] Built target robotnik_controllers_msgs__rosidl_typesupport_fastrtps_cpp
[0.218s] [ 56%] Built target robotnik_controllers_msgs__rosidl_typesupport_introspection_c
[0.221s] [ 67%] Built target robotnik_controllers_msgs__rosidl_typesupport_c
[0.222s] [ 78%] Built target robotnik_controllers_msgs__rosidl_typesupport_fastrtps_c
[0.269s] [ 78%] Built target robotnik_controllers_msgs
[0.304s] [ 80%] Built target robotnik_controllers_msgs__py
[0.344s] [ 89%] Built target robotnik_controllers_msgs__rosidl_generator_py
[0.384s] [ 92%] Built target robotnik_controllers_msgs__rosidl_typesupport_introspection_c__pyext
[0.384s] [ 96%] Built target robotnik_controllers_msgs__rosidl_typesupport_fastrtps_c__pyext
[0.388s] [100%] Built target robotnik_controllers_msgs__rosidl_typesupport_c__pyext
[0.631s] running egg_info
[0.632s] writing robotnik_controllers_msgs.egg-info/PKG-INFO
[0.632s] writing dependency_links to robotnik_controllers_msgs.egg-info/dependency_links.txt
[0.633s] writing top-level names to robotnik_controllers_msgs.egg-info/top_level.txt
[0.637s] reading manifest file 'robotnik_controllers_msgs.egg-info/SOURCES.txt'
[0.638s] writing manifest file 'robotnik_controllers_msgs.egg-info/SOURCES.txt'
[0.683s] [100%] Built target ament_cmake_python_build_robotnik_controllers_msgs_egg
[0.700s] Invoked command in '/home/hima/bachelors/rbkairos_ws/build/robotnik_controllers_msgs' returned '0': CMAKE_PREFIX_PATH=/home/hima/bachelors/rbkairos_ws/install/robotnik_common_msgs:/home/hima/bachelors/rbkairos_ws/install/ros2_laser_scan_merger:/home/hima/bachelors/rbkairos_ws/install/ros2_laser_scan_matcher:/home/hima/bachelors/rbkairos_ws/install/robotnik_supervisor_msgs:/home/hima/bachelors/rbkairos_ws/install/robotnik_gazebo_ignition:/home/hima/bachelors/rbkairos_ws/install/robotnik_gazebo_classic:/home/hima/bachelors/rbkairos_ws/install/mapping:/home/hima/bachelors/rbkairos_ws/install/robotnik_description:/home/hima/bachelors/rbkairos_ws/install/robotnik_sensors:/home/hima/bachelors/rbkairos_ws/install/robotnik_interfaces:/home/hima/bachelors/rbkairos_ws/install/robotnik_safety_msgs:/home/hima/bachelors/rbkairos_ws/install/robotnik_perception_msgs:/home/hima/bachelors/rbkairos_ws/install/robotnik_navigation_msgs:/home/hima/bachelors/rbkairos_ws/install/robotnik_io_msgs:/home/hima/bachelors/rbkairos_ws/install/robotnik_controllers_msgs:/home/hima/bachelors/rbkairos_ws/install/robotnik_common:/home/hima/bachelors/rbkairos_ws/install/robotnik_battery_msgs:/home/hima/bachelors/rbkairos_ws/install/csm:/opt/ros/humble LD_LIBRARY_PATH=/home/hima/bachelors/rbkairos_ws/install/robotnik_common_msgs/lib:/home/hima/bachelors/rbkairos_ws/install/robotnik_supervisor_msgs/lib:/home/hima/bachelors/rbkairos_ws/install/robotnik_perception_msgs/lib:/home/hima/bachelors/rbkairos_ws/install/robotnik_navigation_msgs/lib:/home/hima/bachelors/rbkairos_ws/install/robotnik_io_msgs/lib:/home/hima/bachelors/rbkairos_ws/install/robotnik_controllers_msgs/lib:/home/hima/bachelors/rbkairos_ws/install/robotnik_battery_msgs/lib:/home/hima/bachelors/rbkairos_ws/install/csm/lib:/usr/lib/x86_64-linux-gnu/gazebo-11/plugins:/opt/ros/humble/opt/rviz_ogre_vendor/lib:/opt/ros/humble/lib/x86_64-linux-gnu:/opt/ros/humble/lib /usr/bin/cmake --build /home/hima/bachelors/rbkairos_ws/build/robotnik_controllers_msgs -- -j16 -l16
[0.703s] Invoking command in '/home/hima/bachelors/rbkairos_ws/build/robotnik_controllers_msgs': CMAKE_PREFIX_PATH=/home/hima/bachelors/rbkairos_ws/install/robotnik_common_msgs:/home/hima/bachelors/rbkairos_ws/install/ros2_laser_scan_merger:/home/hima/bachelors/rbkairos_ws/install/ros2_laser_scan_matcher:/home/hima/bachelors/rbkairos_ws/install/robotnik_supervisor_msgs:/home/hima/bachelors/rbkairos_ws/install/robotnik_gazebo_ignition:/home/hima/bachelors/rbkairos_ws/install/robotnik_gazebo_classic:/home/hima/bachelors/rbkairos_ws/install/mapping:/home/hima/bachelors/rbkairos_ws/install/robotnik_description:/home/hima/bachelors/rbkairos_ws/install/robotnik_sensors:/home/hima/bachelors/rbkairos_ws/install/robotnik_interfaces:/home/hima/bachelors/rbkairos_ws/install/robotnik_safety_msgs:/home/hima/bachelors/rbkairos_ws/install/robotnik_perception_msgs:/home/hima/bachelors/rbkairos_ws/install/robotnik_navigation_msgs:/home/hima/bachelors/rbkairos_ws/install/robotnik_io_msgs:/home/hima/bachelors/rbkairos_ws/install/robotnik_controllers_msgs:/home/hima/bachelors/rbkairos_ws/install/robotnik_common:/home/hima/bachelors/rbkairos_ws/install/robotnik_battery_msgs:/home/hima/bachelors/rbkairos_ws/install/csm:/opt/ros/humble LD_LIBRARY_PATH=/home/hima/bachelors/rbkairos_ws/install/robotnik_common_msgs/lib:/home/hima/bachelors/rbkairos_ws/install/robotnik_supervisor_msgs/lib:/home/hima/bachelors/rbkairos_ws/install/robotnik_perception_msgs/lib:/home/hima/bachelors/rbkairos_ws/install/robotnik_navigation_msgs/lib:/home/hima/bachelors/rbkairos_ws/install/robotnik_io_msgs/lib:/home/hima/bachelors/rbkairos_ws/install/robotnik_controllers_msgs/lib:/home/hima/bachelors/rbkairos_ws/install/robotnik_battery_msgs/lib:/home/hima/bachelors/rbkairos_ws/install/csm/lib:/usr/lib/x86_64-linux-gnu/gazebo-11/plugins:/opt/ros/humble/opt/rviz_ogre_vendor/lib:/opt/ros/humble/lib/x86_64-linux-gnu:/opt/ros/humble/lib /usr/bin/cmake --install /home/hima/bachelors/rbkairos_ws/build/robotnik_controllers_msgs
[0.716s] -- Install configuration: ""
[0.716s] -- Up-to-date: /home/hima/bachelors/rbkairos_ws/install/robotnik_controllers_msgs/share/ament_index/resource_index/rosidl_interfaces/robotnik_controllers_msgs
[0.716s] -- Up-to-date: /home/hima/bachelors/rbkairos_ws/install/robotnik_controllers_msgs/include/robotnik_controllers_msgs/robotnik_controllers_msgs
[0.716s] -- Up-to-date: /home/hima/bachelors/rbkairos_ws/install/robotnik_controllers_msgs/include/robotnik_controllers_msgs/robotnik_controllers_msgs/srv
[0.716s] -- Up-to-date: /home/hima/bachelors/rbkairos_ws/install/robotnik_controllers_msgs/include/robotnik_controllers_msgs/robotnik_controllers_msgs/srv/set_odometry.h
[0.716s] -- Up-to-date: /home/hima/bachelors/rbkairos_ws/install/robotnik_controllers_msgs/include/robotnik_controllers_msgs/robotnik_controllers_msgs/srv/available_kinematics.h
[0.716s] -- Up-to-date: /home/hima/bachelors/rbkairos_ws/install/robotnik_controllers_msgs/include/robotnik_controllers_msgs/robotnik_controllers_msgs/srv/change_kinematics.h
[0.716s] -- Up-to-date: /home/hima/bachelors/rbkairos_ws/install/robotnik_controllers_msgs/include/robotnik_controllers_msgs/robotnik_controllers_msgs/srv/detail
[0.717s] -- Up-to-date: /home/hima/bachelors/rbkairos_ws/install/robotnik_controllers_msgs/include/robotnik_controllers_msgs/robotnik_controllers_msgs/srv/detail/set_odometry__type_support.h
[0.717s] -- Up-to-date: /home/hima/bachelors/rbkairos_ws/install/robotnik_controllers_msgs/include/robotnik_controllers_msgs/robotnik_controllers_msgs/srv/detail/available_kinematics__type_support.h
[0.717s] -- Up-to-date: /home/hima/bachelors/rbkairos_ws/install/robotnik_controllers_msgs/include/robotnik_controllers_msgs/robotnik_controllers_msgs/srv/detail/set_odometry__struct.h
[0.717s] -- Up-to-date: /home/hima/bachelors/rbkairos_ws/install/robotnik_controllers_msgs/include/robotnik_controllers_msgs/robotnik_controllers_msgs/srv/detail/available_kinematics__functions.c
[0.717s] -- Up-to-date: /home/hima/bachelors/rbkairos_ws/install/robotnik_controllers_msgs/include/robotnik_controllers_msgs/robotnik_controllers_msgs/srv/detail/change_kinematics__functions.h
[0.717s] -- Up-to-date: /home/hima/bachelors/rbkairos_ws/install/robotnik_controllers_msgs/include/robotnik_controllers_msgs/robotnik_controllers_msgs/srv/detail/set_odometry__functions.h
[0.717s] -- Up-to-date: /home/hima/bachelors/rbkairos_ws/install/robotnik_controllers_msgs/include/robotnik_controllers_msgs/robotnik_controllers_msgs/srv/detail/available_kinematics__functions.h
[0.717s] -- Up-to-date: /home/hima/bachelors/rbkairos_ws/install/robotnik_controllers_msgs/include/robotnik_controllers_msgs/robotnik_controllers_msgs/srv/detail/change_kinematics__struct.h
[0.718s] -- Up-to-date: /home/hima/bachelors/rbkairos_ws/install/robotnik_controllers_msgs/include/robotnik_controllers_msgs/robotnik_controllers_msgs/srv/detail/set_odometry__functions.c
[0.718s] -- Up-to-date: /home/hima/bachelors/rbkairos_ws/install/robotnik_controllers_msgs/include/robotnik_controllers_msgs/robotnik_controllers_msgs/srv/detail/available_kinematics__struct.h
[0.718s] -- Up-to-date: /home/hima/bachelors/rbkairos_ws/install/robotnik_controllers_msgs/include/robotnik_controllers_msgs/robotnik_controllers_msgs/srv/detail/change_kinematics__functions.c
[0.718s] -- Up-to-date: /home/hima/bachelors/rbkairos_ws/install/robotnik_controllers_msgs/include/robotnik_controllers_msgs/robotnik_controllers_msgs/srv/detail/change_kinematics__type_support.h
[0.718s] -- Up-to-date: /home/hima/bachelors/rbkairos_ws/install/robotnik_controllers_msgs/include/robotnik_controllers_msgs/robotnik_controllers_msgs/msg
[0.718s] -- Up-to-date: /home/hima/bachelors/rbkairos_ws/install/robotnik_controllers_msgs/include/robotnik_controllers_msgs/robotnik_controllers_msgs/msg/controller_state.h
[0.718s] -- Up-to-date: /home/hima/bachelors/rbkairos_ws/install/robotnik_controllers_msgs/include/robotnik_controllers_msgs/robotnik_controllers_msgs/msg/detail
[0.718s] -- Up-to-date: /home/hima/bachelors/rbkairos_ws/install/robotnik_controllers_msgs/include/robotnik_controllers_msgs/robotnik_controllers_msgs/msg/detail/controller_state__functions.h
[0.718s] -- Up-to-date: /home/hima/bachelors/rbkairos_ws/install/robotnik_controllers_msgs/include/robotnik_controllers_msgs/robotnik_controllers_msgs/msg/detail/controller_state__functions.c
[0.718s] -- Up-to-date: /home/hima/bachelors/rbkairos_ws/install/robotnik_controllers_msgs/include/robotnik_controllers_msgs/robotnik_controllers_msgs/msg/detail/controller_state__struct.h
[0.719s] -- Up-to-date: /home/hima/bachelors/rbkairos_ws/install/robotnik_controllers_msgs/include/robotnik_controllers_msgs/robotnik_controllers_msgs/msg/detail/controller_state__type_support.h
[0.719s] -- Up-to-date: /home/hima/bachelors/rbkairos_ws/install/robotnik_controllers_msgs/include/robotnik_controllers_msgs/robotnik_controllers_msgs/msg/rosidl_generator_c__visibility_control.h
[0.719s] -- Up-to-date: /home/hima/bachelors/rbkairos_ws/install/robotnik_controllers_msgs/share/robotnik_controllers_msgs/environment/library_path.sh
[0.719s] -- Up-to-date: /home/hima/bachelors/rbkairos_ws/install/robotnik_controllers_msgs/share/robotnik_controllers_msgs/environment/library_path.dsv
[0.719s] -- Up-to-date: /home/hima/bachelors/rbkairos_ws/install/robotnik_controllers_msgs/lib/librobotnik_controllers_msgs__rosidl_generator_c.so
[0.719s] -- Up-to-date: /home/hima/bachelors/rbkairos_ws/install/robotnik_controllers_msgs/include/robotnik_controllers_msgs/robotnik_controllers_msgs
[0.719s] -- Up-to-date: /home/hima/bachelors/rbkairos_ws/install/robotnik_controllers_msgs/include/robotnik_controllers_msgs/robotnik_controllers_msgs/srv
[0.719s] -- Up-to-date: /home/hima/bachelors/rbkairos_ws/install/robotnik_controllers_msgs/include/robotnik_controllers_msgs/robotnik_controllers_msgs/srv/detail
[0.719s] -- Up-to-date: /home/hima/bachelors/rbkairos_ws/install/robotnik_controllers_msgs/include/robotnik_controllers_msgs/robotnik_controllers_msgs/srv/detail/change_kinematics__rosidl_typesupport_fastrtps_c.h
[0.719s] -- Up-to-date: /home/hima/bachelors/rbkairos_ws/install/robotnik_controllers_msgs/include/robotnik_controllers_msgs/robotnik_controllers_msgs/srv/detail/available_kinematics__rosidl_typesupport_fastrtps_c.h
[0.720s] -- Up-to-date: /home/hima/bachelors/rbkairos_ws/install/robotnik_controllers_msgs/include/robotnik_controllers_msgs/robotnik_controllers_msgs/srv/detail/set_odometry__rosidl_typesupport_fastrtps_c.h
[0.720s] -- Up-to-date: /home/hima/bachelors/rbkairos_ws/install/robotnik_controllers_msgs/include/robotnik_controllers_msgs/robotnik_controllers_msgs/msg
[0.720s] -- Up-to-date: /home/hima/bachelors/rbkairos_ws/install/robotnik_controllers_msgs/include/robotnik_controllers_msgs/robotnik_controllers_msgs/msg/rosidl_typesupport_fastrtps_c__visibility_control.h
[0.721s] -- Up-to-date: /home/hima/bachelors/rbkairos_ws/install/robotnik_controllers_msgs/include/robotnik_controllers_msgs/robotnik_controllers_msgs/msg/detail
[0.721s] -- Up-to-date: /home/hima/bachelors/rbkairos_ws/install/robotnik_controllers_msgs/include/robotnik_controllers_msgs/robotnik_controllers_msgs/msg/detail/controller_state__rosidl_typesupport_fastrtps_c.h
[0.721s] -- Up-to-date: /home/hima/bachelors/rbkairos_ws/install/robotnik_controllers_msgs/lib/librobotnik_controllers_msgs__rosidl_typesupport_fastrtps_c.so
[0.721s] -- Up-to-date: /home/hima/bachelors/rbkairos_ws/install/robotnik_controllers_msgs/include/robotnik_controllers_msgs/robotnik_controllers_msgs
[0.722s] -- Up-to-date: /home/hima/bachelors/rbkairos_ws/install/robotnik_controllers_msgs/include/robotnik_controllers_msgs/robotnik_controllers_msgs/srv
[0.722s] -- Up-to-date: /home/hima/bachelors/rbkairos_ws/install/robotnik_controllers_msgs/include/robotnik_controllers_msgs/robotnik_controllers_msgs/srv/available_kinematics.hpp
[0.722s] -- Up-to-date: /home/hima/bachelors/rbkairos_ws/install/robotnik_controllers_msgs/include/robotnik_controllers_msgs/robotnik_controllers_msgs/srv/change_kinematics.hpp
[0.722s] -- Up-to-date: /home/hima/bachelors/rbkairos_ws/install/robotnik_controllers_msgs/include/robotnik_controllers_msgs/robotnik_controllers_msgs/srv/detail
[0.722s] -- Up-to-date: /home/hima/bachelors/rbkairos_ws/install/robotnik_controllers_msgs/include/robotnik_controllers_msgs/robotnik_controllers_msgs/srv/detail/set_odometry__type_support.hpp
[0.723s] -- Up-to-date: /home/hima/bachelors/rbkairos_ws/install/robotnik_controllers_msgs/include/robotnik_controllers_msgs/robotnik_controllers_msgs/srv/detail/change_kinematics__traits.hpp
[0.723s] -- Up-to-date: /home/hima/bachelors/rbkairos_ws/install/robotnik_controllers_msgs/include/robotnik_controllers_msgs/robotnik_controllers_msgs/srv/detail/available_kinematics__traits.hpp
[0.723s] -- Up-to-date: /home/hima/bachelors/rbkairos_ws/install/robotnik_controllers_msgs/include/robotnik_controllers_msgs/robotnik_controllers_msgs/srv/detail/set_odometry__traits.hpp
[0.723s] -- Up-to-date: /home/hima/bachelors/rbkairos_ws/install/robotnik_controllers_msgs/include/robotnik_controllers_msgs/robotnik_controllers_msgs/srv/detail/available_kinematics__type_support.hpp
[0.723s] -- Up-to-date: /home/hima/bachelors/rbkairos_ws/install/robotnik_controllers_msgs/include/robotnik_controllers_msgs/robotnik_controllers_msgs/srv/detail/change_kinematics__type_support.hpp
[0.723s] -- Up-to-date: /home/hima/bachelors/rbkairos_ws/install/robotnik_controllers_msgs/include/robotnik_controllers_msgs/robotnik_controllers_msgs/srv/detail/change_kinematics__struct.hpp
[0.723s] -- Up-to-date: /home/hima/bachelors/rbkairos_ws/install/robotnik_controllers_msgs/include/robotnik_controllers_msgs/robotnik_controllers_msgs/srv/detail/available_kinematics__builder.hpp
[0.723s] -- Up-to-date: /home/hima/bachelors/rbkairos_ws/install/robotnik_controllers_msgs/include/robotnik_controllers_msgs/robotnik_controllers_msgs/srv/detail/set_odometry__struct.hpp
[0.723s] -- Up-to-date: /home/hima/bachelors/rbkairos_ws/install/robotnik_controllers_msgs/include/robotnik_controllers_msgs/robotnik_controllers_msgs/srv/detail/available_kinematics__struct.hpp
[0.723s] -- Up-to-date: /home/hima/bachelors/rbkairos_ws/install/robotnik_controllers_msgs/include/robotnik_controllers_msgs/robotnik_controllers_msgs/srv/detail/set_odometry__builder.hpp
[0.724s] -- Up-to-date: /home/hima/bachelors/rbkairos_ws/install/robotnik_controllers_msgs/include/robotnik_controllers_msgs/robotnik_controllers_msgs/srv/detail/change_kinematics__builder.hpp
[0.724s] -- Up-to-date: /home/hima/bachelors/rbkairos_ws/install/robotnik_controllers_msgs/include/robotnik_controllers_msgs/robotnik_controllers_msgs/srv/set_odometry.hpp
[0.724s] -- Up-to-date: /home/hima/bachelors/rbkairos_ws/install/robotnik_controllers_msgs/include/robotnik_controllers_msgs/robotnik_controllers_msgs/msg
[0.724s] -- Up-to-date: /home/hima/bachelors/rbkairos_ws/install/robotnik_controllers_msgs/include/robotnik_controllers_msgs/robotnik_controllers_msgs/msg/rosidl_generator_cpp__visibility_control.hpp
[0.724s] -- Up-to-date: /home/hima/bachelors/rbkairos_ws/install/robotnik_controllers_msgs/include/robotnik_controllers_msgs/robotnik_controllers_msgs/msg/detail
[0.724s] -- Up-to-date: /home/hima/bachelors/rbkairos_ws/install/robotnik_controllers_msgs/include/robotnik_controllers_msgs/robotnik_controllers_msgs/msg/detail/controller_state__type_support.hpp
[0.724s] -- Up-to-date: /home/hima/bachelors/rbkairos_ws/install/robotnik_controllers_msgs/include/robotnik_controllers_msgs/robotnik_controllers_msgs/msg/detail/controller_state__traits.hpp
[0.724s] -- Up-to-date: /home/hima/bachelors/rbkairos_ws/install/robotnik_controllers_msgs/include/robotnik_controllers_msgs/robotnik_controllers_msgs/msg/detail/controller_state__struct.hpp
[0.724s] -- Up-to-date: /home/hima/bachelors/rbkairos_ws/install/robotnik_controllers_msgs/include/robotnik_controllers_msgs/robotnik_controllers_msgs/msg/detail/controller_state__builder.hpp
[0.724s] -- Up-to-date: /home/hima/bachelors/rbkairos_ws/install/robotnik_controllers_msgs/include/robotnik_controllers_msgs/robotnik_controllers_msgs/msg/controller_state.hpp
[0.724s] -- Up-to-date: /home/hima/bachelors/rbkairos_ws/install/robotnik_controllers_msgs/include/robotnik_controllers_msgs/robotnik_controllers_msgs
[0.724s] -- Up-to-date: /home/hima/bachelors/rbkairos_ws/install/robotnik_controllers_msgs/include/robotnik_controllers_msgs/robotnik_controllers_msgs/srv
[0.724s] -- Up-to-date: /home/hima/bachelors/rbkairos_ws/install/robotnik_controllers_msgs/include/robotnik_controllers_msgs/robotnik_controllers_msgs/srv/detail
[0.725s] -- Up-to-date: /home/hima/bachelors/rbkairos_ws/install/robotnik_controllers_msgs/include/robotnik_controllers_msgs/robotnik_controllers_msgs/srv/detail/available_kinematics__rosidl_typesupport_fastrtps_cpp.hpp
[0.725s] -- Up-to-date: /home/hima/bachelors/rbkairos_ws/install/robotnik_controllers_msgs/include/robotnik_controllers_msgs/robotnik_controllers_msgs/srv/detail/change_kinematics__rosidl_typesupport_fastrtps_cpp.hpp
[0.725s] -- Up-to-date: /home/hima/bachelors/rbkairos_ws/install/robotnik_controllers_msgs/include/robotnik_controllers_msgs/robotnik_controllers_msgs/srv/detail/dds_fastrtps
[0.725s] -- Up-to-date: /home/hima/bachelors/rbkairos_ws/install/robotnik_controllers_msgs/include/robotnik_controllers_msgs/robotnik_controllers_msgs/srv/detail/set_odometry__rosidl_typesupport_fastrtps_cpp.hpp
[0.725s] -- Up-to-date: /home/hima/bachelors/rbkairos_ws/install/robotnik_controllers_msgs/include/robotnik_controllers_msgs/robotnik_controllers_msgs/msg
[0.725s] -- Up-to-date: /home/hima/bachelors/rbkairos_ws/install/robotnik_controllers_msgs/include/robotnik_controllers_msgs/robotnik_controllers_msgs/msg/rosidl_typesupport_fastrtps_cpp__visibility_control.h
[0.725s] -- Up-to-date: /home/hima/bachelors/rbkairos_ws/install/robotnik_controllers_msgs/include/robotnik_controllers_msgs/robotnik_controllers_msgs/msg/detail
[0.725s] -- Up-to-date: /home/hima/bachelors/rbkairos_ws/install/robotnik_controllers_msgs/include/robotnik_controllers_msgs/robotnik_controllers_msgs/msg/detail/dds_fastrtps
[0.725s] -- Up-to-date: /home/hima/bachelors/rbkairos_ws/install/robotnik_controllers_msgs/include/robotnik_controllers_msgs/robotnik_controllers_msgs/msg/detail/controller_state__rosidl_typesupport_fastrtps_cpp.hpp
[0.725s] -- Up-to-date: /home/hima/bachelors/rbkairos_ws/install/robotnik_controllers_msgs/lib/librobotnik_controllers_msgs__rosidl_typesupport_fastrtps_cpp.so
[0.725s] -- Up-to-date: /home/hima/bachelors/rbkairos_ws/install/robotnik_controllers_msgs/include/robotnik_controllers_msgs/robotnik_controllers_msgs
[0.725s] -- Up-to-date: /home/hima/bachelors/rbkairos_ws/install/robotnik_controllers_msgs/include/robotnik_controllers_msgs/robotnik_controllers_msgs/srv
[0.726s] -- Up-to-date: /home/hima/bachelors/rbkairos_ws/install/robotnik_controllers_msgs/include/robotnik_controllers_msgs/robotnik_controllers_msgs/srv/detail
[0.726s] -- Up-to-date: /home/hima/bachelors/rbkairos_ws/install/robotnik_controllers_msgs/include/robotnik_controllers_msgs/robotnik_controllers_msgs/srv/detail/set_odometry__type_support.c
[0.726s] -- Up-to-date: /home/hima/bachelors/rbkairos_ws/install/robotnik_controllers_msgs/include/robotnik_controllers_msgs/robotnik_controllers_msgs/srv/detail/set_odometry__rosidl_typesupport_introspection_c.h
[0.726s] -- Up-to-date: /home/hima/bachelors/rbkairos_ws/install/robotnik_controllers_msgs/include/robotnik_controllers_msgs/robotnik_controllers_msgs/srv/detail/change_kinematics__type_support.c
[0.726s] -- Up-to-date: /home/hima/bachelors/rbkairos_ws/install/robotnik_controllers_msgs/include/robotnik_controllers_msgs/robotnik_controllers_msgs/srv/detail/change_kinematics__rosidl_typesupport_introspection_c.h
[0.726s] -- Up-to-date: /home/hima/bachelors/rbkairos_ws/install/robotnik_controllers_msgs/include/robotnik_controllers_msgs/robotnik_controllers_msgs/srv/detail/available_kinematics__type_support.c
[0.726s] -- Up-to-date: /home/hima/bachelors/rbkairos_ws/install/robotnik_controllers_msgs/include/robotnik_controllers_msgs/robotnik_controllers_msgs/srv/detail/available_kinematics__rosidl_typesupport_introspection_c.h
[0.726s] -- Up-to-date: /home/hima/bachelors/rbkairos_ws/install/robotnik_controllers_msgs/include/robotnik_controllers_msgs/robotnik_controllers_msgs/msg
[0.726s] -- Up-to-date: /home/hima/bachelors/rbkairos_ws/install/robotnik_controllers_msgs/include/robotnik_controllers_msgs/robotnik_controllers_msgs/msg/rosidl_typesupport_introspection_c__visibility_control.h
[0.726s] -- Up-to-date: /home/hima/bachelors/rbkairos_ws/install/robotnik_controllers_msgs/include/robotnik_controllers_msgs/robotnik_controllers_msgs/msg/detail
[0.726s] -- Up-to-date: /home/hima/bachelors/rbkairos_ws/install/robotnik_controllers_msgs/include/robotnik_controllers_msgs/robotnik_controllers_msgs/msg/detail/controller_state__rosidl_typesupport_introspection_c.h
[0.726s] -- Up-to-date: /home/hima/bachelors/rbkairos_ws/install/robotnik_controllers_msgs/include/robotnik_controllers_msgs/robotnik_controllers_msgs/msg/detail/controller_state__type_support.c
[0.726s] -- Up-to-date: /home/hima/bachelors/rbkairos_ws/install/robotnik_controllers_msgs/lib/librobotnik_controllers_msgs__rosidl_typesupport_introspection_c.so
[0.726s] -- Up-to-date: /home/hima/bachelors/rbkairos_ws/install/robotnik_controllers_msgs/lib/librobotnik_controllers_msgs__rosidl_typesupport_c.so
[0.727s] -- Up-to-date: /home/hima/bachelors/rbkairos_ws/install/robotnik_controllers_msgs/include/robotnik_controllers_msgs/robotnik_controllers_msgs
[0.727s] -- Up-to-date: /home/hima/bachelors/rbkairos_ws/install/robotnik_controllers_msgs/include/robotnik_controllers_msgs/robotnik_controllers_msgs/srv
[0.727s] -- Up-to-date: /home/hima/bachelors/rbkairos_ws/install/robotnik_controllers_msgs/include/robotnik_controllers_msgs/robotnik_controllers_msgs/srv/detail
[0.727s] -- Up-to-date: /home/hima/bachelors/rbkairos_ws/install/robotnik_controllers_msgs/include/robotnik_controllers_msgs/robotnik_controllers_msgs/srv/detail/change_kinematics__rosidl_typesupport_introspection_cpp.hpp
[0.727s] -- Up-to-date: /home/hima/bachelors/rbkairos_ws/install/robotnik_controllers_msgs/include/robotnik_controllers_msgs/robotnik_controllers_msgs/srv/detail/change_kinematics__type_support.cpp
[0.727s] -- Up-to-date: /home/hima/bachelors/rbkairos_ws/install/robotnik_controllers_msgs/include/robotnik_controllers_msgs/robotnik_controllers_msgs/srv/detail/available_kinematics__type_support.cpp
[0.727s] -- Up-to-date: /home/hima/bachelors/rbkairos_ws/install/robotnik_controllers_msgs/include/robotnik_controllers_msgs/robotnik_controllers_msgs/srv/detail/set_odometry__rosidl_typesupport_introspection_cpp.hpp
[0.727s] -- Up-to-date: /home/hima/bachelors/rbkairos_ws/install/robotnik_controllers_msgs/include/robotnik_controllers_msgs/robotnik_controllers_msgs/srv/detail/set_odometry__type_support.cpp
[0.727s] -- Up-to-date: /home/hima/bachelors/rbkairos_ws/install/robotnik_controllers_msgs/include/robotnik_controllers_msgs/robotnik_controllers_msgs/srv/detail/available_kinematics__rosidl_typesupport_introspection_cpp.hpp
[0.727s] -- Up-to-date: /home/hima/bachelors/rbkairos_ws/install/robotnik_controllers_msgs/include/robotnik_controllers_msgs/robotnik_controllers_msgs/msg
[0.727s] -- Up-to-date: /home/hima/bachelors/rbkairos_ws/install/robotnik_controllers_msgs/include/robotnik_controllers_msgs/robotnik_controllers_msgs/msg/detail
[0.727s] -- Up-to-date: /home/hima/bachelors/rbkairos_ws/install/robotnik_controllers_msgs/include/robotnik_controllers_msgs/robotnik_controllers_msgs/msg/detail/controller_state__rosidl_typesupport_introspection_cpp.hpp
[0.727s] -- Up-to-date: /home/hima/bachelors/rbkairos_ws/install/robotnik_controllers_msgs/include/robotnik_controllers_msgs/robotnik_controllers_msgs/msg/detail/controller_state__type_support.cpp
[0.728s] -- Up-to-date: /home/hima/bachelors/rbkairos_ws/install/robotnik_controllers_msgs/lib/librobotnik_controllers_msgs__rosidl_typesupport_introspection_cpp.so
[0.728s] -- Up-to-date: /home/hima/bachelors/rbkairos_ws/install/robotnik_controllers_msgs/lib/librobotnik_controllers_msgs__rosidl_typesupport_cpp.so
[0.728s] -- Up-to-date: /home/hima/bachelors/rbkairos_ws/install/robotnik_controllers_msgs/share/robotnik_controllers_msgs/environment/pythonpath.sh
[0.728s] -- Up-to-date: /home/hima/bachelors/rbkairos_ws/install/robotnik_controllers_msgs/share/robotnik_controllers_msgs/environment/pythonpath.dsv
[0.728s] -- Up-to-date: /home/hima/bachelors/rbkairos_ws/install/robotnik_controllers_msgs/local/lib/python3.10/dist-packages/robotnik_controllers_msgs-1.0.0-py3.10.egg-info
[0.728s] -- Installing: /home/hima/bachelors/rbkairos_ws/install/robotnik_controllers_msgs/local/lib/python3.10/dist-packages/robotnik_controllers_msgs-1.0.0-py3.10.egg-info/top_level.txt
[0.728s] -- Installing: /home/hima/bachelors/rbkairos_ws/install/robotnik_controllers_msgs/local/lib/python3.10/dist-packages/robotnik_controllers_msgs-1.0.0-py3.10.egg-info/PKG-INFO
[0.728s] -- Installing: /home/hima/bachelors/rbkairos_ws/install/robotnik_controllers_msgs/local/lib/python3.10/dist-packages/robotnik_controllers_msgs-1.0.0-py3.10.egg-info/SOURCES.txt
[0.728s] -- Installing: /home/hima/bachelors/rbkairos_ws/install/robotnik_controllers_msgs/local/lib/python3.10/dist-packages/robotnik_controllers_msgs-1.0.0-py3.10.egg-info/dependency_links.txt
[0.728s] -- Up-to-date: /home/hima/bachelors/rbkairos_ws/install/robotnik_controllers_msgs/local/lib/python3.10/dist-packages/robotnik_controllers_msgs
[0.728s] -- Up-to-date: /home/hima/bachelors/rbkairos_ws/install/robotnik_controllers_msgs/local/lib/python3.10/dist-packages/robotnik_controllers_msgs/_robotnik_controllers_msgs_s.ep.rosidl_typesupport_fastrtps_c.c
[0.728s] -- Up-to-date: /home/hima/bachelors/rbkairos_ws/install/robotnik_controllers_msgs/local/lib/python3.10/dist-packages/robotnik_controllers_msgs/_robotnik_controllers_msgs_s.ep.rosidl_typesupport_introspection_c.c
[0.728s] -- Up-to-date: /home/hima/bachelors/rbkairos_ws/install/robotnik_controllers_msgs/local/lib/python3.10/dist-packages/robotnik_controllers_msgs/robotnik_controllers_msgs_s__rosidl_typesupport_c.cpython-310-x86_64-linux-gnu.so
[0.728s] -- Up-to-date: /home/hima/bachelors/rbkairos_ws/install/robotnik_controllers_msgs/local/lib/python3.10/dist-packages/robotnik_controllers_msgs/robotnik_controllers_msgs_s__rosidl_typesupport_introspection_c.cpython-310-x86_64-linux-gnu.so
[0.728s] -- Up-to-date: /home/hima/bachelors/rbkairos_ws/install/robotnik_controllers_msgs/local/lib/python3.10/dist-packages/robotnik_controllers_msgs/srv
[0.728s] -- Up-to-date: /home/hima/bachelors/rbkairos_ws/install/robotnik_controllers_msgs/local/lib/python3.10/dist-packages/robotnik_controllers_msgs/srv/_set_odometry.py
[0.728s] -- Up-to-date: /home/hima/bachelors/rbkairos_ws/install/robotnik_controllers_msgs/local/lib/python3.10/dist-packages/robotnik_controllers_msgs/srv/_change_kinematics_s.c
[0.728s] -- Up-to-date: /home/hima/bachelors/rbkairos_ws/install/robotnik_controllers_msgs/local/lib/python3.10/dist-packages/robotnik_controllers_msgs/srv/_available_kinematics_s.c
[0.728s] -- Up-to-date: /home/hima/bachelors/rbkairos_ws/install/robotnik_controllers_msgs/local/lib/python3.10/dist-packages/robotnik_controllers_msgs/srv/_available_kinematics.py
[0.728s] -- Up-to-date: /home/hima/bachelors/rbkairos_ws/install/robotnik_controllers_msgs/local/lib/python3.10/dist-packages/robotnik_controllers_msgs/srv/__init__.py
[0.728s] -- Up-to-date: /home/hima/bachelors/rbkairos_ws/install/robotnik_controllers_msgs/local/lib/python3.10/dist-packages/robotnik_controllers_msgs/srv/_set_odometry_s.c
[0.729s] -- Up-to-date: /home/hima/bachelors/rbkairos_ws/install/robotnik_controllers_msgs/local/lib/python3.10/dist-packages/robotnik_controllers_msgs/srv/_change_kinematics.py
[0.729s] -- Up-to-date: /home/hima/bachelors/rbkairos_ws/install/robotnik_controllers_msgs/local/lib/python3.10/dist-packages/robotnik_controllers_msgs/_robotnik_controllers_msgs_s.ep.rosidl_typesupport_c.c
[0.729s] -- Up-to-date: /home/hima/bachelors/rbkairos_ws/install/robotnik_controllers_msgs/local/lib/python3.10/dist-packages/robotnik_controllers_msgs/msg
[0.729s] -- Up-to-date: /home/hima/bachelors/rbkairos_ws/install/robotnik_controllers_msgs/local/lib/python3.10/dist-packages/robotnik_controllers_msgs/msg/_controller_state.py
[0.729s] -- Up-to-date: /home/hima/bachelors/rbkairos_ws/install/robotnik_controllers_msgs/local/lib/python3.10/dist-packages/robotnik_controllers_msgs/msg/__init__.py
[0.729s] -- Up-to-date: /home/hima/bachelors/rbkairos_ws/install/robotnik_controllers_msgs/local/lib/python3.10/dist-packages/robotnik_controllers_msgs/msg/_controller_state_s.c
[0.729s] -- Up-to-date: /home/hima/bachelors/rbkairos_ws/install/robotnik_controllers_msgs/local/lib/python3.10/dist-packages/robotnik_controllers_msgs/__init__.py
[0.729s] -- Up-to-date: /home/hima/bachelors/rbkairos_ws/install/robotnik_controllers_msgs/local/lib/python3.10/dist-packages/robotnik_controllers_msgs/librobotnik_controllers_msgs__rosidl_generator_py.so
[0.729s] -- Up-to-date: /home/hima/bachelors/rbkairos_ws/install/robotnik_controllers_msgs/local/lib/python3.10/dist-packages/robotnik_controllers_msgs/robotnik_controllers_msgs_s__rosidl_typesupport_fastrtps_c.cpython-310-x86_64-linux-gnu.so
[0.789s] Listing '/home/hima/bachelors/rbkairos_ws/install/robotnik_controllers_msgs/local/lib/python3.10/dist-packages/robotnik_controllers_msgs'...
[0.789s] Listing '/home/hima/bachelors/rbkairos_ws/install/robotnik_controllers_msgs/local/lib/python3.10/dist-packages/robotnik_controllers_msgs/msg'...
[0.789s] Listing '/home/hima/bachelors/rbkairos_ws/install/robotnik_controllers_msgs/local/lib/python3.10/dist-packages/robotnik_controllers_msgs/srv'...
[0.800s] -- Up-to-date: /home/hima/bachelors/rbkairos_ws/install/robotnik_controllers_msgs/local/lib/python3.10/dist-packages/robotnik_controllers_msgs/robotnik_controllers_msgs_s__rosidl_typesupport_fastrtps_c.cpython-310-x86_64-linux-gnu.so
[0.800s] -- Up-to-date: /home/hima/bachelors/rbkairos_ws/install/robotnik_controllers_msgs/local/lib/python3.10/dist-packages/robotnik_controllers_msgs/robotnik_controllers_msgs_s__rosidl_typesupport_introspection_c.cpython-310-x86_64-linux-gnu.so
[0.800s] -- Up-to-date: /home/hima/bachelors/rbkairos_ws/install/robotnik_controllers_msgs/local/lib/python3.10/dist-packages/robotnik_controllers_msgs/robotnik_controllers_msgs_s__rosidl_typesupport_c.cpython-310-x86_64-linux-gnu.so
[0.800s] -- Up-to-date: /home/hima/bachelors/rbkairos_ws/install/robotnik_controllers_msgs/lib/librobotnik_controllers_msgs__rosidl_generator_py.so
[0.801s] -- Up-to-date: /home/hima/bachelors/rbkairos_ws/install/robotnik_controllers_msgs/share/robotnik_controllers_msgs/msg/ControllerState.idl
[0.801s] -- Up-to-date: /home/hima/bachelors/rbkairos_ws/install/robotnik_controllers_msgs/share/robotnik_controllers_msgs/srv/AvailableKinematics.idl
[0.802s] -- Up-to-date: /home/hima/bachelors/rbkairos_ws/install/robotnik_controllers_msgs/share/robotnik_controllers_msgs/srv/ChangeKinematics.idl
[0.803s] -- Up-to-date: /home/hima/bachelors/rbkairos_ws/install/robotnik_controllers_msgs/share/robotnik_controllers_msgs/srv/SetOdometry.idl
[0.803s] -- Up-to-date: /home/hima/bachelors/rbkairos_ws/install/robotnik_controllers_msgs/share/robotnik_controllers_msgs/msg/ControllerState.msg
[0.803s] -- Up-to-date: /home/hima/bachelors/rbkairos_ws/install/robotnik_controllers_msgs/share/robotnik_controllers_msgs/srv/AvailableKinematics.srv
[0.803s] -- Up-to-date: /home/hima/bachelors/rbkairos_ws/install/robotnik_controllers_msgs/share/robotnik_controllers_msgs/srv/AvailableKinematics_Request.msg
[0.803s] -- Up-to-date: /home/hima/bachelors/rbkairos_ws/install/robotnik_controllers_msgs/share/robotnik_controllers_msgs/srv/AvailableKinematics_Response.msg
[0.803s] -- Up-to-date: /home/hima/bachelors/rbkairos_ws/install/robotnik_controllers_msgs/share/robotnik_controllers_msgs/srv/ChangeKinematics.srv
[0.803s] -- Up-to-date: /home/hima/bachelors/rbkairos_ws/install/robotnik_controllers_msgs/share/robotnik_controllers_msgs/srv/ChangeKinematics_Request.msg
[0.803s] -- Up-to-date: /home/hima/bachelors/rbkairos_ws/install/robotnik_controllers_msgs/share/robotnik_controllers_msgs/srv/ChangeKinematics_Response.msg
[0.805s] -- Up-to-date: /home/hima/bachelors/rbkairos_ws/install/robotnik_controllers_msgs/share/robotnik_controllers_msgs/srv/SetOdometry.srv
[0.805s] -- Up-to-date: /home/hima/bachelors/rbkairos_ws/install/robotnik_controllers_msgs/share/robotnik_controllers_msgs/srv/SetOdometry_Request.msg
[0.806s] -- Up-to-date: /home/hima/bachelors/rbkairos_ws/install/robotnik_controllers_msgs/share/robotnik_controllers_msgs/srv/SetOdometry_Response.msg
[0.806s] -- Up-to-date: /home/hima/bachelors/rbkairos_ws/install/robotnik_controllers_msgs/share/ament_index/resource_index/package_run_dependencies/robotnik_controllers_msgs
[0.806s] -- Up-to-date: /home/hima/bachelors/rbkairos_ws/install/robotnik_controllers_msgs/share/ament_index/resource_index/parent_prefix_path/robotnik_controllers_msgs
[0.807s] -- Up-to-date: /home/hima/bachelors/rbkairos_ws/install/robotnik_controllers_msgs/share/robotnik_controllers_msgs/environment/ament_prefix_path.sh
[0.807s] -- Up-to-date: /home/hima/bachelors/rbkairos_ws/install/robotnik_controllers_msgs/share/robotnik_controllers_msgs/environment/ament_prefix_path.dsv
[0.807s] -- Up-to-date: /home/hima/bachelors/rbkairos_ws/install/robotnik_controllers_msgs/share/robotnik_controllers_msgs/environment/path.sh
[0.807s] -- Up-to-date: /home/hima/bachelors/rbkairos_ws/install/robotnik_controllers_msgs/share/robotnik_controllers_msgs/environment/path.dsv
[0.808s] -- Up-to-date: /home/hima/bachelors/rbkairos_ws/install/robotnik_controllers_msgs/share/robotnik_controllers_msgs/local_setup.bash
[0.808s] -- Up-to-date: /home/hima/bachelors/rbkairos_ws/install/robotnik_controllers_msgs/share/robotnik_controllers_msgs/local_setup.sh
[0.808s] -- Up-to-date: /home/hima/bachelors/rbkairos_ws/install/robotnik_controllers_msgs/share/robotnik_controllers_msgs/local_setup.zsh
[0.808s] -- Up-to-date: /home/hima/bachelors/rbkairos_ws/install/robotnik_controllers_msgs/share/robotnik_controllers_msgs/local_setup.dsv
[0.808s] -- Installing: /home/hima/bachelors/rbkairos_ws/install/robotnik_controllers_msgs/share/robotnik_controllers_msgs/package.dsv
[0.808s] -- Up-to-date: /home/hima/bachelors/rbkairos_ws/install/robotnik_controllers_msgs/share/ament_index/resource_index/packages/robotnik_controllers_msgs
[0.808s] -- Up-to-date: /home/hima/bachelors/rbkairos_ws/install/robotnik_controllers_msgs/share/robotnik_controllers_msgs/cmake/export_robotnik_controllers_msgs__rosidl_generator_cExport.cmake
[0.808s] -- Up-to-date: /home/hima/bachelors/rbkairos_ws/install/robotnik_controllers_msgs/share/robotnik_controllers_msgs/cmake/export_robotnik_controllers_msgs__rosidl_generator_cExport-noconfig.cmake
[0.809s] -- Up-to-date: /home/hima/bachelors/rbkairos_ws/install/robotnik_controllers_msgs/share/robotnik_controllers_msgs/cmake/export_robotnik_controllers_msgs__rosidl_typesupport_fastrtps_cExport.cmake
[0.809s] -- Up-to-date: /home/hima/bachelors/rbkairos_ws/install/robotnik_controllers_msgs/share/robotnik_controllers_msgs/cmake/export_robotnik_controllers_msgs__rosidl_typesupport_fastrtps_cExport-noconfig.cmake
[0.809s] -- Up-to-date: /home/hima/bachelors/rbkairos_ws/install/robotnik_controllers_msgs/share/robotnik_controllers_msgs/cmake/export_robotnik_controllers_msgs__rosidl_generator_cppExport.cmake
[0.809s] -- Up-to-date: /home/hima/bachelors/rbkairos_ws/install/robotnik_controllers_msgs/share/robotnik_controllers_msgs/cmake/export_robotnik_controllers_msgs__rosidl_typesupport_fastrtps_cppExport.cmake
[0.809s] -- Up-to-date: /home/hima/bachelors/rbkairos_ws/install/robotnik_controllers_msgs/share/robotnik_controllers_msgs/cmake/export_robotnik_controllers_msgs__rosidl_typesupport_fastrtps_cppExport-noconfig.cmake
[0.810s] -- Up-to-date: /home/hima/bachelors/rbkairos_ws/install/robotnik_controllers_msgs/share/robotnik_controllers_msgs/cmake/robotnik_controllers_msgs__rosidl_typesupport_introspection_cExport.cmake
[0.810s] -- Up-to-date: /home/hima/bachelors/rbkairos_ws/install/robotnik_controllers_msgs/share/robotnik_controllers_msgs/cmake/robotnik_controllers_msgs__rosidl_typesupport_introspection_cExport-noconfig.cmake
[0.810s] -- Up-to-date: /home/hima/bachelors/rbkairos_ws/install/robotnik_controllers_msgs/share/robotnik_controllers_msgs/cmake/robotnik_controllers_msgs__rosidl_typesupport_cExport.cmake
[0.811s] -- Up-to-date: /home/hima/bachelors/rbkairos_ws/install/robotnik_controllers_msgs/share/robotnik_controllers_msgs/cmake/robotnik_controllers_msgs__rosidl_typesupport_cExport-noconfig.cmake
[0.811s] -- Up-to-date: /home/hima/bachelors/rbkairos_ws/install/robotnik_controllers_msgs/share/robotnik_controllers_msgs/cmake/robotnik_controllers_msgs__rosidl_typesupport_introspection_cppExport.cmake
[0.812s] -- Up-to-date: /home/hima/bachelors/rbkairos_ws/install/robotnik_controllers_msgs/share/robotnik_controllers_msgs/cmake/robotnik_controllers_msgs__rosidl_typesupport_introspection_cppExport-noconfig.cmake
[0.812s] -- Up-to-date: /home/hima/bachelors/rbkairos_ws/install/robotnik_controllers_msgs/share/robotnik_controllers_msgs/cmake/robotnik_controllers_msgs__rosidl_typesupport_cppExport.cmake
[0.812s] -- Up-to-date: /home/hima/bachelors/rbkairos_ws/install/robotnik_controllers_msgs/share/robotnik_controllers_msgs/cmake/robotnik_controllers_msgs__rosidl_typesupport_cppExport-noconfig.cmake
[0.812s] -- Up-to-date: /home/hima/bachelors/rbkairos_ws/install/robotnik_controllers_msgs/share/robotnik_controllers_msgs/cmake/export_robotnik_controllers_msgs__rosidl_generator_pyExport.cmake
[0.812s] -- Up-to-date: /home/hima/bachelors/rbkairos_ws/install/robotnik_controllers_msgs/share/robotnik_controllers_msgs/cmake/export_robotnik_controllers_msgs__rosidl_generator_pyExport-noconfig.cmake
[0.812s] -- Up-to-date: /home/hima/bachelors/rbkairos_ws/install/robotnik_controllers_msgs/share/robotnik_controllers_msgs/cmake/rosidl_cmake-extras.cmake
[0.812s] -- Up-to-date: /home/hima/bachelors/rbkairos_ws/install/robotnik_controllers_msgs/share/robotnik_controllers_msgs/cmake/ament_cmake_export_dependencies-extras.cmake
[0.812s] -- Up-to-date: /home/hima/bachelors/rbkairos_ws/install/robotnik_controllers_msgs/share/robotnik_controllers_msgs/cmake/ament_cmake_export_include_directories-extras.cmake
[0.812s] -- Up-to-date: /home/hima/bachelors/rbkairos_ws/install/robotnik_controllers_msgs/share/robotnik_controllers_msgs/cmake/ament_cmake_export_libraries-extras.cmake
[0.812s] -- Up-to-date: /home/hima/bachelors/rbkairos_ws/install/robotnik_controllers_msgs/share/robotnik_controllers_msgs/cmake/ament_cmake_export_targets-extras.cmake
[0.812s] -- Up-to-date: /home/hima/bachelors/rbkairos_ws/install/robotnik_controllers_msgs/share/robotnik_controllers_msgs/cmake/rosidl_cmake_export_typesupport_targets-extras.cmake
[0.812s] -- Up-to-date: /home/hima/bachelors/rbkairos_ws/install/robotnik_controllers_msgs/share/robotnik_controllers_msgs/cmake/rosidl_cmake_export_typesupport_libraries-extras.cmake
[0.812s] -- Up-to-date: /home/hima/bachelors/rbkairos_ws/install/robotnik_controllers_msgs/share/robotnik_controllers_msgs/cmake/robotnik_controllers_msgsConfig.cmake
[0.812s] -- Up-to-date: /home/hima/bachelors/rbkairos_ws/install/robotnik_controllers_msgs/share/robotnik_controllers_msgs/cmake/robotnik_controllers_msgsConfig-version.cmake
[0.812s] -- Up-to-date: /home/hima/bachelors/rbkairos_ws/install/robotnik_controllers_msgs/share/robotnik_controllers_msgs/package.xml
[0.814s] Invoked command in '/home/hima/bachelors/rbkairos_ws/build/robotnik_controllers_msgs' returned '0': CMAKE_PREFIX_PATH=/home/hima/bachelors/rbkairos_ws/install/robotnik_common_msgs:/home/hima/bachelors/rbkairos_ws/install/ros2_laser_scan_merger:/home/hima/bachelors/rbkairos_ws/install/ros2_laser_scan_matcher:/home/hima/bachelors/rbkairos_ws/install/robotnik_supervisor_msgs:/home/hima/bachelors/rbkairos_ws/install/robotnik_gazebo_ignition:/home/hima/bachelors/rbkairos_ws/install/robotnik_gazebo_classic:/home/hima/bachelors/rbkairos_ws/install/mapping:/home/hima/bachelors/rbkairos_ws/install/robotnik_description:/home/hima/bachelors/rbkairos_ws/install/robotnik_sensors:/home/hima/bachelors/rbkairos_ws/install/robotnik_interfaces:/home/hima/bachelors/rbkairos_ws/install/robotnik_safety_msgs:/home/hima/bachelors/rbkairos_ws/install/robotnik_perception_msgs:/home/hima/bachelors/rbkairos_ws/install/robotnik_navigation_msgs:/home/hima/bachelors/rbkairos_ws/install/robotnik_io_msgs:/home/hima/bachelors/rbkairos_ws/install/robotnik_controllers_msgs:/home/hima/bachelors/rbkairos_ws/install/robotnik_common:/home/hima/bachelors/rbkairos_ws/install/robotnik_battery_msgs:/home/hima/bachelors/rbkairos_ws/install/csm:/opt/ros/humble LD_LIBRARY_PATH=/home/hima/bachelors/rbkairos_ws/install/robotnik_common_msgs/lib:/home/hima/bachelors/rbkairos_ws/install/robotnik_supervisor_msgs/lib:/home/hima/bachelors/rbkairos_ws/install/robotnik_perception_msgs/lib:/home/hima/bachelors/rbkairos_ws/install/robotnik_navigation_msgs/lib:/home/hima/bachelors/rbkairos_ws/install/robotnik_io_msgs/lib:/home/hima/bachelors/rbkairos_ws/install/robotnik_controllers_msgs/lib:/home/hima/bachelors/rbkairos_ws/install/robotnik_battery_msgs/lib:/home/hima/bachelors/rbkairos_ws/install/csm/lib:/usr/lib/x86_64-linux-gnu/gazebo-11/plugins:/opt/ros/humble/opt/rviz_ogre_vendor/lib:/opt/ros/humble/lib/x86_64-linux-gnu:/opt/ros/humble/lib /usr/bin/cmake --install /home/hima/bachelors/rbkairos_ws/build/robotnik_controllers_msgs
