[0.022s] Invoking command in '/home/hima/bachelors/rbkairos_ws/build/robotnik_gazebo_classic': AMENT_PREFIX_PATH=/home/hima/bachelors/rbkairos_ws/install/robotnik_description:/home/hima/bachelors/rbkairos_ws/install/robotnik_sensors:/home/hima/bachelors/rbkairos_ws/install/robotnik_common:${AMENT_PREFIX_PATH} CMAKE_PREFIX_PATH=/home/hima/bachelors/rbkairos_ws/install/robotnik_description:/home/hima/bachelors/rbkairos_ws/install/robotnik_sensors:/home/hima/bachelors/rbkairos_ws/install/robotnik_common:/opt/ros/humble PYTHONPATH=/home/hima/bachelors/rbkairos_ws/install/robotnik_common/local/lib/python3.10/dist-packages:${PYTHONPATH} /usr/bin/cmake --build /home/hima/bachelors/rbkairos_ws/build/robotnik_gazebo_classic -- -j16 -l16
[0.098s] Invoked command in '/home/hima/bachelors/rbkairos_ws/build/robotnik_gazebo_classic' returned '0': AMENT_PREFIX_PATH=/home/hima/bachelors/rbkairos_ws/install/robotnik_description:/home/hima/bachelors/rbkairos_ws/install/robotnik_sensors:/home/hima/bachelors/rbkairos_ws/install/robotnik_common:${AMENT_PREFIX_PATH} CMAKE_PREFIX_PATH=/home/hima/bachelors/rbkairos_ws/install/robotnik_description:/home/hima/bachelors/rbkairos_ws/install/robotnik_sensors:/home/hima/bachelors/rbkairos_ws/install/robotnik_common:/opt/ros/humble PYTHONPATH=/home/hima/bachelors/rbkairos_ws/install/robotnik_common/local/lib/python3.10/dist-packages:${PYTHONPATH} /usr/bin/cmake --build /home/hima/bachelors/rbkairos_ws/build/robotnik_gazebo_classic -- -j16 -l16
[0.100s] Invoking command in '/home/hima/bachelors/rbkairos_ws/build/robotnik_gazebo_classic': AMENT_PREFIX_PATH=/home/hima/bachelors/rbkairos_ws/install/robotnik_description:/home/hima/bachelors/rbkairos_ws/install/robotnik_sensors:/home/hima/bachelors/rbkairos_ws/install/robotnik_common:${AMENT_PREFIX_PATH} CMAKE_PREFIX_PATH=/home/hima/bachelors/rbkairos_ws/install/robotnik_description:/home/hima/bachelors/rbkairos_ws/install/robotnik_sensors:/home/hima/bachelors/rbkairos_ws/install/robotnik_common:/opt/ros/humble PYTHONPATH=/home/hima/bachelors/rbkairos_ws/install/robotnik_common/local/lib/python3.10/dist-packages:${PYTHONPATH} /usr/bin/cmake --install /home/hima/bachelors/rbkairos_ws/build/robotnik_gazebo_classic
[0.108s] -- Install configuration: ""
[0.108s] -- Up-to-date: /home/hima/bachelors/rbkairos_ws/install/robotnik_gazebo_classic/share/robotnik_gazebo_classic//launch
[0.109s] -- Up-to-date: /home/hima/bachelors/rbkairos_ws/install/robotnik_gazebo_classic/share/robotnik_gazebo_classic//launch/spawn_demo1.launch .py
[0.109s] -- Up-to-date: /home/hima/bachelors/rbkairos_ws/install/robotnik_gazebo_classic/share/robotnik_gazebo_classic//launch/spawn_robot.launch.py
[0.109s] -- Up-to-date: /home/hima/bachelors/rbkairos_ws/install/robotnik_gazebo_classic/share/robotnik_gazebo_classic//launch/spawn_world.launch.py
[0.109s] -- Up-to-date: /home/hima/bachelors/rbkairos_ws/install/robotnik_gazebo_classic/share/robotnik_gazebo_classic//worlds
[0.110s] -- Up-to-date: /home/hima/bachelors/rbkairos_ws/install/robotnik_gazebo_classic/share/robotnik_gazebo_classic//worlds/demo.world
[0.110s] -- Up-to-date: /home/hima/bachelors/rbkairos_ws/install/robotnik_gazebo_classic/share/robotnik_gazebo_classic//worlds/vineyard.world
[0.110s] -- Up-to-date: /home/hima/bachelors/rbkairos_ws/install/robotnik_gazebo_classic/share/robotnik_gazebo_classic//worlds/75X53_demo_1.world
[0.110s] -- Up-to-date: /home/hima/bachelors/rbkairos_ws/install/robotnik_gazebo_classic/share/robotnik_gazebo_classic//worlds/willow_garage.world
[0.110s] -- Up-to-date: /home/hima/bachelors/rbkairos_ws/install/robotnik_gazebo_classic/share/robotnik_gazebo_classic//worlds/maze.world
[0.110s] -- Up-to-date: /home/hima/bachelors/rbkairos_ws/install/robotnik_gazebo_classic/share/robotnik_gazebo_classic//worlds/robotnik_lab.world
[0.111s] -- Up-to-date: /home/hima/bachelors/rbkairos_ws/install/robotnik_gazebo_classic/share/robotnik_gazebo_classic//config
[0.111s] -- Up-to-date: /home/hima/bachelors/rbkairos_ws/install/robotnik_gazebo_classic/share/robotnik_gazebo_classic//config/rbrobout
[0.111s] -- Up-to-date: /home/hima/bachelors/rbkairos_ws/install/robotnik_gazebo_classic/share/robotnik_gazebo_classic//config/rbrobout/rbrobout_controller_params.yaml
[0.111s] -- Up-to-date: /home/hima/bachelors/rbkairos_ws/install/robotnik_gazebo_classic/share/robotnik_gazebo_classic//config/rbrobout/rviz_config.rviz
[0.111s] -- Up-to-date: /home/hima/bachelors/rbkairos_ws/install/robotnik_gazebo_classic/share/robotnik_gazebo_classic//config/rbtheron
[0.111s] -- Up-to-date: /home/hima/bachelors/rbkairos_ws/install/robotnik_gazebo_classic/share/robotnik_gazebo_classic//config/rbtheron/rbtheron_controller_params.yaml
[0.111s] -- Up-to-date: /home/hima/bachelors/rbkairos_ws/install/robotnik_gazebo_classic/share/robotnik_gazebo_classic//config/rbtheron/rviz_config.rviz
[0.112s] -- Up-to-date: /home/hima/bachelors/rbkairos_ws/install/robotnik_gazebo_classic/share/robotnik_gazebo_classic//config/rbkairos
[0.112s] -- Up-to-date: /home/hima/bachelors/rbkairos_ws/install/robotnik_gazebo_classic/share/robotnik_gazebo_classic//config/rbkairos/rbkairos_controller_params.yaml
[0.112s] -- Up-to-date: /home/hima/bachelors/rbkairos_ws/install/robotnik_gazebo_classic/share/robotnik_gazebo_classic//config/rbkairos/rviz_config.rviz
[0.112s] -- Up-to-date: /home/hima/bachelors/rbkairos_ws/install/robotnik_gazebo_classic/share/robotnik_gazebo_classic//config/rbvogui
[0.112s] -- Up-to-date: /home/hima/bachelors/rbkairos_ws/install/robotnik_gazebo_classic/share/robotnik_gazebo_classic//config/rbvogui/rbvogui_controller_params.yaml
[0.113s] -- Up-to-date: /home/hima/bachelors/rbkairos_ws/install/robotnik_gazebo_classic/share/robotnik_gazebo_classic//config/rbvogui/rviz_config.rviz
[0.113s] -- Up-to-date: /home/hima/bachelors/rbkairos_ws/install/robotnik_gazebo_classic/share/robotnik_gazebo_classic//config/rbsummit
[0.113s] -- Up-to-date: /home/hima/bachelors/rbkairos_ws/install/robotnik_gazebo_classic/share/robotnik_gazebo_classic//config/rbsummit/rbsummit_controller_params.yaml
[0.114s] -- Up-to-date: /home/hima/bachelors/rbkairos_ws/install/robotnik_gazebo_classic/share/robotnik_gazebo_classic//config/rbsummit/rviz_config.rviz
[0.114s] -- Up-to-date: /home/hima/bachelors/rbkairos_ws/install/robotnik_gazebo_classic/share/ament_index/resource_index/package_run_dependencies/robotnik_gazebo_classic
[0.114s] -- Up-to-date: /home/hima/bachelors/rbkairos_ws/install/robotnik_gazebo_classic/share/ament_index/resource_index/parent_prefix_path/robotnik_gazebo_classic
[0.115s] -- Up-to-date: /home/hima/bachelors/rbkairos_ws/install/robotnik_gazebo_classic/share/robotnik_gazebo_classic/environment/ament_prefix_path.sh
[0.116s] -- Up-to-date: /home/hima/bachelors/rbkairos_ws/install/robotnik_gazebo_classic/share/robotnik_gazebo_classic/environment/ament_prefix_path.dsv
[0.116s] -- Up-to-date: /home/hima/bachelors/rbkairos_ws/install/robotnik_gazebo_classic/share/robotnik_gazebo_classic/environment/path.sh
[0.117s] -- Up-to-date: /home/hima/bachelors/rbkairos_ws/install/robotnik_gazebo_classic/share/robotnik_gazebo_classic/environment/path.dsv
[0.117s] -- Up-to-date: /home/hima/bachelors/rbkairos_ws/install/robotnik_gazebo_classic/share/robotnik_gazebo_classic/local_setup.bash
[0.117s] -- Up-to-date: /home/hima/bachelors/rbkairos_ws/install/robotnik_gazebo_classic/share/robotnik_gazebo_classic/local_setup.sh
[0.117s] -- Up-to-date: /home/hima/bachelors/rbkairos_ws/install/robotnik_gazebo_classic/share/robotnik_gazebo_classic/local_setup.zsh
[0.117s] -- Up-to-date: /home/hima/bachelors/rbkairos_ws/install/robotnik_gazebo_classic/share/robotnik_gazebo_classic/local_setup.dsv
[0.117s] -- Installing: /home/hima/bachelors/rbkairos_ws/install/robotnik_gazebo_classic/share/robotnik_gazebo_classic/package.dsv
[0.117s] -- Up-to-date: /home/hima/bachelors/rbkairos_ws/install/robotnik_gazebo_classic/share/ament_index/resource_index/packages/robotnik_gazebo_classic
[0.117s] -- Up-to-date: /home/hima/bachelors/rbkairos_ws/install/robotnik_gazebo_classic/share/robotnik_gazebo_classic/cmake/robotnik_gazebo_classicConfig.cmake
[0.118s] -- Up-to-date: /home/hima/bachelors/rbkairos_ws/install/robotnik_gazebo_classic/share/robotnik_gazebo_classic/cmake/robotnik_gazebo_classicConfig-version.cmake
[0.118s] -- Up-to-date: /home/hima/bachelors/rbkairos_ws/install/robotnik_gazebo_classic/share/robotnik_gazebo_classic/package.xml
[0.119s] Invoked command in '/home/hima/bachelors/rbkairos_ws/build/robotnik_gazebo_classic' returned '0': AMENT_PREFIX_PATH=/home/hima/bachelors/rbkairos_ws/install/robotnik_description:/home/hima/bachelors/rbkairos_ws/install/robotnik_sensors:/home/hima/bachelors/rbkairos_ws/install/robotnik_common:${AMENT_PREFIX_PATH} CMAKE_PREFIX_PATH=/home/hima/bachelors/rbkairos_ws/install/robotnik_description:/home/hima/bachelors/rbkairos_ws/install/robotnik_sensors:/home/hima/bachelors/rbkairos_ws/install/robotnik_common:/opt/ros/humble PYTHONPATH=/home/hima/bachelors/rbkairos_ws/install/robotnik_common/local/lib/python3.10/dist-packages:${PYTHONPATH} /usr/bin/cmake --install /home/hima/bachelors/rbkairos_ws/build/robotnik_gazebo_classic
