-- Install configuration: ""
-- Up-to-date: /home/hima/bachelors/rbkairos_ws/install/mapping/share/mapping/launch
-- Up-to-date: /home/hima/bachelors/rbkairos_ws/install/mapping/share/mapping/launch/updatedcartographer.launch .py
-- Up-to-date: /home/hima/bachelors/rbkairos_ws/install/mapping/share/mapping/launch/navigation_launch.py
-- Up-to-date: /home/hima/bachelors/rbkairos_ws/install/mapping/share/mapping/launch/occupancy_grid.launch.py
-- Up-to-date: /home/hima/bachelors/rbkairos_ws/install/mapping/share/mapping/launch/bringup_launch.py
-- Up-to-date: /home/hima/bachelors/rbkairos_ws/install/mapping/share/mapping/launch/online_async_launch.py
-- Up-to-date: /home/hima/bachelors/rbkairos_ws/install/mapping/share/mapping/launch/cartographer.launch.py
-- Up-to-date: /home/hima/bachelors/rbkairos_ws/install/mapping/share/mapping/launch/cartographer(gpt).launch.py
-- Up-to-date: /home/hima/bachelors/rbkairos_ws/install/mapping/share/mapping/config
-- Up-to-date: /home/hima/bachelors/rbkairos_ws/install/mapping/share/mapping/config/mapper_params_online_async.yaml
-- Up-to-date: /home/hima/bachelors/rbkairos_ws/install/mapping/share/mapping/config/rbkairos(old).lua
-- Up-to-date: /home/hima/bachelors/rbkairos_ws/install/mapping/share/mapping/config/turtlebot3_lds_2d.lua
-- Up-to-date: /home/hima/bachelors/rbkairos_ws/install/mapping/share/mapping/config/rbkairos.lua
-- Up-to-date: /home/hima/bachelors/rbkairos_ws/install/mapping/share/mapping/config/nav2_params (copy).txt
-- Installing: /home/hima/bachelors/rbkairos_ws/install/mapping/share/mapping/config/nav2_params.yaml
-- Up-to-date: /home/hima/bachelors/rbkairos_ws/install/mapping/lib/mapping/merge_laser_node.py
-- Up-to-date: /home/hima/bachelors/rbkairos_ws/install/mapping/lib/mapping/republisher_node.py
-- Up-to-date: /home/hima/bachelors/rbkairos_ws/install/mapping/share/ament_index/resource_index/package_run_dependencies/mapping
-- Up-to-date: /home/hima/bachelors/rbkairos_ws/install/mapping/share/ament_index/resource_index/parent_prefix_path/mapping
-- Up-to-date: /home/hima/bachelors/rbkairos_ws/install/mapping/share/mapping/environment/ament_prefix_path.sh
-- Up-to-date: /home/hima/bachelors/rbkairos_ws/install/mapping/share/mapping/environment/ament_prefix_path.dsv
-- Up-to-date: /home/hima/bachelors/rbkairos_ws/install/mapping/share/mapping/environment/path.sh
-- Up-to-date: /home/hima/bachelors/rbkairos_ws/install/mapping/share/mapping/environment/path.dsv
-- Up-to-date: /home/hima/bachelors/rbkairos_ws/install/mapping/share/mapping/local_setup.bash
-- Up-to-date: /home/hima/bachelors/rbkairos_ws/install/mapping/share/mapping/local_setup.sh
-- Up-to-date: /home/hima/bachelors/rbkairos_ws/install/mapping/share/mapping/local_setup.zsh
-- Up-to-date: /home/hima/bachelors/rbkairos_ws/install/mapping/share/mapping/local_setup.dsv
-- Installing: /home/hima/bachelors/rbkairos_ws/install/mapping/share/mapping/package.dsv
-- Up-to-date: /home/hima/bachelors/rbkairos_ws/install/mapping/share/ament_index/resource_index/packages/mapping
-- Up-to-date: /home/hima/bachelors/rbkairos_ws/install/mapping/share/mapping/cmake/ament_cmake_export_dependencies-extras.cmake
-- Up-to-date: /home/hima/bachelors/rbkairos_ws/install/mapping/share/mapping/cmake/mappingConfig.cmake
-- Up-to-date: /home/hima/bachelors/rbkairos_ws/install/mapping/share/mapping/cmake/mappingConfig-version.cmake
-- Up-to-date: /home/hima/bachelors/rbkairos_ws/install/mapping/share/mapping/package.xml
