[0.045s] Invoking command in '/home/hima/bachelors/rbkairos_ws/build/robotnik_common_msgs': CMAKE_PREFIX_PATH=/opt/ros/humble /usr/bin/cmake --build /home/hima/bachelors/rbkairos_ws/build/robotnik_common_msgs -- -j16 -l16
[0.144s] [  1%] Built target robotnik_common_msgs__cpp
[0.144s] [ 12%] Built target robotnik_common_msgs__rosidl_generator_c
[0.157s] [ 12%] Built target ament_cmake_python_copy_robotnik_common_msgs
[0.189s] [ 23%] Built target robotnik_common_msgs__rosidl_typesupport_cpp
[0.192s] [ 35%] Built target robotnik_common_msgs__rosidl_typesupport_c
[0.218s] [ 46%] Built target robotnik_common_msgs__rosidl_typesupport_introspection_c
[0.218s] [ 57%] Built target robotnik_common_msgs__rosidl_typesupport_introspection_cpp
[0.233s] [ 69%] Built target robotnik_common_msgs__rosidl_typesupport_fastrtps_cpp
[0.242s] [ 80%] Built target robotnik_common_msgs__rosidl_typesupport_fastrtps_c
[0.296s] [ 80%] Built target robotnik_common_msgs
[0.319s] [ 81%] Built target robotnik_common_msgs__py
[0.364s] [ 91%] Built target robotnik_common_msgs__rosidl_generator_py
[0.396s] [ 94%] Built target robotnik_common_msgs__rosidl_typesupport_fastrtps_c__pyext
[0.401s] [ 97%] Built target robotnik_common_msgs__rosidl_typesupport_introspection_c__pyext
[0.404s] [100%] Built target robotnik_common_msgs__rosidl_typesupport_c__pyext
[1.183s] running egg_info
[1.183s] writing robotnik_common_msgs.egg-info/PKG-INFO
[1.183s] writing dependency_links to robotnik_common_msgs.egg-info/dependency_links.txt
[1.183s] writing top-level names to robotnik_common_msgs.egg-info/top_level.txt
[1.191s] reading manifest file 'robotnik_common_msgs.egg-info/SOURCES.txt'
[1.193s] writing manifest file 'robotnik_common_msgs.egg-info/SOURCES.txt'
[1.259s] [100%] Built target ament_cmake_python_build_robotnik_common_msgs_egg
[1.287s] Invoked command in '/home/hima/bachelors/rbkairos_ws/build/robotnik_common_msgs' returned '0': CMAKE_PREFIX_PATH=/opt/ros/humble /usr/bin/cmake --build /home/hima/bachelors/rbkairos_ws/build/robotnik_common_msgs -- -j16 -l16
[1.289s] Invoking command in '/home/hima/bachelors/rbkairos_ws/build/robotnik_common_msgs': CMAKE_PREFIX_PATH=/opt/ros/humble /usr/bin/cmake --install /home/hima/bachelors/rbkairos_ws/build/robotnik_common_msgs
[1.308s] -- Install configuration: ""
[1.309s] -- Up-to-date: /home/hima/bachelors/rbkairos_ws/install/robotnik_common_msgs/share/ament_index/resource_index/rosidl_interfaces/robotnik_common_msgs
[1.309s] -- Up-to-date: /home/hima/bachelors/rbkairos_ws/install/robotnik_common_msgs/include/robotnik_common_msgs/robotnik_common_msgs
[1.310s] -- Up-to-date: /home/hima/bachelors/rbkairos_ws/install/robotnik_common_msgs/include/robotnik_common_msgs/robotnik_common_msgs/srv
[1.311s] -- Up-to-date: /home/hima/bachelors/rbkairos_ws/install/robotnik_common_msgs/include/robotnik_common_msgs/robotnik_common_msgs/srv/set_float64.h
[1.311s] -- Up-to-date: /home/hima/bachelors/rbkairos_ws/install/robotnik_common_msgs/include/robotnik_common_msgs/robotnik_common_msgs/srv/detail
[1.311s] -- Up-to-date: /home/hima/bachelors/rbkairos_ws/install/robotnik_common_msgs/include/robotnik_common_msgs/robotnik_common_msgs/srv/detail/set_int32__functions.c
[1.311s] -- Up-to-date: /home/hima/bachelors/rbkairos_ws/install/robotnik_common_msgs/include/robotnik_common_msgs/robotnik_common_msgs/srv/detail/set_bool__struct.h
[1.312s] -- Up-to-date: /home/hima/bachelors/rbkairos_ws/install/robotnik_common_msgs/include/robotnik_common_msgs/robotnik_common_msgs/srv/detail/set_int32__struct.h
[1.312s] -- Up-to-date: /home/hima/bachelors/rbkairos_ws/install/robotnik_common_msgs/include/robotnik_common_msgs/robotnik_common_msgs/srv/detail/set_float64__type_support.h
[1.312s] -- Up-to-date: /home/hima/bachelors/rbkairos_ws/install/robotnik_common_msgs/include/robotnik_common_msgs/robotnik_common_msgs/srv/detail/set_float32__functions.c
[1.312s] -- Up-to-date: /home/hima/bachelors/rbkairos_ws/install/robotnik_common_msgs/include/robotnik_common_msgs/robotnik_common_msgs/srv/detail/set_string__functions.h
[1.313s] -- Up-to-date: /home/hima/bachelors/rbkairos_ws/install/robotnik_common_msgs/include/robotnik_common_msgs/robotnik_common_msgs/srv/detail/set_float32__functions.h
[1.313s] -- Up-to-date: /home/hima/bachelors/rbkairos_ws/install/robotnik_common_msgs/include/robotnik_common_msgs/robotnik_common_msgs/srv/detail/set_float64__struct.h
[1.313s] -- Up-to-date: /home/hima/bachelors/rbkairos_ws/install/robotnik_common_msgs/include/robotnik_common_msgs/robotnik_common_msgs/srv/detail/set_bool__functions.c
[1.313s] -- Up-to-date: /home/hima/bachelors/rbkairos_ws/install/robotnik_common_msgs/include/robotnik_common_msgs/robotnik_common_msgs/srv/detail/set_float64__functions.c
[1.313s] -- Up-to-date: /home/hima/bachelors/rbkairos_ws/install/robotnik_common_msgs/include/robotnik_common_msgs/robotnik_common_msgs/srv/detail/set_string__functions.c
[1.313s] -- Up-to-date: /home/hima/bachelors/rbkairos_ws/install/robotnik_common_msgs/include/robotnik_common_msgs/robotnik_common_msgs/srv/detail/set_bool__type_support.h
[1.313s] -- Up-to-date: /home/hima/bachelors/rbkairos_ws/install/robotnik_common_msgs/include/robotnik_common_msgs/robotnik_common_msgs/srv/detail/set_int32__type_support.h
[1.313s] -- Up-to-date: /home/hima/bachelors/rbkairos_ws/install/robotnik_common_msgs/include/robotnik_common_msgs/robotnik_common_msgs/srv/detail/set_float32__type_support.h
[1.313s] -- Up-to-date: /home/hima/bachelors/rbkairos_ws/install/robotnik_common_msgs/include/robotnik_common_msgs/robotnik_common_msgs/srv/detail/set_int32__functions.h
[1.313s] -- Up-to-date: /home/hima/bachelors/rbkairos_ws/install/robotnik_common_msgs/include/robotnik_common_msgs/robotnik_common_msgs/srv/detail/set_float64__functions.h
[1.313s] -- Up-to-date: /home/hima/bachelors/rbkairos_ws/install/robotnik_common_msgs/include/robotnik_common_msgs/robotnik_common_msgs/srv/detail/set_string__type_support.h
[1.313s] -- Up-to-date: /home/hima/bachelors/rbkairos_ws/install/robotnik_common_msgs/include/robotnik_common_msgs/robotnik_common_msgs/srv/detail/set_bool__functions.h
[1.313s] -- Up-to-date: /home/hima/bachelors/rbkairos_ws/install/robotnik_common_msgs/include/robotnik_common_msgs/robotnik_common_msgs/srv/detail/set_float32__struct.h
[1.314s] -- Up-to-date: /home/hima/bachelors/rbkairos_ws/install/robotnik_common_msgs/include/robotnik_common_msgs/robotnik_common_msgs/srv/detail/set_string__struct.h
[1.314s] -- Up-to-date: /home/hima/bachelors/rbkairos_ws/install/robotnik_common_msgs/include/robotnik_common_msgs/robotnik_common_msgs/srv/set_int32.h
[1.314s] -- Up-to-date: /home/hima/bachelors/rbkairos_ws/install/robotnik_common_msgs/include/robotnik_common_msgs/robotnik_common_msgs/srv/set_string.h
[1.314s] -- Up-to-date: /home/hima/bachelors/rbkairos_ws/install/robotnik_common_msgs/include/robotnik_common_msgs/robotnik_common_msgs/srv/set_bool.h
[1.314s] -- Up-to-date: /home/hima/bachelors/rbkairos_ws/install/robotnik_common_msgs/include/robotnik_common_msgs/robotnik_common_msgs/srv/set_float32.h
[1.314s] -- Up-to-date: /home/hima/bachelors/rbkairos_ws/install/robotnik_common_msgs/include/robotnik_common_msgs/robotnik_common_msgs/msg
[1.314s] -- Up-to-date: /home/hima/bachelors/rbkairos_ws/install/robotnik_common_msgs/include/robotnik_common_msgs/robotnik_common_msgs/msg/detail
[1.314s] -- Up-to-date: /home/hima/bachelors/rbkairos_ws/install/robotnik_common_msgs/include/robotnik_common_msgs/robotnik_common_msgs/msg/detail/response__type_support.h
[1.314s] -- Up-to-date: /home/hima/bachelors/rbkairos_ws/install/robotnik_common_msgs/include/robotnik_common_msgs/robotnik_common_msgs/msg/detail/response__functions.c
[1.314s] -- Up-to-date: /home/hima/bachelors/rbkairos_ws/install/robotnik_common_msgs/include/robotnik_common_msgs/robotnik_common_msgs/msg/detail/response__struct.h
[1.314s] -- Up-to-date: /home/hima/bachelors/rbkairos_ws/install/robotnik_common_msgs/include/robotnik_common_msgs/robotnik_common_msgs/msg/detail/response__functions.h
[1.314s] -- Up-to-date: /home/hima/bachelors/rbkairos_ws/install/robotnik_common_msgs/include/robotnik_common_msgs/robotnik_common_msgs/msg/rosidl_generator_c__visibility_control.h
[1.314s] -- Up-to-date: /home/hima/bachelors/rbkairos_ws/install/robotnik_common_msgs/include/robotnik_common_msgs/robotnik_common_msgs/msg/response.h
[1.314s] -- Up-to-date: /home/hima/bachelors/rbkairos_ws/install/robotnik_common_msgs/share/robotnik_common_msgs/environment/library_path.sh
[1.314s] -- Up-to-date: /home/hima/bachelors/rbkairos_ws/install/robotnik_common_msgs/share/robotnik_common_msgs/environment/library_path.dsv
[1.315s] -- Up-to-date: /home/hima/bachelors/rbkairos_ws/install/robotnik_common_msgs/lib/librobotnik_common_msgs__rosidl_generator_c.so
[1.315s] -- Up-to-date: /home/hima/bachelors/rbkairos_ws/install/robotnik_common_msgs/include/robotnik_common_msgs/robotnik_common_msgs
[1.315s] -- Up-to-date: /home/hima/bachelors/rbkairos_ws/install/robotnik_common_msgs/include/robotnik_common_msgs/robotnik_common_msgs/srv
[1.315s] -- Up-to-date: /home/hima/bachelors/rbkairos_ws/install/robotnik_common_msgs/include/robotnik_common_msgs/robotnik_common_msgs/srv/detail
[1.315s] -- Up-to-date: /home/hima/bachelors/rbkairos_ws/install/robotnik_common_msgs/include/robotnik_common_msgs/robotnik_common_msgs/srv/detail/set_int32__rosidl_typesupport_fastrtps_c.h
[1.315s] -- Up-to-date: /home/hima/bachelors/rbkairos_ws/install/robotnik_common_msgs/include/robotnik_common_msgs/robotnik_common_msgs/srv/detail/set_float32__rosidl_typesupport_fastrtps_c.h
[1.315s] -- Up-to-date: /home/hima/bachelors/rbkairos_ws/install/robotnik_common_msgs/include/robotnik_common_msgs/robotnik_common_msgs/srv/detail/set_bool__rosidl_typesupport_fastrtps_c.h
[1.315s] -- Up-to-date: /home/hima/bachelors/rbkairos_ws/install/robotnik_common_msgs/include/robotnik_common_msgs/robotnik_common_msgs/srv/detail/set_string__rosidl_typesupport_fastrtps_c.h
[1.315s] -- Up-to-date: /home/hima/bachelors/rbkairos_ws/install/robotnik_common_msgs/include/robotnik_common_msgs/robotnik_common_msgs/srv/detail/set_float64__rosidl_typesupport_fastrtps_c.h
[1.315s] -- Up-to-date: /home/hima/bachelors/rbkairos_ws/install/robotnik_common_msgs/include/robotnik_common_msgs/robotnik_common_msgs/msg
[1.315s] -- Up-to-date: /home/hima/bachelors/rbkairos_ws/install/robotnik_common_msgs/include/robotnik_common_msgs/robotnik_common_msgs/msg/rosidl_typesupport_fastrtps_c__visibility_control.h
[1.316s] -- Up-to-date: /home/hima/bachelors/rbkairos_ws/install/robotnik_common_msgs/include/robotnik_common_msgs/robotnik_common_msgs/msg/detail
[1.316s] -- Up-to-date: /home/hima/bachelors/rbkairos_ws/install/robotnik_common_msgs/include/robotnik_common_msgs/robotnik_common_msgs/msg/detail/response__rosidl_typesupport_fastrtps_c.h
[1.316s] -- Up-to-date: /home/hima/bachelors/rbkairos_ws/install/robotnik_common_msgs/lib/librobotnik_common_msgs__rosidl_typesupport_fastrtps_c.so
[1.316s] -- Up-to-date: /home/hima/bachelors/rbkairos_ws/install/robotnik_common_msgs/include/robotnik_common_msgs/robotnik_common_msgs
[1.316s] -- Up-to-date: /home/hima/bachelors/rbkairos_ws/install/robotnik_common_msgs/include/robotnik_common_msgs/robotnik_common_msgs/srv
[1.316s] -- Up-to-date: /home/hima/bachelors/rbkairos_ws/install/robotnik_common_msgs/include/robotnik_common_msgs/robotnik_common_msgs/srv/set_float64.hpp
[1.316s] -- Up-to-date: /home/hima/bachelors/rbkairos_ws/install/robotnik_common_msgs/include/robotnik_common_msgs/robotnik_common_msgs/srv/detail
[1.316s] -- Up-to-date: /home/hima/bachelors/rbkairos_ws/install/robotnik_common_msgs/include/robotnik_common_msgs/robotnik_common_msgs/srv/detail/set_float64__traits.hpp
[1.316s] -- Up-to-date: /home/hima/bachelors/rbkairos_ws/install/robotnik_common_msgs/include/robotnik_common_msgs/robotnik_common_msgs/srv/detail/set_bool__builder.hpp
[1.316s] -- Up-to-date: /home/hima/bachelors/rbkairos_ws/install/robotnik_common_msgs/include/robotnik_common_msgs/robotnik_common_msgs/srv/detail/set_bool__type_support.hpp
[1.316s] -- Up-to-date: /home/hima/bachelors/rbkairos_ws/install/robotnik_common_msgs/include/robotnik_common_msgs/robotnik_common_msgs/srv/detail/set_int32__builder.hpp
[1.316s] -- Up-to-date: /home/hima/bachelors/rbkairos_ws/install/robotnik_common_msgs/include/robotnik_common_msgs/robotnik_common_msgs/srv/detail/set_bool__struct.hpp
[1.316s] -- Up-to-date: /home/hima/bachelors/rbkairos_ws/install/robotnik_common_msgs/include/robotnik_common_msgs/robotnik_common_msgs/srv/detail/set_int32__type_support.hpp
[1.316s] -- Up-to-date: /home/hima/bachelors/rbkairos_ws/install/robotnik_common_msgs/include/robotnik_common_msgs/robotnik_common_msgs/srv/detail/set_int32__struct.hpp
[1.316s] -- Up-to-date: /home/hima/bachelors/rbkairos_ws/install/robotnik_common_msgs/include/robotnik_common_msgs/robotnik_common_msgs/srv/detail/set_bool__traits.hpp
[1.316s] -- Up-to-date: /home/hima/bachelors/rbkairos_ws/install/robotnik_common_msgs/include/robotnik_common_msgs/robotnik_common_msgs/srv/detail/set_string__traits.hpp
[1.317s] -- Up-to-date: /home/hima/bachelors/rbkairos_ws/install/robotnik_common_msgs/include/robotnik_common_msgs/robotnik_common_msgs/srv/detail/set_float64__struct.hpp
[1.317s] -- Up-to-date: /home/hima/bachelors/rbkairos_ws/install/robotnik_common_msgs/include/robotnik_common_msgs/robotnik_common_msgs/srv/detail/set_float32__traits.hpp
[1.317s] -- Up-to-date: /home/hima/bachelors/rbkairos_ws/install/robotnik_common_msgs/include/robotnik_common_msgs/robotnik_common_msgs/srv/detail/set_float64__builder.hpp
[1.317s] -- Up-to-date: /home/hima/bachelors/rbkairos_ws/install/robotnik_common_msgs/include/robotnik_common_msgs/robotnik_common_msgs/srv/detail/set_float32__struct.hpp
[1.317s] -- Up-to-date: /home/hima/bachelors/rbkairos_ws/install/robotnik_common_msgs/include/robotnik_common_msgs/robotnik_common_msgs/srv/detail/set_string__struct.hpp
[1.317s] -- Up-to-date: /home/hima/bachelors/rbkairos_ws/install/robotnik_common_msgs/include/robotnik_common_msgs/robotnik_common_msgs/srv/detail/set_float32__builder.hpp
[1.317s] -- Up-to-date: /home/hima/bachelors/rbkairos_ws/install/robotnik_common_msgs/include/robotnik_common_msgs/robotnik_common_msgs/srv/detail/set_string__type_support.hpp
[1.317s] -- Up-to-date: /home/hima/bachelors/rbkairos_ws/install/robotnik_common_msgs/include/robotnik_common_msgs/robotnik_common_msgs/srv/detail/set_string__builder.hpp
[1.317s] -- Up-to-date: /home/hima/bachelors/rbkairos_ws/install/robotnik_common_msgs/include/robotnik_common_msgs/robotnik_common_msgs/srv/detail/set_float64__type_support.hpp
[1.317s] -- Up-to-date: /home/hima/bachelors/rbkairos_ws/install/robotnik_common_msgs/include/robotnik_common_msgs/robotnik_common_msgs/srv/detail/set_float32__type_support.hpp
[1.317s] -- Up-to-date: /home/hima/bachelors/rbkairos_ws/install/robotnik_common_msgs/include/robotnik_common_msgs/robotnik_common_msgs/srv/detail/set_int32__traits.hpp
[1.317s] -- Up-to-date: /home/hima/bachelors/rbkairos_ws/install/robotnik_common_msgs/include/robotnik_common_msgs/robotnik_common_msgs/srv/set_string.hpp
[1.317s] -- Up-to-date: /home/hima/bachelors/rbkairos_ws/install/robotnik_common_msgs/include/robotnik_common_msgs/robotnik_common_msgs/srv/set_int32.hpp
[1.317s] -- Up-to-date: /home/hima/bachelors/rbkairos_ws/install/robotnik_common_msgs/include/robotnik_common_msgs/robotnik_common_msgs/srv/set_float32.hpp
[1.317s] -- Up-to-date: /home/hima/bachelors/rbkairos_ws/install/robotnik_common_msgs/include/robotnik_common_msgs/robotnik_common_msgs/srv/set_bool.hpp
[1.317s] -- Up-to-date: /home/hima/bachelors/rbkairos_ws/install/robotnik_common_msgs/include/robotnik_common_msgs/robotnik_common_msgs/msg
[1.318s] -- Up-to-date: /home/hima/bachelors/rbkairos_ws/install/robotnik_common_msgs/include/robotnik_common_msgs/robotnik_common_msgs/msg/response.hpp
[1.318s] -- Up-to-date: /home/hima/bachelors/rbkairos_ws/install/robotnik_common_msgs/include/robotnik_common_msgs/robotnik_common_msgs/msg/rosidl_generator_cpp__visibility_control.hpp
[1.318s] -- Up-to-date: /home/hima/bachelors/rbkairos_ws/install/robotnik_common_msgs/include/robotnik_common_msgs/robotnik_common_msgs/msg/detail
[1.318s] -- Up-to-date: /home/hima/bachelors/rbkairos_ws/install/robotnik_common_msgs/include/robotnik_common_msgs/robotnik_common_msgs/msg/detail/response__traits.hpp
[1.318s] -- Up-to-date: /home/hima/bachelors/rbkairos_ws/install/robotnik_common_msgs/include/robotnik_common_msgs/robotnik_common_msgs/msg/detail/response__builder.hpp
[1.318s] -- Up-to-date: /home/hima/bachelors/rbkairos_ws/install/robotnik_common_msgs/include/robotnik_common_msgs/robotnik_common_msgs/msg/detail/response__type_support.hpp
[1.318s] -- Up-to-date: /home/hima/bachelors/rbkairos_ws/install/robotnik_common_msgs/include/robotnik_common_msgs/robotnik_common_msgs/msg/detail/response__struct.hpp
[1.318s] -- Up-to-date: /home/hima/bachelors/rbkairos_ws/install/robotnik_common_msgs/include/robotnik_common_msgs/robotnik_common_msgs
[1.318s] -- Up-to-date: /home/hima/bachelors/rbkairos_ws/install/robotnik_common_msgs/include/robotnik_common_msgs/robotnik_common_msgs/srv
[1.318s] -- Up-to-date: /home/hima/bachelors/rbkairos_ws/install/robotnik_common_msgs/include/robotnik_common_msgs/robotnik_common_msgs/srv/detail
[1.318s] -- Up-to-date: /home/hima/bachelors/rbkairos_ws/install/robotnik_common_msgs/include/robotnik_common_msgs/robotnik_common_msgs/srv/detail/set_float32__rosidl_typesupport_fastrtps_cpp.hpp
[1.318s] -- Up-to-date: /home/hima/bachelors/rbkairos_ws/install/robotnik_common_msgs/include/robotnik_common_msgs/robotnik_common_msgs/srv/detail/set_float64__rosidl_typesupport_fastrtps_cpp.hpp
[1.318s] -- Up-to-date: /home/hima/bachelors/rbkairos_ws/install/robotnik_common_msgs/include/robotnik_common_msgs/robotnik_common_msgs/srv/detail/set_bool__rosidl_typesupport_fastrtps_cpp.hpp
[1.318s] -- Up-to-date: /home/hima/bachelors/rbkairos_ws/install/robotnik_common_msgs/include/robotnik_common_msgs/robotnik_common_msgs/srv/detail/set_string__rosidl_typesupport_fastrtps_cpp.hpp
[1.318s] -- Up-to-date: /home/hima/bachelors/rbkairos_ws/install/robotnik_common_msgs/include/robotnik_common_msgs/robotnik_common_msgs/srv/detail/set_int32__rosidl_typesupport_fastrtps_cpp.hpp
[1.318s] -- Up-to-date: /home/hima/bachelors/rbkairos_ws/install/robotnik_common_msgs/include/robotnik_common_msgs/robotnik_common_msgs/srv/detail/dds_fastrtps
[1.318s] -- Up-to-date: /home/hima/bachelors/rbkairos_ws/install/robotnik_common_msgs/include/robotnik_common_msgs/robotnik_common_msgs/msg
[1.318s] -- Up-to-date: /home/hima/bachelors/rbkairos_ws/install/robotnik_common_msgs/include/robotnik_common_msgs/robotnik_common_msgs/msg/rosidl_typesupport_fastrtps_cpp__visibility_control.h
[1.319s] -- Up-to-date: /home/hima/bachelors/rbkairos_ws/install/robotnik_common_msgs/include/robotnik_common_msgs/robotnik_common_msgs/msg/detail
[1.319s] -- Up-to-date: /home/hima/bachelors/rbkairos_ws/install/robotnik_common_msgs/include/robotnik_common_msgs/robotnik_common_msgs/msg/detail/dds_fastrtps
[1.319s] -- Up-to-date: /home/hima/bachelors/rbkairos_ws/install/robotnik_common_msgs/include/robotnik_common_msgs/robotnik_common_msgs/msg/detail/response__rosidl_typesupport_fastrtps_cpp.hpp
[1.319s] -- Up-to-date: /home/hima/bachelors/rbkairos_ws/install/robotnik_common_msgs/lib/librobotnik_common_msgs__rosidl_typesupport_fastrtps_cpp.so
[1.319s] -- Up-to-date: /home/hima/bachelors/rbkairos_ws/install/robotnik_common_msgs/include/robotnik_common_msgs/robotnik_common_msgs
[1.319s] -- Up-to-date: /home/hima/bachelors/rbkairos_ws/install/robotnik_common_msgs/include/robotnik_common_msgs/robotnik_common_msgs/srv
[1.319s] -- Up-to-date: /home/hima/bachelors/rbkairos_ws/install/robotnik_common_msgs/include/robotnik_common_msgs/robotnik_common_msgs/srv/detail
[1.319s] -- Up-to-date: /home/hima/bachelors/rbkairos_ws/install/robotnik_common_msgs/include/robotnik_common_msgs/robotnik_common_msgs/srv/detail/set_string__type_support.c
[1.319s] -- Up-to-date: /home/hima/bachelors/rbkairos_ws/install/robotnik_common_msgs/include/robotnik_common_msgs/robotnik_common_msgs/srv/detail/set_bool__rosidl_typesupport_introspection_c.h
[1.319s] -- Up-to-date: /home/hima/bachelors/rbkairos_ws/install/robotnik_common_msgs/include/robotnik_common_msgs/robotnik_common_msgs/srv/detail/set_int32__rosidl_typesupport_introspection_c.h
[1.319s] -- Up-to-date: /home/hima/bachelors/rbkairos_ws/install/robotnik_common_msgs/include/robotnik_common_msgs/robotnik_common_msgs/srv/detail/set_string__rosidl_typesupport_introspection_c.h
[1.319s] -- Up-to-date: /home/hima/bachelors/rbkairos_ws/install/robotnik_common_msgs/include/robotnik_common_msgs/robotnik_common_msgs/srv/detail/set_float32__rosidl_typesupport_introspection_c.h
[1.319s] -- Up-to-date: /home/hima/bachelors/rbkairos_ws/install/robotnik_common_msgs/include/robotnik_common_msgs/robotnik_common_msgs/srv/detail/set_bool__type_support.c
[1.319s] -- Up-to-date: /home/hima/bachelors/rbkairos_ws/install/robotnik_common_msgs/include/robotnik_common_msgs/robotnik_common_msgs/srv/detail/set_float64__type_support.c
[1.319s] -- Up-to-date: /home/hima/bachelors/rbkairos_ws/install/robotnik_common_msgs/include/robotnik_common_msgs/robotnik_common_msgs/srv/detail/set_float32__type_support.c
[1.319s] -- Up-to-date: /home/hima/bachelors/rbkairos_ws/install/robotnik_common_msgs/include/robotnik_common_msgs/robotnik_common_msgs/srv/detail/set_int32__type_support.c
[1.319s] -- Up-to-date: /home/hima/bachelors/rbkairos_ws/install/robotnik_common_msgs/include/robotnik_common_msgs/robotnik_common_msgs/srv/detail/set_float64__rosidl_typesupport_introspection_c.h
[1.319s] -- Up-to-date: /home/hima/bachelors/rbkairos_ws/install/robotnik_common_msgs/include/robotnik_common_msgs/robotnik_common_msgs/msg
[1.319s] -- Up-to-date: /home/hima/bachelors/rbkairos_ws/install/robotnik_common_msgs/include/robotnik_common_msgs/robotnik_common_msgs/msg/rosidl_typesupport_introspection_c__visibility_control.h
[1.320s] -- Up-to-date: /home/hima/bachelors/rbkairos_ws/install/robotnik_common_msgs/include/robotnik_common_msgs/robotnik_common_msgs/msg/detail
[1.320s] -- Up-to-date: /home/hima/bachelors/rbkairos_ws/install/robotnik_common_msgs/include/robotnik_common_msgs/robotnik_common_msgs/msg/detail/response__rosidl_typesupport_introspection_c.h
[1.320s] -- Up-to-date: /home/hima/bachelors/rbkairos_ws/install/robotnik_common_msgs/include/robotnik_common_msgs/robotnik_common_msgs/msg/detail/response__type_support.c
[1.320s] -- Up-to-date: /home/hima/bachelors/rbkairos_ws/install/robotnik_common_msgs/lib/librobotnik_common_msgs__rosidl_typesupport_introspection_c.so
[1.320s] -- Up-to-date: /home/hima/bachelors/rbkairos_ws/install/robotnik_common_msgs/lib/librobotnik_common_msgs__rosidl_typesupport_c.so
[1.320s] -- Up-to-date: /home/hima/bachelors/rbkairos_ws/install/robotnik_common_msgs/include/robotnik_common_msgs/robotnik_common_msgs
[1.320s] -- Up-to-date: /home/hima/bachelors/rbkairos_ws/install/robotnik_common_msgs/include/robotnik_common_msgs/robotnik_common_msgs/srv
[1.321s] -- Up-to-date: /home/hima/bachelors/rbkairos_ws/install/robotnik_common_msgs/include/robotnik_common_msgs/robotnik_common_msgs/srv/detail
[1.321s] -- Up-to-date: /home/hima/bachelors/rbkairos_ws/install/robotnik_common_msgs/include/robotnik_common_msgs/robotnik_common_msgs/srv/detail/set_string__rosidl_typesupport_introspection_cpp.hpp
[1.321s] -- Up-to-date: /home/hima/bachelors/rbkairos_ws/install/robotnik_common_msgs/include/robotnik_common_msgs/robotnik_common_msgs/srv/detail/set_bool__rosidl_typesupport_introspection_cpp.hpp
[1.321s] -- Up-to-date: /home/hima/bachelors/rbkairos_ws/install/robotnik_common_msgs/include/robotnik_common_msgs/robotnik_common_msgs/srv/detail/set_float64__rosidl_typesupport_introspection_cpp.hpp
[1.322s] -- Up-to-date: /home/hima/bachelors/rbkairos_ws/install/robotnik_common_msgs/include/robotnik_common_msgs/robotnik_common_msgs/srv/detail/set_float32__rosidl_typesupport_introspection_cpp.hpp
[1.322s] -- Up-to-date: /home/hima/bachelors/rbkairos_ws/install/robotnik_common_msgs/include/robotnik_common_msgs/robotnik_common_msgs/srv/detail/set_bool__type_support.cpp
[1.322s] -- Up-to-date: /home/hima/bachelors/rbkairos_ws/install/robotnik_common_msgs/include/robotnik_common_msgs/robotnik_common_msgs/srv/detail/set_int32__type_support.cpp
[1.322s] -- Up-to-date: /home/hima/bachelors/rbkairos_ws/install/robotnik_common_msgs/include/robotnik_common_msgs/robotnik_common_msgs/srv/detail/set_float64__type_support.cpp
[1.322s] -- Up-to-date: /home/hima/bachelors/rbkairos_ws/install/robotnik_common_msgs/include/robotnik_common_msgs/robotnik_common_msgs/srv/detail/set_int32__rosidl_typesupport_introspection_cpp.hpp
[1.322s] -- Up-to-date: /home/hima/bachelors/rbkairos_ws/install/robotnik_common_msgs/include/robotnik_common_msgs/robotnik_common_msgs/srv/detail/set_string__type_support.cpp
[1.323s] -- Up-to-date: /home/hima/bachelors/rbkairos_ws/install/robotnik_common_msgs/include/robotnik_common_msgs/robotnik_common_msgs/srv/detail/set_float32__type_support.cpp
[1.323s] -- Up-to-date: /home/hima/bachelors/rbkairos_ws/install/robotnik_common_msgs/include/robotnik_common_msgs/robotnik_common_msgs/msg
[1.323s] -- Up-to-date: /home/hima/bachelors/rbkairos_ws/install/robotnik_common_msgs/include/robotnik_common_msgs/robotnik_common_msgs/msg/detail
[1.323s] -- Up-to-date: /home/hima/bachelors/rbkairos_ws/install/robotnik_common_msgs/include/robotnik_common_msgs/robotnik_common_msgs/msg/detail/response__type_support.cpp
[1.323s] -- Up-to-date: /home/hima/bachelors/rbkairos_ws/install/robotnik_common_msgs/include/robotnik_common_msgs/robotnik_common_msgs/msg/detail/response__rosidl_typesupport_introspection_cpp.hpp
[1.323s] -- Up-to-date: /home/hima/bachelors/rbkairos_ws/install/robotnik_common_msgs/lib/librobotnik_common_msgs__rosidl_typesupport_introspection_cpp.so
[1.323s] -- Up-to-date: /home/hima/bachelors/rbkairos_ws/install/robotnik_common_msgs/lib/librobotnik_common_msgs__rosidl_typesupport_cpp.so
[1.323s] -- Up-to-date: /home/hima/bachelors/rbkairos_ws/install/robotnik_common_msgs/share/robotnik_common_msgs/environment/pythonpath.sh
[1.323s] -- Up-to-date: /home/hima/bachelors/rbkairos_ws/install/robotnik_common_msgs/share/robotnik_common_msgs/environment/pythonpath.dsv
[1.323s] -- Up-to-date: /home/hima/bachelors/rbkairos_ws/install/robotnik_common_msgs/local/lib/python3.10/dist-packages/robotnik_common_msgs-1.0.0-py3.10.egg-info
[1.323s] -- Installing: /home/hima/bachelors/rbkairos_ws/install/robotnik_common_msgs/local/lib/python3.10/dist-packages/robotnik_common_msgs-1.0.0-py3.10.egg-info/top_level.txt
[1.323s] -- Installing: /home/hima/bachelors/rbkairos_ws/install/robotnik_common_msgs/local/lib/python3.10/dist-packages/robotnik_common_msgs-1.0.0-py3.10.egg-info/PKG-INFO
[1.323s] -- Installing: /home/hima/bachelors/rbkairos_ws/install/robotnik_common_msgs/local/lib/python3.10/dist-packages/robotnik_common_msgs-1.0.0-py3.10.egg-info/SOURCES.txt
[1.323s] -- Installing: /home/hima/bachelors/rbkairos_ws/install/robotnik_common_msgs/local/lib/python3.10/dist-packages/robotnik_common_msgs-1.0.0-py3.10.egg-info/dependency_links.txt
[1.323s] -- Up-to-date: /home/hima/bachelors/rbkairos_ws/install/robotnik_common_msgs/local/lib/python3.10/dist-packages/robotnik_common_msgs
[1.323s] -- Up-to-date: /home/hima/bachelors/rbkairos_ws/install/robotnik_common_msgs/local/lib/python3.10/dist-packages/robotnik_common_msgs/robotnik_common_msgs_s__rosidl_typesupport_introspection_c.cpython-310-x86_64-linux-gnu.so
[1.324s] -- Up-to-date: /home/hima/bachelors/rbkairos_ws/install/robotnik_common_msgs/local/lib/python3.10/dist-packages/robotnik_common_msgs/robotnik_common_msgs_s__rosidl_typesupport_fastrtps_c.cpython-310-x86_64-linux-gnu.so
[1.324s] -- Up-to-date: /home/hima/bachelors/rbkairos_ws/install/robotnik_common_msgs/local/lib/python3.10/dist-packages/robotnik_common_msgs/robotnik_common_msgs_s__rosidl_typesupport_c.cpython-310-x86_64-linux-gnu.so
[1.324s] -- Up-to-date: /home/hima/bachelors/rbkairos_ws/install/robotnik_common_msgs/local/lib/python3.10/dist-packages/robotnik_common_msgs/_robotnik_common_msgs_s.ep.rosidl_typesupport_fastrtps_c.c
[1.324s] -- Up-to-date: /home/hima/bachelors/rbkairos_ws/install/robotnik_common_msgs/local/lib/python3.10/dist-packages/robotnik_common_msgs/_robotnik_common_msgs_s.ep.rosidl_typesupport_introspection_c.c
[1.324s] -- Up-to-date: /home/hima/bachelors/rbkairos_ws/install/robotnik_common_msgs/local/lib/python3.10/dist-packages/robotnik_common_msgs/srv
[1.324s] -- Up-to-date: /home/hima/bachelors/rbkairos_ws/install/robotnik_common_msgs/local/lib/python3.10/dist-packages/robotnik_common_msgs/srv/_set_string.py
[1.324s] -- Up-to-date: /home/hima/bachelors/rbkairos_ws/install/robotnik_common_msgs/local/lib/python3.10/dist-packages/robotnik_common_msgs/srv/_set_float32_s.c
[1.324s] -- Up-to-date: /home/hima/bachelors/rbkairos_ws/install/robotnik_common_msgs/local/lib/python3.10/dist-packages/robotnik_common_msgs/srv/_set_string_s.c
[1.324s] -- Up-to-date: /home/hima/bachelors/rbkairos_ws/install/robotnik_common_msgs/local/lib/python3.10/dist-packages/robotnik_common_msgs/srv/_set_int32_s.c
[1.324s] -- Up-to-date: /home/hima/bachelors/rbkairos_ws/install/robotnik_common_msgs/local/lib/python3.10/dist-packages/robotnik_common_msgs/srv/_set_float64_s.c
[1.324s] -- Up-to-date: /home/hima/bachelors/rbkairos_ws/install/robotnik_common_msgs/local/lib/python3.10/dist-packages/robotnik_common_msgs/srv/_set_bool_s.c
[1.324s] -- Up-to-date: /home/hima/bachelors/rbkairos_ws/install/robotnik_common_msgs/local/lib/python3.10/dist-packages/robotnik_common_msgs/srv/__init__.py
[1.324s] -- Up-to-date: /home/hima/bachelors/rbkairos_ws/install/robotnik_common_msgs/local/lib/python3.10/dist-packages/robotnik_common_msgs/srv/_set_float32.py
[1.324s] -- Up-to-date: /home/hima/bachelors/rbkairos_ws/install/robotnik_common_msgs/local/lib/python3.10/dist-packages/robotnik_common_msgs/srv/_set_float64.py
[1.324s] -- Up-to-date: /home/hima/bachelors/rbkairos_ws/install/robotnik_common_msgs/local/lib/python3.10/dist-packages/robotnik_common_msgs/srv/_set_int32.py
[1.324s] -- Up-to-date: /home/hima/bachelors/rbkairos_ws/install/robotnik_common_msgs/local/lib/python3.10/dist-packages/robotnik_common_msgs/srv/_set_bool.py
[1.325s] -- Up-to-date: /home/hima/bachelors/rbkairos_ws/install/robotnik_common_msgs/local/lib/python3.10/dist-packages/robotnik_common_msgs/msg
[1.325s] -- Up-to-date: /home/hima/bachelors/rbkairos_ws/install/robotnik_common_msgs/local/lib/python3.10/dist-packages/robotnik_common_msgs/msg/_response_s.c
[1.325s] -- Up-to-date: /home/hima/bachelors/rbkairos_ws/install/robotnik_common_msgs/local/lib/python3.10/dist-packages/robotnik_common_msgs/msg/_response.py
[1.325s] -- Up-to-date: /home/hima/bachelors/rbkairos_ws/install/robotnik_common_msgs/local/lib/python3.10/dist-packages/robotnik_common_msgs/msg/__init__.py
[1.325s] -- Up-to-date: /home/hima/bachelors/rbkairos_ws/install/robotnik_common_msgs/local/lib/python3.10/dist-packages/robotnik_common_msgs/_robotnik_common_msgs_s.ep.rosidl_typesupport_c.c
[1.325s] -- Up-to-date: /home/hima/bachelors/rbkairos_ws/install/robotnik_common_msgs/local/lib/python3.10/dist-packages/robotnik_common_msgs/__init__.py
[1.325s] -- Up-to-date: /home/hima/bachelors/rbkairos_ws/install/robotnik_common_msgs/local/lib/python3.10/dist-packages/robotnik_common_msgs/librobotnik_common_msgs__rosidl_generator_py.so
[1.373s] Listing '/home/hima/bachelors/rbkairos_ws/install/robotnik_common_msgs/local/lib/python3.10/dist-packages/robotnik_common_msgs'...
[1.373s] Listing '/home/hima/bachelors/rbkairos_ws/install/robotnik_common_msgs/local/lib/python3.10/dist-packages/robotnik_common_msgs/msg'...
[1.373s] Listing '/home/hima/bachelors/rbkairos_ws/install/robotnik_common_msgs/local/lib/python3.10/dist-packages/robotnik_common_msgs/srv'...
[1.387s] -- Up-to-date: /home/hima/bachelors/rbkairos_ws/install/robotnik_common_msgs/local/lib/python3.10/dist-packages/robotnik_common_msgs/robotnik_common_msgs_s__rosidl_typesupport_fastrtps_c.cpython-310-x86_64-linux-gnu.so
[1.388s] -- Up-to-date: /home/hima/bachelors/rbkairos_ws/install/robotnik_common_msgs/local/lib/python3.10/dist-packages/robotnik_common_msgs/robotnik_common_msgs_s__rosidl_typesupport_introspection_c.cpython-310-x86_64-linux-gnu.so
[1.389s] -- Up-to-date: /home/hima/bachelors/rbkairos_ws/install/robotnik_common_msgs/local/lib/python3.10/dist-packages/robotnik_common_msgs/robotnik_common_msgs_s__rosidl_typesupport_c.cpython-310-x86_64-linux-gnu.so
[1.389s] -- Up-to-date: /home/hima/bachelors/rbkairos_ws/install/robotnik_common_msgs/lib/librobotnik_common_msgs__rosidl_generator_py.so
[1.390s] -- Up-to-date: /home/hima/bachelors/rbkairos_ws/install/robotnik_common_msgs/share/robotnik_common_msgs/msg/Response.idl
[1.390s] -- Up-to-date: /home/hima/bachelors/rbkairos_ws/install/robotnik_common_msgs/share/robotnik_common_msgs/srv/SetBool.idl
[1.390s] -- Up-to-date: /home/hima/bachelors/rbkairos_ws/install/robotnik_common_msgs/share/robotnik_common_msgs/srv/SetFloat32.idl
[1.390s] -- Up-to-date: /home/hima/bachelors/rbkairos_ws/install/robotnik_common_msgs/share/robotnik_common_msgs/srv/SetFloat64.idl
[1.390s] -- Up-to-date: /home/hima/bachelors/rbkairos_ws/install/robotnik_common_msgs/share/robotnik_common_msgs/srv/SetInt32.idl
[1.390s] -- Up-to-date: /home/hima/bachelors/rbkairos_ws/install/robotnik_common_msgs/share/robotnik_common_msgs/srv/SetString.idl
[1.391s] -- Up-to-date: /home/hima/bachelors/rbkairos_ws/install/robotnik_common_msgs/share/robotnik_common_msgs/msg/Response.msg
[1.391s] -- Up-to-date: /home/hima/bachelors/rbkairos_ws/install/robotnik_common_msgs/share/robotnik_common_msgs/srv/SetBool.srv
[1.391s] -- Up-to-date: /home/hima/bachelors/rbkairos_ws/install/robotnik_common_msgs/share/robotnik_common_msgs/srv/SetBool_Request.msg
[1.391s] -- Up-to-date: /home/hima/bachelors/rbkairos_ws/install/robotnik_common_msgs/share/robotnik_common_msgs/srv/SetBool_Response.msg
[1.391s] -- Up-to-date: /home/hima/bachelors/rbkairos_ws/install/robotnik_common_msgs/share/robotnik_common_msgs/srv/SetFloat32.srv
[1.391s] -- Up-to-date: /home/hima/bachelors/rbkairos_ws/install/robotnik_common_msgs/share/robotnik_common_msgs/srv/SetFloat32_Request.msg
[1.391s] -- Up-to-date: /home/hima/bachelors/rbkairos_ws/install/robotnik_common_msgs/share/robotnik_common_msgs/srv/SetFloat32_Response.msg
[1.391s] -- Up-to-date: /home/hima/bachelors/rbkairos_ws/install/robotnik_common_msgs/share/robotnik_common_msgs/srv/SetFloat64.srv
[1.392s] -- Up-to-date: /home/hima/bachelors/rbkairos_ws/install/robotnik_common_msgs/share/robotnik_common_msgs/srv/SetFloat64_Request.msg
[1.392s] -- Up-to-date: /home/hima/bachelors/rbkairos_ws/install/robotnik_common_msgs/share/robotnik_common_msgs/srv/SetFloat64_Response.msg
[1.392s] -- Up-to-date: /home/hima/bachelors/rbkairos_ws/install/robotnik_common_msgs/share/robotnik_common_msgs/srv/SetInt32.srv
[1.392s] -- Up-to-date: /home/hima/bachelors/rbkairos_ws/install/robotnik_common_msgs/share/robotnik_common_msgs/srv/SetInt32_Request.msg
[1.392s] -- Up-to-date: /home/hima/bachelors/rbkairos_ws/install/robotnik_common_msgs/share/robotnik_common_msgs/srv/SetInt32_Response.msg
[1.392s] -- Up-to-date: /home/hima/bachelors/rbkairos_ws/install/robotnik_common_msgs/share/robotnik_common_msgs/srv/SetString.srv
[1.392s] -- Up-to-date: /home/hima/bachelors/rbkairos_ws/install/robotnik_common_msgs/share/robotnik_common_msgs/srv/SetString_Request.msg
[1.392s] -- Up-to-date: /home/hima/bachelors/rbkairos_ws/install/robotnik_common_msgs/share/robotnik_common_msgs/srv/SetString_Response.msg
[1.393s] -- Up-to-date: /home/hima/bachelors/rbkairos_ws/install/robotnik_common_msgs/share/ament_index/resource_index/package_run_dependencies/robotnik_common_msgs
[1.393s] -- Up-to-date: /home/hima/bachelors/rbkairos_ws/install/robotnik_common_msgs/share/ament_index/resource_index/parent_prefix_path/robotnik_common_msgs
[1.393s] -- Up-to-date: /home/hima/bachelors/rbkairos_ws/install/robotnik_common_msgs/share/robotnik_common_msgs/environment/ament_prefix_path.sh
[1.393s] -- Up-to-date: /home/hima/bachelors/rbkairos_ws/install/robotnik_common_msgs/share/robotnik_common_msgs/environment/ament_prefix_path.dsv
[1.393s] -- Up-to-date: /home/hima/bachelors/rbkairos_ws/install/robotnik_common_msgs/share/robotnik_common_msgs/environment/path.sh
[1.393s] -- Up-to-date: /home/hima/bachelors/rbkairos_ws/install/robotnik_common_msgs/share/robotnik_common_msgs/environment/path.dsv
[1.393s] -- Up-to-date: /home/hima/bachelors/rbkairos_ws/install/robotnik_common_msgs/share/robotnik_common_msgs/local_setup.bash
[1.393s] -- Up-to-date: /home/hima/bachelors/rbkairos_ws/install/robotnik_common_msgs/share/robotnik_common_msgs/local_setup.sh
[1.394s] -- Up-to-date: /home/hima/bachelors/rbkairos_ws/install/robotnik_common_msgs/share/robotnik_common_msgs/local_setup.zsh
[1.394s] -- Up-to-date: /home/hima/bachelors/rbkairos_ws/install/robotnik_common_msgs/share/robotnik_common_msgs/local_setup.dsv
[1.394s] -- Installing: /home/hima/bachelors/rbkairos_ws/install/robotnik_common_msgs/share/robotnik_common_msgs/package.dsv
[1.395s] -- Up-to-date: /home/hima/bachelors/rbkairos_ws/install/robotnik_common_msgs/share/ament_index/resource_index/packages/robotnik_common_msgs
[1.395s] -- Up-to-date: /home/hima/bachelors/rbkairos_ws/install/robotnik_common_msgs/share/robotnik_common_msgs/cmake/export_robotnik_common_msgs__rosidl_generator_cExport.cmake
[1.395s] -- Up-to-date: /home/hima/bachelors/rbkairos_ws/install/robotnik_common_msgs/share/robotnik_common_msgs/cmake/export_robotnik_common_msgs__rosidl_generator_cExport-noconfig.cmake
[1.395s] -- Up-to-date: /home/hima/bachelors/rbkairos_ws/install/robotnik_common_msgs/share/robotnik_common_msgs/cmake/export_robotnik_common_msgs__rosidl_typesupport_fastrtps_cExport.cmake
[1.396s] -- Up-to-date: /home/hima/bachelors/rbkairos_ws/install/robotnik_common_msgs/share/robotnik_common_msgs/cmake/export_robotnik_common_msgs__rosidl_typesupport_fastrtps_cExport-noconfig.cmake
[1.396s] -- Up-to-date: /home/hima/bachelors/rbkairos_ws/install/robotnik_common_msgs/share/robotnik_common_msgs/cmake/export_robotnik_common_msgs__rosidl_generator_cppExport.cmake
[1.396s] -- Up-to-date: /home/hima/bachelors/rbkairos_ws/install/robotnik_common_msgs/share/robotnik_common_msgs/cmake/export_robotnik_common_msgs__rosidl_typesupport_fastrtps_cppExport.cmake
[1.396s] -- Up-to-date: /home/hima/bachelors/rbkairos_ws/install/robotnik_common_msgs/share/robotnik_common_msgs/cmake/export_robotnik_common_msgs__rosidl_typesupport_fastrtps_cppExport-noconfig.cmake
[1.397s] -- Up-to-date: /home/hima/bachelors/rbkairos_ws/install/robotnik_common_msgs/share/robotnik_common_msgs/cmake/robotnik_common_msgs__rosidl_typesupport_introspection_cExport.cmake
[1.397s] -- Up-to-date: /home/hima/bachelors/rbkairos_ws/install/robotnik_common_msgs/share/robotnik_common_msgs/cmake/robotnik_common_msgs__rosidl_typesupport_introspection_cExport-noconfig.cmake
[1.397s] -- Up-to-date: /home/hima/bachelors/rbkairos_ws/install/robotnik_common_msgs/share/robotnik_common_msgs/cmake/robotnik_common_msgs__rosidl_typesupport_cExport.cmake
[1.397s] -- Up-to-date: /home/hima/bachelors/rbkairos_ws/install/robotnik_common_msgs/share/robotnik_common_msgs/cmake/robotnik_common_msgs__rosidl_typesupport_cExport-noconfig.cmake
[1.397s] -- Up-to-date: /home/hima/bachelors/rbkairos_ws/install/robotnik_common_msgs/share/robotnik_common_msgs/cmake/robotnik_common_msgs__rosidl_typesupport_introspection_cppExport.cmake
[1.397s] -- Up-to-date: /home/hima/bachelors/rbkairos_ws/install/robotnik_common_msgs/share/robotnik_common_msgs/cmake/robotnik_common_msgs__rosidl_typesupport_introspection_cppExport-noconfig.cmake
[1.398s] -- Up-to-date: /home/hima/bachelors/rbkairos_ws/install/robotnik_common_msgs/share/robotnik_common_msgs/cmake/robotnik_common_msgs__rosidl_typesupport_cppExport.cmake
[1.398s] -- Up-to-date: /home/hima/bachelors/rbkairos_ws/install/robotnik_common_msgs/share/robotnik_common_msgs/cmake/robotnik_common_msgs__rosidl_typesupport_cppExport-noconfig.cmake
[1.398s] -- Up-to-date: /home/hima/bachelors/rbkairos_ws/install/robotnik_common_msgs/share/robotnik_common_msgs/cmake/export_robotnik_common_msgs__rosidl_generator_pyExport.cmake
[1.398s] -- Up-to-date: /home/hima/bachelors/rbkairos_ws/install/robotnik_common_msgs/share/robotnik_common_msgs/cmake/export_robotnik_common_msgs__rosidl_generator_pyExport-noconfig.cmake
[1.398s] -- Up-to-date: /home/hima/bachelors/rbkairos_ws/install/robotnik_common_msgs/share/robotnik_common_msgs/cmake/rosidl_cmake-extras.cmake
[1.398s] -- Up-to-date: /home/hima/bachelors/rbkairos_ws/install/robotnik_common_msgs/share/robotnik_common_msgs/cmake/ament_cmake_export_dependencies-extras.cmake
[1.399s] -- Up-to-date: /home/hima/bachelors/rbkairos_ws/install/robotnik_common_msgs/share/robotnik_common_msgs/cmake/ament_cmake_export_include_directories-extras.cmake
[1.399s] -- Up-to-date: /home/hima/bachelors/rbkairos_ws/install/robotnik_common_msgs/share/robotnik_common_msgs/cmake/ament_cmake_export_libraries-extras.cmake
[1.399s] -- Up-to-date: /home/hima/bachelors/rbkairos_ws/install/robotnik_common_msgs/share/robotnik_common_msgs/cmake/ament_cmake_export_targets-extras.cmake
[1.399s] -- Up-to-date: /home/hima/bachelors/rbkairos_ws/install/robotnik_common_msgs/share/robotnik_common_msgs/cmake/rosidl_cmake_export_typesupport_targets-extras.cmake
[1.400s] -- Up-to-date: /home/hima/bachelors/rbkairos_ws/install/robotnik_common_msgs/share/robotnik_common_msgs/cmake/rosidl_cmake_export_typesupport_libraries-extras.cmake
[1.400s] -- Up-to-date: /home/hima/bachelors/rbkairos_ws/install/robotnik_common_msgs/share/robotnik_common_msgs/cmake/robotnik_common_msgsConfig.cmake
[1.400s] -- Up-to-date: /home/hima/bachelors/rbkairos_ws/install/robotnik_common_msgs/share/robotnik_common_msgs/cmake/robotnik_common_msgsConfig-version.cmake
[1.400s] -- Up-to-date: /home/hima/bachelors/rbkairos_ws/install/robotnik_common_msgs/share/robotnik_common_msgs/package.xml
[1.406s] Invoked command in '/home/hima/bachelors/rbkairos_ws/build/robotnik_common_msgs' returned '0': CMAKE_PREFIX_PATH=/opt/ros/humble /usr/bin/cmake --install /home/hima/bachelors/rbkairos_ws/build/robotnik_common_msgs
