[0.017s] Invoking command in '/home/hima/bachelors/rbkairos_ws/build/ros2_laser_scan_merger': CMAKE_PREFIX_PATH=${CMAKE_PREFIX_PATH}:/opt/ros/humble /usr/bin/cmake /home/hima/bachelors/rbkairos_ws/src/merge_scan -DCMAKE_INSTALL_PREFIX=/home/hima/bachelors/rbkairos_ws/install/ros2_laser_scan_merger
[0.070s] -- The C compiler identification is GNU 11.4.0
[0.126s] -- The CXX compiler identification is GNU 11.4.0
[0.134s] -- Detecting C compiler ABI info
[0.212s] -- Detecting C compiler ABI info - done
[0.221s] -- Check for working C compiler: /usr/bin/cc - skipped
[0.222s] -- Detecting C compile features
[0.222s] -- Detecting C compile features - done
[0.225s] -- Detecting CXX compiler ABI info
[0.324s] -- Detecting CXX compiler ABI info - done
[0.335s] -- Check for working CXX compiler: /usr/bin/c++ - skipped
[0.336s] -- Detecting CXX compile features
[0.337s] -- Detecting CXX compile features - done
[0.340s] -- Found ament_cmake: 1.3.11 (/opt/ros/humble/share/ament_cmake/cmake)
[0.529s] -- Found Python3: /usr/bin/python3 (found version "3.10.12") found components: Interpreter 
[0.635s] -- Found rclcpp: 16.0.12 (/opt/ros/humble/share/rclcpp/cmake)
[0.697s] -- Found rosidl_generator_c: 3.1.6 (/opt/ros/humble/share/rosidl_generator_c/cmake)
[0.704s] -- Found rosidl_adapter: 3.1.6 (/opt/ros/humble/share/rosidl_adapter/cmake)
[0.716s] -- Found rosidl_generator_cpp: 3.1.6 (/opt/ros/humble/share/rosidl_generator_cpp/cmake)
[0.735s] -- Using all available rosidl_typesupport_c: rosidl_typesupport_fastrtps_c;rosidl_typesupport_introspection_c
[0.760s] -- Using all available rosidl_typesupport_cpp: rosidl_typesupport_fastrtps_cpp;rosidl_typesupport_introspection_cpp
[0.827s] -- Found rmw_implementation_cmake: 6.1.2 (/opt/ros/humble/share/rmw_implementation_cmake/cmake)
[0.832s] -- Found rmw_cyclonedds_cpp: 1.3.4 (/opt/ros/humble/share/rmw_cyclonedds_cpp/cmake)
[0.866s] -- Using RMW implementation 'rmw_cyclonedds_cpp' as default
[0.879s] -- Looking for pthread.h
[0.966s] -- Looking for pthread.h - found
[0.966s] -- Performing Test CMAKE_HAVE_LIBC_PTHREAD
[1.046s] -- Performing Test CMAKE_HAVE_LIBC_PTHREAD - Success
[1.048s] -- Found Threads: TRUE  
[1.097s] -- Found sensor_msgs: 4.8.0 (/opt/ros/humble/share/sensor_msgs/cmake)
[1.126s] -- Found pcl_conversions: 2.4.5 (/opt/ros/humble/share/pcl_conversions/cmake)
[1.166s] -- Checking for module 'eigen3'
[1.192s] --   Found eigen3, version 3.4.0
[1.255s] -- Found Eigen: /usr/include/eigen3 (Required is at least version "3.1") 
[1.255s] -- Eigen found (include: /usr/include/eigen3, version: 3.4.0)
[1.368s] -- Checking for module 'flann'
[1.401s] --   Found flann, version 1.9.1
[1.490s] -- Found FLANN: /usr/lib/x86_64-linux-gnu/libflann_cpp.so  
[1.492s] -- FLANN found (include: /usr/include, lib: /usr/lib/x86_64-linux-gnu/libflann_cpp.so)
[4.583s] -- Checking for module 'libusb-1.0'
[4.646s] --   Found libusb-1.0, version 1.0.25
[4.752s] -- Found libusb: /usr/lib/x86_64-linux-gnu/libusb-1.0.so  
[4.761s] -- OpenNI found (version: 1.5.4.0, include: /usr/include/ni, lib: /usr/lib/libOpenNI.so;libusb::libusb)
[4.948s] -- OpenNI2 found (version: 2.2.0.33, include: /usr/include/openni2, lib: /usr/lib/x86_64-linux-gnu/libOpenNI2.so;libusb::libusb)
[5.693s] -- Eigen found (include: /usr/include/eigen3, version: 3.4.0)
[5.729s] -- OpenNI found (version: 1.5.4.0, include: /usr/include/ni, lib: /usr/lib/libOpenNI.so;libusb::libusb)
[5.765s] -- OpenNI2 found (version: 2.2.0.33, include: /usr/include/openni2, lib: /usr/lib/x86_64-linux-gnu/libOpenNI2.so;libusb::libusb)
[6.505s] -- Found Qhull version 8.0.2
[7.336s] -- OpenNI found (version: 1.5.4.0, include: /usr/include/ni, lib: /usr/lib/libOpenNI.so;libusb::libusb)
[8.122s] -- Found PCL_COMMON: /usr/lib/x86_64-linux-gnu/libpcl_common.so  
[8.124s] -- Found PCL_KDTREE: /usr/lib/x86_64-linux-gnu/libpcl_kdtree.so  
[8.131s] -- Found PCL_OCTREE: /usr/lib/x86_64-linux-gnu/libpcl_octree.so  
[8.133s] -- Found PCL_SEARCH: /usr/lib/x86_64-linux-gnu/libpcl_search.so  
[8.135s] -- Found PCL_SAMPLE_CONSENSUS: /usr/lib/x86_64-linux-gnu/libpcl_sample_consensus.so  
[8.140s] -- Found PCL_FILTERS: /usr/lib/x86_64-linux-gnu/libpcl_filters.so  
[8.142s] -- Found PCL_2D: /usr/include/pcl-1.12  
[8.148s] -- Found PCL_GEOMETRY: /usr/include/pcl-1.12  
[8.155s] -- Found PCL_IO: /usr/lib/x86_64-linux-gnu/libpcl_io.so  
[8.156s] -- Found PCL_FEATURES: /usr/lib/x86_64-linux-gnu/libpcl_features.so  
[8.162s] -- Found PCL_ML: /usr/lib/x86_64-linux-gnu/libpcl_ml.so  
[8.164s] -- Found PCL_SEGMENTATION: /usr/lib/x86_64-linux-gnu/libpcl_segmentation.so  
[8.170s] -- Found PCL_VISUALIZATION: /usr/lib/x86_64-linux-gnu/libpcl_visualization.so  
[8.179s] -- Found PCL_SURFACE: /usr/lib/x86_64-linux-gnu/libpcl_surface.so  
[8.181s] -- Found PCL_REGISTRATION: /usr/lib/x86_64-linux-gnu/libpcl_registration.so  
[8.188s] -- Found PCL_KEYPOINTS: /usr/lib/x86_64-linux-gnu/libpcl_keypoints.so  
[8.192s] -- Found PCL_TRACKING: /usr/lib/x86_64-linux-gnu/libpcl_tracking.so  
[8.205s] -- Found PCL_RECOGNITION: /usr/lib/x86_64-linux-gnu/libpcl_recognition.so  
[8.205s] -- Found PCL_STEREO: /usr/lib/x86_64-linux-gnu/libpcl_stereo.so  
[8.212s] -- Found PCL_APPS: /usr/lib/x86_64-linux-gnu/libpcl_apps.so  
[8.213s] -- Found PCL_IN_HAND_SCANNER: /usr/include/pcl-1.12  
[8.217s] -- Found PCL_MODELER: /usr/include/pcl-1.12  
[8.222s] -- Found PCL_POINT_CLOUD_EDITOR: /usr/include/pcl-1.12  
[8.226s] -- Found PCL_OUTOFCORE: /usr/lib/x86_64-linux-gnu/libpcl_outofcore.so  
[8.234s] -- Found PCL_PEOPLE: /usr/lib/x86_64-linux-gnu/libpcl_people.so  
[8.251s] -- Found tf2_geometry_msgs: 0.25.12 (/opt/ros/humble/share/tf2_geometry_msgs/cmake)
[8.290s] -- Found eigen3_cmake_module: 0.1.1 (/opt/ros/humble/share/eigen3_cmake_module/cmake)
[8.295s] -- Found Eigen3: TRUE (found version "3.4.0") 
[8.296s] -- Ensuring Eigen3 include directory is part of orocos-kdl CMake target
[8.826s] -- Found Boost: /usr/lib/x86_64-linux-gnu/cmake/Boost-1.74.0/BoostConfig.cmake (found version "1.74.0") found components: system 
[8.829s] [33mCMake Warning (dev) at CMakeLists.txt:29 (find_package):
[8.829s]   Policy CMP0074 is not set: find_package uses <PackageName>_ROOT variables.
[8.829s]   Run "cmake --help-policy CMP0074" for policy details.  Use the cmake_policy
[8.829s]   command to set the policy and suppress this warning.
[8.830s] 
[8.830s]   CMake variable PCL_ROOT is set to:
[8.830s] 
[8.830s]     /usr
[8.830s] 
[8.830s]   For compatibility, CMake is ignoring the variable.
[8.831s] This warning is for project developers.  Use -Wno-dev to suppress it.
[8.831s] [0m
[8.929s] -- Found ament_lint_auto: 0.12.12 (/opt/ros/humble/share/ament_lint_auto/cmake)
[9.258s] -- Added test 'copyright' to check source files copyright and LICENSE
[9.269s] -- Added test 'cppcheck' to perform static code analysis on C / C++ code
[9.282s] -- Configured cppcheck include dirs: /home/hima/bachelors/rbkairos_ws/src/merge_scan/include
[9.283s] -- Configured cppcheck exclude dirs and/or files: 
[9.297s] -- Added test 'cpplint' to check C / C++ code against the Google style
[9.299s] -- Configured cpplint exclude dirs and/or files: 
[9.305s] -- Added test 'flake8' to check Python code syntax and style conventions
[9.311s] -- Added test 'lint_cmake' to check CMake code style
[9.313s] -- Added test 'pep257' to check Python code against some of the docstring style conventions in PEP 257
[9.333s] -- Added test 'uncrustify' to check C / C++ code style
[9.333s] -- Configured uncrustify additional arguments: 
[9.340s] -- Added test 'xmllint' to check XML markup files
[9.352s] -- Configuring done
[9.503s] -- Generating done
[9.543s] -- Build files have been written to: /home/hima/bachelors/rbkairos_ws/build/ros2_laser_scan_merger
[9.608s] Invoked command in '/home/hima/bachelors/rbkairos_ws/build/ros2_laser_scan_merger' returned '0': CMAKE_PREFIX_PATH=${CMAKE_PREFIX_PATH}:/opt/ros/humble /usr/bin/cmake /home/hima/bachelors/rbkairos_ws/src/merge_scan -DCMAKE_INSTALL_PREFIX=/home/hima/bachelors/rbkairos_ws/install/ros2_laser_scan_merger
[9.609s] Invoking command in '/home/hima/bachelors/rbkairos_ws/build/ros2_laser_scan_merger': CMAKE_PREFIX_PATH=${CMAKE_PREFIX_PATH}:/opt/ros/humble /usr/bin/cmake --build /home/hima/bachelors/rbkairos_ws/build/ros2_laser_scan_merger -- -j16 -l16
[9.789s] [ 50%] [32mBuilding CXX object CMakeFiles/ros2_laser_scan_merger.dir/src/main.cpp.o[0m
[24.745s] [01m[K/home/hima/bachelors/rbkairos_ws/src/merge_scan/src/main.cpp:[m[K In member function ‘[01m[Kvoid scanMerger::update_point_cloud_rgb()[m[K’:
[24.745s] [01m[K/home/hima/bachelors/rbkairos_ws/src/merge_scan/src/main.cpp:76:57:[m[K [01;35m[Kwarning: [m[Kcomparison of integer expressions of different signedness: ‘[01m[Kint[m[K’ and ‘[01m[Kstd::vector<float>::size_type[m[K’ {aka ‘[01m[Klong unsigned int[m[K’} [[01;35m[K]8;;https://gcc.gnu.org/onlinedocs/gcc/Warning-Options.html#index-Wsign-compare-Wsign-compare]8;;[m[K]
[24.745s]    76 |       for (float i = temp_min_; i <= temp_max_ && [01;35m[Kcount < laser1_->ranges.size()[m[K;
[24.745s]       |                                                   [01;35m[K~~~~~~^~~~~~~~~~~~~~~~~~~~~~~~[m[K
[24.750s] [01m[K/home/hima/bachelors/rbkairos_ws/src/merge_scan/src/main.cpp:157:57:[m[K [01;35m[Kwarning: [m[Kcomparison of integer expressions of different signedness: ‘[01m[Kint[m[K’ and ‘[01m[Kstd::vector<float>::size_type[m[K’ {aka ‘[01m[Klong unsigned int[m[K’} [[01;35m[K]8;;https://gcc.gnu.org/onlinedocs/gcc/Warning-Options.html#index-Wsign-compare-Wsign-compare]8;;[m[K]
[24.750s]   157 |       for (float i = temp_min_; i <= temp_max_ && [01;35m[Kcount < laser2_->ranges.size()[m[K;
[24.750s]       |                                                   [01;35m[K~~~~~~^~~~~~~~~~~~~~~~~~~~~~~~[m[K
[33.068s] [100%] [32m[1mLinking CXX executable ros2_laser_scan_merger[0m
[33.662s] [100%] Built target ros2_laser_scan_merger
[33.672s] Invoked command in '/home/hima/bachelors/rbkairos_ws/build/ros2_laser_scan_merger' returned '0': CMAKE_PREFIX_PATH=${CMAKE_PREFIX_PATH}:/opt/ros/humble /usr/bin/cmake --build /home/hima/bachelors/rbkairos_ws/build/ros2_laser_scan_merger -- -j16 -l16
[33.674s] Invoking command in '/home/hima/bachelors/rbkairos_ws/build/ros2_laser_scan_merger': CMAKE_PREFIX_PATH=${CMAKE_PREFIX_PATH}:/opt/ros/humble /usr/bin/cmake --install /home/hima/bachelors/rbkairos_ws/build/ros2_laser_scan_merger
[33.681s] -- Install configuration: ""
[33.681s] -- Installing: /home/hima/bachelors/rbkairos_ws/install/ros2_laser_scan_merger/share/ros2_laser_scan_merger/launch
[33.681s] -- Installing: /home/hima/bachelors/rbkairos_ws/install/ros2_laser_scan_merger/share/ros2_laser_scan_merger/launch/merge_2_scan.launch.py
[33.682s] -- Installing: /home/hima/bachelors/rbkairos_ws/install/ros2_laser_scan_merger/share/ros2_laser_scan_merger/launch/visualize_merge_2_scan.launch.py
[33.682s] -- Installing: /home/hima/bachelors/rbkairos_ws/install/ros2_laser_scan_merger/share/ros2_laser_scan_merger/config
[33.682s] -- Installing: /home/hima/bachelors/rbkairos_ws/install/ros2_laser_scan_merger/share/ros2_laser_scan_merger/config/params.yaml
[33.682s] -- Installing: /home/hima/bachelors/rbkairos_ws/install/ros2_laser_scan_merger/share/ros2_laser_scan_merger/rviz
[33.682s] -- Installing: /home/hima/bachelors/rbkairos_ws/install/ros2_laser_scan_merger/share/ros2_laser_scan_merger/rviz/ros2_laser_scan_merge.rviz
[33.683s] -- Installing: /home/hima/bachelors/rbkairos_ws/install/ros2_laser_scan_merger/lib/ros2_laser_scan_merger/ros2_laser_scan_merger
[33.686s] -- Set runtime path of "/home/hima/bachelors/rbkairos_ws/install/ros2_laser_scan_merger/lib/ros2_laser_scan_merger/ros2_laser_scan_merger" to ""
[33.686s] -- Installing: /home/hima/bachelors/rbkairos_ws/install/ros2_laser_scan_merger/share/ament_index/resource_index/package_run_dependencies/ros2_laser_scan_merger
[33.686s] -- Installing: /home/hima/bachelors/rbkairos_ws/install/ros2_laser_scan_merger/share/ament_index/resource_index/parent_prefix_path/ros2_laser_scan_merger
[33.686s] -- Installing: /home/hima/bachelors/rbkairos_ws/install/ros2_laser_scan_merger/share/ros2_laser_scan_merger/environment/ament_prefix_path.sh
[33.686s] -- Installing: /home/hima/bachelors/rbkairos_ws/install/ros2_laser_scan_merger/share/ros2_laser_scan_merger/environment/ament_prefix_path.dsv
[33.686s] -- Installing: /home/hima/bachelors/rbkairos_ws/install/ros2_laser_scan_merger/share/ros2_laser_scan_merger/environment/path.sh
[33.686s] -- Installing: /home/hima/bachelors/rbkairos_ws/install/ros2_laser_scan_merger/share/ros2_laser_scan_merger/environment/path.dsv
[33.687s] -- Installing: /home/hima/bachelors/rbkairos_ws/install/ros2_laser_scan_merger/share/ros2_laser_scan_merger/local_setup.bash
[33.687s] -- Installing: /home/hima/bachelors/rbkairos_ws/install/ros2_laser_scan_merger/share/ros2_laser_scan_merger/local_setup.sh
[33.687s] -- Installing: /home/hima/bachelors/rbkairos_ws/install/ros2_laser_scan_merger/share/ros2_laser_scan_merger/local_setup.zsh
[33.687s] -- Installing: /home/hima/bachelors/rbkairos_ws/install/ros2_laser_scan_merger/share/ros2_laser_scan_merger/local_setup.dsv
[33.687s] -- Installing: /home/hima/bachelors/rbkairos_ws/install/ros2_laser_scan_merger/share/ros2_laser_scan_merger/package.dsv
[33.687s] -- Installing: /home/hima/bachelors/rbkairos_ws/install/ros2_laser_scan_merger/share/ament_index/resource_index/packages/ros2_laser_scan_merger
[33.688s] -- Installing: /home/hima/bachelors/rbkairos_ws/install/ros2_laser_scan_merger/share/ros2_laser_scan_merger/cmake/ros2_laser_scan_mergerConfig.cmake
[33.688s] -- Installing: /home/hima/bachelors/rbkairos_ws/install/ros2_laser_scan_merger/share/ros2_laser_scan_merger/cmake/ros2_laser_scan_mergerConfig-version.cmake
[33.689s] -- Installing: /home/hima/bachelors/rbkairos_ws/install/ros2_laser_scan_merger/share/ros2_laser_scan_merger/package.xml
[33.689s] Invoked command in '/home/hima/bachelors/rbkairos_ws/build/ros2_laser_scan_merger' returned '0': CMAKE_PREFIX_PATH=${CMAKE_PREFIX_PATH}:/opt/ros/humble /usr/bin/cmake --install /home/hima/bachelors/rbkairos_ws/build/ros2_laser_scan_merger
