[0.030s] Invoking command in '/home/hima/bachelors/rbkairos_ws/build/ros2_laser_scan_matcher': AMENT_PREFIX_PATH=/home/hima/bachelors/rbkairos_ws/install/csm:${AMENT_PREFIX_PATH} CMAKE_PREFIX_PATH=/home/hima/bachelors/rbkairos_ws/install/csm:/opt/ros/humble LD_LIBRARY_PATH=/home/hima/bachelors/rbkairos_ws/install/csm/lib:${LD_LIBRARY_PATH} /usr/bin/cmake --build /home/hima/bachelors/rbkairos_ws/build/ros2_laser_scan_matcher -- -j16 -l16
[0.153s] [ 50%] [32mBuilding CXX object CMakeFiles/laser_scan_matcher.dir/src/laser_scan_matcher.cpp.o[0m
[0.445s] In file included from [01m[K/home/hima/bachelors/rbkairos_ws/src/scan_matching/include/ros2_laser_scan_matcher/laser_scan_matcher.h:47[m[K,
[0.445s]                  from [01m[K/home/hima/bachelors/rbkairos_ws/src/scan_matching/src/laser_scan_matcher.cpp:38[m[K:
[0.445s] [01m[K/opt/ros/humble/include/tf2_geometry_msgs/tf2_geometry_msgs/tf2_geometry_msgs.h:35:2:[m[K [01;35m[Kwarning: [m[K#warning This header is obsolete, please include tf2_geometry_msgs/tf2_geometry_msgs.hpp instead [[01;35m[K]8;;https://gcc.gnu.org/onlinedocs/gcc/Warning-Options.html#index-Wcpp-Wcpp]8;;[m[K]
[0.445s]    35 | #[01;35m[Kwarning[m[K This header is obsolete, please include tf2_geometry_msgs/tf2_geometry_msgs.hpp instead
[0.445s]       |  [01;35m[K^~~~~~~[m[K
[10.658s] [100%] [32m[1mLinking CXX executable laser_scan_matcher[0m
[11.208s] [100%] Built target laser_scan_matcher
[11.219s] Invoked command in '/home/hima/bachelors/rbkairos_ws/build/ros2_laser_scan_matcher' returned '0': AMENT_PREFIX_PATH=/home/hima/bachelors/rbkairos_ws/install/csm:${AMENT_PREFIX_PATH} CMAKE_PREFIX_PATH=/home/hima/bachelors/rbkairos_ws/install/csm:/opt/ros/humble LD_LIBRARY_PATH=/home/hima/bachelors/rbkairos_ws/install/csm/lib:${LD_LIBRARY_PATH} /usr/bin/cmake --build /home/hima/bachelors/rbkairos_ws/build/ros2_laser_scan_matcher -- -j16 -l16
[11.225s] Invoking command in '/home/hima/bachelors/rbkairos_ws/build/ros2_laser_scan_matcher': AMENT_PREFIX_PATH=/home/hima/bachelors/rbkairos_ws/install/csm:${AMENT_PREFIX_PATH} CMAKE_PREFIX_PATH=/home/hima/bachelors/rbkairos_ws/install/csm:/opt/ros/humble LD_LIBRARY_PATH=/home/hima/bachelors/rbkairos_ws/install/csm/lib:${LD_LIBRARY_PATH} /usr/bin/cmake --install /home/hima/bachelors/rbkairos_ws/build/ros2_laser_scan_matcher
[11.232s] -- Install configuration: ""
[11.233s] -- Installing: /home/hima/bachelors/rbkairos_ws/install/ros2_laser_scan_matcher/lib/ros2_laser_scan_matcher/laser_scan_matcher
[11.236s] -- Set runtime path of "/home/hima/bachelors/rbkairos_ws/install/ros2_laser_scan_matcher/lib/ros2_laser_scan_matcher/laser_scan_matcher" to ""
[11.236s] -- Up-to-date: /home/hima/bachelors/rbkairos_ws/install/ros2_laser_scan_matcher/share/ament_index/resource_index/package_run_dependencies/ros2_laser_scan_matcher
[11.236s] -- Up-to-date: /home/hima/bachelors/rbkairos_ws/install/ros2_laser_scan_matcher/share/ament_index/resource_index/parent_prefix_path/ros2_laser_scan_matcher
[11.236s] -- Up-to-date: /home/hima/bachelors/rbkairos_ws/install/ros2_laser_scan_matcher/share/ros2_laser_scan_matcher/environment/ament_prefix_path.sh
[11.236s] -- Up-to-date: /home/hima/bachelors/rbkairos_ws/install/ros2_laser_scan_matcher/share/ros2_laser_scan_matcher/environment/ament_prefix_path.dsv
[11.236s] -- Up-to-date: /home/hima/bachelors/rbkairos_ws/install/ros2_laser_scan_matcher/share/ros2_laser_scan_matcher/environment/path.sh
[11.236s] -- Up-to-date: /home/hima/bachelors/rbkairos_ws/install/ros2_laser_scan_matcher/share/ros2_laser_scan_matcher/environment/path.dsv
[11.236s] -- Up-to-date: /home/hima/bachelors/rbkairos_ws/install/ros2_laser_scan_matcher/share/ros2_laser_scan_matcher/local_setup.bash
[11.236s] -- Up-to-date: /home/hima/bachelors/rbkairos_ws/install/ros2_laser_scan_matcher/share/ros2_laser_scan_matcher/local_setup.sh
[11.236s] -- Up-to-date: /home/hima/bachelors/rbkairos_ws/install/ros2_laser_scan_matcher/share/ros2_laser_scan_matcher/local_setup.zsh
[11.236s] -- Up-to-date: /home/hima/bachelors/rbkairos_ws/install/ros2_laser_scan_matcher/share/ros2_laser_scan_matcher/local_setup.dsv
[11.237s] -- Installing: /home/hima/bachelors/rbkairos_ws/install/ros2_laser_scan_matcher/share/ros2_laser_scan_matcher/package.dsv
[11.237s] -- Up-to-date: /home/hima/bachelors/rbkairos_ws/install/ros2_laser_scan_matcher/share/ament_index/resource_index/packages/ros2_laser_scan_matcher
[11.237s] -- Up-to-date: /home/hima/bachelors/rbkairos_ws/install/ros2_laser_scan_matcher/share/ros2_laser_scan_matcher/cmake/ros2_laser_scan_matcherConfig.cmake
[11.237s] -- Up-to-date: /home/hima/bachelors/rbkairos_ws/install/ros2_laser_scan_matcher/share/ros2_laser_scan_matcher/cmake/ros2_laser_scan_matcherConfig-version.cmake
[11.237s] -- Up-to-date: /home/hima/bachelors/rbkairos_ws/install/ros2_laser_scan_matcher/share/ros2_laser_scan_matcher/package.xml
[11.238s] Invoked command in '/home/hima/bachelors/rbkairos_ws/build/ros2_laser_scan_matcher' returned '0': AMENT_PREFIX_PATH=/home/hima/bachelors/rbkairos_ws/install/csm:${AMENT_PREFIX_PATH} CMAKE_PREFIX_PATH=/home/hima/bachelors/rbkairos_ws/install/csm:/opt/ros/humble LD_LIBRARY_PATH=/home/hima/bachelors/rbkairos_ws/install/csm/lib:${LD_LIBRARY_PATH} /usr/bin/cmake --install /home/hima/bachelors/rbkairos_ws/build/ros2_laser_scan_matcher
