[0.131s] Invoking command in '/home/hima/bachelors/rbkairos_ws/build/robotnik_battery_msgs': CMAKE_PREFIX_PATH=${CMAKE_PREFIX_PATH}:/opt/ros/humble /usr/bin/cmake --build /home/hima/bachelors/rbkairos_ws/build/robotnik_battery_msgs -- -j16 -l16
[0.206s] [ 11%] Built target robotnik_battery_msgs__rosidl_generator_c
[0.210s] [ 12%] Built target robotnik_battery_msgs__cpp
[0.234s] [35m[1mConsolidate compiler generated dependencies of target robotnik_battery_msgs__rosidl_typesupport_fastrtps_c[0m
[0.236s] [35m[1mConsolidate compiler generated dependencies of target robotnik_battery_msgs__rosidl_typesupport_cpp[0m
[0.244s] [35m[1mConsolidate compiler generated dependencies of target robotnik_battery_msgs__rosidl_typesupport_fastrtps_cpp[0m
[0.271s] [35m[1mConsolidate compiler generated dependencies of target robotnik_battery_msgs__rosidl_typesupport_introspection_cpp[0m
[0.280s] [ 33%] Built target robotnik_battery_msgs__rosidl_typesupport_c
[0.281s] [ 35%] Built target robotnik_battery_msgs__rosidl_typesupport_introspection_c
[0.282s] [ 46%] Built target robotnik_battery_msgs__rosidl_typesupport_fastrtps_c
[0.289s] [ 57%] Built target robotnik_battery_msgs__rosidl_typesupport_fastrtps_cpp
[0.290s] [ 69%] Built target robotnik_battery_msgs__rosidl_typesupport_cpp
[0.338s] [ 80%] Built target robotnik_battery_msgs__rosidl_typesupport_introspection_cpp
[0.353s] [ 80%] Built target ament_cmake_python_copy_robotnik_battery_msgs
[0.375s] [ 80%] Built target robotnik_battery_msgs
[0.418s] [ 81%] Built target robotnik_battery_msgs__py
[0.440s] [35m[1mConsolidate compiler generated dependencies of target robotnik_battery_msgs__rosidl_generator_py[0m
[0.471s] [ 91%] Built target robotnik_battery_msgs__rosidl_generator_py
[0.497s] [35m[1mConsolidate compiler generated dependencies of target robotnik_battery_msgs__rosidl_typesupport_introspection_c__pyext[0m
[0.510s] [ 94%] Built target robotnik_battery_msgs__rosidl_typesupport_introspection_c__pyext
[0.569s] [35m[1mConsolidate compiler generated dependencies of target robotnik_battery_msgs__rosidl_typesupport_fastrtps_c__pyext[0m
[0.576s] [35m[1mConsolidate compiler generated dependencies of target robotnik_battery_msgs__rosidl_typesupport_c__pyext[0m
[0.577s] [ 97%] Built target robotnik_battery_msgs__rosidl_typesupport_fastrtps_c__pyext
[0.577s] [100%] Built target robotnik_battery_msgs__rosidl_typesupport_c__pyext
[1.183s] running egg_info
[1.189s] writing robotnik_battery_msgs.egg-info/PKG-INFO
[1.191s] writing dependency_links to robotnik_battery_msgs.egg-info/dependency_links.txt
[1.193s] writing top-level names to robotnik_battery_msgs.egg-info/top_level.txt
[1.221s] reading manifest file 'robotnik_battery_msgs.egg-info/SOURCES.txt'
[1.226s] writing manifest file 'robotnik_battery_msgs.egg-info/SOURCES.txt'
[1.364s] [100%] Built target ament_cmake_python_build_robotnik_battery_msgs_egg
[1.407s] Invoked command in '/home/hima/bachelors/rbkairos_ws/build/robotnik_battery_msgs' returned '0': CMAKE_PREFIX_PATH=${CMAKE_PREFIX_PATH}:/opt/ros/humble /usr/bin/cmake --build /home/hima/bachelors/rbkairos_ws/build/robotnik_battery_msgs -- -j16 -l16
[1.409s] Invoking command in '/home/hima/bachelors/rbkairos_ws/build/robotnik_battery_msgs': CMAKE_PREFIX_PATH=${CMAKE_PREFIX_PATH}:/opt/ros/humble /usr/bin/cmake --install /home/hima/bachelors/rbkairos_ws/build/robotnik_battery_msgs
[1.425s] -- Install configuration: ""
[1.426s] -- Up-to-date: /home/hima/bachelors/rbkairos_ws/install/robotnik_battery_msgs/share/ament_index/resource_index/rosidl_interfaces/robotnik_battery_msgs
[1.426s] -- Up-to-date: /home/hima/bachelors/rbkairos_ws/install/robotnik_battery_msgs/include/robotnik_battery_msgs/robotnik_battery_msgs
[1.426s] -- Up-to-date: /home/hima/bachelors/rbkairos_ws/install/robotnik_battery_msgs/include/robotnik_battery_msgs/robotnik_battery_msgs/msg
[1.426s] -- Up-to-date: /home/hima/bachelors/rbkairos_ws/install/robotnik_battery_msgs/include/robotnik_battery_msgs/robotnik_battery_msgs/msg/battery_status_stamped.h
[1.426s] -- Up-to-date: /home/hima/bachelors/rbkairos_ws/install/robotnik_battery_msgs/include/robotnik_battery_msgs/robotnik_battery_msgs/msg/docking_station_status_stamped.h
[1.426s] -- Up-to-date: /home/hima/bachelors/rbkairos_ws/install/robotnik_battery_msgs/include/robotnik_battery_msgs/robotnik_battery_msgs/msg/docking_station_status.h
[1.426s] -- Up-to-date: /home/hima/bachelors/rbkairos_ws/install/robotnik_battery_msgs/include/robotnik_battery_msgs/robotnik_battery_msgs/msg/detail
[1.426s] -- Up-to-date: /home/hima/bachelors/rbkairos_ws/install/robotnik_battery_msgs/include/robotnik_battery_msgs/robotnik_battery_msgs/msg/detail/docking_station_status_stamped__functions.c
[1.426s] -- Up-to-date: /home/hima/bachelors/rbkairos_ws/install/robotnik_battery_msgs/include/robotnik_battery_msgs/robotnik_battery_msgs/msg/detail/battery_status_stamped__type_support.h
[1.426s] -- Up-to-date: /home/hima/bachelors/rbkairos_ws/install/robotnik_battery_msgs/include/robotnik_battery_msgs/robotnik_battery_msgs/msg/detail/battery_status__type_support.h
[1.426s] -- Up-to-date: /home/hima/bachelors/rbkairos_ws/install/robotnik_battery_msgs/include/robotnik_battery_msgs/robotnik_battery_msgs/msg/detail/inverter_status_stamped__functions.h
[1.428s] -- Up-to-date: /home/hima/bachelors/rbkairos_ws/install/robotnik_battery_msgs/include/robotnik_battery_msgs/robotnik_battery_msgs/msg/detail/battery_status__functions.c
[1.428s] -- Up-to-date: /home/hima/bachelors/rbkairos_ws/install/robotnik_battery_msgs/include/robotnik_battery_msgs/robotnik_battery_msgs/msg/detail/battery_status__struct.h
[1.428s] -- Up-to-date: /home/hima/bachelors/rbkairos_ws/install/robotnik_battery_msgs/include/robotnik_battery_msgs/robotnik_battery_msgs/msg/detail/inverter_status_stamped__struct.h
[1.428s] -- Up-to-date: /home/hima/bachelors/rbkairos_ws/install/robotnik_battery_msgs/include/robotnik_battery_msgs/robotnik_battery_msgs/msg/detail/battery_status__functions.h
[1.428s] -- Up-to-date: /home/hima/bachelors/rbkairos_ws/install/robotnik_battery_msgs/include/robotnik_battery_msgs/robotnik_battery_msgs/msg/detail/battery_status_stamped__functions.c
[1.428s] -- Up-to-date: /home/hima/bachelors/rbkairos_ws/install/robotnik_battery_msgs/include/robotnik_battery_msgs/robotnik_battery_msgs/msg/detail/docking_station_status__functions.c
[1.428s] -- Up-to-date: /home/hima/bachelors/rbkairos_ws/install/robotnik_battery_msgs/include/robotnik_battery_msgs/robotnik_battery_msgs/msg/detail/inverter_status__functions.c
[1.428s] -- Up-to-date: /home/hima/bachelors/rbkairos_ws/install/robotnik_battery_msgs/include/robotnik_battery_msgs/robotnik_battery_msgs/msg/detail/docking_station_status__type_support.h
[1.428s] -- Up-to-date: /home/hima/bachelors/rbkairos_ws/install/robotnik_battery_msgs/include/robotnik_battery_msgs/robotnik_battery_msgs/msg/detail/docking_station_status__struct.h
[1.428s] -- Up-to-date: /home/hima/bachelors/rbkairos_ws/install/robotnik_battery_msgs/include/robotnik_battery_msgs/robotnik_battery_msgs/msg/detail/battery_status_stamped__functions.h
[1.429s] -- Up-to-date: /home/hima/bachelors/rbkairos_ws/install/robotnik_battery_msgs/include/robotnik_battery_msgs/robotnik_battery_msgs/msg/detail/docking_station_status_stamped__type_support.h
[1.429s] -- Up-to-date: /home/hima/bachelors/rbkairos_ws/install/robotnik_battery_msgs/include/robotnik_battery_msgs/robotnik_battery_msgs/msg/detail/inverter_status__struct.h
[1.429s] -- Up-to-date: /home/hima/bachelors/rbkairos_ws/install/robotnik_battery_msgs/include/robotnik_battery_msgs/robotnik_battery_msgs/msg/detail/docking_station_status__functions.h
[1.429s] -- Up-to-date: /home/hima/bachelors/rbkairos_ws/install/robotnik_battery_msgs/include/robotnik_battery_msgs/robotnik_battery_msgs/msg/detail/battery_status_stamped__struct.h
[1.429s] -- Up-to-date: /home/hima/bachelors/rbkairos_ws/install/robotnik_battery_msgs/include/robotnik_battery_msgs/robotnik_battery_msgs/msg/detail/docking_station_status_stamped__functions.h
[1.429s] -- Up-to-date: /home/hima/bachelors/rbkairos_ws/install/robotnik_battery_msgs/include/robotnik_battery_msgs/robotnik_battery_msgs/msg/detail/docking_station_status_stamped__struct.h
[1.429s] -- Up-to-date: /home/hima/bachelors/rbkairos_ws/install/robotnik_battery_msgs/include/robotnik_battery_msgs/robotnik_battery_msgs/msg/detail/inverter_status_stamped__functions.c
[1.430s] -- Up-to-date: /home/hima/bachelors/rbkairos_ws/install/robotnik_battery_msgs/include/robotnik_battery_msgs/robotnik_battery_msgs/msg/detail/inverter_status__functions.h
[1.430s] -- Up-to-date: /home/hima/bachelors/rbkairos_ws/install/robotnik_battery_msgs/include/robotnik_battery_msgs/robotnik_battery_msgs/msg/detail/inverter_status__type_support.h
[1.430s] -- Up-to-date: /home/hima/bachelors/rbkairos_ws/install/robotnik_battery_msgs/include/robotnik_battery_msgs/robotnik_battery_msgs/msg/detail/inverter_status_stamped__type_support.h
[1.430s] -- Up-to-date: /home/hima/bachelors/rbkairos_ws/install/robotnik_battery_msgs/include/robotnik_battery_msgs/robotnik_battery_msgs/msg/rosidl_generator_c__visibility_control.h
[1.430s] -- Up-to-date: /home/hima/bachelors/rbkairos_ws/install/robotnik_battery_msgs/include/robotnik_battery_msgs/robotnik_battery_msgs/msg/battery_status.h
[1.430s] -- Up-to-date: /home/hima/bachelors/rbkairos_ws/install/robotnik_battery_msgs/include/robotnik_battery_msgs/robotnik_battery_msgs/msg/inverter_status_stamped.h
[1.430s] -- Up-to-date: /home/hima/bachelors/rbkairos_ws/install/robotnik_battery_msgs/include/robotnik_battery_msgs/robotnik_battery_msgs/msg/inverter_status.h
[1.430s] -- Up-to-date: /home/hima/bachelors/rbkairos_ws/install/robotnik_battery_msgs/share/robotnik_battery_msgs/environment/library_path.sh
[1.431s] -- Up-to-date: /home/hima/bachelors/rbkairos_ws/install/robotnik_battery_msgs/share/robotnik_battery_msgs/environment/library_path.dsv
[1.432s] -- Up-to-date: /home/hima/bachelors/rbkairos_ws/install/robotnik_battery_msgs/lib/librobotnik_battery_msgs__rosidl_generator_c.so
[1.434s] -- Up-to-date: /home/hima/bachelors/rbkairos_ws/install/robotnik_battery_msgs/include/robotnik_battery_msgs/robotnik_battery_msgs
[1.434s] -- Up-to-date: /home/hima/bachelors/rbkairos_ws/install/robotnik_battery_msgs/include/robotnik_battery_msgs/robotnik_battery_msgs/msg
[1.434s] -- Up-to-date: /home/hima/bachelors/rbkairos_ws/install/robotnik_battery_msgs/include/robotnik_battery_msgs/robotnik_battery_msgs/msg/rosidl_typesupport_fastrtps_c__visibility_control.h
[1.434s] -- Up-to-date: /home/hima/bachelors/rbkairos_ws/install/robotnik_battery_msgs/include/robotnik_battery_msgs/robotnik_battery_msgs/msg/detail
[1.435s] -- Up-to-date: /home/hima/bachelors/rbkairos_ws/install/robotnik_battery_msgs/include/robotnik_battery_msgs/robotnik_battery_msgs/msg/detail/inverter_status_stamped__rosidl_typesupport_fastrtps_c.h
[1.436s] -- Up-to-date: /home/hima/bachelors/rbkairos_ws/install/robotnik_battery_msgs/include/robotnik_battery_msgs/robotnik_battery_msgs/msg/detail/docking_station_status_stamped__rosidl_typesupport_fastrtps_c.h
[1.437s] -- Up-to-date: /home/hima/bachelors/rbkairos_ws/install/robotnik_battery_msgs/include/robotnik_battery_msgs/robotnik_battery_msgs/msg/detail/inverter_status__rosidl_typesupport_fastrtps_c.h
[1.437s] -- Up-to-date: /home/hima/bachelors/rbkairos_ws/install/robotnik_battery_msgs/include/robotnik_battery_msgs/robotnik_battery_msgs/msg/detail/docking_station_status__rosidl_typesupport_fastrtps_c.h
[1.437s] -- Up-to-date: /home/hima/bachelors/rbkairos_ws/install/robotnik_battery_msgs/include/robotnik_battery_msgs/robotnik_battery_msgs/msg/detail/battery_status_stamped__rosidl_typesupport_fastrtps_c.h
[1.437s] -- Up-to-date: /home/hima/bachelors/rbkairos_ws/install/robotnik_battery_msgs/include/robotnik_battery_msgs/robotnik_battery_msgs/msg/detail/battery_status__rosidl_typesupport_fastrtps_c.h
[1.437s] -- Up-to-date: /home/hima/bachelors/rbkairos_ws/install/robotnik_battery_msgs/lib/librobotnik_battery_msgs__rosidl_typesupport_fastrtps_c.so
[1.438s] -- Up-to-date: /home/hima/bachelors/rbkairos_ws/install/robotnik_battery_msgs/include/robotnik_battery_msgs/robotnik_battery_msgs
[1.439s] -- Up-to-date: /home/hima/bachelors/rbkairos_ws/install/robotnik_battery_msgs/include/robotnik_battery_msgs/robotnik_battery_msgs/msg
[1.440s] -- Up-to-date: /home/hima/bachelors/rbkairos_ws/install/robotnik_battery_msgs/include/robotnik_battery_msgs/robotnik_battery_msgs/msg/battery_status_stamped.hpp
[1.441s] -- Up-to-date: /home/hima/bachelors/rbkairos_ws/install/robotnik_battery_msgs/include/robotnik_battery_msgs/robotnik_battery_msgs/msg/inverter_status.hpp
[1.442s] -- Up-to-date: /home/hima/bachelors/rbkairos_ws/install/robotnik_battery_msgs/include/robotnik_battery_msgs/robotnik_battery_msgs/msg/docking_station_status.hpp
[1.443s] -- Up-to-date: /home/hima/bachelors/rbkairos_ws/install/robotnik_battery_msgs/include/robotnik_battery_msgs/robotnik_battery_msgs/msg/rosidl_generator_cpp__visibility_control.hpp
[1.444s] -- Up-to-date: /home/hima/bachelors/rbkairos_ws/install/robotnik_battery_msgs/include/robotnik_battery_msgs/robotnik_battery_msgs/msg/detail
[1.444s] -- Up-to-date: /home/hima/bachelors/rbkairos_ws/install/robotnik_battery_msgs/include/robotnik_battery_msgs/robotnik_battery_msgs/msg/detail/battery_status__type_support.hpp
[1.445s] -- Up-to-date: /home/hima/bachelors/rbkairos_ws/install/robotnik_battery_msgs/include/robotnik_battery_msgs/robotnik_battery_msgs/msg/detail/inverter_status_stamped__struct.hpp
[1.445s] -- Up-to-date: /home/hima/bachelors/rbkairos_ws/install/robotnik_battery_msgs/include/robotnik_battery_msgs/robotnik_battery_msgs/msg/detail/inverter_status_stamped__type_support.hpp
[1.445s] -- Up-to-date: /home/hima/bachelors/rbkairos_ws/install/robotnik_battery_msgs/include/robotnik_battery_msgs/robotnik_battery_msgs/msg/detail/battery_status_stamped__traits.hpp
[1.445s] -- Up-to-date: /home/hima/bachelors/rbkairos_ws/install/robotnik_battery_msgs/include/robotnik_battery_msgs/robotnik_battery_msgs/msg/detail/docking_station_status_stamped__builder.hpp
[1.445s] -- Up-to-date: /home/hima/bachelors/rbkairos_ws/install/robotnik_battery_msgs/include/robotnik_battery_msgs/robotnik_battery_msgs/msg/detail/inverter_status__struct.hpp
[1.446s] -- Up-to-date: /home/hima/bachelors/rbkairos_ws/install/robotnik_battery_msgs/include/robotnik_battery_msgs/robotnik_battery_msgs/msg/detail/docking_station_status__builder.hpp
[1.446s] -- Up-to-date: /home/hima/bachelors/rbkairos_ws/install/robotnik_battery_msgs/include/robotnik_battery_msgs/robotnik_battery_msgs/msg/detail/inverter_status__traits.hpp
[1.446s] -- Up-to-date: /home/hima/bachelors/rbkairos_ws/install/robotnik_battery_msgs/include/robotnik_battery_msgs/robotnik_battery_msgs/msg/detail/inverter_status_stamped__builder.hpp
[1.446s] -- Up-to-date: /home/hima/bachelors/rbkairos_ws/install/robotnik_battery_msgs/include/robotnik_battery_msgs/robotnik_battery_msgs/msg/detail/docking_station_status_stamped__struct.hpp
[1.446s] -- Up-to-date: /home/hima/bachelors/rbkairos_ws/install/robotnik_battery_msgs/include/robotnik_battery_msgs/robotnik_battery_msgs/msg/detail/battery_status__traits.hpp
[1.446s] -- Up-to-date: /home/hima/bachelors/rbkairos_ws/install/robotnik_battery_msgs/include/robotnik_battery_msgs/robotnik_battery_msgs/msg/detail/docking_station_status_stamped__traits.hpp
[1.447s] -- Up-to-date: /home/hima/bachelors/rbkairos_ws/install/robotnik_battery_msgs/include/robotnik_battery_msgs/robotnik_battery_msgs/msg/detail/battery_status_stamped__struct.hpp
[1.447s] -- Up-to-date: /home/hima/bachelors/rbkairos_ws/install/robotnik_battery_msgs/include/robotnik_battery_msgs/robotnik_battery_msgs/msg/detail/docking_station_status__type_support.hpp
[1.447s] -- Up-to-date: /home/hima/bachelors/rbkairos_ws/install/robotnik_battery_msgs/include/robotnik_battery_msgs/robotnik_battery_msgs/msg/detail/battery_status_stamped__builder.hpp
[1.447s] -- Up-to-date: /home/hima/bachelors/rbkairos_ws/install/robotnik_battery_msgs/include/robotnik_battery_msgs/robotnik_battery_msgs/msg/detail/inverter_status__type_support.hpp
[1.447s] -- Up-to-date: /home/hima/bachelors/rbkairos_ws/install/robotnik_battery_msgs/include/robotnik_battery_msgs/robotnik_battery_msgs/msg/detail/battery_status_stamped__type_support.hpp
[1.447s] -- Up-to-date: /home/hima/bachelors/rbkairos_ws/install/robotnik_battery_msgs/include/robotnik_battery_msgs/robotnik_battery_msgs/msg/detail/inverter_status__builder.hpp
[1.447s] -- Up-to-date: /home/hima/bachelors/rbkairos_ws/install/robotnik_battery_msgs/include/robotnik_battery_msgs/robotnik_battery_msgs/msg/detail/docking_station_status__struct.hpp
[1.447s] -- Up-to-date: /home/hima/bachelors/rbkairos_ws/install/robotnik_battery_msgs/include/robotnik_battery_msgs/robotnik_battery_msgs/msg/detail/battery_status__struct.hpp
[1.447s] -- Up-to-date: /home/hima/bachelors/rbkairos_ws/install/robotnik_battery_msgs/include/robotnik_battery_msgs/robotnik_battery_msgs/msg/detail/battery_status__builder.hpp
[1.447s] -- Up-to-date: /home/hima/bachelors/rbkairos_ws/install/robotnik_battery_msgs/include/robotnik_battery_msgs/robotnik_battery_msgs/msg/detail/inverter_status_stamped__traits.hpp
[1.449s] -- Up-to-date: /home/hima/bachelors/rbkairos_ws/install/robotnik_battery_msgs/include/robotnik_battery_msgs/robotnik_battery_msgs/msg/detail/docking_station_status__traits.hpp
[1.449s] -- Up-to-date: /home/hima/bachelors/rbkairos_ws/install/robotnik_battery_msgs/include/robotnik_battery_msgs/robotnik_battery_msgs/msg/detail/docking_station_status_stamped__type_support.hpp
[1.449s] -- Up-to-date: /home/hima/bachelors/rbkairos_ws/install/robotnik_battery_msgs/include/robotnik_battery_msgs/robotnik_battery_msgs/msg/battery_status.hpp
[1.449s] -- Up-to-date: /home/hima/bachelors/rbkairos_ws/install/robotnik_battery_msgs/include/robotnik_battery_msgs/robotnik_battery_msgs/msg/inverter_status_stamped.hpp
[1.449s] -- Up-to-date: /home/hima/bachelors/rbkairos_ws/install/robotnik_battery_msgs/include/robotnik_battery_msgs/robotnik_battery_msgs/msg/docking_station_status_stamped.hpp
[1.449s] -- Up-to-date: /home/hima/bachelors/rbkairos_ws/install/robotnik_battery_msgs/include/robotnik_battery_msgs/robotnik_battery_msgs
[1.449s] -- Up-to-date: /home/hima/bachelors/rbkairos_ws/install/robotnik_battery_msgs/include/robotnik_battery_msgs/robotnik_battery_msgs/msg
[1.449s] -- Up-to-date: /home/hima/bachelors/rbkairos_ws/install/robotnik_battery_msgs/include/robotnik_battery_msgs/robotnik_battery_msgs/msg/rosidl_typesupport_fastrtps_cpp__visibility_control.h
[1.449s] -- Up-to-date: /home/hima/bachelors/rbkairos_ws/install/robotnik_battery_msgs/include/robotnik_battery_msgs/robotnik_battery_msgs/msg/detail
[1.449s] -- Up-to-date: /home/hima/bachelors/rbkairos_ws/install/robotnik_battery_msgs/include/robotnik_battery_msgs/robotnik_battery_msgs/msg/detail/inverter_status_stamped__rosidl_typesupport_fastrtps_cpp.hpp
[1.449s] -- Up-to-date: /home/hima/bachelors/rbkairos_ws/install/robotnik_battery_msgs/include/robotnik_battery_msgs/robotnik_battery_msgs/msg/detail/battery_status_stamped__rosidl_typesupport_fastrtps_cpp.hpp
[1.449s] -- Up-to-date: /home/hima/bachelors/rbkairos_ws/install/robotnik_battery_msgs/include/robotnik_battery_msgs/robotnik_battery_msgs/msg/detail/docking_station_status__rosidl_typesupport_fastrtps_cpp.hpp
[1.450s] -- Up-to-date: /home/hima/bachelors/rbkairos_ws/install/robotnik_battery_msgs/include/robotnik_battery_msgs/robotnik_battery_msgs/msg/detail/inverter_status__rosidl_typesupport_fastrtps_cpp.hpp
[1.450s] -- Up-to-date: /home/hima/bachelors/rbkairos_ws/install/robotnik_battery_msgs/include/robotnik_battery_msgs/robotnik_battery_msgs/msg/detail/docking_station_status_stamped__rosidl_typesupport_fastrtps_cpp.hpp
[1.450s] -- Up-to-date: /home/hima/bachelors/rbkairos_ws/install/robotnik_battery_msgs/include/robotnik_battery_msgs/robotnik_battery_msgs/msg/detail/dds_fastrtps
[1.450s] -- Up-to-date: /home/hima/bachelors/rbkairos_ws/install/robotnik_battery_msgs/include/robotnik_battery_msgs/robotnik_battery_msgs/msg/detail/battery_status__rosidl_typesupport_fastrtps_cpp.hpp
[1.450s] -- Up-to-date: /home/hima/bachelors/rbkairos_ws/install/robotnik_battery_msgs/lib/librobotnik_battery_msgs__rosidl_typesupport_fastrtps_cpp.so
[1.450s] -- Up-to-date: /home/hima/bachelors/rbkairos_ws/install/robotnik_battery_msgs/include/robotnik_battery_msgs/robotnik_battery_msgs
[1.450s] -- Up-to-date: /home/hima/bachelors/rbkairos_ws/install/robotnik_battery_msgs/include/robotnik_battery_msgs/robotnik_battery_msgs/msg
[1.450s] -- Up-to-date: /home/hima/bachelors/rbkairos_ws/install/robotnik_battery_msgs/include/robotnik_battery_msgs/robotnik_battery_msgs/msg/rosidl_typesupport_introspection_c__visibility_control.h
[1.450s] -- Up-to-date: /home/hima/bachelors/rbkairos_ws/install/robotnik_battery_msgs/include/robotnik_battery_msgs/robotnik_battery_msgs/msg/detail
[1.450s] -- Up-to-date: /home/hima/bachelors/rbkairos_ws/install/robotnik_battery_msgs/include/robotnik_battery_msgs/robotnik_battery_msgs/msg/detail/inverter_status__rosidl_typesupport_introspection_c.h
[1.451s] -- Up-to-date: /home/hima/bachelors/rbkairos_ws/install/robotnik_battery_msgs/include/robotnik_battery_msgs/robotnik_battery_msgs/msg/detail/inverter_status_stamped__type_support.c
[1.451s] -- Up-to-date: /home/hima/bachelors/rbkairos_ws/install/robotnik_battery_msgs/include/robotnik_battery_msgs/robotnik_battery_msgs/msg/detail/inverter_status__type_support.c
[1.451s] -- Up-to-date: /home/hima/bachelors/rbkairos_ws/install/robotnik_battery_msgs/include/robotnik_battery_msgs/robotnik_battery_msgs/msg/detail/battery_status__rosidl_typesupport_introspection_c.h
[1.451s] -- Up-to-date: /home/hima/bachelors/rbkairos_ws/install/robotnik_battery_msgs/include/robotnik_battery_msgs/robotnik_battery_msgs/msg/detail/battery_status_stamped__type_support.c
[1.451s] -- Up-to-date: /home/hima/bachelors/rbkairos_ws/install/robotnik_battery_msgs/include/robotnik_battery_msgs/robotnik_battery_msgs/msg/detail/inverter_status_stamped__rosidl_typesupport_introspection_c.h
[1.452s] -- Up-to-date: /home/hima/bachelors/rbkairos_ws/install/robotnik_battery_msgs/include/robotnik_battery_msgs/robotnik_battery_msgs/msg/detail/battery_status_stamped__rosidl_typesupport_introspection_c.h
[1.453s] -- Up-to-date: /home/hima/bachelors/rbkairos_ws/install/robotnik_battery_msgs/include/robotnik_battery_msgs/robotnik_battery_msgs/msg/detail/battery_status__type_support.c
[1.453s] -- Up-to-date: /home/hima/bachelors/rbkairos_ws/install/robotnik_battery_msgs/include/robotnik_battery_msgs/robotnik_battery_msgs/msg/detail/docking_station_status__rosidl_typesupport_introspection_c.h
[1.453s] -- Up-to-date: /home/hima/bachelors/rbkairos_ws/install/robotnik_battery_msgs/include/robotnik_battery_msgs/robotnik_battery_msgs/msg/detail/docking_station_status__type_support.c
[1.453s] -- Up-to-date: /home/hima/bachelors/rbkairos_ws/install/robotnik_battery_msgs/include/robotnik_battery_msgs/robotnik_battery_msgs/msg/detail/docking_station_status_stamped__type_support.c
[1.454s] -- Up-to-date: /home/hima/bachelors/rbkairos_ws/install/robotnik_battery_msgs/include/robotnik_battery_msgs/robotnik_battery_msgs/msg/detail/docking_station_status_stamped__rosidl_typesupport_introspection_c.h
[1.454s] -- Up-to-date: /home/hima/bachelors/rbkairos_ws/install/robotnik_battery_msgs/lib/librobotnik_battery_msgs__rosidl_typesupport_introspection_c.so
[1.455s] -- Up-to-date: /home/hima/bachelors/rbkairos_ws/install/robotnik_battery_msgs/lib/librobotnik_battery_msgs__rosidl_typesupport_c.so
[1.457s] -- Up-to-date: /home/hima/bachelors/rbkairos_ws/install/robotnik_battery_msgs/include/robotnik_battery_msgs/robotnik_battery_msgs
[1.458s] -- Up-to-date: /home/hima/bachelors/rbkairos_ws/install/robotnik_battery_msgs/include/robotnik_battery_msgs/robotnik_battery_msgs/msg
[1.459s] -- Up-to-date: /home/hima/bachelors/rbkairos_ws/install/robotnik_battery_msgs/include/robotnik_battery_msgs/robotnik_battery_msgs/msg/detail
[1.459s] -- Up-to-date: /home/hima/bachelors/rbkairos_ws/install/robotnik_battery_msgs/include/robotnik_battery_msgs/robotnik_battery_msgs/msg/detail/inverter_status__type_support.cpp
[1.459s] -- Up-to-date: /home/hima/bachelors/rbkairos_ws/install/robotnik_battery_msgs/include/robotnik_battery_msgs/robotnik_battery_msgs/msg/detail/inverter_status_stamped__type_support.cpp
[1.459s] -- Up-to-date: /home/hima/bachelors/rbkairos_ws/install/robotnik_battery_msgs/include/robotnik_battery_msgs/robotnik_battery_msgs/msg/detail/docking_station_status__rosidl_typesupport_introspection_cpp.hpp
[1.459s] -- Up-to-date: /home/hima/bachelors/rbkairos_ws/install/robotnik_battery_msgs/include/robotnik_battery_msgs/robotnik_battery_msgs/msg/detail/battery_status_stamped__type_support.cpp
[1.459s] -- Up-to-date: /home/hima/bachelors/rbkairos_ws/install/robotnik_battery_msgs/include/robotnik_battery_msgs/robotnik_battery_msgs/msg/detail/docking_station_status_stamped__type_support.cpp
[1.459s] -- Up-to-date: /home/hima/bachelors/rbkairos_ws/install/robotnik_battery_msgs/include/robotnik_battery_msgs/robotnik_battery_msgs/msg/detail/battery_status__type_support.cpp
[1.459s] -- Up-to-date: /home/hima/bachelors/rbkairos_ws/install/robotnik_battery_msgs/include/robotnik_battery_msgs/robotnik_battery_msgs/msg/detail/docking_station_status_stamped__rosidl_typesupport_introspection_cpp.hpp
[1.459s] -- Up-to-date: /home/hima/bachelors/rbkairos_ws/install/robotnik_battery_msgs/include/robotnik_battery_msgs/robotnik_battery_msgs/msg/detail/battery_status_stamped__rosidl_typesupport_introspection_cpp.hpp
[1.459s] -- Up-to-date: /home/hima/bachelors/rbkairos_ws/install/robotnik_battery_msgs/include/robotnik_battery_msgs/robotnik_battery_msgs/msg/detail/battery_status__rosidl_typesupport_introspection_cpp.hpp
[1.459s] -- Up-to-date: /home/hima/bachelors/rbkairos_ws/install/robotnik_battery_msgs/include/robotnik_battery_msgs/robotnik_battery_msgs/msg/detail/inverter_status_stamped__rosidl_typesupport_introspection_cpp.hpp
[1.459s] -- Up-to-date: /home/hima/bachelors/rbkairos_ws/install/robotnik_battery_msgs/include/robotnik_battery_msgs/robotnik_battery_msgs/msg/detail/docking_station_status__type_support.cpp
[1.459s] -- Up-to-date: /home/hima/bachelors/rbkairos_ws/install/robotnik_battery_msgs/include/robotnik_battery_msgs/robotnik_battery_msgs/msg/detail/inverter_status__rosidl_typesupport_introspection_cpp.hpp
[1.460s] -- Up-to-date: /home/hima/bachelors/rbkairos_ws/install/robotnik_battery_msgs/lib/librobotnik_battery_msgs__rosidl_typesupport_introspection_cpp.so
[1.462s] -- Up-to-date: /home/hima/bachelors/rbkairos_ws/install/robotnik_battery_msgs/lib/librobotnik_battery_msgs__rosidl_typesupport_cpp.so
[1.463s] -- Up-to-date: /home/hima/bachelors/rbkairos_ws/install/robotnik_battery_msgs/share/robotnik_battery_msgs/environment/pythonpath.sh
[1.464s] -- Up-to-date: /home/hima/bachelors/rbkairos_ws/install/robotnik_battery_msgs/share/robotnik_battery_msgs/environment/pythonpath.dsv
[1.464s] -- Up-to-date: /home/hima/bachelors/rbkairos_ws/install/robotnik_battery_msgs/local/lib/python3.10/dist-packages/robotnik_battery_msgs-1.0.0-py3.10.egg-info
[1.464s] -- Installing: /home/hima/bachelors/rbkairos_ws/install/robotnik_battery_msgs/local/lib/python3.10/dist-packages/robotnik_battery_msgs-1.0.0-py3.10.egg-info/top_level.txt
[1.465s] -- Installing: /home/hima/bachelors/rbkairos_ws/install/robotnik_battery_msgs/local/lib/python3.10/dist-packages/robotnik_battery_msgs-1.0.0-py3.10.egg-info/PKG-INFO
[1.467s] -- Installing: /home/hima/bachelors/rbkairos_ws/install/robotnik_battery_msgs/local/lib/python3.10/dist-packages/robotnik_battery_msgs-1.0.0-py3.10.egg-info/SOURCES.txt
[1.474s] -- Installing: /home/hima/bachelors/rbkairos_ws/install/robotnik_battery_msgs/local/lib/python3.10/dist-packages/robotnik_battery_msgs-1.0.0-py3.10.egg-info/dependency_links.txt
[1.475s] -- Up-to-date: /home/hima/bachelors/rbkairos_ws/install/robotnik_battery_msgs/local/lib/python3.10/dist-packages/robotnik_battery_msgs
[1.476s] -- Up-to-date: /home/hima/bachelors/rbkairos_ws/install/robotnik_battery_msgs/local/lib/python3.10/dist-packages/robotnik_battery_msgs/_robotnik_battery_msgs_s.ep.rosidl_typesupport_fastrtps_c.c
[1.477s] -- Up-to-date: /home/hima/bachelors/rbkairos_ws/install/robotnik_battery_msgs/local/lib/python3.10/dist-packages/robotnik_battery_msgs/_robotnik_battery_msgs_s.ep.rosidl_typesupport_introspection_c.c
[1.479s] -- Up-to-date: /home/hima/bachelors/rbkairos_ws/install/robotnik_battery_msgs/local/lib/python3.10/dist-packages/robotnik_battery_msgs/librobotnik_battery_msgs__rosidl_generator_py.so
[1.479s] -- Up-to-date: /home/hima/bachelors/rbkairos_ws/install/robotnik_battery_msgs/local/lib/python3.10/dist-packages/robotnik_battery_msgs/robotnik_battery_msgs_s__rosidl_typesupport_fastrtps_c.cpython-310-x86_64-linux-gnu.so
[1.480s] -- Up-to-date: /home/hima/bachelors/rbkairos_ws/install/robotnik_battery_msgs/local/lib/python3.10/dist-packages/robotnik_battery_msgs/_robotnik_battery_msgs_s.ep.rosidl_typesupport_c.c
[1.481s] -- Up-to-date: /home/hima/bachelors/rbkairos_ws/install/robotnik_battery_msgs/local/lib/python3.10/dist-packages/robotnik_battery_msgs/robotnik_battery_msgs_s__rosidl_typesupport_introspection_c.cpython-310-x86_64-linux-gnu.so
[1.485s] -- Up-to-date: /home/hima/bachelors/rbkairos_ws/install/robotnik_battery_msgs/local/lib/python3.10/dist-packages/robotnik_battery_msgs/msg
[1.486s] -- Up-to-date: /home/hima/bachelors/rbkairos_ws/install/robotnik_battery_msgs/local/lib/python3.10/dist-packages/robotnik_battery_msgs/msg/_battery_status_stamped.py
[1.486s] -- Up-to-date: /home/hima/bachelors/rbkairos_ws/install/robotnik_battery_msgs/local/lib/python3.10/dist-packages/robotnik_battery_msgs/msg/_docking_station_status_stamped.py
[1.487s] -- Up-to-date: /home/hima/bachelors/rbkairos_ws/install/robotnik_battery_msgs/local/lib/python3.10/dist-packages/robotnik_battery_msgs/msg/_docking_station_status.py
[1.488s] -- Up-to-date: /home/hima/bachelors/rbkairos_ws/install/robotnik_battery_msgs/local/lib/python3.10/dist-packages/robotnik_battery_msgs/msg/_inverter_status_stamped_s.c
[1.489s] -- Up-to-date: /home/hima/bachelors/rbkairos_ws/install/robotnik_battery_msgs/local/lib/python3.10/dist-packages/robotnik_battery_msgs/msg/_battery_status_s.c
[1.490s] -- Up-to-date: /home/hima/bachelors/rbkairos_ws/install/robotnik_battery_msgs/local/lib/python3.10/dist-packages/robotnik_battery_msgs/msg/_inverter_status_stamped.py
[1.490s] -- Up-to-date: /home/hima/bachelors/rbkairos_ws/install/robotnik_battery_msgs/local/lib/python3.10/dist-packages/robotnik_battery_msgs/msg/_inverter_status.py
[1.491s] -- Up-to-date: /home/hima/bachelors/rbkairos_ws/install/robotnik_battery_msgs/local/lib/python3.10/dist-packages/robotnik_battery_msgs/msg/_battery_status_stamped_s.c
[1.493s] -- Up-to-date: /home/hima/bachelors/rbkairos_ws/install/robotnik_battery_msgs/local/lib/python3.10/dist-packages/robotnik_battery_msgs/msg/_inverter_status_s.c
[1.495s] -- Up-to-date: /home/hima/bachelors/rbkairos_ws/install/robotnik_battery_msgs/local/lib/python3.10/dist-packages/robotnik_battery_msgs/msg/__init__.py
[1.495s] -- Up-to-date: /home/hima/bachelors/rbkairos_ws/install/robotnik_battery_msgs/local/lib/python3.10/dist-packages/robotnik_battery_msgs/msg/_battery_status.py
[1.495s] -- Up-to-date: /home/hima/bachelors/rbkairos_ws/install/robotnik_battery_msgs/local/lib/python3.10/dist-packages/robotnik_battery_msgs/msg/_docking_station_status_stamped_s.c
[1.495s] -- Up-to-date: /home/hima/bachelors/rbkairos_ws/install/robotnik_battery_msgs/local/lib/python3.10/dist-packages/robotnik_battery_msgs/msg/_docking_station_status_s.c
[1.495s] -- Up-to-date: /home/hima/bachelors/rbkairos_ws/install/robotnik_battery_msgs/local/lib/python3.10/dist-packages/robotnik_battery_msgs/robotnik_battery_msgs_s__rosidl_typesupport_c.cpython-310-x86_64-linux-gnu.so
[1.495s] -- Up-to-date: /home/hima/bachelors/rbkairos_ws/install/robotnik_battery_msgs/local/lib/python3.10/dist-packages/robotnik_battery_msgs/__init__.py
[1.625s] Listing '/home/hima/bachelors/rbkairos_ws/install/robotnik_battery_msgs/local/lib/python3.10/dist-packages/robotnik_battery_msgs'...
[1.625s] Listing '/home/hima/bachelors/rbkairos_ws/install/robotnik_battery_msgs/local/lib/python3.10/dist-packages/robotnik_battery_msgs/msg'...
[1.634s] -- Up-to-date: /home/hima/bachelors/rbkairos_ws/install/robotnik_battery_msgs/local/lib/python3.10/dist-packages/robotnik_battery_msgs/robotnik_battery_msgs_s__rosidl_typesupport_fastrtps_c.cpython-310-x86_64-linux-gnu.so
[1.635s] -- Up-to-date: /home/hima/bachelors/rbkairos_ws/install/robotnik_battery_msgs/local/lib/python3.10/dist-packages/robotnik_battery_msgs/robotnik_battery_msgs_s__rosidl_typesupport_introspection_c.cpython-310-x86_64-linux-gnu.so
[1.635s] -- Up-to-date: /home/hima/bachelors/rbkairos_ws/install/robotnik_battery_msgs/local/lib/python3.10/dist-packages/robotnik_battery_msgs/robotnik_battery_msgs_s__rosidl_typesupport_c.cpython-310-x86_64-linux-gnu.so
[1.637s] -- Up-to-date: /home/hima/bachelors/rbkairos_ws/install/robotnik_battery_msgs/lib/librobotnik_battery_msgs__rosidl_generator_py.so
[1.640s] -- Up-to-date: /home/hima/bachelors/rbkairos_ws/install/robotnik_battery_msgs/share/robotnik_battery_msgs/msg/BatteryStatus.idl
[1.641s] -- Up-to-date: /home/hima/bachelors/rbkairos_ws/install/robotnik_battery_msgs/share/robotnik_battery_msgs/msg/BatteryStatusStamped.idl
[1.641s] -- Up-to-date: /home/hima/bachelors/rbkairos_ws/install/robotnik_battery_msgs/share/robotnik_battery_msgs/msg/DockingStationStatus.idl
[1.642s] -- Up-to-date: /home/hima/bachelors/rbkairos_ws/install/robotnik_battery_msgs/share/robotnik_battery_msgs/msg/DockingStationStatusStamped.idl
[1.643s] -- Up-to-date: /home/hima/bachelors/rbkairos_ws/install/robotnik_battery_msgs/share/robotnik_battery_msgs/msg/InverterStatus.idl
[1.643s] -- Up-to-date: /home/hima/bachelors/rbkairos_ws/install/robotnik_battery_msgs/share/robotnik_battery_msgs/msg/InverterStatusStamped.idl
[1.643s] -- Up-to-date: /home/hima/bachelors/rbkairos_ws/install/robotnik_battery_msgs/share/robotnik_battery_msgs/msg/BatteryStatus.msg
[1.645s] -- Up-to-date: /home/hima/bachelors/rbkairos_ws/install/robotnik_battery_msgs/share/robotnik_battery_msgs/msg/BatteryStatusStamped.msg
[1.645s] -- Up-to-date: /home/hima/bachelors/rbkairos_ws/install/robotnik_battery_msgs/share/robotnik_battery_msgs/msg/DockingStationStatus.msg
[1.645s] -- Up-to-date: /home/hima/bachelors/rbkairos_ws/install/robotnik_battery_msgs/share/robotnik_battery_msgs/msg/DockingStationStatusStamped.msg
[1.645s] -- Up-to-date: /home/hima/bachelors/rbkairos_ws/install/robotnik_battery_msgs/share/robotnik_battery_msgs/msg/InverterStatus.msg
[1.645s] -- Up-to-date: /home/hima/bachelors/rbkairos_ws/install/robotnik_battery_msgs/share/robotnik_battery_msgs/msg/InverterStatusStamped.msg
[1.646s] -- Up-to-date: /home/hima/bachelors/rbkairos_ws/install/robotnik_battery_msgs/share/ament_index/resource_index/package_run_dependencies/robotnik_battery_msgs
[1.647s] -- Up-to-date: /home/hima/bachelors/rbkairos_ws/install/robotnik_battery_msgs/share/ament_index/resource_index/parent_prefix_path/robotnik_battery_msgs
[1.648s] -- Up-to-date: /home/hima/bachelors/rbkairos_ws/install/robotnik_battery_msgs/share/robotnik_battery_msgs/environment/ament_prefix_path.sh
[1.648s] -- Up-to-date: /home/hima/bachelors/rbkairos_ws/install/robotnik_battery_msgs/share/robotnik_battery_msgs/environment/ament_prefix_path.dsv
[1.648s] -- Up-to-date: /home/hima/bachelors/rbkairos_ws/install/robotnik_battery_msgs/share/robotnik_battery_msgs/environment/path.sh
[1.648s] -- Up-to-date: /home/hima/bachelors/rbkairos_ws/install/robotnik_battery_msgs/share/robotnik_battery_msgs/environment/path.dsv
[1.648s] -- Up-to-date: /home/hima/bachelors/rbkairos_ws/install/robotnik_battery_msgs/share/robotnik_battery_msgs/local_setup.bash
[1.648s] -- Up-to-date: /home/hima/bachelors/rbkairos_ws/install/robotnik_battery_msgs/share/robotnik_battery_msgs/local_setup.sh
[1.650s] -- Up-to-date: /home/hima/bachelors/rbkairos_ws/install/robotnik_battery_msgs/share/robotnik_battery_msgs/local_setup.zsh
[1.651s] -- Up-to-date: /home/hima/bachelors/rbkairos_ws/install/robotnik_battery_msgs/share/robotnik_battery_msgs/local_setup.dsv
[1.651s] -- Installing: /home/hima/bachelors/rbkairos_ws/install/robotnik_battery_msgs/share/robotnik_battery_msgs/package.dsv
[1.651s] -- Up-to-date: /home/hima/bachelors/rbkairos_ws/install/robotnik_battery_msgs/share/ament_index/resource_index/packages/robotnik_battery_msgs
[1.654s] -- Up-to-date: /home/hima/bachelors/rbkairos_ws/install/robotnik_battery_msgs/share/robotnik_battery_msgs/cmake/export_robotnik_battery_msgs__rosidl_generator_cExport.cmake
[1.654s] -- Up-to-date: /home/hima/bachelors/rbkairos_ws/install/robotnik_battery_msgs/share/robotnik_battery_msgs/cmake/export_robotnik_battery_msgs__rosidl_generator_cExport-noconfig.cmake
[1.654s] -- Up-to-date: /home/hima/bachelors/rbkairos_ws/install/robotnik_battery_msgs/share/robotnik_battery_msgs/cmake/export_robotnik_battery_msgs__rosidl_typesupport_fastrtps_cExport.cmake
[1.654s] -- Up-to-date: /home/hima/bachelors/rbkairos_ws/install/robotnik_battery_msgs/share/robotnik_battery_msgs/cmake/export_robotnik_battery_msgs__rosidl_typesupport_fastrtps_cExport-noconfig.cmake
[1.654s] -- Up-to-date: /home/hima/bachelors/rbkairos_ws/install/robotnik_battery_msgs/share/robotnik_battery_msgs/cmake/export_robotnik_battery_msgs__rosidl_generator_cppExport.cmake
[1.654s] -- Up-to-date: /home/hima/bachelors/rbkairos_ws/install/robotnik_battery_msgs/share/robotnik_battery_msgs/cmake/export_robotnik_battery_msgs__rosidl_typesupport_fastrtps_cppExport.cmake
[1.654s] -- Up-to-date: /home/hima/bachelors/rbkairos_ws/install/robotnik_battery_msgs/share/robotnik_battery_msgs/cmake/export_robotnik_battery_msgs__rosidl_typesupport_fastrtps_cppExport-noconfig.cmake
[1.655s] -- Up-to-date: /home/hima/bachelors/rbkairos_ws/install/robotnik_battery_msgs/share/robotnik_battery_msgs/cmake/robotnik_battery_msgs__rosidl_typesupport_introspection_cExport.cmake
[1.655s] -- Up-to-date: /home/hima/bachelors/rbkairos_ws/install/robotnik_battery_msgs/share/robotnik_battery_msgs/cmake/robotnik_battery_msgs__rosidl_typesupport_introspection_cExport-noconfig.cmake
[1.655s] -- Up-to-date: /home/hima/bachelors/rbkairos_ws/install/robotnik_battery_msgs/share/robotnik_battery_msgs/cmake/robotnik_battery_msgs__rosidl_typesupport_cExport.cmake
[1.655s] -- Up-to-date: /home/hima/bachelors/rbkairos_ws/install/robotnik_battery_msgs/share/robotnik_battery_msgs/cmake/robotnik_battery_msgs__rosidl_typesupport_cExport-noconfig.cmake
[1.655s] -- Up-to-date: /home/hima/bachelors/rbkairos_ws/install/robotnik_battery_msgs/share/robotnik_battery_msgs/cmake/robotnik_battery_msgs__rosidl_typesupport_introspection_cppExport.cmake
[1.655s] -- Up-to-date: /home/hima/bachelors/rbkairos_ws/install/robotnik_battery_msgs/share/robotnik_battery_msgs/cmake/robotnik_battery_msgs__rosidl_typesupport_introspection_cppExport-noconfig.cmake
[1.656s] -- Up-to-date: /home/hima/bachelors/rbkairos_ws/install/robotnik_battery_msgs/share/robotnik_battery_msgs/cmake/robotnik_battery_msgs__rosidl_typesupport_cppExport.cmake
[1.656s] -- Up-to-date: /home/hima/bachelors/rbkairos_ws/install/robotnik_battery_msgs/share/robotnik_battery_msgs/cmake/robotnik_battery_msgs__rosidl_typesupport_cppExport-noconfig.cmake
[1.657s] -- Up-to-date: /home/hima/bachelors/rbkairos_ws/install/robotnik_battery_msgs/share/robotnik_battery_msgs/cmake/export_robotnik_battery_msgs__rosidl_generator_pyExport.cmake
[1.657s] -- Up-to-date: /home/hima/bachelors/rbkairos_ws/install/robotnik_battery_msgs/share/robotnik_battery_msgs/cmake/export_robotnik_battery_msgs__rosidl_generator_pyExport-noconfig.cmake
[1.658s] -- Up-to-date: /home/hima/bachelors/rbkairos_ws/install/robotnik_battery_msgs/share/robotnik_battery_msgs/cmake/rosidl_cmake-extras.cmake
[1.658s] -- Up-to-date: /home/hima/bachelors/rbkairos_ws/install/robotnik_battery_msgs/share/robotnik_battery_msgs/cmake/ament_cmake_export_dependencies-extras.cmake
[1.661s] -- Up-to-date: /home/hima/bachelors/rbkairos_ws/install/robotnik_battery_msgs/share/robotnik_battery_msgs/cmake/ament_cmake_export_include_directories-extras.cmake
[1.661s] -- Up-to-date: /home/hima/bachelors/rbkairos_ws/install/robotnik_battery_msgs/share/robotnik_battery_msgs/cmake/ament_cmake_export_libraries-extras.cmake
[1.664s] -- Up-to-date: /home/hima/bachelors/rbkairos_ws/install/robotnik_battery_msgs/share/robotnik_battery_msgs/cmake/ament_cmake_export_targets-extras.cmake
[1.664s] -- Up-to-date: /home/hima/bachelors/rbkairos_ws/install/robotnik_battery_msgs/share/robotnik_battery_msgs/cmake/rosidl_cmake_export_typesupport_targets-extras.cmake
[1.664s] -- Up-to-date: /home/hima/bachelors/rbkairos_ws/install/robotnik_battery_msgs/share/robotnik_battery_msgs/cmake/rosidl_cmake_export_typesupport_libraries-extras.cmake
[1.665s] -- Up-to-date: /home/hima/bachelors/rbkairos_ws/install/robotnik_battery_msgs/share/robotnik_battery_msgs/cmake/robotnik_battery_msgsConfig.cmake
[1.665s] -- Up-to-date: /home/hima/bachelors/rbkairos_ws/install/robotnik_battery_msgs/share/robotnik_battery_msgs/cmake/robotnik_battery_msgsConfig-version.cmake
[1.665s] -- Up-to-date: /home/hima/bachelors/rbkairos_ws/install/robotnik_battery_msgs/share/robotnik_battery_msgs/package.xml
[1.669s] Invoked command in '/home/hima/bachelors/rbkairos_ws/build/robotnik_battery_msgs' returned '0': CMAKE_PREFIX_PATH=${CMAKE_PREFIX_PATH}:/opt/ros/humble /usr/bin/cmake --install /home/hima/bachelors/rbkairos_ws/build/robotnik_battery_msgs
