[0.048s] Invoking command in '/home/hima/bachelors/rbkairos_ws/build/robotnik_perception_msgs': CMAKE_PREFIX_PATH=${CMAKE_PREFIX_PATH}:/opt/ros/humble /usr/bin/cmake --build /home/hima/bachelors/rbkairos_ws/build/robotnik_perception_msgs -- -j16 -l16
[0.247s] [  2%] Built target robotnik_perception_msgs__cpp
[0.254s] [ 12%] Built target robotnik_perception_msgs__rosidl_generator_c
[0.256s] [ 12%] Built target ament_cmake_python_copy_robotnik_perception_msgs
[0.256s] [ 23%] Built target robotnik_perception_msgs__rosidl_typesupport_fastrtps_cpp
[0.258s] [ 33%] Built target robotnik_perception_msgs__rosidl_typesupport_introspection_cpp
[0.261s] [ 43%] Built target robotnik_perception_msgs__rosidl_typesupport_cpp
[0.261s] [ 53%] Built target robotnik_perception_msgs__rosidl_typesupport_introspection_c
[0.262s] [ 64%] Built target robotnik_perception_msgs__rosidl_typesupport_c
[0.262s] [ 74%] Built target robotnik_perception_msgs__rosidl_typesupport_fastrtps_c
[0.283s] [ 74%] Built target robotnik_perception_msgs
[0.319s] [ 76%] Built target robotnik_perception_msgs__py
[0.359s] [ 84%] Built target robotnik_perception_msgs__rosidl_generator_py
[0.415s] [ 94%] Built target robotnik_perception_msgs__rosidl_typesupport_introspection_c__pyext
[0.415s] [ 94%] Built target robotnik_perception_msgs__rosidl_typesupport_c__pyext
[0.416s] [100%] Built target robotnik_perception_msgs__rosidl_typesupport_fastrtps_c__pyext
[1.271s] running egg_info
[1.271s] writing robotnik_perception_msgs.egg-info/PKG-INFO
[1.272s] writing dependency_links to robotnik_perception_msgs.egg-info/dependency_links.txt
[1.273s] writing top-level names to robotnik_perception_msgs.egg-info/top_level.txt
[1.284s] reading manifest file 'robotnik_perception_msgs.egg-info/SOURCES.txt'
[1.287s] writing manifest file 'robotnik_perception_msgs.egg-info/SOURCES.txt'
[1.427s] [100%] Built target ament_cmake_python_build_robotnik_perception_msgs_egg
[1.554s] Invoked command in '/home/hima/bachelors/rbkairos_ws/build/robotnik_perception_msgs' returned '0': CMAKE_PREFIX_PATH=${CMAKE_PREFIX_PATH}:/opt/ros/humble /usr/bin/cmake --build /home/hima/bachelors/rbkairos_ws/build/robotnik_perception_msgs -- -j16 -l16
[1.555s] Invoking command in '/home/hima/bachelors/rbkairos_ws/build/robotnik_perception_msgs': CMAKE_PREFIX_PATH=${CMAKE_PREFIX_PATH}:/opt/ros/humble /usr/bin/cmake --install /home/hima/bachelors/rbkairos_ws/build/robotnik_perception_msgs
[1.597s] -- Install configuration: ""
[1.599s] -- Up-to-date: /home/hima/bachelors/rbkairos_ws/install/robotnik_perception_msgs/share/ament_index/resource_index/rosidl_interfaces/robotnik_perception_msgs
[1.600s] -- Up-to-date: /home/hima/bachelors/rbkairos_ws/install/robotnik_perception_msgs/include/robotnik_perception_msgs/robotnik_perception_msgs
[1.600s] -- Up-to-date: /home/hima/bachelors/rbkairos_ws/install/robotnik_perception_msgs/include/robotnik_perception_msgs/robotnik_perception_msgs/msg
[1.601s] -- Up-to-date: /home/hima/bachelors/rbkairos_ws/install/robotnik_perception_msgs/include/robotnik_perception_msgs/robotnik_perception_msgs/msg/detection.h
[1.601s] -- Up-to-date: /home/hima/bachelors/rbkairos_ws/install/robotnik_perception_msgs/include/robotnik_perception_msgs/robotnik_perception_msgs/msg/detail
[1.602s] -- Up-to-date: /home/hima/bachelors/rbkairos_ws/install/robotnik_perception_msgs/include/robotnik_perception_msgs/robotnik_perception_msgs/msg/detail/detection_array__functions.c
[1.602s] -- Up-to-date: /home/hima/bachelors/rbkairos_ws/install/robotnik_perception_msgs/include/robotnik_perception_msgs/robotnik_perception_msgs/msg/detail/detection__struct.h
[1.602s] -- Up-to-date: /home/hima/bachelors/rbkairos_ws/install/robotnik_perception_msgs/include/robotnik_perception_msgs/robotnik_perception_msgs/msg/detail/detection__type_support.h
[1.602s] -- Up-to-date: /home/hima/bachelors/rbkairos_ws/install/robotnik_perception_msgs/include/robotnik_perception_msgs/robotnik_perception_msgs/msg/detail/detection_array__functions.h
[1.602s] -- Up-to-date: /home/hima/bachelors/rbkairos_ws/install/robotnik_perception_msgs/include/robotnik_perception_msgs/robotnik_perception_msgs/msg/detail/detection__functions.h
[1.602s] -- Up-to-date: /home/hima/bachelors/rbkairos_ws/install/robotnik_perception_msgs/include/robotnik_perception_msgs/robotnik_perception_msgs/msg/detail/detection_array__struct.h
[1.602s] -- Up-to-date: /home/hima/bachelors/rbkairos_ws/install/robotnik_perception_msgs/include/robotnik_perception_msgs/robotnik_perception_msgs/msg/detail/detection_array__type_support.h
[1.602s] -- Up-to-date: /home/hima/bachelors/rbkairos_ws/install/robotnik_perception_msgs/include/robotnik_perception_msgs/robotnik_perception_msgs/msg/detail/detection__functions.c
[1.602s] -- Up-to-date: /home/hima/bachelors/rbkairos_ws/install/robotnik_perception_msgs/include/robotnik_perception_msgs/robotnik_perception_msgs/msg/detection_array.h
[1.603s] -- Up-to-date: /home/hima/bachelors/rbkairos_ws/install/robotnik_perception_msgs/include/robotnik_perception_msgs/robotnik_perception_msgs/msg/rosidl_generator_c__visibility_control.h
[1.603s] -- Up-to-date: /home/hima/bachelors/rbkairos_ws/install/robotnik_perception_msgs/share/robotnik_perception_msgs/environment/library_path.sh
[1.603s] -- Up-to-date: /home/hima/bachelors/rbkairos_ws/install/robotnik_perception_msgs/share/robotnik_perception_msgs/environment/library_path.dsv
[1.603s] -- Up-to-date: /home/hima/bachelors/rbkairos_ws/install/robotnik_perception_msgs/lib/librobotnik_perception_msgs__rosidl_generator_c.so
[1.605s] -- Up-to-date: /home/hima/bachelors/rbkairos_ws/install/robotnik_perception_msgs/include/robotnik_perception_msgs/robotnik_perception_msgs
[1.605s] -- Up-to-date: /home/hima/bachelors/rbkairos_ws/install/robotnik_perception_msgs/include/robotnik_perception_msgs/robotnik_perception_msgs/msg
[1.605s] -- Up-to-date: /home/hima/bachelors/rbkairos_ws/install/robotnik_perception_msgs/include/robotnik_perception_msgs/robotnik_perception_msgs/msg/rosidl_typesupport_fastrtps_c__visibility_control.h
[1.605s] -- Up-to-date: /home/hima/bachelors/rbkairos_ws/install/robotnik_perception_msgs/include/robotnik_perception_msgs/robotnik_perception_msgs/msg/detail
[1.605s] -- Up-to-date: /home/hima/bachelors/rbkairos_ws/install/robotnik_perception_msgs/include/robotnik_perception_msgs/robotnik_perception_msgs/msg/detail/detection_array__rosidl_typesupport_fastrtps_c.h
[1.606s] -- Up-to-date: /home/hima/bachelors/rbkairos_ws/install/robotnik_perception_msgs/include/robotnik_perception_msgs/robotnik_perception_msgs/msg/detail/detection__rosidl_typesupport_fastrtps_c.h
[1.607s] -- Up-to-date: /home/hima/bachelors/rbkairos_ws/install/robotnik_perception_msgs/lib/librobotnik_perception_msgs__rosidl_typesupport_fastrtps_c.so
[1.608s] -- Up-to-date: /home/hima/bachelors/rbkairos_ws/install/robotnik_perception_msgs/include/robotnik_perception_msgs/robotnik_perception_msgs
[1.608s] -- Up-to-date: /home/hima/bachelors/rbkairos_ws/install/robotnik_perception_msgs/include/robotnik_perception_msgs/robotnik_perception_msgs/msg
[1.609s] -- Up-to-date: /home/hima/bachelors/rbkairos_ws/install/robotnik_perception_msgs/include/robotnik_perception_msgs/robotnik_perception_msgs/msg/detection.hpp
[1.609s] -- Up-to-date: /home/hima/bachelors/rbkairos_ws/install/robotnik_perception_msgs/include/robotnik_perception_msgs/robotnik_perception_msgs/msg/rosidl_generator_cpp__visibility_control.hpp
[1.609s] -- Up-to-date: /home/hima/bachelors/rbkairos_ws/install/robotnik_perception_msgs/include/robotnik_perception_msgs/robotnik_perception_msgs/msg/detail
[1.609s] -- Up-to-date: /home/hima/bachelors/rbkairos_ws/install/robotnik_perception_msgs/include/robotnik_perception_msgs/robotnik_perception_msgs/msg/detail/detection_array__builder.hpp
[1.609s] -- Up-to-date: /home/hima/bachelors/rbkairos_ws/install/robotnik_perception_msgs/include/robotnik_perception_msgs/robotnik_perception_msgs/msg/detail/detection__builder.hpp
[1.610s] -- Up-to-date: /home/hima/bachelors/rbkairos_ws/install/robotnik_perception_msgs/include/robotnik_perception_msgs/robotnik_perception_msgs/msg/detail/detection__struct.hpp
[1.610s] -- Up-to-date: /home/hima/bachelors/rbkairos_ws/install/robotnik_perception_msgs/include/robotnik_perception_msgs/robotnik_perception_msgs/msg/detail/detection__type_support.hpp
[1.610s] -- Up-to-date: /home/hima/bachelors/rbkairos_ws/install/robotnik_perception_msgs/include/robotnik_perception_msgs/robotnik_perception_msgs/msg/detail/detection_array__type_support.hpp
[1.610s] -- Up-to-date: /home/hima/bachelors/rbkairos_ws/install/robotnik_perception_msgs/include/robotnik_perception_msgs/robotnik_perception_msgs/msg/detail/detection_array__traits.hpp
[1.610s] -- Up-to-date: /home/hima/bachelors/rbkairos_ws/install/robotnik_perception_msgs/include/robotnik_perception_msgs/robotnik_perception_msgs/msg/detail/detection__traits.hpp
[1.610s] -- Up-to-date: /home/hima/bachelors/rbkairos_ws/install/robotnik_perception_msgs/include/robotnik_perception_msgs/robotnik_perception_msgs/msg/detail/detection_array__struct.hpp
[1.610s] -- Up-to-date: /home/hima/bachelors/rbkairos_ws/install/robotnik_perception_msgs/include/robotnik_perception_msgs/robotnik_perception_msgs/msg/detection_array.hpp
[1.611s] -- Up-to-date: /home/hima/bachelors/rbkairos_ws/install/robotnik_perception_msgs/include/robotnik_perception_msgs/robotnik_perception_msgs
[1.611s] -- Up-to-date: /home/hima/bachelors/rbkairos_ws/install/robotnik_perception_msgs/include/robotnik_perception_msgs/robotnik_perception_msgs/msg
[1.611s] -- Up-to-date: /home/hima/bachelors/rbkairos_ws/install/robotnik_perception_msgs/include/robotnik_perception_msgs/robotnik_perception_msgs/msg/rosidl_typesupport_fastrtps_cpp__visibility_control.h
[1.612s] -- Up-to-date: /home/hima/bachelors/rbkairos_ws/install/robotnik_perception_msgs/include/robotnik_perception_msgs/robotnik_perception_msgs/msg/detail
[1.612s] -- Up-to-date: /home/hima/bachelors/rbkairos_ws/install/robotnik_perception_msgs/include/robotnik_perception_msgs/robotnik_perception_msgs/msg/detail/detection__rosidl_typesupport_fastrtps_cpp.hpp
[1.612s] -- Up-to-date: /home/hima/bachelors/rbkairos_ws/install/robotnik_perception_msgs/include/robotnik_perception_msgs/robotnik_perception_msgs/msg/detail/detection_array__rosidl_typesupport_fastrtps_cpp.hpp
[1.612s] -- Up-to-date: /home/hima/bachelors/rbkairos_ws/install/robotnik_perception_msgs/include/robotnik_perception_msgs/robotnik_perception_msgs/msg/detail/dds_fastrtps
[1.614s] -- Up-to-date: /home/hima/bachelors/rbkairos_ws/install/robotnik_perception_msgs/lib/librobotnik_perception_msgs__rosidl_typesupport_fastrtps_cpp.so
[1.616s] -- Up-to-date: /home/hima/bachelors/rbkairos_ws/install/robotnik_perception_msgs/include/robotnik_perception_msgs/robotnik_perception_msgs
[1.616s] -- Up-to-date: /home/hima/bachelors/rbkairos_ws/install/robotnik_perception_msgs/include/robotnik_perception_msgs/robotnik_perception_msgs/msg
[1.616s] -- Up-to-date: /home/hima/bachelors/rbkairos_ws/install/robotnik_perception_msgs/include/robotnik_perception_msgs/robotnik_perception_msgs/msg/rosidl_typesupport_introspection_c__visibility_control.h
[1.616s] -- Up-to-date: /home/hima/bachelors/rbkairos_ws/install/robotnik_perception_msgs/include/robotnik_perception_msgs/robotnik_perception_msgs/msg/detail
[1.616s] -- Up-to-date: /home/hima/bachelors/rbkairos_ws/install/robotnik_perception_msgs/include/robotnik_perception_msgs/robotnik_perception_msgs/msg/detail/detection__type_support.c
[1.616s] -- Up-to-date: /home/hima/bachelors/rbkairos_ws/install/robotnik_perception_msgs/include/robotnik_perception_msgs/robotnik_perception_msgs/msg/detail/detection_array__rosidl_typesupport_introspection_c.h
[1.617s] -- Up-to-date: /home/hima/bachelors/rbkairos_ws/install/robotnik_perception_msgs/include/robotnik_perception_msgs/robotnik_perception_msgs/msg/detail/detection__rosidl_typesupport_introspection_c.h
[1.617s] -- Up-to-date: /home/hima/bachelors/rbkairos_ws/install/robotnik_perception_msgs/include/robotnik_perception_msgs/robotnik_perception_msgs/msg/detail/detection_array__type_support.c
[1.618s] -- Up-to-date: /home/hima/bachelors/rbkairos_ws/install/robotnik_perception_msgs/lib/librobotnik_perception_msgs__rosidl_typesupport_introspection_c.so
[1.620s] -- Up-to-date: /home/hima/bachelors/rbkairos_ws/install/robotnik_perception_msgs/lib/librobotnik_perception_msgs__rosidl_typesupport_c.so
[1.621s] -- Up-to-date: /home/hima/bachelors/rbkairos_ws/install/robotnik_perception_msgs/include/robotnik_perception_msgs/robotnik_perception_msgs
[1.621s] -- Up-to-date: /home/hima/bachelors/rbkairos_ws/install/robotnik_perception_msgs/include/robotnik_perception_msgs/robotnik_perception_msgs/msg
[1.622s] -- Up-to-date: /home/hima/bachelors/rbkairos_ws/install/robotnik_perception_msgs/include/robotnik_perception_msgs/robotnik_perception_msgs/msg/detail
[1.622s] -- Up-to-date: /home/hima/bachelors/rbkairos_ws/install/robotnik_perception_msgs/include/robotnik_perception_msgs/robotnik_perception_msgs/msg/detail/detection_array__type_support.cpp
[1.622s] -- Up-to-date: /home/hima/bachelors/rbkairos_ws/install/robotnik_perception_msgs/include/robotnik_perception_msgs/robotnik_perception_msgs/msg/detail/detection_array__rosidl_typesupport_introspection_cpp.hpp
[1.622s] -- Up-to-date: /home/hima/bachelors/rbkairos_ws/install/robotnik_perception_msgs/include/robotnik_perception_msgs/robotnik_perception_msgs/msg/detail/detection__rosidl_typesupport_introspection_cpp.hpp
[1.622s] -- Up-to-date: /home/hima/bachelors/rbkairos_ws/install/robotnik_perception_msgs/include/robotnik_perception_msgs/robotnik_perception_msgs/msg/detail/detection__type_support.cpp
[1.623s] -- Up-to-date: /home/hima/bachelors/rbkairos_ws/install/robotnik_perception_msgs/lib/librobotnik_perception_msgs__rosidl_typesupport_introspection_cpp.so
[1.625s] -- Up-to-date: /home/hima/bachelors/rbkairos_ws/install/robotnik_perception_msgs/lib/librobotnik_perception_msgs__rosidl_typesupport_cpp.so
[1.626s] -- Up-to-date: /home/hima/bachelors/rbkairos_ws/install/robotnik_perception_msgs/share/robotnik_perception_msgs/environment/pythonpath.sh
[1.628s] -- Up-to-date: /home/hima/bachelors/rbkairos_ws/install/robotnik_perception_msgs/share/robotnik_perception_msgs/environment/pythonpath.dsv
[1.628s] -- Up-to-date: /home/hima/bachelors/rbkairos_ws/install/robotnik_perception_msgs/local/lib/python3.10/dist-packages/robotnik_perception_msgs-1.0.0-py3.10.egg-info
[1.628s] -- Installing: /home/hima/bachelors/rbkairos_ws/install/robotnik_perception_msgs/local/lib/python3.10/dist-packages/robotnik_perception_msgs-1.0.0-py3.10.egg-info/top_level.txt
[1.629s] -- Installing: /home/hima/bachelors/rbkairos_ws/install/robotnik_perception_msgs/local/lib/python3.10/dist-packages/robotnik_perception_msgs-1.0.0-py3.10.egg-info/PKG-INFO
[1.630s] -- Installing: /home/hima/bachelors/rbkairos_ws/install/robotnik_perception_msgs/local/lib/python3.10/dist-packages/robotnik_perception_msgs-1.0.0-py3.10.egg-info/SOURCES.txt
[1.630s] -- Installing: /home/hima/bachelors/rbkairos_ws/install/robotnik_perception_msgs/local/lib/python3.10/dist-packages/robotnik_perception_msgs-1.0.0-py3.10.egg-info/dependency_links.txt
[1.632s] -- Up-to-date: /home/hima/bachelors/rbkairos_ws/install/robotnik_perception_msgs/local/lib/python3.10/dist-packages/robotnik_perception_msgs
[1.632s] -- Up-to-date: /home/hima/bachelors/rbkairos_ws/install/robotnik_perception_msgs/local/lib/python3.10/dist-packages/robotnik_perception_msgs/robotnik_perception_msgs_s__rosidl_typesupport_c.cpython-310-x86_64-linux-gnu.so
[1.633s] -- Up-to-date: /home/hima/bachelors/rbkairos_ws/install/robotnik_perception_msgs/local/lib/python3.10/dist-packages/robotnik_perception_msgs/_robotnik_perception_msgs_s.ep.rosidl_typesupport_c.c
[1.633s] -- Up-to-date: /home/hima/bachelors/rbkairos_ws/install/robotnik_perception_msgs/local/lib/python3.10/dist-packages/robotnik_perception_msgs/robotnik_perception_msgs_s__rosidl_typesupport_introspection_c.cpython-310-x86_64-linux-gnu.so
[1.634s] -- Up-to-date: /home/hima/bachelors/rbkairos_ws/install/robotnik_perception_msgs/local/lib/python3.10/dist-packages/robotnik_perception_msgs/msg
[1.634s] -- Up-to-date: /home/hima/bachelors/rbkairos_ws/install/robotnik_perception_msgs/local/lib/python3.10/dist-packages/robotnik_perception_msgs/msg/_detection_s.c
[1.634s] -- Up-to-date: /home/hima/bachelors/rbkairos_ws/install/robotnik_perception_msgs/local/lib/python3.10/dist-packages/robotnik_perception_msgs/msg/_detection.py
[1.635s] -- Up-to-date: /home/hima/bachelors/rbkairos_ws/install/robotnik_perception_msgs/local/lib/python3.10/dist-packages/robotnik_perception_msgs/msg/__init__.py
[1.636s] -- Up-to-date: /home/hima/bachelors/rbkairos_ws/install/robotnik_perception_msgs/local/lib/python3.10/dist-packages/robotnik_perception_msgs/msg/_detection_array.py
[1.636s] -- Up-to-date: /home/hima/bachelors/rbkairos_ws/install/robotnik_perception_msgs/local/lib/python3.10/dist-packages/robotnik_perception_msgs/msg/_detection_array_s.c
[1.636s] -- Up-to-date: /home/hima/bachelors/rbkairos_ws/install/robotnik_perception_msgs/local/lib/python3.10/dist-packages/robotnik_perception_msgs/_robotnik_perception_msgs_s.ep.rosidl_typesupport_fastrtps_c.c
[1.636s] -- Up-to-date: /home/hima/bachelors/rbkairos_ws/install/robotnik_perception_msgs/local/lib/python3.10/dist-packages/robotnik_perception_msgs/__init__.py
[1.636s] -- Up-to-date: /home/hima/bachelors/rbkairos_ws/install/robotnik_perception_msgs/local/lib/python3.10/dist-packages/robotnik_perception_msgs/robotnik_perception_msgs_s__rosidl_typesupport_fastrtps_c.cpython-310-x86_64-linux-gnu.so
[1.636s] -- Up-to-date: /home/hima/bachelors/rbkairos_ws/install/robotnik_perception_msgs/local/lib/python3.10/dist-packages/robotnik_perception_msgs/librobotnik_perception_msgs__rosidl_generator_py.so
[1.636s] -- Up-to-date: /home/hima/bachelors/rbkairos_ws/install/robotnik_perception_msgs/local/lib/python3.10/dist-packages/robotnik_perception_msgs/_robotnik_perception_msgs_s.ep.rosidl_typesupport_introspection_c.c
[1.784s] Listing '/home/hima/bachelors/rbkairos_ws/install/robotnik_perception_msgs/local/lib/python3.10/dist-packages/robotnik_perception_msgs'...
[1.784s] Listing '/home/hima/bachelors/rbkairos_ws/install/robotnik_perception_msgs/local/lib/python3.10/dist-packages/robotnik_perception_msgs/msg'...
[1.792s] -- Up-to-date: /home/hima/bachelors/rbkairos_ws/install/robotnik_perception_msgs/local/lib/python3.10/dist-packages/robotnik_perception_msgs/robotnik_perception_msgs_s__rosidl_typesupport_fastrtps_c.cpython-310-x86_64-linux-gnu.so
[1.793s] -- Up-to-date: /home/hima/bachelors/rbkairos_ws/install/robotnik_perception_msgs/local/lib/python3.10/dist-packages/robotnik_perception_msgs/robotnik_perception_msgs_s__rosidl_typesupport_introspection_c.cpython-310-x86_64-linux-gnu.so
[1.794s] -- Up-to-date: /home/hima/bachelors/rbkairos_ws/install/robotnik_perception_msgs/local/lib/python3.10/dist-packages/robotnik_perception_msgs/robotnik_perception_msgs_s__rosidl_typesupport_c.cpython-310-x86_64-linux-gnu.so
[1.795s] -- Up-to-date: /home/hima/bachelors/rbkairos_ws/install/robotnik_perception_msgs/lib/librobotnik_perception_msgs__rosidl_generator_py.so
[1.797s] -- Up-to-date: /home/hima/bachelors/rbkairos_ws/install/robotnik_perception_msgs/share/robotnik_perception_msgs/msg/Detection.idl
[1.797s] -- Up-to-date: /home/hima/bachelors/rbkairos_ws/install/robotnik_perception_msgs/share/robotnik_perception_msgs/msg/DetectionArray.idl
[1.798s] -- Up-to-date: /home/hima/bachelors/rbkairos_ws/install/robotnik_perception_msgs/share/robotnik_perception_msgs/msg/Detection.msg
[1.800s] -- Up-to-date: /home/hima/bachelors/rbkairos_ws/install/robotnik_perception_msgs/share/robotnik_perception_msgs/msg/DetectionArray.msg
[1.802s] -- Up-to-date: /home/hima/bachelors/rbkairos_ws/install/robotnik_perception_msgs/share/ament_index/resource_index/package_run_dependencies/robotnik_perception_msgs
[1.806s] -- Up-to-date: /home/hima/bachelors/rbkairos_ws/install/robotnik_perception_msgs/share/ament_index/resource_index/parent_prefix_path/robotnik_perception_msgs
[1.807s] -- Up-to-date: /home/hima/bachelors/rbkairos_ws/install/robotnik_perception_msgs/share/robotnik_perception_msgs/environment/ament_prefix_path.sh
[1.807s] -- Up-to-date: /home/hima/bachelors/rbkairos_ws/install/robotnik_perception_msgs/share/robotnik_perception_msgs/environment/ament_prefix_path.dsv
[1.807s] -- Up-to-date: /home/hima/bachelors/rbkairos_ws/install/robotnik_perception_msgs/share/robotnik_perception_msgs/environment/path.sh
[1.807s] -- Up-to-date: /home/hima/bachelors/rbkairos_ws/install/robotnik_perception_msgs/share/robotnik_perception_msgs/environment/path.dsv
[1.807s] -- Up-to-date: /home/hima/bachelors/rbkairos_ws/install/robotnik_perception_msgs/share/robotnik_perception_msgs/local_setup.bash
[1.808s] -- Up-to-date: /home/hima/bachelors/rbkairos_ws/install/robotnik_perception_msgs/share/robotnik_perception_msgs/local_setup.sh
[1.808s] -- Up-to-date: /home/hima/bachelors/rbkairos_ws/install/robotnik_perception_msgs/share/robotnik_perception_msgs/local_setup.zsh
[1.808s] -- Up-to-date: /home/hima/bachelors/rbkairos_ws/install/robotnik_perception_msgs/share/robotnik_perception_msgs/local_setup.dsv
[1.808s] -- Installing: /home/hima/bachelors/rbkairos_ws/install/robotnik_perception_msgs/share/robotnik_perception_msgs/package.dsv
[1.809s] -- Up-to-date: /home/hima/bachelors/rbkairos_ws/install/robotnik_perception_msgs/share/ament_index/resource_index/packages/robotnik_perception_msgs
[1.809s] -- Up-to-date: /home/hima/bachelors/rbkairos_ws/install/robotnik_perception_msgs/share/robotnik_perception_msgs/cmake/export_robotnik_perception_msgs__rosidl_generator_cExport.cmake
[1.809s] -- Up-to-date: /home/hima/bachelors/rbkairos_ws/install/robotnik_perception_msgs/share/robotnik_perception_msgs/cmake/export_robotnik_perception_msgs__rosidl_generator_cExport-noconfig.cmake
[1.809s] -- Up-to-date: /home/hima/bachelors/rbkairos_ws/install/robotnik_perception_msgs/share/robotnik_perception_msgs/cmake/export_robotnik_perception_msgs__rosidl_typesupport_fastrtps_cExport.cmake
[1.809s] -- Up-to-date: /home/hima/bachelors/rbkairos_ws/install/robotnik_perception_msgs/share/robotnik_perception_msgs/cmake/export_robotnik_perception_msgs__rosidl_typesupport_fastrtps_cExport-noconfig.cmake
[1.809s] -- Up-to-date: /home/hima/bachelors/rbkairos_ws/install/robotnik_perception_msgs/share/robotnik_perception_msgs/cmake/export_robotnik_perception_msgs__rosidl_generator_cppExport.cmake
[1.810s] -- Up-to-date: /home/hima/bachelors/rbkairos_ws/install/robotnik_perception_msgs/share/robotnik_perception_msgs/cmake/export_robotnik_perception_msgs__rosidl_typesupport_fastrtps_cppExport.cmake
[1.811s] -- Up-to-date: /home/hima/bachelors/rbkairos_ws/install/robotnik_perception_msgs/share/robotnik_perception_msgs/cmake/export_robotnik_perception_msgs__rosidl_typesupport_fastrtps_cppExport-noconfig.cmake
[1.812s] -- Up-to-date: /home/hima/bachelors/rbkairos_ws/install/robotnik_perception_msgs/share/robotnik_perception_msgs/cmake/robotnik_perception_msgs__rosidl_typesupport_introspection_cExport.cmake
[1.812s] -- Up-to-date: /home/hima/bachelors/rbkairos_ws/install/robotnik_perception_msgs/share/robotnik_perception_msgs/cmake/robotnik_perception_msgs__rosidl_typesupport_introspection_cExport-noconfig.cmake
[1.813s] -- Up-to-date: /home/hima/bachelors/rbkairos_ws/install/robotnik_perception_msgs/share/robotnik_perception_msgs/cmake/robotnik_perception_msgs__rosidl_typesupport_cExport.cmake
[1.814s] -- Up-to-date: /home/hima/bachelors/rbkairos_ws/install/robotnik_perception_msgs/share/robotnik_perception_msgs/cmake/robotnik_perception_msgs__rosidl_typesupport_cExport-noconfig.cmake
[1.815s] -- Up-to-date: /home/hima/bachelors/rbkairos_ws/install/robotnik_perception_msgs/share/robotnik_perception_msgs/cmake/robotnik_perception_msgs__rosidl_typesupport_introspection_cppExport.cmake
[1.815s] -- Up-to-date: /home/hima/bachelors/rbkairos_ws/install/robotnik_perception_msgs/share/robotnik_perception_msgs/cmake/robotnik_perception_msgs__rosidl_typesupport_introspection_cppExport-noconfig.cmake
[1.815s] -- Up-to-date: /home/hima/bachelors/rbkairos_ws/install/robotnik_perception_msgs/share/robotnik_perception_msgs/cmake/robotnik_perception_msgs__rosidl_typesupport_cppExport.cmake
[1.815s] -- Up-to-date: /home/hima/bachelors/rbkairos_ws/install/robotnik_perception_msgs/share/robotnik_perception_msgs/cmake/robotnik_perception_msgs__rosidl_typesupport_cppExport-noconfig.cmake
[1.815s] -- Up-to-date: /home/hima/bachelors/rbkairos_ws/install/robotnik_perception_msgs/share/robotnik_perception_msgs/cmake/export_robotnik_perception_msgs__rosidl_generator_pyExport.cmake
[1.815s] -- Up-to-date: /home/hima/bachelors/rbkairos_ws/install/robotnik_perception_msgs/share/robotnik_perception_msgs/cmake/export_robotnik_perception_msgs__rosidl_generator_pyExport-noconfig.cmake
[1.815s] -- Up-to-date: /home/hima/bachelors/rbkairos_ws/install/robotnik_perception_msgs/share/robotnik_perception_msgs/cmake/rosidl_cmake-extras.cmake
[1.816s] -- Up-to-date: /home/hima/bachelors/rbkairos_ws/install/robotnik_perception_msgs/share/robotnik_perception_msgs/cmake/ament_cmake_export_dependencies-extras.cmake
[1.816s] -- Up-to-date: /home/hima/bachelors/rbkairos_ws/install/robotnik_perception_msgs/share/robotnik_perception_msgs/cmake/ament_cmake_export_include_directories-extras.cmake
[1.816s] -- Up-to-date: /home/hima/bachelors/rbkairos_ws/install/robotnik_perception_msgs/share/robotnik_perception_msgs/cmake/ament_cmake_export_libraries-extras.cmake
[1.816s] -- Up-to-date: /home/hima/bachelors/rbkairos_ws/install/robotnik_perception_msgs/share/robotnik_perception_msgs/cmake/ament_cmake_export_targets-extras.cmake
[1.816s] -- Up-to-date: /home/hima/bachelors/rbkairos_ws/install/robotnik_perception_msgs/share/robotnik_perception_msgs/cmake/rosidl_cmake_export_typesupport_targets-extras.cmake
[1.816s] -- Up-to-date: /home/hima/bachelors/rbkairos_ws/install/robotnik_perception_msgs/share/robotnik_perception_msgs/cmake/rosidl_cmake_export_typesupport_libraries-extras.cmake
[1.816s] -- Up-to-date: /home/hima/bachelors/rbkairos_ws/install/robotnik_perception_msgs/share/robotnik_perception_msgs/cmake/robotnik_perception_msgsConfig.cmake
[1.817s] -- Up-to-date: /home/hima/bachelors/rbkairos_ws/install/robotnik_perception_msgs/share/robotnik_perception_msgs/cmake/robotnik_perception_msgsConfig-version.cmake
[1.817s] -- Up-to-date: /home/hima/bachelors/rbkairos_ws/install/robotnik_perception_msgs/share/robotnik_perception_msgs/package.xml
[1.817s] Invoked command in '/home/hima/bachelors/rbkairos_ws/build/robotnik_perception_msgs' returned '0': CMAKE_PREFIX_PATH=${CMAKE_PREFIX_PATH}:/opt/ros/humble /usr/bin/cmake --install /home/hima/bachelors/rbkairos_ws/build/robotnik_perception_msgs
