[0.096s] Invoking command in '/home/hima/bachelors/rbkairos_ws/build/csm': CMAKE_PREFIX_PATH=${CMAKE_PREFIX_PATH}:/opt/ros/humble /usr/bin/cmake --build /home/hima/bachelors/rbkairos_ws/build/csm -- -j16 -l16
[0.279s] [100%] Built target csm
[0.336s] Invoked command in '/home/hima/bachelors/rbkairos_ws/build/csm' returned '0': CMAKE_PREFIX_PATH=${CMAKE_PREFIX_PATH}:/opt/ros/humble /usr/bin/cmake --build /home/hima/bachelors/rbkairos_ws/build/csm -- -j16 -l16
[0.348s] Invoking command in '/home/hima/bachelors/rbkairos_ws/build/csm': CMAKE_PREFIX_PATH=${CMAKE_PREFIX_PATH}:/opt/ros/humble /usr/bin/cmake --install /home/hima/bachelors/rbkairos_ws/build/csm
[0.383s] -- Install configuration: ""
[0.384s] -- Up-to-date: /home/hima/bachelors/rbkairos_ws/install/csm/lib/libcsm.so
[0.385s] -- Up-to-date: /home/hima/bachelors/rbkairos_ws/install/csm/include/..//include
[0.385s] -- Up-to-date: /home/hima/bachelors/rbkairos_ws/install/csm/include/..//include/gsl_eigen
[0.386s] -- Up-to-date: /home/hima/bachelors/rbkairos_ws/install/csm/include/..//include/gsl_eigen/gsl_eigen.h
[0.403s] -- Up-to-date: /home/hima/bachelors/rbkairos_ws/install/csm/include/..//include/csm
[0.404s] -- Up-to-date: /home/hima/bachelors/rbkairos_ws/install/csm/include/..//include/csm/csm.h
[0.405s] -- Up-to-date: /home/hima/bachelors/rbkairos_ws/install/csm/include/..//include/csm/algos.h
[0.405s] -- Up-to-date: /home/hima/bachelors/rbkairos_ws/install/csm/include/..//include/csm/laser_data_inline.h
[0.418s] -- Up-to-date: /home/hima/bachelors/rbkairos_ws/install/csm/include/..//include/csm/laser_data.h
[0.419s] -- Up-to-date: /home/hima/bachelors/rbkairos_ws/install/csm/include/..//include/csm/restrict.h
[0.420s] -- Up-to-date: /home/hima/bachelors/rbkairos_ws/install/csm/share/csm/resource
[0.420s] -- Up-to-date: /home/hima/bachelors/rbkairos_ws/install/csm/share/csm/resource/csm
[0.429s] -- Up-to-date: /home/hima/bachelors/rbkairos_ws/install/csm/include/../gsl_eigen
[0.429s] -- Up-to-date: /home/hima/bachelors/rbkairos_ws/install/csm/include/../gsl_eigen/gsl_eigen.h
[0.429s] -- Up-to-date: /home/hima/bachelors/rbkairos_ws/install/csm/share/csm/environment/library_path.sh
[0.430s] -- Up-to-date: /home/hima/bachelors/rbkairos_ws/install/csm/share/csm/environment/library_path.dsv
[0.430s] -- Up-to-date: /home/hima/bachelors/rbkairos_ws/install/csm/share/ament_index/resource_index/package_run_dependencies/csm
[0.430s] -- Up-to-date: /home/hima/bachelors/rbkairos_ws/install/csm/share/ament_index/resource_index/parent_prefix_path/csm
[0.430s] -- Up-to-date: /home/hima/bachelors/rbkairos_ws/install/csm/share/csm/environment/ament_prefix_path.sh
[0.430s] -- Up-to-date: /home/hima/bachelors/rbkairos_ws/install/csm/share/csm/environment/ament_prefix_path.dsv
[0.430s] -- Up-to-date: /home/hima/bachelors/rbkairos_ws/install/csm/share/csm/environment/path.sh
[0.430s] -- Up-to-date: /home/hima/bachelors/rbkairos_ws/install/csm/share/csm/environment/path.dsv
[0.430s] -- Up-to-date: /home/hima/bachelors/rbkairos_ws/install/csm/share/csm/local_setup.bash
[0.430s] -- Up-to-date: /home/hima/bachelors/rbkairos_ws/install/csm/share/csm/local_setup.sh
[0.430s] -- Up-to-date: /home/hima/bachelors/rbkairos_ws/install/csm/share/csm/local_setup.zsh
[0.430s] -- Up-to-date: /home/hima/bachelors/rbkairos_ws/install/csm/share/csm/local_setup.dsv
[0.430s] -- Installing: /home/hima/bachelors/rbkairos_ws/install/csm/share/csm/package.dsv
[0.431s] -- Up-to-date: /home/hima/bachelors/rbkairos_ws/install/csm/share/ament_index/resource_index/packages/csm
[0.431s] -- Up-to-date: /home/hima/bachelors/rbkairos_ws/install/csm/share/csm/cmake/ament_cmake_export_dependencies-extras.cmake
[0.431s] -- Up-to-date: /home/hima/bachelors/rbkairos_ws/install/csm/share/csm/cmake/ament_cmake_export_include_directories-extras.cmake
[0.431s] -- Up-to-date: /home/hima/bachelors/rbkairos_ws/install/csm/share/csm/cmake/ament_cmake_export_libraries-extras.cmake
[0.431s] -- Up-to-date: /home/hima/bachelors/rbkairos_ws/install/csm/share/csm/cmake/csmConfig.cmake
[0.431s] -- Up-to-date: /home/hima/bachelors/rbkairos_ws/install/csm/share/csm/cmake/csmConfig-version.cmake
[0.431s] -- Up-to-date: /home/hima/bachelors/rbkairos_ws/install/csm/share/csm/package.xml
[0.459s] Invoked command in '/home/hima/bachelors/rbkairos_ws/build/csm' returned '0': CMAKE_PREFIX_PATH=${CMAKE_PREFIX_PATH}:/opt/ros/humble /usr/bin/cmake --install /home/hima/bachelors/rbkairos_ws/build/csm
