[0.041s] Invoking command in '/home/hima/bachelors/rbkairos_ws/build/robotnik_perception_msgs': CMAKE_PREFIX_PATH=${CMAKE_PREFIX_PATH}:/opt/ros/humble /usr/bin/cmake --build /home/hima/bachelors/rbkairos_ws/build/robotnik_perception_msgs -- -j16 -l16
[0.138s] [  2%] Built target robotnik_perception_msgs__cpp
[0.181s] [ 12%] Built target robotnik_perception_msgs__rosidl_generator_c
[0.189s] [ 12%] Built target ament_cmake_python_copy_robotnik_perception_msgs
[0.194s] [ 23%] Built target robotnik_perception_msgs__rosidl_typesupport_cpp
[0.202s] [ 33%] Built target robotnik_perception_msgs__rosidl_typesupport_c
[0.204s] [ 43%] Built target robotnik_perception_msgs__rosidl_typesupport_fastrtps_cpp
[0.204s] [ 53%] Built target robotnik_perception_msgs__rosidl_typesupport_introspection_c
[0.205s] [ 64%] Built target robotnik_perception_msgs__rosidl_typesupport_introspection_cpp
[0.205s] [ 74%] Built target robotnik_perception_msgs__rosidl_typesupport_fastrtps_c
[0.245s] [ 74%] Built target robotnik_perception_msgs
[0.279s] [ 76%] Built target robotnik_perception_msgs__py
[0.309s] [ 84%] Built target robotnik_perception_msgs__rosidl_generator_py
[0.343s] [ 89%] Built target robotnik_perception_msgs__rosidl_typesupport_introspection_c__pyext
[0.350s] [ 94%] Built target robotnik_perception_msgs__rosidl_typesupport_fastrtps_c__pyext
[0.370s] [100%] Built target robotnik_perception_msgs__rosidl_typesupport_c__pyext
[0.987s] running egg_info
[0.988s] writing robotnik_perception_msgs.egg-info/PKG-INFO
[0.988s] writing dependency_links to robotnik_perception_msgs.egg-info/dependency_links.txt
[0.989s] writing top-level names to robotnik_perception_msgs.egg-info/top_level.txt
[1.011s] reading manifest file 'robotnik_perception_msgs.egg-info/SOURCES.txt'
[1.012s] writing manifest file 'robotnik_perception_msgs.egg-info/SOURCES.txt'
[1.130s] [100%] Built target ament_cmake_python_build_robotnik_perception_msgs_egg
[1.177s] Invoked command in '/home/hima/bachelors/rbkairos_ws/build/robotnik_perception_msgs' returned '0': CMAKE_PREFIX_PATH=${CMAKE_PREFIX_PATH}:/opt/ros/humble /usr/bin/cmake --build /home/hima/bachelors/rbkairos_ws/build/robotnik_perception_msgs -- -j16 -l16
[1.181s] Invoking command in '/home/hima/bachelors/rbkairos_ws/build/robotnik_perception_msgs': CMAKE_PREFIX_PATH=${CMAKE_PREFIX_PATH}:/opt/ros/humble /usr/bin/cmake --install /home/hima/bachelors/rbkairos_ws/build/robotnik_perception_msgs
[1.191s] -- Install configuration: ""
[1.192s] -- Up-to-date: /home/hima/bachelors/rbkairos_ws/install/robotnik_perception_msgs/share/ament_index/resource_index/rosidl_interfaces/robotnik_perception_msgs
[1.192s] -- Up-to-date: /home/hima/bachelors/rbkairos_ws/install/robotnik_perception_msgs/include/robotnik_perception_msgs/robotnik_perception_msgs
[1.192s] -- Up-to-date: /home/hima/bachelors/rbkairos_ws/install/robotnik_perception_msgs/include/robotnik_perception_msgs/robotnik_perception_msgs/msg
[1.192s] -- Up-to-date: /home/hima/bachelors/rbkairos_ws/install/robotnik_perception_msgs/include/robotnik_perception_msgs/robotnik_perception_msgs/msg/detection.h
[1.192s] -- Up-to-date: /home/hima/bachelors/rbkairos_ws/install/robotnik_perception_msgs/include/robotnik_perception_msgs/robotnik_perception_msgs/msg/detail
[1.192s] -- Up-to-date: /home/hima/bachelors/rbkairos_ws/install/robotnik_perception_msgs/include/robotnik_perception_msgs/robotnik_perception_msgs/msg/detail/detection_array__functions.c
[1.192s] -- Up-to-date: /home/hima/bachelors/rbkairos_ws/install/robotnik_perception_msgs/include/robotnik_perception_msgs/robotnik_perception_msgs/msg/detail/detection__struct.h
[1.193s] -- Up-to-date: /home/hima/bachelors/rbkairos_ws/install/robotnik_perception_msgs/include/robotnik_perception_msgs/robotnik_perception_msgs/msg/detail/detection__type_support.h
[1.193s] -- Up-to-date: /home/hima/bachelors/rbkairos_ws/install/robotnik_perception_msgs/include/robotnik_perception_msgs/robotnik_perception_msgs/msg/detail/detection_array__functions.h
[1.193s] -- Up-to-date: /home/hima/bachelors/rbkairos_ws/install/robotnik_perception_msgs/include/robotnik_perception_msgs/robotnik_perception_msgs/msg/detail/detection__functions.h
[1.193s] -- Up-to-date: /home/hima/bachelors/rbkairos_ws/install/robotnik_perception_msgs/include/robotnik_perception_msgs/robotnik_perception_msgs/msg/detail/detection_array__struct.h
[1.193s] -- Up-to-date: /home/hima/bachelors/rbkairos_ws/install/robotnik_perception_msgs/include/robotnik_perception_msgs/robotnik_perception_msgs/msg/detail/detection_array__type_support.h
[1.193s] -- Up-to-date: /home/hima/bachelors/rbkairos_ws/install/robotnik_perception_msgs/include/robotnik_perception_msgs/robotnik_perception_msgs/msg/detail/detection__functions.c
[1.193s] -- Up-to-date: /home/hima/bachelors/rbkairos_ws/install/robotnik_perception_msgs/include/robotnik_perception_msgs/robotnik_perception_msgs/msg/detection_array.h
[1.193s] -- Up-to-date: /home/hima/bachelors/rbkairos_ws/install/robotnik_perception_msgs/include/robotnik_perception_msgs/robotnik_perception_msgs/msg/rosidl_generator_c__visibility_control.h
[1.194s] -- Up-to-date: /home/hima/bachelors/rbkairos_ws/install/robotnik_perception_msgs/share/robotnik_perception_msgs/environment/library_path.sh
[1.194s] -- Up-to-date: /home/hima/bachelors/rbkairos_ws/install/robotnik_perception_msgs/share/robotnik_perception_msgs/environment/library_path.dsv
[1.194s] -- Up-to-date: /home/hima/bachelors/rbkairos_ws/install/robotnik_perception_msgs/lib/librobotnik_perception_msgs__rosidl_generator_c.so
[1.196s] -- Up-to-date: /home/hima/bachelors/rbkairos_ws/install/robotnik_perception_msgs/include/robotnik_perception_msgs/robotnik_perception_msgs
[1.196s] -- Up-to-date: /home/hima/bachelors/rbkairos_ws/install/robotnik_perception_msgs/include/robotnik_perception_msgs/robotnik_perception_msgs/msg
[1.197s] -- Up-to-date: /home/hima/bachelors/rbkairos_ws/install/robotnik_perception_msgs/include/robotnik_perception_msgs/robotnik_perception_msgs/msg/rosidl_typesupport_fastrtps_c__visibility_control.h
[1.197s] -- Up-to-date: /home/hima/bachelors/rbkairos_ws/install/robotnik_perception_msgs/include/robotnik_perception_msgs/robotnik_perception_msgs/msg/detail
[1.198s] -- Up-to-date: /home/hima/bachelors/rbkairos_ws/install/robotnik_perception_msgs/include/robotnik_perception_msgs/robotnik_perception_msgs/msg/detail/detection_array__rosidl_typesupport_fastrtps_c.h
[1.198s] -- Up-to-date: /home/hima/bachelors/rbkairos_ws/install/robotnik_perception_msgs/include/robotnik_perception_msgs/robotnik_perception_msgs/msg/detail/detection__rosidl_typesupport_fastrtps_c.h
[1.198s] -- Up-to-date: /home/hima/bachelors/rbkairos_ws/install/robotnik_perception_msgs/lib/librobotnik_perception_msgs__rosidl_typesupport_fastrtps_c.so
[1.210s] -- Up-to-date: /home/hima/bachelors/rbkairos_ws/install/robotnik_perception_msgs/include/robotnik_perception_msgs/robotnik_perception_msgs
[1.211s] -- Up-to-date: /home/hima/bachelors/rbkairos_ws/install/robotnik_perception_msgs/include/robotnik_perception_msgs/robotnik_perception_msgs/msg
[1.211s] -- Up-to-date: /home/hima/bachelors/rbkairos_ws/install/robotnik_perception_msgs/include/robotnik_perception_msgs/robotnik_perception_msgs/msg/detection.hpp
[1.211s] -- Up-to-date: /home/hima/bachelors/rbkairos_ws/install/robotnik_perception_msgs/include/robotnik_perception_msgs/robotnik_perception_msgs/msg/rosidl_generator_cpp__visibility_control.hpp
[1.212s] -- Up-to-date: /home/hima/bachelors/rbkairos_ws/install/robotnik_perception_msgs/include/robotnik_perception_msgs/robotnik_perception_msgs/msg/detail
[1.212s] -- Up-to-date: /home/hima/bachelors/rbkairos_ws/install/robotnik_perception_msgs/include/robotnik_perception_msgs/robotnik_perception_msgs/msg/detail/detection_array__builder.hpp
[1.213s] -- Up-to-date: /home/hima/bachelors/rbkairos_ws/install/robotnik_perception_msgs/include/robotnik_perception_msgs/robotnik_perception_msgs/msg/detail/detection__builder.hpp
[1.213s] -- Up-to-date: /home/hima/bachelors/rbkairos_ws/install/robotnik_perception_msgs/include/robotnik_perception_msgs/robotnik_perception_msgs/msg/detail/detection__struct.hpp
[1.214s] -- Up-to-date: /home/hima/bachelors/rbkairos_ws/install/robotnik_perception_msgs/include/robotnik_perception_msgs/robotnik_perception_msgs/msg/detail/detection__type_support.hpp
[1.215s] -- Up-to-date: /home/hima/bachelors/rbkairos_ws/install/robotnik_perception_msgs/include/robotnik_perception_msgs/robotnik_perception_msgs/msg/detail/detection_array__type_support.hpp
[1.215s] -- Up-to-date: /home/hima/bachelors/rbkairos_ws/install/robotnik_perception_msgs/include/robotnik_perception_msgs/robotnik_perception_msgs/msg/detail/detection_array__traits.hpp
[1.216s] -- Up-to-date: /home/hima/bachelors/rbkairos_ws/install/robotnik_perception_msgs/include/robotnik_perception_msgs/robotnik_perception_msgs/msg/detail/detection__traits.hpp
[1.217s] -- Up-to-date: /home/hima/bachelors/rbkairos_ws/install/robotnik_perception_msgs/include/robotnik_perception_msgs/robotnik_perception_msgs/msg/detail/detection_array__struct.hpp
[1.218s] -- Up-to-date: /home/hima/bachelors/rbkairos_ws/install/robotnik_perception_msgs/include/robotnik_perception_msgs/robotnik_perception_msgs/msg/detection_array.hpp
[1.219s] -- Up-to-date: /home/hima/bachelors/rbkairos_ws/install/robotnik_perception_msgs/include/robotnik_perception_msgs/robotnik_perception_msgs
[1.219s] -- Up-to-date: /home/hima/bachelors/rbkairos_ws/install/robotnik_perception_msgs/include/robotnik_perception_msgs/robotnik_perception_msgs/msg
[1.219s] -- Up-to-date: /home/hima/bachelors/rbkairos_ws/install/robotnik_perception_msgs/include/robotnik_perception_msgs/robotnik_perception_msgs/msg/rosidl_typesupport_fastrtps_cpp__visibility_control.h
[1.220s] -- Up-to-date: /home/hima/bachelors/rbkairos_ws/install/robotnik_perception_msgs/include/robotnik_perception_msgs/robotnik_perception_msgs/msg/detail
[1.220s] -- Up-to-date: /home/hima/bachelors/rbkairos_ws/install/robotnik_perception_msgs/include/robotnik_perception_msgs/robotnik_perception_msgs/msg/detail/detection__rosidl_typesupport_fastrtps_cpp.hpp
[1.220s] -- Up-to-date: /home/hima/bachelors/rbkairos_ws/install/robotnik_perception_msgs/include/robotnik_perception_msgs/robotnik_perception_msgs/msg/detail/detection_array__rosidl_typesupport_fastrtps_cpp.hpp
[1.221s] -- Up-to-date: /home/hima/bachelors/rbkairos_ws/install/robotnik_perception_msgs/include/robotnik_perception_msgs/robotnik_perception_msgs/msg/detail/dds_fastrtps
[1.221s] -- Up-to-date: /home/hima/bachelors/rbkairos_ws/install/robotnik_perception_msgs/lib/librobotnik_perception_msgs__rosidl_typesupport_fastrtps_cpp.so
[1.221s] -- Up-to-date: /home/hima/bachelors/rbkairos_ws/install/robotnik_perception_msgs/include/robotnik_perception_msgs/robotnik_perception_msgs
[1.222s] -- Up-to-date: /home/hima/bachelors/rbkairos_ws/install/robotnik_perception_msgs/include/robotnik_perception_msgs/robotnik_perception_msgs/msg
[1.222s] -- Up-to-date: /home/hima/bachelors/rbkairos_ws/install/robotnik_perception_msgs/include/robotnik_perception_msgs/robotnik_perception_msgs/msg/rosidl_typesupport_introspection_c__visibility_control.h
[1.222s] -- Up-to-date: /home/hima/bachelors/rbkairos_ws/install/robotnik_perception_msgs/include/robotnik_perception_msgs/robotnik_perception_msgs/msg/detail
[1.223s] -- Up-to-date: /home/hima/bachelors/rbkairos_ws/install/robotnik_perception_msgs/include/robotnik_perception_msgs/robotnik_perception_msgs/msg/detail/detection__type_support.c
[1.223s] -- Up-to-date: /home/hima/bachelors/rbkairos_ws/install/robotnik_perception_msgs/include/robotnik_perception_msgs/robotnik_perception_msgs/msg/detail/detection_array__rosidl_typesupport_introspection_c.h
[1.224s] -- Up-to-date: /home/hima/bachelors/rbkairos_ws/install/robotnik_perception_msgs/include/robotnik_perception_msgs/robotnik_perception_msgs/msg/detail/detection__rosidl_typesupport_introspection_c.h
[1.225s] -- Up-to-date: /home/hima/bachelors/rbkairos_ws/install/robotnik_perception_msgs/include/robotnik_perception_msgs/robotnik_perception_msgs/msg/detail/detection_array__type_support.c
[1.225s] -- Up-to-date: /home/hima/bachelors/rbkairos_ws/install/robotnik_perception_msgs/lib/librobotnik_perception_msgs__rosidl_typesupport_introspection_c.so
[1.226s] -- Up-to-date: /home/hima/bachelors/rbkairos_ws/install/robotnik_perception_msgs/lib/librobotnik_perception_msgs__rosidl_typesupport_c.so
[1.226s] -- Up-to-date: /home/hima/bachelors/rbkairos_ws/install/robotnik_perception_msgs/include/robotnik_perception_msgs/robotnik_perception_msgs
[1.227s] -- Up-to-date: /home/hima/bachelors/rbkairos_ws/install/robotnik_perception_msgs/include/robotnik_perception_msgs/robotnik_perception_msgs/msg
[1.227s] -- Up-to-date: /home/hima/bachelors/rbkairos_ws/install/robotnik_perception_msgs/include/robotnik_perception_msgs/robotnik_perception_msgs/msg/detail
[1.227s] -- Up-to-date: /home/hima/bachelors/rbkairos_ws/install/robotnik_perception_msgs/include/robotnik_perception_msgs/robotnik_perception_msgs/msg/detail/detection_array__type_support.cpp
[1.228s] -- Up-to-date: /home/hima/bachelors/rbkairos_ws/install/robotnik_perception_msgs/include/robotnik_perception_msgs/robotnik_perception_msgs/msg/detail/detection_array__rosidl_typesupport_introspection_cpp.hpp
[1.229s] -- Up-to-date: /home/hima/bachelors/rbkairos_ws/install/robotnik_perception_msgs/include/robotnik_perception_msgs/robotnik_perception_msgs/msg/detail/detection__rosidl_typesupport_introspection_cpp.hpp
[1.230s] -- Up-to-date: /home/hima/bachelors/rbkairos_ws/install/robotnik_perception_msgs/include/robotnik_perception_msgs/robotnik_perception_msgs/msg/detail/detection__type_support.cpp
[1.231s] -- Up-to-date: /home/hima/bachelors/rbkairos_ws/install/robotnik_perception_msgs/lib/librobotnik_perception_msgs__rosidl_typesupport_introspection_cpp.so
[1.231s] -- Up-to-date: /home/hima/bachelors/rbkairos_ws/install/robotnik_perception_msgs/lib/librobotnik_perception_msgs__rosidl_typesupport_cpp.so
[1.231s] -- Up-to-date: /home/hima/bachelors/rbkairos_ws/install/robotnik_perception_msgs/share/robotnik_perception_msgs/environment/pythonpath.sh
[1.232s] -- Up-to-date: /home/hima/bachelors/rbkairos_ws/install/robotnik_perception_msgs/share/robotnik_perception_msgs/environment/pythonpath.dsv
[1.232s] -- Up-to-date: /home/hima/bachelors/rbkairos_ws/install/robotnik_perception_msgs/local/lib/python3.10/dist-packages/robotnik_perception_msgs-1.0.0-py3.10.egg-info
[1.233s] -- Installing: /home/hima/bachelors/rbkairos_ws/install/robotnik_perception_msgs/local/lib/python3.10/dist-packages/robotnik_perception_msgs-1.0.0-py3.10.egg-info/top_level.txt
[1.234s] -- Installing: /home/hima/bachelors/rbkairos_ws/install/robotnik_perception_msgs/local/lib/python3.10/dist-packages/robotnik_perception_msgs-1.0.0-py3.10.egg-info/PKG-INFO
[1.235s] -- Installing: /home/hima/bachelors/rbkairos_ws/install/robotnik_perception_msgs/local/lib/python3.10/dist-packages/robotnik_perception_msgs-1.0.0-py3.10.egg-info/SOURCES.txt
[1.236s] -- Installing: /home/hima/bachelors/rbkairos_ws/install/robotnik_perception_msgs/local/lib/python3.10/dist-packages/robotnik_perception_msgs-1.0.0-py3.10.egg-info/dependency_links.txt
[1.237s] -- Up-to-date: /home/hima/bachelors/rbkairos_ws/install/robotnik_perception_msgs/local/lib/python3.10/dist-packages/robotnik_perception_msgs
[1.237s] -- Up-to-date: /home/hima/bachelors/rbkairos_ws/install/robotnik_perception_msgs/local/lib/python3.10/dist-packages/robotnik_perception_msgs/robotnik_perception_msgs_s__rosidl_typesupport_c.cpython-310-x86_64-linux-gnu.so
[1.238s] -- Up-to-date: /home/hima/bachelors/rbkairos_ws/install/robotnik_perception_msgs/local/lib/python3.10/dist-packages/robotnik_perception_msgs/_robotnik_perception_msgs_s.ep.rosidl_typesupport_c.c
[1.238s] -- Up-to-date: /home/hima/bachelors/rbkairos_ws/install/robotnik_perception_msgs/local/lib/python3.10/dist-packages/robotnik_perception_msgs/robotnik_perception_msgs_s__rosidl_typesupport_introspection_c.cpython-310-x86_64-linux-gnu.so
[1.239s] -- Up-to-date: /home/hima/bachelors/rbkairos_ws/install/robotnik_perception_msgs/local/lib/python3.10/dist-packages/robotnik_perception_msgs/msg
[1.239s] -- Up-to-date: /home/hima/bachelors/rbkairos_ws/install/robotnik_perception_msgs/local/lib/python3.10/dist-packages/robotnik_perception_msgs/msg/_detection_s.c
[1.240s] -- Up-to-date: /home/hima/bachelors/rbkairos_ws/install/robotnik_perception_msgs/local/lib/python3.10/dist-packages/robotnik_perception_msgs/msg/_detection.py
[1.240s] -- Up-to-date: /home/hima/bachelors/rbkairos_ws/install/robotnik_perception_msgs/local/lib/python3.10/dist-packages/robotnik_perception_msgs/msg/__init__.py
[1.241s] -- Up-to-date: /home/hima/bachelors/rbkairos_ws/install/robotnik_perception_msgs/local/lib/python3.10/dist-packages/robotnik_perception_msgs/msg/_detection_array.py
[1.241s] -- Up-to-date: /home/hima/bachelors/rbkairos_ws/install/robotnik_perception_msgs/local/lib/python3.10/dist-packages/robotnik_perception_msgs/msg/_detection_array_s.c
[1.242s] -- Up-to-date: /home/hima/bachelors/rbkairos_ws/install/robotnik_perception_msgs/local/lib/python3.10/dist-packages/robotnik_perception_msgs/_robotnik_perception_msgs_s.ep.rosidl_typesupport_fastrtps_c.c
[1.244s] -- Up-to-date: /home/hima/bachelors/rbkairos_ws/install/robotnik_perception_msgs/local/lib/python3.10/dist-packages/robotnik_perception_msgs/__init__.py
[1.245s] -- Up-to-date: /home/hima/bachelors/rbkairos_ws/install/robotnik_perception_msgs/local/lib/python3.10/dist-packages/robotnik_perception_msgs/robotnik_perception_msgs_s__rosidl_typesupport_fastrtps_c.cpython-310-x86_64-linux-gnu.so
[1.245s] -- Up-to-date: /home/hima/bachelors/rbkairos_ws/install/robotnik_perception_msgs/local/lib/python3.10/dist-packages/robotnik_perception_msgs/librobotnik_perception_msgs__rosidl_generator_py.so
[1.246s] -- Up-to-date: /home/hima/bachelors/rbkairos_ws/install/robotnik_perception_msgs/local/lib/python3.10/dist-packages/robotnik_perception_msgs/_robotnik_perception_msgs_s.ep.rosidl_typesupport_introspection_c.c
[1.345s] Listing '/home/hima/bachelors/rbkairos_ws/install/robotnik_perception_msgs/local/lib/python3.10/dist-packages/robotnik_perception_msgs'...
[1.346s] Listing '/home/hima/bachelors/rbkairos_ws/install/robotnik_perception_msgs/local/lib/python3.10/dist-packages/robotnik_perception_msgs/msg'...
[1.346s] -- Up-to-date: /home/hima/bachelors/rbkairos_ws/install/robotnik_perception_msgs/local/lib/python3.10/dist-packages/robotnik_perception_msgs/robotnik_perception_msgs_s__rosidl_typesupport_fastrtps_c.cpython-310-x86_64-linux-gnu.so
[1.346s] -- Up-to-date: /home/hima/bachelors/rbkairos_ws/install/robotnik_perception_msgs/local/lib/python3.10/dist-packages/robotnik_perception_msgs/robotnik_perception_msgs_s__rosidl_typesupport_introspection_c.cpython-310-x86_64-linux-gnu.so
[1.346s] -- Up-to-date: /home/hima/bachelors/rbkairos_ws/install/robotnik_perception_msgs/local/lib/python3.10/dist-packages/robotnik_perception_msgs/robotnik_perception_msgs_s__rosidl_typesupport_c.cpython-310-x86_64-linux-gnu.so
[1.346s] -- Up-to-date: /home/hima/bachelors/rbkairos_ws/install/robotnik_perception_msgs/lib/librobotnik_perception_msgs__rosidl_generator_py.so
[1.346s] -- Up-to-date: /home/hima/bachelors/rbkairos_ws/install/robotnik_perception_msgs/share/robotnik_perception_msgs/msg/Detection.idl
[1.346s] -- Up-to-date: /home/hima/bachelors/rbkairos_ws/install/robotnik_perception_msgs/share/robotnik_perception_msgs/msg/DetectionArray.idl
[1.347s] -- Up-to-date: /home/hima/bachelors/rbkairos_ws/install/robotnik_perception_msgs/share/robotnik_perception_msgs/msg/Detection.msg
[1.347s] -- Up-to-date: /home/hima/bachelors/rbkairos_ws/install/robotnik_perception_msgs/share/robotnik_perception_msgs/msg/DetectionArray.msg
[1.347s] -- Up-to-date: /home/hima/bachelors/rbkairos_ws/install/robotnik_perception_msgs/share/ament_index/resource_index/package_run_dependencies/robotnik_perception_msgs
[1.347s] -- Up-to-date: /home/hima/bachelors/rbkairos_ws/install/robotnik_perception_msgs/share/ament_index/resource_index/parent_prefix_path/robotnik_perception_msgs
[1.347s] -- Up-to-date: /home/hima/bachelors/rbkairos_ws/install/robotnik_perception_msgs/share/robotnik_perception_msgs/environment/ament_prefix_path.sh
[1.348s] -- Up-to-date: /home/hima/bachelors/rbkairos_ws/install/robotnik_perception_msgs/share/robotnik_perception_msgs/environment/ament_prefix_path.dsv
[1.348s] -- Up-to-date: /home/hima/bachelors/rbkairos_ws/install/robotnik_perception_msgs/share/robotnik_perception_msgs/environment/path.sh
[1.348s] -- Up-to-date: /home/hima/bachelors/rbkairos_ws/install/robotnik_perception_msgs/share/robotnik_perception_msgs/environment/path.dsv
[1.351s] -- Up-to-date: /home/hima/bachelors/rbkairos_ws/install/robotnik_perception_msgs/share/robotnik_perception_msgs/local_setup.bash
[1.351s] -- Up-to-date: /home/hima/bachelors/rbkairos_ws/install/robotnik_perception_msgs/share/robotnik_perception_msgs/local_setup.sh
[1.351s] -- Up-to-date: /home/hima/bachelors/rbkairos_ws/install/robotnik_perception_msgs/share/robotnik_perception_msgs/local_setup.zsh
[1.352s] -- Up-to-date: /home/hima/bachelors/rbkairos_ws/install/robotnik_perception_msgs/share/robotnik_perception_msgs/local_setup.dsv
[1.352s] -- Installing: /home/hima/bachelors/rbkairos_ws/install/robotnik_perception_msgs/share/robotnik_perception_msgs/package.dsv
[1.352s] -- Up-to-date: /home/hima/bachelors/rbkairos_ws/install/robotnik_perception_msgs/share/ament_index/resource_index/packages/robotnik_perception_msgs
[1.352s] -- Up-to-date: /home/hima/bachelors/rbkairos_ws/install/robotnik_perception_msgs/share/robotnik_perception_msgs/cmake/export_robotnik_perception_msgs__rosidl_generator_cExport.cmake
[1.352s] -- Up-to-date: /home/hima/bachelors/rbkairos_ws/install/robotnik_perception_msgs/share/robotnik_perception_msgs/cmake/export_robotnik_perception_msgs__rosidl_generator_cExport-noconfig.cmake
[1.352s] -- Up-to-date: /home/hima/bachelors/rbkairos_ws/install/robotnik_perception_msgs/share/robotnik_perception_msgs/cmake/export_robotnik_perception_msgs__rosidl_typesupport_fastrtps_cExport.cmake
[1.352s] -- Up-to-date: /home/hima/bachelors/rbkairos_ws/install/robotnik_perception_msgs/share/robotnik_perception_msgs/cmake/export_robotnik_perception_msgs__rosidl_typesupport_fastrtps_cExport-noconfig.cmake
[1.352s] -- Up-to-date: /home/hima/bachelors/rbkairos_ws/install/robotnik_perception_msgs/share/robotnik_perception_msgs/cmake/export_robotnik_perception_msgs__rosidl_generator_cppExport.cmake
[1.353s] -- Up-to-date: /home/hima/bachelors/rbkairos_ws/install/robotnik_perception_msgs/share/robotnik_perception_msgs/cmake/export_robotnik_perception_msgs__rosidl_typesupport_fastrtps_cppExport.cmake
[1.353s] -- Up-to-date: /home/hima/bachelors/rbkairos_ws/install/robotnik_perception_msgs/share/robotnik_perception_msgs/cmake/export_robotnik_perception_msgs__rosidl_typesupport_fastrtps_cppExport-noconfig.cmake
[1.353s] -- Up-to-date: /home/hima/bachelors/rbkairos_ws/install/robotnik_perception_msgs/share/robotnik_perception_msgs/cmake/robotnik_perception_msgs__rosidl_typesupport_introspection_cExport.cmake
[1.353s] -- Up-to-date: /home/hima/bachelors/rbkairos_ws/install/robotnik_perception_msgs/share/robotnik_perception_msgs/cmake/robotnik_perception_msgs__rosidl_typesupport_introspection_cExport-noconfig.cmake
[1.353s] -- Up-to-date: /home/hima/bachelors/rbkairos_ws/install/robotnik_perception_msgs/share/robotnik_perception_msgs/cmake/robotnik_perception_msgs__rosidl_typesupport_cExport.cmake
[1.353s] -- Up-to-date: /home/hima/bachelors/rbkairos_ws/install/robotnik_perception_msgs/share/robotnik_perception_msgs/cmake/robotnik_perception_msgs__rosidl_typesupport_cExport-noconfig.cmake
[1.353s] -- Up-to-date: /home/hima/bachelors/rbkairos_ws/install/robotnik_perception_msgs/share/robotnik_perception_msgs/cmake/robotnik_perception_msgs__rosidl_typesupport_introspection_cppExport.cmake
[1.353s] -- Up-to-date: /home/hima/bachelors/rbkairos_ws/install/robotnik_perception_msgs/share/robotnik_perception_msgs/cmake/robotnik_perception_msgs__rosidl_typesupport_introspection_cppExport-noconfig.cmake
[1.354s] -- Up-to-date: /home/hima/bachelors/rbkairos_ws/install/robotnik_perception_msgs/share/robotnik_perception_msgs/cmake/robotnik_perception_msgs__rosidl_typesupport_cppExport.cmake
[1.354s] -- Up-to-date: /home/hima/bachelors/rbkairos_ws/install/robotnik_perception_msgs/share/robotnik_perception_msgs/cmake/robotnik_perception_msgs__rosidl_typesupport_cppExport-noconfig.cmake
[1.355s] -- Up-to-date: /home/hima/bachelors/rbkairos_ws/install/robotnik_perception_msgs/share/robotnik_perception_msgs/cmake/export_robotnik_perception_msgs__rosidl_generator_pyExport.cmake
[1.355s] -- Up-to-date: /home/hima/bachelors/rbkairos_ws/install/robotnik_perception_msgs/share/robotnik_perception_msgs/cmake/export_robotnik_perception_msgs__rosidl_generator_pyExport-noconfig.cmake
[1.355s] -- Up-to-date: /home/hima/bachelors/rbkairos_ws/install/robotnik_perception_msgs/share/robotnik_perception_msgs/cmake/rosidl_cmake-extras.cmake
[1.355s] -- Up-to-date: /home/hima/bachelors/rbkairos_ws/install/robotnik_perception_msgs/share/robotnik_perception_msgs/cmake/ament_cmake_export_dependencies-extras.cmake
[1.355s] -- Up-to-date: /home/hima/bachelors/rbkairos_ws/install/robotnik_perception_msgs/share/robotnik_perception_msgs/cmake/ament_cmake_export_include_directories-extras.cmake
[1.355s] -- Up-to-date: /home/hima/bachelors/rbkairos_ws/install/robotnik_perception_msgs/share/robotnik_perception_msgs/cmake/ament_cmake_export_libraries-extras.cmake
[1.355s] -- Up-to-date: /home/hima/bachelors/rbkairos_ws/install/robotnik_perception_msgs/share/robotnik_perception_msgs/cmake/ament_cmake_export_targets-extras.cmake
[1.355s] -- Up-to-date: /home/hima/bachelors/rbkairos_ws/install/robotnik_perception_msgs/share/robotnik_perception_msgs/cmake/rosidl_cmake_export_typesupport_targets-extras.cmake
[1.355s] -- Up-to-date: /home/hima/bachelors/rbkairos_ws/install/robotnik_perception_msgs/share/robotnik_perception_msgs/cmake/rosidl_cmake_export_typesupport_libraries-extras.cmake
[1.355s] -- Up-to-date: /home/hima/bachelors/rbkairos_ws/install/robotnik_perception_msgs/share/robotnik_perception_msgs/cmake/robotnik_perception_msgsConfig.cmake
[1.356s] -- Up-to-date: /home/hima/bachelors/rbkairos_ws/install/robotnik_perception_msgs/share/robotnik_perception_msgs/cmake/robotnik_perception_msgsConfig-version.cmake
[1.356s] -- Up-to-date: /home/hima/bachelors/rbkairos_ws/install/robotnik_perception_msgs/share/robotnik_perception_msgs/package.xml
[1.356s] Invoked command in '/home/hima/bachelors/rbkairos_ws/build/robotnik_perception_msgs' returned '0': CMAKE_PREFIX_PATH=${CMAKE_PREFIX_PATH}:/opt/ros/humble /usr/bin/cmake --install /home/hima/bachelors/rbkairos_ws/build/robotnik_perception_msgs
