[0.040s] Invoking command in '/home/hima/bachelors/rbkairos_ws/build/robotnik_io_msgs': CMAKE_PREFIX_PATH=/home/hima/bachelors/rbkairos_ws/install/robotnik_common_msgs:/home/hima/bachelors/rbkairos_ws/install/ros2_laser_scan_merger:/home/hima/bachelors/rbkairos_ws/install/ros2_laser_scan_matcher:/home/hima/bachelors/rbkairos_ws/install/robotnik_supervisor_msgs:/home/hima/bachelors/rbkairos_ws/install/robotnik_gazebo_ignition:/home/hima/bachelors/rbkairos_ws/install/robotnik_gazebo_classic:/home/hima/bachelors/rbkairos_ws/install/mapping:/home/hima/bachelors/rbkairos_ws/install/robotnik_description:/home/hima/bachelors/rbkairos_ws/install/robotnik_sensors:/home/hima/bachelors/rbkairos_ws/install/robotnik_interfaces:/home/hima/bachelors/rbkairos_ws/install/robotnik_safety_msgs:/home/hima/bachelors/rbkairos_ws/install/robotnik_perception_msgs:/home/hima/bachelors/rbkairos_ws/install/robotnik_navigation_msgs:/home/hima/bachelors/rbkairos_ws/install/robotnik_io_msgs:/home/hima/bachelors/rbkairos_ws/install/robotnik_controllers_msgs:/home/hima/bachelors/rbkairos_ws/install/robotnik_common:/home/hima/bachelors/rbkairos_ws/install/robotnik_battery_msgs:/home/hima/bachelors/rbkairos_ws/install/csm:/opt/ros/humble LD_LIBRARY_PATH=/home/hima/bachelors/rbkairos_ws/install/robotnik_common_msgs/lib:/home/hima/bachelors/rbkairos_ws/install/robotnik_supervisor_msgs/lib:/home/hima/bachelors/rbkairos_ws/install/robotnik_perception_msgs/lib:/home/hima/bachelors/rbkairos_ws/install/robotnik_navigation_msgs/lib:/home/hima/bachelors/rbkairos_ws/install/robotnik_io_msgs/lib:/home/hima/bachelors/rbkairos_ws/install/robotnik_controllers_msgs/lib:/home/hima/bachelors/rbkairos_ws/install/robotnik_battery_msgs/lib:/home/hima/bachelors/rbkairos_ws/install/csm/lib:/usr/lib/x86_64-linux-gnu/gazebo-11/plugins:/opt/ros/humble/opt/rviz_ogre_vendor/lib:/opt/ros/humble/lib/x86_64-linux-gnu:/opt/ros/humble/lib /usr/bin/cmake --build /home/hima/bachelors/rbkairos_ws/build/robotnik_io_msgs -- -j16 -l16
[0.202s] [  0%] Built target robotnik_io_msgs__cpp
[0.264s] [ 12%] Built target robotnik_io_msgs__rosidl_generator_c
[0.273s] [ 12%] Built target ament_cmake_python_copy_robotnik_io_msgs
[0.281s] [ 24%] Built target robotnik_io_msgs__rosidl_typesupport_introspection_cpp
[0.286s] [ 35%] Built target robotnik_io_msgs__rosidl_typesupport_fastrtps_cpp
[0.313s] [ 47%] Built target robotnik_io_msgs__rosidl_typesupport_cpp
[0.323s] [ 59%] Built target robotnik_io_msgs__rosidl_typesupport_introspection_c
[0.348s] [ 71%] Built target robotnik_io_msgs__rosidl_typesupport_fastrtps_c
[0.353s] [ 83%] Built target robotnik_io_msgs__rosidl_typesupport_c
[0.401s] [ 83%] Built target robotnik_io_msgs
[0.443s] [ 84%] Built target robotnik_io_msgs__py
[0.528s] [ 95%] Built target robotnik_io_msgs__rosidl_generator_py
[0.568s] [ 98%] Built target robotnik_io_msgs__rosidl_typesupport_fastrtps_c__pyext
[0.569s] [ 99%] Built target robotnik_io_msgs__rosidl_typesupport_introspection_c__pyext
[0.591s] [100%] Built target robotnik_io_msgs__rosidl_typesupport_c__pyext
[0.779s] running egg_info
[0.781s] writing robotnik_io_msgs.egg-info/PKG-INFO
[0.781s] writing dependency_links to robotnik_io_msgs.egg-info/dependency_links.txt
[0.782s] writing top-level names to robotnik_io_msgs.egg-info/top_level.txt
[0.818s] reading manifest file 'robotnik_io_msgs.egg-info/SOURCES.txt'
[0.818s] writing manifest file 'robotnik_io_msgs.egg-info/SOURCES.txt'
[0.841s] [100%] Built target ament_cmake_python_build_robotnik_io_msgs_egg
[0.860s] Invoked command in '/home/hima/bachelors/rbkairos_ws/build/robotnik_io_msgs' returned '0': CMAKE_PREFIX_PATH=/home/hima/bachelors/rbkairos_ws/install/robotnik_common_msgs:/home/hima/bachelors/rbkairos_ws/install/ros2_laser_scan_merger:/home/hima/bachelors/rbkairos_ws/install/ros2_laser_scan_matcher:/home/hima/bachelors/rbkairos_ws/install/robotnik_supervisor_msgs:/home/hima/bachelors/rbkairos_ws/install/robotnik_gazebo_ignition:/home/hima/bachelors/rbkairos_ws/install/robotnik_gazebo_classic:/home/hima/bachelors/rbkairos_ws/install/mapping:/home/hima/bachelors/rbkairos_ws/install/robotnik_description:/home/hima/bachelors/rbkairos_ws/install/robotnik_sensors:/home/hima/bachelors/rbkairos_ws/install/robotnik_interfaces:/home/hima/bachelors/rbkairos_ws/install/robotnik_safety_msgs:/home/hima/bachelors/rbkairos_ws/install/robotnik_perception_msgs:/home/hima/bachelors/rbkairos_ws/install/robotnik_navigation_msgs:/home/hima/bachelors/rbkairos_ws/install/robotnik_io_msgs:/home/hima/bachelors/rbkairos_ws/install/robotnik_controllers_msgs:/home/hima/bachelors/rbkairos_ws/install/robotnik_common:/home/hima/bachelors/rbkairos_ws/install/robotnik_battery_msgs:/home/hima/bachelors/rbkairos_ws/install/csm:/opt/ros/humble LD_LIBRARY_PATH=/home/hima/bachelors/rbkairos_ws/install/robotnik_common_msgs/lib:/home/hima/bachelors/rbkairos_ws/install/robotnik_supervisor_msgs/lib:/home/hima/bachelors/rbkairos_ws/install/robotnik_perception_msgs/lib:/home/hima/bachelors/rbkairos_ws/install/robotnik_navigation_msgs/lib:/home/hima/bachelors/rbkairos_ws/install/robotnik_io_msgs/lib:/home/hima/bachelors/rbkairos_ws/install/robotnik_controllers_msgs/lib:/home/hima/bachelors/rbkairos_ws/install/robotnik_battery_msgs/lib:/home/hima/bachelors/rbkairos_ws/install/csm/lib:/usr/lib/x86_64-linux-gnu/gazebo-11/plugins:/opt/ros/humble/opt/rviz_ogre_vendor/lib:/opt/ros/humble/lib/x86_64-linux-gnu:/opt/ros/humble/lib /usr/bin/cmake --build /home/hima/bachelors/rbkairos_ws/build/robotnik_io_msgs -- -j16 -l16
[0.864s] Invoking command in '/home/hima/bachelors/rbkairos_ws/build/robotnik_io_msgs': CMAKE_PREFIX_PATH=/home/hima/bachelors/rbkairos_ws/install/robotnik_common_msgs:/home/hima/bachelors/rbkairos_ws/install/ros2_laser_scan_merger:/home/hima/bachelors/rbkairos_ws/install/ros2_laser_scan_matcher:/home/hima/bachelors/rbkairos_ws/install/robotnik_supervisor_msgs:/home/hima/bachelors/rbkairos_ws/install/robotnik_gazebo_ignition:/home/hima/bachelors/rbkairos_ws/install/robotnik_gazebo_classic:/home/hima/bachelors/rbkairos_ws/install/mapping:/home/hima/bachelors/rbkairos_ws/install/robotnik_description:/home/hima/bachelors/rbkairos_ws/install/robotnik_sensors:/home/hima/bachelors/rbkairos_ws/install/robotnik_interfaces:/home/hima/bachelors/rbkairos_ws/install/robotnik_safety_msgs:/home/hima/bachelors/rbkairos_ws/install/robotnik_perception_msgs:/home/hima/bachelors/rbkairos_ws/install/robotnik_navigation_msgs:/home/hima/bachelors/rbkairos_ws/install/robotnik_io_msgs:/home/hima/bachelors/rbkairos_ws/install/robotnik_controllers_msgs:/home/hima/bachelors/rbkairos_ws/install/robotnik_common:/home/hima/bachelors/rbkairos_ws/install/robotnik_battery_msgs:/home/hima/bachelors/rbkairos_ws/install/csm:/opt/ros/humble LD_LIBRARY_PATH=/home/hima/bachelors/rbkairos_ws/install/robotnik_common_msgs/lib:/home/hima/bachelors/rbkairos_ws/install/robotnik_supervisor_msgs/lib:/home/hima/bachelors/rbkairos_ws/install/robotnik_perception_msgs/lib:/home/hima/bachelors/rbkairos_ws/install/robotnik_navigation_msgs/lib:/home/hima/bachelors/rbkairos_ws/install/robotnik_io_msgs/lib:/home/hima/bachelors/rbkairos_ws/install/robotnik_controllers_msgs/lib:/home/hima/bachelors/rbkairos_ws/install/robotnik_battery_msgs/lib:/home/hima/bachelors/rbkairos_ws/install/csm/lib:/usr/lib/x86_64-linux-gnu/gazebo-11/plugins:/opt/ros/humble/opt/rviz_ogre_vendor/lib:/opt/ros/humble/lib/x86_64-linux-gnu:/opt/ros/humble/lib /usr/bin/cmake --install /home/hima/bachelors/rbkairos_ws/build/robotnik_io_msgs
[0.875s] -- Install configuration: ""
[0.875s] -- Up-to-date: /home/hima/bachelors/rbkairos_ws/install/robotnik_io_msgs/share/ament_index/resource_index/rosidl_interfaces/robotnik_io_msgs
[0.875s] -- Up-to-date: /home/hima/bachelors/rbkairos_ws/install/robotnik_io_msgs/include/robotnik_io_msgs/robotnik_io_msgs
[0.875s] -- Up-to-date: /home/hima/bachelors/rbkairos_ws/install/robotnik_io_msgs/include/robotnik_io_msgs/robotnik_io_msgs/srv
[0.875s] -- Up-to-date: /home/hima/bachelors/rbkairos_ws/install/robotnik_io_msgs/include/robotnik_io_msgs/robotnik_io_msgs/srv/get_registers.h
[0.875s] -- Up-to-date: /home/hima/bachelors/rbkairos_ws/install/robotnik_io_msgs/include/robotnik_io_msgs/robotnik_io_msgs/srv/set_analog_output.h
[0.876s] -- Up-to-date: /home/hima/bachelors/rbkairos_ws/install/robotnik_io_msgs/include/robotnik_io_msgs/robotnik_io_msgs/srv/set_digital_output_array.h
[0.876s] -- Up-to-date: /home/hima/bachelors/rbkairos_ws/install/robotnik_io_msgs/include/robotnik_io_msgs/robotnik_io_msgs/srv/set_analog_output_array.h
[0.876s] -- Up-to-date: /home/hima/bachelors/rbkairos_ws/install/robotnik_io_msgs/include/robotnik_io_msgs/robotnik_io_msgs/srv/set_registers.h
[0.876s] -- Up-to-date: /home/hima/bachelors/rbkairos_ws/install/robotnik_io_msgs/include/robotnik_io_msgs/robotnik_io_msgs/srv/detail
[0.876s] -- Up-to-date: /home/hima/bachelors/rbkairos_ws/install/robotnik_io_msgs/include/robotnik_io_msgs/robotnik_io_msgs/srv/detail/set_registers__functions.h
[0.876s] -- Up-to-date: /home/hima/bachelors/rbkairos_ws/install/robotnik_io_msgs/include/robotnik_io_msgs/robotnik_io_msgs/srv/detail/set_analog_output__functions.c
[0.876s] -- Up-to-date: /home/hima/bachelors/rbkairos_ws/install/robotnik_io_msgs/include/robotnik_io_msgs/robotnik_io_msgs/srv/detail/set_analog_output__type_support.h
[0.876s] -- Up-to-date: /home/hima/bachelors/rbkairos_ws/install/robotnik_io_msgs/include/robotnik_io_msgs/robotnik_io_msgs/srv/detail/get_registers__functions.c
[0.876s] -- Up-to-date: /home/hima/bachelors/rbkairos_ws/install/robotnik_io_msgs/include/robotnik_io_msgs/robotnik_io_msgs/srv/detail/set_analog_output__struct.h
[0.877s] -- Up-to-date: /home/hima/bachelors/rbkairos_ws/install/robotnik_io_msgs/include/robotnik_io_msgs/robotnik_io_msgs/srv/detail/set_digital_output__functions.h
[0.877s] -- Up-to-date: /home/hima/bachelors/rbkairos_ws/install/robotnik_io_msgs/include/robotnik_io_msgs/robotnik_io_msgs/srv/detail/set_digital_output__struct.h
[0.877s] -- Up-to-date: /home/hima/bachelors/rbkairos_ws/install/robotnik_io_msgs/include/robotnik_io_msgs/robotnik_io_msgs/srv/detail/set_registers__functions.c
[0.877s] -- Up-to-date: /home/hima/bachelors/rbkairos_ws/install/robotnik_io_msgs/include/robotnik_io_msgs/robotnik_io_msgs/srv/detail/set_analog_output__functions.h
[0.877s] -- Up-to-date: /home/hima/bachelors/rbkairos_ws/install/robotnik_io_msgs/include/robotnik_io_msgs/robotnik_io_msgs/srv/detail/get_registers__functions.h
[0.877s] -- Up-to-date: /home/hima/bachelors/rbkairos_ws/install/robotnik_io_msgs/include/robotnik_io_msgs/robotnik_io_msgs/srv/detail/set_analog_output_array__struct.h
[0.877s] -- Up-to-date: /home/hima/bachelors/rbkairos_ws/install/robotnik_io_msgs/include/robotnik_io_msgs/robotnik_io_msgs/srv/detail/set_analog_output_array__functions.h
[0.877s] -- Up-to-date: /home/hima/bachelors/rbkairos_ws/install/robotnik_io_msgs/include/robotnik_io_msgs/robotnik_io_msgs/srv/detail/get_registers__struct.h
[0.877s] -- Up-to-date: /home/hima/bachelors/rbkairos_ws/install/robotnik_io_msgs/include/robotnik_io_msgs/robotnik_io_msgs/srv/detail/set_analog_output_array__functions.c
[0.877s] -- Up-to-date: /home/hima/bachelors/rbkairos_ws/install/robotnik_io_msgs/include/robotnik_io_msgs/robotnik_io_msgs/srv/detail/set_digital_output_array__functions.c
[0.877s] -- Up-to-date: /home/hima/bachelors/rbkairos_ws/install/robotnik_io_msgs/include/robotnik_io_msgs/robotnik_io_msgs/srv/detail/get_registers__type_support.h
[0.877s] -- Up-to-date: /home/hima/bachelors/rbkairos_ws/install/robotnik_io_msgs/include/robotnik_io_msgs/robotnik_io_msgs/srv/detail/set_digital_output_array__type_support.h
[0.877s] -- Up-to-date: /home/hima/bachelors/rbkairos_ws/install/robotnik_io_msgs/include/robotnik_io_msgs/robotnik_io_msgs/srv/detail/set_registers__type_support.h
[0.877s] -- Up-to-date: /home/hima/bachelors/rbkairos_ws/install/robotnik_io_msgs/include/robotnik_io_msgs/robotnik_io_msgs/srv/detail/set_registers__struct.h
[0.877s] -- Up-to-date: /home/hima/bachelors/rbkairos_ws/install/robotnik_io_msgs/include/robotnik_io_msgs/robotnik_io_msgs/srv/detail/set_analog_output_array__type_support.h
[0.877s] -- Up-to-date: /home/hima/bachelors/rbkairos_ws/install/robotnik_io_msgs/include/robotnik_io_msgs/robotnik_io_msgs/srv/detail/set_digital_output_array__struct.h
[0.878s] -- Up-to-date: /home/hima/bachelors/rbkairos_ws/install/robotnik_io_msgs/include/robotnik_io_msgs/robotnik_io_msgs/srv/detail/set_digital_output_array__functions.h
[0.878s] -- Up-to-date: /home/hima/bachelors/rbkairos_ws/install/robotnik_io_msgs/include/robotnik_io_msgs/robotnik_io_msgs/srv/detail/set_digital_output__functions.c
[0.878s] -- Up-to-date: /home/hima/bachelors/rbkairos_ws/install/robotnik_io_msgs/include/robotnik_io_msgs/robotnik_io_msgs/srv/detail/set_digital_output__type_support.h
[0.878s] -- Up-to-date: /home/hima/bachelors/rbkairos_ws/install/robotnik_io_msgs/include/robotnik_io_msgs/robotnik_io_msgs/srv/set_digital_output.h
[0.878s] -- Up-to-date: /home/hima/bachelors/rbkairos_ws/install/robotnik_io_msgs/include/robotnik_io_msgs/robotnik_io_msgs/msg
[0.878s] -- Up-to-date: /home/hima/bachelors/rbkairos_ws/install/robotnik_io_msgs/include/robotnik_io_msgs/robotnik_io_msgs/msg/detail
[0.878s] -- Up-to-date: /home/hima/bachelors/rbkairos_ws/install/robotnik_io_msgs/include/robotnik_io_msgs/robotnik_io_msgs/msg/detail/register_array__struct.h
[0.878s] -- Up-to-date: /home/hima/bachelors/rbkairos_ws/install/robotnik_io_msgs/include/robotnik_io_msgs/robotnik_io_msgs/msg/detail/register_array__functions.c
[0.878s] -- Up-to-date: /home/hima/bachelors/rbkairos_ws/install/robotnik_io_msgs/include/robotnik_io_msgs/robotnik_io_msgs/msg/detail/inputs_outputs__type_support.h
[0.878s] -- Up-to-date: /home/hima/bachelors/rbkairos_ws/install/robotnik_io_msgs/include/robotnik_io_msgs/robotnik_io_msgs/msg/detail/register_array__type_support.h
[0.878s] -- Up-to-date: /home/hima/bachelors/rbkairos_ws/install/robotnik_io_msgs/include/robotnik_io_msgs/robotnik_io_msgs/msg/detail/register__type_support.h
[0.878s] -- Up-to-date: /home/hima/bachelors/rbkairos_ws/install/robotnik_io_msgs/include/robotnik_io_msgs/robotnik_io_msgs/msg/detail/analog_io__type_support.h
[0.878s] -- Up-to-date: /home/hima/bachelors/rbkairos_ws/install/robotnik_io_msgs/include/robotnik_io_msgs/robotnik_io_msgs/msg/detail/digital_io__functions.c
[0.878s] -- Up-to-date: /home/hima/bachelors/rbkairos_ws/install/robotnik_io_msgs/include/robotnik_io_msgs/robotnik_io_msgs/msg/detail/analog_io__functions.c
[0.878s] -- Up-to-date: /home/hima/bachelors/rbkairos_ws/install/robotnik_io_msgs/include/robotnik_io_msgs/robotnik_io_msgs/msg/detail/digital_io__struct.h
[0.878s] -- Up-to-date: /home/hima/bachelors/rbkairos_ws/install/robotnik_io_msgs/include/robotnik_io_msgs/robotnik_io_msgs/msg/detail/inputs_outputs__functions.h
[0.878s] -- Up-to-date: /home/hima/bachelors/rbkairos_ws/install/robotnik_io_msgs/include/robotnik_io_msgs/robotnik_io_msgs/msg/detail/register_array__functions.h
[0.879s] -- Up-to-date: /home/hima/bachelors/rbkairos_ws/install/robotnik_io_msgs/include/robotnik_io_msgs/robotnik_io_msgs/msg/detail/digital_io__functions.h
[0.879s] -- Up-to-date: /home/hima/bachelors/rbkairos_ws/install/robotnik_io_msgs/include/robotnik_io_msgs/robotnik_io_msgs/msg/detail/register__struct.h
[0.879s] -- Up-to-date: /home/hima/bachelors/rbkairos_ws/install/robotnik_io_msgs/include/robotnik_io_msgs/robotnik_io_msgs/msg/detail/analog_io__struct.h
[0.879s] -- Up-to-date: /home/hima/bachelors/rbkairos_ws/install/robotnik_io_msgs/include/robotnik_io_msgs/robotnik_io_msgs/msg/detail/register__functions.c
[0.879s] -- Up-to-date: /home/hima/bachelors/rbkairos_ws/install/robotnik_io_msgs/include/robotnik_io_msgs/robotnik_io_msgs/msg/detail/register__functions.h
[0.879s] -- Up-to-date: /home/hima/bachelors/rbkairos_ws/install/robotnik_io_msgs/include/robotnik_io_msgs/robotnik_io_msgs/msg/detail/inputs_outputs__struct.h
[0.879s] -- Up-to-date: /home/hima/bachelors/rbkairos_ws/install/robotnik_io_msgs/include/robotnik_io_msgs/robotnik_io_msgs/msg/detail/inputs_outputs__functions.c
[0.879s] -- Up-to-date: /home/hima/bachelors/rbkairos_ws/install/robotnik_io_msgs/include/robotnik_io_msgs/robotnik_io_msgs/msg/detail/analog_io__functions.h
[0.879s] -- Up-to-date: /home/hima/bachelors/rbkairos_ws/install/robotnik_io_msgs/include/robotnik_io_msgs/robotnik_io_msgs/msg/detail/digital_io__type_support.h
[0.879s] -- Up-to-date: /home/hima/bachelors/rbkairos_ws/install/robotnik_io_msgs/include/robotnik_io_msgs/robotnik_io_msgs/msg/register_array.h
[0.879s] -- Up-to-date: /home/hima/bachelors/rbkairos_ws/install/robotnik_io_msgs/include/robotnik_io_msgs/robotnik_io_msgs/msg/rosidl_generator_c__visibility_control.h
[0.879s] -- Up-to-date: /home/hima/bachelors/rbkairos_ws/install/robotnik_io_msgs/include/robotnik_io_msgs/robotnik_io_msgs/msg/digital_io.h
[0.879s] -- Up-to-date: /home/hima/bachelors/rbkairos_ws/install/robotnik_io_msgs/include/robotnik_io_msgs/robotnik_io_msgs/msg/inputs_outputs.h
[0.879s] -- Up-to-date: /home/hima/bachelors/rbkairos_ws/install/robotnik_io_msgs/include/robotnik_io_msgs/robotnik_io_msgs/msg/analog_io.h
[0.879s] -- Up-to-date: /home/hima/bachelors/rbkairos_ws/install/robotnik_io_msgs/include/robotnik_io_msgs/robotnik_io_msgs/msg/register.h
[0.880s] -- Up-to-date: /home/hima/bachelors/rbkairos_ws/install/robotnik_io_msgs/share/robotnik_io_msgs/environment/library_path.sh
[0.880s] -- Up-to-date: /home/hima/bachelors/rbkairos_ws/install/robotnik_io_msgs/share/robotnik_io_msgs/environment/library_path.dsv
[0.880s] -- Up-to-date: /home/hima/bachelors/rbkairos_ws/install/robotnik_io_msgs/lib/librobotnik_io_msgs__rosidl_generator_c.so
[0.880s] -- Up-to-date: /home/hima/bachelors/rbkairos_ws/install/robotnik_io_msgs/include/robotnik_io_msgs/robotnik_io_msgs
[0.880s] -- Up-to-date: /home/hima/bachelors/rbkairos_ws/install/robotnik_io_msgs/include/robotnik_io_msgs/robotnik_io_msgs/srv
[0.880s] -- Up-to-date: /home/hima/bachelors/rbkairos_ws/install/robotnik_io_msgs/include/robotnik_io_msgs/robotnik_io_msgs/srv/detail
[0.880s] -- Up-to-date: /home/hima/bachelors/rbkairos_ws/install/robotnik_io_msgs/include/robotnik_io_msgs/robotnik_io_msgs/srv/detail/set_registers__rosidl_typesupport_fastrtps_c.h
[0.880s] -- Up-to-date: /home/hima/bachelors/rbkairos_ws/install/robotnik_io_msgs/include/robotnik_io_msgs/robotnik_io_msgs/srv/detail/set_digital_output_array__rosidl_typesupport_fastrtps_c.h
[0.880s] -- Up-to-date: /home/hima/bachelors/rbkairos_ws/install/robotnik_io_msgs/include/robotnik_io_msgs/robotnik_io_msgs/srv/detail/set_digital_output__rosidl_typesupport_fastrtps_c.h
[0.880s] -- Up-to-date: /home/hima/bachelors/rbkairos_ws/install/robotnik_io_msgs/include/robotnik_io_msgs/robotnik_io_msgs/srv/detail/get_registers__rosidl_typesupport_fastrtps_c.h
[0.880s] -- Up-to-date: /home/hima/bachelors/rbkairos_ws/install/robotnik_io_msgs/include/robotnik_io_msgs/robotnik_io_msgs/srv/detail/set_analog_output_array__rosidl_typesupport_fastrtps_c.h
[0.880s] -- Up-to-date: /home/hima/bachelors/rbkairos_ws/install/robotnik_io_msgs/include/robotnik_io_msgs/robotnik_io_msgs/srv/detail/set_analog_output__rosidl_typesupport_fastrtps_c.h
[0.880s] -- Up-to-date: /home/hima/bachelors/rbkairos_ws/install/robotnik_io_msgs/include/robotnik_io_msgs/robotnik_io_msgs/msg
[0.880s] -- Up-to-date: /home/hima/bachelors/rbkairos_ws/install/robotnik_io_msgs/include/robotnik_io_msgs/robotnik_io_msgs/msg/rosidl_typesupport_fastrtps_c__visibility_control.h
[0.880s] -- Up-to-date: /home/hima/bachelors/rbkairos_ws/install/robotnik_io_msgs/include/robotnik_io_msgs/robotnik_io_msgs/msg/detail
[0.880s] -- Up-to-date: /home/hima/bachelors/rbkairos_ws/install/robotnik_io_msgs/include/robotnik_io_msgs/robotnik_io_msgs/msg/detail/inputs_outputs__rosidl_typesupport_fastrtps_c.h
[0.880s] -- Up-to-date: /home/hima/bachelors/rbkairos_ws/install/robotnik_io_msgs/include/robotnik_io_msgs/robotnik_io_msgs/msg/detail/analog_io__rosidl_typesupport_fastrtps_c.h
[0.880s] -- Up-to-date: /home/hima/bachelors/rbkairos_ws/install/robotnik_io_msgs/include/robotnik_io_msgs/robotnik_io_msgs/msg/detail/register_array__rosidl_typesupport_fastrtps_c.h
[0.880s] -- Up-to-date: /home/hima/bachelors/rbkairos_ws/install/robotnik_io_msgs/include/robotnik_io_msgs/robotnik_io_msgs/msg/detail/register__rosidl_typesupport_fastrtps_c.h
[0.881s] -- Up-to-date: /home/hima/bachelors/rbkairos_ws/install/robotnik_io_msgs/include/robotnik_io_msgs/robotnik_io_msgs/msg/detail/digital_io__rosidl_typesupport_fastrtps_c.h
[0.881s] -- Up-to-date: /home/hima/bachelors/rbkairos_ws/install/robotnik_io_msgs/lib/librobotnik_io_msgs__rosidl_typesupport_fastrtps_c.so
[0.881s] -- Up-to-date: /home/hima/bachelors/rbkairos_ws/install/robotnik_io_msgs/include/robotnik_io_msgs/robotnik_io_msgs
[0.881s] -- Up-to-date: /home/hima/bachelors/rbkairos_ws/install/robotnik_io_msgs/include/robotnik_io_msgs/robotnik_io_msgs/srv
[0.881s] -- Up-to-date: /home/hima/bachelors/rbkairos_ws/install/robotnik_io_msgs/include/robotnik_io_msgs/robotnik_io_msgs/srv/set_digital_output.hpp
[0.881s] -- Up-to-date: /home/hima/bachelors/rbkairos_ws/install/robotnik_io_msgs/include/robotnik_io_msgs/robotnik_io_msgs/srv/set_digital_output_array.hpp
[0.881s] -- Up-to-date: /home/hima/bachelors/rbkairos_ws/install/robotnik_io_msgs/include/robotnik_io_msgs/robotnik_io_msgs/srv/get_registers.hpp
[0.881s] -- Up-to-date: /home/hima/bachelors/rbkairos_ws/install/robotnik_io_msgs/include/robotnik_io_msgs/robotnik_io_msgs/srv/detail
[0.881s] -- Up-to-date: /home/hima/bachelors/rbkairos_ws/install/robotnik_io_msgs/include/robotnik_io_msgs/robotnik_io_msgs/srv/detail/get_registers__traits.hpp
[0.881s] -- Up-to-date: /home/hima/bachelors/rbkairos_ws/install/robotnik_io_msgs/include/robotnik_io_msgs/robotnik_io_msgs/srv/detail/set_digital_output_array__builder.hpp
[0.881s] -- Up-to-date: /home/hima/bachelors/rbkairos_ws/install/robotnik_io_msgs/include/robotnik_io_msgs/robotnik_io_msgs/srv/detail/set_analog_output__traits.hpp
[0.881s] -- Up-to-date: /home/hima/bachelors/rbkairos_ws/install/robotnik_io_msgs/include/robotnik_io_msgs/robotnik_io_msgs/srv/detail/set_analog_output_array__type_support.hpp
[0.881s] -- Up-to-date: /home/hima/bachelors/rbkairos_ws/install/robotnik_io_msgs/include/robotnik_io_msgs/robotnik_io_msgs/srv/detail/set_registers__struct.hpp
[0.881s] -- Up-to-date: /home/hima/bachelors/rbkairos_ws/install/robotnik_io_msgs/include/robotnik_io_msgs/robotnik_io_msgs/srv/detail/set_analog_output__type_support.hpp
[0.882s] -- Up-to-date: /home/hima/bachelors/rbkairos_ws/install/robotnik_io_msgs/include/robotnik_io_msgs/robotnik_io_msgs/srv/detail/set_registers__builder.hpp
[0.882s] -- Up-to-date: /home/hima/bachelors/rbkairos_ws/install/robotnik_io_msgs/include/robotnik_io_msgs/robotnik_io_msgs/srv/detail/set_digital_output__builder.hpp
[0.882s] -- Up-to-date: /home/hima/bachelors/rbkairos_ws/install/robotnik_io_msgs/include/robotnik_io_msgs/robotnik_io_msgs/srv/detail/set_analog_output__struct.hpp
[0.882s] -- Up-to-date: /home/hima/bachelors/rbkairos_ws/install/robotnik_io_msgs/include/robotnik_io_msgs/robotnik_io_msgs/srv/detail/set_digital_output_array__type_support.hpp
[0.882s] -- Up-to-date: /home/hima/bachelors/rbkairos_ws/install/robotnik_io_msgs/include/robotnik_io_msgs/robotnik_io_msgs/srv/detail/set_digital_output__traits.hpp
[0.882s] -- Up-to-date: /home/hima/bachelors/rbkairos_ws/install/robotnik_io_msgs/include/robotnik_io_msgs/robotnik_io_msgs/srv/detail/set_digital_output_array__struct.hpp
[0.882s] -- Up-to-date: /home/hima/bachelors/rbkairos_ws/install/robotnik_io_msgs/include/robotnik_io_msgs/robotnik_io_msgs/srv/detail/set_analog_output_array__struct.hpp
[0.882s] -- Up-to-date: /home/hima/bachelors/rbkairos_ws/install/robotnik_io_msgs/include/robotnik_io_msgs/robotnik_io_msgs/srv/detail/set_analog_output__builder.hpp
[0.882s] -- Up-to-date: /home/hima/bachelors/rbkairos_ws/install/robotnik_io_msgs/include/robotnik_io_msgs/robotnik_io_msgs/srv/detail/set_registers__type_support.hpp
[0.882s] -- Up-to-date: /home/hima/bachelors/rbkairos_ws/install/robotnik_io_msgs/include/robotnik_io_msgs/robotnik_io_msgs/srv/detail/set_registers__traits.hpp
[0.882s] -- Up-to-date: /home/hima/bachelors/rbkairos_ws/install/robotnik_io_msgs/include/robotnik_io_msgs/robotnik_io_msgs/srv/detail/set_digital_output__type_support.hpp
[0.882s] -- Up-to-date: /home/hima/bachelors/rbkairos_ws/install/robotnik_io_msgs/include/robotnik_io_msgs/robotnik_io_msgs/srv/detail/set_analog_output_array__builder.hpp
[0.882s] -- Up-to-date: /home/hima/bachelors/rbkairos_ws/install/robotnik_io_msgs/include/robotnik_io_msgs/robotnik_io_msgs/srv/detail/get_registers__type_support.hpp
[0.882s] -- Up-to-date: /home/hima/bachelors/rbkairos_ws/install/robotnik_io_msgs/include/robotnik_io_msgs/robotnik_io_msgs/srv/detail/set_analog_output_array__traits.hpp
[0.882s] -- Up-to-date: /home/hima/bachelors/rbkairos_ws/install/robotnik_io_msgs/include/robotnik_io_msgs/robotnik_io_msgs/srv/detail/set_digital_output__struct.hpp
[0.882s] -- Up-to-date: /home/hima/bachelors/rbkairos_ws/install/robotnik_io_msgs/include/robotnik_io_msgs/robotnik_io_msgs/srv/detail/get_registers__builder.hpp
[0.882s] -- Up-to-date: /home/hima/bachelors/rbkairos_ws/install/robotnik_io_msgs/include/robotnik_io_msgs/robotnik_io_msgs/srv/detail/get_registers__struct.hpp
[0.882s] -- Up-to-date: /home/hima/bachelors/rbkairos_ws/install/robotnik_io_msgs/include/robotnik_io_msgs/robotnik_io_msgs/srv/detail/set_digital_output_array__traits.hpp
[0.882s] -- Up-to-date: /home/hima/bachelors/rbkairos_ws/install/robotnik_io_msgs/include/robotnik_io_msgs/robotnik_io_msgs/srv/set_analog_output_array.hpp
[0.882s] -- Up-to-date: /home/hima/bachelors/rbkairos_ws/install/robotnik_io_msgs/include/robotnik_io_msgs/robotnik_io_msgs/srv/set_registers.hpp
[0.883s] -- Up-to-date: /home/hima/bachelors/rbkairos_ws/install/robotnik_io_msgs/include/robotnik_io_msgs/robotnik_io_msgs/srv/set_analog_output.hpp
[0.883s] -- Up-to-date: /home/hima/bachelors/rbkairos_ws/install/robotnik_io_msgs/include/robotnik_io_msgs/robotnik_io_msgs/msg
[0.883s] -- Up-to-date: /home/hima/bachelors/rbkairos_ws/install/robotnik_io_msgs/include/robotnik_io_msgs/robotnik_io_msgs/msg/register.hpp
[0.883s] -- Up-to-date: /home/hima/bachelors/rbkairos_ws/install/robotnik_io_msgs/include/robotnik_io_msgs/robotnik_io_msgs/msg/analog_io.hpp
[0.883s] -- Up-to-date: /home/hima/bachelors/rbkairos_ws/install/robotnik_io_msgs/include/robotnik_io_msgs/robotnik_io_msgs/msg/rosidl_generator_cpp__visibility_control.hpp
[0.883s] -- Up-to-date: /home/hima/bachelors/rbkairos_ws/install/robotnik_io_msgs/include/robotnik_io_msgs/robotnik_io_msgs/msg/inputs_outputs.hpp
[0.883s] -- Up-to-date: /home/hima/bachelors/rbkairos_ws/install/robotnik_io_msgs/include/robotnik_io_msgs/robotnik_io_msgs/msg/digital_io.hpp
[0.883s] -- Up-to-date: /home/hima/bachelors/rbkairos_ws/install/robotnik_io_msgs/include/robotnik_io_msgs/robotnik_io_msgs/msg/detail
[0.883s] -- Up-to-date: /home/hima/bachelors/rbkairos_ws/install/robotnik_io_msgs/include/robotnik_io_msgs/robotnik_io_msgs/msg/detail/digital_io__builder.hpp
[0.883s] -- Up-to-date: /home/hima/bachelors/rbkairos_ws/install/robotnik_io_msgs/include/robotnik_io_msgs/robotnik_io_msgs/msg/detail/analog_io__struct.hpp
[0.883s] -- Up-to-date: /home/hima/bachelors/rbkairos_ws/install/robotnik_io_msgs/include/robotnik_io_msgs/robotnik_io_msgs/msg/detail/inputs_outputs__traits.hpp
[0.883s] -- Up-to-date: /home/hima/bachelors/rbkairos_ws/install/robotnik_io_msgs/include/robotnik_io_msgs/robotnik_io_msgs/msg/detail/inputs_outputs__builder.hpp
[0.883s] -- Up-to-date: /home/hima/bachelors/rbkairos_ws/install/robotnik_io_msgs/include/robotnik_io_msgs/robotnik_io_msgs/msg/detail/register__traits.hpp
[0.883s] -- Up-to-date: /home/hima/bachelors/rbkairos_ws/install/robotnik_io_msgs/include/robotnik_io_msgs/robotnik_io_msgs/msg/detail/register__builder.hpp
[0.883s] -- Up-to-date: /home/hima/bachelors/rbkairos_ws/install/robotnik_io_msgs/include/robotnik_io_msgs/robotnik_io_msgs/msg/detail/analog_io__type_support.hpp
[0.883s] -- Up-to-date: /home/hima/bachelors/rbkairos_ws/install/robotnik_io_msgs/include/robotnik_io_msgs/robotnik_io_msgs/msg/detail/register__type_support.hpp
[0.883s] -- Up-to-date: /home/hima/bachelors/rbkairos_ws/install/robotnik_io_msgs/include/robotnik_io_msgs/robotnik_io_msgs/msg/detail/inputs_outputs__type_support.hpp
[0.883s] -- Up-to-date: /home/hima/bachelors/rbkairos_ws/install/robotnik_io_msgs/include/robotnik_io_msgs/robotnik_io_msgs/msg/detail/analog_io__traits.hpp
[0.883s] -- Up-to-date: /home/hima/bachelors/rbkairos_ws/install/robotnik_io_msgs/include/robotnik_io_msgs/robotnik_io_msgs/msg/detail/analog_io__builder.hpp
[0.884s] -- Up-to-date: /home/hima/bachelors/rbkairos_ws/install/robotnik_io_msgs/include/robotnik_io_msgs/robotnik_io_msgs/msg/detail/register_array__traits.hpp
[0.884s] -- Up-to-date: /home/hima/bachelors/rbkairos_ws/install/robotnik_io_msgs/include/robotnik_io_msgs/robotnik_io_msgs/msg/detail/digital_io__traits.hpp
[0.884s] -- Up-to-date: /home/hima/bachelors/rbkairos_ws/install/robotnik_io_msgs/include/robotnik_io_msgs/robotnik_io_msgs/msg/detail/register_array__type_support.hpp
[0.884s] -- Up-to-date: /home/hima/bachelors/rbkairos_ws/install/robotnik_io_msgs/include/robotnik_io_msgs/robotnik_io_msgs/msg/detail/inputs_outputs__struct.hpp
[0.884s] -- Up-to-date: /home/hima/bachelors/rbkairos_ws/install/robotnik_io_msgs/include/robotnik_io_msgs/robotnik_io_msgs/msg/detail/digital_io__struct.hpp
[0.884s] -- Up-to-date: /home/hima/bachelors/rbkairos_ws/install/robotnik_io_msgs/include/robotnik_io_msgs/robotnik_io_msgs/msg/detail/register_array__struct.hpp
[0.884s] -- Up-to-date: /home/hima/bachelors/rbkairos_ws/install/robotnik_io_msgs/include/robotnik_io_msgs/robotnik_io_msgs/msg/detail/register_array__builder.hpp
[0.884s] -- Up-to-date: /home/hima/bachelors/rbkairos_ws/install/robotnik_io_msgs/include/robotnik_io_msgs/robotnik_io_msgs/msg/detail/register__struct.hpp
[0.884s] -- Up-to-date: /home/hima/bachelors/rbkairos_ws/install/robotnik_io_msgs/include/robotnik_io_msgs/robotnik_io_msgs/msg/detail/digital_io__type_support.hpp
[0.884s] -- Up-to-date: /home/hima/bachelors/rbkairos_ws/install/robotnik_io_msgs/include/robotnik_io_msgs/robotnik_io_msgs/msg/register_array.hpp
[0.884s] -- Up-to-date: /home/hima/bachelors/rbkairos_ws/install/robotnik_io_msgs/include/robotnik_io_msgs/robotnik_io_msgs
[0.884s] -- Up-to-date: /home/hima/bachelors/rbkairos_ws/install/robotnik_io_msgs/include/robotnik_io_msgs/robotnik_io_msgs/srv
[0.884s] -- Up-to-date: /home/hima/bachelors/rbkairos_ws/install/robotnik_io_msgs/include/robotnik_io_msgs/robotnik_io_msgs/srv/detail
[0.885s] -- Up-to-date: /home/hima/bachelors/rbkairos_ws/install/robotnik_io_msgs/include/robotnik_io_msgs/robotnik_io_msgs/srv/detail/set_digital_output__rosidl_typesupport_fastrtps_cpp.hpp
[0.886s] -- Up-to-date: /home/hima/bachelors/rbkairos_ws/install/robotnik_io_msgs/include/robotnik_io_msgs/robotnik_io_msgs/srv/detail/set_analog_output_array__rosidl_typesupport_fastrtps_cpp.hpp
[0.886s] -- Up-to-date: /home/hima/bachelors/rbkairos_ws/install/robotnik_io_msgs/include/robotnik_io_msgs/robotnik_io_msgs/srv/detail/set_digital_output_array__rosidl_typesupport_fastrtps_cpp.hpp
[0.887s] -- Up-to-date: /home/hima/bachelors/rbkairos_ws/install/robotnik_io_msgs/include/robotnik_io_msgs/robotnik_io_msgs/srv/detail/set_analog_output__rosidl_typesupport_fastrtps_cpp.hpp
[0.887s] -- Up-to-date: /home/hima/bachelors/rbkairos_ws/install/robotnik_io_msgs/include/robotnik_io_msgs/robotnik_io_msgs/srv/detail/dds_fastrtps
[0.888s] -- Up-to-date: /home/hima/bachelors/rbkairos_ws/install/robotnik_io_msgs/include/robotnik_io_msgs/robotnik_io_msgs/srv/detail/set_registers__rosidl_typesupport_fastrtps_cpp.hpp
[0.888s] -- Up-to-date: /home/hima/bachelors/rbkairos_ws/install/robotnik_io_msgs/include/robotnik_io_msgs/robotnik_io_msgs/srv/detail/get_registers__rosidl_typesupport_fastrtps_cpp.hpp
[0.888s] -- Up-to-date: /home/hima/bachelors/rbkairos_ws/install/robotnik_io_msgs/include/robotnik_io_msgs/robotnik_io_msgs/msg
[0.889s] -- Up-to-date: /home/hima/bachelors/rbkairos_ws/install/robotnik_io_msgs/include/robotnik_io_msgs/robotnik_io_msgs/msg/rosidl_typesupport_fastrtps_cpp__visibility_control.h
[0.889s] -- Up-to-date: /home/hima/bachelors/rbkairos_ws/install/robotnik_io_msgs/include/robotnik_io_msgs/robotnik_io_msgs/msg/detail
[0.889s] -- Up-to-date: /home/hima/bachelors/rbkairos_ws/install/robotnik_io_msgs/include/robotnik_io_msgs/robotnik_io_msgs/msg/detail/digital_io__rosidl_typesupport_fastrtps_cpp.hpp
[0.890s] -- Up-to-date: /home/hima/bachelors/rbkairos_ws/install/robotnik_io_msgs/include/robotnik_io_msgs/robotnik_io_msgs/msg/detail/analog_io__rosidl_typesupport_fastrtps_cpp.hpp
[0.890s] -- Up-to-date: /home/hima/bachelors/rbkairos_ws/install/robotnik_io_msgs/include/robotnik_io_msgs/robotnik_io_msgs/msg/detail/inputs_outputs__rosidl_typesupport_fastrtps_cpp.hpp
[0.891s] -- Up-to-date: /home/hima/bachelors/rbkairos_ws/install/robotnik_io_msgs/include/robotnik_io_msgs/robotnik_io_msgs/msg/detail/register__rosidl_typesupport_fastrtps_cpp.hpp
[0.891s] -- Up-to-date: /home/hima/bachelors/rbkairos_ws/install/robotnik_io_msgs/include/robotnik_io_msgs/robotnik_io_msgs/msg/detail/dds_fastrtps
[0.891s] -- Up-to-date: /home/hima/bachelors/rbkairos_ws/install/robotnik_io_msgs/include/robotnik_io_msgs/robotnik_io_msgs/msg/detail/register_array__rosidl_typesupport_fastrtps_cpp.hpp
[0.892s] -- Up-to-date: /home/hima/bachelors/rbkairos_ws/install/robotnik_io_msgs/lib/librobotnik_io_msgs__rosidl_typesupport_fastrtps_cpp.so
[0.892s] -- Up-to-date: /home/hima/bachelors/rbkairos_ws/install/robotnik_io_msgs/include/robotnik_io_msgs/robotnik_io_msgs
[0.892s] -- Up-to-date: /home/hima/bachelors/rbkairos_ws/install/robotnik_io_msgs/include/robotnik_io_msgs/robotnik_io_msgs/srv
[0.893s] -- Up-to-date: /home/hima/bachelors/rbkairos_ws/install/robotnik_io_msgs/include/robotnik_io_msgs/robotnik_io_msgs/srv/detail
[0.893s] -- Up-to-date: /home/hima/bachelors/rbkairos_ws/install/robotnik_io_msgs/include/robotnik_io_msgs/robotnik_io_msgs/srv/detail/set_registers__rosidl_typesupport_introspection_c.h
[0.893s] -- Up-to-date: /home/hima/bachelors/rbkairos_ws/install/robotnik_io_msgs/include/robotnik_io_msgs/robotnik_io_msgs/srv/detail/set_analog_output_array__rosidl_typesupport_introspection_c.h
[0.894s] -- Up-to-date: /home/hima/bachelors/rbkairos_ws/install/robotnik_io_msgs/include/robotnik_io_msgs/robotnik_io_msgs/srv/detail/set_registers__type_support.c
[0.894s] -- Up-to-date: /home/hima/bachelors/rbkairos_ws/install/robotnik_io_msgs/include/robotnik_io_msgs/robotnik_io_msgs/srv/detail/set_digital_output__rosidl_typesupport_introspection_c.h
[0.894s] -- Up-to-date: /home/hima/bachelors/rbkairos_ws/install/robotnik_io_msgs/include/robotnik_io_msgs/robotnik_io_msgs/srv/detail/get_registers__type_support.c
[0.895s] -- Up-to-date: /home/hima/bachelors/rbkairos_ws/install/robotnik_io_msgs/include/robotnik_io_msgs/robotnik_io_msgs/srv/detail/get_registers__rosidl_typesupport_introspection_c.h
[0.895s] -- Up-to-date: /home/hima/bachelors/rbkairos_ws/install/robotnik_io_msgs/include/robotnik_io_msgs/robotnik_io_msgs/srv/detail/set_digital_output__type_support.c
[0.896s] -- Up-to-date: /home/hima/bachelors/rbkairos_ws/install/robotnik_io_msgs/include/robotnik_io_msgs/robotnik_io_msgs/srv/detail/set_digital_output_array__type_support.c
[0.897s] -- Up-to-date: /home/hima/bachelors/rbkairos_ws/install/robotnik_io_msgs/include/robotnik_io_msgs/robotnik_io_msgs/srv/detail/set_analog_output__type_support.c
[0.898s] -- Up-to-date: /home/hima/bachelors/rbkairos_ws/install/robotnik_io_msgs/include/robotnik_io_msgs/robotnik_io_msgs/srv/detail/set_digital_output_array__rosidl_typesupport_introspection_c.h
[0.899s] -- Up-to-date: /home/hima/bachelors/rbkairos_ws/install/robotnik_io_msgs/include/robotnik_io_msgs/robotnik_io_msgs/srv/detail/set_analog_output__rosidl_typesupport_introspection_c.h
[0.900s] -- Up-to-date: /home/hima/bachelors/rbkairos_ws/install/robotnik_io_msgs/include/robotnik_io_msgs/robotnik_io_msgs/srv/detail/set_analog_output_array__type_support.c
[0.900s] -- Up-to-date: /home/hima/bachelors/rbkairos_ws/install/robotnik_io_msgs/include/robotnik_io_msgs/robotnik_io_msgs/msg
[0.900s] -- Up-to-date: /home/hima/bachelors/rbkairos_ws/install/robotnik_io_msgs/include/robotnik_io_msgs/robotnik_io_msgs/msg/rosidl_typesupport_introspection_c__visibility_control.h
[0.900s] -- Up-to-date: /home/hima/bachelors/rbkairos_ws/install/robotnik_io_msgs/include/robotnik_io_msgs/robotnik_io_msgs/msg/detail
[0.900s] -- Up-to-date: /home/hima/bachelors/rbkairos_ws/install/robotnik_io_msgs/include/robotnik_io_msgs/robotnik_io_msgs/msg/detail/inputs_outputs__type_support.c
[0.900s] -- Up-to-date: /home/hima/bachelors/rbkairos_ws/install/robotnik_io_msgs/include/robotnik_io_msgs/robotnik_io_msgs/msg/detail/register__type_support.c
[0.901s] -- Up-to-date: /home/hima/bachelors/rbkairos_ws/install/robotnik_io_msgs/include/robotnik_io_msgs/robotnik_io_msgs/msg/detail/digital_io__type_support.c
[0.902s] -- Up-to-date: /home/hima/bachelors/rbkairos_ws/install/robotnik_io_msgs/include/robotnik_io_msgs/robotnik_io_msgs/msg/detail/register__rosidl_typesupport_introspection_c.h
[0.903s] -- Up-to-date: /home/hima/bachelors/rbkairos_ws/install/robotnik_io_msgs/include/robotnik_io_msgs/robotnik_io_msgs/msg/detail/register_array__rosidl_typesupport_introspection_c.h
[0.903s] -- Up-to-date: /home/hima/bachelors/rbkairos_ws/install/robotnik_io_msgs/include/robotnik_io_msgs/robotnik_io_msgs/msg/detail/digital_io__rosidl_typesupport_introspection_c.h
[0.903s] -- Up-to-date: /home/hima/bachelors/rbkairos_ws/install/robotnik_io_msgs/include/robotnik_io_msgs/robotnik_io_msgs/msg/detail/analog_io__rosidl_typesupport_introspection_c.h
[0.904s] -- Up-to-date: /home/hima/bachelors/rbkairos_ws/install/robotnik_io_msgs/include/robotnik_io_msgs/robotnik_io_msgs/msg/detail/register_array__type_support.c
[0.904s] -- Up-to-date: /home/hima/bachelors/rbkairos_ws/install/robotnik_io_msgs/include/robotnik_io_msgs/robotnik_io_msgs/msg/detail/inputs_outputs__rosidl_typesupport_introspection_c.h
[0.904s] -- Up-to-date: /home/hima/bachelors/rbkairos_ws/install/robotnik_io_msgs/include/robotnik_io_msgs/robotnik_io_msgs/msg/detail/analog_io__type_support.c
[0.904s] -- Up-to-date: /home/hima/bachelors/rbkairos_ws/install/robotnik_io_msgs/lib/librobotnik_io_msgs__rosidl_typesupport_introspection_c.so
[0.904s] -- Up-to-date: /home/hima/bachelors/rbkairos_ws/install/robotnik_io_msgs/lib/librobotnik_io_msgs__rosidl_typesupport_c.so
[0.904s] -- Up-to-date: /home/hima/bachelors/rbkairos_ws/install/robotnik_io_msgs/include/robotnik_io_msgs/robotnik_io_msgs
[0.904s] -- Up-to-date: /home/hima/bachelors/rbkairos_ws/install/robotnik_io_msgs/include/robotnik_io_msgs/robotnik_io_msgs/srv
[0.904s] -- Up-to-date: /home/hima/bachelors/rbkairos_ws/install/robotnik_io_msgs/include/robotnik_io_msgs/robotnik_io_msgs/srv/detail
[0.904s] -- Up-to-date: /home/hima/bachelors/rbkairos_ws/install/robotnik_io_msgs/include/robotnik_io_msgs/robotnik_io_msgs/srv/detail/get_registers__rosidl_typesupport_introspection_cpp.hpp
[0.904s] -- Up-to-date: /home/hima/bachelors/rbkairos_ws/install/robotnik_io_msgs/include/robotnik_io_msgs/robotnik_io_msgs/srv/detail/set_digital_output__rosidl_typesupport_introspection_cpp.hpp
[0.904s] -- Up-to-date: /home/hima/bachelors/rbkairos_ws/install/robotnik_io_msgs/include/robotnik_io_msgs/robotnik_io_msgs/srv/detail/set_analog_output_array__rosidl_typesupport_introspection_cpp.hpp
[0.904s] -- Up-to-date: /home/hima/bachelors/rbkairos_ws/install/robotnik_io_msgs/include/robotnik_io_msgs/robotnik_io_msgs/srv/detail/set_analog_output_array__type_support.cpp
[0.904s] -- Up-to-date: /home/hima/bachelors/rbkairos_ws/install/robotnik_io_msgs/include/robotnik_io_msgs/robotnik_io_msgs/srv/detail/get_registers__type_support.cpp
[0.904s] -- Up-to-date: /home/hima/bachelors/rbkairos_ws/install/robotnik_io_msgs/include/robotnik_io_msgs/robotnik_io_msgs/srv/detail/set_digital_output_array__rosidl_typesupport_introspection_cpp.hpp
[0.904s] -- Up-to-date: /home/hima/bachelors/rbkairos_ws/install/robotnik_io_msgs/include/robotnik_io_msgs/robotnik_io_msgs/srv/detail/set_analog_output__rosidl_typesupport_introspection_cpp.hpp
[0.905s] -- Up-to-date: /home/hima/bachelors/rbkairos_ws/install/robotnik_io_msgs/include/robotnik_io_msgs/robotnik_io_msgs/srv/detail/set_digital_output__type_support.cpp
[0.905s] -- Up-to-date: /home/hima/bachelors/rbkairos_ws/install/robotnik_io_msgs/include/robotnik_io_msgs/robotnik_io_msgs/srv/detail/set_registers__rosidl_typesupport_introspection_cpp.hpp
[0.905s] -- Up-to-date: /home/hima/bachelors/rbkairos_ws/install/robotnik_io_msgs/include/robotnik_io_msgs/robotnik_io_msgs/srv/detail/set_digital_output_array__type_support.cpp
[0.905s] -- Up-to-date: /home/hima/bachelors/rbkairos_ws/install/robotnik_io_msgs/include/robotnik_io_msgs/robotnik_io_msgs/srv/detail/set_analog_output__type_support.cpp
[0.905s] -- Up-to-date: /home/hima/bachelors/rbkairos_ws/install/robotnik_io_msgs/include/robotnik_io_msgs/robotnik_io_msgs/srv/detail/set_registers__type_support.cpp
[0.905s] -- Up-to-date: /home/hima/bachelors/rbkairos_ws/install/robotnik_io_msgs/include/robotnik_io_msgs/robotnik_io_msgs/msg
[0.905s] -- Up-to-date: /home/hima/bachelors/rbkairos_ws/install/robotnik_io_msgs/include/robotnik_io_msgs/robotnik_io_msgs/msg/detail
[0.905s] -- Up-to-date: /home/hima/bachelors/rbkairos_ws/install/robotnik_io_msgs/include/robotnik_io_msgs/robotnik_io_msgs/msg/detail/register__type_support.cpp
[0.905s] -- Up-to-date: /home/hima/bachelors/rbkairos_ws/install/robotnik_io_msgs/include/robotnik_io_msgs/robotnik_io_msgs/msg/detail/digital_io__rosidl_typesupport_introspection_cpp.hpp
[0.905s] -- Up-to-date: /home/hima/bachelors/rbkairos_ws/install/robotnik_io_msgs/include/robotnik_io_msgs/robotnik_io_msgs/msg/detail/inputs_outputs__rosidl_typesupport_introspection_cpp.hpp
[0.905s] -- Up-to-date: /home/hima/bachelors/rbkairos_ws/install/robotnik_io_msgs/include/robotnik_io_msgs/robotnik_io_msgs/msg/detail/analog_io__rosidl_typesupport_introspection_cpp.hpp
[0.905s] -- Up-to-date: /home/hima/bachelors/rbkairos_ws/install/robotnik_io_msgs/include/robotnik_io_msgs/robotnik_io_msgs/msg/detail/register__rosidl_typesupport_introspection_cpp.hpp
[0.905s] -- Up-to-date: /home/hima/bachelors/rbkairos_ws/install/robotnik_io_msgs/include/robotnik_io_msgs/robotnik_io_msgs/msg/detail/digital_io__type_support.cpp
[0.905s] -- Up-to-date: /home/hima/bachelors/rbkairos_ws/install/robotnik_io_msgs/include/robotnik_io_msgs/robotnik_io_msgs/msg/detail/register_array__rosidl_typesupport_introspection_cpp.hpp
[0.905s] -- Up-to-date: /home/hima/bachelors/rbkairos_ws/install/robotnik_io_msgs/include/robotnik_io_msgs/robotnik_io_msgs/msg/detail/inputs_outputs__type_support.cpp
[0.905s] -- Up-to-date: /home/hima/bachelors/rbkairos_ws/install/robotnik_io_msgs/include/robotnik_io_msgs/robotnik_io_msgs/msg/detail/register_array__type_support.cpp
[0.905s] -- Up-to-date: /home/hima/bachelors/rbkairos_ws/install/robotnik_io_msgs/include/robotnik_io_msgs/robotnik_io_msgs/msg/detail/analog_io__type_support.cpp
[0.906s] -- Up-to-date: /home/hima/bachelors/rbkairos_ws/install/robotnik_io_msgs/lib/librobotnik_io_msgs__rosidl_typesupport_introspection_cpp.so
[0.906s] -- Up-to-date: /home/hima/bachelors/rbkairos_ws/install/robotnik_io_msgs/lib/librobotnik_io_msgs__rosidl_typesupport_cpp.so
[0.906s] -- Up-to-date: /home/hima/bachelors/rbkairos_ws/install/robotnik_io_msgs/share/robotnik_io_msgs/environment/pythonpath.sh
[0.906s] -- Up-to-date: /home/hima/bachelors/rbkairos_ws/install/robotnik_io_msgs/share/robotnik_io_msgs/environment/pythonpath.dsv
[0.906s] -- Up-to-date: /home/hima/bachelors/rbkairos_ws/install/robotnik_io_msgs/local/lib/python3.10/dist-packages/robotnik_io_msgs-1.0.0-py3.10.egg-info
[0.906s] -- Installing: /home/hima/bachelors/rbkairos_ws/install/robotnik_io_msgs/local/lib/python3.10/dist-packages/robotnik_io_msgs-1.0.0-py3.10.egg-info/top_level.txt
[0.906s] -- Installing: /home/hima/bachelors/rbkairos_ws/install/robotnik_io_msgs/local/lib/python3.10/dist-packages/robotnik_io_msgs-1.0.0-py3.10.egg-info/PKG-INFO
[0.906s] -- Installing: /home/hima/bachelors/rbkairos_ws/install/robotnik_io_msgs/local/lib/python3.10/dist-packages/robotnik_io_msgs-1.0.0-py3.10.egg-info/SOURCES.txt
[0.906s] -- Installing: /home/hima/bachelors/rbkairos_ws/install/robotnik_io_msgs/local/lib/python3.10/dist-packages/robotnik_io_msgs-1.0.0-py3.10.egg-info/dependency_links.txt
[0.906s] -- Up-to-date: /home/hima/bachelors/rbkairos_ws/install/robotnik_io_msgs/local/lib/python3.10/dist-packages/robotnik_io_msgs
[0.906s] -- Up-to-date: /home/hima/bachelors/rbkairos_ws/install/robotnik_io_msgs/local/lib/python3.10/dist-packages/robotnik_io_msgs/robotnik_io_msgs_s__rosidl_typesupport_fastrtps_c.cpython-310-x86_64-linux-gnu.so
[0.906s] -- Up-to-date: /home/hima/bachelors/rbkairos_ws/install/robotnik_io_msgs/local/lib/python3.10/dist-packages/robotnik_io_msgs/_robotnik_io_msgs_s.ep.rosidl_typesupport_fastrtps_c.c
[0.906s] -- Up-to-date: /home/hima/bachelors/rbkairos_ws/install/robotnik_io_msgs/local/lib/python3.10/dist-packages/robotnik_io_msgs/srv
[0.906s] -- Up-to-date: /home/hima/bachelors/rbkairos_ws/install/robotnik_io_msgs/local/lib/python3.10/dist-packages/robotnik_io_msgs/srv/_set_digital_output.py
[0.906s] -- Up-to-date: /home/hima/bachelors/rbkairos_ws/install/robotnik_io_msgs/local/lib/python3.10/dist-packages/robotnik_io_msgs/srv/_get_registers.py
[0.906s] -- Up-to-date: /home/hima/bachelors/rbkairos_ws/install/robotnik_io_msgs/local/lib/python3.10/dist-packages/robotnik_io_msgs/srv/_set_registers.py
[0.906s] -- Up-to-date: /home/hima/bachelors/rbkairos_ws/install/robotnik_io_msgs/local/lib/python3.10/dist-packages/robotnik_io_msgs/srv/_set_digital_output_array_s.c
[0.907s] -- Up-to-date: /home/hima/bachelors/rbkairos_ws/install/robotnik_io_msgs/local/lib/python3.10/dist-packages/robotnik_io_msgs/srv/__init__.py
[0.907s] -- Up-to-date: /home/hima/bachelors/rbkairos_ws/install/robotnik_io_msgs/local/lib/python3.10/dist-packages/robotnik_io_msgs/srv/_set_registers_s.c
[0.907s] -- Up-to-date: /home/hima/bachelors/rbkairos_ws/install/robotnik_io_msgs/local/lib/python3.10/dist-packages/robotnik_io_msgs/srv/_set_digital_output_array.py
[0.907s] -- Up-to-date: /home/hima/bachelors/rbkairos_ws/install/robotnik_io_msgs/local/lib/python3.10/dist-packages/robotnik_io_msgs/srv/_set_analog_output.py
[0.907s] -- Up-to-date: /home/hima/bachelors/rbkairos_ws/install/robotnik_io_msgs/local/lib/python3.10/dist-packages/robotnik_io_msgs/srv/_set_analog_output_array.py
[0.907s] -- Up-to-date: /home/hima/bachelors/rbkairos_ws/install/robotnik_io_msgs/local/lib/python3.10/dist-packages/robotnik_io_msgs/srv/_set_analog_output_array_s.c
[0.907s] -- Up-to-date: /home/hima/bachelors/rbkairos_ws/install/robotnik_io_msgs/local/lib/python3.10/dist-packages/robotnik_io_msgs/srv/_set_digital_output_s.c
[0.907s] -- Up-to-date: /home/hima/bachelors/rbkairos_ws/install/robotnik_io_msgs/local/lib/python3.10/dist-packages/robotnik_io_msgs/srv/_set_analog_output_s.c
[0.907s] -- Up-to-date: /home/hima/bachelors/rbkairos_ws/install/robotnik_io_msgs/local/lib/python3.10/dist-packages/robotnik_io_msgs/srv/_get_registers_s.c
[0.907s] -- Up-to-date: /home/hima/bachelors/rbkairos_ws/install/robotnik_io_msgs/local/lib/python3.10/dist-packages/robotnik_io_msgs/_robotnik_io_msgs_s.ep.rosidl_typesupport_introspection_c.c
[0.907s] -- Up-to-date: /home/hima/bachelors/rbkairos_ws/install/robotnik_io_msgs/local/lib/python3.10/dist-packages/robotnik_io_msgs/robotnik_io_msgs_s__rosidl_typesupport_introspection_c.cpython-310-x86_64-linux-gnu.so
[0.907s] -- Up-to-date: /home/hima/bachelors/rbkairos_ws/install/robotnik_io_msgs/local/lib/python3.10/dist-packages/robotnik_io_msgs/msg
[0.907s] -- Up-to-date: /home/hima/bachelors/rbkairos_ws/install/robotnik_io_msgs/local/lib/python3.10/dist-packages/robotnik_io_msgs/msg/_digital_io_s.c
[0.907s] -- Up-to-date: /home/hima/bachelors/rbkairos_ws/install/robotnik_io_msgs/local/lib/python3.10/dist-packages/robotnik_io_msgs/msg/_register_s.c
[0.907s] -- Up-to-date: /home/hima/bachelors/rbkairos_ws/install/robotnik_io_msgs/local/lib/python3.10/dist-packages/robotnik_io_msgs/msg/_analog_io_s.c
[0.908s] -- Up-to-date: /home/hima/bachelors/rbkairos_ws/install/robotnik_io_msgs/local/lib/python3.10/dist-packages/robotnik_io_msgs/msg/__init__.py
[0.908s] -- Up-to-date: /home/hima/bachelors/rbkairos_ws/install/robotnik_io_msgs/local/lib/python3.10/dist-packages/robotnik_io_msgs/msg/_inputs_outputs_s.c
[0.909s] -- Up-to-date: /home/hima/bachelors/rbkairos_ws/install/robotnik_io_msgs/local/lib/python3.10/dist-packages/robotnik_io_msgs/msg/_register_array_s.c
[0.909s] -- Up-to-date: /home/hima/bachelors/rbkairos_ws/install/robotnik_io_msgs/local/lib/python3.10/dist-packages/robotnik_io_msgs/msg/_analog_io.py
[0.909s] -- Up-to-date: /home/hima/bachelors/rbkairos_ws/install/robotnik_io_msgs/local/lib/python3.10/dist-packages/robotnik_io_msgs/msg/_register_array.py
[0.910s] -- Up-to-date: /home/hima/bachelors/rbkairos_ws/install/robotnik_io_msgs/local/lib/python3.10/dist-packages/robotnik_io_msgs/msg/_digital_io.py
[0.910s] -- Up-to-date: /home/hima/bachelors/rbkairos_ws/install/robotnik_io_msgs/local/lib/python3.10/dist-packages/robotnik_io_msgs/msg/_register.py
[0.911s] -- Up-to-date: /home/hima/bachelors/rbkairos_ws/install/robotnik_io_msgs/local/lib/python3.10/dist-packages/robotnik_io_msgs/msg/_inputs_outputs.py
[0.911s] -- Up-to-date: /home/hima/bachelors/rbkairos_ws/install/robotnik_io_msgs/local/lib/python3.10/dist-packages/robotnik_io_msgs/robotnik_io_msgs_s__rosidl_typesupport_c.cpython-310-x86_64-linux-gnu.so
[0.911s] -- Up-to-date: /home/hima/bachelors/rbkairos_ws/install/robotnik_io_msgs/local/lib/python3.10/dist-packages/robotnik_io_msgs/__init__.py
[0.912s] -- Up-to-date: /home/hima/bachelors/rbkairos_ws/install/robotnik_io_msgs/local/lib/python3.10/dist-packages/robotnik_io_msgs/librobotnik_io_msgs__rosidl_generator_py.so
[0.912s] -- Up-to-date: /home/hima/bachelors/rbkairos_ws/install/robotnik_io_msgs/local/lib/python3.10/dist-packages/robotnik_io_msgs/_robotnik_io_msgs_s.ep.rosidl_typesupport_c.c
[0.973s] Listing '/home/hima/bachelors/rbkairos_ws/install/robotnik_io_msgs/local/lib/python3.10/dist-packages/robotnik_io_msgs'...
[0.974s] Listing '/home/hima/bachelors/rbkairos_ws/install/robotnik_io_msgs/local/lib/python3.10/dist-packages/robotnik_io_msgs/msg'...
[0.975s] Listing '/home/hima/bachelors/rbkairos_ws/install/robotnik_io_msgs/local/lib/python3.10/dist-packages/robotnik_io_msgs/srv'...
[0.976s] -- Up-to-date: /home/hima/bachelors/rbkairos_ws/install/robotnik_io_msgs/local/lib/python3.10/dist-packages/robotnik_io_msgs/robotnik_io_msgs_s__rosidl_typesupport_fastrtps_c.cpython-310-x86_64-linux-gnu.so
[0.976s] -- Up-to-date: /home/hima/bachelors/rbkairos_ws/install/robotnik_io_msgs/local/lib/python3.10/dist-packages/robotnik_io_msgs/robotnik_io_msgs_s__rosidl_typesupport_introspection_c.cpython-310-x86_64-linux-gnu.so
[0.976s] -- Up-to-date: /home/hima/bachelors/rbkairos_ws/install/robotnik_io_msgs/local/lib/python3.10/dist-packages/robotnik_io_msgs/robotnik_io_msgs_s__rosidl_typesupport_c.cpython-310-x86_64-linux-gnu.so
[0.976s] -- Up-to-date: /home/hima/bachelors/rbkairos_ws/install/robotnik_io_msgs/lib/librobotnik_io_msgs__rosidl_generator_py.so
[0.976s] -- Up-to-date: /home/hima/bachelors/rbkairos_ws/install/robotnik_io_msgs/share/robotnik_io_msgs/msg/AnalogIO.idl
[0.976s] -- Up-to-date: /home/hima/bachelors/rbkairos_ws/install/robotnik_io_msgs/share/robotnik_io_msgs/msg/DigitalIO.idl
[0.976s] -- Up-to-date: /home/hima/bachelors/rbkairos_ws/install/robotnik_io_msgs/share/robotnik_io_msgs/msg/InputsOutputs.idl
[0.976s] -- Up-to-date: /home/hima/bachelors/rbkairos_ws/install/robotnik_io_msgs/share/robotnik_io_msgs/msg/RegisterArray.idl
[0.976s] -- Up-to-date: /home/hima/bachelors/rbkairos_ws/install/robotnik_io_msgs/share/robotnik_io_msgs/msg/Register.idl
[0.976s] -- Up-to-date: /home/hima/bachelors/rbkairos_ws/install/robotnik_io_msgs/share/robotnik_io_msgs/srv/GetRegisters.idl
[0.977s] -- Up-to-date: /home/hima/bachelors/rbkairos_ws/install/robotnik_io_msgs/share/robotnik_io_msgs/srv/SetAnalogOutput.idl
[0.977s] -- Up-to-date: /home/hima/bachelors/rbkairos_ws/install/robotnik_io_msgs/share/robotnik_io_msgs/srv/SetAnalogOutputArray.idl
[0.977s] -- Up-to-date: /home/hima/bachelors/rbkairos_ws/install/robotnik_io_msgs/share/robotnik_io_msgs/srv/SetDigitalOutput.idl
[0.977s] -- Up-to-date: /home/hima/bachelors/rbkairos_ws/install/robotnik_io_msgs/share/robotnik_io_msgs/srv/SetDigitalOutputArray.idl
[0.977s] -- Up-to-date: /home/hima/bachelors/rbkairos_ws/install/robotnik_io_msgs/share/robotnik_io_msgs/srv/SetRegisters.idl
[0.977s] -- Up-to-date: /home/hima/bachelors/rbkairos_ws/install/robotnik_io_msgs/share/robotnik_io_msgs/msg/AnalogIO.msg
[0.977s] -- Up-to-date: /home/hima/bachelors/rbkairos_ws/install/robotnik_io_msgs/share/robotnik_io_msgs/msg/DigitalIO.msg
[0.977s] -- Up-to-date: /home/hima/bachelors/rbkairos_ws/install/robotnik_io_msgs/share/robotnik_io_msgs/msg/InputsOutputs.msg
[0.977s] -- Up-to-date: /home/hima/bachelors/rbkairos_ws/install/robotnik_io_msgs/share/robotnik_io_msgs/msg/RegisterArray.msg
[0.977s] -- Up-to-date: /home/hima/bachelors/rbkairos_ws/install/robotnik_io_msgs/share/robotnik_io_msgs/msg/Register.msg
[0.977s] -- Up-to-date: /home/hima/bachelors/rbkairos_ws/install/robotnik_io_msgs/share/robotnik_io_msgs/srv/GetRegisters.srv
[0.977s] -- Up-to-date: /home/hima/bachelors/rbkairos_ws/install/robotnik_io_msgs/share/robotnik_io_msgs/srv/GetRegisters_Request.msg
[0.977s] -- Up-to-date: /home/hima/bachelors/rbkairos_ws/install/robotnik_io_msgs/share/robotnik_io_msgs/srv/GetRegisters_Response.msg
[0.978s] -- Up-to-date: /home/hima/bachelors/rbkairos_ws/install/robotnik_io_msgs/share/robotnik_io_msgs/srv/SetAnalogOutput.srv
[0.978s] -- Up-to-date: /home/hima/bachelors/rbkairos_ws/install/robotnik_io_msgs/share/robotnik_io_msgs/srv/SetAnalogOutput_Request.msg
[0.978s] -- Up-to-date: /home/hima/bachelors/rbkairos_ws/install/robotnik_io_msgs/share/robotnik_io_msgs/srv/SetAnalogOutput_Response.msg
[0.978s] -- Up-to-date: /home/hima/bachelors/rbkairos_ws/install/robotnik_io_msgs/share/robotnik_io_msgs/srv/SetAnalogOutputArray.srv
[0.978s] -- Up-to-date: /home/hima/bachelors/rbkairos_ws/install/robotnik_io_msgs/share/robotnik_io_msgs/srv/SetAnalogOutputArray_Request.msg
[0.978s] -- Up-to-date: /home/hima/bachelors/rbkairos_ws/install/robotnik_io_msgs/share/robotnik_io_msgs/srv/SetAnalogOutputArray_Response.msg
[0.979s] -- Up-to-date: /home/hima/bachelors/rbkairos_ws/install/robotnik_io_msgs/share/robotnik_io_msgs/srv/SetDigitalOutput.srv
[0.979s] -- Up-to-date: /home/hima/bachelors/rbkairos_ws/install/robotnik_io_msgs/share/robotnik_io_msgs/srv/SetDigitalOutput_Request.msg
[0.979s] -- Up-to-date: /home/hima/bachelors/rbkairos_ws/install/robotnik_io_msgs/share/robotnik_io_msgs/srv/SetDigitalOutput_Response.msg
[0.979s] -- Up-to-date: /home/hima/bachelors/rbkairos_ws/install/robotnik_io_msgs/share/robotnik_io_msgs/srv/SetDigitalOutputArray.srv
[0.980s] -- Up-to-date: /home/hima/bachelors/rbkairos_ws/install/robotnik_io_msgs/share/robotnik_io_msgs/srv/SetDigitalOutputArray_Request.msg
[0.980s] -- Up-to-date: /home/hima/bachelors/rbkairos_ws/install/robotnik_io_msgs/share/robotnik_io_msgs/srv/SetDigitalOutputArray_Response.msg
[0.980s] -- Up-to-date: /home/hima/bachelors/rbkairos_ws/install/robotnik_io_msgs/share/robotnik_io_msgs/srv/SetRegisters.srv
[0.980s] -- Up-to-date: /home/hima/bachelors/rbkairos_ws/install/robotnik_io_msgs/share/robotnik_io_msgs/srv/SetRegisters_Request.msg
[0.980s] -- Up-to-date: /home/hima/bachelors/rbkairos_ws/install/robotnik_io_msgs/share/robotnik_io_msgs/srv/SetRegisters_Response.msg
[0.980s] -- Up-to-date: /home/hima/bachelors/rbkairos_ws/install/robotnik_io_msgs/share/ament_index/resource_index/package_run_dependencies/robotnik_io_msgs
[0.980s] -- Up-to-date: /home/hima/bachelors/rbkairos_ws/install/robotnik_io_msgs/share/ament_index/resource_index/parent_prefix_path/robotnik_io_msgs
[0.980s] -- Up-to-date: /home/hima/bachelors/rbkairos_ws/install/robotnik_io_msgs/share/robotnik_io_msgs/environment/ament_prefix_path.sh
[0.980s] -- Up-to-date: /home/hima/bachelors/rbkairos_ws/install/robotnik_io_msgs/share/robotnik_io_msgs/environment/ament_prefix_path.dsv
[0.980s] -- Up-to-date: /home/hima/bachelors/rbkairos_ws/install/robotnik_io_msgs/share/robotnik_io_msgs/environment/path.sh
[0.981s] -- Up-to-date: /home/hima/bachelors/rbkairos_ws/install/robotnik_io_msgs/share/robotnik_io_msgs/environment/path.dsv
[0.981s] -- Up-to-date: /home/hima/bachelors/rbkairos_ws/install/robotnik_io_msgs/share/robotnik_io_msgs/local_setup.bash
[0.981s] -- Up-to-date: /home/hima/bachelors/rbkairos_ws/install/robotnik_io_msgs/share/robotnik_io_msgs/local_setup.sh
[0.981s] -- Up-to-date: /home/hima/bachelors/rbkairos_ws/install/robotnik_io_msgs/share/robotnik_io_msgs/local_setup.zsh
[0.981s] -- Up-to-date: /home/hima/bachelors/rbkairos_ws/install/robotnik_io_msgs/share/robotnik_io_msgs/local_setup.dsv
[0.982s] -- Installing: /home/hima/bachelors/rbkairos_ws/install/robotnik_io_msgs/share/robotnik_io_msgs/package.dsv
[0.982s] -- Up-to-date: /home/hima/bachelors/rbkairos_ws/install/robotnik_io_msgs/share/ament_index/resource_index/packages/robotnik_io_msgs
[0.982s] -- Up-to-date: /home/hima/bachelors/rbkairos_ws/install/robotnik_io_msgs/share/robotnik_io_msgs/cmake/export_robotnik_io_msgs__rosidl_generator_cExport.cmake
[0.982s] -- Up-to-date: /home/hima/bachelors/rbkairos_ws/install/robotnik_io_msgs/share/robotnik_io_msgs/cmake/export_robotnik_io_msgs__rosidl_generator_cExport-noconfig.cmake
[0.982s] -- Up-to-date: /home/hima/bachelors/rbkairos_ws/install/robotnik_io_msgs/share/robotnik_io_msgs/cmake/export_robotnik_io_msgs__rosidl_typesupport_fastrtps_cExport.cmake
[0.982s] -- Up-to-date: /home/hima/bachelors/rbkairos_ws/install/robotnik_io_msgs/share/robotnik_io_msgs/cmake/export_robotnik_io_msgs__rosidl_typesupport_fastrtps_cExport-noconfig.cmake
[0.982s] -- Up-to-date: /home/hima/bachelors/rbkairos_ws/install/robotnik_io_msgs/share/robotnik_io_msgs/cmake/export_robotnik_io_msgs__rosidl_generator_cppExport.cmake
[0.982s] -- Up-to-date: /home/hima/bachelors/rbkairos_ws/install/robotnik_io_msgs/share/robotnik_io_msgs/cmake/export_robotnik_io_msgs__rosidl_typesupport_fastrtps_cppExport.cmake
[0.982s] -- Up-to-date: /home/hima/bachelors/rbkairos_ws/install/robotnik_io_msgs/share/robotnik_io_msgs/cmake/export_robotnik_io_msgs__rosidl_typesupport_fastrtps_cppExport-noconfig.cmake
[0.983s] -- Up-to-date: /home/hima/bachelors/rbkairos_ws/install/robotnik_io_msgs/share/robotnik_io_msgs/cmake/robotnik_io_msgs__rosidl_typesupport_introspection_cExport.cmake
[0.983s] -- Up-to-date: /home/hima/bachelors/rbkairos_ws/install/robotnik_io_msgs/share/robotnik_io_msgs/cmake/robotnik_io_msgs__rosidl_typesupport_introspection_cExport-noconfig.cmake
[0.983s] -- Up-to-date: /home/hima/bachelors/rbkairos_ws/install/robotnik_io_msgs/share/robotnik_io_msgs/cmake/robotnik_io_msgs__rosidl_typesupport_cExport.cmake
[0.983s] -- Up-to-date: /home/hima/bachelors/rbkairos_ws/install/robotnik_io_msgs/share/robotnik_io_msgs/cmake/robotnik_io_msgs__rosidl_typesupport_cExport-noconfig.cmake
[0.983s] -- Up-to-date: /home/hima/bachelors/rbkairos_ws/install/robotnik_io_msgs/share/robotnik_io_msgs/cmake/robotnik_io_msgs__rosidl_typesupport_introspection_cppExport.cmake
[0.983s] -- Up-to-date: /home/hima/bachelors/rbkairos_ws/install/robotnik_io_msgs/share/robotnik_io_msgs/cmake/robotnik_io_msgs__rosidl_typesupport_introspection_cppExport-noconfig.cmake
[0.983s] -- Up-to-date: /home/hima/bachelors/rbkairos_ws/install/robotnik_io_msgs/share/robotnik_io_msgs/cmake/robotnik_io_msgs__rosidl_typesupport_cppExport.cmake
[0.983s] -- Up-to-date: /home/hima/bachelors/rbkairos_ws/install/robotnik_io_msgs/share/robotnik_io_msgs/cmake/robotnik_io_msgs__rosidl_typesupport_cppExport-noconfig.cmake
[0.983s] -- Up-to-date: /home/hima/bachelors/rbkairos_ws/install/robotnik_io_msgs/share/robotnik_io_msgs/cmake/export_robotnik_io_msgs__rosidl_generator_pyExport.cmake
[0.983s] -- Up-to-date: /home/hima/bachelors/rbkairos_ws/install/robotnik_io_msgs/share/robotnik_io_msgs/cmake/export_robotnik_io_msgs__rosidl_generator_pyExport-noconfig.cmake
[0.983s] -- Up-to-date: /home/hima/bachelors/rbkairos_ws/install/robotnik_io_msgs/share/robotnik_io_msgs/cmake/rosidl_cmake-extras.cmake
[0.983s] -- Up-to-date: /home/hima/bachelors/rbkairos_ws/install/robotnik_io_msgs/share/robotnik_io_msgs/cmake/ament_cmake_export_dependencies-extras.cmake
[0.983s] -- Up-to-date: /home/hima/bachelors/rbkairos_ws/install/robotnik_io_msgs/share/robotnik_io_msgs/cmake/ament_cmake_export_include_directories-extras.cmake
[0.983s] -- Up-to-date: /home/hima/bachelors/rbkairos_ws/install/robotnik_io_msgs/share/robotnik_io_msgs/cmake/ament_cmake_export_libraries-extras.cmake
[0.983s] -- Up-to-date: /home/hima/bachelors/rbkairos_ws/install/robotnik_io_msgs/share/robotnik_io_msgs/cmake/ament_cmake_export_targets-extras.cmake
[0.983s] -- Up-to-date: /home/hima/bachelors/rbkairos_ws/install/robotnik_io_msgs/share/robotnik_io_msgs/cmake/rosidl_cmake_export_typesupport_targets-extras.cmake
[0.983s] -- Up-to-date: /home/hima/bachelors/rbkairos_ws/install/robotnik_io_msgs/share/robotnik_io_msgs/cmake/rosidl_cmake_export_typesupport_libraries-extras.cmake
[0.984s] -- Up-to-date: /home/hima/bachelors/rbkairos_ws/install/robotnik_io_msgs/share/robotnik_io_msgs/cmake/robotnik_io_msgsConfig.cmake
[0.984s] -- Up-to-date: /home/hima/bachelors/rbkairos_ws/install/robotnik_io_msgs/share/robotnik_io_msgs/cmake/robotnik_io_msgsConfig-version.cmake
[0.984s] -- Up-to-date: /home/hima/bachelors/rbkairos_ws/install/robotnik_io_msgs/share/robotnik_io_msgs/package.xml
[1.010s] Invoked command in '/home/hima/bachelors/rbkairos_ws/build/robotnik_io_msgs' returned '0': CMAKE_PREFIX_PATH=/home/hima/bachelors/rbkairos_ws/install/robotnik_common_msgs:/home/hima/bachelors/rbkairos_ws/install/ros2_laser_scan_merger:/home/hima/bachelors/rbkairos_ws/install/ros2_laser_scan_matcher:/home/hima/bachelors/rbkairos_ws/install/robotnik_supervisor_msgs:/home/hima/bachelors/rbkairos_ws/install/robotnik_gazebo_ignition:/home/hima/bachelors/rbkairos_ws/install/robotnik_gazebo_classic:/home/hima/bachelors/rbkairos_ws/install/mapping:/home/hima/bachelors/rbkairos_ws/install/robotnik_description:/home/hima/bachelors/rbkairos_ws/install/robotnik_sensors:/home/hima/bachelors/rbkairos_ws/install/robotnik_interfaces:/home/hima/bachelors/rbkairos_ws/install/robotnik_safety_msgs:/home/hima/bachelors/rbkairos_ws/install/robotnik_perception_msgs:/home/hima/bachelors/rbkairos_ws/install/robotnik_navigation_msgs:/home/hima/bachelors/rbkairos_ws/install/robotnik_io_msgs:/home/hima/bachelors/rbkairos_ws/install/robotnik_controllers_msgs:/home/hima/bachelors/rbkairos_ws/install/robotnik_common:/home/hima/bachelors/rbkairos_ws/install/robotnik_battery_msgs:/home/hima/bachelors/rbkairos_ws/install/csm:/opt/ros/humble LD_LIBRARY_PATH=/home/hima/bachelors/rbkairos_ws/install/robotnik_common_msgs/lib:/home/hima/bachelors/rbkairos_ws/install/robotnik_supervisor_msgs/lib:/home/hima/bachelors/rbkairos_ws/install/robotnik_perception_msgs/lib:/home/hima/bachelors/rbkairos_ws/install/robotnik_navigation_msgs/lib:/home/hima/bachelors/rbkairos_ws/install/robotnik_io_msgs/lib:/home/hima/bachelors/rbkairos_ws/install/robotnik_controllers_msgs/lib:/home/hima/bachelors/rbkairos_ws/install/robotnik_battery_msgs/lib:/home/hima/bachelors/rbkairos_ws/install/csm/lib:/usr/lib/x86_64-linux-gnu/gazebo-11/plugins:/opt/ros/humble/opt/rviz_ogre_vendor/lib:/opt/ros/humble/lib/x86_64-linux-gnu:/opt/ros/humble/lib /usr/bin/cmake --install /home/hima/bachelors/rbkairos_ws/build/robotnik_io_msgs
