[0.063s] Invoking command in '/home/hima/bachelors/rbkairos_ws/build/ros2_laser_scan_matcher': AMENT_PREFIX_PATH=/home/hima/bachelors/rbkairos_ws/install/csm:${AMENT_PREFIX_PATH} CMAKE_PREFIX_PATH=/home/hima/bachelors/rbkairos_ws/install/csm:/opt/ros/humble LD_LIBRARY_PATH=/home/hima/bachelors/rbkairos_ws/install/csm/lib:${LD_LIBRARY_PATH} /usr/bin/cmake --build /home/hima/bachelors/rbkairos_ws/build/ros2_laser_scan_matcher -- -j16 -l16
[0.174s] [100%] Built target laser_scan_matcher
[0.197s] Invoked command in '/home/hima/bachelors/rbkairos_ws/build/ros2_laser_scan_matcher' returned '0': AMENT_PREFIX_PATH=/home/hima/bachelors/rbkairos_ws/install/csm:${AMENT_PREFIX_PATH} CMAKE_PREFIX_PATH=/home/hima/bachelors/rbkairos_ws/install/csm:/opt/ros/humble LD_LIBRARY_PATH=/home/hima/bachelors/rbkairos_ws/install/csm/lib:${LD_LIBRARY_PATH} /usr/bin/cmake --build /home/hima/bachelors/rbkairos_ws/build/ros2_laser_scan_matcher -- -j16 -l16
[0.199s] Invoking command in '/home/hima/bachelors/rbkairos_ws/build/ros2_laser_scan_matcher': AMENT_PREFIX_PATH=/home/hima/bachelors/rbkairos_ws/install/csm:${AMENT_PREFIX_PATH} CMAKE_PREFIX_PATH=/home/hima/bachelors/rbkairos_ws/install/csm:/opt/ros/humble LD_LIBRARY_PATH=/home/hima/bachelors/rbkairos_ws/install/csm/lib:${LD_LIBRARY_PATH} /usr/bin/cmake --install /home/hima/bachelors/rbkairos_ws/build/ros2_laser_scan_matcher
[0.216s] -- Install configuration: ""
[0.217s] -- Up-to-date: /home/hima/bachelors/rbkairos_ws/install/ros2_laser_scan_matcher/lib/ros2_laser_scan_matcher/laser_scan_matcher
[0.217s] -- Up-to-date: /home/hima/bachelors/rbkairos_ws/install/ros2_laser_scan_matcher/share/ament_index/resource_index/package_run_dependencies/ros2_laser_scan_matcher
[0.217s] -- Up-to-date: /home/hima/bachelors/rbkairos_ws/install/ros2_laser_scan_matcher/share/ament_index/resource_index/parent_prefix_path/ros2_laser_scan_matcher
[0.217s] -- Up-to-date: /home/hima/bachelors/rbkairos_ws/install/ros2_laser_scan_matcher/share/ros2_laser_scan_matcher/environment/ament_prefix_path.sh
[0.217s] -- Up-to-date: /home/hima/bachelors/rbkairos_ws/install/ros2_laser_scan_matcher/share/ros2_laser_scan_matcher/environment/ament_prefix_path.dsv
[0.217s] -- Up-to-date: /home/hima/bachelors/rbkairos_ws/install/ros2_laser_scan_matcher/share/ros2_laser_scan_matcher/environment/path.sh
[0.218s] -- Up-to-date: /home/hima/bachelors/rbkairos_ws/install/ros2_laser_scan_matcher/share/ros2_laser_scan_matcher/environment/path.dsv
[0.218s] -- Up-to-date: /home/hima/bachelors/rbkairos_ws/install/ros2_laser_scan_matcher/share/ros2_laser_scan_matcher/local_setup.bash
[0.218s] -- Up-to-date: /home/hima/bachelors/rbkairos_ws/install/ros2_laser_scan_matcher/share/ros2_laser_scan_matcher/local_setup.sh
[0.219s] -- Up-to-date: /home/hima/bachelors/rbkairos_ws/install/ros2_laser_scan_matcher/share/ros2_laser_scan_matcher/local_setup.zsh
[0.219s] -- Up-to-date: /home/hima/bachelors/rbkairos_ws/install/ros2_laser_scan_matcher/share/ros2_laser_scan_matcher/local_setup.dsv
[0.219s] -- Installing: /home/hima/bachelors/rbkairos_ws/install/ros2_laser_scan_matcher/share/ros2_laser_scan_matcher/package.dsv
[0.219s] -- Up-to-date: /home/hima/bachelors/rbkairos_ws/install/ros2_laser_scan_matcher/share/ament_index/resource_index/packages/ros2_laser_scan_matcher
[0.219s] -- Up-to-date: /home/hima/bachelors/rbkairos_ws/install/ros2_laser_scan_matcher/share/ros2_laser_scan_matcher/cmake/ros2_laser_scan_matcherConfig.cmake
[0.219s] -- Up-to-date: /home/hima/bachelors/rbkairos_ws/install/ros2_laser_scan_matcher/share/ros2_laser_scan_matcher/cmake/ros2_laser_scan_matcherConfig-version.cmake
[0.220s] -- Up-to-date: /home/hima/bachelors/rbkairos_ws/install/ros2_laser_scan_matcher/share/ros2_laser_scan_matcher/package.xml
[0.222s] Invoked command in '/home/hima/bachelors/rbkairos_ws/build/ros2_laser_scan_matcher' returned '0': AMENT_PREFIX_PATH=/home/hima/bachelors/rbkairos_ws/install/csm:${AMENT_PREFIX_PATH} CMAKE_PREFIX_PATH=/home/hima/bachelors/rbkairos_ws/install/csm:/opt/ros/humble LD_LIBRARY_PATH=/home/hima/bachelors/rbkairos_ws/install/csm/lib:${LD_LIBRARY_PATH} /usr/bin/cmake --install /home/hima/bachelors/rbkairos_ws/build/ros2_laser_scan_matcher
